# Logfile created on 2026-03-25 23:00:47 +0100 by logger.rb/v1.5.3
2026-03-25 23:00:47 +0100: Memory Usage (437624K) : Starting running IHP-SG13G2 KLayout DRC runset on /foss/designs/Design/xschem/IHP__OPA2251/OPA2251-main/layout/klayout/HPA_project_wrapper.gds
2026-03-25 23:00:47 +0100: Memory Usage (437624K) : Ruby Version for klayout: 3.2.3
2026-03-25 23:00:48 +0100: Memory Usage (452248K) : Loading database to memory is complete.
2026-03-25 23:00:48 +0100: Memory Usage (453080K) : IHP-SG13G2 KLayout DRC runset output at: /foss/designs/Design/xschem/IHP__OPA2251/OPA2251-main/layout/klayout/drc_run_HPA/HPA_project_wrapper_HPA_topmetal2.lyrdb
2026-03-25 23:00:48 +0100: Memory Usage (453080K) : Evaluate switches.
2026-03-25 23:00:48 +0100: Memory Usage (453080K) : tables selected: topmetal2
2026-03-25 23:00:48 +0100: Memory Usage (453080K) : KLayout will use 4 thread(s) in tiled mode.
2026-03-25 23:00:48 +0100: Memory Usage (453080K) : flat mode is enabled.
2026-03-25 23:00:48 +0100: Memory Usage (453080K) : FEOL enabled: false
2026-03-25 23:00:48 +0100: Memory Usage (453080K) : BEOL enabled: false
2026-03-25 23:00:48 +0100: Memory Usage (453080K) : OFFGRID enabled: true
2026-03-25 23:00:48 +0100: Memory Usage (453080K) : PIN enabled: false
2026-03-25 23:00:48 +0100: Memory Usage (453080K) : FORBIDDEN enabled: false
2026-03-25 23:00:48 +0100: Memory Usage (453080K) : RECOMMENDED enabled: true
2026-03-25 23:00:48 +0100: Memory Usage (453080K) : PreCheck DRC enabled: false
2026-03-25 23:00:48 +0100: Memory Usage (453080K) : CONNECTIVITY_RULES enabled: false.
2026-03-25 23:00:48 +0100: Memory Usage (453080K) : Read in polygons from layers.
2026-03-25 23:00:48 +0100: Memory Usage (455292K) : activ_drw has 198 polygons
2026-03-25 23:00:48 +0100: Memory Usage (455292K) : activ_pin has 0 polygons
2026-03-25 23:00:48 +0100: Memory Usage (455292K) : activ_mask has 0 polygons
2026-03-25 23:00:48 +0100: Memory Usage (455292K) : activ_filler has 0 polygons
2026-03-25 23:00:48 +0100: Memory Usage (455292K) : activ_nofill has 0 polygons
2026-03-25 23:00:48 +0100: Memory Usage (455292K) : activ_opc has 0 polygons
2026-03-25 23:00:48 +0100: Memory Usage (455292K) : activ_iopc has 0 polygons
2026-03-25 23:00:48 +0100: Memory Usage (455292K) : activ_noqrc has 0 polygons
2026-03-25 23:00:48 +0100: Memory Usage (455292K) : biwind_drw has 0 polygons
2026-03-25 23:00:48 +0100: Memory Usage (455292K) : biwind_opc has 0 polygons
2026-03-25 23:00:48 +0100: Memory Usage (455292K) : pemwind_drw has 0 polygons
2026-03-25 23:00:48 +0100: Memory Usage (455672K) : gatpoly_drw has 108 polygons
2026-03-25 23:00:48 +0100: Memory Usage (455672K) : gatpoly_pin has 124 polygons
2026-03-25 23:00:48 +0100: Memory Usage (455672K) : gatpoly_filler has 0 polygons
2026-03-25 23:00:48 +0100: Memory Usage (455672K) : gatpoly_nofill has 0 polygons
2026-03-25 23:00:48 +0100: Memory Usage (455672K) : gatpoly_opc has 0 polygons
2026-03-25 23:00:48 +0100: Memory Usage (455672K) : gatpoly_iopc has 0 polygons
2026-03-25 23:00:48 +0100: Memory Usage (455672K) : gatpoly_noqrc has 0 polygons
2026-03-25 23:00:48 +0100: Memory Usage (460424K) : cont_drw has 16803 polygons
2026-03-25 23:00:48 +0100: Memory Usage (460424K) : cont_opc has 0 polygons
2026-03-25 23:00:48 +0100: Memory Usage (460424K) : nsd_drw has 0 polygons
2026-03-25 23:00:48 +0100: Memory Usage (460424K) : nsd_block has 0 polygons
2026-03-25 23:00:48 +0100: Memory Usage (460424K) : metal1_drw has 390 polygons
2026-03-25 23:00:48 +0100: Memory Usage (460424K) : metal1_pin has 515 polygons
2026-03-25 23:00:48 +0100: Memory Usage (460424K) : metal1_mask has 0 polygons
2026-03-25 23:00:48 +0100: Memory Usage (460424K) : metal1_filler has 0 polygons
2026-03-25 23:00:48 +0100: Memory Usage (460424K) : metal1_nofill has 0 polygons
2026-03-25 23:00:48 +0100: Memory Usage (460424K) : metal1_slit has 0 polygons
2026-03-25 23:00:48 +0100: Memory Usage (460424K) : metal1_text has 0 polygons
2026-03-25 23:00:48 +0100: Memory Usage (460424K) : metal1_opc has 0 polygons
2026-03-25 23:00:48 +0100: Memory Usage (460424K) : metal1_noqrc has 0 polygons
2026-03-25 23:00:48 +0100: Memory Usage (460424K) : metal1_res has 0 polygons
2026-03-25 23:00:48 +0100: Memory Usage (460424K) : metal1_iprobe has 0 polygons
2026-03-25 23:00:48 +0100: Memory Usage (460424K) : metal1_diffprb has 0 polygons
2026-03-25 23:00:48 +0100: Memory Usage (460424K) : passiv_drw has 0 polygons
2026-03-25 23:00:48 +0100: Memory Usage (460424K) : passiv_pin has 0 polygons
2026-03-25 23:00:48 +0100: Memory Usage (460424K) : passiv_sbump has 0 polygons
2026-03-25 23:00:48 +0100: Memory Usage (460424K) : passiv_pillar has 0 polygons
2026-03-25 23:00:48 +0100: Memory Usage (460424K) : passiv_pdl has 0 polygons
2026-03-25 23:00:48 +0100: Memory Usage (460424K) : metal2_drw has 95 polygons
2026-03-25 23:00:48 +0100: Memory Usage (460424K) : metal2_pin has 11 polygons
2026-03-25 23:00:48 +0100: Memory Usage (460424K) : metal2_mask has 0 polygons
2026-03-25 23:00:48 +0100: Memory Usage (460424K) : metal2_filler has 0 polygons
2026-03-25 23:00:48 +0100: Memory Usage (460424K) : metal2_nofill has 0 polygons
2026-03-25 23:00:48 +0100: Memory Usage (460424K) : metal2_slit has 0 polygons
2026-03-25 23:00:48 +0100: Memory Usage (460424K) : metal2_text has 0 polygons
2026-03-25 23:00:48 +0100: Memory Usage (460424K) : metal2_opc has 0 polygons
2026-03-25 23:00:48 +0100: Memory Usage (460424K) : metal2_noqrc has 0 polygons
2026-03-25 23:00:48 +0100: Memory Usage (460424K) : metal2_res has 0 polygons
2026-03-25 23:00:48 +0100: Memory Usage (460424K) : metal2_iprobe has 0 polygons
2026-03-25 23:00:48 +0100: Memory Usage (460424K) : metal2_diffprb has 0 polygons
2026-03-25 23:00:48 +0100: Memory Usage (460424K) : baspoly_drw has 0 polygons
2026-03-25 23:00:48 +0100: Memory Usage (460424K) : baspoly_pin has 0 polygons
2026-03-25 23:00:48 +0100: Memory Usage (460424K) : psd_drw has 24 polygons
2026-03-25 23:00:48 +0100: Memory Usage (460424K) : nldb_drw has 0 polygons
2026-03-25 23:00:48 +0100: Memory Usage (460424K) : digibnd_drw has 0 polygons
2026-03-25 23:00:48 +0100: Memory Usage (462388K) : via1_drw has 9590 polygons
2026-03-25 23:00:48 +0100: Memory Usage (462388K) : backmetal1_drw has 0 polygons
2026-03-25 23:00:48 +0100: Memory Usage (462388K) : backmetal1_pin has 0 polygons
2026-03-25 23:00:48 +0100: Memory Usage (462388K) : backmetal1_mask has 0 polygons
2026-03-25 23:00:48 +0100: Memory Usage (462388K) : backmetal1_filler has 0 polygons
2026-03-25 23:00:48 +0100: Memory Usage (462388K) : backmetal1_nofill has 0 polygons
2026-03-25 23:00:48 +0100: Memory Usage (462388K) : backmetal1_slit has 0 polygons
2026-03-25 23:00:48 +0100: Memory Usage (462388K) : backmetal1_text has 0 polygons
2026-03-25 23:00:48 +0100: Memory Usage (462388K) : backmetal1_opc has 0 polygons
2026-03-25 23:00:48 +0100: Memory Usage (462388K) : backmetal1_noqrc has 0 polygons
2026-03-25 23:00:48 +0100: Memory Usage (462388K) : backmetal1_res has 0 polygons
2026-03-25 23:00:48 +0100: Memory Usage (462388K) : backmetal1_iprobe has 0 polygons
2026-03-25 23:00:48 +0100: Memory Usage (462388K) : backmetal1_diffprb has 0 polygons
2026-03-25 23:00:48 +0100: Memory Usage (462388K) : backpassiv_drw has 0 polygons
2026-03-25 23:00:48 +0100: Memory Usage (462388K) : res_drw has 0 polygons
2026-03-25 23:00:48 +0100: Memory Usage (462388K) : sram_drw has 0 polygons
2026-03-25 23:00:48 +0100: Memory Usage (462388K) : trans_drw has 0 polygons
2026-03-25 23:00:48 +0100: Memory Usage (462388K) : ind_drw has 0 polygons
2026-03-25 23:00:48 +0100: Memory Usage (462388K) : ind_pin has 0 polygons
2026-03-25 23:00:48 +0100: Memory Usage (462388K) : ind_text has 0 polygons
2026-03-25 23:00:48 +0100: Memory Usage (462652K) : salblock_drw has 7 polygons
2026-03-25 23:00:48 +0100: Memory Usage (464236K) : via2_drw has 7995 polygons
2026-03-25 23:00:48 +0100: Memory Usage (464236K) : metal3_drw has 67 polygons
2026-03-25 23:00:48 +0100: Memory Usage (464236K) : metal3_pin has 8 polygons
2026-03-25 23:00:48 +0100: Memory Usage (464236K) : metal3_mask has 0 polygons
2026-03-25 23:00:48 +0100: Memory Usage (464236K) : metal3_filler has 0 polygons
2026-03-25 23:00:48 +0100: Memory Usage (464236K) : metal3_nofill has 0 polygons
2026-03-25 23:00:48 +0100: Memory Usage (464236K) : metal3_slit has 0 polygons
2026-03-25 23:00:48 +0100: Memory Usage (464236K) : metal3_text has 0 polygons
2026-03-25 23:00:48 +0100: Memory Usage (464236K) : metal3_opc has 0 polygons
2026-03-25 23:00:48 +0100: Memory Usage (464236K) : metal3_noqrc has 0 polygons
2026-03-25 23:00:48 +0100: Memory Usage (464236K) : metal3_res has 0 polygons
2026-03-25 23:00:48 +0100: Memory Usage (464500K) : metal3_iprobe has 0 polygons
2026-03-25 23:00:48 +0100: Memory Usage (464500K) : metal3_diffprb has 0 polygons
2026-03-25 23:00:48 +0100: Memory Usage (465028K) : nwell_drw has 5 polygons
2026-03-25 23:00:48 +0100: Memory Usage (465028K) : nwell_pin has 0 polygons
2026-03-25 23:00:48 +0100: Memory Usage (465028K) : nbulay_drw has 0 polygons
2026-03-25 23:00:48 +0100: Memory Usage (465028K) : nbulay_pin has 0 polygons
2026-03-25 23:00:48 +0100: Memory Usage (465028K) : nbulay_block has 0 polygons
2026-03-25 23:00:48 +0100: Memory Usage (465028K) : emwind_drw has 0 polygons
2026-03-25 23:00:48 +0100: Memory Usage (465028K) : emwind_opc has 0 polygons
2026-03-25 23:00:48 +0100: Memory Usage (465028K) : deepco_drw has 0 polygons
2026-03-25 23:00:48 +0100: Memory Usage (465292K) : deepco_drw has 0 polygons
2026-03-25 23:00:48 +0100: Memory Usage (465292K) : mim_drw has 2 polygons
2026-03-25 23:00:48 +0100: Memory Usage (465556K) : edgeseal_drw has 0 polygons
2026-03-25 23:00:48 +0100: Memory Usage (465556K) : edgeseal_bound has 0 polygons
2026-03-25 23:00:48 +0100: Memory Usage (465820K) : substrate_drw has 723 polygons
2026-03-25 23:00:48 +0100: Memory Usage (465820K) : substrate_text has 0 polygons
2026-03-25 23:00:48 +0100: Memory Usage (465820K) : dfpad_drw has 0 polygons
2026-03-25 23:00:48 +0100: Memory Usage (466084K) : dfpad_pillar has 0 polygons
2026-03-25 23:00:48 +0100: Memory Usage (466084K) : dfpad_sbump has 0 polygons
2026-03-25 23:00:48 +0100: Memory Usage (466348K) : thickgateox_drw has 0 polygons
2026-03-25 23:00:48 +0100: Memory Usage (466348K) : pldb_drw has 0 polygons
2026-03-25 23:00:48 +0100: Memory Usage (466348K) : pwell_drw has 0 polygons
2026-03-25 23:00:48 +0100: Memory Usage (466612K) : pwell_pin has 0 polygons
2026-03-25 23:00:48 +0100: Memory Usage (466612K) : pwell_block has 0 polygons
2026-03-25 23:00:48 +0100: Memory Usage (466876K) : ic_drw has 0 polygons
2026-03-25 23:00:48 +0100: Memory Usage (468724K) : via3_drw has 7005 polygons
2026-03-25 23:00:48 +0100: Memory Usage (468724K) : metal4_drw has 40 polygons
2026-03-25 23:00:48 +0100: Memory Usage (468724K) : metal4_pin has 3 polygons
2026-03-25 23:00:48 +0100: Memory Usage (468724K) : metal4_mask has 0 polygons
2026-03-25 23:00:48 +0100: Memory Usage (468724K) : metal4_filler has 0 polygons
2026-03-25 23:00:48 +0100: Memory Usage (468724K) : metal4_nofill has 0 polygons
2026-03-25 23:00:48 +0100: Memory Usage (468724K) : metal4_slit has 0 polygons
2026-03-25 23:00:48 +0100: Memory Usage (468724K) : metal4_text has 0 polygons
2026-03-25 23:00:48 +0100: Memory Usage (468724K) : metal4_opc has 0 polygons
2026-03-25 23:00:48 +0100: Memory Usage (468724K) : metal4_noqrc has 0 polygons
2026-03-25 23:00:48 +0100: Memory Usage (468724K) : metal4_res has 0 polygons
2026-03-25 23:00:48 +0100: Memory Usage (468724K) : metal4_iprobe has 0 polygons
2026-03-25 23:00:48 +0100: Memory Usage (468988K) : metal4_diffprb has 0 polygons
2026-03-25 23:00:48 +0100: Memory Usage (469252K) : heattrans_drw has 421 polygons
2026-03-25 23:00:48 +0100: Memory Usage (469516K) : heatres_drw has 7 polygons
2026-03-25 23:00:48 +0100: Memory Usage (469516K) : pempoly_drw has 0 polygons
2026-03-25 23:00:48 +0100: Memory Usage (469516K) : fbe_drw has 0 polygons
2026-03-25 23:00:48 +0100: Memory Usage (469516K) : empoly_drw has 0 polygons
2026-03-25 23:00:48 +0100: Memory Usage (469516K) : ldmos_drw has 0 polygons
2026-03-25 23:00:48 +0100: Memory Usage (469780K) : pbiwind_drw has 0 polygons
2026-03-25 23:00:48 +0100: Memory Usage (469780K) : digisub_drw has 0 polygons
2026-03-25 23:00:48 +0100: Memory Usage (469780K) : nodrc_drw has 0 polygons
2026-03-25 23:00:48 +0100: Memory Usage (469780K) : text_drw has 1107 polygons
2026-03-25 23:00:48 +0100: Memory Usage (469780K) : via4_drw has 6898 polygons
2026-03-25 23:00:48 +0100: Memory Usage (469780K) : metal5_drw has 32 polygons
2026-03-25 23:00:48 +0100: Memory Usage (469780K) : metal5_pin has 5 polygons
2026-03-25 23:00:48 +0100: Memory Usage (469780K) : metal5_mask has 0 polygons
2026-03-25 23:00:48 +0100: Memory Usage (469780K) : metal5_filler has 0 polygons
2026-03-25 23:00:48 +0100: Memory Usage (469780K) : metal5_nofill has 0 polygons
2026-03-25 23:00:48 +0100: Memory Usage (469780K) : metal5_slit has 0 polygons
2026-03-25 23:00:48 +0100: Memory Usage (469780K) : metal5_text has 1 polygons
2026-03-25 23:00:48 +0100: Memory Usage (469780K) : metal5_opc has 0 polygons
2026-03-25 23:00:48 +0100: Memory Usage (469780K) : metal5_noqrc has 0 polygons
2026-03-25 23:00:48 +0100: Memory Usage (469780K) : metal5_res has 0 polygons
2026-03-25 23:00:48 +0100: Memory Usage (469780K) : metal5_iprobe has 0 polygons
2026-03-25 23:00:48 +0100: Memory Usage (469780K) : metal5_diffprb has 0 polygons
2026-03-25 23:00:48 +0100: Memory Usage (469780K) : radhard_drw has 0 polygons
2026-03-25 23:00:48 +0100: Memory Usage (469780K) : memcap_drw has 0 polygons
2026-03-25 23:00:48 +0100: Memory Usage (469780K) : varicap_drw has 0 polygons
2026-03-25 23:00:48 +0100: Memory Usage (469780K) : flash_drw has 0 polygons
2026-03-25 23:00:48 +0100: Memory Usage (469780K) : intbondvia_drw has 0 polygons
2026-03-25 23:00:48 +0100: Memory Usage (469780K) : intbondmet_drw has 0 polygons
2026-03-25 23:00:48 +0100: Memory Usage (469780K) : devbondvia_drw has 0 polygons
2026-03-25 23:00:48 +0100: Memory Usage (469780K) : devbondmet_drw has 0 polygons
2026-03-25 23:00:48 +0100: Memory Usage (469780K) : devtrench_drw has 0 polygons
2026-03-25 23:00:48 +0100: Memory Usage (469780K) : redist_drw has 0 polygons
2026-03-25 23:00:48 +0100: Memory Usage (469780K) : graphbot_drw has 0 polygons
2026-03-25 23:00:48 +0100: Memory Usage (469780K) : graphtop_drw has 0 polygons
2026-03-25 23:00:48 +0100: Memory Usage (469780K) : antvia1_drw has 0 polygons
2026-03-25 23:00:48 +0100: Memory Usage (469780K) : antmetal2_drw has 0 polygons
2026-03-25 23:00:48 +0100: Memory Usage (469780K) : graphcont_drw has 0 polygons
2026-03-25 23:00:48 +0100: Memory Usage (469780K) : siwg_drw has 0 polygons
2026-03-25 23:00:48 +0100: Memory Usage (469780K) : siwg_filler has 0 polygons
2026-03-25 23:00:48 +0100: Memory Usage (469780K) : siwg_nofill has 0 polygons
2026-03-25 23:00:48 +0100: Memory Usage (469780K) : sigrating_drw has 0 polygons
2026-03-25 23:00:49 +0100: Memory Usage (469780K) : singrating_drw has 0 polygons
2026-03-25 23:00:49 +0100: Memory Usage (469780K) : graphpas_drw has 0 polygons
2026-03-25 23:00:49 +0100: Memory Usage (469780K) : emwind3_drw has 0 polygons
2026-03-25 23:00:49 +0100: Memory Usage (469780K) : emwihv3_drw has 0 polygons
2026-03-25 23:00:49 +0100: Memory Usage (469780K) : redbulay_drw has 0 polygons
2026-03-25 23:00:49 +0100: Memory Usage (469780K) : smos_drw has 0 polygons
2026-03-25 23:00:49 +0100: Memory Usage (469780K) : graphpad_drw has 0 polygons
2026-03-25 23:00:49 +0100: Memory Usage (469780K) : polimide_drw has 0 polygons
2026-03-25 23:00:49 +0100: Memory Usage (469780K) : polimide_pin has 0 polygons
2026-03-25 23:00:49 +0100: Memory Usage (469780K) : recog_drw has 0 polygons
2026-03-25 23:00:49 +0100: Memory Usage (469780K) : recog_pin has 0 polygons
2026-03-25 23:00:49 +0100: Memory Usage (469780K) : recog_esd has 0 polygons
2026-03-25 23:00:49 +0100: Memory Usage (469780K) : recog_diode has 0 polygons
2026-03-25 23:00:49 +0100: Memory Usage (469780K) : recog_tsv has 0 polygons
2026-03-25 23:00:49 +0100: Memory Usage (469780K) : recog_iprobe has 0 polygons
2026-03-25 23:00:49 +0100: Memory Usage (469780K) : recog_diffprb has 0 polygons
2026-03-25 23:00:49 +0100: Memory Usage (469780K) : recog_pillar has 0 polygons
2026-03-25 23:00:49 +0100: Memory Usage (469780K) : recog_sbump has 0 polygons
2026-03-25 23:00:49 +0100: Memory Usage (469780K) : recog_otp has 0 polygons
2026-03-25 23:00:49 +0100: Memory Usage (469780K) : recog_pdiode has 0 polygons
2026-03-25 23:00:49 +0100: Memory Usage (469780K) : recog_mom has 0 polygons
2026-03-25 23:00:49 +0100: Memory Usage (469780K) : recog_pcm has 0 polygons
2026-03-25 23:00:49 +0100: Memory Usage (469780K) : colopen_drw has 0 polygons
2026-03-25 23:00:49 +0100: Memory Usage (469780K) : graphmetal1_drw has 0 polygons
2026-03-25 23:00:49 +0100: Memory Usage (469780K) : graphmetal1_filler has 0 polygons
2026-03-25 23:00:49 +0100: Memory Usage (469780K) : graphmetal1_nofill has 0 polygons
2026-03-25 23:00:49 +0100: Memory Usage (469780K) : graphmetal1_slit has 0 polygons
2026-03-25 23:00:49 +0100: Memory Usage (469780K) : graphmetal1_opc has 0 polygons
2026-03-25 23:00:49 +0100: Memory Usage (469780K) : graphmet1l_drw has 0 polygons
2026-03-25 23:00:49 +0100: Memory Usage (469780K) : graphmet1l_filler has 0 polygons
2026-03-25 23:00:49 +0100: Memory Usage (469780K) : graphmet1l_nofill has 0 polygons
2026-03-25 23:00:49 +0100: Memory Usage (469780K) : graphmet1l_slit has 0 polygons
2026-03-25 23:00:49 +0100: Memory Usage (469780K) : graphmet1l_opc has 0 polygons
2026-03-25 23:00:49 +0100: Memory Usage (469780K) : extblock_drw has 5 polygons
2026-03-25 23:00:49 +0100: Memory Usage (469780K) : nldd_drw has 0 polygons
2026-03-25 23:00:49 +0100: Memory Usage (469780K) : pldd_drw has 0 polygons
2026-03-25 23:00:49 +0100: Memory Usage (469780K) : next_drw has 0 polygons
2026-03-25 23:00:49 +0100: Memory Usage (469780K) : pext_drw has 0 polygons
2026-03-25 23:00:49 +0100: Memory Usage (469780K) : nexthv_drw has 0 polygons
2026-03-25 23:00:49 +0100: Memory Usage (469780K) : pexthv_drw has 0 polygons
2026-03-25 23:00:49 +0100: Memory Usage (469780K) : graphgate_drw has 0 polygons
2026-03-25 23:00:49 +0100: Memory Usage (469780K) : sinwg_drw has 0 polygons
2026-03-25 23:00:49 +0100: Memory Usage (469780K) : sinwg_filler has 0 polygons
2026-03-25 23:00:49 +0100: Memory Usage (469780K) : sinwg_nofill has 0 polygons
2026-03-25 23:00:49 +0100: Memory Usage (469780K) : mempad_drw has 0 polygons
2026-03-25 23:00:49 +0100: Memory Usage (469780K) : topvia1_drw has 1720 polygons
2026-03-25 23:00:49 +0100: Memory Usage (469780K) : topmetal1_drw has 13 polygons
2026-03-25 23:00:49 +0100: Memory Usage (469780K) : topmetal1_pin has 15 polygons
2026-03-25 23:00:49 +0100: Memory Usage (469780K) : topmetal1_mask has 0 polygons
2026-03-25 23:00:49 +0100: Memory Usage (469780K) : topmetal1_filler has 0 polygons
2026-03-25 23:00:49 +0100: Memory Usage (469780K) : topmetal1_nofill has 0 polygons
2026-03-25 23:00:49 +0100: Memory Usage (469780K) : topmetal1_slit has 0 polygons
2026-03-25 23:00:49 +0100: Memory Usage (469780K) : topmetal1_text has 5 polygons
2026-03-25 23:00:49 +0100: Memory Usage (469780K) : topmetal1_noqrc has 0 polygons
2026-03-25 23:00:49 +0100: Memory Usage (469780K) : topmetal1_res has 0 polygons
2026-03-25 23:00:49 +0100: Memory Usage (469780K) : topmetal1_iprobe has 0 polygons
2026-03-25 23:00:49 +0100: Memory Usage (469780K) : topmetal1_diffprb has 0 polygons
2026-03-25 23:00:49 +0100: Memory Usage (469780K) : inldpwl_drw has 0 polygons
2026-03-25 23:00:49 +0100: Memory Usage (469780K) : polyres_drw has 7 polygons
2026-03-25 23:00:49 +0100: Memory Usage (469780K) : polyres_pin has 0 polygons
2026-03-25 23:00:49 +0100: Memory Usage (469780K) : vmim_drw has 578 polygons
2026-03-25 23:00:49 +0100: Memory Usage (469780K) : nbulaycut_drw has 0 polygons
2026-03-25 23:00:49 +0100: Memory Usage (469780K) : antmetal1_drw has 0 polygons
2026-03-25 23:00:49 +0100: Memory Usage (469780K) : topvia2_drw has 916 polygons
2026-03-25 23:00:49 +0100: Memory Usage (469780K) : topmetal2_drw has 4 polygons
2026-03-25 23:00:49 +0100: Memory Usage (469780K) : topmetal2_pin has 2 polygons
2026-03-25 23:00:49 +0100: Memory Usage (469780K) : topmetal2_mask has 0 polygons
2026-03-25 23:00:49 +0100: Memory Usage (469780K) : topmetal2_filler has 0 polygons
2026-03-25 23:00:49 +0100: Memory Usage (469780K) : topmetal2_nofill has 0 polygons
2026-03-25 23:00:49 +0100: Memory Usage (469780K) : topmetal2_slit has 0 polygons
2026-03-25 23:00:49 +0100: Memory Usage (469780K) : topmetal2_text has 2 polygons
2026-03-25 23:00:49 +0100: Memory Usage (469780K) : topmetal2_noqrc has 0 polygons
2026-03-25 23:00:49 +0100: Memory Usage (469780K) : topmetal2_res has 0 polygons
2026-03-25 23:00:49 +0100: Memory Usage (469780K) : topmetal2_iprobe has 0 polygons
2026-03-25 23:00:49 +0100: Memory Usage (469780K) : topmetal2_diffprb has 0 polygons
2026-03-25 23:00:49 +0100: Memory Usage (469780K) : snsring_drw has 0 polygons
2026-03-25 23:00:49 +0100: Memory Usage (469780K) : sensor_drw has 0 polygons
2026-03-25 23:00:49 +0100: Memory Usage (469780K) : snsarms_drw has 0 polygons
2026-03-25 23:00:49 +0100: Memory Usage (469780K) : snscmosvia_drw has 0 polygons
2026-03-25 23:00:49 +0100: Memory Usage (469780K) : colwind_drw has 0 polygons
2026-03-25 23:00:49 +0100: Memory Usage (469780K) : flm_drw has 0 polygons
2026-03-25 23:00:49 +0100: Memory Usage (469780K) : hafniumox_drw has 0 polygons
2026-03-25 23:00:49 +0100: Memory Usage (469780K) : memvia_drw has 0 polygons
2026-03-25 23:00:49 +0100: Memory Usage (469780K) : thinfilmres_drw has 0 polygons
2026-03-25 23:00:49 +0100: Memory Usage (469780K) : rfmem_drw has 0 polygons
2026-03-25 23:00:49 +0100: Memory Usage (469780K) : norcx_drw has 0 polygons
2026-03-25 23:00:49 +0100: Memory Usage (469780K) : norcx_m2m3 has 0 polygons
2026-03-25 23:00:49 +0100: Memory Usage (469780K) : norcx_m2m4 has 0 polygons
2026-03-25 23:00:49 +0100: Memory Usage (470044K) : norcx_m2m5 has 0 polygons
2026-03-25 23:00:49 +0100: Memory Usage (470044K) : norcx_m2tm1 has 0 polygons
2026-03-25 23:00:49 +0100: Memory Usage (470308K) : norcx_m2tm2 has 0 polygons
2026-03-25 23:00:49 +0100: Memory Usage (470308K) : norcx_m3m4 has 0 polygons
2026-03-25 23:00:49 +0100: Memory Usage (470308K) : norcx_m3m5 has 0 polygons
2026-03-25 23:00:49 +0100: Memory Usage (470572K) : norcx_m3tm1 has 0 polygons
2026-03-25 23:00:49 +0100: Memory Usage (470572K) : norcx_m3tm2 has 0 polygons
2026-03-25 23:00:49 +0100: Memory Usage (470836K) : norcx_m4m5 has 0 polygons
2026-03-25 23:00:49 +0100: Memory Usage (470836K) : norcx_m4tm1 has 0 polygons
2026-03-25 23:00:49 +0100: Memory Usage (470836K) : norcx_m4tm2 has 0 polygons
2026-03-25 23:00:49 +0100: Memory Usage (471100K) : norcx_m5tm1 has 0 polygons
2026-03-25 23:00:49 +0100: Memory Usage (471100K) : norcx_m5tm2 has 0 polygons
2026-03-25 23:00:49 +0100: Memory Usage (471364K) : norcx_tm1tm2 has 0 polygons
2026-03-25 23:00:49 +0100: Memory Usage (471364K) : norcx_m1sub has 0 polygons
2026-03-25 23:00:49 +0100: Memory Usage (471364K) : norcx_m2sub has 0 polygons
2026-03-25 23:00:49 +0100: Memory Usage (471696K) : norcx_m3sub has 0 polygons
2026-03-25 23:00:49 +0100: Memory Usage (471696K) : norcx_m4sub has 0 polygons
2026-03-25 23:00:49 +0100: Memory Usage (471956K) : norcx_m5sub has 0 polygons
2026-03-25 23:00:49 +0100: Memory Usage (471956K) : norcx_tm1sub has 0 polygons
2026-03-25 23:00:49 +0100: Memory Usage (471956K) : norcx_tm2sub has 0 polygons
2026-03-25 23:00:49 +0100: Memory Usage (472220K) : snsbotvia_drw has 0 polygons
2026-03-25 23:00:49 +0100: Memory Usage (472220K) : snstopvia_drw has 0 polygons
2026-03-25 23:00:49 +0100: Memory Usage (472484K) : deepvia_drw has 0 polygons
2026-03-25 23:00:49 +0100: Memory Usage (472484K) : fgetch_drw has 0 polygons
2026-03-25 23:00:49 +0100: Memory Usage (472484K) : ctrgat_drw has 0 polygons
2026-03-25 23:00:49 +0100: Memory Usage (472748K) : fgimp_drw has 0 polygons
2026-03-25 23:00:49 +0100: Memory Usage (472748K) : emwihv_drw has 0 polygons
2026-03-25 23:00:49 +0100: Memory Usage (472912K) : lbe_drw has 0 polygons
2026-03-25 23:00:49 +0100: Memory Usage (473172K) : alcustop_drw has 0 polygons
2026-03-25 23:00:49 +0100: Memory Usage (473172K) : nometfiller_drw has 0 polygons
2026-03-25 23:00:49 +0100: Memory Usage (473172K) : prboundary_drw has 0 polygons
2026-03-25 23:00:49 +0100: Memory Usage (473436K) : exchange0_drw has 0 polygons
2026-03-25 23:00:49 +0100: Memory Usage (473436K) : exchange0_pin has 0 polygons
2026-03-25 23:00:49 +0100: Memory Usage (473436K) : exchange0_text has 0 polygons
2026-03-25 23:00:49 +0100: Memory Usage (473700K) : exchange1_drw has 0 polygons
2026-03-25 23:00:49 +0100: Memory Usage (473700K) : exchange1_pin has 0 polygons
2026-03-25 23:00:49 +0100: Memory Usage (473700K) : exchange1_text has 0 polygons
2026-03-25 23:00:49 +0100: Memory Usage (473964K) : exchange2_drw has 0 polygons
2026-03-25 23:00:49 +0100: Memory Usage (474072K) : exchange2_pin has 0 polygons
2026-03-25 23:00:49 +0100: Memory Usage (474072K) : exchange2_text has 0 polygons
2026-03-25 23:00:49 +0100: Memory Usage (474072K) : exchange3_drw has 0 polygons
2026-03-25 23:00:49 +0100: Memory Usage (474072K) : exchange3_pin has 0 polygons
2026-03-25 23:00:49 +0100: Memory Usage (474072K) : exchange3_text has 0 polygons
2026-03-25 23:00:49 +0100: Memory Usage (474072K) : exchange4_drw has 0 polygons
2026-03-25 23:00:49 +0100: Memory Usage (474072K) : exchange4_pin has 0 polygons
2026-03-25 23:00:49 +0100: Memory Usage (474072K) : exchange4_text has 0 polygons
2026-03-25 23:00:49 +0100: Memory Usage (474072K) : isonwell_drw has 0 polygons
2026-03-25 23:00:49 +0100: Memory Usage (474072K) : Total no. of polygons in the design is 55451
2026-03-25 23:00:49 +0100: Memory Usage (474072K) : Loaded TECH DRC rules values from /foss/pdks/ihp-sg13g2/libs.tech/klayout/python/sg13g2_pycell_lib/sg13g2_tech_mod.json
2026-03-25 23:00:49 +0100: Memory Usage (474072K) : Loaded default DRC rules values from /foss/pdks/ihp-sg13g2/libs.tech/klayout/tech/drc/rule_decks/sg13g2_tech_default.json
2026-03-25 23:00:49 +0100: Memory Usage (474072K) : The following rules values were missing in tech json and default values were used:
2026-03-25 23:00:49 +0100: Memory Usage (474072K) :   - Cnt_c_digibnd
2026-03-25 23:00:49 +0100: Memory Usage (474072K) : Total area of the design is 54805.149724999996 um^2.
2026-03-25 23:00:49 +0100: Memory Usage (474072K) : The design dimensions are 309.90500000000003 µm * 176.845 µm.
2026-03-25 23:00:49 +0100: Memory Usage (474072K) : Starting general IHP-SG13G2 derivations.
2026-03-25 23:00:49 +0100: Memory Usage (474072K) : Starting Pwell derivations
2026-03-25 23:00:49 +0100: Memory Usage (474072K) : Starting IHP-SG13G2 DRC rules.
2026-03-25 23:00:49 +0100: Memory Usage (474072K) : Starting 5.25. TopMetal2 table
2026-03-25 23:00:49 +0100: Memory Usage (474072K) : Executing rule TM2.a
2026-03-25 23:00:49 +0100: Memory Usage (474072K) : Executing rule TM2.b
2026-03-25 23:00:49 +0100: Memory Usage (475216K) : Executing rule TM2.bR
2026-03-25 23:00:49 +0100: Memory Usage (475216K) : KLayout DRC run for tables 'topmetal2' completed in 1.91 seconds
