# Logfile created on 2026-03-25 23:00:38 +0100 by logger.rb/v1.5.3
2026-03-25 23:00:38 +0100: Memory Usage (434456K) : Starting running IHP-SG13G2 Klayout DRC antenna runset on /foss/designs/Design/xschem/IHP__OPA2251/OPA2251-main/layout/klayout/HPA_project_wrapper.gds
2026-03-25 23:00:38 +0100: Memory Usage (434456K) : Ruby Version for klayout: 3.2.3
2026-03-25 23:00:40 +0100: Memory Usage (451508K) : Loading database to memory is complete.
2026-03-25 23:00:40 +0100: Memory Usage (451508K) : IHP-SG13G2 Klayout DRC antenna runset output at: /foss/designs/Design/xschem/IHP__OPA2251/OPA2251-main/layout/klayout/drc_run_HPA/HPA_project_wrapper_HPA_antenna.lyrdb
2026-03-25 23:00:40 +0100: Memory Usage (451508K) : Evaluate switches.
2026-03-25 23:00:40 +0100: Memory Usage (451508K) : Klayout will use  thread(s)
2026-03-25 23:00:40 +0100: Memory Usage (451508K) : flat mode is enabled for antenna table.
2026-03-25 23:00:40 +0100: Memory Usage (451508K) : Read in polygons from layers.
2026-03-25 23:00:40 +0100: Memory Usage (453736K) : activ_drw has 198 polygons
2026-03-25 23:00:40 +0100: Memory Usage (453736K) : gatpoly_drw has 108 polygons
2026-03-25 23:00:40 +0100: Memory Usage (457552K) : cont_drw has 16803 polygons
2026-03-25 23:00:40 +0100: Memory Usage (457552K) : nsd_block has 0 polygons
2026-03-25 23:00:40 +0100: Memory Usage (457552K) : metal1_drw has 390 polygons
2026-03-25 23:00:40 +0100: Memory Usage (457552K) : metal2_drw has 95 polygons
2026-03-25 23:00:40 +0100: Memory Usage (457552K) : psd_drw has 24 polygons
2026-03-25 23:00:40 +0100: Memory Usage (457552K) : digisub_drw has 0 polygons
2026-03-25 23:00:40 +0100: Memory Usage (457552K) : via1_drw has 9590 polygons
2026-03-25 23:00:40 +0100: Memory Usage (457552K) : via2_drw has 7995 polygons
2026-03-25 23:00:40 +0100: Memory Usage (457552K) : metal3_drw has 67 polygons
2026-03-25 23:00:40 +0100: Memory Usage (457552K) : nwell_drw has 5 polygons
2026-03-25 23:00:40 +0100: Memory Usage (457552K) : pwell_block has 0 polygons
2026-03-25 23:00:40 +0100: Memory Usage (457552K) : via3_drw has 7005 polygons
2026-03-25 23:00:40 +0100: Memory Usage (457552K) : metal4_drw has 40 polygons
2026-03-25 23:00:40 +0100: Memory Usage (457552K) : via4_drw has 6898 polygons
2026-03-25 23:00:40 +0100: Memory Usage (457552K) : metal5_drw has 32 polygons
2026-03-25 23:00:40 +0100: Memory Usage (457552K) : recog_diode has 0 polygons
2026-03-25 23:00:40 +0100: Memory Usage (457552K) : recog_esd has 0 polygons
2026-03-25 23:00:40 +0100: Memory Usage (457552K) : topvia1_drw has 1720 polygons
2026-03-25 23:00:40 +0100: Memory Usage (457552K) : topmetal1_drw has 13 polygons
2026-03-25 23:00:40 +0100: Memory Usage (457552K) : topvia2_drw has 916 polygons
2026-03-25 23:00:40 +0100: Memory Usage (457552K) : topmetal2_drw has 4 polygons
2026-03-25 23:00:40 +0100: Memory Usage (457552K) : Total no. of polygons in the design is 51903
2026-03-25 23:00:40 +0100: Memory Usage (457552K) : Loaded TECH DRC rules values from /foss/pdks/ihp-sg13g2/libs.tech/klayout/python/sg13g2_pycell_lib/sg13g2_tech_mod.json
2026-03-25 23:00:40 +0100: Memory Usage (457552K) : Loaded default DRC rules values from /foss/pdks/ihp-sg13g2/libs.tech/klayout/tech/drc/rule_decks/sg13g2_tech_default.json
2026-03-25 23:00:40 +0100: Memory Usage (457552K) : The following rules values were missing in tech json and default values were used:
2026-03-25 23:00:40 +0100: Memory Usage (457552K) :   - Cnt_c_digibnd
2026-03-25 23:00:40 +0100: Memory Usage (457552K) : Total area of the design is 54805.149724999996 um^2.
2026-03-25 23:00:40 +0100: Memory Usage (457552K) : The design dimensions are 309.90500000000003 µm * 176.845 µm.
2026-03-25 23:00:40 +0100: Memory Usage (457552K) : Starting general IHP-SG13G2 derivations.
2026-03-25 23:00:40 +0100: Memory Usage (459372K) : Starting IHP-SG13G2 DRC rules.
2026-03-25 23:00:40 +0100: Memory Usage (459372K) : Starting 7.1 Antenna Rules table
2026-03-25 23:00:40 +0100: Memory Usage (460640K) : Executing rule Ant.a
2026-03-25 23:00:40 +0100: Memory Usage (465400K) : Executing rule Ant.c
2026-03-25 23:00:40 +0100: Memory Usage (465400K) : Starting cumulative antenna ratio calculations
2026-03-25 23:00:40 +0100: Memory Usage (465400K) : Evaluating metal1_drw ratio
2026-03-25 23:00:40 +0100: Memory Usage (465400K) : Evaluating via1_drw ratio
2026-03-25 23:00:40 +0100: Memory Usage (466008K) : Evaluating metal2_drw ratio
2026-03-25 23:00:40 +0100: Memory Usage (466536K) : Evaluating via2_drw ratio
2026-03-25 23:00:41 +0100: Memory Usage (466800K) : Evaluating metal3_drw ratio
2026-03-25 23:00:41 +0100: Memory Usage (466800K) : Evaluating via3_drw ratio
2026-03-25 23:00:41 +0100: Memory Usage (467592K) : Evaluating metal4_drw ratio
2026-03-25 23:00:41 +0100: Memory Usage (468384K) : Evaluating via4_drw ratio
2026-03-25 23:00:41 +0100: Memory Usage (469704K) : Evaluating metal5_drw ratio
2026-03-25 23:00:42 +0100: Memory Usage (470760K) : Evaluating topvia1_drw ratio
2026-03-25 23:00:42 +0100: Memory Usage (470760K) : Evaluating topmetal1_drw ratio
2026-03-25 23:00:42 +0100: Memory Usage (471024K) : Evaluating topvia2_drw ratio
2026-03-25 23:00:43 +0100: Memory Usage (471024K) : Evaluating topmetal2_drw ratio
2026-03-25 23:00:43 +0100: Memory Usage (471024K) : Evaluating diode presence
2026-03-25 23:00:43 +0100: Memory Usage (471024K) : Creating base layer with all individual ratios and diode flag
2026-03-25 23:00:43 +0100: Memory Usage (473516K) : Executing rules Ant.b and Ant.e
2026-03-25 23:00:43 +0100: Memory Usage (473516K) : Executing Ant.b_Metal1
2026-03-25 23:00:43 +0100: Memory Usage (473516K) : Executing Ant.e_Metal1
2026-03-25 23:00:43 +0100: Memory Usage (473516K) : Evaluating cumulative ratio after Metal2
2026-03-25 23:00:43 +0100: Memory Usage (473516K) : Executing Ant.b_Metal2
2026-03-25 23:00:43 +0100: Memory Usage (473516K) : Executing Ant.e_Metal2
2026-03-25 23:00:43 +0100: Memory Usage (473516K) : Evaluating cumulative ratio after Metal3
2026-03-25 23:00:43 +0100: Memory Usage (473516K) : Executing Ant.b_Metal3
2026-03-25 23:00:43 +0100: Memory Usage (473516K) : Executing Ant.e_Metal3
2026-03-25 23:00:43 +0100: Memory Usage (473516K) : Evaluating cumulative ratio after Metal4
2026-03-25 23:00:43 +0100: Memory Usage (473516K) : Executing Ant.b_Metal4
2026-03-25 23:00:43 +0100: Memory Usage (473516K) : Executing Ant.e_Metal4
2026-03-25 23:00:43 +0100: Memory Usage (473516K) : Evaluating cumulative ratio after Metal5
2026-03-25 23:00:43 +0100: Memory Usage (473516K) : Executing Ant.b_Metal5
2026-03-25 23:00:43 +0100: Memory Usage (473516K) : Executing Ant.e_Metal5
2026-03-25 23:00:43 +0100: Memory Usage (473516K) : Evaluating cumulative ratio after TopMetal1
2026-03-25 23:00:43 +0100: Memory Usage (473516K) : Executing Ant.b_TopMetal1
2026-03-25 23:00:43 +0100: Memory Usage (473516K) : Executing Ant.e_TopMetal1
2026-03-25 23:00:43 +0100: Memory Usage (473516K) : Evaluating cumulative ratio after TopMetal2
2026-03-25 23:00:43 +0100: Memory Usage (473516K) : Executing Ant.b_TopMetal2
2026-03-25 23:00:43 +0100: Memory Usage (473516K) : Executing Ant.e_TopMetal2
2026-03-25 23:00:43 +0100: Memory Usage (473516K) : Executing rules Ant.d and Ant.f
2026-03-25 23:00:43 +0100: Memory Usage (473516K) : Evaluating cumulative ratio after Via1
2026-03-25 23:00:43 +0100: Memory Usage (473516K) : Executing Ant.d_Via1
2026-03-25 23:00:43 +0100: Memory Usage (473516K) : Executing Ant.f_Via1
2026-03-25 23:00:43 +0100: Memory Usage (473516K) : Evaluating cumulative ratio after Via2
2026-03-25 23:00:43 +0100: Memory Usage (473516K) : Executing Ant.d_Via2
2026-03-25 23:00:43 +0100: Memory Usage (473516K) : Executing Ant.f_Via2
2026-03-25 23:00:43 +0100: Memory Usage (473516K) : Evaluating cumulative ratio after Via3
2026-03-25 23:00:43 +0100: Memory Usage (473516K) : Executing Ant.d_Via3
2026-03-25 23:00:43 +0100: Memory Usage (473516K) : Executing Ant.f_Via3
2026-03-25 23:00:43 +0100: Memory Usage (473516K) : Evaluating cumulative ratio after Via4
2026-03-25 23:00:43 +0100: Memory Usage (473516K) : Executing Ant.d_Via4
2026-03-25 23:00:43 +0100: Memory Usage (473516K) : Executing Ant.f_Via4
2026-03-25 23:00:43 +0100: Memory Usage (473516K) : Evaluating cumulative ratio after TopVia1
2026-03-25 23:00:43 +0100: Memory Usage (473516K) : Executing Ant.d_TopVia1
2026-03-25 23:00:43 +0100: Memory Usage (473516K) : Executing Ant.f_TopVia1
2026-03-25 23:00:43 +0100: Memory Usage (473516K) : Evaluating cumulative ratio after TopVia2
2026-03-25 23:00:43 +0100: Memory Usage (473516K) : Executing Ant.d_TopVia2
2026-03-25 23:00:43 +0100: Memory Usage (473516K) : Executing Ant.f_TopVia2
2026-03-25 23:00:43 +0100: Memory Usage (473516K) : Executing rule Ant.g
2026-03-25 23:00:43 +0100: Memory Usage (473516K) : Executing rule Ant.h
2026-03-25 23:00:43 +0100: Memory Usage (473516K) : Executing rule Ant.i
