# Logfile created on 2026-03-25 23:00:38 +0100 by logger.rb/v1.5.3
2026-03-25 23:00:38 +0100: Memory Usage (437400K) : Starting running IHP-SG13G2 KLayout DRC runset on /foss/designs/Design/xschem/IHP__OPA2251/OPA2251-main/layout/klayout/HPA_project_wrapper.gds
2026-03-25 23:00:38 +0100: Memory Usage (437400K) : Ruby Version for klayout: 3.2.3
2026-03-25 23:00:40 +0100: Memory Usage (451972K) : Loading database to memory is complete.
2026-03-25 23:00:40 +0100: Memory Usage (452852K) : IHP-SG13G2 KLayout DRC runset output at: /foss/designs/Design/xschem/IHP__OPA2251/OPA2251-main/layout/klayout/drc_run_HPA/HPA_project_wrapper_HPA_pwellblock.lyrdb
2026-03-25 23:00:40 +0100: Memory Usage (452852K) : Evaluate switches.
2026-03-25 23:00:40 +0100: Memory Usage (452852K) : tables selected: pwellblock
2026-03-25 23:00:40 +0100: Memory Usage (452852K) : KLayout will use 4 thread(s) in tiled mode.
2026-03-25 23:00:40 +0100: Memory Usage (452852K) : flat mode is enabled.
2026-03-25 23:00:40 +0100: Memory Usage (452852K) : FEOL enabled: false
2026-03-25 23:00:40 +0100: Memory Usage (452852K) : BEOL enabled: false
2026-03-25 23:00:40 +0100: Memory Usage (452852K) : OFFGRID enabled: true
2026-03-25 23:00:40 +0100: Memory Usage (452852K) : PIN enabled: false
2026-03-25 23:00:40 +0100: Memory Usage (452852K) : FORBIDDEN enabled: false
2026-03-25 23:00:40 +0100: Memory Usage (452852K) : RECOMMENDED enabled: true
2026-03-25 23:00:40 +0100: Memory Usage (452852K) : PreCheck DRC enabled: false
2026-03-25 23:00:40 +0100: Memory Usage (452852K) : CONNECTIVITY_RULES enabled: false.
2026-03-25 23:00:40 +0100: Memory Usage (452852K) : Read in polygons from layers.
2026-03-25 23:00:40 +0100: Memory Usage (455064K) : activ_drw has 198 polygons
2026-03-25 23:00:40 +0100: Memory Usage (455064K) : activ_pin has 0 polygons
2026-03-25 23:00:40 +0100: Memory Usage (455064K) : activ_mask has 0 polygons
2026-03-25 23:00:40 +0100: Memory Usage (455064K) : activ_filler has 0 polygons
2026-03-25 23:00:40 +0100: Memory Usage (455064K) : activ_nofill has 0 polygons
2026-03-25 23:00:40 +0100: Memory Usage (455064K) : activ_opc has 0 polygons
2026-03-25 23:00:40 +0100: Memory Usage (455064K) : activ_iopc has 0 polygons
2026-03-25 23:00:40 +0100: Memory Usage (455064K) : activ_noqrc has 0 polygons
2026-03-25 23:00:40 +0100: Memory Usage (455064K) : biwind_drw has 0 polygons
2026-03-25 23:00:40 +0100: Memory Usage (455064K) : biwind_opc has 0 polygons
2026-03-25 23:00:40 +0100: Memory Usage (455064K) : pemwind_drw has 0 polygons
2026-03-25 23:00:40 +0100: Memory Usage (455444K) : gatpoly_drw has 108 polygons
2026-03-25 23:00:40 +0100: Memory Usage (455444K) : gatpoly_pin has 124 polygons
2026-03-25 23:00:40 +0100: Memory Usage (455444K) : gatpoly_filler has 0 polygons
2026-03-25 23:00:40 +0100: Memory Usage (455444K) : gatpoly_nofill has 0 polygons
2026-03-25 23:00:40 +0100: Memory Usage (455444K) : gatpoly_opc has 0 polygons
2026-03-25 23:00:40 +0100: Memory Usage (455444K) : gatpoly_iopc has 0 polygons
2026-03-25 23:00:40 +0100: Memory Usage (455444K) : gatpoly_noqrc has 0 polygons
2026-03-25 23:00:40 +0100: Memory Usage (460196K) : cont_drw has 16803 polygons
2026-03-25 23:00:40 +0100: Memory Usage (460196K) : cont_opc has 0 polygons
2026-03-25 23:00:40 +0100: Memory Usage (460196K) : nsd_drw has 0 polygons
2026-03-25 23:00:40 +0100: Memory Usage (460196K) : nsd_block has 0 polygons
2026-03-25 23:00:40 +0100: Memory Usage (460196K) : metal1_drw has 390 polygons
2026-03-25 23:00:40 +0100: Memory Usage (460196K) : metal1_pin has 515 polygons
2026-03-25 23:00:40 +0100: Memory Usage (460196K) : metal1_mask has 0 polygons
2026-03-25 23:00:40 +0100: Memory Usage (460196K) : metal1_filler has 0 polygons
2026-03-25 23:00:40 +0100: Memory Usage (460196K) : metal1_nofill has 0 polygons
2026-03-25 23:00:40 +0100: Memory Usage (460196K) : metal1_slit has 0 polygons
2026-03-25 23:00:40 +0100: Memory Usage (460196K) : metal1_text has 0 polygons
2026-03-25 23:00:40 +0100: Memory Usage (460196K) : metal1_opc has 0 polygons
2026-03-25 23:00:40 +0100: Memory Usage (460196K) : metal1_noqrc has 0 polygons
2026-03-25 23:00:40 +0100: Memory Usage (460196K) : metal1_res has 0 polygons
2026-03-25 23:00:40 +0100: Memory Usage (460196K) : metal1_iprobe has 0 polygons
2026-03-25 23:00:40 +0100: Memory Usage (460196K) : metal1_diffprb has 0 polygons
2026-03-25 23:00:40 +0100: Memory Usage (460196K) : passiv_drw has 0 polygons
2026-03-25 23:00:40 +0100: Memory Usage (460196K) : passiv_pin has 0 polygons
2026-03-25 23:00:40 +0100: Memory Usage (460196K) : passiv_sbump has 0 polygons
2026-03-25 23:00:40 +0100: Memory Usage (460196K) : passiv_pillar has 0 polygons
2026-03-25 23:00:40 +0100: Memory Usage (460196K) : passiv_pdl has 0 polygons
2026-03-25 23:00:40 +0100: Memory Usage (460196K) : metal2_drw has 95 polygons
2026-03-25 23:00:40 +0100: Memory Usage (460196K) : metal2_pin has 11 polygons
2026-03-25 23:00:40 +0100: Memory Usage (460196K) : metal2_mask has 0 polygons
2026-03-25 23:00:40 +0100: Memory Usage (460196K) : metal2_filler has 0 polygons
2026-03-25 23:00:40 +0100: Memory Usage (460196K) : metal2_nofill has 0 polygons
2026-03-25 23:00:40 +0100: Memory Usage (460196K) : metal2_slit has 0 polygons
2026-03-25 23:00:40 +0100: Memory Usage (460196K) : metal2_text has 0 polygons
2026-03-25 23:00:40 +0100: Memory Usage (460196K) : metal2_opc has 0 polygons
2026-03-25 23:00:40 +0100: Memory Usage (460196K) : metal2_noqrc has 0 polygons
2026-03-25 23:00:40 +0100: Memory Usage (460196K) : metal2_res has 0 polygons
2026-03-25 23:00:40 +0100: Memory Usage (460196K) : metal2_iprobe has 0 polygons
2026-03-25 23:00:40 +0100: Memory Usage (460196K) : metal2_diffprb has 0 polygons
2026-03-25 23:00:40 +0100: Memory Usage (460196K) : baspoly_drw has 0 polygons
2026-03-25 23:00:40 +0100: Memory Usage (460196K) : baspoly_pin has 0 polygons
2026-03-25 23:00:40 +0100: Memory Usage (460196K) : psd_drw has 24 polygons
2026-03-25 23:00:40 +0100: Memory Usage (460196K) : nldb_drw has 0 polygons
2026-03-25 23:00:40 +0100: Memory Usage (460196K) : digibnd_drw has 0 polygons
2026-03-25 23:00:40 +0100: Memory Usage (462216K) : via1_drw has 9590 polygons
2026-03-25 23:00:40 +0100: Memory Usage (462216K) : backmetal1_drw has 0 polygons
2026-03-25 23:00:40 +0100: Memory Usage (462216K) : backmetal1_pin has 0 polygons
2026-03-25 23:00:40 +0100: Memory Usage (462216K) : backmetal1_mask has 0 polygons
2026-03-25 23:00:40 +0100: Memory Usage (462216K) : backmetal1_filler has 0 polygons
2026-03-25 23:00:40 +0100: Memory Usage (462216K) : backmetal1_nofill has 0 polygons
2026-03-25 23:00:40 +0100: Memory Usage (462216K) : backmetal1_slit has 0 polygons
2026-03-25 23:00:40 +0100: Memory Usage (462216K) : backmetal1_text has 0 polygons
2026-03-25 23:00:40 +0100: Memory Usage (462216K) : backmetal1_opc has 0 polygons
2026-03-25 23:00:40 +0100: Memory Usage (462216K) : backmetal1_noqrc has 0 polygons
2026-03-25 23:00:40 +0100: Memory Usage (462216K) : backmetal1_res has 0 polygons
2026-03-25 23:00:40 +0100: Memory Usage (462216K) : backmetal1_iprobe has 0 polygons
2026-03-25 23:00:40 +0100: Memory Usage (462216K) : backmetal1_diffprb has 0 polygons
2026-03-25 23:00:40 +0100: Memory Usage (462216K) : backpassiv_drw has 0 polygons
2026-03-25 23:00:40 +0100: Memory Usage (462216K) : res_drw has 0 polygons
2026-03-25 23:00:40 +0100: Memory Usage (462216K) : sram_drw has 0 polygons
2026-03-25 23:00:40 +0100: Memory Usage (462216K) : trans_drw has 0 polygons
2026-03-25 23:00:40 +0100: Memory Usage (462216K) : ind_drw has 0 polygons
2026-03-25 23:00:40 +0100: Memory Usage (462216K) : ind_pin has 0 polygons
2026-03-25 23:00:40 +0100: Memory Usage (462216K) : ind_text has 0 polygons
2026-03-25 23:00:40 +0100: Memory Usage (462480K) : salblock_drw has 7 polygons
2026-03-25 23:00:40 +0100: Memory Usage (464064K) : via2_drw has 7995 polygons
2026-03-25 23:00:40 +0100: Memory Usage (464064K) : metal3_drw has 67 polygons
2026-03-25 23:00:40 +0100: Memory Usage (464064K) : metal3_pin has 8 polygons
2026-03-25 23:00:40 +0100: Memory Usage (464064K) : metal3_mask has 0 polygons
2026-03-25 23:00:40 +0100: Memory Usage (464064K) : metal3_filler has 0 polygons
2026-03-25 23:00:40 +0100: Memory Usage (464064K) : metal3_nofill has 0 polygons
2026-03-25 23:00:40 +0100: Memory Usage (464064K) : metal3_slit has 0 polygons
2026-03-25 23:00:40 +0100: Memory Usage (464064K) : metal3_text has 0 polygons
2026-03-25 23:00:40 +0100: Memory Usage (464064K) : metal3_opc has 0 polygons
2026-03-25 23:00:40 +0100: Memory Usage (464064K) : metal3_noqrc has 0 polygons
2026-03-25 23:00:40 +0100: Memory Usage (464064K) : metal3_res has 0 polygons
2026-03-25 23:00:40 +0100: Memory Usage (464328K) : metal3_iprobe has 0 polygons
2026-03-25 23:00:40 +0100: Memory Usage (464328K) : metal3_diffprb has 0 polygons
2026-03-25 23:00:40 +0100: Memory Usage (464856K) : nwell_drw has 5 polygons
2026-03-25 23:00:40 +0100: Memory Usage (464856K) : nwell_pin has 0 polygons
2026-03-25 23:00:40 +0100: Memory Usage (464856K) : nbulay_drw has 0 polygons
2026-03-25 23:00:40 +0100: Memory Usage (464856K) : nbulay_pin has 0 polygons
2026-03-25 23:00:40 +0100: Memory Usage (464856K) : nbulay_block has 0 polygons
2026-03-25 23:00:40 +0100: Memory Usage (464856K) : emwind_drw has 0 polygons
2026-03-25 23:00:40 +0100: Memory Usage (464856K) : emwind_opc has 0 polygons
2026-03-25 23:00:40 +0100: Memory Usage (465120K) : deepco_drw has 0 polygons
2026-03-25 23:00:40 +0100: Memory Usage (465120K) : deepco_drw has 0 polygons
2026-03-25 23:00:40 +0100: Memory Usage (465120K) : mim_drw has 2 polygons
2026-03-25 23:00:40 +0100: Memory Usage (465384K) : edgeseal_drw has 0 polygons
2026-03-25 23:00:40 +0100: Memory Usage (465384K) : edgeseal_bound has 0 polygons
2026-03-25 23:00:40 +0100: Memory Usage (465648K) : substrate_drw has 723 polygons
2026-03-25 23:00:40 +0100: Memory Usage (465648K) : substrate_text has 0 polygons
2026-03-25 23:00:40 +0100: Memory Usage (465648K) : dfpad_drw has 0 polygons
2026-03-25 23:00:40 +0100: Memory Usage (465912K) : dfpad_pillar has 0 polygons
2026-03-25 23:00:40 +0100: Memory Usage (465912K) : dfpad_sbump has 0 polygons
2026-03-25 23:00:40 +0100: Memory Usage (466176K) : thickgateox_drw has 0 polygons
2026-03-25 23:00:40 +0100: Memory Usage (466176K) : pldb_drw has 0 polygons
2026-03-25 23:00:40 +0100: Memory Usage (466176K) : pwell_drw has 0 polygons
2026-03-25 23:00:40 +0100: Memory Usage (466440K) : pwell_pin has 0 polygons
2026-03-25 23:00:40 +0100: Memory Usage (466440K) : pwell_block has 0 polygons
2026-03-25 23:00:40 +0100: Memory Usage (466704K) : ic_drw has 0 polygons
2026-03-25 23:00:40 +0100: Memory Usage (468552K) : via3_drw has 7005 polygons
2026-03-25 23:00:40 +0100: Memory Usage (468552K) : metal4_drw has 40 polygons
2026-03-25 23:00:40 +0100: Memory Usage (468552K) : metal4_pin has 3 polygons
2026-03-25 23:00:40 +0100: Memory Usage (468552K) : metal4_mask has 0 polygons
2026-03-25 23:00:40 +0100: Memory Usage (468552K) : metal4_filler has 0 polygons
2026-03-25 23:00:40 +0100: Memory Usage (468552K) : metal4_nofill has 0 polygons
2026-03-25 23:00:40 +0100: Memory Usage (468552K) : metal4_slit has 0 polygons
2026-03-25 23:00:40 +0100: Memory Usage (468552K) : metal4_text has 0 polygons
2026-03-25 23:00:40 +0100: Memory Usage (468552K) : metal4_opc has 0 polygons
2026-03-25 23:00:40 +0100: Memory Usage (468552K) : metal4_noqrc has 0 polygons
2026-03-25 23:00:40 +0100: Memory Usage (468552K) : metal4_res has 0 polygons
2026-03-25 23:00:40 +0100: Memory Usage (468552K) : metal4_iprobe has 0 polygons
2026-03-25 23:00:40 +0100: Memory Usage (468552K) : metal4_diffprb has 0 polygons
2026-03-25 23:00:40 +0100: Memory Usage (469080K) : heattrans_drw has 421 polygons
2026-03-25 23:00:40 +0100: Memory Usage (469344K) : heatres_drw has 7 polygons
2026-03-25 23:00:40 +0100: Memory Usage (469344K) : pempoly_drw has 0 polygons
2026-03-25 23:00:40 +0100: Memory Usage (469344K) : fbe_drw has 0 polygons
2026-03-25 23:00:40 +0100: Memory Usage (469344K) : empoly_drw has 0 polygons
2026-03-25 23:00:40 +0100: Memory Usage (469344K) : ldmos_drw has 0 polygons
2026-03-25 23:00:40 +0100: Memory Usage (469344K) : pbiwind_drw has 0 polygons
2026-03-25 23:00:40 +0100: Memory Usage (469344K) : digisub_drw has 0 polygons
2026-03-25 23:00:40 +0100: Memory Usage (469344K) : nodrc_drw has 0 polygons
2026-03-25 23:00:40 +0100: Memory Usage (469344K) : text_drw has 1107 polygons
2026-03-25 23:00:40 +0100: Memory Usage (469608K) : via4_drw has 6898 polygons
2026-03-25 23:00:40 +0100: Memory Usage (469608K) : metal5_drw has 32 polygons
2026-03-25 23:00:40 +0100: Memory Usage (469608K) : metal5_pin has 5 polygons
2026-03-25 23:00:40 +0100: Memory Usage (469608K) : metal5_mask has 0 polygons
2026-03-25 23:00:40 +0100: Memory Usage (469608K) : metal5_filler has 0 polygons
2026-03-25 23:00:40 +0100: Memory Usage (469608K) : metal5_nofill has 0 polygons
2026-03-25 23:00:40 +0100: Memory Usage (469608K) : metal5_slit has 0 polygons
2026-03-25 23:00:40 +0100: Memory Usage (469608K) : metal5_text has 1 polygons
2026-03-25 23:00:40 +0100: Memory Usage (469608K) : metal5_opc has 0 polygons
2026-03-25 23:00:40 +0100: Memory Usage (469608K) : metal5_noqrc has 0 polygons
2026-03-25 23:00:40 +0100: Memory Usage (469608K) : metal5_res has 0 polygons
2026-03-25 23:00:40 +0100: Memory Usage (469608K) : metal5_iprobe has 0 polygons
2026-03-25 23:00:40 +0100: Memory Usage (469608K) : metal5_diffprb has 0 polygons
2026-03-25 23:00:40 +0100: Memory Usage (469608K) : radhard_drw has 0 polygons
2026-03-25 23:00:40 +0100: Memory Usage (469608K) : memcap_drw has 0 polygons
2026-03-25 23:00:40 +0100: Memory Usage (469608K) : varicap_drw has 0 polygons
2026-03-25 23:00:40 +0100: Memory Usage (469608K) : flash_drw has 0 polygons
2026-03-25 23:00:40 +0100: Memory Usage (469608K) : intbondvia_drw has 0 polygons
2026-03-25 23:00:40 +0100: Memory Usage (469608K) : intbondmet_drw has 0 polygons
2026-03-25 23:00:40 +0100: Memory Usage (469608K) : devbondvia_drw has 0 polygons
2026-03-25 23:00:40 +0100: Memory Usage (469608K) : devbondmet_drw has 0 polygons
2026-03-25 23:00:40 +0100: Memory Usage (469608K) : devtrench_drw has 0 polygons
2026-03-25 23:00:40 +0100: Memory Usage (469608K) : redist_drw has 0 polygons
2026-03-25 23:00:40 +0100: Memory Usage (469608K) : graphbot_drw has 0 polygons
2026-03-25 23:00:40 +0100: Memory Usage (469608K) : graphtop_drw has 0 polygons
2026-03-25 23:00:40 +0100: Memory Usage (469608K) : antvia1_drw has 0 polygons
2026-03-25 23:00:40 +0100: Memory Usage (469608K) : antmetal2_drw has 0 polygons
2026-03-25 23:00:40 +0100: Memory Usage (469608K) : graphcont_drw has 0 polygons
2026-03-25 23:00:40 +0100: Memory Usage (469608K) : siwg_drw has 0 polygons
2026-03-25 23:00:40 +0100: Memory Usage (469608K) : siwg_filler has 0 polygons
2026-03-25 23:00:40 +0100: Memory Usage (469608K) : siwg_nofill has 0 polygons
2026-03-25 23:00:40 +0100: Memory Usage (469608K) : sigrating_drw has 0 polygons
2026-03-25 23:00:40 +0100: Memory Usage (469608K) : singrating_drw has 0 polygons
2026-03-25 23:00:40 +0100: Memory Usage (469608K) : graphpas_drw has 0 polygons
2026-03-25 23:00:40 +0100: Memory Usage (469608K) : emwind3_drw has 0 polygons
2026-03-25 23:00:40 +0100: Memory Usage (469608K) : emwihv3_drw has 0 polygons
2026-03-25 23:00:40 +0100: Memory Usage (469608K) : redbulay_drw has 0 polygons
2026-03-25 23:00:40 +0100: Memory Usage (469608K) : smos_drw has 0 polygons
2026-03-25 23:00:40 +0100: Memory Usage (469608K) : graphpad_drw has 0 polygons
2026-03-25 23:00:40 +0100: Memory Usage (469608K) : polimide_drw has 0 polygons
2026-03-25 23:00:40 +0100: Memory Usage (469608K) : polimide_pin has 0 polygons
2026-03-25 23:00:40 +0100: Memory Usage (469608K) : recog_drw has 0 polygons
2026-03-25 23:00:40 +0100: Memory Usage (469608K) : recog_pin has 0 polygons
2026-03-25 23:00:40 +0100: Memory Usage (469608K) : recog_esd has 0 polygons
2026-03-25 23:00:40 +0100: Memory Usage (469608K) : recog_diode has 0 polygons
2026-03-25 23:00:40 +0100: Memory Usage (469608K) : recog_tsv has 0 polygons
2026-03-25 23:00:40 +0100: Memory Usage (469608K) : recog_iprobe has 0 polygons
2026-03-25 23:00:40 +0100: Memory Usage (469608K) : recog_diffprb has 0 polygons
2026-03-25 23:00:40 +0100: Memory Usage (469608K) : recog_pillar has 0 polygons
2026-03-25 23:00:40 +0100: Memory Usage (469608K) : recog_sbump has 0 polygons
2026-03-25 23:00:40 +0100: Memory Usage (469608K) : recog_otp has 0 polygons
2026-03-25 23:00:40 +0100: Memory Usage (469608K) : recog_pdiode has 0 polygons
2026-03-25 23:00:40 +0100: Memory Usage (469608K) : recog_mom has 0 polygons
2026-03-25 23:00:40 +0100: Memory Usage (469608K) : recog_pcm has 0 polygons
2026-03-25 23:00:40 +0100: Memory Usage (469608K) : colopen_drw has 0 polygons
2026-03-25 23:00:40 +0100: Memory Usage (469608K) : graphmetal1_drw has 0 polygons
2026-03-25 23:00:40 +0100: Memory Usage (469608K) : graphmetal1_filler has 0 polygons
2026-03-25 23:00:40 +0100: Memory Usage (469608K) : graphmetal1_nofill has 0 polygons
2026-03-25 23:00:40 +0100: Memory Usage (469608K) : graphmetal1_slit has 0 polygons
2026-03-25 23:00:40 +0100: Memory Usage (469608K) : graphmetal1_opc has 0 polygons
2026-03-25 23:00:40 +0100: Memory Usage (469608K) : graphmet1l_drw has 0 polygons
2026-03-25 23:00:40 +0100: Memory Usage (469608K) : graphmet1l_filler has 0 polygons
2026-03-25 23:00:40 +0100: Memory Usage (469608K) : graphmet1l_nofill has 0 polygons
2026-03-25 23:00:40 +0100: Memory Usage (469608K) : graphmet1l_slit has 0 polygons
2026-03-25 23:00:40 +0100: Memory Usage (469608K) : graphmet1l_opc has 0 polygons
2026-03-25 23:00:40 +0100: Memory Usage (469608K) : extblock_drw has 5 polygons
2026-03-25 23:00:40 +0100: Memory Usage (469608K) : nldd_drw has 0 polygons
2026-03-25 23:00:40 +0100: Memory Usage (469608K) : pldd_drw has 0 polygons
2026-03-25 23:00:40 +0100: Memory Usage (469608K) : next_drw has 0 polygons
2026-03-25 23:00:40 +0100: Memory Usage (469608K) : pext_drw has 0 polygons
2026-03-25 23:00:40 +0100: Memory Usage (469608K) : nexthv_drw has 0 polygons
2026-03-25 23:00:40 +0100: Memory Usage (469608K) : pexthv_drw has 0 polygons
2026-03-25 23:00:40 +0100: Memory Usage (469608K) : graphgate_drw has 0 polygons
2026-03-25 23:00:40 +0100: Memory Usage (469608K) : sinwg_drw has 0 polygons
2026-03-25 23:00:40 +0100: Memory Usage (469608K) : sinwg_filler has 0 polygons
2026-03-25 23:00:40 +0100: Memory Usage (469608K) : sinwg_nofill has 0 polygons
2026-03-25 23:00:40 +0100: Memory Usage (469608K) : mempad_drw has 0 polygons
2026-03-25 23:00:40 +0100: Memory Usage (469608K) : topvia1_drw has 1720 polygons
2026-03-25 23:00:40 +0100: Memory Usage (469608K) : topmetal1_drw has 13 polygons
2026-03-25 23:00:40 +0100: Memory Usage (469608K) : topmetal1_pin has 15 polygons
2026-03-25 23:00:40 +0100: Memory Usage (469608K) : topmetal1_mask has 0 polygons
2026-03-25 23:00:40 +0100: Memory Usage (469608K) : topmetal1_filler has 0 polygons
2026-03-25 23:00:40 +0100: Memory Usage (469608K) : topmetal1_nofill has 0 polygons
2026-03-25 23:00:40 +0100: Memory Usage (469608K) : topmetal1_slit has 0 polygons
2026-03-25 23:00:40 +0100: Memory Usage (469608K) : topmetal1_text has 5 polygons
2026-03-25 23:00:40 +0100: Memory Usage (469608K) : topmetal1_noqrc has 0 polygons
2026-03-25 23:00:40 +0100: Memory Usage (469608K) : topmetal1_res has 0 polygons
2026-03-25 23:00:40 +0100: Memory Usage (469608K) : topmetal1_iprobe has 0 polygons
2026-03-25 23:00:40 +0100: Memory Usage (469608K) : topmetal1_diffprb has 0 polygons
2026-03-25 23:00:40 +0100: Memory Usage (469608K) : inldpwl_drw has 0 polygons
2026-03-25 23:00:40 +0100: Memory Usage (469608K) : polyres_drw has 7 polygons
2026-03-25 23:00:40 +0100: Memory Usage (469608K) : polyres_pin has 0 polygons
2026-03-25 23:00:40 +0100: Memory Usage (469608K) : vmim_drw has 578 polygons
2026-03-25 23:00:40 +0100: Memory Usage (469608K) : nbulaycut_drw has 0 polygons
2026-03-25 23:00:40 +0100: Memory Usage (469608K) : antmetal1_drw has 0 polygons
2026-03-25 23:00:40 +0100: Memory Usage (469608K) : topvia2_drw has 916 polygons
2026-03-25 23:00:40 +0100: Memory Usage (469608K) : topmetal2_drw has 4 polygons
2026-03-25 23:00:40 +0100: Memory Usage (469608K) : topmetal2_pin has 2 polygons
2026-03-25 23:00:40 +0100: Memory Usage (469608K) : topmetal2_mask has 0 polygons
2026-03-25 23:00:40 +0100: Memory Usage (469608K) : topmetal2_filler has 0 polygons
2026-03-25 23:00:40 +0100: Memory Usage (469608K) : topmetal2_nofill has 0 polygons
2026-03-25 23:00:40 +0100: Memory Usage (469608K) : topmetal2_slit has 0 polygons
2026-03-25 23:00:40 +0100: Memory Usage (469608K) : topmetal2_text has 2 polygons
2026-03-25 23:00:40 +0100: Memory Usage (469608K) : topmetal2_noqrc has 0 polygons
2026-03-25 23:00:40 +0100: Memory Usage (469608K) : topmetal2_res has 0 polygons
2026-03-25 23:00:40 +0100: Memory Usage (469608K) : topmetal2_iprobe has 0 polygons
2026-03-25 23:00:40 +0100: Memory Usage (469608K) : topmetal2_diffprb has 0 polygons
2026-03-25 23:00:40 +0100: Memory Usage (469608K) : snsring_drw has 0 polygons
2026-03-25 23:00:40 +0100: Memory Usage (469608K) : sensor_drw has 0 polygons
2026-03-25 23:00:40 +0100: Memory Usage (469608K) : snsarms_drw has 0 polygons
2026-03-25 23:00:40 +0100: Memory Usage (469608K) : snscmosvia_drw has 0 polygons
2026-03-25 23:00:40 +0100: Memory Usage (469608K) : colwind_drw has 0 polygons
2026-03-25 23:00:40 +0100: Memory Usage (469608K) : flm_drw has 0 polygons
2026-03-25 23:00:40 +0100: Memory Usage (469608K) : hafniumox_drw has 0 polygons
2026-03-25 23:00:40 +0100: Memory Usage (469608K) : memvia_drw has 0 polygons
2026-03-25 23:00:40 +0100: Memory Usage (469608K) : thinfilmres_drw has 0 polygons
2026-03-25 23:00:40 +0100: Memory Usage (469608K) : rfmem_drw has 0 polygons
2026-03-25 23:00:40 +0100: Memory Usage (469872K) : norcx_drw has 0 polygons
2026-03-25 23:00:40 +0100: Memory Usage (469872K) : norcx_m2m3 has 0 polygons
2026-03-25 23:00:40 +0100: Memory Usage (469872K) : norcx_m2m4 has 0 polygons
2026-03-25 23:00:40 +0100: Memory Usage (469872K) : norcx_m2m5 has 0 polygons
2026-03-25 23:00:40 +0100: Memory Usage (469872K) : norcx_m2tm1 has 0 polygons
2026-03-25 23:00:40 +0100: Memory Usage (470136K) : norcx_m2tm2 has 0 polygons
2026-03-25 23:00:40 +0100: Memory Usage (470136K) : norcx_m3m4 has 0 polygons
2026-03-25 23:00:40 +0100: Memory Usage (470400K) : norcx_m3m5 has 0 polygons
2026-03-25 23:00:40 +0100: Memory Usage (470400K) : norcx_m3tm1 has 0 polygons
2026-03-25 23:00:40 +0100: Memory Usage (470400K) : norcx_m3tm2 has 0 polygons
2026-03-25 23:00:40 +0100: Memory Usage (470664K) : norcx_m4m5 has 0 polygons
2026-03-25 23:00:40 +0100: Memory Usage (470664K) : norcx_m4tm1 has 0 polygons
2026-03-25 23:00:40 +0100: Memory Usage (470928K) : norcx_m4tm2 has 0 polygons
2026-03-25 23:00:40 +0100: Memory Usage (470928K) : norcx_m5tm1 has 0 polygons
2026-03-25 23:00:40 +0100: Memory Usage (470928K) : norcx_m5tm2 has 0 polygons
2026-03-25 23:00:40 +0100: Memory Usage (471192K) : norcx_tm1tm2 has 0 polygons
2026-03-25 23:00:40 +0100: Memory Usage (471192K) : norcx_m1sub has 0 polygons
2026-03-25 23:00:40 +0100: Memory Usage (471492K) : norcx_m2sub has 0 polygons
2026-03-25 23:00:40 +0100: Memory Usage (471492K) : norcx_m3sub has 0 polygons
2026-03-25 23:00:40 +0100: Memory Usage (471752K) : norcx_m4sub has 0 polygons
2026-03-25 23:00:40 +0100: Memory Usage (471752K) : norcx_m5sub has 0 polygons
2026-03-25 23:00:40 +0100: Memory Usage (471752K) : norcx_tm1sub has 0 polygons
2026-03-25 23:00:40 +0100: Memory Usage (472016K) : norcx_tm2sub has 0 polygons
2026-03-25 23:00:40 +0100: Memory Usage (472016K) : snsbotvia_drw has 0 polygons
2026-03-25 23:00:40 +0100: Memory Usage (472280K) : snstopvia_drw has 0 polygons
2026-03-25 23:00:40 +0100: Memory Usage (472280K) : deepvia_drw has 0 polygons
2026-03-25 23:00:40 +0100: Memory Usage (472280K) : fgetch_drw has 0 polygons
2026-03-25 23:00:40 +0100: Memory Usage (472544K) : ctrgat_drw has 0 polygons
2026-03-25 23:00:40 +0100: Memory Usage (472544K) : fgimp_drw has 0 polygons
2026-03-25 23:00:40 +0100: Memory Usage (472712K) : emwihv_drw has 0 polygons
2026-03-25 23:00:41 +0100: Memory Usage (472972K) : lbe_drw has 0 polygons
2026-03-25 23:00:41 +0100: Memory Usage (472972K) : alcustop_drw has 0 polygons
2026-03-25 23:00:41 +0100: Memory Usage (472972K) : nometfiller_drw has 0 polygons
2026-03-25 23:00:41 +0100: Memory Usage (473236K) : prboundary_drw has 0 polygons
2026-03-25 23:00:41 +0100: Memory Usage (473236K) : exchange0_drw has 0 polygons
2026-03-25 23:00:41 +0100: Memory Usage (473500K) : exchange0_pin has 0 polygons
2026-03-25 23:00:41 +0100: Memory Usage (473500K) : exchange0_text has 0 polygons
2026-03-25 23:00:41 +0100: Memory Usage (473500K) : exchange1_drw has 0 polygons
2026-03-25 23:00:41 +0100: Memory Usage (473764K) : exchange1_pin has 0 polygons
2026-03-25 23:00:41 +0100: Memory Usage (473764K) : exchange1_text has 0 polygons
2026-03-25 23:00:41 +0100: Memory Usage (473872K) : exchange2_drw has 0 polygons
2026-03-25 23:00:41 +0100: Memory Usage (473872K) : exchange2_pin has 0 polygons
2026-03-25 23:00:41 +0100: Memory Usage (473872K) : exchange2_text has 0 polygons
2026-03-25 23:00:41 +0100: Memory Usage (473872K) : exchange3_drw has 0 polygons
2026-03-25 23:00:41 +0100: Memory Usage (473872K) : exchange3_pin has 0 polygons
2026-03-25 23:00:41 +0100: Memory Usage (473872K) : exchange3_text has 0 polygons
2026-03-25 23:00:41 +0100: Memory Usage (473872K) : exchange4_drw has 0 polygons
2026-03-25 23:00:41 +0100: Memory Usage (473872K) : exchange4_pin has 0 polygons
2026-03-25 23:00:41 +0100: Memory Usage (473872K) : exchange4_text has 0 polygons
2026-03-25 23:00:41 +0100: Memory Usage (473872K) : isonwell_drw has 0 polygons
2026-03-25 23:00:41 +0100: Memory Usage (473872K) : Total no. of polygons in the design is 55451
2026-03-25 23:00:41 +0100: Memory Usage (473872K) : Loaded TECH DRC rules values from /foss/pdks/ihp-sg13g2/libs.tech/klayout/python/sg13g2_pycell_lib/sg13g2_tech_mod.json
2026-03-25 23:00:41 +0100: Memory Usage (473872K) : Loaded default DRC rules values from /foss/pdks/ihp-sg13g2/libs.tech/klayout/tech/drc/rule_decks/sg13g2_tech_default.json
2026-03-25 23:00:41 +0100: Memory Usage (473872K) : The following rules values were missing in tech json and default values were used:
2026-03-25 23:00:41 +0100: Memory Usage (473872K) :   - Cnt_c_digibnd
2026-03-25 23:00:41 +0100: Memory Usage (473872K) : Total area of the design is 54805.149724999996 um^2.
2026-03-25 23:00:41 +0100: Memory Usage (473872K) : The design dimensions are 309.90500000000003 µm * 176.845 µm.
2026-03-25 23:00:41 +0100: Memory Usage (473872K) : Starting general IHP-SG13G2 derivations.
2026-03-25 23:00:41 +0100: Memory Usage (473872K) : Starting Pwell derivations
2026-03-25 23:00:41 +0100: Memory Usage (473872K) : Starting n-Activ derivations
2026-03-25 23:00:41 +0100: Memory Usage (473872K) : Starting p-Activ derivations
2026-03-25 23:00:41 +0100: Memory Usage (473872K) : Starting ptap derivations
2026-03-25 23:00:41 +0100: Memory Usage (473872K) : Starting nact FET derivations
2026-03-25 23:00:41 +0100: Memory Usage (473872K) : Starting IHP-SG13G2 DRC rules.
2026-03-25 23:00:41 +0100: Memory Usage (473872K) : Starting 5.2 PWell:block
2026-03-25 23:00:41 +0100: Memory Usage (473872K) : Executing rule PWB.e
2026-03-25 23:00:41 +0100: Memory Usage (473872K) : Executing rule PWB.e1
2026-03-25 23:00:41 +0100: Memory Usage (473872K) : Executing rule PWB.f
2026-03-25 23:00:41 +0100: Memory Usage (473872K) : Executing rule PWB.f1
2026-03-25 23:00:41 +0100: Memory Usage (473872K) : KLayout DRC run for tables 'pwellblock' completed in 2.47 seconds
