# Logfile created on 2026-03-25 23:00:51 +0100 by logger.rb/v1.5.3
2026-03-25 23:00:51 +0100: Memory Usage (437244K) : Starting running IHP-SG13G2 KLayout DRC runset on /foss/designs/Design/xschem/IHP__OPA2251/OPA2251-main/layout/klayout/HPA_project_wrapper.gds
2026-03-25 23:00:51 +0100: Memory Usage (437244K) : Ruby Version for klayout: 3.2.3
2026-03-25 23:00:52 +0100: Memory Usage (452000K) : Loading database to memory is complete.
2026-03-25 23:00:52 +0100: Memory Usage (452000K) : IHP-SG13G2 KLayout DRC runset output at: /foss/designs/Design/xschem/IHP__OPA2251/OPA2251-main/layout/klayout/drc_run_HPA/HPA_project_wrapper_HPA_metaln.lyrdb
2026-03-25 23:00:52 +0100: Memory Usage (452000K) : Evaluate switches.
2026-03-25 23:00:52 +0100: Memory Usage (452000K) : tables selected: metaln
2026-03-25 23:00:52 +0100: Memory Usage (452000K) : KLayout will use 4 thread(s) in tiled mode.
2026-03-25 23:00:52 +0100: Memory Usage (452000K) : flat mode is enabled.
2026-03-25 23:00:52 +0100: Memory Usage (452000K) : FEOL enabled: false
2026-03-25 23:00:52 +0100: Memory Usage (452000K) : BEOL enabled: false
2026-03-25 23:00:52 +0100: Memory Usage (452000K) : OFFGRID enabled: true
2026-03-25 23:00:52 +0100: Memory Usage (452000K) : PIN enabled: false
2026-03-25 23:00:52 +0100: Memory Usage (452000K) : FORBIDDEN enabled: false
2026-03-25 23:00:52 +0100: Memory Usage (452000K) : RECOMMENDED enabled: true
2026-03-25 23:00:52 +0100: Memory Usage (452000K) : PreCheck DRC enabled: false
2026-03-25 23:00:52 +0100: Memory Usage (452000K) : CONNECTIVITY_RULES enabled: false.
2026-03-25 23:00:52 +0100: Memory Usage (452000K) : Read in polygons from layers.
2026-03-25 23:00:52 +0100: Memory Usage (454852K) : activ_drw has 198 polygons
2026-03-25 23:00:52 +0100: Memory Usage (454852K) : activ_pin has 0 polygons
2026-03-25 23:00:52 +0100: Memory Usage (454852K) : activ_mask has 0 polygons
2026-03-25 23:00:52 +0100: Memory Usage (454852K) : activ_filler has 0 polygons
2026-03-25 23:00:52 +0100: Memory Usage (454852K) : activ_nofill has 0 polygons
2026-03-25 23:00:52 +0100: Memory Usage (454852K) : activ_opc has 0 polygons
2026-03-25 23:00:52 +0100: Memory Usage (454852K) : activ_iopc has 0 polygons
2026-03-25 23:00:52 +0100: Memory Usage (454852K) : activ_noqrc has 0 polygons
2026-03-25 23:00:52 +0100: Memory Usage (454852K) : biwind_drw has 0 polygons
2026-03-25 23:00:52 +0100: Memory Usage (454852K) : biwind_opc has 0 polygons
2026-03-25 23:00:52 +0100: Memory Usage (454852K) : pemwind_drw has 0 polygons
2026-03-25 23:00:52 +0100: Memory Usage (455500K) : gatpoly_drw has 108 polygons
2026-03-25 23:00:52 +0100: Memory Usage (455500K) : gatpoly_pin has 124 polygons
2026-03-25 23:00:52 +0100: Memory Usage (455500K) : gatpoly_filler has 0 polygons
2026-03-25 23:00:52 +0100: Memory Usage (455500K) : gatpoly_nofill has 0 polygons
2026-03-25 23:00:52 +0100: Memory Usage (455500K) : gatpoly_opc has 0 polygons
2026-03-25 23:00:52 +0100: Memory Usage (455500K) : gatpoly_iopc has 0 polygons
2026-03-25 23:00:52 +0100: Memory Usage (455500K) : gatpoly_noqrc has 0 polygons
2026-03-25 23:00:52 +0100: Memory Usage (459988K) : cont_drw has 16803 polygons
2026-03-25 23:00:52 +0100: Memory Usage (459988K) : cont_opc has 0 polygons
2026-03-25 23:00:52 +0100: Memory Usage (459988K) : nsd_drw has 0 polygons
2026-03-25 23:00:52 +0100: Memory Usage (459988K) : nsd_block has 0 polygons
2026-03-25 23:00:52 +0100: Memory Usage (459988K) : metal1_drw has 390 polygons
2026-03-25 23:00:52 +0100: Memory Usage (459988K) : metal1_pin has 515 polygons
2026-03-25 23:00:52 +0100: Memory Usage (459988K) : metal1_mask has 0 polygons
2026-03-25 23:00:52 +0100: Memory Usage (459988K) : metal1_filler has 0 polygons
2026-03-25 23:00:52 +0100: Memory Usage (459988K) : metal1_nofill has 0 polygons
2026-03-25 23:00:52 +0100: Memory Usage (459988K) : metal1_slit has 0 polygons
2026-03-25 23:00:52 +0100: Memory Usage (459988K) : metal1_text has 0 polygons
2026-03-25 23:00:52 +0100: Memory Usage (459988K) : metal1_opc has 0 polygons
2026-03-25 23:00:52 +0100: Memory Usage (459988K) : metal1_noqrc has 0 polygons
2026-03-25 23:00:52 +0100: Memory Usage (459988K) : metal1_res has 0 polygons
2026-03-25 23:00:52 +0100: Memory Usage (459988K) : metal1_iprobe has 0 polygons
2026-03-25 23:00:52 +0100: Memory Usage (459988K) : metal1_diffprb has 0 polygons
2026-03-25 23:00:52 +0100: Memory Usage (459988K) : passiv_drw has 0 polygons
2026-03-25 23:00:52 +0100: Memory Usage (459988K) : passiv_pin has 0 polygons
2026-03-25 23:00:52 +0100: Memory Usage (459988K) : passiv_sbump has 0 polygons
2026-03-25 23:00:52 +0100: Memory Usage (459988K) : passiv_pillar has 0 polygons
2026-03-25 23:00:52 +0100: Memory Usage (459988K) : passiv_pdl has 0 polygons
2026-03-25 23:00:52 +0100: Memory Usage (459988K) : metal2_drw has 95 polygons
2026-03-25 23:00:52 +0100: Memory Usage (459988K) : metal2_pin has 11 polygons
2026-03-25 23:00:52 +0100: Memory Usage (459988K) : metal2_mask has 0 polygons
2026-03-25 23:00:52 +0100: Memory Usage (459988K) : metal2_filler has 0 polygons
2026-03-25 23:00:52 +0100: Memory Usage (459988K) : metal2_nofill has 0 polygons
2026-03-25 23:00:52 +0100: Memory Usage (459988K) : metal2_slit has 0 polygons
2026-03-25 23:00:52 +0100: Memory Usage (459988K) : metal2_text has 0 polygons
2026-03-25 23:00:52 +0100: Memory Usage (459988K) : metal2_opc has 0 polygons
2026-03-25 23:00:52 +0100: Memory Usage (459988K) : metal2_noqrc has 0 polygons
2026-03-25 23:00:52 +0100: Memory Usage (459988K) : metal2_res has 0 polygons
2026-03-25 23:00:52 +0100: Memory Usage (459988K) : metal2_iprobe has 0 polygons
2026-03-25 23:00:52 +0100: Memory Usage (459988K) : metal2_diffprb has 0 polygons
2026-03-25 23:00:52 +0100: Memory Usage (459988K) : baspoly_drw has 0 polygons
2026-03-25 23:00:52 +0100: Memory Usage (459988K) : baspoly_pin has 0 polygons
2026-03-25 23:00:52 +0100: Memory Usage (460432K) : psd_drw has 24 polygons
2026-03-25 23:00:52 +0100: Memory Usage (460432K) : nldb_drw has 0 polygons
2026-03-25 23:00:52 +0100: Memory Usage (460432K) : digibnd_drw has 0 polygons
2026-03-25 23:00:52 +0100: Memory Usage (462016K) : via1_drw has 9590 polygons
2026-03-25 23:00:52 +0100: Memory Usage (462016K) : backmetal1_drw has 0 polygons
2026-03-25 23:00:52 +0100: Memory Usage (462016K) : backmetal1_pin has 0 polygons
2026-03-25 23:00:52 +0100: Memory Usage (462016K) : backmetal1_mask has 0 polygons
2026-03-25 23:00:52 +0100: Memory Usage (462016K) : backmetal1_filler has 0 polygons
2026-03-25 23:00:52 +0100: Memory Usage (462016K) : backmetal1_nofill has 0 polygons
2026-03-25 23:00:52 +0100: Memory Usage (462016K) : backmetal1_slit has 0 polygons
2026-03-25 23:00:52 +0100: Memory Usage (462016K) : backmetal1_text has 0 polygons
2026-03-25 23:00:52 +0100: Memory Usage (462016K) : backmetal1_opc has 0 polygons
2026-03-25 23:00:52 +0100: Memory Usage (462016K) : backmetal1_noqrc has 0 polygons
2026-03-25 23:00:52 +0100: Memory Usage (462016K) : backmetal1_res has 0 polygons
2026-03-25 23:00:52 +0100: Memory Usage (462016K) : backmetal1_iprobe has 0 polygons
2026-03-25 23:00:52 +0100: Memory Usage (462016K) : backmetal1_diffprb has 0 polygons
2026-03-25 23:00:52 +0100: Memory Usage (462016K) : backpassiv_drw has 0 polygons
2026-03-25 23:00:52 +0100: Memory Usage (462016K) : res_drw has 0 polygons
2026-03-25 23:00:52 +0100: Memory Usage (462016K) : sram_drw has 0 polygons
2026-03-25 23:00:52 +0100: Memory Usage (462016K) : trans_drw has 0 polygons
2026-03-25 23:00:52 +0100: Memory Usage (462280K) : ind_drw has 0 polygons
2026-03-25 23:00:52 +0100: Memory Usage (462280K) : ind_pin has 0 polygons
2026-03-25 23:00:52 +0100: Memory Usage (462280K) : ind_text has 0 polygons
2026-03-25 23:00:52 +0100: Memory Usage (462280K) : salblock_drw has 7 polygons
2026-03-25 23:00:52 +0100: Memory Usage (463864K) : via2_drw has 7995 polygons
2026-03-25 23:00:52 +0100: Memory Usage (463864K) : metal3_drw has 67 polygons
2026-03-25 23:00:52 +0100: Memory Usage (463864K) : metal3_pin has 8 polygons
2026-03-25 23:00:52 +0100: Memory Usage (463864K) : metal3_mask has 0 polygons
2026-03-25 23:00:52 +0100: Memory Usage (463864K) : metal3_filler has 0 polygons
2026-03-25 23:00:52 +0100: Memory Usage (463864K) : metal3_nofill has 0 polygons
2026-03-25 23:00:52 +0100: Memory Usage (463864K) : metal3_slit has 0 polygons
2026-03-25 23:00:52 +0100: Memory Usage (463864K) : metal3_text has 0 polygons
2026-03-25 23:00:52 +0100: Memory Usage (463864K) : metal3_opc has 0 polygons
2026-03-25 23:00:52 +0100: Memory Usage (463864K) : metal3_noqrc has 0 polygons
2026-03-25 23:00:52 +0100: Memory Usage (463864K) : metal3_res has 0 polygons
2026-03-25 23:00:52 +0100: Memory Usage (464128K) : metal3_iprobe has 0 polygons
2026-03-25 23:00:52 +0100: Memory Usage (464128K) : metal3_diffprb has 0 polygons
2026-03-25 23:00:52 +0100: Memory Usage (464656K) : nwell_drw has 5 polygons
2026-03-25 23:00:52 +0100: Memory Usage (464656K) : nwell_pin has 0 polygons
2026-03-25 23:00:52 +0100: Memory Usage (464656K) : nbulay_drw has 0 polygons
2026-03-25 23:00:52 +0100: Memory Usage (464656K) : nbulay_pin has 0 polygons
2026-03-25 23:00:52 +0100: Memory Usage (464920K) : nbulay_block has 0 polygons
2026-03-25 23:00:52 +0100: Memory Usage (464920K) : emwind_drw has 0 polygons
2026-03-25 23:00:52 +0100: Memory Usage (464920K) : emwind_opc has 0 polygons
2026-03-25 23:00:52 +0100: Memory Usage (464920K) : deepco_drw has 0 polygons
2026-03-25 23:00:52 +0100: Memory Usage (464920K) : deepco_drw has 0 polygons
2026-03-25 23:00:52 +0100: Memory Usage (465184K) : mim_drw has 2 polygons
2026-03-25 23:00:52 +0100: Memory Usage (465184K) : edgeseal_drw has 0 polygons
2026-03-25 23:00:52 +0100: Memory Usage (465448K) : edgeseal_bound has 0 polygons
2026-03-25 23:00:52 +0100: Memory Usage (465448K) : substrate_drw has 723 polygons
2026-03-25 23:00:52 +0100: Memory Usage (465712K) : substrate_text has 0 polygons
2026-03-25 23:00:52 +0100: Memory Usage (465712K) : dfpad_drw has 0 polygons
2026-03-25 23:00:52 +0100: Memory Usage (465712K) : dfpad_pillar has 0 polygons
2026-03-25 23:00:52 +0100: Memory Usage (465976K) : dfpad_sbump has 0 polygons
2026-03-25 23:00:52 +0100: Memory Usage (465976K) : thickgateox_drw has 0 polygons
2026-03-25 23:00:52 +0100: Memory Usage (465976K) : pldb_drw has 0 polygons
2026-03-25 23:00:52 +0100: Memory Usage (466240K) : pwell_drw has 0 polygons
2026-03-25 23:00:52 +0100: Memory Usage (466240K) : pwell_pin has 0 polygons
2026-03-25 23:00:52 +0100: Memory Usage (466504K) : pwell_block has 0 polygons
2026-03-25 23:00:52 +0100: Memory Usage (466504K) : ic_drw has 0 polygons
2026-03-25 23:00:52 +0100: Memory Usage (468352K) : via3_drw has 7005 polygons
2026-03-25 23:00:52 +0100: Memory Usage (468352K) : metal4_drw has 40 polygons
2026-03-25 23:00:52 +0100: Memory Usage (468352K) : metal4_pin has 3 polygons
2026-03-25 23:00:52 +0100: Memory Usage (468352K) : metal4_mask has 0 polygons
2026-03-25 23:00:52 +0100: Memory Usage (468352K) : metal4_filler has 0 polygons
2026-03-25 23:00:52 +0100: Memory Usage (468352K) : metal4_nofill has 0 polygons
2026-03-25 23:00:52 +0100: Memory Usage (468352K) : metal4_slit has 0 polygons
2026-03-25 23:00:52 +0100: Memory Usage (468352K) : metal4_text has 0 polygons
2026-03-25 23:00:52 +0100: Memory Usage (468352K) : metal4_opc has 0 polygons
2026-03-25 23:00:52 +0100: Memory Usage (468352K) : metal4_noqrc has 0 polygons
2026-03-25 23:00:52 +0100: Memory Usage (468616K) : metal4_res has 0 polygons
2026-03-25 23:00:52 +0100: Memory Usage (468616K) : metal4_iprobe has 0 polygons
2026-03-25 23:00:52 +0100: Memory Usage (468616K) : metal4_diffprb has 0 polygons
2026-03-25 23:00:52 +0100: Memory Usage (468880K) : heattrans_drw has 421 polygons
2026-03-25 23:00:52 +0100: Memory Usage (469144K) : heatres_drw has 7 polygons
2026-03-25 23:00:52 +0100: Memory Usage (469144K) : pempoly_drw has 0 polygons
2026-03-25 23:00:52 +0100: Memory Usage (469144K) : fbe_drw has 0 polygons
2026-03-25 23:00:52 +0100: Memory Usage (469144K) : empoly_drw has 0 polygons
2026-03-25 23:00:52 +0100: Memory Usage (469408K) : ldmos_drw has 0 polygons
2026-03-25 23:00:52 +0100: Memory Usage (469408K) : pbiwind_drw has 0 polygons
2026-03-25 23:00:52 +0100: Memory Usage (469408K) : digisub_drw has 0 polygons
2026-03-25 23:00:52 +0100: Memory Usage (469672K) : nodrc_drw has 0 polygons
2026-03-25 23:00:52 +0100: Memory Usage (469672K) : text_drw has 1107 polygons
2026-03-25 23:00:52 +0100: Memory Usage (471520K) : via4_drw has 6898 polygons
2026-03-25 23:00:52 +0100: Memory Usage (471520K) : metal5_drw has 32 polygons
2026-03-25 23:00:52 +0100: Memory Usage (471520K) : metal5_pin has 5 polygons
2026-03-25 23:00:52 +0100: Memory Usage (471520K) : metal5_mask has 0 polygons
2026-03-25 23:00:52 +0100: Memory Usage (471584K) : metal5_filler has 0 polygons
2026-03-25 23:00:52 +0100: Memory Usage (471584K) : metal5_nofill has 0 polygons
2026-03-25 23:00:52 +0100: Memory Usage (471584K) : metal5_slit has 0 polygons
2026-03-25 23:00:52 +0100: Memory Usage (471584K) : metal5_text has 1 polygons
2026-03-25 23:00:52 +0100: Memory Usage (471584K) : metal5_opc has 0 polygons
2026-03-25 23:00:52 +0100: Memory Usage (471584K) : metal5_noqrc has 0 polygons
2026-03-25 23:00:52 +0100: Memory Usage (471584K) : metal5_res has 0 polygons
2026-03-25 23:00:52 +0100: Memory Usage (471584K) : metal5_iprobe has 0 polygons
2026-03-25 23:00:52 +0100: Memory Usage (471844K) : metal5_diffprb has 0 polygons
2026-03-25 23:00:52 +0100: Memory Usage (471844K) : radhard_drw has 0 polygons
2026-03-25 23:00:52 +0100: Memory Usage (471844K) : memcap_drw has 0 polygons
2026-03-25 23:00:52 +0100: Memory Usage (472108K) : varicap_drw has 0 polygons
2026-03-25 23:00:52 +0100: Memory Usage (472168K) : flash_drw has 0 polygons
2026-03-25 23:00:52 +0100: Memory Usage (472428K) : intbondvia_drw has 0 polygons
2026-03-25 23:00:52 +0100: Memory Usage (472428K) : intbondmet_drw has 0 polygons
2026-03-25 23:00:52 +0100: Memory Usage (472428K) : devbondvia_drw has 0 polygons
2026-03-25 23:00:52 +0100: Memory Usage (472692K) : devbondmet_drw has 0 polygons
2026-03-25 23:00:52 +0100: Memory Usage (472692K) : devtrench_drw has 0 polygons
2026-03-25 23:00:52 +0100: Memory Usage (472956K) : redist_drw has 0 polygons
2026-03-25 23:00:52 +0100: Memory Usage (472956K) : graphbot_drw has 0 polygons
2026-03-25 23:00:52 +0100: Memory Usage (472956K) : graphtop_drw has 0 polygons
2026-03-25 23:00:52 +0100: Memory Usage (473220K) : antvia1_drw has 0 polygons
2026-03-25 23:00:52 +0100: Memory Usage (473220K) : antmetal2_drw has 0 polygons
2026-03-25 23:00:52 +0100: Memory Usage (473384K) : graphcont_drw has 0 polygons
2026-03-25 23:00:52 +0100: Memory Usage (473384K) : siwg_drw has 0 polygons
2026-03-25 23:00:52 +0100: Memory Usage (473384K) : siwg_filler has 0 polygons
2026-03-25 23:00:52 +0100: Memory Usage (473384K) : siwg_nofill has 0 polygons
2026-03-25 23:00:52 +0100: Memory Usage (473384K) : sigrating_drw has 0 polygons
2026-03-25 23:00:52 +0100: Memory Usage (473384K) : singrating_drw has 0 polygons
2026-03-25 23:00:52 +0100: Memory Usage (473384K) : graphpas_drw has 0 polygons
2026-03-25 23:00:52 +0100: Memory Usage (473384K) : emwind3_drw has 0 polygons
2026-03-25 23:00:52 +0100: Memory Usage (473384K) : emwihv3_drw has 0 polygons
2026-03-25 23:00:52 +0100: Memory Usage (473384K) : redbulay_drw has 0 polygons
2026-03-25 23:00:52 +0100: Memory Usage (473384K) : smos_drw has 0 polygons
2026-03-25 23:00:52 +0100: Memory Usage (473384K) : graphpad_drw has 0 polygons
2026-03-25 23:00:52 +0100: Memory Usage (473384K) : polimide_drw has 0 polygons
2026-03-25 23:00:52 +0100: Memory Usage (473384K) : polimide_pin has 0 polygons
2026-03-25 23:00:52 +0100: Memory Usage (473384K) : recog_drw has 0 polygons
2026-03-25 23:00:52 +0100: Memory Usage (473384K) : recog_pin has 0 polygons
2026-03-25 23:00:52 +0100: Memory Usage (473384K) : recog_esd has 0 polygons
2026-03-25 23:00:52 +0100: Memory Usage (473384K) : recog_diode has 0 polygons
2026-03-25 23:00:52 +0100: Memory Usage (473384K) : recog_tsv has 0 polygons
2026-03-25 23:00:52 +0100: Memory Usage (473384K) : recog_iprobe has 0 polygons
2026-03-25 23:00:52 +0100: Memory Usage (473384K) : recog_diffprb has 0 polygons
2026-03-25 23:00:52 +0100: Memory Usage (473384K) : recog_pillar has 0 polygons
2026-03-25 23:00:52 +0100: Memory Usage (473384K) : recog_sbump has 0 polygons
2026-03-25 23:00:52 +0100: Memory Usage (473384K) : recog_otp has 0 polygons
2026-03-25 23:00:52 +0100: Memory Usage (473384K) : recog_pdiode has 0 polygons
2026-03-25 23:00:52 +0100: Memory Usage (473384K) : recog_mom has 0 polygons
2026-03-25 23:00:52 +0100: Memory Usage (473384K) : recog_pcm has 0 polygons
2026-03-25 23:00:52 +0100: Memory Usage (473384K) : colopen_drw has 0 polygons
2026-03-25 23:00:52 +0100: Memory Usage (473384K) : graphmetal1_drw has 0 polygons
2026-03-25 23:00:52 +0100: Memory Usage (473384K) : graphmetal1_filler has 0 polygons
2026-03-25 23:00:52 +0100: Memory Usage (473384K) : graphmetal1_nofill has 0 polygons
2026-03-25 23:00:52 +0100: Memory Usage (473384K) : graphmetal1_slit has 0 polygons
2026-03-25 23:00:52 +0100: Memory Usage (473384K) : graphmetal1_opc has 0 polygons
2026-03-25 23:00:52 +0100: Memory Usage (473384K) : graphmet1l_drw has 0 polygons
2026-03-25 23:00:52 +0100: Memory Usage (473384K) : graphmet1l_filler has 0 polygons
2026-03-25 23:00:52 +0100: Memory Usage (473384K) : graphmet1l_nofill has 0 polygons
2026-03-25 23:00:52 +0100: Memory Usage (473384K) : graphmet1l_slit has 0 polygons
2026-03-25 23:00:52 +0100: Memory Usage (473384K) : graphmet1l_opc has 0 polygons
2026-03-25 23:00:52 +0100: Memory Usage (473384K) : extblock_drw has 5 polygons
2026-03-25 23:00:52 +0100: Memory Usage (473384K) : nldd_drw has 0 polygons
2026-03-25 23:00:52 +0100: Memory Usage (473384K) : pldd_drw has 0 polygons
2026-03-25 23:00:52 +0100: Memory Usage (473384K) : next_drw has 0 polygons
2026-03-25 23:00:52 +0100: Memory Usage (473384K) : pext_drw has 0 polygons
2026-03-25 23:00:52 +0100: Memory Usage (473384K) : nexthv_drw has 0 polygons
2026-03-25 23:00:52 +0100: Memory Usage (473384K) : pexthv_drw has 0 polygons
2026-03-25 23:00:52 +0100: Memory Usage (473384K) : graphgate_drw has 0 polygons
2026-03-25 23:00:52 +0100: Memory Usage (473384K) : sinwg_drw has 0 polygons
2026-03-25 23:00:52 +0100: Memory Usage (473384K) : sinwg_filler has 0 polygons
2026-03-25 23:00:52 +0100: Memory Usage (473384K) : sinwg_nofill has 0 polygons
2026-03-25 23:00:52 +0100: Memory Usage (473384K) : mempad_drw has 0 polygons
2026-03-25 23:00:52 +0100: Memory Usage (473384K) : topvia1_drw has 1720 polygons
2026-03-25 23:00:52 +0100: Memory Usage (473384K) : topmetal1_drw has 13 polygons
2026-03-25 23:00:52 +0100: Memory Usage (473384K) : topmetal1_pin has 15 polygons
2026-03-25 23:00:52 +0100: Memory Usage (473384K) : topmetal1_mask has 0 polygons
2026-03-25 23:00:52 +0100: Memory Usage (473384K) : topmetal1_filler has 0 polygons
2026-03-25 23:00:52 +0100: Memory Usage (473384K) : topmetal1_nofill has 0 polygons
2026-03-25 23:00:52 +0100: Memory Usage (473384K) : topmetal1_slit has 0 polygons
2026-03-25 23:00:52 +0100: Memory Usage (473384K) : topmetal1_text has 5 polygons
2026-03-25 23:00:52 +0100: Memory Usage (473384K) : topmetal1_noqrc has 0 polygons
2026-03-25 23:00:52 +0100: Memory Usage (473384K) : topmetal1_res has 0 polygons
2026-03-25 23:00:52 +0100: Memory Usage (473384K) : topmetal1_iprobe has 0 polygons
2026-03-25 23:00:52 +0100: Memory Usage (473384K) : topmetal1_diffprb has 0 polygons
2026-03-25 23:00:52 +0100: Memory Usage (473384K) : inldpwl_drw has 0 polygons
2026-03-25 23:00:52 +0100: Memory Usage (473384K) : polyres_drw has 7 polygons
2026-03-25 23:00:52 +0100: Memory Usage (473384K) : polyres_pin has 0 polygons
2026-03-25 23:00:52 +0100: Memory Usage (473384K) : vmim_drw has 578 polygons
2026-03-25 23:00:52 +0100: Memory Usage (473384K) : nbulaycut_drw has 0 polygons
2026-03-25 23:00:52 +0100: Memory Usage (473384K) : antmetal1_drw has 0 polygons
2026-03-25 23:00:52 +0100: Memory Usage (473384K) : topvia2_drw has 916 polygons
2026-03-25 23:00:52 +0100: Memory Usage (473384K) : topmetal2_drw has 4 polygons
2026-03-25 23:00:52 +0100: Memory Usage (473384K) : topmetal2_pin has 2 polygons
2026-03-25 23:00:52 +0100: Memory Usage (473384K) : topmetal2_mask has 0 polygons
2026-03-25 23:00:52 +0100: Memory Usage (473384K) : topmetal2_filler has 0 polygons
2026-03-25 23:00:52 +0100: Memory Usage (473384K) : topmetal2_nofill has 0 polygons
2026-03-25 23:00:52 +0100: Memory Usage (473384K) : topmetal2_slit has 0 polygons
2026-03-25 23:00:52 +0100: Memory Usage (473384K) : topmetal2_text has 2 polygons
2026-03-25 23:00:52 +0100: Memory Usage (473384K) : topmetal2_noqrc has 0 polygons
2026-03-25 23:00:52 +0100: Memory Usage (473384K) : topmetal2_res has 0 polygons
2026-03-25 23:00:52 +0100: Memory Usage (473384K) : topmetal2_iprobe has 0 polygons
2026-03-25 23:00:52 +0100: Memory Usage (473384K) : topmetal2_diffprb has 0 polygons
2026-03-25 23:00:52 +0100: Memory Usage (473384K) : snsring_drw has 0 polygons
2026-03-25 23:00:52 +0100: Memory Usage (473384K) : sensor_drw has 0 polygons
2026-03-25 23:00:52 +0100: Memory Usage (473384K) : snsarms_drw has 0 polygons
2026-03-25 23:00:52 +0100: Memory Usage (473384K) : snscmosvia_drw has 0 polygons
2026-03-25 23:00:52 +0100: Memory Usage (473384K) : colwind_drw has 0 polygons
2026-03-25 23:00:52 +0100: Memory Usage (473384K) : flm_drw has 0 polygons
2026-03-25 23:00:52 +0100: Memory Usage (473384K) : hafniumox_drw has 0 polygons
2026-03-25 23:00:52 +0100: Memory Usage (473384K) : memvia_drw has 0 polygons
2026-03-25 23:00:52 +0100: Memory Usage (473384K) : thinfilmres_drw has 0 polygons
2026-03-25 23:00:52 +0100: Memory Usage (473384K) : rfmem_drw has 0 polygons
2026-03-25 23:00:52 +0100: Memory Usage (473384K) : norcx_drw has 0 polygons
2026-03-25 23:00:52 +0100: Memory Usage (473384K) : norcx_m2m3 has 0 polygons
2026-03-25 23:00:52 +0100: Memory Usage (473384K) : norcx_m2m4 has 0 polygons
2026-03-25 23:00:52 +0100: Memory Usage (473384K) : norcx_m2m5 has 0 polygons
2026-03-25 23:00:52 +0100: Memory Usage (473384K) : norcx_m2tm1 has 0 polygons
2026-03-25 23:00:52 +0100: Memory Usage (473384K) : norcx_m2tm2 has 0 polygons
2026-03-25 23:00:52 +0100: Memory Usage (473384K) : norcx_m3m4 has 0 polygons
2026-03-25 23:00:52 +0100: Memory Usage (473384K) : norcx_m3m5 has 0 polygons
2026-03-25 23:00:52 +0100: Memory Usage (473384K) : norcx_m3tm1 has 0 polygons
2026-03-25 23:00:52 +0100: Memory Usage (473384K) : norcx_m3tm2 has 0 polygons
2026-03-25 23:00:52 +0100: Memory Usage (473384K) : norcx_m4m5 has 0 polygons
2026-03-25 23:00:52 +0100: Memory Usage (473384K) : norcx_m4tm1 has 0 polygons
2026-03-25 23:00:52 +0100: Memory Usage (473384K) : norcx_m4tm2 has 0 polygons
2026-03-25 23:00:52 +0100: Memory Usage (473384K) : norcx_m5tm1 has 0 polygons
2026-03-25 23:00:52 +0100: Memory Usage (473384K) : norcx_m5tm2 has 0 polygons
2026-03-25 23:00:52 +0100: Memory Usage (473384K) : norcx_tm1tm2 has 0 polygons
2026-03-25 23:00:52 +0100: Memory Usage (473384K) : norcx_m1sub has 0 polygons
2026-03-25 23:00:52 +0100: Memory Usage (473384K) : norcx_m2sub has 0 polygons
2026-03-25 23:00:52 +0100: Memory Usage (473384K) : norcx_m3sub has 0 polygons
2026-03-25 23:00:52 +0100: Memory Usage (473384K) : norcx_m4sub has 0 polygons
2026-03-25 23:00:52 +0100: Memory Usage (473384K) : norcx_m5sub has 0 polygons
2026-03-25 23:00:52 +0100: Memory Usage (473384K) : norcx_tm1sub has 0 polygons
2026-03-25 23:00:52 +0100: Memory Usage (473384K) : norcx_tm2sub has 0 polygons
2026-03-25 23:00:52 +0100: Memory Usage (473384K) : snsbotvia_drw has 0 polygons
2026-03-25 23:00:52 +0100: Memory Usage (473384K) : snstopvia_drw has 0 polygons
2026-03-25 23:00:52 +0100: Memory Usage (473384K) : deepvia_drw has 0 polygons
2026-03-25 23:00:52 +0100: Memory Usage (473384K) : fgetch_drw has 0 polygons
2026-03-25 23:00:52 +0100: Memory Usage (473384K) : ctrgat_drw has 0 polygons
2026-03-25 23:00:52 +0100: Memory Usage (473384K) : fgimp_drw has 0 polygons
2026-03-25 23:00:52 +0100: Memory Usage (473384K) : emwihv_drw has 0 polygons
2026-03-25 23:00:52 +0100: Memory Usage (473384K) : lbe_drw has 0 polygons
2026-03-25 23:00:52 +0100: Memory Usage (473384K) : alcustop_drw has 0 polygons
2026-03-25 23:00:52 +0100: Memory Usage (473384K) : nometfiller_drw has 0 polygons
2026-03-25 23:00:52 +0100: Memory Usage (473384K) : prboundary_drw has 0 polygons
2026-03-25 23:00:52 +0100: Memory Usage (473384K) : exchange0_drw has 0 polygons
2026-03-25 23:00:52 +0100: Memory Usage (473384K) : exchange0_pin has 0 polygons
2026-03-25 23:00:52 +0100: Memory Usage (473384K) : exchange0_text has 0 polygons
2026-03-25 23:00:52 +0100: Memory Usage (473384K) : exchange1_drw has 0 polygons
2026-03-25 23:00:52 +0100: Memory Usage (473384K) : exchange1_pin has 0 polygons
2026-03-25 23:00:52 +0100: Memory Usage (473384K) : exchange1_text has 0 polygons
2026-03-25 23:00:52 +0100: Memory Usage (473384K) : exchange2_drw has 0 polygons
2026-03-25 23:00:52 +0100: Memory Usage (473384K) : exchange2_pin has 0 polygons
2026-03-25 23:00:52 +0100: Memory Usage (473384K) : exchange2_text has 0 polygons
2026-03-25 23:00:52 +0100: Memory Usage (473384K) : exchange3_drw has 0 polygons
2026-03-25 23:00:52 +0100: Memory Usage (473384K) : exchange3_pin has 0 polygons
2026-03-25 23:00:52 +0100: Memory Usage (473384K) : exchange3_text has 0 polygons
2026-03-25 23:00:52 +0100: Memory Usage (473384K) : exchange4_drw has 0 polygons
2026-03-25 23:00:52 +0100: Memory Usage (473384K) : exchange4_pin has 0 polygons
2026-03-25 23:00:52 +0100: Memory Usage (473384K) : exchange4_text has 0 polygons
2026-03-25 23:00:52 +0100: Memory Usage (473384K) : isonwell_drw has 0 polygons
2026-03-25 23:00:52 +0100: Memory Usage (473384K) : Total no. of polygons in the design is 55451
2026-03-25 23:00:52 +0100: Memory Usage (473384K) : Loaded TECH DRC rules values from /foss/pdks/ihp-sg13g2/libs.tech/klayout/python/sg13g2_pycell_lib/sg13g2_tech_mod.json
2026-03-25 23:00:52 +0100: Memory Usage (473384K) : Loaded default DRC rules values from /foss/pdks/ihp-sg13g2/libs.tech/klayout/tech/drc/rule_decks/sg13g2_tech_default.json
2026-03-25 23:00:52 +0100: Memory Usage (473384K) : The following rules values were missing in tech json and default values were used:
2026-03-25 23:00:52 +0100: Memory Usage (473384K) :   - Cnt_c_digibnd
2026-03-25 23:00:52 +0100: Memory Usage (473384K) : Total area of the design is 54805.149724999996 um^2.
2026-03-25 23:00:52 +0100: Memory Usage (473384K) : The design dimensions are 309.90500000000003 µm * 176.845 µm.
2026-03-25 23:00:52 +0100: Memory Usage (473384K) : Starting general IHP-SG13G2 derivations.
2026-03-25 23:00:52 +0100: Memory Usage (473384K) : Starting Pwell derivations
2026-03-25 23:00:52 +0100: Memory Usage (473384K) : Starting IHP-SG13G2 DRC rules.
2026-03-25 23:00:52 +0100: Memory Usage (473384K) : Starting 5.17 Metaln table
2026-03-25 23:00:52 +0100: Memory Usage (473384K) : Executing rule M2.a
2026-03-25 23:00:53 +0100: Memory Usage (473384K) : Executing rule M2.b
2026-03-25 23:00:53 +0100: Memory Usage (474572K) : Executing rule M2.e
2026-03-25 23:00:53 +0100: Memory Usage (474572K) : Executing rule M2.f
2026-03-25 23:00:53 +0100: Memory Usage (474572K) : Executing rule M2.g
2026-03-25 23:00:53 +0100: Memory Usage (474572K) : Executing rule M2.i
2026-03-25 23:00:53 +0100: Memory Usage (474572K) : Executing rule M3.a
2026-03-25 23:00:53 +0100: Memory Usage (474572K) : Executing rule M3.b
2026-03-25 23:00:53 +0100: Memory Usage (474572K) : Executing rule M3.e
2026-03-25 23:00:53 +0100: Memory Usage (474572K) : Executing rule M3.f
2026-03-25 23:00:53 +0100: Memory Usage (474572K) : Executing rule M3.g
2026-03-25 23:00:53 +0100: Memory Usage (474572K) : Executing rule M3.i
2026-03-25 23:00:53 +0100: Memory Usage (475472K) : Executing rule M4.a
2026-03-25 23:00:53 +0100: Memory Usage (475736K) : Executing rule M4.b
2026-03-25 23:00:53 +0100: Memory Usage (475736K) : Executing rule M4.e
2026-03-25 23:00:53 +0100: Memory Usage (476000K) : Executing rule M4.f
2026-03-25 23:00:53 +0100: Memory Usage (476264K) : Executing rule M4.g
2026-03-25 23:00:53 +0100: Memory Usage (476528K) : Executing rule M4.i
2026-03-25 23:00:53 +0100: Memory Usage (477056K) : Executing rule M5.a
2026-03-25 23:00:53 +0100: Memory Usage (477056K) : Executing rule M5.b
2026-03-25 23:00:53 +0100: Memory Usage (477320K) : Executing rule M5.e
2026-03-25 23:00:53 +0100: Memory Usage (477320K) : Executing rule M5.f
2026-03-25 23:00:53 +0100: Memory Usage (477584K) : Executing rule M5.g
2026-03-25 23:00:53 +0100: Memory Usage (478112K) : Executing rule M5.i
2026-03-25 23:00:53 +0100: Memory Usage (478376K) : KLayout DRC run for tables 'metaln' completed in 1.87 seconds
