# Logfile created on 2026-03-25 23:00:43 +0100 by logger.rb/v1.5.3
2026-03-25 23:00:43 +0100: Memory Usage (437440K) : Starting running IHP-SG13G2 KLayout DRC runset on /foss/designs/Design/xschem/IHP__OPA2251/OPA2251-main/layout/klayout/HPA_project_wrapper.gds
2026-03-25 23:00:43 +0100: Memory Usage (437440K) : Ruby Version for klayout: 3.2.3
2026-03-25 23:00:44 +0100: Memory Usage (452012K) : Loading database to memory is complete.
2026-03-25 23:00:44 +0100: Memory Usage (452932K) : IHP-SG13G2 KLayout DRC runset output at: /foss/designs/Design/xschem/IHP__OPA2251/OPA2251-main/layout/klayout/drc_run_HPA/HPA_project_wrapper_HPA_activfiller.lyrdb
2026-03-25 23:00:44 +0100: Memory Usage (452932K) : Evaluate switches.
2026-03-25 23:00:44 +0100: Memory Usage (452932K) : tables selected: activfiller
2026-03-25 23:00:44 +0100: Memory Usage (452932K) : KLayout will use 4 thread(s) in tiled mode.
2026-03-25 23:00:44 +0100: Memory Usage (452932K) : flat mode is enabled.
2026-03-25 23:00:44 +0100: Memory Usage (452932K) : FEOL enabled: false
2026-03-25 23:00:44 +0100: Memory Usage (452932K) : BEOL enabled: false
2026-03-25 23:00:44 +0100: Memory Usage (452932K) : OFFGRID enabled: true
2026-03-25 23:00:44 +0100: Memory Usage (452932K) : PIN enabled: false
2026-03-25 23:00:44 +0100: Memory Usage (452932K) : FORBIDDEN enabled: false
2026-03-25 23:00:44 +0100: Memory Usage (452932K) : RECOMMENDED enabled: true
2026-03-25 23:00:44 +0100: Memory Usage (452932K) : PreCheck DRC enabled: false
2026-03-25 23:00:44 +0100: Memory Usage (452932K) : CONNECTIVITY_RULES enabled: false.
2026-03-25 23:00:44 +0100: Memory Usage (452932K) : Read in polygons from layers.
2026-03-25 23:00:44 +0100: Memory Usage (455144K) : activ_drw has 198 polygons
2026-03-25 23:00:44 +0100: Memory Usage (455144K) : activ_pin has 0 polygons
2026-03-25 23:00:44 +0100: Memory Usage (455144K) : activ_mask has 0 polygons
2026-03-25 23:00:44 +0100: Memory Usage (455144K) : activ_filler has 0 polygons
2026-03-25 23:00:44 +0100: Memory Usage (455144K) : activ_nofill has 0 polygons
2026-03-25 23:00:44 +0100: Memory Usage (455144K) : activ_opc has 0 polygons
2026-03-25 23:00:44 +0100: Memory Usage (455144K) : activ_iopc has 0 polygons
2026-03-25 23:00:44 +0100: Memory Usage (455144K) : activ_noqrc has 0 polygons
2026-03-25 23:00:44 +0100: Memory Usage (455144K) : biwind_drw has 0 polygons
2026-03-25 23:00:44 +0100: Memory Usage (455144K) : biwind_opc has 0 polygons
2026-03-25 23:00:44 +0100: Memory Usage (455144K) : pemwind_drw has 0 polygons
2026-03-25 23:00:44 +0100: Memory Usage (455524K) : gatpoly_drw has 108 polygons
2026-03-25 23:00:44 +0100: Memory Usage (455524K) : gatpoly_pin has 124 polygons
2026-03-25 23:00:44 +0100: Memory Usage (455524K) : gatpoly_filler has 0 polygons
2026-03-25 23:00:44 +0100: Memory Usage (455524K) : gatpoly_nofill has 0 polygons
2026-03-25 23:00:44 +0100: Memory Usage (455524K) : gatpoly_opc has 0 polygons
2026-03-25 23:00:44 +0100: Memory Usage (455524K) : gatpoly_iopc has 0 polygons
2026-03-25 23:00:44 +0100: Memory Usage (455524K) : gatpoly_noqrc has 0 polygons
2026-03-25 23:00:44 +0100: Memory Usage (460012K) : cont_drw has 16803 polygons
2026-03-25 23:00:44 +0100: Memory Usage (460012K) : cont_opc has 0 polygons
2026-03-25 23:00:44 +0100: Memory Usage (460012K) : nsd_drw has 0 polygons
2026-03-25 23:00:44 +0100: Memory Usage (460012K) : nsd_block has 0 polygons
2026-03-25 23:00:44 +0100: Memory Usage (460012K) : metal1_drw has 390 polygons
2026-03-25 23:00:44 +0100: Memory Usage (460012K) : metal1_pin has 515 polygons
2026-03-25 23:00:44 +0100: Memory Usage (460012K) : metal1_mask has 0 polygons
2026-03-25 23:00:44 +0100: Memory Usage (460012K) : metal1_filler has 0 polygons
2026-03-25 23:00:44 +0100: Memory Usage (460012K) : metal1_nofill has 0 polygons
2026-03-25 23:00:44 +0100: Memory Usage (460012K) : metal1_slit has 0 polygons
2026-03-25 23:00:44 +0100: Memory Usage (460012K) : metal1_text has 0 polygons
2026-03-25 23:00:44 +0100: Memory Usage (460012K) : metal1_opc has 0 polygons
2026-03-25 23:00:44 +0100: Memory Usage (460012K) : metal1_noqrc has 0 polygons
2026-03-25 23:00:44 +0100: Memory Usage (460012K) : metal1_res has 0 polygons
2026-03-25 23:00:44 +0100: Memory Usage (460012K) : metal1_iprobe has 0 polygons
2026-03-25 23:00:44 +0100: Memory Usage (460012K) : metal1_diffprb has 0 polygons
2026-03-25 23:00:44 +0100: Memory Usage (460012K) : passiv_drw has 0 polygons
2026-03-25 23:00:44 +0100: Memory Usage (460012K) : passiv_pin has 0 polygons
2026-03-25 23:00:44 +0100: Memory Usage (460012K) : passiv_sbump has 0 polygons
2026-03-25 23:00:44 +0100: Memory Usage (460012K) : passiv_pillar has 0 polygons
2026-03-25 23:00:44 +0100: Memory Usage (460012K) : passiv_pdl has 0 polygons
2026-03-25 23:00:44 +0100: Memory Usage (460012K) : metal2_drw has 95 polygons
2026-03-25 23:00:44 +0100: Memory Usage (460012K) : metal2_pin has 11 polygons
2026-03-25 23:00:44 +0100: Memory Usage (460012K) : metal2_mask has 0 polygons
2026-03-25 23:00:44 +0100: Memory Usage (460012K) : metal2_filler has 0 polygons
2026-03-25 23:00:44 +0100: Memory Usage (460012K) : metal2_nofill has 0 polygons
2026-03-25 23:00:44 +0100: Memory Usage (460012K) : metal2_slit has 0 polygons
2026-03-25 23:00:44 +0100: Memory Usage (460012K) : metal2_text has 0 polygons
2026-03-25 23:00:44 +0100: Memory Usage (460012K) : metal2_opc has 0 polygons
2026-03-25 23:00:44 +0100: Memory Usage (460012K) : metal2_noqrc has 0 polygons
2026-03-25 23:00:44 +0100: Memory Usage (460012K) : metal2_res has 0 polygons
2026-03-25 23:00:44 +0100: Memory Usage (460012K) : metal2_iprobe has 0 polygons
2026-03-25 23:00:44 +0100: Memory Usage (460012K) : metal2_diffprb has 0 polygons
2026-03-25 23:00:44 +0100: Memory Usage (460012K) : baspoly_drw has 0 polygons
2026-03-25 23:00:44 +0100: Memory Usage (460012K) : baspoly_pin has 0 polygons
2026-03-25 23:00:44 +0100: Memory Usage (460448K) : psd_drw has 24 polygons
2026-03-25 23:00:44 +0100: Memory Usage (460448K) : nldb_drw has 0 polygons
2026-03-25 23:00:44 +0100: Memory Usage (460448K) : digibnd_drw has 0 polygons
2026-03-25 23:00:44 +0100: Memory Usage (462296K) : via1_drw has 9590 polygons
2026-03-25 23:00:44 +0100: Memory Usage (462296K) : backmetal1_drw has 0 polygons
2026-03-25 23:00:44 +0100: Memory Usage (462296K) : backmetal1_pin has 0 polygons
2026-03-25 23:00:44 +0100: Memory Usage (462296K) : backmetal1_mask has 0 polygons
2026-03-25 23:00:44 +0100: Memory Usage (462296K) : backmetal1_filler has 0 polygons
2026-03-25 23:00:44 +0100: Memory Usage (462296K) : backmetal1_nofill has 0 polygons
2026-03-25 23:00:44 +0100: Memory Usage (462296K) : backmetal1_slit has 0 polygons
2026-03-25 23:00:44 +0100: Memory Usage (462296K) : backmetal1_text has 0 polygons
2026-03-25 23:00:44 +0100: Memory Usage (462296K) : backmetal1_opc has 0 polygons
2026-03-25 23:00:44 +0100: Memory Usage (462296K) : backmetal1_noqrc has 0 polygons
2026-03-25 23:00:44 +0100: Memory Usage (462296K) : backmetal1_res has 0 polygons
2026-03-25 23:00:44 +0100: Memory Usage (462296K) : backmetal1_iprobe has 0 polygons
2026-03-25 23:00:44 +0100: Memory Usage (462296K) : backmetal1_diffprb has 0 polygons
2026-03-25 23:00:44 +0100: Memory Usage (462296K) : backpassiv_drw has 0 polygons
2026-03-25 23:00:44 +0100: Memory Usage (462296K) : res_drw has 0 polygons
2026-03-25 23:00:44 +0100: Memory Usage (462296K) : sram_drw has 0 polygons
2026-03-25 23:00:44 +0100: Memory Usage (462296K) : trans_drw has 0 polygons
2026-03-25 23:00:44 +0100: Memory Usage (462296K) : ind_drw has 0 polygons
2026-03-25 23:00:44 +0100: Memory Usage (462296K) : ind_pin has 0 polygons
2026-03-25 23:00:44 +0100: Memory Usage (462296K) : ind_text has 0 polygons
2026-03-25 23:00:44 +0100: Memory Usage (462560K) : salblock_drw has 7 polygons
2026-03-25 23:00:44 +0100: Memory Usage (464144K) : via2_drw has 7995 polygons
2026-03-25 23:00:44 +0100: Memory Usage (464144K) : metal3_drw has 67 polygons
2026-03-25 23:00:44 +0100: Memory Usage (464144K) : metal3_pin has 8 polygons
2026-03-25 23:00:44 +0100: Memory Usage (464144K) : metal3_mask has 0 polygons
2026-03-25 23:00:44 +0100: Memory Usage (464144K) : metal3_filler has 0 polygons
2026-03-25 23:00:44 +0100: Memory Usage (464144K) : metal3_nofill has 0 polygons
2026-03-25 23:00:44 +0100: Memory Usage (464144K) : metal3_slit has 0 polygons
2026-03-25 23:00:44 +0100: Memory Usage (464144K) : metal3_text has 0 polygons
2026-03-25 23:00:44 +0100: Memory Usage (464144K) : metal3_opc has 0 polygons
2026-03-25 23:00:44 +0100: Memory Usage (464144K) : metal3_noqrc has 0 polygons
2026-03-25 23:00:44 +0100: Memory Usage (464144K) : metal3_res has 0 polygons
2026-03-25 23:00:44 +0100: Memory Usage (464144K) : metal3_iprobe has 0 polygons
2026-03-25 23:00:44 +0100: Memory Usage (464144K) : metal3_diffprb has 0 polygons
2026-03-25 23:00:44 +0100: Memory Usage (464936K) : nwell_drw has 5 polygons
2026-03-25 23:00:44 +0100: Memory Usage (464936K) : nwell_pin has 0 polygons
2026-03-25 23:00:44 +0100: Memory Usage (464936K) : nbulay_drw has 0 polygons
2026-03-25 23:00:44 +0100: Memory Usage (464936K) : nbulay_pin has 0 polygons
2026-03-25 23:00:44 +0100: Memory Usage (464936K) : nbulay_block has 0 polygons
2026-03-25 23:00:44 +0100: Memory Usage (464936K) : emwind_drw has 0 polygons
2026-03-25 23:00:44 +0100: Memory Usage (464936K) : emwind_opc has 0 polygons
2026-03-25 23:00:44 +0100: Memory Usage (464936K) : deepco_drw has 0 polygons
2026-03-25 23:00:44 +0100: Memory Usage (465200K) : deepco_drw has 0 polygons
2026-03-25 23:00:44 +0100: Memory Usage (465200K) : mim_drw has 2 polygons
2026-03-25 23:00:44 +0100: Memory Usage (465464K) : edgeseal_drw has 0 polygons
2026-03-25 23:00:44 +0100: Memory Usage (465464K) : edgeseal_bound has 0 polygons
2026-03-25 23:00:44 +0100: Memory Usage (465728K) : substrate_drw has 723 polygons
2026-03-25 23:00:44 +0100: Memory Usage (465728K) : substrate_text has 0 polygons
2026-03-25 23:00:44 +0100: Memory Usage (465728K) : dfpad_drw has 0 polygons
2026-03-25 23:00:44 +0100: Memory Usage (465992K) : dfpad_pillar has 0 polygons
2026-03-25 23:00:44 +0100: Memory Usage (465992K) : dfpad_sbump has 0 polygons
2026-03-25 23:00:44 +0100: Memory Usage (466256K) : thickgateox_drw has 0 polygons
2026-03-25 23:00:44 +0100: Memory Usage (466256K) : pldb_drw has 0 polygons
2026-03-25 23:00:44 +0100: Memory Usage (466256K) : pwell_drw has 0 polygons
2026-03-25 23:00:44 +0100: Memory Usage (466520K) : pwell_pin has 0 polygons
2026-03-25 23:00:44 +0100: Memory Usage (466520K) : pwell_block has 0 polygons
2026-03-25 23:00:44 +0100: Memory Usage (466784K) : ic_drw has 0 polygons
2026-03-25 23:00:44 +0100: Memory Usage (468368K) : via3_drw has 7005 polygons
2026-03-25 23:00:44 +0100: Memory Usage (468368K) : metal4_drw has 40 polygons
2026-03-25 23:00:44 +0100: Memory Usage (468368K) : metal4_pin has 3 polygons
2026-03-25 23:00:44 +0100: Memory Usage (468368K) : metal4_mask has 0 polygons
2026-03-25 23:00:44 +0100: Memory Usage (468368K) : metal4_filler has 0 polygons
2026-03-25 23:00:44 +0100: Memory Usage (468368K) : metal4_nofill has 0 polygons
2026-03-25 23:00:44 +0100: Memory Usage (468368K) : metal4_slit has 0 polygons
2026-03-25 23:00:44 +0100: Memory Usage (468368K) : metal4_text has 0 polygons
2026-03-25 23:00:44 +0100: Memory Usage (468368K) : metal4_opc has 0 polygons
2026-03-25 23:00:44 +0100: Memory Usage (468368K) : metal4_noqrc has 0 polygons
2026-03-25 23:00:44 +0100: Memory Usage (468632K) : metal4_res has 0 polygons
2026-03-25 23:00:44 +0100: Memory Usage (468632K) : metal4_iprobe has 0 polygons
2026-03-25 23:00:44 +0100: Memory Usage (468632K) : metal4_diffprb has 0 polygons
2026-03-25 23:00:44 +0100: Memory Usage (469160K) : heattrans_drw has 421 polygons
2026-03-25 23:00:44 +0100: Memory Usage (469424K) : heatres_drw has 7 polygons
2026-03-25 23:00:44 +0100: Memory Usage (469424K) : pempoly_drw has 0 polygons
2026-03-25 23:00:44 +0100: Memory Usage (469424K) : fbe_drw has 0 polygons
2026-03-25 23:00:44 +0100: Memory Usage (469424K) : empoly_drw has 0 polygons
2026-03-25 23:00:44 +0100: Memory Usage (469424K) : ldmos_drw has 0 polygons
2026-03-25 23:00:44 +0100: Memory Usage (469424K) : pbiwind_drw has 0 polygons
2026-03-25 23:00:44 +0100: Memory Usage (469688K) : digisub_drw has 0 polygons
2026-03-25 23:00:44 +0100: Memory Usage (469688K) : nodrc_drw has 0 polygons
2026-03-25 23:00:44 +0100: Memory Usage (469688K) : text_drw has 1107 polygons
2026-03-25 23:00:44 +0100: Memory Usage (471536K) : via4_drw has 6898 polygons
2026-03-25 23:00:44 +0100: Memory Usage (471536K) : metal5_drw has 32 polygons
2026-03-25 23:00:44 +0100: Memory Usage (471536K) : metal5_pin has 5 polygons
2026-03-25 23:00:44 +0100: Memory Usage (471536K) : metal5_mask has 0 polygons
2026-03-25 23:00:44 +0100: Memory Usage (471728K) : metal5_filler has 0 polygons
2026-03-25 23:00:44 +0100: Memory Usage (471728K) : metal5_nofill has 0 polygons
2026-03-25 23:00:44 +0100: Memory Usage (471728K) : metal5_slit has 0 polygons
2026-03-25 23:00:44 +0100: Memory Usage (471728K) : metal5_text has 1 polygons
2026-03-25 23:00:44 +0100: Memory Usage (471728K) : metal5_opc has 0 polygons
2026-03-25 23:00:44 +0100: Memory Usage (471728K) : metal5_noqrc has 0 polygons
2026-03-25 23:00:44 +0100: Memory Usage (471728K) : metal5_res has 0 polygons
2026-03-25 23:00:44 +0100: Memory Usage (471728K) : metal5_iprobe has 0 polygons
2026-03-25 23:00:44 +0100: Memory Usage (471728K) : metal5_diffprb has 0 polygons
2026-03-25 23:00:44 +0100: Memory Usage (471728K) : radhard_drw has 0 polygons
2026-03-25 23:00:44 +0100: Memory Usage (471728K) : memcap_drw has 0 polygons
2026-03-25 23:00:44 +0100: Memory Usage (471728K) : varicap_drw has 0 polygons
2026-03-25 23:00:44 +0100: Memory Usage (471728K) : flash_drw has 0 polygons
2026-03-25 23:00:44 +0100: Memory Usage (471728K) : intbondvia_drw has 0 polygons
2026-03-25 23:00:44 +0100: Memory Usage (471728K) : intbondmet_drw has 0 polygons
2026-03-25 23:00:44 +0100: Memory Usage (471728K) : devbondvia_drw has 0 polygons
2026-03-25 23:00:44 +0100: Memory Usage (471728K) : devbondmet_drw has 0 polygons
2026-03-25 23:00:44 +0100: Memory Usage (471728K) : devtrench_drw has 0 polygons
2026-03-25 23:00:44 +0100: Memory Usage (471728K) : redist_drw has 0 polygons
2026-03-25 23:00:44 +0100: Memory Usage (471728K) : graphbot_drw has 0 polygons
2026-03-25 23:00:44 +0100: Memory Usage (471728K) : graphtop_drw has 0 polygons
2026-03-25 23:00:44 +0100: Memory Usage (471728K) : antvia1_drw has 0 polygons
2026-03-25 23:00:44 +0100: Memory Usage (471728K) : antmetal2_drw has 0 polygons
2026-03-25 23:00:44 +0100: Memory Usage (471728K) : graphcont_drw has 0 polygons
2026-03-25 23:00:44 +0100: Memory Usage (471728K) : siwg_drw has 0 polygons
2026-03-25 23:00:44 +0100: Memory Usage (471728K) : siwg_filler has 0 polygons
2026-03-25 23:00:44 +0100: Memory Usage (471728K) : siwg_nofill has 0 polygons
2026-03-25 23:00:44 +0100: Memory Usage (471728K) : sigrating_drw has 0 polygons
2026-03-25 23:00:44 +0100: Memory Usage (471728K) : singrating_drw has 0 polygons
2026-03-25 23:00:44 +0100: Memory Usage (471728K) : graphpas_drw has 0 polygons
2026-03-25 23:00:44 +0100: Memory Usage (471728K) : emwind3_drw has 0 polygons
2026-03-25 23:00:44 +0100: Memory Usage (471728K) : emwihv3_drw has 0 polygons
2026-03-25 23:00:44 +0100: Memory Usage (471728K) : redbulay_drw has 0 polygons
2026-03-25 23:00:44 +0100: Memory Usage (471728K) : smos_drw has 0 polygons
2026-03-25 23:00:44 +0100: Memory Usage (471728K) : graphpad_drw has 0 polygons
2026-03-25 23:00:44 +0100: Memory Usage (471728K) : polimide_drw has 0 polygons
2026-03-25 23:00:44 +0100: Memory Usage (471728K) : polimide_pin has 0 polygons
2026-03-25 23:00:44 +0100: Memory Usage (471728K) : recog_drw has 0 polygons
2026-03-25 23:00:44 +0100: Memory Usage (471728K) : recog_pin has 0 polygons
2026-03-25 23:00:44 +0100: Memory Usage (471728K) : recog_esd has 0 polygons
2026-03-25 23:00:44 +0100: Memory Usage (471728K) : recog_diode has 0 polygons
2026-03-25 23:00:44 +0100: Memory Usage (471728K) : recog_tsv has 0 polygons
2026-03-25 23:00:44 +0100: Memory Usage (471728K) : recog_iprobe has 0 polygons
2026-03-25 23:00:44 +0100: Memory Usage (471728K) : recog_diffprb has 0 polygons
2026-03-25 23:00:44 +0100: Memory Usage (471728K) : recog_pillar has 0 polygons
2026-03-25 23:00:44 +0100: Memory Usage (471728K) : recog_sbump has 0 polygons
2026-03-25 23:00:44 +0100: Memory Usage (471728K) : recog_otp has 0 polygons
2026-03-25 23:00:44 +0100: Memory Usage (471728K) : recog_pdiode has 0 polygons
2026-03-25 23:00:44 +0100: Memory Usage (471728K) : recog_mom has 0 polygons
2026-03-25 23:00:44 +0100: Memory Usage (471728K) : recog_pcm has 0 polygons
2026-03-25 23:00:44 +0100: Memory Usage (471728K) : colopen_drw has 0 polygons
2026-03-25 23:00:44 +0100: Memory Usage (471728K) : graphmetal1_drw has 0 polygons
2026-03-25 23:00:44 +0100: Memory Usage (471728K) : graphmetal1_filler has 0 polygons
2026-03-25 23:00:44 +0100: Memory Usage (471728K) : graphmetal1_nofill has 0 polygons
2026-03-25 23:00:44 +0100: Memory Usage (471728K) : graphmetal1_slit has 0 polygons
2026-03-25 23:00:44 +0100: Memory Usage (471728K) : graphmetal1_opc has 0 polygons
2026-03-25 23:00:44 +0100: Memory Usage (471728K) : graphmet1l_drw has 0 polygons
2026-03-25 23:00:44 +0100: Memory Usage (471728K) : graphmet1l_filler has 0 polygons
2026-03-25 23:00:44 +0100: Memory Usage (471728K) : graphmet1l_nofill has 0 polygons
2026-03-25 23:00:44 +0100: Memory Usage (471728K) : graphmet1l_slit has 0 polygons
2026-03-25 23:00:44 +0100: Memory Usage (471728K) : graphmet1l_opc has 0 polygons
2026-03-25 23:00:44 +0100: Memory Usage (471728K) : extblock_drw has 5 polygons
2026-03-25 23:00:44 +0100: Memory Usage (471728K) : nldd_drw has 0 polygons
2026-03-25 23:00:44 +0100: Memory Usage (471728K) : pldd_drw has 0 polygons
2026-03-25 23:00:44 +0100: Memory Usage (471728K) : next_drw has 0 polygons
2026-03-25 23:00:44 +0100: Memory Usage (471728K) : pext_drw has 0 polygons
2026-03-25 23:00:44 +0100: Memory Usage (471728K) : nexthv_drw has 0 polygons
2026-03-25 23:00:44 +0100: Memory Usage (471728K) : pexthv_drw has 0 polygons
2026-03-25 23:00:44 +0100: Memory Usage (471728K) : graphgate_drw has 0 polygons
2026-03-25 23:00:44 +0100: Memory Usage (471728K) : sinwg_drw has 0 polygons
2026-03-25 23:00:44 +0100: Memory Usage (471728K) : sinwg_filler has 0 polygons
2026-03-25 23:00:44 +0100: Memory Usage (471728K) : sinwg_nofill has 0 polygons
2026-03-25 23:00:44 +0100: Memory Usage (471728K) : mempad_drw has 0 polygons
2026-03-25 23:00:44 +0100: Memory Usage (471728K) : topvia1_drw has 1720 polygons
2026-03-25 23:00:44 +0100: Memory Usage (471728K) : topmetal1_drw has 13 polygons
2026-03-25 23:00:44 +0100: Memory Usage (471728K) : topmetal1_pin has 15 polygons
2026-03-25 23:00:44 +0100: Memory Usage (471728K) : topmetal1_mask has 0 polygons
2026-03-25 23:00:44 +0100: Memory Usage (471728K) : topmetal1_filler has 0 polygons
2026-03-25 23:00:44 +0100: Memory Usage (471728K) : topmetal1_nofill has 0 polygons
2026-03-25 23:00:44 +0100: Memory Usage (471728K) : topmetal1_slit has 0 polygons
2026-03-25 23:00:44 +0100: Memory Usage (471728K) : topmetal1_text has 5 polygons
2026-03-25 23:00:44 +0100: Memory Usage (471728K) : topmetal1_noqrc has 0 polygons
2026-03-25 23:00:44 +0100: Memory Usage (471728K) : topmetal1_res has 0 polygons
2026-03-25 23:00:44 +0100: Memory Usage (471728K) : topmetal1_iprobe has 0 polygons
2026-03-25 23:00:44 +0100: Memory Usage (471728K) : topmetal1_diffprb has 0 polygons
2026-03-25 23:00:44 +0100: Memory Usage (471728K) : inldpwl_drw has 0 polygons
2026-03-25 23:00:44 +0100: Memory Usage (471728K) : polyres_drw has 7 polygons
2026-03-25 23:00:44 +0100: Memory Usage (471728K) : polyres_pin has 0 polygons
2026-03-25 23:00:44 +0100: Memory Usage (471728K) : vmim_drw has 578 polygons
2026-03-25 23:00:44 +0100: Memory Usage (471728K) : nbulaycut_drw has 0 polygons
2026-03-25 23:00:44 +0100: Memory Usage (471728K) : antmetal1_drw has 0 polygons
2026-03-25 23:00:44 +0100: Memory Usage (471728K) : topvia2_drw has 916 polygons
2026-03-25 23:00:44 +0100: Memory Usage (471728K) : topmetal2_drw has 4 polygons
2026-03-25 23:00:44 +0100: Memory Usage (471728K) : topmetal2_pin has 2 polygons
2026-03-25 23:00:44 +0100: Memory Usage (471728K) : topmetal2_mask has 0 polygons
2026-03-25 23:00:44 +0100: Memory Usage (471728K) : topmetal2_filler has 0 polygons
2026-03-25 23:00:44 +0100: Memory Usage (471728K) : topmetal2_nofill has 0 polygons
2026-03-25 23:00:44 +0100: Memory Usage (471728K) : topmetal2_slit has 0 polygons
2026-03-25 23:00:44 +0100: Memory Usage (471728K) : topmetal2_text has 2 polygons
2026-03-25 23:00:44 +0100: Memory Usage (471728K) : topmetal2_noqrc has 0 polygons
2026-03-25 23:00:44 +0100: Memory Usage (471728K) : topmetal2_res has 0 polygons
2026-03-25 23:00:44 +0100: Memory Usage (471728K) : topmetal2_iprobe has 0 polygons
2026-03-25 23:00:44 +0100: Memory Usage (471728K) : topmetal2_diffprb has 0 polygons
2026-03-25 23:00:44 +0100: Memory Usage (471728K) : snsring_drw has 0 polygons
2026-03-25 23:00:44 +0100: Memory Usage (471728K) : sensor_drw has 0 polygons
2026-03-25 23:00:44 +0100: Memory Usage (471728K) : snsarms_drw has 0 polygons
2026-03-25 23:00:44 +0100: Memory Usage (471728K) : snscmosvia_drw has 0 polygons
2026-03-25 23:00:44 +0100: Memory Usage (471728K) : colwind_drw has 0 polygons
2026-03-25 23:00:44 +0100: Memory Usage (471728K) : flm_drw has 0 polygons
2026-03-25 23:00:44 +0100: Memory Usage (471728K) : hafniumox_drw has 0 polygons
2026-03-25 23:00:44 +0100: Memory Usage (471728K) : memvia_drw has 0 polygons
2026-03-25 23:00:44 +0100: Memory Usage (471728K) : thinfilmres_drw has 0 polygons
2026-03-25 23:00:44 +0100: Memory Usage (471728K) : rfmem_drw has 0 polygons
2026-03-25 23:00:44 +0100: Memory Usage (471728K) : norcx_drw has 0 polygons
2026-03-25 23:00:44 +0100: Memory Usage (471728K) : norcx_m2m3 has 0 polygons
2026-03-25 23:00:44 +0100: Memory Usage (471728K) : norcx_m2m4 has 0 polygons
2026-03-25 23:00:44 +0100: Memory Usage (471728K) : norcx_m2m5 has 0 polygons
2026-03-25 23:00:44 +0100: Memory Usage (471728K) : norcx_m2tm1 has 0 polygons
2026-03-25 23:00:44 +0100: Memory Usage (471728K) : norcx_m2tm2 has 0 polygons
2026-03-25 23:00:44 +0100: Memory Usage (471728K) : norcx_m3m4 has 0 polygons
2026-03-25 23:00:44 +0100: Memory Usage (471728K) : norcx_m3m5 has 0 polygons
2026-03-25 23:00:44 +0100: Memory Usage (471728K) : norcx_m3tm1 has 0 polygons
2026-03-25 23:00:44 +0100: Memory Usage (471728K) : norcx_m3tm2 has 0 polygons
2026-03-25 23:00:44 +0100: Memory Usage (471728K) : norcx_m4m5 has 0 polygons
2026-03-25 23:00:44 +0100: Memory Usage (471728K) : norcx_m4tm1 has 0 polygons
2026-03-25 23:00:44 +0100: Memory Usage (471728K) : norcx_m4tm2 has 0 polygons
2026-03-25 23:00:44 +0100: Memory Usage (471728K) : norcx_m5tm1 has 0 polygons
2026-03-25 23:00:44 +0100: Memory Usage (471728K) : norcx_m5tm2 has 0 polygons
2026-03-25 23:00:44 +0100: Memory Usage (471728K) : norcx_tm1tm2 has 0 polygons
2026-03-25 23:00:44 +0100: Memory Usage (471728K) : norcx_m1sub has 0 polygons
2026-03-25 23:00:44 +0100: Memory Usage (471728K) : norcx_m2sub has 0 polygons
2026-03-25 23:00:44 +0100: Memory Usage (471728K) : norcx_m3sub has 0 polygons
2026-03-25 23:00:44 +0100: Memory Usage (471728K) : norcx_m4sub has 0 polygons
2026-03-25 23:00:44 +0100: Memory Usage (471728K) : norcx_m5sub has 0 polygons
2026-03-25 23:00:44 +0100: Memory Usage (471728K) : norcx_tm1sub has 0 polygons
2026-03-25 23:00:44 +0100: Memory Usage (471728K) : norcx_tm2sub has 0 polygons
2026-03-25 23:00:44 +0100: Memory Usage (471728K) : snsbotvia_drw has 0 polygons
2026-03-25 23:00:44 +0100: Memory Usage (471728K) : snstopvia_drw has 0 polygons
2026-03-25 23:00:44 +0100: Memory Usage (471728K) : deepvia_drw has 0 polygons
2026-03-25 23:00:44 +0100: Memory Usage (471728K) : fgetch_drw has 0 polygons
2026-03-25 23:00:44 +0100: Memory Usage (471728K) : ctrgat_drw has 0 polygons
2026-03-25 23:00:44 +0100: Memory Usage (471728K) : fgimp_drw has 0 polygons
2026-03-25 23:00:44 +0100: Memory Usage (471728K) : emwihv_drw has 0 polygons
2026-03-25 23:00:44 +0100: Memory Usage (471988K) : lbe_drw has 0 polygons
2026-03-25 23:00:44 +0100: Memory Usage (471988K) : alcustop_drw has 0 polygons
2026-03-25 23:00:44 +0100: Memory Usage (471988K) : nometfiller_drw has 0 polygons
2026-03-25 23:00:44 +0100: Memory Usage (472252K) : prboundary_drw has 0 polygons
2026-03-25 23:00:44 +0100: Memory Usage (472252K) : exchange0_drw has 0 polygons
2026-03-25 23:00:44 +0100: Memory Usage (472516K) : exchange0_pin has 0 polygons
2026-03-25 23:00:44 +0100: Memory Usage (472516K) : exchange0_text has 0 polygons
2026-03-25 23:00:44 +0100: Memory Usage (472516K) : exchange1_drw has 0 polygons
2026-03-25 23:00:44 +0100: Memory Usage (472516K) : exchange1_pin has 0 polygons
2026-03-25 23:00:44 +0100: Memory Usage (472772K) : exchange1_text has 0 polygons
2026-03-25 23:00:44 +0100: Memory Usage (472772K) : exchange2_drw has 0 polygons
2026-03-25 23:00:44 +0100: Memory Usage (473032K) : exchange2_pin has 0 polygons
2026-03-25 23:00:44 +0100: Memory Usage (473032K) : exchange2_text has 0 polygons
2026-03-25 23:00:44 +0100: Memory Usage (473032K) : exchange3_drw has 0 polygons
2026-03-25 23:00:45 +0100: Memory Usage (473296K) : exchange3_pin has 0 polygons
2026-03-25 23:00:45 +0100: Memory Usage (473296K) : exchange3_text has 0 polygons
2026-03-25 23:00:45 +0100: Memory Usage (473296K) : exchange4_drw has 0 polygons
2026-03-25 23:00:45 +0100: Memory Usage (473560K) : exchange4_pin has 0 polygons
2026-03-25 23:00:45 +0100: Memory Usage (473560K) : exchange4_text has 0 polygons
2026-03-25 23:00:45 +0100: Memory Usage (473560K) : isonwell_drw has 0 polygons
2026-03-25 23:00:45 +0100: Memory Usage (473560K) : Total no. of polygons in the design is 55451
2026-03-25 23:00:45 +0100: Memory Usage (473560K) : Loaded TECH DRC rules values from /foss/pdks/ihp-sg13g2/libs.tech/klayout/python/sg13g2_pycell_lib/sg13g2_tech_mod.json
2026-03-25 23:00:45 +0100: Memory Usage (473560K) : Loaded default DRC rules values from /foss/pdks/ihp-sg13g2/libs.tech/klayout/tech/drc/rule_decks/sg13g2_tech_default.json
2026-03-25 23:00:45 +0100: Memory Usage (473560K) : The following rules values were missing in tech json and default values were used:
2026-03-25 23:00:45 +0100: Memory Usage (473560K) :   - Cnt_c_digibnd
2026-03-25 23:00:45 +0100: Memory Usage (473824K) : Total area of the design is 54805.149724999996 um^2.
2026-03-25 23:00:45 +0100: Memory Usage (473824K) : The design dimensions are 309.90500000000003 µm * 176.845 µm.
2026-03-25 23:00:45 +0100: Memory Usage (473824K) : Starting general IHP-SG13G2 derivations.
2026-03-25 23:00:45 +0100: Memory Usage (473824K) : Starting Pwell derivations
2026-03-25 23:00:45 +0100: Memory Usage (474148K) : Starting IHP-SG13G2 DRC rules.
2026-03-25 23:00:45 +0100: Memory Usage (474148K) : Starting 5.6 Activ:filler table
2026-03-25 23:00:45 +0100: Memory Usage (475260K) : Executing rule AFil.c1
2026-03-25 23:00:45 +0100: Memory Usage (475260K) : Executing rule AFil.c
2026-03-25 23:00:45 +0100: Memory Usage (478732K) : Executing rule AFil.d
2026-03-25 23:00:45 +0100: Memory Usage (478732K) : Executing rule AFil.e
2026-03-25 23:00:45 +0100: Memory Usage (478732K) : Executing rule AFil.j
2026-03-25 23:00:45 +0100: Memory Usage (478732K) : KLayout DRC run for tables 'activfiller' completed in 1.88 seconds
