# Logfile created on 2026-03-25 23:00:38 +0100 by logger.rb/v1.5.3
2026-03-25 23:00:38 +0100: Memory Usage (437012K) : Starting running IHP-SG13G2 KLayout DRC runset on /foss/designs/Design/xschem/IHP__OPA2251/OPA2251-main/layout/klayout/HPA_project_wrapper.gds
2026-03-25 23:00:38 +0100: Memory Usage (437012K) : Ruby Version for klayout: 3.2.3
2026-03-25 23:00:40 +0100: Memory Usage (452276K) : Loading database to memory is complete.
2026-03-25 23:00:40 +0100: Memory Usage (452276K) : IHP-SG13G2 KLayout DRC runset output at: /foss/designs/Design/xschem/IHP__OPA2251/OPA2251-main/layout/klayout/drc_run_HPA/HPA_project_wrapper_HPA_contbar.lyrdb
2026-03-25 23:00:40 +0100: Memory Usage (452276K) : Evaluate switches.
2026-03-25 23:00:40 +0100: Memory Usage (452276K) : tables selected: contbar
2026-03-25 23:00:40 +0100: Memory Usage (452276K) : KLayout will use 4 thread(s) in tiled mode.
2026-03-25 23:00:40 +0100: Memory Usage (452276K) : flat mode is enabled.
2026-03-25 23:00:40 +0100: Memory Usage (452276K) : FEOL enabled: false
2026-03-25 23:00:40 +0100: Memory Usage (452276K) : BEOL enabled: false
2026-03-25 23:00:40 +0100: Memory Usage (452276K) : OFFGRID enabled: true
2026-03-25 23:00:40 +0100: Memory Usage (452276K) : PIN enabled: false
2026-03-25 23:00:40 +0100: Memory Usage (452276K) : FORBIDDEN enabled: false
2026-03-25 23:00:40 +0100: Memory Usage (452276K) : RECOMMENDED enabled: true
2026-03-25 23:00:40 +0100: Memory Usage (452276K) : PreCheck DRC enabled: false
2026-03-25 23:00:40 +0100: Memory Usage (452276K) : CONNECTIVITY_RULES enabled: false.
2026-03-25 23:00:40 +0100: Memory Usage (452276K) : Read in polygons from layers.
2026-03-25 23:00:40 +0100: Memory Usage (454464K) : activ_drw has 198 polygons
2026-03-25 23:00:40 +0100: Memory Usage (454464K) : activ_pin has 0 polygons
2026-03-25 23:00:40 +0100: Memory Usage (454464K) : activ_mask has 0 polygons
2026-03-25 23:00:40 +0100: Memory Usage (454464K) : activ_filler has 0 polygons
2026-03-25 23:00:40 +0100: Memory Usage (454464K) : activ_nofill has 0 polygons
2026-03-25 23:00:40 +0100: Memory Usage (454464K) : activ_opc has 0 polygons
2026-03-25 23:00:40 +0100: Memory Usage (454464K) : activ_iopc has 0 polygons
2026-03-25 23:00:40 +0100: Memory Usage (454464K) : activ_noqrc has 0 polygons
2026-03-25 23:00:40 +0100: Memory Usage (454464K) : biwind_drw has 0 polygons
2026-03-25 23:00:40 +0100: Memory Usage (454464K) : biwind_opc has 0 polygons
2026-03-25 23:00:40 +0100: Memory Usage (454464K) : pemwind_drw has 0 polygons
2026-03-25 23:00:40 +0100: Memory Usage (454896K) : gatpoly_drw has 108 polygons
2026-03-25 23:00:40 +0100: Memory Usage (454896K) : gatpoly_pin has 124 polygons
2026-03-25 23:00:40 +0100: Memory Usage (454896K) : gatpoly_filler has 0 polygons
2026-03-25 23:00:40 +0100: Memory Usage (454896K) : gatpoly_nofill has 0 polygons
2026-03-25 23:00:40 +0100: Memory Usage (454896K) : gatpoly_opc has 0 polygons
2026-03-25 23:00:40 +0100: Memory Usage (454896K) : gatpoly_iopc has 0 polygons
2026-03-25 23:00:40 +0100: Memory Usage (454896K) : gatpoly_noqrc has 0 polygons
2026-03-25 23:00:40 +0100: Memory Usage (459648K) : cont_drw has 16803 polygons
2026-03-25 23:00:40 +0100: Memory Usage (459648K) : cont_opc has 0 polygons
2026-03-25 23:00:40 +0100: Memory Usage (459648K) : nsd_drw has 0 polygons
2026-03-25 23:00:40 +0100: Memory Usage (459648K) : nsd_block has 0 polygons
2026-03-25 23:00:40 +0100: Memory Usage (459648K) : metal1_drw has 390 polygons
2026-03-25 23:00:40 +0100: Memory Usage (459648K) : metal1_pin has 515 polygons
2026-03-25 23:00:40 +0100: Memory Usage (459648K) : metal1_mask has 0 polygons
2026-03-25 23:00:40 +0100: Memory Usage (459648K) : metal1_filler has 0 polygons
2026-03-25 23:00:40 +0100: Memory Usage (459648K) : metal1_nofill has 0 polygons
2026-03-25 23:00:40 +0100: Memory Usage (459648K) : metal1_slit has 0 polygons
2026-03-25 23:00:40 +0100: Memory Usage (459648K) : metal1_text has 0 polygons
2026-03-25 23:00:40 +0100: Memory Usage (459648K) : metal1_opc has 0 polygons
2026-03-25 23:00:40 +0100: Memory Usage (459648K) : metal1_noqrc has 0 polygons
2026-03-25 23:00:40 +0100: Memory Usage (459648K) : metal1_res has 0 polygons
2026-03-25 23:00:40 +0100: Memory Usage (459648K) : metal1_iprobe has 0 polygons
2026-03-25 23:00:40 +0100: Memory Usage (459648K) : metal1_diffprb has 0 polygons
2026-03-25 23:00:40 +0100: Memory Usage (459648K) : passiv_drw has 0 polygons
2026-03-25 23:00:40 +0100: Memory Usage (459648K) : passiv_pin has 0 polygons
2026-03-25 23:00:40 +0100: Memory Usage (459648K) : passiv_sbump has 0 polygons
2026-03-25 23:00:40 +0100: Memory Usage (459648K) : passiv_pillar has 0 polygons
2026-03-25 23:00:40 +0100: Memory Usage (459648K) : passiv_pdl has 0 polygons
2026-03-25 23:00:40 +0100: Memory Usage (459648K) : metal2_drw has 95 polygons
2026-03-25 23:00:40 +0100: Memory Usage (459648K) : metal2_pin has 11 polygons
2026-03-25 23:00:40 +0100: Memory Usage (459648K) : metal2_mask has 0 polygons
2026-03-25 23:00:40 +0100: Memory Usage (459648K) : metal2_filler has 0 polygons
2026-03-25 23:00:40 +0100: Memory Usage (459648K) : metal2_nofill has 0 polygons
2026-03-25 23:00:40 +0100: Memory Usage (459648K) : metal2_slit has 0 polygons
2026-03-25 23:00:40 +0100: Memory Usage (459648K) : metal2_text has 0 polygons
2026-03-25 23:00:40 +0100: Memory Usage (459648K) : metal2_opc has 0 polygons
2026-03-25 23:00:40 +0100: Memory Usage (459648K) : metal2_noqrc has 0 polygons
2026-03-25 23:00:40 +0100: Memory Usage (459648K) : metal2_res has 0 polygons
2026-03-25 23:00:40 +0100: Memory Usage (459648K) : metal2_iprobe has 0 polygons
2026-03-25 23:00:40 +0100: Memory Usage (459648K) : metal2_diffprb has 0 polygons
2026-03-25 23:00:40 +0100: Memory Usage (459648K) : baspoly_drw has 0 polygons
2026-03-25 23:00:40 +0100: Memory Usage (459648K) : baspoly_pin has 0 polygons
2026-03-25 23:00:40 +0100: Memory Usage (459648K) : psd_drw has 24 polygons
2026-03-25 23:00:40 +0100: Memory Usage (459648K) : nldb_drw has 0 polygons
2026-03-25 23:00:40 +0100: Memory Usage (459648K) : digibnd_drw has 0 polygons
2026-03-25 23:00:40 +0100: Memory Usage (461728K) : via1_drw has 9590 polygons
2026-03-25 23:00:40 +0100: Memory Usage (461728K) : backmetal1_drw has 0 polygons
2026-03-25 23:00:40 +0100: Memory Usage (461728K) : backmetal1_pin has 0 polygons
2026-03-25 23:00:40 +0100: Memory Usage (461728K) : backmetal1_mask has 0 polygons
2026-03-25 23:00:40 +0100: Memory Usage (461728K) : backmetal1_filler has 0 polygons
2026-03-25 23:00:40 +0100: Memory Usage (461728K) : backmetal1_nofill has 0 polygons
2026-03-25 23:00:40 +0100: Memory Usage (461728K) : backmetal1_slit has 0 polygons
2026-03-25 23:00:40 +0100: Memory Usage (461728K) : backmetal1_text has 0 polygons
2026-03-25 23:00:40 +0100: Memory Usage (461728K) : backmetal1_opc has 0 polygons
2026-03-25 23:00:40 +0100: Memory Usage (461728K) : backmetal1_noqrc has 0 polygons
2026-03-25 23:00:40 +0100: Memory Usage (461728K) : backmetal1_res has 0 polygons
2026-03-25 23:00:40 +0100: Memory Usage (461728K) : backmetal1_iprobe has 0 polygons
2026-03-25 23:00:40 +0100: Memory Usage (461728K) : backmetal1_diffprb has 0 polygons
2026-03-25 23:00:40 +0100: Memory Usage (461728K) : backpassiv_drw has 0 polygons
2026-03-25 23:00:40 +0100: Memory Usage (461728K) : res_drw has 0 polygons
2026-03-25 23:00:40 +0100: Memory Usage (461728K) : sram_drw has 0 polygons
2026-03-25 23:00:40 +0100: Memory Usage (461728K) : trans_drw has 0 polygons
2026-03-25 23:00:40 +0100: Memory Usage (461728K) : ind_drw has 0 polygons
2026-03-25 23:00:40 +0100: Memory Usage (461728K) : ind_pin has 0 polygons
2026-03-25 23:00:40 +0100: Memory Usage (461728K) : ind_text has 0 polygons
2026-03-25 23:00:40 +0100: Memory Usage (461992K) : salblock_drw has 7 polygons
2026-03-25 23:00:40 +0100: Memory Usage (463576K) : via2_drw has 7995 polygons
2026-03-25 23:00:40 +0100: Memory Usage (463576K) : metal3_drw has 67 polygons
2026-03-25 23:00:40 +0100: Memory Usage (463576K) : metal3_pin has 8 polygons
2026-03-25 23:00:40 +0100: Memory Usage (463576K) : metal3_mask has 0 polygons
2026-03-25 23:00:40 +0100: Memory Usage (463576K) : metal3_filler has 0 polygons
2026-03-25 23:00:40 +0100: Memory Usage (463576K) : metal3_nofill has 0 polygons
2026-03-25 23:00:40 +0100: Memory Usage (463576K) : metal3_slit has 0 polygons
2026-03-25 23:00:40 +0100: Memory Usage (463576K) : metal3_text has 0 polygons
2026-03-25 23:00:40 +0100: Memory Usage (463576K) : metal3_opc has 0 polygons
2026-03-25 23:00:40 +0100: Memory Usage (463576K) : metal3_noqrc has 0 polygons
2026-03-25 23:00:40 +0100: Memory Usage (463576K) : metal3_res has 0 polygons
2026-03-25 23:00:40 +0100: Memory Usage (463840K) : metal3_iprobe has 0 polygons
2026-03-25 23:00:40 +0100: Memory Usage (463840K) : metal3_diffprb has 0 polygons
2026-03-25 23:00:40 +0100: Memory Usage (464368K) : nwell_drw has 5 polygons
2026-03-25 23:00:40 +0100: Memory Usage (464368K) : nwell_pin has 0 polygons
2026-03-25 23:00:40 +0100: Memory Usage (464368K) : nbulay_drw has 0 polygons
2026-03-25 23:00:40 +0100: Memory Usage (464368K) : nbulay_pin has 0 polygons
2026-03-25 23:00:40 +0100: Memory Usage (464368K) : nbulay_block has 0 polygons
2026-03-25 23:00:40 +0100: Memory Usage (464368K) : emwind_drw has 0 polygons
2026-03-25 23:00:40 +0100: Memory Usage (464368K) : emwind_opc has 0 polygons
2026-03-25 23:00:40 +0100: Memory Usage (464632K) : deepco_drw has 0 polygons
2026-03-25 23:00:40 +0100: Memory Usage (464632K) : deepco_drw has 0 polygons
2026-03-25 23:00:40 +0100: Memory Usage (464632K) : mim_drw has 2 polygons
2026-03-25 23:00:40 +0100: Memory Usage (464896K) : edgeseal_drw has 0 polygons
2026-03-25 23:00:40 +0100: Memory Usage (464896K) : edgeseal_bound has 0 polygons
2026-03-25 23:00:40 +0100: Memory Usage (465160K) : substrate_drw has 723 polygons
2026-03-25 23:00:40 +0100: Memory Usage (465160K) : substrate_text has 0 polygons
2026-03-25 23:00:40 +0100: Memory Usage (465160K) : dfpad_drw has 0 polygons
2026-03-25 23:00:40 +0100: Memory Usage (465424K) : dfpad_pillar has 0 polygons
2026-03-25 23:00:40 +0100: Memory Usage (465424K) : dfpad_sbump has 0 polygons
2026-03-25 23:00:40 +0100: Memory Usage (465688K) : thickgateox_drw has 0 polygons
2026-03-25 23:00:40 +0100: Memory Usage (465688K) : pldb_drw has 0 polygons
2026-03-25 23:00:40 +0100: Memory Usage (465688K) : pwell_drw has 0 polygons
2026-03-25 23:00:40 +0100: Memory Usage (465952K) : pwell_pin has 0 polygons
2026-03-25 23:00:40 +0100: Memory Usage (465952K) : pwell_block has 0 polygons
2026-03-25 23:00:40 +0100: Memory Usage (466216K) : ic_drw has 0 polygons
2026-03-25 23:00:40 +0100: Memory Usage (468064K) : via3_drw has 7005 polygons
2026-03-25 23:00:40 +0100: Memory Usage (468064K) : metal4_drw has 40 polygons
2026-03-25 23:00:40 +0100: Memory Usage (468064K) : metal4_pin has 3 polygons
2026-03-25 23:00:40 +0100: Memory Usage (468064K) : metal4_mask has 0 polygons
2026-03-25 23:00:40 +0100: Memory Usage (468064K) : metal4_filler has 0 polygons
2026-03-25 23:00:40 +0100: Memory Usage (468064K) : metal4_nofill has 0 polygons
2026-03-25 23:00:40 +0100: Memory Usage (468064K) : metal4_slit has 0 polygons
2026-03-25 23:00:40 +0100: Memory Usage (468064K) : metal4_text has 0 polygons
2026-03-25 23:00:40 +0100: Memory Usage (468064K) : metal4_opc has 0 polygons
2026-03-25 23:00:40 +0100: Memory Usage (468064K) : metal4_noqrc has 0 polygons
2026-03-25 23:00:40 +0100: Memory Usage (468064K) : metal4_res has 0 polygons
2026-03-25 23:00:40 +0100: Memory Usage (468064K) : metal4_iprobe has 0 polygons
2026-03-25 23:00:40 +0100: Memory Usage (468064K) : metal4_diffprb has 0 polygons
2026-03-25 23:00:40 +0100: Memory Usage (468064K) : heattrans_drw has 421 polygons
2026-03-25 23:00:40 +0100: Memory Usage (468064K) : heatres_drw has 7 polygons
2026-03-25 23:00:40 +0100: Memory Usage (468064K) : pempoly_drw has 0 polygons
2026-03-25 23:00:40 +0100: Memory Usage (468064K) : fbe_drw has 0 polygons
2026-03-25 23:00:40 +0100: Memory Usage (468064K) : empoly_drw has 0 polygons
2026-03-25 23:00:40 +0100: Memory Usage (468064K) : ldmos_drw has 0 polygons
2026-03-25 23:00:40 +0100: Memory Usage (468064K) : pbiwind_drw has 0 polygons
2026-03-25 23:00:40 +0100: Memory Usage (468064K) : digisub_drw has 0 polygons
2026-03-25 23:00:40 +0100: Memory Usage (468064K) : nodrc_drw has 0 polygons
2026-03-25 23:00:40 +0100: Memory Usage (468064K) : text_drw has 1107 polygons
2026-03-25 23:00:40 +0100: Memory Usage (468064K) : via4_drw has 6898 polygons
2026-03-25 23:00:40 +0100: Memory Usage (468064K) : metal5_drw has 32 polygons
2026-03-25 23:00:40 +0100: Memory Usage (468064K) : metal5_pin has 5 polygons
2026-03-25 23:00:40 +0100: Memory Usage (468064K) : metal5_mask has 0 polygons
2026-03-25 23:00:40 +0100: Memory Usage (468064K) : metal5_filler has 0 polygons
2026-03-25 23:00:40 +0100: Memory Usage (468064K) : metal5_nofill has 0 polygons
2026-03-25 23:00:40 +0100: Memory Usage (468064K) : metal5_slit has 0 polygons
2026-03-25 23:00:40 +0100: Memory Usage (468064K) : metal5_text has 1 polygons
2026-03-25 23:00:40 +0100: Memory Usage (468064K) : metal5_opc has 0 polygons
2026-03-25 23:00:40 +0100: Memory Usage (468064K) : metal5_noqrc has 0 polygons
2026-03-25 23:00:40 +0100: Memory Usage (468064K) : metal5_res has 0 polygons
2026-03-25 23:00:40 +0100: Memory Usage (468064K) : metal5_iprobe has 0 polygons
2026-03-25 23:00:40 +0100: Memory Usage (468064K) : metal5_diffprb has 0 polygons
2026-03-25 23:00:40 +0100: Memory Usage (468064K) : radhard_drw has 0 polygons
2026-03-25 23:00:40 +0100: Memory Usage (468064K) : memcap_drw has 0 polygons
2026-03-25 23:00:40 +0100: Memory Usage (468064K) : varicap_drw has 0 polygons
2026-03-25 23:00:40 +0100: Memory Usage (468064K) : flash_drw has 0 polygons
2026-03-25 23:00:40 +0100: Memory Usage (468064K) : intbondvia_drw has 0 polygons
2026-03-25 23:00:40 +0100: Memory Usage (468064K) : intbondmet_drw has 0 polygons
2026-03-25 23:00:40 +0100: Memory Usage (468064K) : devbondvia_drw has 0 polygons
2026-03-25 23:00:40 +0100: Memory Usage (468064K) : devbondmet_drw has 0 polygons
2026-03-25 23:00:40 +0100: Memory Usage (468064K) : devtrench_drw has 0 polygons
2026-03-25 23:00:40 +0100: Memory Usage (468064K) : redist_drw has 0 polygons
2026-03-25 23:00:40 +0100: Memory Usage (468064K) : graphbot_drw has 0 polygons
2026-03-25 23:00:40 +0100: Memory Usage (468064K) : graphtop_drw has 0 polygons
2026-03-25 23:00:40 +0100: Memory Usage (468064K) : antvia1_drw has 0 polygons
2026-03-25 23:00:40 +0100: Memory Usage (468064K) : antmetal2_drw has 0 polygons
2026-03-25 23:00:40 +0100: Memory Usage (468064K) : graphcont_drw has 0 polygons
2026-03-25 23:00:40 +0100: Memory Usage (468064K) : siwg_drw has 0 polygons
2026-03-25 23:00:40 +0100: Memory Usage (468064K) : siwg_filler has 0 polygons
2026-03-25 23:00:40 +0100: Memory Usage (468064K) : siwg_nofill has 0 polygons
2026-03-25 23:00:40 +0100: Memory Usage (468064K) : sigrating_drw has 0 polygons
2026-03-25 23:00:40 +0100: Memory Usage (468064K) : singrating_drw has 0 polygons
2026-03-25 23:00:40 +0100: Memory Usage (468064K) : graphpas_drw has 0 polygons
2026-03-25 23:00:40 +0100: Memory Usage (468064K) : emwind3_drw has 0 polygons
2026-03-25 23:00:40 +0100: Memory Usage (468064K) : emwihv3_drw has 0 polygons
2026-03-25 23:00:40 +0100: Memory Usage (468064K) : redbulay_drw has 0 polygons
2026-03-25 23:00:40 +0100: Memory Usage (468064K) : smos_drw has 0 polygons
2026-03-25 23:00:40 +0100: Memory Usage (468064K) : graphpad_drw has 0 polygons
2026-03-25 23:00:40 +0100: Memory Usage (468064K) : polimide_drw has 0 polygons
2026-03-25 23:00:40 +0100: Memory Usage (468064K) : polimide_pin has 0 polygons
2026-03-25 23:00:40 +0100: Memory Usage (468064K) : recog_drw has 0 polygons
2026-03-25 23:00:40 +0100: Memory Usage (468064K) : recog_pin has 0 polygons
2026-03-25 23:00:40 +0100: Memory Usage (468064K) : recog_esd has 0 polygons
2026-03-25 23:00:40 +0100: Memory Usage (468064K) : recog_diode has 0 polygons
2026-03-25 23:00:40 +0100: Memory Usage (468064K) : recog_tsv has 0 polygons
2026-03-25 23:00:40 +0100: Memory Usage (468064K) : recog_iprobe has 0 polygons
2026-03-25 23:00:40 +0100: Memory Usage (468064K) : recog_diffprb has 0 polygons
2026-03-25 23:00:40 +0100: Memory Usage (468064K) : recog_pillar has 0 polygons
2026-03-25 23:00:40 +0100: Memory Usage (468064K) : recog_sbump has 0 polygons
2026-03-25 23:00:40 +0100: Memory Usage (468064K) : recog_otp has 0 polygons
2026-03-25 23:00:40 +0100: Memory Usage (468064K) : recog_pdiode has 0 polygons
2026-03-25 23:00:40 +0100: Memory Usage (468064K) : recog_mom has 0 polygons
2026-03-25 23:00:40 +0100: Memory Usage (468064K) : recog_pcm has 0 polygons
2026-03-25 23:00:40 +0100: Memory Usage (468064K) : colopen_drw has 0 polygons
2026-03-25 23:00:40 +0100: Memory Usage (468064K) : graphmetal1_drw has 0 polygons
2026-03-25 23:00:40 +0100: Memory Usage (468064K) : graphmetal1_filler has 0 polygons
2026-03-25 23:00:40 +0100: Memory Usage (468064K) : graphmetal1_nofill has 0 polygons
2026-03-25 23:00:40 +0100: Memory Usage (468064K) : graphmetal1_slit has 0 polygons
2026-03-25 23:00:40 +0100: Memory Usage (468064K) : graphmetal1_opc has 0 polygons
2026-03-25 23:00:40 +0100: Memory Usage (468064K) : graphmet1l_drw has 0 polygons
2026-03-25 23:00:40 +0100: Memory Usage (468064K) : graphmet1l_filler has 0 polygons
2026-03-25 23:00:40 +0100: Memory Usage (468064K) : graphmet1l_nofill has 0 polygons
2026-03-25 23:00:40 +0100: Memory Usage (468064K) : graphmet1l_slit has 0 polygons
2026-03-25 23:00:40 +0100: Memory Usage (468064K) : graphmet1l_opc has 0 polygons
2026-03-25 23:00:40 +0100: Memory Usage (468064K) : extblock_drw has 5 polygons
2026-03-25 23:00:40 +0100: Memory Usage (468064K) : nldd_drw has 0 polygons
2026-03-25 23:00:40 +0100: Memory Usage (468064K) : pldd_drw has 0 polygons
2026-03-25 23:00:40 +0100: Memory Usage (468064K) : next_drw has 0 polygons
2026-03-25 23:00:40 +0100: Memory Usage (468064K) : pext_drw has 0 polygons
2026-03-25 23:00:40 +0100: Memory Usage (468064K) : nexthv_drw has 0 polygons
2026-03-25 23:00:40 +0100: Memory Usage (468064K) : pexthv_drw has 0 polygons
2026-03-25 23:00:40 +0100: Memory Usage (468064K) : graphgate_drw has 0 polygons
2026-03-25 23:00:40 +0100: Memory Usage (468064K) : sinwg_drw has 0 polygons
2026-03-25 23:00:40 +0100: Memory Usage (468064K) : sinwg_filler has 0 polygons
2026-03-25 23:00:40 +0100: Memory Usage (468064K) : sinwg_nofill has 0 polygons
2026-03-25 23:00:40 +0100: Memory Usage (468064K) : mempad_drw has 0 polygons
2026-03-25 23:00:40 +0100: Memory Usage (468064K) : topvia1_drw has 1720 polygons
2026-03-25 23:00:40 +0100: Memory Usage (468064K) : topmetal1_drw has 13 polygons
2026-03-25 23:00:40 +0100: Memory Usage (468064K) : topmetal1_pin has 15 polygons
2026-03-25 23:00:40 +0100: Memory Usage (468064K) : topmetal1_mask has 0 polygons
2026-03-25 23:00:40 +0100: Memory Usage (468064K) : topmetal1_filler has 0 polygons
2026-03-25 23:00:40 +0100: Memory Usage (468064K) : topmetal1_nofill has 0 polygons
2026-03-25 23:00:40 +0100: Memory Usage (468064K) : topmetal1_slit has 0 polygons
2026-03-25 23:00:40 +0100: Memory Usage (468064K) : topmetal1_text has 5 polygons
2026-03-25 23:00:40 +0100: Memory Usage (468064K) : topmetal1_noqrc has 0 polygons
2026-03-25 23:00:40 +0100: Memory Usage (468064K) : topmetal1_res has 0 polygons
2026-03-25 23:00:40 +0100: Memory Usage (468064K) : topmetal1_iprobe has 0 polygons
2026-03-25 23:00:40 +0100: Memory Usage (468064K) : topmetal1_diffprb has 0 polygons
2026-03-25 23:00:40 +0100: Memory Usage (468064K) : inldpwl_drw has 0 polygons
2026-03-25 23:00:40 +0100: Memory Usage (468064K) : polyres_drw has 7 polygons
2026-03-25 23:00:40 +0100: Memory Usage (468064K) : polyres_pin has 0 polygons
2026-03-25 23:00:40 +0100: Memory Usage (468328K) : vmim_drw has 578 polygons
2026-03-25 23:00:40 +0100: Memory Usage (468328K) : nbulaycut_drw has 0 polygons
2026-03-25 23:00:40 +0100: Memory Usage (468592K) : antmetal1_drw has 0 polygons
2026-03-25 23:00:40 +0100: Memory Usage (468592K) : topvia2_drw has 916 polygons
2026-03-25 23:00:40 +0100: Memory Usage (468856K) : topmetal2_drw has 4 polygons
2026-03-25 23:00:40 +0100: Memory Usage (468856K) : topmetal2_pin has 2 polygons
2026-03-25 23:00:40 +0100: Memory Usage (469120K) : topmetal2_mask has 0 polygons
2026-03-25 23:00:40 +0100: Memory Usage (469120K) : topmetal2_filler has 0 polygons
2026-03-25 23:00:40 +0100: Memory Usage (469120K) : topmetal2_nofill has 0 polygons
2026-03-25 23:00:40 +0100: Memory Usage (469384K) : topmetal2_slit has 0 polygons
2026-03-25 23:00:40 +0100: Memory Usage (469384K) : topmetal2_text has 2 polygons
2026-03-25 23:00:40 +0100: Memory Usage (469384K) : topmetal2_noqrc has 0 polygons
2026-03-25 23:00:40 +0100: Memory Usage (469648K) : topmetal2_res has 0 polygons
2026-03-25 23:00:40 +0100: Memory Usage (469648K) : topmetal2_iprobe has 0 polygons
2026-03-25 23:00:40 +0100: Memory Usage (469912K) : topmetal2_diffprb has 0 polygons
2026-03-25 23:00:40 +0100: Memory Usage (469912K) : snsring_drw has 0 polygons
2026-03-25 23:00:40 +0100: Memory Usage (469912K) : sensor_drw has 0 polygons
2026-03-25 23:00:40 +0100: Memory Usage (470176K) : snsarms_drw has 0 polygons
2026-03-25 23:00:40 +0100: Memory Usage (470176K) : snscmosvia_drw has 0 polygons
2026-03-25 23:00:41 +0100: Memory Usage (470440K) : colwind_drw has 0 polygons
2026-03-25 23:00:41 +0100: Memory Usage (470440K) : flm_drw has 0 polygons
2026-03-25 23:00:41 +0100: Memory Usage (470440K) : hafniumox_drw has 0 polygons
2026-03-25 23:00:41 +0100: Memory Usage (470704K) : memvia_drw has 0 polygons
2026-03-25 23:00:41 +0100: Memory Usage (470704K) : thinfilmres_drw has 0 polygons
2026-03-25 23:00:41 +0100: Memory Usage (470704K) : rfmem_drw has 0 polygons
2026-03-25 23:00:41 +0100: Memory Usage (470968K) : norcx_drw has 0 polygons
2026-03-25 23:00:41 +0100: Memory Usage (471228K) : norcx_m2m3 has 0 polygons
2026-03-25 23:00:41 +0100: Memory Usage (471228K) : norcx_m2m4 has 0 polygons
2026-03-25 23:00:41 +0100: Memory Usage (471228K) : norcx_m2m5 has 0 polygons
2026-03-25 23:00:41 +0100: Memory Usage (471492K) : norcx_m2tm1 has 0 polygons
2026-03-25 23:00:41 +0100: Memory Usage (471492K) : norcx_m2tm2 has 0 polygons
2026-03-25 23:00:41 +0100: Memory Usage (471756K) : norcx_m3m4 has 0 polygons
2026-03-25 23:00:41 +0100: Memory Usage (471756K) : norcx_m3m5 has 0 polygons
2026-03-25 23:00:41 +0100: Memory Usage (471756K) : norcx_m3tm1 has 0 polygons
2026-03-25 23:00:41 +0100: Memory Usage (472020K) : norcx_m3tm2 has 0 polygons
2026-03-25 23:00:41 +0100: Memory Usage (472020K) : norcx_m4m5 has 0 polygons
2026-03-25 23:00:41 +0100: Memory Usage (472184K) : norcx_m4tm1 has 0 polygons
2026-03-25 23:00:41 +0100: Memory Usage (472444K) : norcx_m4tm2 has 0 polygons
2026-03-25 23:00:41 +0100: Memory Usage (472444K) : norcx_m5tm1 has 0 polygons
2026-03-25 23:00:41 +0100: Memory Usage (472444K) : norcx_m5tm2 has 0 polygons
2026-03-25 23:00:41 +0100: Memory Usage (472708K) : norcx_tm1tm2 has 0 polygons
2026-03-25 23:00:41 +0100: Memory Usage (472708K) : norcx_m1sub has 0 polygons
2026-03-25 23:00:41 +0100: Memory Usage (472972K) : norcx_m2sub has 0 polygons
2026-03-25 23:00:41 +0100: Memory Usage (472972K) : norcx_m3sub has 0 polygons
2026-03-25 23:00:41 +0100: Memory Usage (472972K) : norcx_m4sub has 0 polygons
2026-03-25 23:00:41 +0100: Memory Usage (473236K) : norcx_m5sub has 0 polygons
2026-03-25 23:00:41 +0100: Memory Usage (473236K) : norcx_tm1sub has 0 polygons
2026-03-25 23:00:41 +0100: Memory Usage (473440K) : norcx_tm2sub has 0 polygons
2026-03-25 23:00:41 +0100: Memory Usage (473440K) : snsbotvia_drw has 0 polygons
2026-03-25 23:00:41 +0100: Memory Usage (473440K) : snstopvia_drw has 0 polygons
2026-03-25 23:00:41 +0100: Memory Usage (473440K) : deepvia_drw has 0 polygons
2026-03-25 23:00:41 +0100: Memory Usage (473440K) : fgetch_drw has 0 polygons
2026-03-25 23:00:41 +0100: Memory Usage (473440K) : ctrgat_drw has 0 polygons
2026-03-25 23:00:41 +0100: Memory Usage (473440K) : fgimp_drw has 0 polygons
2026-03-25 23:00:41 +0100: Memory Usage (473440K) : emwihv_drw has 0 polygons
2026-03-25 23:00:41 +0100: Memory Usage (473440K) : lbe_drw has 0 polygons
2026-03-25 23:00:41 +0100: Memory Usage (473440K) : alcustop_drw has 0 polygons
2026-03-25 23:00:41 +0100: Memory Usage (473440K) : nometfiller_drw has 0 polygons
2026-03-25 23:00:41 +0100: Memory Usage (473440K) : prboundary_drw has 0 polygons
2026-03-25 23:00:41 +0100: Memory Usage (473440K) : exchange0_drw has 0 polygons
2026-03-25 23:00:41 +0100: Memory Usage (473440K) : exchange0_pin has 0 polygons
2026-03-25 23:00:41 +0100: Memory Usage (473440K) : exchange0_text has 0 polygons
2026-03-25 23:00:41 +0100: Memory Usage (473440K) : exchange1_drw has 0 polygons
2026-03-25 23:00:41 +0100: Memory Usage (473440K) : exchange1_pin has 0 polygons
2026-03-25 23:00:41 +0100: Memory Usage (473440K) : exchange1_text has 0 polygons
2026-03-25 23:00:41 +0100: Memory Usage (473440K) : exchange2_drw has 0 polygons
2026-03-25 23:00:41 +0100: Memory Usage (473440K) : exchange2_pin has 0 polygons
2026-03-25 23:00:41 +0100: Memory Usage (473440K) : exchange2_text has 0 polygons
2026-03-25 23:00:41 +0100: Memory Usage (473440K) : exchange3_drw has 0 polygons
2026-03-25 23:00:41 +0100: Memory Usage (473440K) : exchange3_pin has 0 polygons
2026-03-25 23:00:41 +0100: Memory Usage (473440K) : exchange3_text has 0 polygons
2026-03-25 23:00:41 +0100: Memory Usage (473440K) : exchange4_drw has 0 polygons
2026-03-25 23:00:41 +0100: Memory Usage (473440K) : exchange4_pin has 0 polygons
2026-03-25 23:00:41 +0100: Memory Usage (473440K) : exchange4_text has 0 polygons
2026-03-25 23:00:41 +0100: Memory Usage (473440K) : isonwell_drw has 0 polygons
2026-03-25 23:00:41 +0100: Memory Usage (473440K) : Total no. of polygons in the design is 55451
2026-03-25 23:00:41 +0100: Memory Usage (473440K) : Loaded TECH DRC rules values from /foss/pdks/ihp-sg13g2/libs.tech/klayout/python/sg13g2_pycell_lib/sg13g2_tech_mod.json
2026-03-25 23:00:41 +0100: Memory Usage (473440K) : Loaded default DRC rules values from /foss/pdks/ihp-sg13g2/libs.tech/klayout/tech/drc/rule_decks/sg13g2_tech_default.json
2026-03-25 23:00:41 +0100: Memory Usage (473440K) : The following rules values were missing in tech json and default values were used:
2026-03-25 23:00:41 +0100: Memory Usage (473440K) :   - Cnt_c_digibnd
2026-03-25 23:00:41 +0100: Memory Usage (473440K) : Total area of the design is 54805.149724999996 um^2.
2026-03-25 23:00:41 +0100: Memory Usage (473440K) : The design dimensions are 309.90500000000003 µm * 176.845 µm.
2026-03-25 23:00:41 +0100: Memory Usage (473440K) : Starting general IHP-SG13G2 derivations.
2026-03-25 23:00:41 +0100: Memory Usage (473440K) : Starting Pwell derivations
2026-03-25 23:00:41 +0100: Memory Usage (473440K) : Starting cont/contbar general derivations
2026-03-25 23:00:41 +0100: Memory Usage (477984K) : Starting IHP-SG13G2 DRC rules.
2026-03-25 23:00:41 +0100: Memory Usage (477984K) : Starting 5.15. ContBar table
2026-03-25 23:00:41 +0100: Memory Usage (477984K) : Executing rule CntB.b1
2026-03-25 23:00:41 +0100: Memory Usage (477984K) : Executing rule CntB.h1
2026-03-25 23:00:41 +0100: Memory Usage (477984K) : KLayout DRC run for tables 'contbar' completed in 2.6 seconds
