# Logfile created on 2026-03-25 23:00:47 +0100 by logger.rb/v1.5.3
2026-03-25 23:00:47 +0100: Memory Usage (437272K) : Starting running IHP-SG13G2 KLayout DRC runset on /foss/designs/Design/xschem/IHP__OPA2251/OPA2251-main/layout/klayout/HPA_project_wrapper.gds
2026-03-25 23:00:47 +0100: Memory Usage (437272K) : Ruby Version for klayout: 3.2.3
2026-03-25 23:00:48 +0100: Memory Usage (452028K) : Loading database to memory is complete.
2026-03-25 23:00:48 +0100: Memory Usage (452028K) : IHP-SG13G2 KLayout DRC runset output at: /foss/designs/Design/xschem/IHP__OPA2251/OPA2251-main/layout/klayout/drc_run_HPA/HPA_project_wrapper_HPA_via1.lyrdb
2026-03-25 23:00:48 +0100: Memory Usage (452028K) : Evaluate switches.
2026-03-25 23:00:48 +0100: Memory Usage (452028K) : tables selected: via1
2026-03-25 23:00:48 +0100: Memory Usage (452028K) : KLayout will use 4 thread(s) in tiled mode.
2026-03-25 23:00:48 +0100: Memory Usage (452028K) : flat mode is enabled.
2026-03-25 23:00:48 +0100: Memory Usage (452028K) : FEOL enabled: false
2026-03-25 23:00:48 +0100: Memory Usage (452028K) : BEOL enabled: false
2026-03-25 23:00:48 +0100: Memory Usage (452028K) : OFFGRID enabled: true
2026-03-25 23:00:48 +0100: Memory Usage (452028K) : PIN enabled: false
2026-03-25 23:00:48 +0100: Memory Usage (452028K) : FORBIDDEN enabled: false
2026-03-25 23:00:48 +0100: Memory Usage (452028K) : RECOMMENDED enabled: true
2026-03-25 23:00:48 +0100: Memory Usage (452028K) : PreCheck DRC enabled: false
2026-03-25 23:00:48 +0100: Memory Usage (452028K) : CONNECTIVITY_RULES enabled: false.
2026-03-25 23:00:48 +0100: Memory Usage (452028K) : Read in polygons from layers.
2026-03-25 23:00:48 +0100: Memory Usage (454880K) : activ_drw has 198 polygons
2026-03-25 23:00:48 +0100: Memory Usage (454880K) : activ_pin has 0 polygons
2026-03-25 23:00:48 +0100: Memory Usage (454880K) : activ_mask has 0 polygons
2026-03-25 23:00:48 +0100: Memory Usage (454880K) : activ_filler has 0 polygons
2026-03-25 23:00:48 +0100: Memory Usage (454880K) : activ_nofill has 0 polygons
2026-03-25 23:00:48 +0100: Memory Usage (454880K) : activ_opc has 0 polygons
2026-03-25 23:00:48 +0100: Memory Usage (454880K) : activ_iopc has 0 polygons
2026-03-25 23:00:48 +0100: Memory Usage (454880K) : activ_noqrc has 0 polygons
2026-03-25 23:00:48 +0100: Memory Usage (454880K) : biwind_drw has 0 polygons
2026-03-25 23:00:48 +0100: Memory Usage (454880K) : biwind_opc has 0 polygons
2026-03-25 23:00:48 +0100: Memory Usage (454880K) : pemwind_drw has 0 polygons
2026-03-25 23:00:48 +0100: Memory Usage (455528K) : gatpoly_drw has 108 polygons
2026-03-25 23:00:48 +0100: Memory Usage (455528K) : gatpoly_pin has 124 polygons
2026-03-25 23:00:48 +0100: Memory Usage (455528K) : gatpoly_filler has 0 polygons
2026-03-25 23:00:48 +0100: Memory Usage (455528K) : gatpoly_nofill has 0 polygons
2026-03-25 23:00:48 +0100: Memory Usage (455528K) : gatpoly_opc has 0 polygons
2026-03-25 23:00:48 +0100: Memory Usage (455528K) : gatpoly_iopc has 0 polygons
2026-03-25 23:00:48 +0100: Memory Usage (455528K) : gatpoly_noqrc has 0 polygons
2026-03-25 23:00:48 +0100: Memory Usage (460016K) : cont_drw has 16803 polygons
2026-03-25 23:00:48 +0100: Memory Usage (460016K) : cont_opc has 0 polygons
2026-03-25 23:00:48 +0100: Memory Usage (460016K) : nsd_drw has 0 polygons
2026-03-25 23:00:48 +0100: Memory Usage (460016K) : nsd_block has 0 polygons
2026-03-25 23:00:48 +0100: Memory Usage (460016K) : metal1_drw has 390 polygons
2026-03-25 23:00:48 +0100: Memory Usage (460016K) : metal1_pin has 515 polygons
2026-03-25 23:00:48 +0100: Memory Usage (460016K) : metal1_mask has 0 polygons
2026-03-25 23:00:48 +0100: Memory Usage (460016K) : metal1_filler has 0 polygons
2026-03-25 23:00:48 +0100: Memory Usage (460016K) : metal1_nofill has 0 polygons
2026-03-25 23:00:48 +0100: Memory Usage (460016K) : metal1_slit has 0 polygons
2026-03-25 23:00:48 +0100: Memory Usage (460016K) : metal1_text has 0 polygons
2026-03-25 23:00:48 +0100: Memory Usage (460016K) : metal1_opc has 0 polygons
2026-03-25 23:00:48 +0100: Memory Usage (460016K) : metal1_noqrc has 0 polygons
2026-03-25 23:00:48 +0100: Memory Usage (460016K) : metal1_res has 0 polygons
2026-03-25 23:00:48 +0100: Memory Usage (460016K) : metal1_iprobe has 0 polygons
2026-03-25 23:00:48 +0100: Memory Usage (460016K) : metal1_diffprb has 0 polygons
2026-03-25 23:00:48 +0100: Memory Usage (460016K) : passiv_drw has 0 polygons
2026-03-25 23:00:48 +0100: Memory Usage (460016K) : passiv_pin has 0 polygons
2026-03-25 23:00:48 +0100: Memory Usage (460016K) : passiv_sbump has 0 polygons
2026-03-25 23:00:48 +0100: Memory Usage (460016K) : passiv_pillar has 0 polygons
2026-03-25 23:00:48 +0100: Memory Usage (460016K) : passiv_pdl has 0 polygons
2026-03-25 23:00:48 +0100: Memory Usage (460016K) : metal2_drw has 95 polygons
2026-03-25 23:00:48 +0100: Memory Usage (460016K) : metal2_pin has 11 polygons
2026-03-25 23:00:48 +0100: Memory Usage (460016K) : metal2_mask has 0 polygons
2026-03-25 23:00:48 +0100: Memory Usage (460016K) : metal2_filler has 0 polygons
2026-03-25 23:00:48 +0100: Memory Usage (460016K) : metal2_nofill has 0 polygons
2026-03-25 23:00:48 +0100: Memory Usage (460016K) : metal2_slit has 0 polygons
2026-03-25 23:00:48 +0100: Memory Usage (460016K) : metal2_text has 0 polygons
2026-03-25 23:00:48 +0100: Memory Usage (460016K) : metal2_opc has 0 polygons
2026-03-25 23:00:48 +0100: Memory Usage (460016K) : metal2_noqrc has 0 polygons
2026-03-25 23:00:48 +0100: Memory Usage (460016K) : metal2_res has 0 polygons
2026-03-25 23:00:48 +0100: Memory Usage (460016K) : metal2_iprobe has 0 polygons
2026-03-25 23:00:48 +0100: Memory Usage (460016K) : metal2_diffprb has 0 polygons
2026-03-25 23:00:48 +0100: Memory Usage (460016K) : baspoly_drw has 0 polygons
2026-03-25 23:00:48 +0100: Memory Usage (460016K) : baspoly_pin has 0 polygons
2026-03-25 23:00:48 +0100: Memory Usage (460460K) : psd_drw has 24 polygons
2026-03-25 23:00:48 +0100: Memory Usage (460460K) : nldb_drw has 0 polygons
2026-03-25 23:00:48 +0100: Memory Usage (460460K) : digibnd_drw has 0 polygons
2026-03-25 23:00:48 +0100: Memory Usage (462044K) : via1_drw has 9590 polygons
2026-03-25 23:00:48 +0100: Memory Usage (462044K) : backmetal1_drw has 0 polygons
2026-03-25 23:00:48 +0100: Memory Usage (462044K) : backmetal1_pin has 0 polygons
2026-03-25 23:00:48 +0100: Memory Usage (462044K) : backmetal1_mask has 0 polygons
2026-03-25 23:00:48 +0100: Memory Usage (462044K) : backmetal1_filler has 0 polygons
2026-03-25 23:00:48 +0100: Memory Usage (462044K) : backmetal1_nofill has 0 polygons
2026-03-25 23:00:48 +0100: Memory Usage (462044K) : backmetal1_slit has 0 polygons
2026-03-25 23:00:48 +0100: Memory Usage (462044K) : backmetal1_text has 0 polygons
2026-03-25 23:00:48 +0100: Memory Usage (462044K) : backmetal1_opc has 0 polygons
2026-03-25 23:00:48 +0100: Memory Usage (462044K) : backmetal1_noqrc has 0 polygons
2026-03-25 23:00:48 +0100: Memory Usage (462044K) : backmetal1_res has 0 polygons
2026-03-25 23:00:48 +0100: Memory Usage (462044K) : backmetal1_iprobe has 0 polygons
2026-03-25 23:00:48 +0100: Memory Usage (462044K) : backmetal1_diffprb has 0 polygons
2026-03-25 23:00:48 +0100: Memory Usage (462044K) : backpassiv_drw has 0 polygons
2026-03-25 23:00:48 +0100: Memory Usage (462044K) : res_drw has 0 polygons
2026-03-25 23:00:48 +0100: Memory Usage (462044K) : sram_drw has 0 polygons
2026-03-25 23:00:48 +0100: Memory Usage (462044K) : trans_drw has 0 polygons
2026-03-25 23:00:48 +0100: Memory Usage (462308K) : ind_drw has 0 polygons
2026-03-25 23:00:48 +0100: Memory Usage (462308K) : ind_pin has 0 polygons
2026-03-25 23:00:48 +0100: Memory Usage (462308K) : ind_text has 0 polygons
2026-03-25 23:00:48 +0100: Memory Usage (462308K) : salblock_drw has 7 polygons
2026-03-25 23:00:48 +0100: Memory Usage (463892K) : via2_drw has 7995 polygons
2026-03-25 23:00:48 +0100: Memory Usage (463892K) : metal3_drw has 67 polygons
2026-03-25 23:00:48 +0100: Memory Usage (463892K) : metal3_pin has 8 polygons
2026-03-25 23:00:48 +0100: Memory Usage (463892K) : metal3_mask has 0 polygons
2026-03-25 23:00:48 +0100: Memory Usage (463892K) : metal3_filler has 0 polygons
2026-03-25 23:00:48 +0100: Memory Usage (463892K) : metal3_nofill has 0 polygons
2026-03-25 23:00:48 +0100: Memory Usage (463892K) : metal3_slit has 0 polygons
2026-03-25 23:00:48 +0100: Memory Usage (463892K) : metal3_text has 0 polygons
2026-03-25 23:00:48 +0100: Memory Usage (463892K) : metal3_opc has 0 polygons
2026-03-25 23:00:48 +0100: Memory Usage (463892K) : metal3_noqrc has 0 polygons
2026-03-25 23:00:48 +0100: Memory Usage (463892K) : metal3_res has 0 polygons
2026-03-25 23:00:48 +0100: Memory Usage (464156K) : metal3_iprobe has 0 polygons
2026-03-25 23:00:48 +0100: Memory Usage (464156K) : metal3_diffprb has 0 polygons
2026-03-25 23:00:48 +0100: Memory Usage (464684K) : nwell_drw has 5 polygons
2026-03-25 23:00:48 +0100: Memory Usage (464684K) : nwell_pin has 0 polygons
2026-03-25 23:00:48 +0100: Memory Usage (464684K) : nbulay_drw has 0 polygons
2026-03-25 23:00:48 +0100: Memory Usage (464684K) : nbulay_pin has 0 polygons
2026-03-25 23:00:48 +0100: Memory Usage (464948K) : nbulay_block has 0 polygons
2026-03-25 23:00:48 +0100: Memory Usage (464948K) : emwind_drw has 0 polygons
2026-03-25 23:00:48 +0100: Memory Usage (464948K) : emwind_opc has 0 polygons
2026-03-25 23:00:48 +0100: Memory Usage (464948K) : deepco_drw has 0 polygons
2026-03-25 23:00:48 +0100: Memory Usage (464948K) : deepco_drw has 0 polygons
2026-03-25 23:00:48 +0100: Memory Usage (465212K) : mim_drw has 2 polygons
2026-03-25 23:00:48 +0100: Memory Usage (465212K) : edgeseal_drw has 0 polygons
2026-03-25 23:00:48 +0100: Memory Usage (465476K) : edgeseal_bound has 0 polygons
2026-03-25 23:00:48 +0100: Memory Usage (465476K) : substrate_drw has 723 polygons
2026-03-25 23:00:48 +0100: Memory Usage (465740K) : substrate_text has 0 polygons
2026-03-25 23:00:48 +0100: Memory Usage (465740K) : dfpad_drw has 0 polygons
2026-03-25 23:00:48 +0100: Memory Usage (465740K) : dfpad_pillar has 0 polygons
2026-03-25 23:00:48 +0100: Memory Usage (466004K) : dfpad_sbump has 0 polygons
2026-03-25 23:00:48 +0100: Memory Usage (466004K) : thickgateox_drw has 0 polygons
2026-03-25 23:00:48 +0100: Memory Usage (466004K) : pldb_drw has 0 polygons
2026-03-25 23:00:48 +0100: Memory Usage (466268K) : pwell_drw has 0 polygons
2026-03-25 23:00:48 +0100: Memory Usage (466268K) : pwell_pin has 0 polygons
2026-03-25 23:00:48 +0100: Memory Usage (466532K) : pwell_block has 0 polygons
2026-03-25 23:00:48 +0100: Memory Usage (466532K) : ic_drw has 0 polygons
2026-03-25 23:00:48 +0100: Memory Usage (468380K) : via3_drw has 7005 polygons
2026-03-25 23:00:48 +0100: Memory Usage (468380K) : metal4_drw has 40 polygons
2026-03-25 23:00:48 +0100: Memory Usage (468380K) : metal4_pin has 3 polygons
2026-03-25 23:00:48 +0100: Memory Usage (468380K) : metal4_mask has 0 polygons
2026-03-25 23:00:48 +0100: Memory Usage (468380K) : metal4_filler has 0 polygons
2026-03-25 23:00:48 +0100: Memory Usage (468380K) : metal4_nofill has 0 polygons
2026-03-25 23:00:48 +0100: Memory Usage (468380K) : metal4_slit has 0 polygons
2026-03-25 23:00:48 +0100: Memory Usage (468380K) : metal4_text has 0 polygons
2026-03-25 23:00:48 +0100: Memory Usage (468380K) : metal4_opc has 0 polygons
2026-03-25 23:00:48 +0100: Memory Usage (468380K) : metal4_noqrc has 0 polygons
2026-03-25 23:00:48 +0100: Memory Usage (468644K) : metal4_res has 0 polygons
2026-03-25 23:00:48 +0100: Memory Usage (468644K) : metal4_iprobe has 0 polygons
2026-03-25 23:00:48 +0100: Memory Usage (468644K) : metal4_diffprb has 0 polygons
2026-03-25 23:00:48 +0100: Memory Usage (468908K) : heattrans_drw has 421 polygons
2026-03-25 23:00:48 +0100: Memory Usage (469172K) : heatres_drw has 7 polygons
2026-03-25 23:00:48 +0100: Memory Usage (469172K) : pempoly_drw has 0 polygons
2026-03-25 23:00:48 +0100: Memory Usage (469172K) : fbe_drw has 0 polygons
2026-03-25 23:00:48 +0100: Memory Usage (469172K) : empoly_drw has 0 polygons
2026-03-25 23:00:48 +0100: Memory Usage (469436K) : ldmos_drw has 0 polygons
2026-03-25 23:00:48 +0100: Memory Usage (469436K) : pbiwind_drw has 0 polygons
2026-03-25 23:00:48 +0100: Memory Usage (469436K) : digisub_drw has 0 polygons
2026-03-25 23:00:48 +0100: Memory Usage (469700K) : nodrc_drw has 0 polygons
2026-03-25 23:00:48 +0100: Memory Usage (469700K) : text_drw has 1107 polygons
2026-03-25 23:00:48 +0100: Memory Usage (471548K) : via4_drw has 6898 polygons
2026-03-25 23:00:48 +0100: Memory Usage (471548K) : metal5_drw has 32 polygons
2026-03-25 23:00:48 +0100: Memory Usage (471548K) : metal5_pin has 5 polygons
2026-03-25 23:00:48 +0100: Memory Usage (471548K) : metal5_mask has 0 polygons
2026-03-25 23:00:48 +0100: Memory Usage (471612K) : metal5_filler has 0 polygons
2026-03-25 23:00:48 +0100: Memory Usage (471612K) : metal5_nofill has 0 polygons
2026-03-25 23:00:48 +0100: Memory Usage (471612K) : metal5_slit has 0 polygons
2026-03-25 23:00:48 +0100: Memory Usage (471612K) : metal5_text has 1 polygons
2026-03-25 23:00:48 +0100: Memory Usage (471612K) : metal5_opc has 0 polygons
2026-03-25 23:00:48 +0100: Memory Usage (471612K) : metal5_noqrc has 0 polygons
2026-03-25 23:00:48 +0100: Memory Usage (471612K) : metal5_res has 0 polygons
2026-03-25 23:00:48 +0100: Memory Usage (471612K) : metal5_iprobe has 0 polygons
2026-03-25 23:00:48 +0100: Memory Usage (471872K) : metal5_diffprb has 0 polygons
2026-03-25 23:00:48 +0100: Memory Usage (471872K) : radhard_drw has 0 polygons
2026-03-25 23:00:48 +0100: Memory Usage (471872K) : memcap_drw has 0 polygons
2026-03-25 23:00:48 +0100: Memory Usage (471872K) : varicap_drw has 0 polygons
2026-03-25 23:00:48 +0100: Memory Usage (471872K) : flash_drw has 0 polygons
2026-03-25 23:00:48 +0100: Memory Usage (471872K) : intbondvia_drw has 0 polygons
2026-03-25 23:00:48 +0100: Memory Usage (471872K) : intbondmet_drw has 0 polygons
2026-03-25 23:00:48 +0100: Memory Usage (471872K) : devbondvia_drw has 0 polygons
2026-03-25 23:00:48 +0100: Memory Usage (471872K) : devbondmet_drw has 0 polygons
2026-03-25 23:00:48 +0100: Memory Usage (471872K) : devtrench_drw has 0 polygons
2026-03-25 23:00:48 +0100: Memory Usage (471872K) : redist_drw has 0 polygons
2026-03-25 23:00:48 +0100: Memory Usage (471872K) : graphbot_drw has 0 polygons
2026-03-25 23:00:48 +0100: Memory Usage (471872K) : graphtop_drw has 0 polygons
2026-03-25 23:00:48 +0100: Memory Usage (471872K) : antvia1_drw has 0 polygons
2026-03-25 23:00:48 +0100: Memory Usage (471872K) : antmetal2_drw has 0 polygons
2026-03-25 23:00:48 +0100: Memory Usage (471872K) : graphcont_drw has 0 polygons
2026-03-25 23:00:48 +0100: Memory Usage (471872K) : siwg_drw has 0 polygons
2026-03-25 23:00:48 +0100: Memory Usage (471872K) : siwg_filler has 0 polygons
2026-03-25 23:00:48 +0100: Memory Usage (471872K) : siwg_nofill has 0 polygons
2026-03-25 23:00:48 +0100: Memory Usage (471872K) : sigrating_drw has 0 polygons
2026-03-25 23:00:48 +0100: Memory Usage (471872K) : singrating_drw has 0 polygons
2026-03-25 23:00:48 +0100: Memory Usage (471872K) : graphpas_drw has 0 polygons
2026-03-25 23:00:48 +0100: Memory Usage (471872K) : emwind3_drw has 0 polygons
2026-03-25 23:00:48 +0100: Memory Usage (471872K) : emwihv3_drw has 0 polygons
2026-03-25 23:00:48 +0100: Memory Usage (471872K) : redbulay_drw has 0 polygons
2026-03-25 23:00:48 +0100: Memory Usage (471872K) : smos_drw has 0 polygons
2026-03-25 23:00:48 +0100: Memory Usage (471872K) : graphpad_drw has 0 polygons
2026-03-25 23:00:48 +0100: Memory Usage (471872K) : polimide_drw has 0 polygons
2026-03-25 23:00:48 +0100: Memory Usage (471872K) : polimide_pin has 0 polygons
2026-03-25 23:00:48 +0100: Memory Usage (471872K) : recog_drw has 0 polygons
2026-03-25 23:00:48 +0100: Memory Usage (471872K) : recog_pin has 0 polygons
2026-03-25 23:00:48 +0100: Memory Usage (471872K) : recog_esd has 0 polygons
2026-03-25 23:00:48 +0100: Memory Usage (471872K) : recog_diode has 0 polygons
2026-03-25 23:00:48 +0100: Memory Usage (471872K) : recog_tsv has 0 polygons
2026-03-25 23:00:48 +0100: Memory Usage (471872K) : recog_iprobe has 0 polygons
2026-03-25 23:00:48 +0100: Memory Usage (471872K) : recog_diffprb has 0 polygons
2026-03-25 23:00:48 +0100: Memory Usage (471872K) : recog_pillar has 0 polygons
2026-03-25 23:00:48 +0100: Memory Usage (471872K) : recog_sbump has 0 polygons
2026-03-25 23:00:48 +0100: Memory Usage (471872K) : recog_otp has 0 polygons
2026-03-25 23:00:48 +0100: Memory Usage (471872K) : recog_pdiode has 0 polygons
2026-03-25 23:00:48 +0100: Memory Usage (471872K) : recog_mom has 0 polygons
2026-03-25 23:00:48 +0100: Memory Usage (471872K) : recog_pcm has 0 polygons
2026-03-25 23:00:48 +0100: Memory Usage (471872K) : colopen_drw has 0 polygons
2026-03-25 23:00:48 +0100: Memory Usage (471872K) : graphmetal1_drw has 0 polygons
2026-03-25 23:00:48 +0100: Memory Usage (471872K) : graphmetal1_filler has 0 polygons
2026-03-25 23:00:48 +0100: Memory Usage (471872K) : graphmetal1_nofill has 0 polygons
2026-03-25 23:00:48 +0100: Memory Usage (471872K) : graphmetal1_slit has 0 polygons
2026-03-25 23:00:48 +0100: Memory Usage (471872K) : graphmetal1_opc has 0 polygons
2026-03-25 23:00:48 +0100: Memory Usage (471872K) : graphmet1l_drw has 0 polygons
2026-03-25 23:00:48 +0100: Memory Usage (471872K) : graphmet1l_filler has 0 polygons
2026-03-25 23:00:48 +0100: Memory Usage (471872K) : graphmet1l_nofill has 0 polygons
2026-03-25 23:00:48 +0100: Memory Usage (471872K) : graphmet1l_slit has 0 polygons
2026-03-25 23:00:48 +0100: Memory Usage (471872K) : graphmet1l_opc has 0 polygons
2026-03-25 23:00:48 +0100: Memory Usage (471872K) : extblock_drw has 5 polygons
2026-03-25 23:00:48 +0100: Memory Usage (471872K) : nldd_drw has 0 polygons
2026-03-25 23:00:48 +0100: Memory Usage (471872K) : pldd_drw has 0 polygons
2026-03-25 23:00:48 +0100: Memory Usage (471872K) : next_drw has 0 polygons
2026-03-25 23:00:48 +0100: Memory Usage (471872K) : pext_drw has 0 polygons
2026-03-25 23:00:48 +0100: Memory Usage (471872K) : nexthv_drw has 0 polygons
2026-03-25 23:00:48 +0100: Memory Usage (471872K) : pexthv_drw has 0 polygons
2026-03-25 23:00:48 +0100: Memory Usage (471872K) : graphgate_drw has 0 polygons
2026-03-25 23:00:48 +0100: Memory Usage (471872K) : sinwg_drw has 0 polygons
2026-03-25 23:00:48 +0100: Memory Usage (471872K) : sinwg_filler has 0 polygons
2026-03-25 23:00:48 +0100: Memory Usage (471872K) : sinwg_nofill has 0 polygons
2026-03-25 23:00:48 +0100: Memory Usage (471872K) : mempad_drw has 0 polygons
2026-03-25 23:00:48 +0100: Memory Usage (471872K) : topvia1_drw has 1720 polygons
2026-03-25 23:00:48 +0100: Memory Usage (471872K) : topmetal1_drw has 13 polygons
2026-03-25 23:00:48 +0100: Memory Usage (471872K) : topmetal1_pin has 15 polygons
2026-03-25 23:00:48 +0100: Memory Usage (471872K) : topmetal1_mask has 0 polygons
2026-03-25 23:00:48 +0100: Memory Usage (471872K) : topmetal1_filler has 0 polygons
2026-03-25 23:00:48 +0100: Memory Usage (471872K) : topmetal1_nofill has 0 polygons
2026-03-25 23:00:48 +0100: Memory Usage (471872K) : topmetal1_slit has 0 polygons
2026-03-25 23:00:48 +0100: Memory Usage (471872K) : topmetal1_text has 5 polygons
2026-03-25 23:00:48 +0100: Memory Usage (471872K) : topmetal1_noqrc has 0 polygons
2026-03-25 23:00:48 +0100: Memory Usage (471872K) : topmetal1_res has 0 polygons
2026-03-25 23:00:48 +0100: Memory Usage (471872K) : topmetal1_iprobe has 0 polygons
2026-03-25 23:00:48 +0100: Memory Usage (471872K) : topmetal1_diffprb has 0 polygons
2026-03-25 23:00:48 +0100: Memory Usage (471872K) : inldpwl_drw has 0 polygons
2026-03-25 23:00:48 +0100: Memory Usage (471872K) : polyres_drw has 7 polygons
2026-03-25 23:00:48 +0100: Memory Usage (471872K) : polyres_pin has 0 polygons
2026-03-25 23:00:48 +0100: Memory Usage (471872K) : vmim_drw has 578 polygons
2026-03-25 23:00:48 +0100: Memory Usage (471872K) : nbulaycut_drw has 0 polygons
2026-03-25 23:00:48 +0100: Memory Usage (471872K) : antmetal1_drw has 0 polygons
2026-03-25 23:00:48 +0100: Memory Usage (471872K) : topvia2_drw has 916 polygons
2026-03-25 23:00:48 +0100: Memory Usage (471872K) : topmetal2_drw has 4 polygons
2026-03-25 23:00:48 +0100: Memory Usage (471872K) : topmetal2_pin has 2 polygons
2026-03-25 23:00:48 +0100: Memory Usage (471872K) : topmetal2_mask has 0 polygons
2026-03-25 23:00:48 +0100: Memory Usage (471872K) : topmetal2_filler has 0 polygons
2026-03-25 23:00:48 +0100: Memory Usage (471872K) : topmetal2_nofill has 0 polygons
2026-03-25 23:00:48 +0100: Memory Usage (471872K) : topmetal2_slit has 0 polygons
2026-03-25 23:00:48 +0100: Memory Usage (471872K) : topmetal2_text has 2 polygons
2026-03-25 23:00:48 +0100: Memory Usage (471872K) : topmetal2_noqrc has 0 polygons
2026-03-25 23:00:48 +0100: Memory Usage (471872K) : topmetal2_res has 0 polygons
2026-03-25 23:00:48 +0100: Memory Usage (471872K) : topmetal2_iprobe has 0 polygons
2026-03-25 23:00:48 +0100: Memory Usage (471872K) : topmetal2_diffprb has 0 polygons
2026-03-25 23:00:48 +0100: Memory Usage (471872K) : snsring_drw has 0 polygons
2026-03-25 23:00:48 +0100: Memory Usage (471872K) : sensor_drw has 0 polygons
2026-03-25 23:00:48 +0100: Memory Usage (471872K) : snsarms_drw has 0 polygons
2026-03-25 23:00:48 +0100: Memory Usage (471872K) : snscmosvia_drw has 0 polygons
2026-03-25 23:00:48 +0100: Memory Usage (471872K) : colwind_drw has 0 polygons
2026-03-25 23:00:48 +0100: Memory Usage (471872K) : flm_drw has 0 polygons
2026-03-25 23:00:48 +0100: Memory Usage (471872K) : hafniumox_drw has 0 polygons
2026-03-25 23:00:48 +0100: Memory Usage (471872K) : memvia_drw has 0 polygons
2026-03-25 23:00:48 +0100: Memory Usage (471872K) : thinfilmres_drw has 0 polygons
2026-03-25 23:00:48 +0100: Memory Usage (471872K) : rfmem_drw has 0 polygons
2026-03-25 23:00:48 +0100: Memory Usage (471872K) : norcx_drw has 0 polygons
2026-03-25 23:00:48 +0100: Memory Usage (471872K) : norcx_m2m3 has 0 polygons
2026-03-25 23:00:48 +0100: Memory Usage (471872K) : norcx_m2m4 has 0 polygons
2026-03-25 23:00:48 +0100: Memory Usage (471872K) : norcx_m2m5 has 0 polygons
2026-03-25 23:00:48 +0100: Memory Usage (471872K) : norcx_m2tm1 has 0 polygons
2026-03-25 23:00:48 +0100: Memory Usage (471872K) : norcx_m2tm2 has 0 polygons
2026-03-25 23:00:48 +0100: Memory Usage (471872K) : norcx_m3m4 has 0 polygons
2026-03-25 23:00:48 +0100: Memory Usage (471872K) : norcx_m3m5 has 0 polygons
2026-03-25 23:00:48 +0100: Memory Usage (471872K) : norcx_m3tm1 has 0 polygons
2026-03-25 23:00:48 +0100: Memory Usage (471872K) : norcx_m3tm2 has 0 polygons
2026-03-25 23:00:48 +0100: Memory Usage (471872K) : norcx_m4m5 has 0 polygons
2026-03-25 23:00:48 +0100: Memory Usage (471872K) : norcx_m4tm1 has 0 polygons
2026-03-25 23:00:48 +0100: Memory Usage (471872K) : norcx_m4tm2 has 0 polygons
2026-03-25 23:00:48 +0100: Memory Usage (471872K) : norcx_m5tm1 has 0 polygons
2026-03-25 23:00:48 +0100: Memory Usage (471872K) : norcx_m5tm2 has 0 polygons
2026-03-25 23:00:48 +0100: Memory Usage (471872K) : norcx_tm1tm2 has 0 polygons
2026-03-25 23:00:48 +0100: Memory Usage (471872K) : norcx_m1sub has 0 polygons
2026-03-25 23:00:48 +0100: Memory Usage (471872K) : norcx_m2sub has 0 polygons
2026-03-25 23:00:48 +0100: Memory Usage (471872K) : norcx_m3sub has 0 polygons
2026-03-25 23:00:48 +0100: Memory Usage (471872K) : norcx_m4sub has 0 polygons
2026-03-25 23:00:48 +0100: Memory Usage (471872K) : norcx_m5sub has 0 polygons
2026-03-25 23:00:48 +0100: Memory Usage (471872K) : norcx_tm1sub has 0 polygons
2026-03-25 23:00:48 +0100: Memory Usage (471872K) : norcx_tm2sub has 0 polygons
2026-03-25 23:00:48 +0100: Memory Usage (471872K) : snsbotvia_drw has 0 polygons
2026-03-25 23:00:48 +0100: Memory Usage (471872K) : snstopvia_drw has 0 polygons
2026-03-25 23:00:48 +0100: Memory Usage (471872K) : deepvia_drw has 0 polygons
2026-03-25 23:00:48 +0100: Memory Usage (471872K) : fgetch_drw has 0 polygons
2026-03-25 23:00:48 +0100: Memory Usage (471872K) : ctrgat_drw has 0 polygons
2026-03-25 23:00:48 +0100: Memory Usage (471872K) : fgimp_drw has 0 polygons
2026-03-25 23:00:48 +0100: Memory Usage (471872K) : emwihv_drw has 0 polygons
2026-03-25 23:00:48 +0100: Memory Usage (471872K) : lbe_drw has 0 polygons
2026-03-25 23:00:48 +0100: Memory Usage (471872K) : alcustop_drw has 0 polygons
2026-03-25 23:00:48 +0100: Memory Usage (471872K) : nometfiller_drw has 0 polygons
2026-03-25 23:00:48 +0100: Memory Usage (471872K) : prboundary_drw has 0 polygons
2026-03-25 23:00:48 +0100: Memory Usage (471872K) : exchange0_drw has 0 polygons
2026-03-25 23:00:48 +0100: Memory Usage (471872K) : exchange0_pin has 0 polygons
2026-03-25 23:00:48 +0100: Memory Usage (471872K) : exchange0_text has 0 polygons
2026-03-25 23:00:48 +0100: Memory Usage (471872K) : exchange1_drw has 0 polygons
2026-03-25 23:00:48 +0100: Memory Usage (471872K) : exchange1_pin has 0 polygons
2026-03-25 23:00:48 +0100: Memory Usage (471872K) : exchange1_text has 0 polygons
2026-03-25 23:00:48 +0100: Memory Usage (471872K) : exchange2_drw has 0 polygons
2026-03-25 23:00:48 +0100: Memory Usage (472136K) : exchange2_pin has 0 polygons
2026-03-25 23:00:48 +0100: Memory Usage (472136K) : exchange2_text has 0 polygons
2026-03-25 23:00:48 +0100: Memory Usage (472136K) : exchange3_drw has 0 polygons
2026-03-25 23:00:48 +0100: Memory Usage (472400K) : exchange3_pin has 0 polygons
2026-03-25 23:00:48 +0100: Memory Usage (472400K) : exchange3_text has 0 polygons
2026-03-25 23:00:48 +0100: Memory Usage (472596K) : exchange4_drw has 0 polygons
2026-03-25 23:00:48 +0100: Memory Usage (472596K) : exchange4_pin has 0 polygons
2026-03-25 23:00:48 +0100: Memory Usage (472856K) : exchange4_text has 0 polygons
2026-03-25 23:00:48 +0100: Memory Usage (472856K) : isonwell_drw has 0 polygons
2026-03-25 23:00:48 +0100: Memory Usage (472856K) : Total no. of polygons in the design is 55451
2026-03-25 23:00:48 +0100: Memory Usage (472856K) : Loaded TECH DRC rules values from /foss/pdks/ihp-sg13g2/libs.tech/klayout/python/sg13g2_pycell_lib/sg13g2_tech_mod.json
2026-03-25 23:00:48 +0100: Memory Usage (472856K) : Loaded default DRC rules values from /foss/pdks/ihp-sg13g2/libs.tech/klayout/tech/drc/rule_decks/sg13g2_tech_default.json
2026-03-25 23:00:48 +0100: Memory Usage (472856K) : The following rules values were missing in tech json and default values were used:
2026-03-25 23:00:48 +0100: Memory Usage (472856K) :   - Cnt_c_digibnd
2026-03-25 23:00:48 +0100: Memory Usage (473120K) : Total area of the design is 54805.149724999996 um^2.
2026-03-25 23:00:48 +0100: Memory Usage (473120K) : The design dimensions are 309.90500000000003 µm * 176.845 µm.
2026-03-25 23:00:48 +0100: Memory Usage (473120K) : Starting general IHP-SG13G2 derivations.
2026-03-25 23:00:48 +0100: Memory Usage (473120K) : Starting Pwell derivations
2026-03-25 23:00:48 +0100: Memory Usage (473444K) : Starting IHP-SG13G2 DRC rules.
2026-03-25 23:00:48 +0100: Memory Usage (473444K) : Starting 5.19. Via1 table
2026-03-25 23:00:48 +0100: Memory Usage (473444K) : Starting 5.19. Via1 table derivations
2026-03-25 23:00:48 +0100: Memory Usage (474236K) : Executing rule V1.a
2026-03-25 23:00:48 +0100: Memory Usage (474820K) : Executing rule V1.b
2026-03-25 23:00:48 +0100: Memory Usage (478108K) : Executing rule V1.c
2026-03-25 23:00:48 +0100: Memory Usage (478728K) : KLayout DRC run for tables 'via1' completed in 1.85 seconds
