# Logfile created on 2026-03-25 23:00:38 +0100 by logger.rb/v1.5.3
2026-03-25 23:00:38 +0100: Memory Usage (436692K) : Starting running IHP-SG13G2 KLayout DRC runset on /foss/designs/Design/xschem/IHP__OPA2251/OPA2251-main/layout/klayout/HPA_project_wrapper.gds
2026-03-25 23:00:38 +0100: Memory Usage (436692K) : Ruby Version for klayout: 3.2.3
2026-03-25 23:00:40 +0100: Memory Usage (451300K) : Loading database to memory is complete.
2026-03-25 23:00:40 +0100: Memory Usage (451300K) : IHP-SG13G2 KLayout DRC runset output at: /foss/designs/Design/xschem/IHP__OPA2251/OPA2251-main/layout/klayout/drc_run_HPA/HPA_project_wrapper_HPA_schottkydiode.lyrdb
2026-03-25 23:00:40 +0100: Memory Usage (451300K) : Evaluate switches.
2026-03-25 23:00:40 +0100: Memory Usage (451300K) : tables selected: schottkydiode
2026-03-25 23:00:40 +0100: Memory Usage (451300K) : KLayout will use 4 thread(s) in tiled mode.
2026-03-25 23:00:40 +0100: Memory Usage (451300K) : flat mode is enabled.
2026-03-25 23:00:40 +0100: Memory Usage (451300K) : FEOL enabled: false
2026-03-25 23:00:40 +0100: Memory Usage (451300K) : BEOL enabled: false
2026-03-25 23:00:40 +0100: Memory Usage (451300K) : OFFGRID enabled: true
2026-03-25 23:00:40 +0100: Memory Usage (451300K) : PIN enabled: false
2026-03-25 23:00:40 +0100: Memory Usage (451300K) : FORBIDDEN enabled: false
2026-03-25 23:00:40 +0100: Memory Usage (451300K) : RECOMMENDED enabled: true
2026-03-25 23:00:40 +0100: Memory Usage (451300K) : PreCheck DRC enabled: false
2026-03-25 23:00:40 +0100: Memory Usage (451300K) : CONNECTIVITY_RULES enabled: false.
2026-03-25 23:00:40 +0100: Memory Usage (451300K) : Read in polygons from layers.
2026-03-25 23:00:40 +0100: Memory Usage (454192K) : activ_drw has 198 polygons
2026-03-25 23:00:40 +0100: Memory Usage (454192K) : activ_pin has 0 polygons
2026-03-25 23:00:40 +0100: Memory Usage (454192K) : activ_mask has 0 polygons
2026-03-25 23:00:40 +0100: Memory Usage (454192K) : activ_filler has 0 polygons
2026-03-25 23:00:40 +0100: Memory Usage (454192K) : activ_nofill has 0 polygons
2026-03-25 23:00:40 +0100: Memory Usage (454192K) : activ_opc has 0 polygons
2026-03-25 23:00:40 +0100: Memory Usage (454192K) : activ_iopc has 0 polygons
2026-03-25 23:00:40 +0100: Memory Usage (454192K) : activ_noqrc has 0 polygons
2026-03-25 23:00:40 +0100: Memory Usage (454192K) : biwind_drw has 0 polygons
2026-03-25 23:00:40 +0100: Memory Usage (454192K) : biwind_opc has 0 polygons
2026-03-25 23:00:40 +0100: Memory Usage (454192K) : pemwind_drw has 0 polygons
2026-03-25 23:00:40 +0100: Memory Usage (454888K) : gatpoly_drw has 108 polygons
2026-03-25 23:00:40 +0100: Memory Usage (454888K) : gatpoly_pin has 124 polygons
2026-03-25 23:00:40 +0100: Memory Usage (454888K) : gatpoly_filler has 0 polygons
2026-03-25 23:00:40 +0100: Memory Usage (454888K) : gatpoly_nofill has 0 polygons
2026-03-25 23:00:40 +0100: Memory Usage (454888K) : gatpoly_opc has 0 polygons
2026-03-25 23:00:40 +0100: Memory Usage (454888K) : gatpoly_iopc has 0 polygons
2026-03-25 23:00:40 +0100: Memory Usage (454888K) : gatpoly_noqrc has 0 polygons
2026-03-25 23:00:40 +0100: Memory Usage (459376K) : cont_drw has 16803 polygons
2026-03-25 23:00:40 +0100: Memory Usage (459376K) : cont_opc has 0 polygons
2026-03-25 23:00:40 +0100: Memory Usage (459376K) : nsd_drw has 0 polygons
2026-03-25 23:00:40 +0100: Memory Usage (459376K) : nsd_block has 0 polygons
2026-03-25 23:00:40 +0100: Memory Usage (459376K) : metal1_drw has 390 polygons
2026-03-25 23:00:40 +0100: Memory Usage (459376K) : metal1_pin has 515 polygons
2026-03-25 23:00:40 +0100: Memory Usage (459376K) : metal1_mask has 0 polygons
2026-03-25 23:00:40 +0100: Memory Usage (459376K) : metal1_filler has 0 polygons
2026-03-25 23:00:40 +0100: Memory Usage (459376K) : metal1_nofill has 0 polygons
2026-03-25 23:00:40 +0100: Memory Usage (459376K) : metal1_slit has 0 polygons
2026-03-25 23:00:40 +0100: Memory Usage (459376K) : metal1_text has 0 polygons
2026-03-25 23:00:40 +0100: Memory Usage (459376K) : metal1_opc has 0 polygons
2026-03-25 23:00:40 +0100: Memory Usage (459376K) : metal1_noqrc has 0 polygons
2026-03-25 23:00:40 +0100: Memory Usage (459376K) : metal1_res has 0 polygons
2026-03-25 23:00:40 +0100: Memory Usage (459376K) : metal1_iprobe has 0 polygons
2026-03-25 23:00:40 +0100: Memory Usage (459376K) : metal1_diffprb has 0 polygons
2026-03-25 23:00:40 +0100: Memory Usage (459376K) : passiv_drw has 0 polygons
2026-03-25 23:00:40 +0100: Memory Usage (459376K) : passiv_pin has 0 polygons
2026-03-25 23:00:40 +0100: Memory Usage (459376K) : passiv_sbump has 0 polygons
2026-03-25 23:00:40 +0100: Memory Usage (459376K) : passiv_pillar has 0 polygons
2026-03-25 23:00:40 +0100: Memory Usage (459376K) : passiv_pdl has 0 polygons
2026-03-25 23:00:40 +0100: Memory Usage (459376K) : metal2_drw has 95 polygons
2026-03-25 23:00:40 +0100: Memory Usage (459376K) : metal2_pin has 11 polygons
2026-03-25 23:00:40 +0100: Memory Usage (459376K) : metal2_mask has 0 polygons
2026-03-25 23:00:40 +0100: Memory Usage (459376K) : metal2_filler has 0 polygons
2026-03-25 23:00:40 +0100: Memory Usage (459376K) : metal2_nofill has 0 polygons
2026-03-25 23:00:40 +0100: Memory Usage (459376K) : metal2_slit has 0 polygons
2026-03-25 23:00:40 +0100: Memory Usage (459376K) : metal2_text has 0 polygons
2026-03-25 23:00:40 +0100: Memory Usage (459376K) : metal2_opc has 0 polygons
2026-03-25 23:00:40 +0100: Memory Usage (459376K) : metal2_noqrc has 0 polygons
2026-03-25 23:00:40 +0100: Memory Usage (459376K) : metal2_res has 0 polygons
2026-03-25 23:00:40 +0100: Memory Usage (459376K) : metal2_iprobe has 0 polygons
2026-03-25 23:00:40 +0100: Memory Usage (459376K) : metal2_diffprb has 0 polygons
2026-03-25 23:00:40 +0100: Memory Usage (459376K) : baspoly_drw has 0 polygons
2026-03-25 23:00:40 +0100: Memory Usage (459376K) : baspoly_pin has 0 polygons
2026-03-25 23:00:40 +0100: Memory Usage (459812K) : psd_drw has 24 polygons
2026-03-25 23:00:40 +0100: Memory Usage (459812K) : nldb_drw has 0 polygons
2026-03-25 23:00:40 +0100: Memory Usage (459812K) : digibnd_drw has 0 polygons
2026-03-25 23:00:40 +0100: Memory Usage (461396K) : via1_drw has 9590 polygons
2026-03-25 23:00:40 +0100: Memory Usage (461396K) : backmetal1_drw has 0 polygons
2026-03-25 23:00:40 +0100: Memory Usage (461396K) : backmetal1_pin has 0 polygons
2026-03-25 23:00:40 +0100: Memory Usage (461396K) : backmetal1_mask has 0 polygons
2026-03-25 23:00:40 +0100: Memory Usage (461396K) : backmetal1_filler has 0 polygons
2026-03-25 23:00:40 +0100: Memory Usage (461396K) : backmetal1_nofill has 0 polygons
2026-03-25 23:00:40 +0100: Memory Usage (461396K) : backmetal1_slit has 0 polygons
2026-03-25 23:00:40 +0100: Memory Usage (461396K) : backmetal1_text has 0 polygons
2026-03-25 23:00:40 +0100: Memory Usage (461396K) : backmetal1_opc has 0 polygons
2026-03-25 23:00:40 +0100: Memory Usage (461396K) : backmetal1_noqrc has 0 polygons
2026-03-25 23:00:40 +0100: Memory Usage (461396K) : backmetal1_res has 0 polygons
2026-03-25 23:00:40 +0100: Memory Usage (461396K) : backmetal1_iprobe has 0 polygons
2026-03-25 23:00:40 +0100: Memory Usage (461396K) : backmetal1_diffprb has 0 polygons
2026-03-25 23:00:40 +0100: Memory Usage (461396K) : backpassiv_drw has 0 polygons
2026-03-25 23:00:40 +0100: Memory Usage (461396K) : res_drw has 0 polygons
2026-03-25 23:00:40 +0100: Memory Usage (461396K) : sram_drw has 0 polygons
2026-03-25 23:00:40 +0100: Memory Usage (461396K) : trans_drw has 0 polygons
2026-03-25 23:00:40 +0100: Memory Usage (461396K) : ind_drw has 0 polygons
2026-03-25 23:00:40 +0100: Memory Usage (461660K) : ind_pin has 0 polygons
2026-03-25 23:00:40 +0100: Memory Usage (461660K) : ind_text has 0 polygons
2026-03-25 23:00:40 +0100: Memory Usage (461660K) : salblock_drw has 7 polygons
2026-03-25 23:00:40 +0100: Memory Usage (463244K) : via2_drw has 7995 polygons
2026-03-25 23:00:40 +0100: Memory Usage (463244K) : metal3_drw has 67 polygons
2026-03-25 23:00:40 +0100: Memory Usage (463244K) : metal3_pin has 8 polygons
2026-03-25 23:00:40 +0100: Memory Usage (463244K) : metal3_mask has 0 polygons
2026-03-25 23:00:40 +0100: Memory Usage (463244K) : metal3_filler has 0 polygons
2026-03-25 23:00:40 +0100: Memory Usage (463244K) : metal3_nofill has 0 polygons
2026-03-25 23:00:40 +0100: Memory Usage (463244K) : metal3_slit has 0 polygons
2026-03-25 23:00:40 +0100: Memory Usage (463244K) : metal3_text has 0 polygons
2026-03-25 23:00:40 +0100: Memory Usage (463244K) : metal3_opc has 0 polygons
2026-03-25 23:00:40 +0100: Memory Usage (463244K) : metal3_noqrc has 0 polygons
2026-03-25 23:00:40 +0100: Memory Usage (463244K) : metal3_res has 0 polygons
2026-03-25 23:00:40 +0100: Memory Usage (463508K) : metal3_iprobe has 0 polygons
2026-03-25 23:00:40 +0100: Memory Usage (463508K) : metal3_diffprb has 0 polygons
2026-03-25 23:00:40 +0100: Memory Usage (464036K) : nwell_drw has 5 polygons
2026-03-25 23:00:40 +0100: Memory Usage (464036K) : nwell_pin has 0 polygons
2026-03-25 23:00:40 +0100: Memory Usage (464036K) : nbulay_drw has 0 polygons
2026-03-25 23:00:40 +0100: Memory Usage (464036K) : nbulay_pin has 0 polygons
2026-03-25 23:00:40 +0100: Memory Usage (464300K) : nbulay_block has 0 polygons
2026-03-25 23:00:40 +0100: Memory Usage (464300K) : emwind_drw has 0 polygons
2026-03-25 23:00:40 +0100: Memory Usage (464300K) : emwind_opc has 0 polygons
2026-03-25 23:00:40 +0100: Memory Usage (464300K) : deepco_drw has 0 polygons
2026-03-25 23:00:40 +0100: Memory Usage (464300K) : deepco_drw has 0 polygons
2026-03-25 23:00:40 +0100: Memory Usage (464564K) : mim_drw has 2 polygons
2026-03-25 23:00:40 +0100: Memory Usage (464564K) : edgeseal_drw has 0 polygons
2026-03-25 23:00:40 +0100: Memory Usage (464828K) : edgeseal_bound has 0 polygons
2026-03-25 23:00:40 +0100: Memory Usage (464828K) : substrate_drw has 723 polygons
2026-03-25 23:00:40 +0100: Memory Usage (465092K) : substrate_text has 0 polygons
2026-03-25 23:00:40 +0100: Memory Usage (465092K) : dfpad_drw has 0 polygons
2026-03-25 23:00:40 +0100: Memory Usage (465092K) : dfpad_pillar has 0 polygons
2026-03-25 23:00:40 +0100: Memory Usage (465356K) : dfpad_sbump has 0 polygons
2026-03-25 23:00:40 +0100: Memory Usage (465356K) : thickgateox_drw has 0 polygons
2026-03-25 23:00:40 +0100: Memory Usage (465356K) : pldb_drw has 0 polygons
2026-03-25 23:00:40 +0100: Memory Usage (465620K) : pwell_drw has 0 polygons
2026-03-25 23:00:40 +0100: Memory Usage (465620K) : pwell_pin has 0 polygons
2026-03-25 23:00:40 +0100: Memory Usage (465884K) : pwell_block has 0 polygons
2026-03-25 23:00:40 +0100: Memory Usage (465884K) : ic_drw has 0 polygons
2026-03-25 23:00:40 +0100: Memory Usage (467732K) : via3_drw has 7005 polygons
2026-03-25 23:00:40 +0100: Memory Usage (467732K) : metal4_drw has 40 polygons
2026-03-25 23:00:40 +0100: Memory Usage (467732K) : metal4_pin has 3 polygons
2026-03-25 23:00:40 +0100: Memory Usage (467732K) : metal4_mask has 0 polygons
2026-03-25 23:00:40 +0100: Memory Usage (467732K) : metal4_filler has 0 polygons
2026-03-25 23:00:40 +0100: Memory Usage (467732K) : metal4_nofill has 0 polygons
2026-03-25 23:00:40 +0100: Memory Usage (467732K) : metal4_slit has 0 polygons
2026-03-25 23:00:40 +0100: Memory Usage (467732K) : metal4_text has 0 polygons
2026-03-25 23:00:40 +0100: Memory Usage (467732K) : metal4_opc has 0 polygons
2026-03-25 23:00:40 +0100: Memory Usage (467732K) : metal4_noqrc has 0 polygons
2026-03-25 23:00:40 +0100: Memory Usage (467996K) : metal4_res has 0 polygons
2026-03-25 23:00:40 +0100: Memory Usage (467996K) : metal4_iprobe has 0 polygons
2026-03-25 23:00:40 +0100: Memory Usage (467996K) : metal4_diffprb has 0 polygons
2026-03-25 23:00:40 +0100: Memory Usage (468260K) : heattrans_drw has 421 polygons
2026-03-25 23:00:40 +0100: Memory Usage (468524K) : heatres_drw has 7 polygons
2026-03-25 23:00:40 +0100: Memory Usage (468524K) : pempoly_drw has 0 polygons
2026-03-25 23:00:40 +0100: Memory Usage (468524K) : fbe_drw has 0 polygons
2026-03-25 23:00:40 +0100: Memory Usage (468524K) : empoly_drw has 0 polygons
2026-03-25 23:00:40 +0100: Memory Usage (468788K) : ldmos_drw has 0 polygons
2026-03-25 23:00:40 +0100: Memory Usage (468788K) : pbiwind_drw has 0 polygons
2026-03-25 23:00:40 +0100: Memory Usage (468788K) : digisub_drw has 0 polygons
2026-03-25 23:00:40 +0100: Memory Usage (468788K) : nodrc_drw has 0 polygons
2026-03-25 23:00:40 +0100: Memory Usage (468788K) : text_drw has 1107 polygons
2026-03-25 23:00:40 +0100: Memory Usage (468788K) : via4_drw has 6898 polygons
2026-03-25 23:00:40 +0100: Memory Usage (468788K) : metal5_drw has 32 polygons
2026-03-25 23:00:40 +0100: Memory Usage (468788K) : metal5_pin has 5 polygons
2026-03-25 23:00:40 +0100: Memory Usage (468788K) : metal5_mask has 0 polygons
2026-03-25 23:00:40 +0100: Memory Usage (468788K) : metal5_filler has 0 polygons
2026-03-25 23:00:40 +0100: Memory Usage (468788K) : metal5_nofill has 0 polygons
2026-03-25 23:00:40 +0100: Memory Usage (468788K) : metal5_slit has 0 polygons
2026-03-25 23:00:40 +0100: Memory Usage (468788K) : metal5_text has 1 polygons
2026-03-25 23:00:40 +0100: Memory Usage (468788K) : metal5_opc has 0 polygons
2026-03-25 23:00:40 +0100: Memory Usage (468788K) : metal5_noqrc has 0 polygons
2026-03-25 23:00:40 +0100: Memory Usage (468788K) : metal5_res has 0 polygons
2026-03-25 23:00:40 +0100: Memory Usage (468788K) : metal5_iprobe has 0 polygons
2026-03-25 23:00:40 +0100: Memory Usage (468788K) : metal5_diffprb has 0 polygons
2026-03-25 23:00:40 +0100: Memory Usage (468788K) : radhard_drw has 0 polygons
2026-03-25 23:00:40 +0100: Memory Usage (468788K) : memcap_drw has 0 polygons
2026-03-25 23:00:40 +0100: Memory Usage (468788K) : varicap_drw has 0 polygons
2026-03-25 23:00:40 +0100: Memory Usage (468788K) : flash_drw has 0 polygons
2026-03-25 23:00:40 +0100: Memory Usage (468788K) : intbondvia_drw has 0 polygons
2026-03-25 23:00:40 +0100: Memory Usage (468788K) : intbondmet_drw has 0 polygons
2026-03-25 23:00:40 +0100: Memory Usage (468788K) : devbondvia_drw has 0 polygons
2026-03-25 23:00:40 +0100: Memory Usage (468788K) : devbondmet_drw has 0 polygons
2026-03-25 23:00:40 +0100: Memory Usage (468788K) : devtrench_drw has 0 polygons
2026-03-25 23:00:40 +0100: Memory Usage (468788K) : redist_drw has 0 polygons
2026-03-25 23:00:40 +0100: Memory Usage (468788K) : graphbot_drw has 0 polygons
2026-03-25 23:00:40 +0100: Memory Usage (468788K) : graphtop_drw has 0 polygons
2026-03-25 23:00:40 +0100: Memory Usage (468788K) : antvia1_drw has 0 polygons
2026-03-25 23:00:40 +0100: Memory Usage (468788K) : antmetal2_drw has 0 polygons
2026-03-25 23:00:40 +0100: Memory Usage (468788K) : graphcont_drw has 0 polygons
2026-03-25 23:00:40 +0100: Memory Usage (468788K) : siwg_drw has 0 polygons
2026-03-25 23:00:40 +0100: Memory Usage (468788K) : siwg_filler has 0 polygons
2026-03-25 23:00:40 +0100: Memory Usage (468788K) : siwg_nofill has 0 polygons
2026-03-25 23:00:40 +0100: Memory Usage (468788K) : sigrating_drw has 0 polygons
2026-03-25 23:00:40 +0100: Memory Usage (468788K) : singrating_drw has 0 polygons
2026-03-25 23:00:40 +0100: Memory Usage (468788K) : graphpas_drw has 0 polygons
2026-03-25 23:00:40 +0100: Memory Usage (468788K) : emwind3_drw has 0 polygons
2026-03-25 23:00:40 +0100: Memory Usage (468788K) : emwihv3_drw has 0 polygons
2026-03-25 23:00:40 +0100: Memory Usage (468788K) : redbulay_drw has 0 polygons
2026-03-25 23:00:40 +0100: Memory Usage (468788K) : smos_drw has 0 polygons
2026-03-25 23:00:40 +0100: Memory Usage (468788K) : graphpad_drw has 0 polygons
2026-03-25 23:00:40 +0100: Memory Usage (468788K) : polimide_drw has 0 polygons
2026-03-25 23:00:40 +0100: Memory Usage (468788K) : polimide_pin has 0 polygons
2026-03-25 23:00:40 +0100: Memory Usage (468788K) : recog_drw has 0 polygons
2026-03-25 23:00:40 +0100: Memory Usage (468788K) : recog_pin has 0 polygons
2026-03-25 23:00:40 +0100: Memory Usage (468788K) : recog_esd has 0 polygons
2026-03-25 23:00:40 +0100: Memory Usage (468788K) : recog_diode has 0 polygons
2026-03-25 23:00:40 +0100: Memory Usage (468788K) : recog_tsv has 0 polygons
2026-03-25 23:00:40 +0100: Memory Usage (468788K) : recog_iprobe has 0 polygons
2026-03-25 23:00:40 +0100: Memory Usage (468788K) : recog_diffprb has 0 polygons
2026-03-25 23:00:40 +0100: Memory Usage (468788K) : recog_pillar has 0 polygons
2026-03-25 23:00:40 +0100: Memory Usage (468788K) : recog_sbump has 0 polygons
2026-03-25 23:00:40 +0100: Memory Usage (468788K) : recog_otp has 0 polygons
2026-03-25 23:00:40 +0100: Memory Usage (468788K) : recog_pdiode has 0 polygons
2026-03-25 23:00:40 +0100: Memory Usage (468788K) : recog_mom has 0 polygons
2026-03-25 23:00:40 +0100: Memory Usage (468788K) : recog_pcm has 0 polygons
2026-03-25 23:00:40 +0100: Memory Usage (468788K) : colopen_drw has 0 polygons
2026-03-25 23:00:40 +0100: Memory Usage (468788K) : graphmetal1_drw has 0 polygons
2026-03-25 23:00:40 +0100: Memory Usage (468788K) : graphmetal1_filler has 0 polygons
2026-03-25 23:00:40 +0100: Memory Usage (468788K) : graphmetal1_nofill has 0 polygons
2026-03-25 23:00:40 +0100: Memory Usage (468788K) : graphmetal1_slit has 0 polygons
2026-03-25 23:00:40 +0100: Memory Usage (468788K) : graphmetal1_opc has 0 polygons
2026-03-25 23:00:40 +0100: Memory Usage (468788K) : graphmet1l_drw has 0 polygons
2026-03-25 23:00:40 +0100: Memory Usage (468788K) : graphmet1l_filler has 0 polygons
2026-03-25 23:00:40 +0100: Memory Usage (468788K) : graphmet1l_nofill has 0 polygons
2026-03-25 23:00:40 +0100: Memory Usage (468788K) : graphmet1l_slit has 0 polygons
2026-03-25 23:00:40 +0100: Memory Usage (468788K) : graphmet1l_opc has 0 polygons
2026-03-25 23:00:40 +0100: Memory Usage (468788K) : extblock_drw has 5 polygons
2026-03-25 23:00:40 +0100: Memory Usage (468788K) : nldd_drw has 0 polygons
2026-03-25 23:00:40 +0100: Memory Usage (468788K) : pldd_drw has 0 polygons
2026-03-25 23:00:40 +0100: Memory Usage (468788K) : next_drw has 0 polygons
2026-03-25 23:00:40 +0100: Memory Usage (468788K) : pext_drw has 0 polygons
2026-03-25 23:00:40 +0100: Memory Usage (468788K) : nexthv_drw has 0 polygons
2026-03-25 23:00:40 +0100: Memory Usage (468788K) : pexthv_drw has 0 polygons
2026-03-25 23:00:40 +0100: Memory Usage (468788K) : graphgate_drw has 0 polygons
2026-03-25 23:00:40 +0100: Memory Usage (468788K) : sinwg_drw has 0 polygons
2026-03-25 23:00:40 +0100: Memory Usage (468788K) : sinwg_filler has 0 polygons
2026-03-25 23:00:40 +0100: Memory Usage (468788K) : sinwg_nofill has 0 polygons
2026-03-25 23:00:40 +0100: Memory Usage (468788K) : mempad_drw has 0 polygons
2026-03-25 23:00:40 +0100: Memory Usage (468788K) : topvia1_drw has 1720 polygons
2026-03-25 23:00:40 +0100: Memory Usage (468788K) : topmetal1_drw has 13 polygons
2026-03-25 23:00:40 +0100: Memory Usage (468788K) : topmetal1_pin has 15 polygons
2026-03-25 23:00:40 +0100: Memory Usage (468788K) : topmetal1_mask has 0 polygons
2026-03-25 23:00:40 +0100: Memory Usage (468788K) : topmetal1_filler has 0 polygons
2026-03-25 23:00:40 +0100: Memory Usage (468788K) : topmetal1_nofill has 0 polygons
2026-03-25 23:00:40 +0100: Memory Usage (468788K) : topmetal1_slit has 0 polygons
2026-03-25 23:00:40 +0100: Memory Usage (468788K) : topmetal1_text has 5 polygons
2026-03-25 23:00:40 +0100: Memory Usage (468788K) : topmetal1_noqrc has 0 polygons
2026-03-25 23:00:40 +0100: Memory Usage (468788K) : topmetal1_res has 0 polygons
2026-03-25 23:00:40 +0100: Memory Usage (468788K) : topmetal1_iprobe has 0 polygons
2026-03-25 23:00:40 +0100: Memory Usage (468788K) : topmetal1_diffprb has 0 polygons
2026-03-25 23:00:40 +0100: Memory Usage (468788K) : inldpwl_drw has 0 polygons
2026-03-25 23:00:40 +0100: Memory Usage (468788K) : polyres_drw has 7 polygons
2026-03-25 23:00:40 +0100: Memory Usage (468788K) : polyres_pin has 0 polygons
2026-03-25 23:00:40 +0100: Memory Usage (468788K) : vmim_drw has 578 polygons
2026-03-25 23:00:40 +0100: Memory Usage (468788K) : nbulaycut_drw has 0 polygons
2026-03-25 23:00:40 +0100: Memory Usage (468788K) : antmetal1_drw has 0 polygons
2026-03-25 23:00:40 +0100: Memory Usage (468788K) : topvia2_drw has 916 polygons
2026-03-25 23:00:40 +0100: Memory Usage (468788K) : topmetal2_drw has 4 polygons
2026-03-25 23:00:40 +0100: Memory Usage (468788K) : topmetal2_pin has 2 polygons
2026-03-25 23:00:40 +0100: Memory Usage (468788K) : topmetal2_mask has 0 polygons
2026-03-25 23:00:40 +0100: Memory Usage (468788K) : topmetal2_filler has 0 polygons
2026-03-25 23:00:40 +0100: Memory Usage (468788K) : topmetal2_nofill has 0 polygons
2026-03-25 23:00:40 +0100: Memory Usage (468788K) : topmetal2_slit has 0 polygons
2026-03-25 23:00:40 +0100: Memory Usage (468788K) : topmetal2_text has 2 polygons
2026-03-25 23:00:40 +0100: Memory Usage (468788K) : topmetal2_noqrc has 0 polygons
2026-03-25 23:00:40 +0100: Memory Usage (468788K) : topmetal2_res has 0 polygons
2026-03-25 23:00:40 +0100: Memory Usage (468788K) : topmetal2_iprobe has 0 polygons
2026-03-25 23:00:40 +0100: Memory Usage (468788K) : topmetal2_diffprb has 0 polygons
2026-03-25 23:00:40 +0100: Memory Usage (468788K) : snsring_drw has 0 polygons
2026-03-25 23:00:40 +0100: Memory Usage (468788K) : sensor_drw has 0 polygons
2026-03-25 23:00:40 +0100: Memory Usage (468788K) : snsarms_drw has 0 polygons
2026-03-25 23:00:40 +0100: Memory Usage (468788K) : snscmosvia_drw has 0 polygons
2026-03-25 23:00:40 +0100: Memory Usage (468788K) : colwind_drw has 0 polygons
2026-03-25 23:00:40 +0100: Memory Usage (468788K) : flm_drw has 0 polygons
2026-03-25 23:00:40 +0100: Memory Usage (468788K) : hafniumox_drw has 0 polygons
2026-03-25 23:00:40 +0100: Memory Usage (468788K) : memvia_drw has 0 polygons
2026-03-25 23:00:40 +0100: Memory Usage (468788K) : thinfilmres_drw has 0 polygons
2026-03-25 23:00:40 +0100: Memory Usage (468788K) : rfmem_drw has 0 polygons
2026-03-25 23:00:40 +0100: Memory Usage (469052K) : norcx_drw has 0 polygons
2026-03-25 23:00:40 +0100: Memory Usage (469052K) : norcx_m2m3 has 0 polygons
2026-03-25 23:00:40 +0100: Memory Usage (469052K) : norcx_m2m4 has 0 polygons
2026-03-25 23:00:40 +0100: Memory Usage (469052K) : norcx_m2m5 has 0 polygons
2026-03-25 23:00:40 +0100: Memory Usage (469316K) : norcx_m2tm1 has 0 polygons
2026-03-25 23:00:40 +0100: Memory Usage (469316K) : norcx_m2tm2 has 0 polygons
2026-03-25 23:00:40 +0100: Memory Usage (469580K) : norcx_m3m4 has 0 polygons
2026-03-25 23:00:40 +0100: Memory Usage (469580K) : norcx_m3m5 has 0 polygons
2026-03-25 23:00:40 +0100: Memory Usage (469580K) : norcx_m3tm1 has 0 polygons
2026-03-25 23:00:40 +0100: Memory Usage (469844K) : norcx_m3tm2 has 0 polygons
2026-03-25 23:00:40 +0100: Memory Usage (469844K) : norcx_m4m5 has 0 polygons
2026-03-25 23:00:40 +0100: Memory Usage (470108K) : norcx_m4tm1 has 0 polygons
2026-03-25 23:00:40 +0100: Memory Usage (470108K) : norcx_m4tm2 has 0 polygons
2026-03-25 23:00:40 +0100: Memory Usage (470108K) : norcx_m5tm1 has 0 polygons
2026-03-25 23:00:40 +0100: Memory Usage (470372K) : norcx_m5tm2 has 0 polygons
2026-03-25 23:00:40 +0100: Memory Usage (470372K) : norcx_tm1tm2 has 0 polygons
2026-03-25 23:00:40 +0100: Memory Usage (470636K) : norcx_m1sub has 0 polygons
2026-03-25 23:00:40 +0100: Memory Usage (470636K) : norcx_m2sub has 0 polygons
2026-03-25 23:00:40 +0100: Memory Usage (470780K) : norcx_m3sub has 0 polygons
2026-03-25 23:00:40 +0100: Memory Usage (471040K) : norcx_m4sub has 0 polygons
2026-03-25 23:00:40 +0100: Memory Usage (471040K) : norcx_m5sub has 0 polygons
2026-03-25 23:00:40 +0100: Memory Usage (471040K) : norcx_tm1sub has 0 polygons
2026-03-25 23:00:40 +0100: Memory Usage (471304K) : norcx_tm2sub has 0 polygons
2026-03-25 23:00:41 +0100: Memory Usage (471304K) : snsbotvia_drw has 0 polygons
2026-03-25 23:00:41 +0100: Memory Usage (471568K) : snstopvia_drw has 0 polygons
2026-03-25 23:00:41 +0100: Memory Usage (471568K) : deepvia_drw has 0 polygons
2026-03-25 23:00:41 +0100: Memory Usage (471568K) : fgetch_drw has 0 polygons
2026-03-25 23:00:41 +0100: Memory Usage (471832K) : ctrgat_drw has 0 polygons
2026-03-25 23:00:41 +0100: Memory Usage (471832K) : fgimp_drw has 0 polygons
2026-03-25 23:00:41 +0100: Memory Usage (472012K) : emwihv_drw has 0 polygons
2026-03-25 23:00:41 +0100: Memory Usage (472012K) : lbe_drw has 0 polygons
2026-03-25 23:00:41 +0100: Memory Usage (472272K) : alcustop_drw has 0 polygons
2026-03-25 23:00:41 +0100: Memory Usage (472272K) : nometfiller_drw has 0 polygons
2026-03-25 23:00:41 +0100: Memory Usage (472536K) : prboundary_drw has 0 polygons
2026-03-25 23:00:41 +0100: Memory Usage (472536K) : exchange0_drw has 0 polygons
2026-03-25 23:00:41 +0100: Memory Usage (472800K) : exchange0_pin has 0 polygons
2026-03-25 23:00:41 +0100: Memory Usage (472800K) : exchange0_text has 0 polygons
2026-03-25 23:00:41 +0100: Memory Usage (472800K) : exchange1_drw has 0 polygons
2026-03-25 23:00:41 +0100: Memory Usage (472800K) : exchange1_pin has 0 polygons
2026-03-25 23:00:41 +0100: Memory Usage (473064K) : exchange1_text has 0 polygons
2026-03-25 23:00:41 +0100: Memory Usage (473216K) : exchange2_drw has 0 polygons
2026-03-25 23:00:41 +0100: Memory Usage (473216K) : exchange2_pin has 0 polygons
2026-03-25 23:00:41 +0100: Memory Usage (473216K) : exchange2_text has 0 polygons
2026-03-25 23:00:41 +0100: Memory Usage (473216K) : exchange3_drw has 0 polygons
2026-03-25 23:00:41 +0100: Memory Usage (473216K) : exchange3_pin has 0 polygons
2026-03-25 23:00:41 +0100: Memory Usage (473216K) : exchange3_text has 0 polygons
2026-03-25 23:00:41 +0100: Memory Usage (473216K) : exchange4_drw has 0 polygons
2026-03-25 23:00:41 +0100: Memory Usage (473216K) : exchange4_pin has 0 polygons
2026-03-25 23:00:41 +0100: Memory Usage (473216K) : exchange4_text has 0 polygons
2026-03-25 23:00:41 +0100: Memory Usage (473216K) : isonwell_drw has 0 polygons
2026-03-25 23:00:41 +0100: Memory Usage (473216K) : Total no. of polygons in the design is 55451
2026-03-25 23:00:41 +0100: Memory Usage (473216K) : Loaded TECH DRC rules values from /foss/pdks/ihp-sg13g2/libs.tech/klayout/python/sg13g2_pycell_lib/sg13g2_tech_mod.json
2026-03-25 23:00:41 +0100: Memory Usage (473216K) : Loaded default DRC rules values from /foss/pdks/ihp-sg13g2/libs.tech/klayout/tech/drc/rule_decks/sg13g2_tech_default.json
2026-03-25 23:00:41 +0100: Memory Usage (473216K) : The following rules values were missing in tech json and default values were used:
2026-03-25 23:00:41 +0100: Memory Usage (473216K) :   - Cnt_c_digibnd
2026-03-25 23:00:41 +0100: Memory Usage (473216K) : Total area of the design is 54805.149724999996 um^2.
2026-03-25 23:00:41 +0100: Memory Usage (473216K) : The design dimensions are 309.90500000000003 µm * 176.845 µm.
2026-03-25 23:00:41 +0100: Memory Usage (473216K) : Starting general IHP-SG13G2 derivations.
2026-03-25 23:00:41 +0100: Memory Usage (473216K) : Starting Pwell derivations
2026-03-25 23:00:41 +0100: Memory Usage (473216K) : Starting cont/contbar general derivations
2026-03-25 23:00:41 +0100: Memory Usage (477556K) : Starting IHP-SG13G2 DRC rules.
2026-03-25 23:00:41 +0100: Memory Usage (477556K) : Starting 6.7 Schottky diode table
2026-03-25 23:00:41 +0100: Memory Usage (477556K) : Executing rule Sdiod.d
2026-03-25 23:00:41 +0100: Memory Usage (477556K) : Executing rule Sdiod.e
2026-03-25 23:00:41 +0100: Memory Usage (477556K) : KLayout DRC run for tables 'schottkydiode' completed in 2.52 seconds
