# Logfile created on 2026-03-25 23:00:38 +0100 by logger.rb/v1.5.3
2026-03-25 23:00:38 +0100: Memory Usage (437640K) : Starting running IHP-SG13G2 KLayout DRC runset on /foss/designs/Design/xschem/IHP__OPA2251/OPA2251-main/layout/klayout/HPA_project_wrapper.gds
2026-03-25 23:00:38 +0100: Memory Usage (437640K) : Ruby Version for klayout: 3.2.3
2026-03-25 23:00:40 +0100: Memory Usage (452264K) : Loading database to memory is complete.
2026-03-25 23:00:40 +0100: Memory Usage (453136K) : IHP-SG13G2 KLayout DRC runset output at: /foss/designs/Design/xschem/IHP__OPA2251/OPA2251-main/layout/klayout/drc_run_HPA/HPA_project_wrapper_HPA_psd.lyrdb
2026-03-25 23:00:40 +0100: Memory Usage (453136K) : Evaluate switches.
2026-03-25 23:00:40 +0100: Memory Usage (453136K) : tables selected: psd
2026-03-25 23:00:40 +0100: Memory Usage (453136K) : KLayout will use 4 thread(s) in tiled mode.
2026-03-25 23:00:40 +0100: Memory Usage (453136K) : flat mode is enabled.
2026-03-25 23:00:40 +0100: Memory Usage (453136K) : FEOL enabled: false
2026-03-25 23:00:40 +0100: Memory Usage (453136K) : BEOL enabled: false
2026-03-25 23:00:40 +0100: Memory Usage (453136K) : OFFGRID enabled: true
2026-03-25 23:00:40 +0100: Memory Usage (453136K) : PIN enabled: false
2026-03-25 23:00:40 +0100: Memory Usage (453136K) : FORBIDDEN enabled: false
2026-03-25 23:00:40 +0100: Memory Usage (453136K) : RECOMMENDED enabled: true
2026-03-25 23:00:40 +0100: Memory Usage (453136K) : PreCheck DRC enabled: false
2026-03-25 23:00:40 +0100: Memory Usage (453136K) : CONNECTIVITY_RULES enabled: false.
2026-03-25 23:00:40 +0100: Memory Usage (453136K) : Read in polygons from layers.
2026-03-25 23:00:40 +0100: Memory Usage (455348K) : activ_drw has 198 polygons
2026-03-25 23:00:40 +0100: Memory Usage (455348K) : activ_pin has 0 polygons
2026-03-25 23:00:40 +0100: Memory Usage (455348K) : activ_mask has 0 polygons
2026-03-25 23:00:40 +0100: Memory Usage (455348K) : activ_filler has 0 polygons
2026-03-25 23:00:40 +0100: Memory Usage (455348K) : activ_nofill has 0 polygons
2026-03-25 23:00:40 +0100: Memory Usage (455348K) : activ_opc has 0 polygons
2026-03-25 23:00:40 +0100: Memory Usage (455348K) : activ_iopc has 0 polygons
2026-03-25 23:00:40 +0100: Memory Usage (455348K) : activ_noqrc has 0 polygons
2026-03-25 23:00:40 +0100: Memory Usage (455348K) : biwind_drw has 0 polygons
2026-03-25 23:00:40 +0100: Memory Usage (455348K) : biwind_opc has 0 polygons
2026-03-25 23:00:40 +0100: Memory Usage (455348K) : pemwind_drw has 0 polygons
2026-03-25 23:00:40 +0100: Memory Usage (455728K) : gatpoly_drw has 108 polygons
2026-03-25 23:00:40 +0100: Memory Usage (455728K) : gatpoly_pin has 124 polygons
2026-03-25 23:00:40 +0100: Memory Usage (455728K) : gatpoly_filler has 0 polygons
2026-03-25 23:00:40 +0100: Memory Usage (455728K) : gatpoly_nofill has 0 polygons
2026-03-25 23:00:40 +0100: Memory Usage (455728K) : gatpoly_opc has 0 polygons
2026-03-25 23:00:40 +0100: Memory Usage (455728K) : gatpoly_iopc has 0 polygons
2026-03-25 23:00:40 +0100: Memory Usage (455728K) : gatpoly_noqrc has 0 polygons
2026-03-25 23:00:40 +0100: Memory Usage (460216K) : cont_drw has 16803 polygons
2026-03-25 23:00:40 +0100: Memory Usage (460216K) : cont_opc has 0 polygons
2026-03-25 23:00:40 +0100: Memory Usage (460216K) : nsd_drw has 0 polygons
2026-03-25 23:00:40 +0100: Memory Usage (460216K) : nsd_block has 0 polygons
2026-03-25 23:00:40 +0100: Memory Usage (460216K) : metal1_drw has 390 polygons
2026-03-25 23:00:40 +0100: Memory Usage (460216K) : metal1_pin has 515 polygons
2026-03-25 23:00:40 +0100: Memory Usage (460216K) : metal1_mask has 0 polygons
2026-03-25 23:00:40 +0100: Memory Usage (460216K) : metal1_filler has 0 polygons
2026-03-25 23:00:40 +0100: Memory Usage (460216K) : metal1_nofill has 0 polygons
2026-03-25 23:00:40 +0100: Memory Usage (460216K) : metal1_slit has 0 polygons
2026-03-25 23:00:40 +0100: Memory Usage (460216K) : metal1_text has 0 polygons
2026-03-25 23:00:40 +0100: Memory Usage (460216K) : metal1_opc has 0 polygons
2026-03-25 23:00:40 +0100: Memory Usage (460216K) : metal1_noqrc has 0 polygons
2026-03-25 23:00:40 +0100: Memory Usage (460216K) : metal1_res has 0 polygons
2026-03-25 23:00:40 +0100: Memory Usage (460216K) : metal1_iprobe has 0 polygons
2026-03-25 23:00:40 +0100: Memory Usage (460216K) : metal1_diffprb has 0 polygons
2026-03-25 23:00:40 +0100: Memory Usage (460216K) : passiv_drw has 0 polygons
2026-03-25 23:00:40 +0100: Memory Usage (460216K) : passiv_pin has 0 polygons
2026-03-25 23:00:40 +0100: Memory Usage (460216K) : passiv_sbump has 0 polygons
2026-03-25 23:00:40 +0100: Memory Usage (460216K) : passiv_pillar has 0 polygons
2026-03-25 23:00:40 +0100: Memory Usage (460216K) : passiv_pdl has 0 polygons
2026-03-25 23:00:40 +0100: Memory Usage (460536K) : metal2_drw has 95 polygons
2026-03-25 23:00:40 +0100: Memory Usage (460536K) : metal2_pin has 11 polygons
2026-03-25 23:00:40 +0100: Memory Usage (460536K) : metal2_mask has 0 polygons
2026-03-25 23:00:40 +0100: Memory Usage (460536K) : metal2_filler has 0 polygons
2026-03-25 23:00:40 +0100: Memory Usage (460536K) : metal2_nofill has 0 polygons
2026-03-25 23:00:40 +0100: Memory Usage (460536K) : metal2_slit has 0 polygons
2026-03-25 23:00:40 +0100: Memory Usage (460536K) : metal2_text has 0 polygons
2026-03-25 23:00:40 +0100: Memory Usage (460536K) : metal2_opc has 0 polygons
2026-03-25 23:00:40 +0100: Memory Usage (460536K) : metal2_noqrc has 0 polygons
2026-03-25 23:00:40 +0100: Memory Usage (460536K) : metal2_res has 0 polygons
2026-03-25 23:00:40 +0100: Memory Usage (460536K) : metal2_iprobe has 0 polygons
2026-03-25 23:00:40 +0100: Memory Usage (460536K) : metal2_diffprb has 0 polygons
2026-03-25 23:00:40 +0100: Memory Usage (460536K) : baspoly_drw has 0 polygons
2026-03-25 23:00:40 +0100: Memory Usage (460536K) : baspoly_pin has 0 polygons
2026-03-25 23:00:40 +0100: Memory Usage (460536K) : psd_drw has 24 polygons
2026-03-25 23:00:40 +0100: Memory Usage (460536K) : nldb_drw has 0 polygons
2026-03-25 23:00:40 +0100: Memory Usage (460536K) : digibnd_drw has 0 polygons
2026-03-25 23:00:40 +0100: Memory Usage (462444K) : via1_drw has 9590 polygons
2026-03-25 23:00:40 +0100: Memory Usage (462444K) : backmetal1_drw has 0 polygons
2026-03-25 23:00:40 +0100: Memory Usage (462444K) : backmetal1_pin has 0 polygons
2026-03-25 23:00:40 +0100: Memory Usage (462444K) : backmetal1_mask has 0 polygons
2026-03-25 23:00:40 +0100: Memory Usage (462444K) : backmetal1_filler has 0 polygons
2026-03-25 23:00:40 +0100: Memory Usage (462444K) : backmetal1_nofill has 0 polygons
2026-03-25 23:00:40 +0100: Memory Usage (462444K) : backmetal1_slit has 0 polygons
2026-03-25 23:00:40 +0100: Memory Usage (462444K) : backmetal1_text has 0 polygons
2026-03-25 23:00:40 +0100: Memory Usage (462444K) : backmetal1_opc has 0 polygons
2026-03-25 23:00:40 +0100: Memory Usage (462444K) : backmetal1_noqrc has 0 polygons
2026-03-25 23:00:40 +0100: Memory Usage (462444K) : backmetal1_res has 0 polygons
2026-03-25 23:00:40 +0100: Memory Usage (462444K) : backmetal1_iprobe has 0 polygons
2026-03-25 23:00:40 +0100: Memory Usage (462444K) : backmetal1_diffprb has 0 polygons
2026-03-25 23:00:40 +0100: Memory Usage (462444K) : backpassiv_drw has 0 polygons
2026-03-25 23:00:40 +0100: Memory Usage (462444K) : res_drw has 0 polygons
2026-03-25 23:00:40 +0100: Memory Usage (462444K) : sram_drw has 0 polygons
2026-03-25 23:00:40 +0100: Memory Usage (462444K) : trans_drw has 0 polygons
2026-03-25 23:00:40 +0100: Memory Usage (462444K) : ind_drw has 0 polygons
2026-03-25 23:00:40 +0100: Memory Usage (462444K) : ind_pin has 0 polygons
2026-03-25 23:00:40 +0100: Memory Usage (462444K) : ind_text has 0 polygons
2026-03-25 23:00:40 +0100: Memory Usage (462708K) : salblock_drw has 7 polygons
2026-03-25 23:00:40 +0100: Memory Usage (464292K) : via2_drw has 7995 polygons
2026-03-25 23:00:40 +0100: Memory Usage (464292K) : metal3_drw has 67 polygons
2026-03-25 23:00:40 +0100: Memory Usage (464292K) : metal3_pin has 8 polygons
2026-03-25 23:00:40 +0100: Memory Usage (464292K) : metal3_mask has 0 polygons
2026-03-25 23:00:40 +0100: Memory Usage (464292K) : metal3_filler has 0 polygons
2026-03-25 23:00:40 +0100: Memory Usage (464292K) : metal3_nofill has 0 polygons
2026-03-25 23:00:40 +0100: Memory Usage (464292K) : metal3_slit has 0 polygons
2026-03-25 23:00:40 +0100: Memory Usage (464292K) : metal3_text has 0 polygons
2026-03-25 23:00:40 +0100: Memory Usage (464292K) : metal3_opc has 0 polygons
2026-03-25 23:00:40 +0100: Memory Usage (464292K) : metal3_noqrc has 0 polygons
2026-03-25 23:00:40 +0100: Memory Usage (464292K) : metal3_res has 0 polygons
2026-03-25 23:00:40 +0100: Memory Usage (464292K) : metal3_iprobe has 0 polygons
2026-03-25 23:00:40 +0100: Memory Usage (464556K) : metal3_diffprb has 0 polygons
2026-03-25 23:00:40 +0100: Memory Usage (465084K) : nwell_drw has 5 polygons
2026-03-25 23:00:40 +0100: Memory Usage (465084K) : nwell_pin has 0 polygons
2026-03-25 23:00:40 +0100: Memory Usage (465084K) : nbulay_drw has 0 polygons
2026-03-25 23:00:40 +0100: Memory Usage (465084K) : nbulay_pin has 0 polygons
2026-03-25 23:00:40 +0100: Memory Usage (465084K) : nbulay_block has 0 polygons
2026-03-25 23:00:40 +0100: Memory Usage (465084K) : emwind_drw has 0 polygons
2026-03-25 23:00:40 +0100: Memory Usage (465084K) : emwind_opc has 0 polygons
2026-03-25 23:00:40 +0100: Memory Usage (465348K) : deepco_drw has 0 polygons
2026-03-25 23:00:40 +0100: Memory Usage (465348K) : deepco_drw has 0 polygons
2026-03-25 23:00:40 +0100: Memory Usage (465348K) : mim_drw has 2 polygons
2026-03-25 23:00:40 +0100: Memory Usage (465612K) : edgeseal_drw has 0 polygons
2026-03-25 23:00:40 +0100: Memory Usage (465612K) : edgeseal_bound has 0 polygons
2026-03-25 23:00:40 +0100: Memory Usage (465876K) : substrate_drw has 723 polygons
2026-03-25 23:00:40 +0100: Memory Usage (465876K) : substrate_text has 0 polygons
2026-03-25 23:00:40 +0100: Memory Usage (465876K) : dfpad_drw has 0 polygons
2026-03-25 23:00:40 +0100: Memory Usage (466140K) : dfpad_pillar has 0 polygons
2026-03-25 23:00:40 +0100: Memory Usage (466140K) : dfpad_sbump has 0 polygons
2026-03-25 23:00:40 +0100: Memory Usage (466404K) : thickgateox_drw has 0 polygons
2026-03-25 23:00:40 +0100: Memory Usage (466404K) : pldb_drw has 0 polygons
2026-03-25 23:00:40 +0100: Memory Usage (466404K) : pwell_drw has 0 polygons
2026-03-25 23:00:40 +0100: Memory Usage (466668K) : pwell_pin has 0 polygons
2026-03-25 23:00:40 +0100: Memory Usage (466668K) : pwell_block has 0 polygons
2026-03-25 23:00:40 +0100: Memory Usage (466932K) : ic_drw has 0 polygons
2026-03-25 23:00:40 +0100: Memory Usage (468780K) : via3_drw has 7005 polygons
2026-03-25 23:00:40 +0100: Memory Usage (468780K) : metal4_drw has 40 polygons
2026-03-25 23:00:40 +0100: Memory Usage (468780K) : metal4_pin has 3 polygons
2026-03-25 23:00:40 +0100: Memory Usage (468780K) : metal4_mask has 0 polygons
2026-03-25 23:00:40 +0100: Memory Usage (468780K) : metal4_filler has 0 polygons
2026-03-25 23:00:40 +0100: Memory Usage (468780K) : metal4_nofill has 0 polygons
2026-03-25 23:00:40 +0100: Memory Usage (468780K) : metal4_slit has 0 polygons
2026-03-25 23:00:40 +0100: Memory Usage (468780K) : metal4_text has 0 polygons
2026-03-25 23:00:40 +0100: Memory Usage (468780K) : metal4_opc has 0 polygons
2026-03-25 23:00:40 +0100: Memory Usage (468780K) : metal4_noqrc has 0 polygons
2026-03-25 23:00:40 +0100: Memory Usage (468780K) : metal4_res has 0 polygons
2026-03-25 23:00:40 +0100: Memory Usage (468780K) : metal4_iprobe has 0 polygons
2026-03-25 23:00:40 +0100: Memory Usage (468780K) : metal4_diffprb has 0 polygons
2026-03-25 23:00:40 +0100: Memory Usage (469308K) : heattrans_drw has 421 polygons
2026-03-25 23:00:40 +0100: Memory Usage (469572K) : heatres_drw has 7 polygons
2026-03-25 23:00:40 +0100: Memory Usage (469572K) : pempoly_drw has 0 polygons
2026-03-25 23:00:40 +0100: Memory Usage (469572K) : fbe_drw has 0 polygons
2026-03-25 23:00:40 +0100: Memory Usage (469572K) : empoly_drw has 0 polygons
2026-03-25 23:00:40 +0100: Memory Usage (469572K) : ldmos_drw has 0 polygons
2026-03-25 23:00:40 +0100: Memory Usage (469572K) : pbiwind_drw has 0 polygons
2026-03-25 23:00:40 +0100: Memory Usage (469572K) : digisub_drw has 0 polygons
2026-03-25 23:00:40 +0100: Memory Usage (469572K) : nodrc_drw has 0 polygons
2026-03-25 23:00:40 +0100: Memory Usage (469572K) : text_drw has 1107 polygons
2026-03-25 23:00:40 +0100: Memory Usage (469572K) : via4_drw has 6898 polygons
2026-03-25 23:00:40 +0100: Memory Usage (469572K) : metal5_drw has 32 polygons
2026-03-25 23:00:40 +0100: Memory Usage (469572K) : metal5_pin has 5 polygons
2026-03-25 23:00:40 +0100: Memory Usage (469572K) : metal5_mask has 0 polygons
2026-03-25 23:00:40 +0100: Memory Usage (469572K) : metal5_filler has 0 polygons
2026-03-25 23:00:40 +0100: Memory Usage (469572K) : metal5_nofill has 0 polygons
2026-03-25 23:00:40 +0100: Memory Usage (469572K) : metal5_slit has 0 polygons
2026-03-25 23:00:40 +0100: Memory Usage (469572K) : metal5_text has 1 polygons
2026-03-25 23:00:40 +0100: Memory Usage (469572K) : metal5_opc has 0 polygons
2026-03-25 23:00:40 +0100: Memory Usage (469572K) : metal5_noqrc has 0 polygons
2026-03-25 23:00:40 +0100: Memory Usage (469572K) : metal5_res has 0 polygons
2026-03-25 23:00:40 +0100: Memory Usage (469572K) : metal5_iprobe has 0 polygons
2026-03-25 23:00:40 +0100: Memory Usage (469572K) : metal5_diffprb has 0 polygons
2026-03-25 23:00:40 +0100: Memory Usage (469572K) : radhard_drw has 0 polygons
2026-03-25 23:00:40 +0100: Memory Usage (469572K) : memcap_drw has 0 polygons
2026-03-25 23:00:40 +0100: Memory Usage (469572K) : varicap_drw has 0 polygons
2026-03-25 23:00:40 +0100: Memory Usage (469572K) : flash_drw has 0 polygons
2026-03-25 23:00:40 +0100: Memory Usage (469572K) : intbondvia_drw has 0 polygons
2026-03-25 23:00:40 +0100: Memory Usage (469572K) : intbondmet_drw has 0 polygons
2026-03-25 23:00:40 +0100: Memory Usage (469572K) : devbondvia_drw has 0 polygons
2026-03-25 23:00:40 +0100: Memory Usage (469572K) : devbondmet_drw has 0 polygons
2026-03-25 23:00:40 +0100: Memory Usage (469572K) : devtrench_drw has 0 polygons
2026-03-25 23:00:40 +0100: Memory Usage (469572K) : redist_drw has 0 polygons
2026-03-25 23:00:40 +0100: Memory Usage (469572K) : graphbot_drw has 0 polygons
2026-03-25 23:00:40 +0100: Memory Usage (469572K) : graphtop_drw has 0 polygons
2026-03-25 23:00:40 +0100: Memory Usage (469572K) : antvia1_drw has 0 polygons
2026-03-25 23:00:40 +0100: Memory Usage (469572K) : antmetal2_drw has 0 polygons
2026-03-25 23:00:40 +0100: Memory Usage (469572K) : graphcont_drw has 0 polygons
2026-03-25 23:00:40 +0100: Memory Usage (469572K) : siwg_drw has 0 polygons
2026-03-25 23:00:40 +0100: Memory Usage (469572K) : siwg_filler has 0 polygons
2026-03-25 23:00:40 +0100: Memory Usage (469572K) : siwg_nofill has 0 polygons
2026-03-25 23:00:40 +0100: Memory Usage (469572K) : sigrating_drw has 0 polygons
2026-03-25 23:00:40 +0100: Memory Usage (469572K) : singrating_drw has 0 polygons
2026-03-25 23:00:40 +0100: Memory Usage (469572K) : graphpas_drw has 0 polygons
2026-03-25 23:00:40 +0100: Memory Usage (469572K) : emwind3_drw has 0 polygons
2026-03-25 23:00:40 +0100: Memory Usage (469572K) : emwihv3_drw has 0 polygons
2026-03-25 23:00:40 +0100: Memory Usage (469572K) : redbulay_drw has 0 polygons
2026-03-25 23:00:40 +0100: Memory Usage (469572K) : smos_drw has 0 polygons
2026-03-25 23:00:40 +0100: Memory Usage (469572K) : graphpad_drw has 0 polygons
2026-03-25 23:00:40 +0100: Memory Usage (469572K) : polimide_drw has 0 polygons
2026-03-25 23:00:40 +0100: Memory Usage (469572K) : polimide_pin has 0 polygons
2026-03-25 23:00:40 +0100: Memory Usage (469572K) : recog_drw has 0 polygons
2026-03-25 23:00:40 +0100: Memory Usage (469572K) : recog_pin has 0 polygons
2026-03-25 23:00:40 +0100: Memory Usage (469572K) : recog_esd has 0 polygons
2026-03-25 23:00:40 +0100: Memory Usage (469572K) : recog_diode has 0 polygons
2026-03-25 23:00:40 +0100: Memory Usage (469572K) : recog_tsv has 0 polygons
2026-03-25 23:00:40 +0100: Memory Usage (469572K) : recog_iprobe has 0 polygons
2026-03-25 23:00:40 +0100: Memory Usage (469572K) : recog_diffprb has 0 polygons
2026-03-25 23:00:40 +0100: Memory Usage (469572K) : recog_pillar has 0 polygons
2026-03-25 23:00:40 +0100: Memory Usage (469572K) : recog_sbump has 0 polygons
2026-03-25 23:00:40 +0100: Memory Usage (469572K) : recog_otp has 0 polygons
2026-03-25 23:00:40 +0100: Memory Usage (469572K) : recog_pdiode has 0 polygons
2026-03-25 23:00:40 +0100: Memory Usage (469572K) : recog_mom has 0 polygons
2026-03-25 23:00:40 +0100: Memory Usage (469572K) : recog_pcm has 0 polygons
2026-03-25 23:00:40 +0100: Memory Usage (469572K) : colopen_drw has 0 polygons
2026-03-25 23:00:40 +0100: Memory Usage (469572K) : graphmetal1_drw has 0 polygons
2026-03-25 23:00:40 +0100: Memory Usage (469572K) : graphmetal1_filler has 0 polygons
2026-03-25 23:00:40 +0100: Memory Usage (469572K) : graphmetal1_nofill has 0 polygons
2026-03-25 23:00:40 +0100: Memory Usage (469572K) : graphmetal1_slit has 0 polygons
2026-03-25 23:00:40 +0100: Memory Usage (469572K) : graphmetal1_opc has 0 polygons
2026-03-25 23:00:40 +0100: Memory Usage (469572K) : graphmet1l_drw has 0 polygons
2026-03-25 23:00:40 +0100: Memory Usage (469572K) : graphmet1l_filler has 0 polygons
2026-03-25 23:00:40 +0100: Memory Usage (469572K) : graphmet1l_nofill has 0 polygons
2026-03-25 23:00:40 +0100: Memory Usage (469572K) : graphmet1l_slit has 0 polygons
2026-03-25 23:00:40 +0100: Memory Usage (469572K) : graphmet1l_opc has 0 polygons
2026-03-25 23:00:40 +0100: Memory Usage (469572K) : extblock_drw has 5 polygons
2026-03-25 23:00:40 +0100: Memory Usage (469572K) : nldd_drw has 0 polygons
2026-03-25 23:00:40 +0100: Memory Usage (469572K) : pldd_drw has 0 polygons
2026-03-25 23:00:40 +0100: Memory Usage (469572K) : next_drw has 0 polygons
2026-03-25 23:00:40 +0100: Memory Usage (469572K) : pext_drw has 0 polygons
2026-03-25 23:00:40 +0100: Memory Usage (469572K) : nexthv_drw has 0 polygons
2026-03-25 23:00:40 +0100: Memory Usage (469572K) : pexthv_drw has 0 polygons
2026-03-25 23:00:40 +0100: Memory Usage (469572K) : graphgate_drw has 0 polygons
2026-03-25 23:00:40 +0100: Memory Usage (469572K) : sinwg_drw has 0 polygons
2026-03-25 23:00:40 +0100: Memory Usage (469572K) : sinwg_filler has 0 polygons
2026-03-25 23:00:40 +0100: Memory Usage (469572K) : sinwg_nofill has 0 polygons
2026-03-25 23:00:40 +0100: Memory Usage (469572K) : mempad_drw has 0 polygons
2026-03-25 23:00:40 +0100: Memory Usage (469572K) : topvia1_drw has 1720 polygons
2026-03-25 23:00:40 +0100: Memory Usage (469572K) : topmetal1_drw has 13 polygons
2026-03-25 23:00:40 +0100: Memory Usage (469572K) : topmetal1_pin has 15 polygons
2026-03-25 23:00:40 +0100: Memory Usage (469572K) : topmetal1_mask has 0 polygons
2026-03-25 23:00:40 +0100: Memory Usage (469572K) : topmetal1_filler has 0 polygons
2026-03-25 23:00:40 +0100: Memory Usage (469572K) : topmetal1_nofill has 0 polygons
2026-03-25 23:00:40 +0100: Memory Usage (469572K) : topmetal1_slit has 0 polygons
2026-03-25 23:00:40 +0100: Memory Usage (469572K) : topmetal1_text has 5 polygons
2026-03-25 23:00:40 +0100: Memory Usage (469572K) : topmetal1_noqrc has 0 polygons
2026-03-25 23:00:40 +0100: Memory Usage (469572K) : topmetal1_res has 0 polygons
2026-03-25 23:00:40 +0100: Memory Usage (469572K) : topmetal1_iprobe has 0 polygons
2026-03-25 23:00:40 +0100: Memory Usage (469572K) : topmetal1_diffprb has 0 polygons
2026-03-25 23:00:40 +0100: Memory Usage (469572K) : inldpwl_drw has 0 polygons
2026-03-25 23:00:40 +0100: Memory Usage (469572K) : polyres_drw has 7 polygons
2026-03-25 23:00:40 +0100: Memory Usage (469572K) : polyres_pin has 0 polygons
2026-03-25 23:00:40 +0100: Memory Usage (469572K) : vmim_drw has 578 polygons
2026-03-25 23:00:40 +0100: Memory Usage (469572K) : nbulaycut_drw has 0 polygons
2026-03-25 23:00:40 +0100: Memory Usage (469572K) : antmetal1_drw has 0 polygons
2026-03-25 23:00:40 +0100: Memory Usage (469572K) : topvia2_drw has 916 polygons
2026-03-25 23:00:40 +0100: Memory Usage (469572K) : topmetal2_drw has 4 polygons
2026-03-25 23:00:40 +0100: Memory Usage (469572K) : topmetal2_pin has 2 polygons
2026-03-25 23:00:40 +0100: Memory Usage (469572K) : topmetal2_mask has 0 polygons
2026-03-25 23:00:40 +0100: Memory Usage (469572K) : topmetal2_filler has 0 polygons
2026-03-25 23:00:40 +0100: Memory Usage (469572K) : topmetal2_nofill has 0 polygons
2026-03-25 23:00:40 +0100: Memory Usage (469572K) : topmetal2_slit has 0 polygons
2026-03-25 23:00:40 +0100: Memory Usage (469572K) : topmetal2_text has 2 polygons
2026-03-25 23:00:40 +0100: Memory Usage (469572K) : topmetal2_noqrc has 0 polygons
2026-03-25 23:00:40 +0100: Memory Usage (469572K) : topmetal2_res has 0 polygons
2026-03-25 23:00:40 +0100: Memory Usage (469572K) : topmetal2_iprobe has 0 polygons
2026-03-25 23:00:40 +0100: Memory Usage (469572K) : topmetal2_diffprb has 0 polygons
2026-03-25 23:00:40 +0100: Memory Usage (469572K) : snsring_drw has 0 polygons
2026-03-25 23:00:40 +0100: Memory Usage (469572K) : sensor_drw has 0 polygons
2026-03-25 23:00:40 +0100: Memory Usage (469572K) : snsarms_drw has 0 polygons
2026-03-25 23:00:40 +0100: Memory Usage (469836K) : snscmosvia_drw has 0 polygons
2026-03-25 23:00:40 +0100: Memory Usage (469836K) : colwind_drw has 0 polygons
2026-03-25 23:00:40 +0100: Memory Usage (469836K) : flm_drw has 0 polygons
2026-03-25 23:00:40 +0100: Memory Usage (469836K) : hafniumox_drw has 0 polygons
2026-03-25 23:00:40 +0100: Memory Usage (470100K) : memvia_drw has 0 polygons
2026-03-25 23:00:40 +0100: Memory Usage (470100K) : thinfilmres_drw has 0 polygons
2026-03-25 23:00:40 +0100: Memory Usage (470100K) : rfmem_drw has 0 polygons
2026-03-25 23:00:40 +0100: Memory Usage (470364K) : norcx_drw has 0 polygons
2026-03-25 23:00:40 +0100: Memory Usage (470364K) : norcx_m2m3 has 0 polygons
2026-03-25 23:00:40 +0100: Memory Usage (470628K) : norcx_m2m4 has 0 polygons
2026-03-25 23:00:40 +0100: Memory Usage (470628K) : norcx_m2m5 has 0 polygons
2026-03-25 23:00:40 +0100: Memory Usage (470628K) : norcx_m2tm1 has 0 polygons
2026-03-25 23:00:40 +0100: Memory Usage (470892K) : norcx_m2tm2 has 0 polygons
2026-03-25 23:00:40 +0100: Memory Usage (470892K) : norcx_m3m4 has 0 polygons
2026-03-25 23:00:40 +0100: Memory Usage (471156K) : norcx_m3m5 has 0 polygons
2026-03-25 23:00:40 +0100: Memory Usage (471156K) : norcx_m3tm1 has 0 polygons
2026-03-25 23:00:40 +0100: Memory Usage (471156K) : norcx_m3tm2 has 0 polygons
2026-03-25 23:00:40 +0100: Memory Usage (471420K) : norcx_m4m5 has 0 polygons
2026-03-25 23:00:40 +0100: Memory Usage (471420K) : norcx_m4tm1 has 0 polygons
2026-03-25 23:00:40 +0100: Memory Usage (471684K) : norcx_m4tm2 has 0 polygons
2026-03-25 23:00:40 +0100: Memory Usage (471700K) : norcx_m5tm1 has 0 polygons
2026-03-25 23:00:40 +0100: Memory Usage (471960K) : norcx_m5tm2 has 0 polygons
2026-03-25 23:00:40 +0100: Memory Usage (471960K) : norcx_tm1tm2 has 0 polygons
2026-03-25 23:00:40 +0100: Memory Usage (471960K) : norcx_m1sub has 0 polygons
2026-03-25 23:00:40 +0100: Memory Usage (472224K) : norcx_m2sub has 0 polygons
2026-03-25 23:00:40 +0100: Memory Usage (472224K) : norcx_m3sub has 0 polygons
2026-03-25 23:00:40 +0100: Memory Usage (472488K) : norcx_m4sub has 0 polygons
2026-03-25 23:00:40 +0100: Memory Usage (472488K) : norcx_m5sub has 0 polygons
2026-03-25 23:00:40 +0100: Memory Usage (472488K) : norcx_tm1sub has 0 polygons
2026-03-25 23:00:40 +0100: Memory Usage (472752K) : norcx_tm2sub has 0 polygons
2026-03-25 23:00:40 +0100: Memory Usage (472752K) : snsbotvia_drw has 0 polygons
2026-03-25 23:00:40 +0100: Memory Usage (472924K) : snstopvia_drw has 0 polygons
2026-03-25 23:00:40 +0100: Memory Usage (473184K) : deepvia_drw has 0 polygons
2026-03-25 23:00:40 +0100: Memory Usage (473184K) : fgetch_drw has 0 polygons
2026-03-25 23:00:40 +0100: Memory Usage (473184K) : ctrgat_drw has 0 polygons
2026-03-25 23:00:40 +0100: Memory Usage (473448K) : fgimp_drw has 0 polygons
2026-03-25 23:00:40 +0100: Memory Usage (473448K) : emwihv_drw has 0 polygons
2026-03-25 23:00:40 +0100: Memory Usage (473712K) : lbe_drw has 0 polygons
2026-03-25 23:00:41 +0100: Memory Usage (473712K) : alcustop_drw has 0 polygons
2026-03-25 23:00:41 +0100: Memory Usage (473712K) : nometfiller_drw has 0 polygons
2026-03-25 23:00:41 +0100: Memory Usage (473976K) : prboundary_drw has 0 polygons
2026-03-25 23:00:41 +0100: Memory Usage (473976K) : exchange0_drw has 0 polygons
2026-03-25 23:00:41 +0100: Memory Usage (474132K) : exchange0_pin has 0 polygons
2026-03-25 23:00:41 +0100: Memory Usage (474132K) : exchange0_text has 0 polygons
2026-03-25 23:00:41 +0100: Memory Usage (474132K) : exchange1_drw has 0 polygons
2026-03-25 23:00:41 +0100: Memory Usage (474132K) : exchange1_pin has 0 polygons
2026-03-25 23:00:41 +0100: Memory Usage (474132K) : exchange1_text has 0 polygons
2026-03-25 23:00:41 +0100: Memory Usage (474132K) : exchange2_drw has 0 polygons
2026-03-25 23:00:41 +0100: Memory Usage (474132K) : exchange2_pin has 0 polygons
2026-03-25 23:00:41 +0100: Memory Usage (474132K) : exchange2_text has 0 polygons
2026-03-25 23:00:41 +0100: Memory Usage (474132K) : exchange3_drw has 0 polygons
2026-03-25 23:00:41 +0100: Memory Usage (474132K) : exchange3_pin has 0 polygons
2026-03-25 23:00:41 +0100: Memory Usage (474132K) : exchange3_text has 0 polygons
2026-03-25 23:00:41 +0100: Memory Usage (474132K) : exchange4_drw has 0 polygons
2026-03-25 23:00:41 +0100: Memory Usage (474132K) : exchange4_pin has 0 polygons
2026-03-25 23:00:41 +0100: Memory Usage (474132K) : exchange4_text has 0 polygons
2026-03-25 23:00:41 +0100: Memory Usage (474132K) : isonwell_drw has 0 polygons
2026-03-25 23:00:41 +0100: Memory Usage (474132K) : Total no. of polygons in the design is 55451
2026-03-25 23:00:41 +0100: Memory Usage (474132K) : Loaded TECH DRC rules values from /foss/pdks/ihp-sg13g2/libs.tech/klayout/python/sg13g2_pycell_lib/sg13g2_tech_mod.json
2026-03-25 23:00:41 +0100: Memory Usage (474132K) : Loaded default DRC rules values from /foss/pdks/ihp-sg13g2/libs.tech/klayout/tech/drc/rule_decks/sg13g2_tech_default.json
2026-03-25 23:00:41 +0100: Memory Usage (474132K) : The following rules values were missing in tech json and default values were used:
2026-03-25 23:00:41 +0100: Memory Usage (474132K) :   - Cnt_c_digibnd
2026-03-25 23:00:41 +0100: Memory Usage (474132K) : Total area of the design is 54805.149724999996 um^2.
2026-03-25 23:00:41 +0100: Memory Usage (474132K) : The design dimensions are 309.90500000000003 µm * 176.845 µm.
2026-03-25 23:00:41 +0100: Memory Usage (474132K) : Starting general IHP-SG13G2 derivations.
2026-03-25 23:00:41 +0100: Memory Usage (474132K) : Starting Pwell derivations
2026-03-25 23:00:41 +0100: Memory Usage (474132K) : Starting IHP-SG13G2 DRC rules.
2026-03-25 23:00:41 +0100: Memory Usage (474132K) : Starting 5.10 pSD table
2026-03-25 23:00:41 +0100: Memory Usage (474132K) : Executing rule pSD.c1
2026-03-25 23:00:41 +0100: Memory Usage (474132K) : KLayout DRC run for tables 'psd' completed in 2.46 seconds
