# Logfile created on 2026-03-25 23:00:49 +0100 by logger.rb/v1.5.3
2026-03-25 23:00:49 +0100: Memory Usage (437660K) : Starting running IHP-SG13G2 KLayout DRC runset on /foss/designs/Design/xschem/IHP__OPA2251/OPA2251-main/layout/klayout/HPA_project_wrapper.gds
2026-03-25 23:00:49 +0100: Memory Usage (437660K) : Ruby Version for klayout: 3.2.3
2026-03-25 23:00:50 +0100: Memory Usage (452284K) : Loading database to memory is complete.
2026-03-25 23:00:50 +0100: Memory Usage (453160K) : IHP-SG13G2 KLayout DRC runset output at: /foss/designs/Design/xschem/IHP__OPA2251/OPA2251-main/layout/klayout/drc_run_HPA/HPA_project_wrapper_HPA_mim.lyrdb
2026-03-25 23:00:50 +0100: Memory Usage (453160K) : Evaluate switches.
2026-03-25 23:00:50 +0100: Memory Usage (453160K) : tables selected: mim
2026-03-25 23:00:50 +0100: Memory Usage (453160K) : KLayout will use 4 thread(s) in tiled mode.
2026-03-25 23:00:50 +0100: Memory Usage (453160K) : flat mode is enabled.
2026-03-25 23:00:50 +0100: Memory Usage (453160K) : FEOL enabled: false
2026-03-25 23:00:50 +0100: Memory Usage (453160K) : BEOL enabled: false
2026-03-25 23:00:50 +0100: Memory Usage (453160K) : OFFGRID enabled: true
2026-03-25 23:00:50 +0100: Memory Usage (453160K) : PIN enabled: false
2026-03-25 23:00:50 +0100: Memory Usage (453160K) : FORBIDDEN enabled: false
2026-03-25 23:00:50 +0100: Memory Usage (453160K) : RECOMMENDED enabled: true
2026-03-25 23:00:50 +0100: Memory Usage (453160K) : PreCheck DRC enabled: false
2026-03-25 23:00:50 +0100: Memory Usage (453160K) : CONNECTIVITY_RULES enabled: false.
2026-03-25 23:00:50 +0100: Memory Usage (453160K) : Read in polygons from layers.
2026-03-25 23:00:50 +0100: Memory Usage (455372K) : activ_drw has 198 polygons
2026-03-25 23:00:50 +0100: Memory Usage (455372K) : activ_pin has 0 polygons
2026-03-25 23:00:50 +0100: Memory Usage (455372K) : activ_mask has 0 polygons
2026-03-25 23:00:50 +0100: Memory Usage (455372K) : activ_filler has 0 polygons
2026-03-25 23:00:50 +0100: Memory Usage (455372K) : activ_nofill has 0 polygons
2026-03-25 23:00:50 +0100: Memory Usage (455372K) : activ_opc has 0 polygons
2026-03-25 23:00:50 +0100: Memory Usage (455372K) : activ_iopc has 0 polygons
2026-03-25 23:00:50 +0100: Memory Usage (455372K) : activ_noqrc has 0 polygons
2026-03-25 23:00:50 +0100: Memory Usage (455372K) : biwind_drw has 0 polygons
2026-03-25 23:00:50 +0100: Memory Usage (455372K) : biwind_opc has 0 polygons
2026-03-25 23:00:50 +0100: Memory Usage (455372K) : pemwind_drw has 0 polygons
2026-03-25 23:00:50 +0100: Memory Usage (455752K) : gatpoly_drw has 108 polygons
2026-03-25 23:00:50 +0100: Memory Usage (455752K) : gatpoly_pin has 124 polygons
2026-03-25 23:00:50 +0100: Memory Usage (455752K) : gatpoly_filler has 0 polygons
2026-03-25 23:00:50 +0100: Memory Usage (455752K) : gatpoly_nofill has 0 polygons
2026-03-25 23:00:50 +0100: Memory Usage (455752K) : gatpoly_opc has 0 polygons
2026-03-25 23:00:50 +0100: Memory Usage (455752K) : gatpoly_iopc has 0 polygons
2026-03-25 23:00:50 +0100: Memory Usage (455752K) : gatpoly_noqrc has 0 polygons
2026-03-25 23:00:50 +0100: Memory Usage (460240K) : cont_drw has 16803 polygons
2026-03-25 23:00:50 +0100: Memory Usage (460240K) : cont_opc has 0 polygons
2026-03-25 23:00:50 +0100: Memory Usage (460240K) : nsd_drw has 0 polygons
2026-03-25 23:00:50 +0100: Memory Usage (460240K) : nsd_block has 0 polygons
2026-03-25 23:00:50 +0100: Memory Usage (460240K) : metal1_drw has 390 polygons
2026-03-25 23:00:50 +0100: Memory Usage (460240K) : metal1_pin has 515 polygons
2026-03-25 23:00:50 +0100: Memory Usage (460240K) : metal1_mask has 0 polygons
2026-03-25 23:00:50 +0100: Memory Usage (460240K) : metal1_filler has 0 polygons
2026-03-25 23:00:50 +0100: Memory Usage (460240K) : metal1_nofill has 0 polygons
2026-03-25 23:00:50 +0100: Memory Usage (460240K) : metal1_slit has 0 polygons
2026-03-25 23:00:50 +0100: Memory Usage (460240K) : metal1_text has 0 polygons
2026-03-25 23:00:50 +0100: Memory Usage (460240K) : metal1_opc has 0 polygons
2026-03-25 23:00:50 +0100: Memory Usage (460240K) : metal1_noqrc has 0 polygons
2026-03-25 23:00:50 +0100: Memory Usage (460240K) : metal1_res has 0 polygons
2026-03-25 23:00:50 +0100: Memory Usage (460240K) : metal1_iprobe has 0 polygons
2026-03-25 23:00:50 +0100: Memory Usage (460240K) : metal1_diffprb has 0 polygons
2026-03-25 23:00:50 +0100: Memory Usage (460240K) : passiv_drw has 0 polygons
2026-03-25 23:00:50 +0100: Memory Usage (460240K) : passiv_pin has 0 polygons
2026-03-25 23:00:50 +0100: Memory Usage (460240K) : passiv_sbump has 0 polygons
2026-03-25 23:00:50 +0100: Memory Usage (460240K) : passiv_pillar has 0 polygons
2026-03-25 23:00:50 +0100: Memory Usage (460240K) : passiv_pdl has 0 polygons
2026-03-25 23:00:50 +0100: Memory Usage (460240K) : metal2_drw has 95 polygons
2026-03-25 23:00:50 +0100: Memory Usage (460240K) : metal2_pin has 11 polygons
2026-03-25 23:00:50 +0100: Memory Usage (460240K) : metal2_mask has 0 polygons
2026-03-25 23:00:50 +0100: Memory Usage (460240K) : metal2_filler has 0 polygons
2026-03-25 23:00:50 +0100: Memory Usage (460240K) : metal2_nofill has 0 polygons
2026-03-25 23:00:50 +0100: Memory Usage (460240K) : metal2_slit has 0 polygons
2026-03-25 23:00:50 +0100: Memory Usage (460240K) : metal2_text has 0 polygons
2026-03-25 23:00:50 +0100: Memory Usage (460240K) : metal2_opc has 0 polygons
2026-03-25 23:00:50 +0100: Memory Usage (460240K) : metal2_noqrc has 0 polygons
2026-03-25 23:00:50 +0100: Memory Usage (460240K) : metal2_res has 0 polygons
2026-03-25 23:00:50 +0100: Memory Usage (460240K) : metal2_iprobe has 0 polygons
2026-03-25 23:00:50 +0100: Memory Usage (460240K) : metal2_diffprb has 0 polygons
2026-03-25 23:00:50 +0100: Memory Usage (460240K) : baspoly_drw has 0 polygons
2026-03-25 23:00:50 +0100: Memory Usage (460240K) : baspoly_pin has 0 polygons
2026-03-25 23:00:50 +0100: Memory Usage (460620K) : psd_drw has 24 polygons
2026-03-25 23:00:50 +0100: Memory Usage (460620K) : nldb_drw has 0 polygons
2026-03-25 23:00:50 +0100: Memory Usage (460620K) : digibnd_drw has 0 polygons
2026-03-25 23:00:50 +0100: Memory Usage (462468K) : via1_drw has 9590 polygons
2026-03-25 23:00:50 +0100: Memory Usage (462468K) : backmetal1_drw has 0 polygons
2026-03-25 23:00:50 +0100: Memory Usage (462468K) : backmetal1_pin has 0 polygons
2026-03-25 23:00:50 +0100: Memory Usage (462468K) : backmetal1_mask has 0 polygons
2026-03-25 23:00:50 +0100: Memory Usage (462468K) : backmetal1_filler has 0 polygons
2026-03-25 23:00:50 +0100: Memory Usage (462468K) : backmetal1_nofill has 0 polygons
2026-03-25 23:00:50 +0100: Memory Usage (462468K) : backmetal1_slit has 0 polygons
2026-03-25 23:00:50 +0100: Memory Usage (462468K) : backmetal1_text has 0 polygons
2026-03-25 23:00:50 +0100: Memory Usage (462468K) : backmetal1_opc has 0 polygons
2026-03-25 23:00:50 +0100: Memory Usage (462468K) : backmetal1_noqrc has 0 polygons
2026-03-25 23:00:50 +0100: Memory Usage (462468K) : backmetal1_res has 0 polygons
2026-03-25 23:00:50 +0100: Memory Usage (462468K) : backmetal1_iprobe has 0 polygons
2026-03-25 23:00:50 +0100: Memory Usage (462468K) : backmetal1_diffprb has 0 polygons
2026-03-25 23:00:50 +0100: Memory Usage (462468K) : backpassiv_drw has 0 polygons
2026-03-25 23:00:50 +0100: Memory Usage (462468K) : res_drw has 0 polygons
2026-03-25 23:00:50 +0100: Memory Usage (462468K) : sram_drw has 0 polygons
2026-03-25 23:00:50 +0100: Memory Usage (462468K) : trans_drw has 0 polygons
2026-03-25 23:00:50 +0100: Memory Usage (462468K) : ind_drw has 0 polygons
2026-03-25 23:00:50 +0100: Memory Usage (462468K) : ind_pin has 0 polygons
2026-03-25 23:00:50 +0100: Memory Usage (462468K) : ind_text has 0 polygons
2026-03-25 23:00:50 +0100: Memory Usage (462732K) : salblock_drw has 7 polygons
2026-03-25 23:00:50 +0100: Memory Usage (464316K) : via2_drw has 7995 polygons
2026-03-25 23:00:50 +0100: Memory Usage (464316K) : metal3_drw has 67 polygons
2026-03-25 23:00:50 +0100: Memory Usage (464316K) : metal3_pin has 8 polygons
2026-03-25 23:00:50 +0100: Memory Usage (464316K) : metal3_mask has 0 polygons
2026-03-25 23:00:50 +0100: Memory Usage (464316K) : metal3_filler has 0 polygons
2026-03-25 23:00:50 +0100: Memory Usage (464316K) : metal3_nofill has 0 polygons
2026-03-25 23:00:50 +0100: Memory Usage (464316K) : metal3_slit has 0 polygons
2026-03-25 23:00:50 +0100: Memory Usage (464316K) : metal3_text has 0 polygons
2026-03-25 23:00:50 +0100: Memory Usage (464316K) : metal3_opc has 0 polygons
2026-03-25 23:00:50 +0100: Memory Usage (464316K) : metal3_noqrc has 0 polygons
2026-03-25 23:00:50 +0100: Memory Usage (464316K) : metal3_res has 0 polygons
2026-03-25 23:00:50 +0100: Memory Usage (464316K) : metal3_iprobe has 0 polygons
2026-03-25 23:00:50 +0100: Memory Usage (464316K) : metal3_diffprb has 0 polygons
2026-03-25 23:00:50 +0100: Memory Usage (465108K) : nwell_drw has 5 polygons
2026-03-25 23:00:50 +0100: Memory Usage (465108K) : nwell_pin has 0 polygons
2026-03-25 23:00:50 +0100: Memory Usage (465108K) : nbulay_drw has 0 polygons
2026-03-25 23:00:50 +0100: Memory Usage (465108K) : nbulay_pin has 0 polygons
2026-03-25 23:00:50 +0100: Memory Usage (465108K) : nbulay_block has 0 polygons
2026-03-25 23:00:50 +0100: Memory Usage (465108K) : emwind_drw has 0 polygons
2026-03-25 23:00:50 +0100: Memory Usage (465108K) : emwind_opc has 0 polygons
2026-03-25 23:00:50 +0100: Memory Usage (465108K) : deepco_drw has 0 polygons
2026-03-25 23:00:50 +0100: Memory Usage (465372K) : deepco_drw has 0 polygons
2026-03-25 23:00:50 +0100: Memory Usage (465372K) : mim_drw has 2 polygons
2026-03-25 23:00:50 +0100: Memory Usage (465636K) : edgeseal_drw has 0 polygons
2026-03-25 23:00:50 +0100: Memory Usage (465636K) : edgeseal_bound has 0 polygons
2026-03-25 23:00:50 +0100: Memory Usage (465900K) : substrate_drw has 723 polygons
2026-03-25 23:00:50 +0100: Memory Usage (465900K) : substrate_text has 0 polygons
2026-03-25 23:00:50 +0100: Memory Usage (465900K) : dfpad_drw has 0 polygons
2026-03-25 23:00:50 +0100: Memory Usage (466164K) : dfpad_pillar has 0 polygons
2026-03-25 23:00:50 +0100: Memory Usage (466164K) : dfpad_sbump has 0 polygons
2026-03-25 23:00:50 +0100: Memory Usage (466428K) : thickgateox_drw has 0 polygons
2026-03-25 23:00:50 +0100: Memory Usage (466428K) : pldb_drw has 0 polygons
2026-03-25 23:00:50 +0100: Memory Usage (466428K) : pwell_drw has 0 polygons
2026-03-25 23:00:50 +0100: Memory Usage (466692K) : pwell_pin has 0 polygons
2026-03-25 23:00:50 +0100: Memory Usage (466692K) : pwell_block has 0 polygons
2026-03-25 23:00:50 +0100: Memory Usage (466956K) : ic_drw has 0 polygons
2026-03-25 23:00:50 +0100: Memory Usage (468540K) : via3_drw has 7005 polygons
2026-03-25 23:00:50 +0100: Memory Usage (468540K) : metal4_drw has 40 polygons
2026-03-25 23:00:50 +0100: Memory Usage (468540K) : metal4_pin has 3 polygons
2026-03-25 23:00:50 +0100: Memory Usage (468540K) : metal4_mask has 0 polygons
2026-03-25 23:00:50 +0100: Memory Usage (468540K) : metal4_filler has 0 polygons
2026-03-25 23:00:50 +0100: Memory Usage (468540K) : metal4_nofill has 0 polygons
2026-03-25 23:00:50 +0100: Memory Usage (468540K) : metal4_slit has 0 polygons
2026-03-25 23:00:50 +0100: Memory Usage (468540K) : metal4_text has 0 polygons
2026-03-25 23:00:50 +0100: Memory Usage (468540K) : metal4_opc has 0 polygons
2026-03-25 23:00:50 +0100: Memory Usage (468540K) : metal4_noqrc has 0 polygons
2026-03-25 23:00:50 +0100: Memory Usage (468540K) : metal4_res has 0 polygons
2026-03-25 23:00:50 +0100: Memory Usage (468540K) : metal4_iprobe has 0 polygons
2026-03-25 23:00:50 +0100: Memory Usage (468540K) : metal4_diffprb has 0 polygons
2026-03-25 23:00:50 +0100: Memory Usage (468540K) : heattrans_drw has 421 polygons
2026-03-25 23:00:50 +0100: Memory Usage (468540K) : heatres_drw has 7 polygons
2026-03-25 23:00:50 +0100: Memory Usage (468540K) : pempoly_drw has 0 polygons
2026-03-25 23:00:50 +0100: Memory Usage (468540K) : fbe_drw has 0 polygons
2026-03-25 23:00:50 +0100: Memory Usage (468540K) : empoly_drw has 0 polygons
2026-03-25 23:00:50 +0100: Memory Usage (468540K) : ldmos_drw has 0 polygons
2026-03-25 23:00:50 +0100: Memory Usage (468540K) : pbiwind_drw has 0 polygons
2026-03-25 23:00:50 +0100: Memory Usage (468540K) : digisub_drw has 0 polygons
2026-03-25 23:00:50 +0100: Memory Usage (468540K) : nodrc_drw has 0 polygons
2026-03-25 23:00:50 +0100: Memory Usage (468540K) : text_drw has 1107 polygons
2026-03-25 23:00:50 +0100: Memory Usage (468540K) : via4_drw has 6898 polygons
2026-03-25 23:00:50 +0100: Memory Usage (468540K) : metal5_drw has 32 polygons
2026-03-25 23:00:50 +0100: Memory Usage (468540K) : metal5_pin has 5 polygons
2026-03-25 23:00:50 +0100: Memory Usage (468540K) : metal5_mask has 0 polygons
2026-03-25 23:00:50 +0100: Memory Usage (468540K) : metal5_filler has 0 polygons
2026-03-25 23:00:50 +0100: Memory Usage (468540K) : metal5_nofill has 0 polygons
2026-03-25 23:00:50 +0100: Memory Usage (468540K) : metal5_slit has 0 polygons
2026-03-25 23:00:50 +0100: Memory Usage (468540K) : metal5_text has 1 polygons
2026-03-25 23:00:50 +0100: Memory Usage (468540K) : metal5_opc has 0 polygons
2026-03-25 23:00:50 +0100: Memory Usage (468540K) : metal5_noqrc has 0 polygons
2026-03-25 23:00:50 +0100: Memory Usage (468540K) : metal5_res has 0 polygons
2026-03-25 23:00:50 +0100: Memory Usage (468540K) : metal5_iprobe has 0 polygons
2026-03-25 23:00:50 +0100: Memory Usage (468540K) : metal5_diffprb has 0 polygons
2026-03-25 23:00:50 +0100: Memory Usage (468540K) : radhard_drw has 0 polygons
2026-03-25 23:00:50 +0100: Memory Usage (468540K) : memcap_drw has 0 polygons
2026-03-25 23:00:50 +0100: Memory Usage (468540K) : varicap_drw has 0 polygons
2026-03-25 23:00:50 +0100: Memory Usage (468540K) : flash_drw has 0 polygons
2026-03-25 23:00:50 +0100: Memory Usage (468540K) : intbondvia_drw has 0 polygons
2026-03-25 23:00:50 +0100: Memory Usage (468540K) : intbondmet_drw has 0 polygons
2026-03-25 23:00:50 +0100: Memory Usage (468540K) : devbondvia_drw has 0 polygons
2026-03-25 23:00:50 +0100: Memory Usage (468540K) : devbondmet_drw has 0 polygons
2026-03-25 23:00:50 +0100: Memory Usage (468540K) : devtrench_drw has 0 polygons
2026-03-25 23:00:50 +0100: Memory Usage (468540K) : redist_drw has 0 polygons
2026-03-25 23:00:50 +0100: Memory Usage (468540K) : graphbot_drw has 0 polygons
2026-03-25 23:00:50 +0100: Memory Usage (468540K) : graphtop_drw has 0 polygons
2026-03-25 23:00:50 +0100: Memory Usage (468540K) : antvia1_drw has 0 polygons
2026-03-25 23:00:50 +0100: Memory Usage (468540K) : antmetal2_drw has 0 polygons
2026-03-25 23:00:50 +0100: Memory Usage (468540K) : graphcont_drw has 0 polygons
2026-03-25 23:00:50 +0100: Memory Usage (468540K) : siwg_drw has 0 polygons
2026-03-25 23:00:50 +0100: Memory Usage (468540K) : siwg_filler has 0 polygons
2026-03-25 23:00:50 +0100: Memory Usage (468540K) : siwg_nofill has 0 polygons
2026-03-25 23:00:50 +0100: Memory Usage (468540K) : sigrating_drw has 0 polygons
2026-03-25 23:00:50 +0100: Memory Usage (468540K) : singrating_drw has 0 polygons
2026-03-25 23:00:50 +0100: Memory Usage (468540K) : graphpas_drw has 0 polygons
2026-03-25 23:00:50 +0100: Memory Usage (468540K) : emwind3_drw has 0 polygons
2026-03-25 23:00:50 +0100: Memory Usage (468540K) : emwihv3_drw has 0 polygons
2026-03-25 23:00:50 +0100: Memory Usage (468540K) : redbulay_drw has 0 polygons
2026-03-25 23:00:50 +0100: Memory Usage (468540K) : smos_drw has 0 polygons
2026-03-25 23:00:50 +0100: Memory Usage (468540K) : graphpad_drw has 0 polygons
2026-03-25 23:00:50 +0100: Memory Usage (468540K) : polimide_drw has 0 polygons
2026-03-25 23:00:50 +0100: Memory Usage (468540K) : polimide_pin has 0 polygons
2026-03-25 23:00:50 +0100: Memory Usage (468540K) : recog_drw has 0 polygons
2026-03-25 23:00:50 +0100: Memory Usage (468540K) : recog_pin has 0 polygons
2026-03-25 23:00:50 +0100: Memory Usage (468540K) : recog_esd has 0 polygons
2026-03-25 23:00:50 +0100: Memory Usage (468540K) : recog_diode has 0 polygons
2026-03-25 23:00:50 +0100: Memory Usage (468540K) : recog_tsv has 0 polygons
2026-03-25 23:00:50 +0100: Memory Usage (468540K) : recog_iprobe has 0 polygons
2026-03-25 23:00:50 +0100: Memory Usage (468540K) : recog_diffprb has 0 polygons
2026-03-25 23:00:50 +0100: Memory Usage (468540K) : recog_pillar has 0 polygons
2026-03-25 23:00:50 +0100: Memory Usage (468540K) : recog_sbump has 0 polygons
2026-03-25 23:00:50 +0100: Memory Usage (468540K) : recog_otp has 0 polygons
2026-03-25 23:00:50 +0100: Memory Usage (468540K) : recog_pdiode has 0 polygons
2026-03-25 23:00:50 +0100: Memory Usage (468540K) : recog_mom has 0 polygons
2026-03-25 23:00:50 +0100: Memory Usage (468540K) : recog_pcm has 0 polygons
2026-03-25 23:00:50 +0100: Memory Usage (468540K) : colopen_drw has 0 polygons
2026-03-25 23:00:50 +0100: Memory Usage (468540K) : graphmetal1_drw has 0 polygons
2026-03-25 23:00:50 +0100: Memory Usage (468540K) : graphmetal1_filler has 0 polygons
2026-03-25 23:00:50 +0100: Memory Usage (468540K) : graphmetal1_nofill has 0 polygons
2026-03-25 23:00:50 +0100: Memory Usage (468540K) : graphmetal1_slit has 0 polygons
2026-03-25 23:00:50 +0100: Memory Usage (468540K) : graphmetal1_opc has 0 polygons
2026-03-25 23:00:50 +0100: Memory Usage (468540K) : graphmet1l_drw has 0 polygons
2026-03-25 23:00:50 +0100: Memory Usage (468540K) : graphmet1l_filler has 0 polygons
2026-03-25 23:00:50 +0100: Memory Usage (468540K) : graphmet1l_nofill has 0 polygons
2026-03-25 23:00:50 +0100: Memory Usage (468540K) : graphmet1l_slit has 0 polygons
2026-03-25 23:00:50 +0100: Memory Usage (468540K) : graphmet1l_opc has 0 polygons
2026-03-25 23:00:50 +0100: Memory Usage (468540K) : extblock_drw has 5 polygons
2026-03-25 23:00:50 +0100: Memory Usage (468540K) : nldd_drw has 0 polygons
2026-03-25 23:00:50 +0100: Memory Usage (468540K) : pldd_drw has 0 polygons
2026-03-25 23:00:50 +0100: Memory Usage (468540K) : next_drw has 0 polygons
2026-03-25 23:00:50 +0100: Memory Usage (468540K) : pext_drw has 0 polygons
2026-03-25 23:00:50 +0100: Memory Usage (468540K) : nexthv_drw has 0 polygons
2026-03-25 23:00:50 +0100: Memory Usage (468540K) : pexthv_drw has 0 polygons
2026-03-25 23:00:50 +0100: Memory Usage (468540K) : graphgate_drw has 0 polygons
2026-03-25 23:00:50 +0100: Memory Usage (468540K) : sinwg_drw has 0 polygons
2026-03-25 23:00:50 +0100: Memory Usage (468540K) : sinwg_filler has 0 polygons
2026-03-25 23:00:50 +0100: Memory Usage (468540K) : sinwg_nofill has 0 polygons
2026-03-25 23:00:50 +0100: Memory Usage (468540K) : mempad_drw has 0 polygons
2026-03-25 23:00:50 +0100: Memory Usage (468540K) : topvia1_drw has 1720 polygons
2026-03-25 23:00:50 +0100: Memory Usage (468540K) : topmetal1_drw has 13 polygons
2026-03-25 23:00:50 +0100: Memory Usage (468540K) : topmetal1_pin has 15 polygons
2026-03-25 23:00:50 +0100: Memory Usage (468540K) : topmetal1_mask has 0 polygons
2026-03-25 23:00:50 +0100: Memory Usage (468540K) : topmetal1_filler has 0 polygons
2026-03-25 23:00:50 +0100: Memory Usage (468540K) : topmetal1_nofill has 0 polygons
2026-03-25 23:00:50 +0100: Memory Usage (468540K) : topmetal1_slit has 0 polygons
2026-03-25 23:00:50 +0100: Memory Usage (468540K) : topmetal1_text has 5 polygons
2026-03-25 23:00:50 +0100: Memory Usage (468540K) : topmetal1_noqrc has 0 polygons
2026-03-25 23:00:50 +0100: Memory Usage (468540K) : topmetal1_res has 0 polygons
2026-03-25 23:00:50 +0100: Memory Usage (468540K) : topmetal1_iprobe has 0 polygons
2026-03-25 23:00:50 +0100: Memory Usage (468540K) : topmetal1_diffprb has 0 polygons
2026-03-25 23:00:50 +0100: Memory Usage (468540K) : inldpwl_drw has 0 polygons
2026-03-25 23:00:50 +0100: Memory Usage (468804K) : polyres_drw has 7 polygons
2026-03-25 23:00:50 +0100: Memory Usage (468804K) : polyres_pin has 0 polygons
2026-03-25 23:00:50 +0100: Memory Usage (468804K) : vmim_drw has 578 polygons
2026-03-25 23:00:50 +0100: Memory Usage (469068K) : nbulaycut_drw has 0 polygons
2026-03-25 23:00:50 +0100: Memory Usage (469332K) : antmetal1_drw has 0 polygons
2026-03-25 23:00:50 +0100: Memory Usage (469332K) : topvia2_drw has 916 polygons
2026-03-25 23:00:50 +0100: Memory Usage (469596K) : topmetal2_drw has 4 polygons
2026-03-25 23:00:50 +0100: Memory Usage (469596K) : topmetal2_pin has 2 polygons
2026-03-25 23:00:50 +0100: Memory Usage (469596K) : topmetal2_mask has 0 polygons
2026-03-25 23:00:50 +0100: Memory Usage (469860K) : topmetal2_filler has 0 polygons
2026-03-25 23:00:50 +0100: Memory Usage (469860K) : topmetal2_nofill has 0 polygons
2026-03-25 23:00:50 +0100: Memory Usage (470124K) : topmetal2_slit has 0 polygons
2026-03-25 23:00:50 +0100: Memory Usage (470124K) : topmetal2_text has 2 polygons
2026-03-25 23:00:50 +0100: Memory Usage (470124K) : topmetal2_noqrc has 0 polygons
2026-03-25 23:00:50 +0100: Memory Usage (470388K) : topmetal2_res has 0 polygons
2026-03-25 23:00:50 +0100: Memory Usage (470388K) : topmetal2_iprobe has 0 polygons
2026-03-25 23:00:50 +0100: Memory Usage (470388K) : topmetal2_diffprb has 0 polygons
2026-03-25 23:00:50 +0100: Memory Usage (470652K) : snsring_drw has 0 polygons
2026-03-25 23:00:50 +0100: Memory Usage (470652K) : sensor_drw has 0 polygons
2026-03-25 23:00:50 +0100: Memory Usage (470916K) : snsarms_drw has 0 polygons
2026-03-25 23:00:50 +0100: Memory Usage (470916K) : snscmosvia_drw has 0 polygons
2026-03-25 23:00:50 +0100: Memory Usage (470916K) : colwind_drw has 0 polygons
2026-03-25 23:00:50 +0100: Memory Usage (471180K) : flm_drw has 0 polygons
2026-03-25 23:00:50 +0100: Memory Usage (471180K) : hafniumox_drw has 0 polygons
2026-03-25 23:00:50 +0100: Memory Usage (471444K) : memvia_drw has 0 polygons
2026-03-25 23:00:50 +0100: Memory Usage (471444K) : thinfilmres_drw has 0 polygons
2026-03-25 23:00:50 +0100: Memory Usage (471444K) : rfmem_drw has 0 polygons
2026-03-25 23:00:50 +0100: Memory Usage (471708K) : norcx_drw has 0 polygons
2026-03-25 23:00:50 +0100: Memory Usage (471708K) : norcx_m2m3 has 0 polygons
2026-03-25 23:00:50 +0100: Memory Usage (471972K) : norcx_m2m4 has 0 polygons
2026-03-25 23:00:50 +0100: Memory Usage (471972K) : norcx_m2m5 has 0 polygons
2026-03-25 23:00:50 +0100: Memory Usage (472236K) : norcx_m2tm1 has 0 polygons
2026-03-25 23:00:50 +0100: Memory Usage (472236K) : norcx_m2tm2 has 0 polygons
2026-03-25 23:00:50 +0100: Memory Usage (472236K) : norcx_m3m4 has 0 polygons
2026-03-25 23:00:50 +0100: Memory Usage (472500K) : norcx_m3m5 has 0 polygons
2026-03-25 23:00:50 +0100: Memory Usage (472500K) : norcx_m3tm1 has 0 polygons
2026-03-25 23:00:50 +0100: Memory Usage (472764K) : norcx_m3tm2 has 0 polygons
2026-03-25 23:00:50 +0100: Memory Usage (472764K) : norcx_m4m5 has 0 polygons
2026-03-25 23:00:50 +0100: Memory Usage (472912K) : norcx_m4tm1 has 0 polygons
2026-03-25 23:00:50 +0100: Memory Usage (473172K) : norcx_m4tm2 has 0 polygons
2026-03-25 23:00:50 +0100: Memory Usage (473172K) : norcx_m5tm1 has 0 polygons
2026-03-25 23:00:50 +0100: Memory Usage (473172K) : norcx_m5tm2 has 0 polygons
2026-03-25 23:00:50 +0100: Memory Usage (473436K) : norcx_tm1tm2 has 0 polygons
2026-03-25 23:00:50 +0100: Memory Usage (473436K) : norcx_m1sub has 0 polygons
2026-03-25 23:00:50 +0100: Memory Usage (473436K) : norcx_m2sub has 0 polygons
2026-03-25 23:00:50 +0100: Memory Usage (473700K) : norcx_m3sub has 0 polygons
2026-03-25 23:00:50 +0100: Memory Usage (473700K) : norcx_m4sub has 0 polygons
2026-03-25 23:00:50 +0100: Memory Usage (473964K) : norcx_m5sub has 0 polygons
2026-03-25 23:00:50 +0100: Memory Usage (473964K) : norcx_tm1sub has 0 polygons
2026-03-25 23:00:50 +0100: Memory Usage (474120K) : norcx_tm2sub has 0 polygons
2026-03-25 23:00:50 +0100: Memory Usage (474120K) : snsbotvia_drw has 0 polygons
2026-03-25 23:00:50 +0100: Memory Usage (474120K) : snstopvia_drw has 0 polygons
2026-03-25 23:00:50 +0100: Memory Usage (474120K) : deepvia_drw has 0 polygons
2026-03-25 23:00:50 +0100: Memory Usage (474120K) : fgetch_drw has 0 polygons
2026-03-25 23:00:50 +0100: Memory Usage (474120K) : ctrgat_drw has 0 polygons
2026-03-25 23:00:50 +0100: Memory Usage (474120K) : fgimp_drw has 0 polygons
2026-03-25 23:00:50 +0100: Memory Usage (474120K) : emwihv_drw has 0 polygons
2026-03-25 23:00:50 +0100: Memory Usage (474120K) : lbe_drw has 0 polygons
2026-03-25 23:00:50 +0100: Memory Usage (474120K) : alcustop_drw has 0 polygons
2026-03-25 23:00:50 +0100: Memory Usage (474120K) : nometfiller_drw has 0 polygons
2026-03-25 23:00:50 +0100: Memory Usage (474120K) : prboundary_drw has 0 polygons
2026-03-25 23:00:50 +0100: Memory Usage (474120K) : exchange0_drw has 0 polygons
2026-03-25 23:00:50 +0100: Memory Usage (474120K) : exchange0_pin has 0 polygons
2026-03-25 23:00:50 +0100: Memory Usage (474120K) : exchange0_text has 0 polygons
2026-03-25 23:00:51 +0100: Memory Usage (474120K) : exchange1_drw has 0 polygons
2026-03-25 23:00:51 +0100: Memory Usage (474120K) : exchange1_pin has 0 polygons
2026-03-25 23:00:51 +0100: Memory Usage (474120K) : exchange1_text has 0 polygons
2026-03-25 23:00:51 +0100: Memory Usage (474120K) : exchange2_drw has 0 polygons
2026-03-25 23:00:51 +0100: Memory Usage (474120K) : exchange2_pin has 0 polygons
2026-03-25 23:00:51 +0100: Memory Usage (474120K) : exchange2_text has 0 polygons
2026-03-25 23:00:51 +0100: Memory Usage (474120K) : exchange3_drw has 0 polygons
2026-03-25 23:00:51 +0100: Memory Usage (474120K) : exchange3_pin has 0 polygons
2026-03-25 23:00:51 +0100: Memory Usage (474120K) : exchange3_text has 0 polygons
2026-03-25 23:00:51 +0100: Memory Usage (474120K) : exchange4_drw has 0 polygons
2026-03-25 23:00:51 +0100: Memory Usage (474120K) : exchange4_pin has 0 polygons
2026-03-25 23:00:51 +0100: Memory Usage (474120K) : exchange4_text has 0 polygons
2026-03-25 23:00:51 +0100: Memory Usage (474120K) : isonwell_drw has 0 polygons
2026-03-25 23:00:51 +0100: Memory Usage (474120K) : Total no. of polygons in the design is 55451
2026-03-25 23:00:51 +0100: Memory Usage (474120K) : Loaded TECH DRC rules values from /foss/pdks/ihp-sg13g2/libs.tech/klayout/python/sg13g2_pycell_lib/sg13g2_tech_mod.json
2026-03-25 23:00:51 +0100: Memory Usage (474120K) : Loaded default DRC rules values from /foss/pdks/ihp-sg13g2/libs.tech/klayout/tech/drc/rule_decks/sg13g2_tech_default.json
2026-03-25 23:00:51 +0100: Memory Usage (474120K) : The following rules values were missing in tech json and default values were used:
2026-03-25 23:00:51 +0100: Memory Usage (474120K) :   - Cnt_c_digibnd
2026-03-25 23:00:51 +0100: Memory Usage (474120K) : Total area of the design is 54805.149724999996 um^2.
2026-03-25 23:00:51 +0100: Memory Usage (474120K) : The design dimensions are 309.90500000000003 µm * 176.845 µm.
2026-03-25 23:00:51 +0100: Memory Usage (474120K) : Starting general IHP-SG13G2 derivations.
2026-03-25 23:00:51 +0100: Memory Usage (474120K) : Starting Pwell derivations
2026-03-25 23:00:51 +0100: Memory Usage (474120K) : Starting IHP-SG13G2 DRC rules.
2026-03-25 23:00:51 +0100: Memory Usage (474120K) : Starting 6.11 MIM table
2026-03-25 23:00:51 +0100: Memory Usage (474120K) : Executing rule MIM.c
2026-03-25 23:00:51 +0100: Memory Usage (475212K) : Executing rule MIM.d
2026-03-25 23:00:51 +0100: Memory Usage (475212K) : Executing rule MIM.gR
2026-03-25 23:00:51 +0100: Memory Usage (475212K) : KLayout DRC run for tables 'mim' completed in 1.67 seconds
