# Logfile created on 2026-03-25 23:00:43 +0100 by logger.rb/v1.5.3
2026-03-25 23:00:43 +0100: Memory Usage (436864K) : Starting running IHP-SG13G2 KLayout DRC runset on /foss/designs/Design/xschem/IHP__OPA2251/OPA2251-main/layout/klayout/HPA_project_wrapper.gds
2026-03-25 23:00:43 +0100: Memory Usage (436864K) : Ruby Version for klayout: 3.2.3
2026-03-25 23:00:44 +0100: Memory Usage (452384K) : Loading database to memory is complete.
2026-03-25 23:00:44 +0100: Memory Usage (452384K) : IHP-SG13G2 KLayout DRC runset output at: /foss/designs/Design/xschem/IHP__OPA2251/OPA2251-main/layout/klayout/drc_run_HPA/HPA_project_wrapper_HPA_metalslits.lyrdb
2026-03-25 23:00:44 +0100: Memory Usage (452384K) : Evaluate switches.
2026-03-25 23:00:44 +0100: Memory Usage (452384K) : tables selected: metalslits
2026-03-25 23:00:44 +0100: Memory Usage (452384K) : KLayout will use 4 thread(s) in tiled mode.
2026-03-25 23:00:44 +0100: Memory Usage (452384K) : flat mode is enabled.
2026-03-25 23:00:44 +0100: Memory Usage (452384K) : FEOL enabled: false
2026-03-25 23:00:44 +0100: Memory Usage (452384K) : BEOL enabled: false
2026-03-25 23:00:44 +0100: Memory Usage (452384K) : OFFGRID enabled: true
2026-03-25 23:00:44 +0100: Memory Usage (452384K) : PIN enabled: false
2026-03-25 23:00:44 +0100: Memory Usage (452384K) : FORBIDDEN enabled: false
2026-03-25 23:00:44 +0100: Memory Usage (452384K) : RECOMMENDED enabled: true
2026-03-25 23:00:44 +0100: Memory Usage (452384K) : PreCheck DRC enabled: false
2026-03-25 23:00:44 +0100: Memory Usage (452384K) : CONNECTIVITY_RULES enabled: false.
2026-03-25 23:00:44 +0100: Memory Usage (452384K) : Read in polygons from layers.
2026-03-25 23:00:44 +0100: Memory Usage (454480K) : activ_drw has 198 polygons
2026-03-25 23:00:44 +0100: Memory Usage (454480K) : activ_pin has 0 polygons
2026-03-25 23:00:44 +0100: Memory Usage (454480K) : activ_mask has 0 polygons
2026-03-25 23:00:44 +0100: Memory Usage (454480K) : activ_filler has 0 polygons
2026-03-25 23:00:44 +0100: Memory Usage (454480K) : activ_nofill has 0 polygons
2026-03-25 23:00:44 +0100: Memory Usage (454480K) : activ_opc has 0 polygons
2026-03-25 23:00:44 +0100: Memory Usage (454480K) : activ_iopc has 0 polygons
2026-03-25 23:00:44 +0100: Memory Usage (454480K) : activ_noqrc has 0 polygons
2026-03-25 23:00:44 +0100: Memory Usage (454480K) : biwind_drw has 0 polygons
2026-03-25 23:00:44 +0100: Memory Usage (454480K) : biwind_opc has 0 polygons
2026-03-25 23:00:44 +0100: Memory Usage (454480K) : pemwind_drw has 0 polygons
2026-03-25 23:00:44 +0100: Memory Usage (454800K) : gatpoly_drw has 108 polygons
2026-03-25 23:00:44 +0100: Memory Usage (454800K) : gatpoly_pin has 124 polygons
2026-03-25 23:00:44 +0100: Memory Usage (454800K) : gatpoly_filler has 0 polygons
2026-03-25 23:00:44 +0100: Memory Usage (454800K) : gatpoly_nofill has 0 polygons
2026-03-25 23:00:44 +0100: Memory Usage (454800K) : gatpoly_opc has 0 polygons
2026-03-25 23:00:44 +0100: Memory Usage (454800K) : gatpoly_iopc has 0 polygons
2026-03-25 23:00:44 +0100: Memory Usage (454800K) : gatpoly_noqrc has 0 polygons
2026-03-25 23:00:44 +0100: Memory Usage (459612K) : cont_drw has 16803 polygons
2026-03-25 23:00:44 +0100: Memory Usage (459612K) : cont_opc has 0 polygons
2026-03-25 23:00:44 +0100: Memory Usage (459612K) : nsd_drw has 0 polygons
2026-03-25 23:00:44 +0100: Memory Usage (459612K) : nsd_block has 0 polygons
2026-03-25 23:00:44 +0100: Memory Usage (459612K) : metal1_drw has 390 polygons
2026-03-25 23:00:44 +0100: Memory Usage (459612K) : metal1_pin has 515 polygons
2026-03-25 23:00:44 +0100: Memory Usage (459612K) : metal1_mask has 0 polygons
2026-03-25 23:00:44 +0100: Memory Usage (459612K) : metal1_filler has 0 polygons
2026-03-25 23:00:44 +0100: Memory Usage (459612K) : metal1_nofill has 0 polygons
2026-03-25 23:00:44 +0100: Memory Usage (459612K) : metal1_slit has 0 polygons
2026-03-25 23:00:44 +0100: Memory Usage (459612K) : metal1_text has 0 polygons
2026-03-25 23:00:44 +0100: Memory Usage (459612K) : metal1_opc has 0 polygons
2026-03-25 23:00:44 +0100: Memory Usage (459612K) : metal1_noqrc has 0 polygons
2026-03-25 23:00:44 +0100: Memory Usage (459612K) : metal1_res has 0 polygons
2026-03-25 23:00:44 +0100: Memory Usage (459612K) : metal1_iprobe has 0 polygons
2026-03-25 23:00:44 +0100: Memory Usage (459612K) : metal1_diffprb has 0 polygons
2026-03-25 23:00:44 +0100: Memory Usage (459612K) : passiv_drw has 0 polygons
2026-03-25 23:00:44 +0100: Memory Usage (459612K) : passiv_pin has 0 polygons
2026-03-25 23:00:44 +0100: Memory Usage (459612K) : passiv_sbump has 0 polygons
2026-03-25 23:00:44 +0100: Memory Usage (459612K) : passiv_pillar has 0 polygons
2026-03-25 23:00:44 +0100: Memory Usage (459612K) : passiv_pdl has 0 polygons
2026-03-25 23:00:44 +0100: Memory Usage (459612K) : metal2_drw has 95 polygons
2026-03-25 23:00:44 +0100: Memory Usage (459612K) : metal2_pin has 11 polygons
2026-03-25 23:00:44 +0100: Memory Usage (459612K) : metal2_mask has 0 polygons
2026-03-25 23:00:44 +0100: Memory Usage (459612K) : metal2_filler has 0 polygons
2026-03-25 23:00:44 +0100: Memory Usage (459612K) : metal2_nofill has 0 polygons
2026-03-25 23:00:44 +0100: Memory Usage (459612K) : metal2_slit has 0 polygons
2026-03-25 23:00:44 +0100: Memory Usage (459612K) : metal2_text has 0 polygons
2026-03-25 23:00:44 +0100: Memory Usage (459612K) : metal2_opc has 0 polygons
2026-03-25 23:00:44 +0100: Memory Usage (459612K) : metal2_noqrc has 0 polygons
2026-03-25 23:00:44 +0100: Memory Usage (459612K) : metal2_res has 0 polygons
2026-03-25 23:00:44 +0100: Memory Usage (459612K) : metal2_iprobe has 0 polygons
2026-03-25 23:00:44 +0100: Memory Usage (459612K) : metal2_diffprb has 0 polygons
2026-03-25 23:00:44 +0100: Memory Usage (459612K) : baspoly_drw has 0 polygons
2026-03-25 23:00:44 +0100: Memory Usage (459612K) : baspoly_pin has 0 polygons
2026-03-25 23:00:44 +0100: Memory Usage (459612K) : psd_drw has 24 polygons
2026-03-25 23:00:44 +0100: Memory Usage (459612K) : nldb_drw has 0 polygons
2026-03-25 23:00:44 +0100: Memory Usage (459612K) : digibnd_drw has 0 polygons
2026-03-25 23:00:44 +0100: Memory Usage (461636K) : via1_drw has 9590 polygons
2026-03-25 23:00:44 +0100: Memory Usage (461636K) : backmetal1_drw has 0 polygons
2026-03-25 23:00:44 +0100: Memory Usage (461636K) : backmetal1_pin has 0 polygons
2026-03-25 23:00:44 +0100: Memory Usage (461636K) : backmetal1_mask has 0 polygons
2026-03-25 23:00:44 +0100: Memory Usage (461636K) : backmetal1_filler has 0 polygons
2026-03-25 23:00:44 +0100: Memory Usage (461636K) : backmetal1_nofill has 0 polygons
2026-03-25 23:00:44 +0100: Memory Usage (461636K) : backmetal1_slit has 0 polygons
2026-03-25 23:00:44 +0100: Memory Usage (461636K) : backmetal1_text has 0 polygons
2026-03-25 23:00:44 +0100: Memory Usage (461636K) : backmetal1_opc has 0 polygons
2026-03-25 23:00:44 +0100: Memory Usage (461636K) : backmetal1_noqrc has 0 polygons
2026-03-25 23:00:44 +0100: Memory Usage (461636K) : backmetal1_res has 0 polygons
2026-03-25 23:00:44 +0100: Memory Usage (461636K) : backmetal1_iprobe has 0 polygons
2026-03-25 23:00:44 +0100: Memory Usage (461636K) : backmetal1_diffprb has 0 polygons
2026-03-25 23:00:44 +0100: Memory Usage (461636K) : backpassiv_drw has 0 polygons
2026-03-25 23:00:44 +0100: Memory Usage (461636K) : res_drw has 0 polygons
2026-03-25 23:00:44 +0100: Memory Usage (461636K) : sram_drw has 0 polygons
2026-03-25 23:00:44 +0100: Memory Usage (461636K) : trans_drw has 0 polygons
2026-03-25 23:00:44 +0100: Memory Usage (461636K) : ind_drw has 0 polygons
2026-03-25 23:00:44 +0100: Memory Usage (461636K) : ind_pin has 0 polygons
2026-03-25 23:00:44 +0100: Memory Usage (461636K) : ind_text has 0 polygons
2026-03-25 23:00:44 +0100: Memory Usage (461900K) : salblock_drw has 7 polygons
2026-03-25 23:00:44 +0100: Memory Usage (463484K) : via2_drw has 7995 polygons
2026-03-25 23:00:44 +0100: Memory Usage (463484K) : metal3_drw has 67 polygons
2026-03-25 23:00:44 +0100: Memory Usage (463484K) : metal3_pin has 8 polygons
2026-03-25 23:00:44 +0100: Memory Usage (463484K) : metal3_mask has 0 polygons
2026-03-25 23:00:44 +0100: Memory Usage (463484K) : metal3_filler has 0 polygons
2026-03-25 23:00:44 +0100: Memory Usage (463484K) : metal3_nofill has 0 polygons
2026-03-25 23:00:44 +0100: Memory Usage (463484K) : metal3_slit has 0 polygons
2026-03-25 23:00:44 +0100: Memory Usage (463484K) : metal3_text has 0 polygons
2026-03-25 23:00:44 +0100: Memory Usage (463484K) : metal3_opc has 0 polygons
2026-03-25 23:00:44 +0100: Memory Usage (463484K) : metal3_noqrc has 0 polygons
2026-03-25 23:00:44 +0100: Memory Usage (463484K) : metal3_res has 0 polygons
2026-03-25 23:00:44 +0100: Memory Usage (463484K) : metal3_iprobe has 0 polygons
2026-03-25 23:00:44 +0100: Memory Usage (463484K) : metal3_diffprb has 0 polygons
2026-03-25 23:00:44 +0100: Memory Usage (464276K) : nwell_drw has 5 polygons
2026-03-25 23:00:44 +0100: Memory Usage (464276K) : nwell_pin has 0 polygons
2026-03-25 23:00:44 +0100: Memory Usage (464276K) : nbulay_drw has 0 polygons
2026-03-25 23:00:44 +0100: Memory Usage (464276K) : nbulay_pin has 0 polygons
2026-03-25 23:00:44 +0100: Memory Usage (464276K) : nbulay_block has 0 polygons
2026-03-25 23:00:44 +0100: Memory Usage (464276K) : emwind_drw has 0 polygons
2026-03-25 23:00:44 +0100: Memory Usage (464276K) : emwind_opc has 0 polygons
2026-03-25 23:00:44 +0100: Memory Usage (464276K) : deepco_drw has 0 polygons
2026-03-25 23:00:44 +0100: Memory Usage (464540K) : deepco_drw has 0 polygons
2026-03-25 23:00:44 +0100: Memory Usage (464540K) : mim_drw has 2 polygons
2026-03-25 23:00:44 +0100: Memory Usage (464804K) : edgeseal_drw has 0 polygons
2026-03-25 23:00:44 +0100: Memory Usage (464804K) : edgeseal_bound has 0 polygons
2026-03-25 23:00:44 +0100: Memory Usage (465068K) : substrate_drw has 723 polygons
2026-03-25 23:00:44 +0100: Memory Usage (465068K) : substrate_text has 0 polygons
2026-03-25 23:00:44 +0100: Memory Usage (465068K) : dfpad_drw has 0 polygons
2026-03-25 23:00:44 +0100: Memory Usage (465332K) : dfpad_pillar has 0 polygons
2026-03-25 23:00:44 +0100: Memory Usage (465332K) : dfpad_sbump has 0 polygons
2026-03-25 23:00:44 +0100: Memory Usage (465596K) : thickgateox_drw has 0 polygons
2026-03-25 23:00:44 +0100: Memory Usage (465596K) : pldb_drw has 0 polygons
2026-03-25 23:00:44 +0100: Memory Usage (465596K) : pwell_drw has 0 polygons
2026-03-25 23:00:44 +0100: Memory Usage (465860K) : pwell_pin has 0 polygons
2026-03-25 23:00:44 +0100: Memory Usage (465860K) : pwell_block has 0 polygons
2026-03-25 23:00:44 +0100: Memory Usage (466124K) : ic_drw has 0 polygons
2026-03-25 23:00:45 +0100: Memory Usage (467708K) : via3_drw has 7005 polygons
2026-03-25 23:00:45 +0100: Memory Usage (467708K) : metal4_drw has 40 polygons
2026-03-25 23:00:45 +0100: Memory Usage (467708K) : metal4_pin has 3 polygons
2026-03-25 23:00:45 +0100: Memory Usage (467708K) : metal4_mask has 0 polygons
2026-03-25 23:00:45 +0100: Memory Usage (467708K) : metal4_filler has 0 polygons
2026-03-25 23:00:45 +0100: Memory Usage (467708K) : metal4_nofill has 0 polygons
2026-03-25 23:00:45 +0100: Memory Usage (467708K) : metal4_slit has 0 polygons
2026-03-25 23:00:45 +0100: Memory Usage (467708K) : metal4_text has 0 polygons
2026-03-25 23:00:45 +0100: Memory Usage (467708K) : metal4_opc has 0 polygons
2026-03-25 23:00:45 +0100: Memory Usage (467708K) : metal4_noqrc has 0 polygons
2026-03-25 23:00:45 +0100: Memory Usage (467972K) : metal4_res has 0 polygons
2026-03-25 23:00:45 +0100: Memory Usage (467972K) : metal4_iprobe has 0 polygons
2026-03-25 23:00:45 +0100: Memory Usage (467972K) : metal4_diffprb has 0 polygons
2026-03-25 23:00:45 +0100: Memory Usage (468500K) : heattrans_drw has 421 polygons
2026-03-25 23:00:45 +0100: Memory Usage (468764K) : heatres_drw has 7 polygons
2026-03-25 23:00:45 +0100: Memory Usage (468764K) : pempoly_drw has 0 polygons
2026-03-25 23:00:45 +0100: Memory Usage (468764K) : fbe_drw has 0 polygons
2026-03-25 23:00:45 +0100: Memory Usage (468764K) : empoly_drw has 0 polygons
2026-03-25 23:00:45 +0100: Memory Usage (468764K) : ldmos_drw has 0 polygons
2026-03-25 23:00:45 +0100: Memory Usage (468764K) : pbiwind_drw has 0 polygons
2026-03-25 23:00:45 +0100: Memory Usage (469028K) : digisub_drw has 0 polygons
2026-03-25 23:00:45 +0100: Memory Usage (469028K) : nodrc_drw has 0 polygons
2026-03-25 23:00:45 +0100: Memory Usage (469028K) : text_drw has 1107 polygons
2026-03-25 23:00:45 +0100: Memory Usage (470876K) : via4_drw has 6898 polygons
2026-03-25 23:00:45 +0100: Memory Usage (470876K) : metal5_drw has 32 polygons
2026-03-25 23:00:45 +0100: Memory Usage (470876K) : metal5_pin has 5 polygons
2026-03-25 23:00:45 +0100: Memory Usage (470876K) : metal5_mask has 0 polygons
2026-03-25 23:00:45 +0100: Memory Usage (470876K) : metal5_filler has 0 polygons
2026-03-25 23:00:45 +0100: Memory Usage (470876K) : metal5_nofill has 0 polygons
2026-03-25 23:00:45 +0100: Memory Usage (470876K) : metal5_slit has 0 polygons
2026-03-25 23:00:45 +0100: Memory Usage (470876K) : metal5_text has 1 polygons
2026-03-25 23:00:45 +0100: Memory Usage (470876K) : metal5_opc has 0 polygons
2026-03-25 23:00:45 +0100: Memory Usage (470876K) : metal5_noqrc has 0 polygons
2026-03-25 23:00:45 +0100: Memory Usage (470876K) : metal5_res has 0 polygons
2026-03-25 23:00:45 +0100: Memory Usage (470876K) : metal5_iprobe has 0 polygons
2026-03-25 23:00:45 +0100: Memory Usage (470876K) : metal5_diffprb has 0 polygons
2026-03-25 23:00:45 +0100: Memory Usage (470876K) : radhard_drw has 0 polygons
2026-03-25 23:00:45 +0100: Memory Usage (470876K) : memcap_drw has 0 polygons
2026-03-25 23:00:45 +0100: Memory Usage (470876K) : varicap_drw has 0 polygons
2026-03-25 23:00:45 +0100: Memory Usage (470876K) : flash_drw has 0 polygons
2026-03-25 23:00:45 +0100: Memory Usage (470876K) : intbondvia_drw has 0 polygons
2026-03-25 23:00:45 +0100: Memory Usage (470876K) : intbondmet_drw has 0 polygons
2026-03-25 23:00:45 +0100: Memory Usage (470876K) : devbondvia_drw has 0 polygons
2026-03-25 23:00:45 +0100: Memory Usage (470876K) : devbondmet_drw has 0 polygons
2026-03-25 23:00:45 +0100: Memory Usage (470876K) : devtrench_drw has 0 polygons
2026-03-25 23:00:45 +0100: Memory Usage (470876K) : redist_drw has 0 polygons
2026-03-25 23:00:45 +0100: Memory Usage (470876K) : graphbot_drw has 0 polygons
2026-03-25 23:00:45 +0100: Memory Usage (470876K) : graphtop_drw has 0 polygons
2026-03-25 23:00:45 +0100: Memory Usage (470876K) : antvia1_drw has 0 polygons
2026-03-25 23:00:45 +0100: Memory Usage (470876K) : antmetal2_drw has 0 polygons
2026-03-25 23:00:45 +0100: Memory Usage (470876K) : graphcont_drw has 0 polygons
2026-03-25 23:00:45 +0100: Memory Usage (470876K) : siwg_drw has 0 polygons
2026-03-25 23:00:45 +0100: Memory Usage (470876K) : siwg_filler has 0 polygons
2026-03-25 23:00:45 +0100: Memory Usage (470876K) : siwg_nofill has 0 polygons
2026-03-25 23:00:45 +0100: Memory Usage (470876K) : sigrating_drw has 0 polygons
2026-03-25 23:00:45 +0100: Memory Usage (470876K) : singrating_drw has 0 polygons
2026-03-25 23:00:45 +0100: Memory Usage (470876K) : graphpas_drw has 0 polygons
2026-03-25 23:00:45 +0100: Memory Usage (470876K) : emwind3_drw has 0 polygons
2026-03-25 23:00:45 +0100: Memory Usage (470876K) : emwihv3_drw has 0 polygons
2026-03-25 23:00:45 +0100: Memory Usage (470876K) : redbulay_drw has 0 polygons
2026-03-25 23:00:45 +0100: Memory Usage (470876K) : smos_drw has 0 polygons
2026-03-25 23:00:45 +0100: Memory Usage (470876K) : graphpad_drw has 0 polygons
2026-03-25 23:00:45 +0100: Memory Usage (470876K) : polimide_drw has 0 polygons
2026-03-25 23:00:45 +0100: Memory Usage (470876K) : polimide_pin has 0 polygons
2026-03-25 23:00:45 +0100: Memory Usage (470876K) : recog_drw has 0 polygons
2026-03-25 23:00:45 +0100: Memory Usage (470876K) : recog_pin has 0 polygons
2026-03-25 23:00:45 +0100: Memory Usage (470876K) : recog_esd has 0 polygons
2026-03-25 23:00:45 +0100: Memory Usage (470876K) : recog_diode has 0 polygons
2026-03-25 23:00:45 +0100: Memory Usage (470876K) : recog_tsv has 0 polygons
2026-03-25 23:00:45 +0100: Memory Usage (470876K) : recog_iprobe has 0 polygons
2026-03-25 23:00:45 +0100: Memory Usage (470876K) : recog_diffprb has 0 polygons
2026-03-25 23:00:45 +0100: Memory Usage (470876K) : recog_pillar has 0 polygons
2026-03-25 23:00:45 +0100: Memory Usage (470876K) : recog_sbump has 0 polygons
2026-03-25 23:00:45 +0100: Memory Usage (470876K) : recog_otp has 0 polygons
2026-03-25 23:00:45 +0100: Memory Usage (470876K) : recog_pdiode has 0 polygons
2026-03-25 23:00:45 +0100: Memory Usage (470876K) : recog_mom has 0 polygons
2026-03-25 23:00:45 +0100: Memory Usage (470876K) : recog_pcm has 0 polygons
2026-03-25 23:00:45 +0100: Memory Usage (470876K) : colopen_drw has 0 polygons
2026-03-25 23:00:45 +0100: Memory Usage (470876K) : graphmetal1_drw has 0 polygons
2026-03-25 23:00:45 +0100: Memory Usage (470876K) : graphmetal1_filler has 0 polygons
2026-03-25 23:00:45 +0100: Memory Usage (470876K) : graphmetal1_nofill has 0 polygons
2026-03-25 23:00:45 +0100: Memory Usage (470876K) : graphmetal1_slit has 0 polygons
2026-03-25 23:00:45 +0100: Memory Usage (470876K) : graphmetal1_opc has 0 polygons
2026-03-25 23:00:45 +0100: Memory Usage (470876K) : graphmet1l_drw has 0 polygons
2026-03-25 23:00:45 +0100: Memory Usage (470876K) : graphmet1l_filler has 0 polygons
2026-03-25 23:00:45 +0100: Memory Usage (470876K) : graphmet1l_nofill has 0 polygons
2026-03-25 23:00:45 +0100: Memory Usage (470876K) : graphmet1l_slit has 0 polygons
2026-03-25 23:00:45 +0100: Memory Usage (470876K) : graphmet1l_opc has 0 polygons
2026-03-25 23:00:45 +0100: Memory Usage (470876K) : extblock_drw has 5 polygons
2026-03-25 23:00:45 +0100: Memory Usage (470876K) : nldd_drw has 0 polygons
2026-03-25 23:00:45 +0100: Memory Usage (470876K) : pldd_drw has 0 polygons
2026-03-25 23:00:45 +0100: Memory Usage (470876K) : next_drw has 0 polygons
2026-03-25 23:00:45 +0100: Memory Usage (470876K) : pext_drw has 0 polygons
2026-03-25 23:00:45 +0100: Memory Usage (470876K) : nexthv_drw has 0 polygons
2026-03-25 23:00:45 +0100: Memory Usage (470876K) : pexthv_drw has 0 polygons
2026-03-25 23:00:45 +0100: Memory Usage (470876K) : graphgate_drw has 0 polygons
2026-03-25 23:00:45 +0100: Memory Usage (470876K) : sinwg_drw has 0 polygons
2026-03-25 23:00:45 +0100: Memory Usage (470876K) : sinwg_filler has 0 polygons
2026-03-25 23:00:45 +0100: Memory Usage (470876K) : sinwg_nofill has 0 polygons
2026-03-25 23:00:45 +0100: Memory Usage (470876K) : mempad_drw has 0 polygons
2026-03-25 23:00:45 +0100: Memory Usage (470876K) : topvia1_drw has 1720 polygons
2026-03-25 23:00:45 +0100: Memory Usage (470876K) : topmetal1_drw has 13 polygons
2026-03-25 23:00:45 +0100: Memory Usage (470876K) : topmetal1_pin has 15 polygons
2026-03-25 23:00:45 +0100: Memory Usage (470876K) : topmetal1_mask has 0 polygons
2026-03-25 23:00:45 +0100: Memory Usage (470876K) : topmetal1_filler has 0 polygons
2026-03-25 23:00:45 +0100: Memory Usage (470876K) : topmetal1_nofill has 0 polygons
2026-03-25 23:00:45 +0100: Memory Usage (470876K) : topmetal1_slit has 0 polygons
2026-03-25 23:00:45 +0100: Memory Usage (470876K) : topmetal1_text has 5 polygons
2026-03-25 23:00:45 +0100: Memory Usage (470876K) : topmetal1_noqrc has 0 polygons
2026-03-25 23:00:45 +0100: Memory Usage (470876K) : topmetal1_res has 0 polygons
2026-03-25 23:00:45 +0100: Memory Usage (470876K) : topmetal1_iprobe has 0 polygons
2026-03-25 23:00:45 +0100: Memory Usage (470876K) : topmetal1_diffprb has 0 polygons
2026-03-25 23:00:45 +0100: Memory Usage (470876K) : inldpwl_drw has 0 polygons
2026-03-25 23:00:45 +0100: Memory Usage (470876K) : polyres_drw has 7 polygons
2026-03-25 23:00:45 +0100: Memory Usage (470876K) : polyres_pin has 0 polygons
2026-03-25 23:00:45 +0100: Memory Usage (470876K) : vmim_drw has 578 polygons
2026-03-25 23:00:45 +0100: Memory Usage (470876K) : nbulaycut_drw has 0 polygons
2026-03-25 23:00:45 +0100: Memory Usage (470876K) : antmetal1_drw has 0 polygons
2026-03-25 23:00:45 +0100: Memory Usage (470876K) : topvia2_drw has 916 polygons
2026-03-25 23:00:45 +0100: Memory Usage (470876K) : topmetal2_drw has 4 polygons
2026-03-25 23:00:45 +0100: Memory Usage (470876K) : topmetal2_pin has 2 polygons
2026-03-25 23:00:45 +0100: Memory Usage (470876K) : topmetal2_mask has 0 polygons
2026-03-25 23:00:45 +0100: Memory Usage (470876K) : topmetal2_filler has 0 polygons
2026-03-25 23:00:45 +0100: Memory Usage (470876K) : topmetal2_nofill has 0 polygons
2026-03-25 23:00:45 +0100: Memory Usage (470876K) : topmetal2_slit has 0 polygons
2026-03-25 23:00:45 +0100: Memory Usage (470876K) : topmetal2_text has 2 polygons
2026-03-25 23:00:45 +0100: Memory Usage (470876K) : topmetal2_noqrc has 0 polygons
2026-03-25 23:00:45 +0100: Memory Usage (470876K) : topmetal2_res has 0 polygons
2026-03-25 23:00:45 +0100: Memory Usage (470876K) : topmetal2_iprobe has 0 polygons
2026-03-25 23:00:45 +0100: Memory Usage (470876K) : topmetal2_diffprb has 0 polygons
2026-03-25 23:00:45 +0100: Memory Usage (470876K) : snsring_drw has 0 polygons
2026-03-25 23:00:45 +0100: Memory Usage (470876K) : sensor_drw has 0 polygons
2026-03-25 23:00:45 +0100: Memory Usage (470876K) : snsarms_drw has 0 polygons
2026-03-25 23:00:45 +0100: Memory Usage (470876K) : snscmosvia_drw has 0 polygons
2026-03-25 23:00:45 +0100: Memory Usage (470876K) : colwind_drw has 0 polygons
2026-03-25 23:00:45 +0100: Memory Usage (470876K) : flm_drw has 0 polygons
2026-03-25 23:00:45 +0100: Memory Usage (470876K) : hafniumox_drw has 0 polygons
2026-03-25 23:00:45 +0100: Memory Usage (470876K) : memvia_drw has 0 polygons
2026-03-25 23:00:45 +0100: Memory Usage (470876K) : thinfilmres_drw has 0 polygons
2026-03-25 23:00:45 +0100: Memory Usage (470876K) : rfmem_drw has 0 polygons
2026-03-25 23:00:45 +0100: Memory Usage (470876K) : norcx_drw has 0 polygons
2026-03-25 23:00:45 +0100: Memory Usage (470876K) : norcx_m2m3 has 0 polygons
2026-03-25 23:00:45 +0100: Memory Usage (470876K) : norcx_m2m4 has 0 polygons
2026-03-25 23:00:45 +0100: Memory Usage (470876K) : norcx_m2m5 has 0 polygons
2026-03-25 23:00:45 +0100: Memory Usage (470876K) : norcx_m2tm1 has 0 polygons
2026-03-25 23:00:45 +0100: Memory Usage (470876K) : norcx_m2tm2 has 0 polygons
2026-03-25 23:00:45 +0100: Memory Usage (470876K) : norcx_m3m4 has 0 polygons
2026-03-25 23:00:45 +0100: Memory Usage (470876K) : norcx_m3m5 has 0 polygons
2026-03-25 23:00:45 +0100: Memory Usage (470876K) : norcx_m3tm1 has 0 polygons
2026-03-25 23:00:45 +0100: Memory Usage (470876K) : norcx_m3tm2 has 0 polygons
2026-03-25 23:00:45 +0100: Memory Usage (470876K) : norcx_m4m5 has 0 polygons
2026-03-25 23:00:45 +0100: Memory Usage (470876K) : norcx_m4tm1 has 0 polygons
2026-03-25 23:00:45 +0100: Memory Usage (470876K) : norcx_m4tm2 has 0 polygons
2026-03-25 23:00:45 +0100: Memory Usage (470876K) : norcx_m5tm1 has 0 polygons
2026-03-25 23:00:45 +0100: Memory Usage (470876K) : norcx_m5tm2 has 0 polygons
2026-03-25 23:00:45 +0100: Memory Usage (470876K) : norcx_tm1tm2 has 0 polygons
2026-03-25 23:00:45 +0100: Memory Usage (470876K) : norcx_m1sub has 0 polygons
2026-03-25 23:00:45 +0100: Memory Usage (470876K) : norcx_m2sub has 0 polygons
2026-03-25 23:00:45 +0100: Memory Usage (470876K) : norcx_m3sub has 0 polygons
2026-03-25 23:00:45 +0100: Memory Usage (470876K) : norcx_m4sub has 0 polygons
2026-03-25 23:00:45 +0100: Memory Usage (470876K) : norcx_m5sub has 0 polygons
2026-03-25 23:00:45 +0100: Memory Usage (470876K) : norcx_tm1sub has 0 polygons
2026-03-25 23:00:45 +0100: Memory Usage (471068K) : norcx_tm2sub has 0 polygons
2026-03-25 23:00:45 +0100: Memory Usage (471068K) : snsbotvia_drw has 0 polygons
2026-03-25 23:00:45 +0100: Memory Usage (471068K) : snstopvia_drw has 0 polygons
2026-03-25 23:00:45 +0100: Memory Usage (471328K) : deepvia_drw has 0 polygons
2026-03-25 23:00:45 +0100: Memory Usage (471328K) : fgetch_drw has 0 polygons
2026-03-25 23:00:45 +0100: Memory Usage (471328K) : ctrgat_drw has 0 polygons
2026-03-25 23:00:45 +0100: Memory Usage (471592K) : fgimp_drw has 0 polygons
2026-03-25 23:00:45 +0100: Memory Usage (471592K) : emwihv_drw has 0 polygons
2026-03-25 23:00:45 +0100: Memory Usage (471592K) : lbe_drw has 0 polygons
2026-03-25 23:00:45 +0100: Memory Usage (471856K) : alcustop_drw has 0 polygons
2026-03-25 23:00:45 +0100: Memory Usage (471856K) : nometfiller_drw has 0 polygons
2026-03-25 23:00:45 +0100: Memory Usage (472124K) : prboundary_drw has 0 polygons
2026-03-25 23:00:45 +0100: Memory Usage (472124K) : exchange0_drw has 0 polygons
2026-03-25 23:00:45 +0100: Memory Usage (472384K) : exchange0_pin has 0 polygons
2026-03-25 23:00:45 +0100: Memory Usage (472384K) : exchange0_text has 0 polygons
2026-03-25 23:00:45 +0100: Memory Usage (472384K) : exchange1_drw has 0 polygons
2026-03-25 23:00:45 +0100: Memory Usage (472648K) : exchange1_pin has 0 polygons
2026-03-25 23:00:45 +0100: Memory Usage (472648K) : exchange1_text has 0 polygons
2026-03-25 23:00:45 +0100: Memory Usage (472648K) : exchange2_drw has 0 polygons
2026-03-25 23:00:45 +0100: Memory Usage (472912K) : exchange2_pin has 0 polygons
2026-03-25 23:00:45 +0100: Memory Usage (472912K) : exchange2_text has 0 polygons
2026-03-25 23:00:45 +0100: Memory Usage (472912K) : exchange3_drw has 0 polygons
2026-03-25 23:00:45 +0100: Memory Usage (473176K) : exchange3_pin has 0 polygons
2026-03-25 23:00:45 +0100: Memory Usage (473176K) : exchange3_text has 0 polygons
2026-03-25 23:00:45 +0100: Memory Usage (473288K) : exchange4_drw has 0 polygons
2026-03-25 23:00:45 +0100: Memory Usage (473288K) : exchange4_pin has 0 polygons
2026-03-25 23:00:45 +0100: Memory Usage (473288K) : exchange4_text has 0 polygons
2026-03-25 23:00:45 +0100: Memory Usage (473288K) : isonwell_drw has 0 polygons
2026-03-25 23:00:45 +0100: Memory Usage (473288K) : Total no. of polygons in the design is 55451
2026-03-25 23:00:45 +0100: Memory Usage (473288K) : Loaded TECH DRC rules values from /foss/pdks/ihp-sg13g2/libs.tech/klayout/python/sg13g2_pycell_lib/sg13g2_tech_mod.json
2026-03-25 23:00:45 +0100: Memory Usage (473288K) : Loaded default DRC rules values from /foss/pdks/ihp-sg13g2/libs.tech/klayout/tech/drc/rule_decks/sg13g2_tech_default.json
2026-03-25 23:00:45 +0100: Memory Usage (473288K) : The following rules values were missing in tech json and default values were used:
2026-03-25 23:00:45 +0100: Memory Usage (473288K) :   - Cnt_c_digibnd
2026-03-25 23:00:45 +0100: Memory Usage (473288K) : Total area of the design is 54805.149724999996 um^2.
2026-03-25 23:00:45 +0100: Memory Usage (473288K) : The design dimensions are 309.90500000000003 µm * 176.845 µm.
2026-03-25 23:00:45 +0100: Memory Usage (473288K) : Starting general IHP-SG13G2 derivations.
2026-03-25 23:00:45 +0100: Memory Usage (473288K) : Starting Pwell derivations
2026-03-25 23:00:45 +0100: Memory Usage (473288K) : Starting IHP-SG13G2 DRC rules.
2026-03-25 23:00:45 +0100: Memory Usage (473288K) : Starting 7.3 Metal Slits table
2026-03-25 23:00:45 +0100: Memory Usage (473288K) : Executing rule Slt.e1_M1
2026-03-25 23:00:45 +0100: Memory Usage (473288K) : Executing rule Slt.e1_M2
2026-03-25 23:00:45 +0100: Memory Usage (473288K) : Executing rule Slt.e1_M3
2026-03-25 23:00:45 +0100: Memory Usage (473288K) : Executing rule Slt.e1_M4
2026-03-25 23:00:45 +0100: Memory Usage (473288K) : Executing rule Slt.e1_M5
2026-03-25 23:00:45 +0100: Memory Usage (473288K) : Executing rule Slt.e1_TM1
2026-03-25 23:00:45 +0100: Memory Usage (473288K) : Executing rule Slt.e1_TM2
2026-03-25 23:00:45 +0100: Memory Usage (473288K) : KLayout DRC run for tables 'metalslits' completed in 1.82 seconds
