# Logfile created on 2026-03-25 23:00:51 +0100 by logger.rb/v1.5.3
2026-03-25 23:00:51 +0100: Memory Usage (436912K) : Starting running IHP-SG13G2 KLayout DRC runset on /foss/designs/Design/xschem/IHP__OPA2251/OPA2251-main/layout/klayout/HPA_project_wrapper.gds
2026-03-25 23:00:51 +0100: Memory Usage (436912K) : Ruby Version for klayout: 3.2.3
2026-03-25 23:00:52 +0100: Memory Usage (451588K) : Loading database to memory is complete.
2026-03-25 23:00:52 +0100: Memory Usage (451588K) : IHP-SG13G2 KLayout DRC runset output at: /foss/designs/Design/xschem/IHP__OPA2251/OPA2251-main/layout/klayout/drc_run_HPA/HPA_project_wrapper_HPA_passiv.lyrdb
2026-03-25 23:00:52 +0100: Memory Usage (451588K) : Evaluate switches.
2026-03-25 23:00:52 +0100: Memory Usage (451588K) : tables selected: passiv
2026-03-25 23:00:52 +0100: Memory Usage (451588K) : KLayout will use 4 thread(s) in tiled mode.
2026-03-25 23:00:52 +0100: Memory Usage (451588K) : flat mode is enabled.
2026-03-25 23:00:52 +0100: Memory Usage (451588K) : FEOL enabled: false
2026-03-25 23:00:52 +0100: Memory Usage (451588K) : BEOL enabled: false
2026-03-25 23:00:52 +0100: Memory Usage (451588K) : OFFGRID enabled: true
2026-03-25 23:00:52 +0100: Memory Usage (451588K) : PIN enabled: false
2026-03-25 23:00:52 +0100: Memory Usage (451588K) : FORBIDDEN enabled: false
2026-03-25 23:00:52 +0100: Memory Usage (451588K) : RECOMMENDED enabled: true
2026-03-25 23:00:52 +0100: Memory Usage (451588K) : PreCheck DRC enabled: false
2026-03-25 23:00:52 +0100: Memory Usage (451588K) : CONNECTIVITY_RULES enabled: false.
2026-03-25 23:00:52 +0100: Memory Usage (451588K) : Read in polygons from layers.
2026-03-25 23:00:52 +0100: Memory Usage (454420K) : activ_drw has 198 polygons
2026-03-25 23:00:52 +0100: Memory Usage (454420K) : activ_pin has 0 polygons
2026-03-25 23:00:52 +0100: Memory Usage (454420K) : activ_mask has 0 polygons
2026-03-25 23:00:52 +0100: Memory Usage (454420K) : activ_filler has 0 polygons
2026-03-25 23:00:52 +0100: Memory Usage (454420K) : activ_nofill has 0 polygons
2026-03-25 23:00:52 +0100: Memory Usage (454420K) : activ_opc has 0 polygons
2026-03-25 23:00:52 +0100: Memory Usage (454420K) : activ_iopc has 0 polygons
2026-03-25 23:00:52 +0100: Memory Usage (454420K) : activ_noqrc has 0 polygons
2026-03-25 23:00:52 +0100: Memory Usage (454420K) : biwind_drw has 0 polygons
2026-03-25 23:00:52 +0100: Memory Usage (454420K) : biwind_opc has 0 polygons
2026-03-25 23:00:52 +0100: Memory Usage (454420K) : pemwind_drw has 0 polygons
2026-03-25 23:00:52 +0100: Memory Usage (454912K) : gatpoly_drw has 108 polygons
2026-03-25 23:00:52 +0100: Memory Usage (454912K) : gatpoly_pin has 124 polygons
2026-03-25 23:00:52 +0100: Memory Usage (454912K) : gatpoly_filler has 0 polygons
2026-03-25 23:00:52 +0100: Memory Usage (454912K) : gatpoly_nofill has 0 polygons
2026-03-25 23:00:52 +0100: Memory Usage (454912K) : gatpoly_opc has 0 polygons
2026-03-25 23:00:52 +0100: Memory Usage (454912K) : gatpoly_iopc has 0 polygons
2026-03-25 23:00:52 +0100: Memory Usage (454912K) : gatpoly_noqrc has 0 polygons
2026-03-25 23:00:52 +0100: Memory Usage (459664K) : cont_drw has 16803 polygons
2026-03-25 23:00:52 +0100: Memory Usage (459664K) : cont_opc has 0 polygons
2026-03-25 23:00:52 +0100: Memory Usage (459664K) : nsd_drw has 0 polygons
2026-03-25 23:00:52 +0100: Memory Usage (459664K) : nsd_block has 0 polygons
2026-03-25 23:00:52 +0100: Memory Usage (459664K) : metal1_drw has 390 polygons
2026-03-25 23:00:52 +0100: Memory Usage (459664K) : metal1_pin has 515 polygons
2026-03-25 23:00:52 +0100: Memory Usage (459664K) : metal1_mask has 0 polygons
2026-03-25 23:00:52 +0100: Memory Usage (459664K) : metal1_filler has 0 polygons
2026-03-25 23:00:52 +0100: Memory Usage (459664K) : metal1_nofill has 0 polygons
2026-03-25 23:00:52 +0100: Memory Usage (459664K) : metal1_slit has 0 polygons
2026-03-25 23:00:52 +0100: Memory Usage (459664K) : metal1_text has 0 polygons
2026-03-25 23:00:52 +0100: Memory Usage (459664K) : metal1_opc has 0 polygons
2026-03-25 23:00:52 +0100: Memory Usage (459664K) : metal1_noqrc has 0 polygons
2026-03-25 23:00:52 +0100: Memory Usage (459664K) : metal1_res has 0 polygons
2026-03-25 23:00:52 +0100: Memory Usage (459664K) : metal1_iprobe has 0 polygons
2026-03-25 23:00:52 +0100: Memory Usage (459664K) : metal1_diffprb has 0 polygons
2026-03-25 23:00:52 +0100: Memory Usage (459664K) : passiv_drw has 0 polygons
2026-03-25 23:00:52 +0100: Memory Usage (459664K) : passiv_pin has 0 polygons
2026-03-25 23:00:52 +0100: Memory Usage (459664K) : passiv_sbump has 0 polygons
2026-03-25 23:00:52 +0100: Memory Usage (459664K) : passiv_pillar has 0 polygons
2026-03-25 23:00:52 +0100: Memory Usage (459664K) : passiv_pdl has 0 polygons
2026-03-25 23:00:52 +0100: Memory Usage (459664K) : metal2_drw has 95 polygons
2026-03-25 23:00:52 +0100: Memory Usage (459664K) : metal2_pin has 11 polygons
2026-03-25 23:00:52 +0100: Memory Usage (459664K) : metal2_mask has 0 polygons
2026-03-25 23:00:52 +0100: Memory Usage (459664K) : metal2_filler has 0 polygons
2026-03-25 23:00:52 +0100: Memory Usage (459664K) : metal2_nofill has 0 polygons
2026-03-25 23:00:52 +0100: Memory Usage (459664K) : metal2_slit has 0 polygons
2026-03-25 23:00:52 +0100: Memory Usage (459664K) : metal2_text has 0 polygons
2026-03-25 23:00:52 +0100: Memory Usage (459664K) : metal2_opc has 0 polygons
2026-03-25 23:00:52 +0100: Memory Usage (459664K) : metal2_noqrc has 0 polygons
2026-03-25 23:00:52 +0100: Memory Usage (459664K) : metal2_res has 0 polygons
2026-03-25 23:00:52 +0100: Memory Usage (459664K) : metal2_iprobe has 0 polygons
2026-03-25 23:00:52 +0100: Memory Usage (459664K) : metal2_diffprb has 0 polygons
2026-03-25 23:00:52 +0100: Memory Usage (459664K) : baspoly_drw has 0 polygons
2026-03-25 23:00:52 +0100: Memory Usage (459664K) : baspoly_pin has 0 polygons
2026-03-25 23:00:52 +0100: Memory Usage (460044K) : psd_drw has 24 polygons
2026-03-25 23:00:52 +0100: Memory Usage (460044K) : nldb_drw has 0 polygons
2026-03-25 23:00:52 +0100: Memory Usage (460044K) : digibnd_drw has 0 polygons
2026-03-25 23:00:52 +0100: Memory Usage (461628K) : via1_drw has 9590 polygons
2026-03-25 23:00:52 +0100: Memory Usage (461628K) : backmetal1_drw has 0 polygons
2026-03-25 23:00:52 +0100: Memory Usage (461628K) : backmetal1_pin has 0 polygons
2026-03-25 23:00:52 +0100: Memory Usage (461628K) : backmetal1_mask has 0 polygons
2026-03-25 23:00:52 +0100: Memory Usage (461628K) : backmetal1_filler has 0 polygons
2026-03-25 23:00:52 +0100: Memory Usage (461628K) : backmetal1_nofill has 0 polygons
2026-03-25 23:00:52 +0100: Memory Usage (461628K) : backmetal1_slit has 0 polygons
2026-03-25 23:00:52 +0100: Memory Usage (461628K) : backmetal1_text has 0 polygons
2026-03-25 23:00:52 +0100: Memory Usage (461628K) : backmetal1_opc has 0 polygons
2026-03-25 23:00:52 +0100: Memory Usage (461628K) : backmetal1_noqrc has 0 polygons
2026-03-25 23:00:52 +0100: Memory Usage (461628K) : backmetal1_res has 0 polygons
2026-03-25 23:00:52 +0100: Memory Usage (461628K) : backmetal1_iprobe has 0 polygons
2026-03-25 23:00:52 +0100: Memory Usage (461628K) : backmetal1_diffprb has 0 polygons
2026-03-25 23:00:52 +0100: Memory Usage (461628K) : backpassiv_drw has 0 polygons
2026-03-25 23:00:52 +0100: Memory Usage (461628K) : res_drw has 0 polygons
2026-03-25 23:00:52 +0100: Memory Usage (461628K) : sram_drw has 0 polygons
2026-03-25 23:00:52 +0100: Memory Usage (461628K) : trans_drw has 0 polygons
2026-03-25 23:00:52 +0100: Memory Usage (461892K) : ind_drw has 0 polygons
2026-03-25 23:00:52 +0100: Memory Usage (461892K) : ind_pin has 0 polygons
2026-03-25 23:00:52 +0100: Memory Usage (461892K) : ind_text has 0 polygons
2026-03-25 23:00:52 +0100: Memory Usage (461892K) : salblock_drw has 7 polygons
2026-03-25 23:00:52 +0100: Memory Usage (463476K) : via2_drw has 7995 polygons
2026-03-25 23:00:52 +0100: Memory Usage (463476K) : metal3_drw has 67 polygons
2026-03-25 23:00:52 +0100: Memory Usage (463476K) : metal3_pin has 8 polygons
2026-03-25 23:00:52 +0100: Memory Usage (463476K) : metal3_mask has 0 polygons
2026-03-25 23:00:52 +0100: Memory Usage (463476K) : metal3_filler has 0 polygons
2026-03-25 23:00:52 +0100: Memory Usage (463476K) : metal3_nofill has 0 polygons
2026-03-25 23:00:52 +0100: Memory Usage (463476K) : metal3_slit has 0 polygons
2026-03-25 23:00:52 +0100: Memory Usage (463476K) : metal3_text has 0 polygons
2026-03-25 23:00:52 +0100: Memory Usage (463476K) : metal3_opc has 0 polygons
2026-03-25 23:00:52 +0100: Memory Usage (463476K) : metal3_noqrc has 0 polygons
2026-03-25 23:00:52 +0100: Memory Usage (463476K) : metal3_res has 0 polygons
2026-03-25 23:00:52 +0100: Memory Usage (463740K) : metal3_iprobe has 0 polygons
2026-03-25 23:00:52 +0100: Memory Usage (463740K) : metal3_diffprb has 0 polygons
2026-03-25 23:00:52 +0100: Memory Usage (464268K) : nwell_drw has 5 polygons
2026-03-25 23:00:52 +0100: Memory Usage (464268K) : nwell_pin has 0 polygons
2026-03-25 23:00:52 +0100: Memory Usage (464268K) : nbulay_drw has 0 polygons
2026-03-25 23:00:52 +0100: Memory Usage (464268K) : nbulay_pin has 0 polygons
2026-03-25 23:00:52 +0100: Memory Usage (464268K) : nbulay_block has 0 polygons
2026-03-25 23:00:52 +0100: Memory Usage (464532K) : emwind_drw has 0 polygons
2026-03-25 23:00:52 +0100: Memory Usage (464532K) : emwind_opc has 0 polygons
2026-03-25 23:00:52 +0100: Memory Usage (464532K) : deepco_drw has 0 polygons
2026-03-25 23:00:52 +0100: Memory Usage (464532K) : deepco_drw has 0 polygons
2026-03-25 23:00:52 +0100: Memory Usage (464796K) : mim_drw has 2 polygons
2026-03-25 23:00:52 +0100: Memory Usage (464796K) : edgeseal_drw has 0 polygons
2026-03-25 23:00:52 +0100: Memory Usage (464796K) : edgeseal_bound has 0 polygons
2026-03-25 23:00:52 +0100: Memory Usage (465060K) : substrate_drw has 723 polygons
2026-03-25 23:00:52 +0100: Memory Usage (465324K) : substrate_text has 0 polygons
2026-03-25 23:00:52 +0100: Memory Usage (465324K) : dfpad_drw has 0 polygons
2026-03-25 23:00:52 +0100: Memory Usage (465324K) : dfpad_pillar has 0 polygons
2026-03-25 23:00:52 +0100: Memory Usage (465588K) : dfpad_sbump has 0 polygons
2026-03-25 23:00:52 +0100: Memory Usage (465588K) : thickgateox_drw has 0 polygons
2026-03-25 23:00:52 +0100: Memory Usage (465588K) : pldb_drw has 0 polygons
2026-03-25 23:00:52 +0100: Memory Usage (465852K) : pwell_drw has 0 polygons
2026-03-25 23:00:52 +0100: Memory Usage (465852K) : pwell_pin has 0 polygons
2026-03-25 23:00:52 +0100: Memory Usage (466116K) : pwell_block has 0 polygons
2026-03-25 23:00:52 +0100: Memory Usage (466116K) : ic_drw has 0 polygons
2026-03-25 23:00:52 +0100: Memory Usage (467964K) : via3_drw has 7005 polygons
2026-03-25 23:00:52 +0100: Memory Usage (467964K) : metal4_drw has 40 polygons
2026-03-25 23:00:52 +0100: Memory Usage (467964K) : metal4_pin has 3 polygons
2026-03-25 23:00:52 +0100: Memory Usage (467964K) : metal4_mask has 0 polygons
2026-03-25 23:00:52 +0100: Memory Usage (467964K) : metal4_filler has 0 polygons
2026-03-25 23:00:52 +0100: Memory Usage (467964K) : metal4_nofill has 0 polygons
2026-03-25 23:00:52 +0100: Memory Usage (467964K) : metal4_slit has 0 polygons
2026-03-25 23:00:52 +0100: Memory Usage (467964K) : metal4_text has 0 polygons
2026-03-25 23:00:52 +0100: Memory Usage (467964K) : metal4_opc has 0 polygons
2026-03-25 23:00:52 +0100: Memory Usage (467964K) : metal4_noqrc has 0 polygons
2026-03-25 23:00:52 +0100: Memory Usage (468228K) : metal4_res has 0 polygons
2026-03-25 23:00:52 +0100: Memory Usage (468228K) : metal4_iprobe has 0 polygons
2026-03-25 23:00:52 +0100: Memory Usage (468228K) : metal4_diffprb has 0 polygons
2026-03-25 23:00:52 +0100: Memory Usage (468492K) : heattrans_drw has 421 polygons
2026-03-25 23:00:52 +0100: Memory Usage (468756K) : heatres_drw has 7 polygons
2026-03-25 23:00:52 +0100: Memory Usage (468756K) : pempoly_drw has 0 polygons
2026-03-25 23:00:52 +0100: Memory Usage (468756K) : fbe_drw has 0 polygons
2026-03-25 23:00:52 +0100: Memory Usage (468756K) : empoly_drw has 0 polygons
2026-03-25 23:00:52 +0100: Memory Usage (468756K) : ldmos_drw has 0 polygons
2026-03-25 23:00:52 +0100: Memory Usage (469020K) : pbiwind_drw has 0 polygons
2026-03-25 23:00:52 +0100: Memory Usage (469020K) : digisub_drw has 0 polygons
2026-03-25 23:00:52 +0100: Memory Usage (469284K) : nodrc_drw has 0 polygons
2026-03-25 23:00:52 +0100: Memory Usage (469284K) : text_drw has 1107 polygons
2026-03-25 23:00:52 +0100: Memory Usage (471132K) : via4_drw has 6898 polygons
2026-03-25 23:00:52 +0100: Memory Usage (471132K) : metal5_drw has 32 polygons
2026-03-25 23:00:52 +0100: Memory Usage (471132K) : metal5_pin has 5 polygons
2026-03-25 23:00:52 +0100: Memory Usage (471132K) : metal5_mask has 0 polygons
2026-03-25 23:00:52 +0100: Memory Usage (471168K) : metal5_filler has 0 polygons
2026-03-25 23:00:52 +0100: Memory Usage (471168K) : metal5_nofill has 0 polygons
2026-03-25 23:00:52 +0100: Memory Usage (471168K) : metal5_slit has 0 polygons
2026-03-25 23:00:52 +0100: Memory Usage (471168K) : metal5_text has 1 polygons
2026-03-25 23:00:52 +0100: Memory Usage (471168K) : metal5_opc has 0 polygons
2026-03-25 23:00:52 +0100: Memory Usage (471168K) : metal5_noqrc has 0 polygons
2026-03-25 23:00:52 +0100: Memory Usage (471168K) : metal5_res has 0 polygons
2026-03-25 23:00:52 +0100: Memory Usage (471168K) : metal5_iprobe has 0 polygons
2026-03-25 23:00:52 +0100: Memory Usage (471428K) : metal5_diffprb has 0 polygons
2026-03-25 23:00:52 +0100: Memory Usage (471428K) : radhard_drw has 0 polygons
2026-03-25 23:00:52 +0100: Memory Usage (471428K) : memcap_drw has 0 polygons
2026-03-25 23:00:52 +0100: Memory Usage (471692K) : varicap_drw has 0 polygons
2026-03-25 23:00:52 +0100: Memory Usage (471756K) : flash_drw has 0 polygons
2026-03-25 23:00:52 +0100: Memory Usage (472016K) : intbondvia_drw has 0 polygons
2026-03-25 23:00:52 +0100: Memory Usage (472016K) : intbondmet_drw has 0 polygons
2026-03-25 23:00:52 +0100: Memory Usage (472016K) : devbondvia_drw has 0 polygons
2026-03-25 23:00:52 +0100: Memory Usage (472280K) : devbondmet_drw has 0 polygons
2026-03-25 23:00:52 +0100: Memory Usage (472280K) : devtrench_drw has 0 polygons
2026-03-25 23:00:52 +0100: Memory Usage (472544K) : redist_drw has 0 polygons
2026-03-25 23:00:52 +0100: Memory Usage (472544K) : graphbot_drw has 0 polygons
2026-03-25 23:00:52 +0100: Memory Usage (472544K) : graphtop_drw has 0 polygons
2026-03-25 23:00:52 +0100: Memory Usage (472808K) : antvia1_drw has 0 polygons
2026-03-25 23:00:52 +0100: Memory Usage (472808K) : antmetal2_drw has 0 polygons
2026-03-25 23:00:52 +0100: Memory Usage (472980K) : graphcont_drw has 0 polygons
2026-03-25 23:00:52 +0100: Memory Usage (472980K) : siwg_drw has 0 polygons
2026-03-25 23:00:52 +0100: Memory Usage (472980K) : siwg_filler has 0 polygons
2026-03-25 23:00:52 +0100: Memory Usage (472980K) : siwg_nofill has 0 polygons
2026-03-25 23:00:52 +0100: Memory Usage (472980K) : sigrating_drw has 0 polygons
2026-03-25 23:00:52 +0100: Memory Usage (472980K) : singrating_drw has 0 polygons
2026-03-25 23:00:52 +0100: Memory Usage (472980K) : graphpas_drw has 0 polygons
2026-03-25 23:00:52 +0100: Memory Usage (472980K) : emwind3_drw has 0 polygons
2026-03-25 23:00:52 +0100: Memory Usage (472980K) : emwihv3_drw has 0 polygons
2026-03-25 23:00:52 +0100: Memory Usage (472980K) : redbulay_drw has 0 polygons
2026-03-25 23:00:52 +0100: Memory Usage (472980K) : smos_drw has 0 polygons
2026-03-25 23:00:52 +0100: Memory Usage (472980K) : graphpad_drw has 0 polygons
2026-03-25 23:00:52 +0100: Memory Usage (472980K) : polimide_drw has 0 polygons
2026-03-25 23:00:52 +0100: Memory Usage (472980K) : polimide_pin has 0 polygons
2026-03-25 23:00:52 +0100: Memory Usage (472980K) : recog_drw has 0 polygons
2026-03-25 23:00:52 +0100: Memory Usage (472980K) : recog_pin has 0 polygons
2026-03-25 23:00:52 +0100: Memory Usage (472980K) : recog_esd has 0 polygons
2026-03-25 23:00:52 +0100: Memory Usage (472980K) : recog_diode has 0 polygons
2026-03-25 23:00:52 +0100: Memory Usage (472980K) : recog_tsv has 0 polygons
2026-03-25 23:00:52 +0100: Memory Usage (472980K) : recog_iprobe has 0 polygons
2026-03-25 23:00:52 +0100: Memory Usage (472980K) : recog_diffprb has 0 polygons
2026-03-25 23:00:52 +0100: Memory Usage (472980K) : recog_pillar has 0 polygons
2026-03-25 23:00:52 +0100: Memory Usage (472980K) : recog_sbump has 0 polygons
2026-03-25 23:00:52 +0100: Memory Usage (472980K) : recog_otp has 0 polygons
2026-03-25 23:00:52 +0100: Memory Usage (472980K) : recog_pdiode has 0 polygons
2026-03-25 23:00:52 +0100: Memory Usage (472980K) : recog_mom has 0 polygons
2026-03-25 23:00:52 +0100: Memory Usage (472980K) : recog_pcm has 0 polygons
2026-03-25 23:00:52 +0100: Memory Usage (472980K) : colopen_drw has 0 polygons
2026-03-25 23:00:52 +0100: Memory Usage (472980K) : graphmetal1_drw has 0 polygons
2026-03-25 23:00:52 +0100: Memory Usage (472980K) : graphmetal1_filler has 0 polygons
2026-03-25 23:00:52 +0100: Memory Usage (472980K) : graphmetal1_nofill has 0 polygons
2026-03-25 23:00:52 +0100: Memory Usage (472980K) : graphmetal1_slit has 0 polygons
2026-03-25 23:00:52 +0100: Memory Usage (472980K) : graphmetal1_opc has 0 polygons
2026-03-25 23:00:52 +0100: Memory Usage (472980K) : graphmet1l_drw has 0 polygons
2026-03-25 23:00:52 +0100: Memory Usage (472980K) : graphmet1l_filler has 0 polygons
2026-03-25 23:00:52 +0100: Memory Usage (472980K) : graphmet1l_nofill has 0 polygons
2026-03-25 23:00:52 +0100: Memory Usage (472980K) : graphmet1l_slit has 0 polygons
2026-03-25 23:00:52 +0100: Memory Usage (472980K) : graphmet1l_opc has 0 polygons
2026-03-25 23:00:52 +0100: Memory Usage (472980K) : extblock_drw has 5 polygons
2026-03-25 23:00:52 +0100: Memory Usage (472980K) : nldd_drw has 0 polygons
2026-03-25 23:00:52 +0100: Memory Usage (472980K) : pldd_drw has 0 polygons
2026-03-25 23:00:52 +0100: Memory Usage (472980K) : next_drw has 0 polygons
2026-03-25 23:00:52 +0100: Memory Usage (472980K) : pext_drw has 0 polygons
2026-03-25 23:00:52 +0100: Memory Usage (472980K) : nexthv_drw has 0 polygons
2026-03-25 23:00:52 +0100: Memory Usage (472980K) : pexthv_drw has 0 polygons
2026-03-25 23:00:52 +0100: Memory Usage (472980K) : graphgate_drw has 0 polygons
2026-03-25 23:00:52 +0100: Memory Usage (472980K) : sinwg_drw has 0 polygons
2026-03-25 23:00:52 +0100: Memory Usage (472980K) : sinwg_filler has 0 polygons
2026-03-25 23:00:52 +0100: Memory Usage (472980K) : sinwg_nofill has 0 polygons
2026-03-25 23:00:52 +0100: Memory Usage (472980K) : mempad_drw has 0 polygons
2026-03-25 23:00:52 +0100: Memory Usage (472980K) : topvia1_drw has 1720 polygons
2026-03-25 23:00:52 +0100: Memory Usage (472980K) : topmetal1_drw has 13 polygons
2026-03-25 23:00:52 +0100: Memory Usage (472980K) : topmetal1_pin has 15 polygons
2026-03-25 23:00:52 +0100: Memory Usage (472980K) : topmetal1_mask has 0 polygons
2026-03-25 23:00:52 +0100: Memory Usage (472980K) : topmetal1_filler has 0 polygons
2026-03-25 23:00:52 +0100: Memory Usage (472980K) : topmetal1_nofill has 0 polygons
2026-03-25 23:00:52 +0100: Memory Usage (472980K) : topmetal1_slit has 0 polygons
2026-03-25 23:00:52 +0100: Memory Usage (472980K) : topmetal1_text has 5 polygons
2026-03-25 23:00:52 +0100: Memory Usage (472980K) : topmetal1_noqrc has 0 polygons
2026-03-25 23:00:52 +0100: Memory Usage (472980K) : topmetal1_res has 0 polygons
2026-03-25 23:00:53 +0100: Memory Usage (472980K) : topmetal1_iprobe has 0 polygons
2026-03-25 23:00:53 +0100: Memory Usage (472980K) : topmetal1_diffprb has 0 polygons
2026-03-25 23:00:53 +0100: Memory Usage (472980K) : inldpwl_drw has 0 polygons
2026-03-25 23:00:53 +0100: Memory Usage (472980K) : polyres_drw has 7 polygons
2026-03-25 23:00:53 +0100: Memory Usage (472980K) : polyres_pin has 0 polygons
2026-03-25 23:00:53 +0100: Memory Usage (472980K) : vmim_drw has 578 polygons
2026-03-25 23:00:53 +0100: Memory Usage (472980K) : nbulaycut_drw has 0 polygons
2026-03-25 23:00:53 +0100: Memory Usage (472980K) : antmetal1_drw has 0 polygons
2026-03-25 23:00:53 +0100: Memory Usage (472980K) : topvia2_drw has 916 polygons
2026-03-25 23:00:53 +0100: Memory Usage (472980K) : topmetal2_drw has 4 polygons
2026-03-25 23:00:53 +0100: Memory Usage (472980K) : topmetal2_pin has 2 polygons
2026-03-25 23:00:53 +0100: Memory Usage (472980K) : topmetal2_mask has 0 polygons
2026-03-25 23:00:53 +0100: Memory Usage (472980K) : topmetal2_filler has 0 polygons
2026-03-25 23:00:53 +0100: Memory Usage (472980K) : topmetal2_nofill has 0 polygons
2026-03-25 23:00:53 +0100: Memory Usage (472980K) : topmetal2_slit has 0 polygons
2026-03-25 23:00:53 +0100: Memory Usage (472980K) : topmetal2_text has 2 polygons
2026-03-25 23:00:53 +0100: Memory Usage (472980K) : topmetal2_noqrc has 0 polygons
2026-03-25 23:00:53 +0100: Memory Usage (472980K) : topmetal2_res has 0 polygons
2026-03-25 23:00:53 +0100: Memory Usage (472980K) : topmetal2_iprobe has 0 polygons
2026-03-25 23:00:53 +0100: Memory Usage (472980K) : topmetal2_diffprb has 0 polygons
2026-03-25 23:00:53 +0100: Memory Usage (472980K) : snsring_drw has 0 polygons
2026-03-25 23:00:53 +0100: Memory Usage (472980K) : sensor_drw has 0 polygons
2026-03-25 23:00:53 +0100: Memory Usage (472980K) : snsarms_drw has 0 polygons
2026-03-25 23:00:53 +0100: Memory Usage (472980K) : snscmosvia_drw has 0 polygons
2026-03-25 23:00:53 +0100: Memory Usage (472980K) : colwind_drw has 0 polygons
2026-03-25 23:00:53 +0100: Memory Usage (472980K) : flm_drw has 0 polygons
2026-03-25 23:00:53 +0100: Memory Usage (472980K) : hafniumox_drw has 0 polygons
2026-03-25 23:00:53 +0100: Memory Usage (472980K) : memvia_drw has 0 polygons
2026-03-25 23:00:53 +0100: Memory Usage (472980K) : thinfilmres_drw has 0 polygons
2026-03-25 23:00:53 +0100: Memory Usage (472980K) : rfmem_drw has 0 polygons
2026-03-25 23:00:53 +0100: Memory Usage (472980K) : norcx_drw has 0 polygons
2026-03-25 23:00:53 +0100: Memory Usage (472980K) : norcx_m2m3 has 0 polygons
2026-03-25 23:00:53 +0100: Memory Usage (472980K) : norcx_m2m4 has 0 polygons
2026-03-25 23:00:53 +0100: Memory Usage (472980K) : norcx_m2m5 has 0 polygons
2026-03-25 23:00:53 +0100: Memory Usage (472980K) : norcx_m2tm1 has 0 polygons
2026-03-25 23:00:53 +0100: Memory Usage (472980K) : norcx_m2tm2 has 0 polygons
2026-03-25 23:00:53 +0100: Memory Usage (472980K) : norcx_m3m4 has 0 polygons
2026-03-25 23:00:53 +0100: Memory Usage (472980K) : norcx_m3m5 has 0 polygons
2026-03-25 23:00:53 +0100: Memory Usage (472980K) : norcx_m3tm1 has 0 polygons
2026-03-25 23:00:53 +0100: Memory Usage (472980K) : norcx_m3tm2 has 0 polygons
2026-03-25 23:00:53 +0100: Memory Usage (472980K) : norcx_m4m5 has 0 polygons
2026-03-25 23:00:53 +0100: Memory Usage (472980K) : norcx_m4tm1 has 0 polygons
2026-03-25 23:00:53 +0100: Memory Usage (472980K) : norcx_m4tm2 has 0 polygons
2026-03-25 23:00:53 +0100: Memory Usage (472980K) : norcx_m5tm1 has 0 polygons
2026-03-25 23:00:53 +0100: Memory Usage (472980K) : norcx_m5tm2 has 0 polygons
2026-03-25 23:00:53 +0100: Memory Usage (472980K) : norcx_tm1tm2 has 0 polygons
2026-03-25 23:00:53 +0100: Memory Usage (472980K) : norcx_m1sub has 0 polygons
2026-03-25 23:00:53 +0100: Memory Usage (472980K) : norcx_m2sub has 0 polygons
2026-03-25 23:00:53 +0100: Memory Usage (472980K) : norcx_m3sub has 0 polygons
2026-03-25 23:00:53 +0100: Memory Usage (472980K) : norcx_m4sub has 0 polygons
2026-03-25 23:00:53 +0100: Memory Usage (472980K) : norcx_m5sub has 0 polygons
2026-03-25 23:00:53 +0100: Memory Usage (472980K) : norcx_tm1sub has 0 polygons
2026-03-25 23:00:53 +0100: Memory Usage (472980K) : norcx_tm2sub has 0 polygons
2026-03-25 23:00:53 +0100: Memory Usage (472980K) : snsbotvia_drw has 0 polygons
2026-03-25 23:00:53 +0100: Memory Usage (472980K) : snstopvia_drw has 0 polygons
2026-03-25 23:00:53 +0100: Memory Usage (472980K) : deepvia_drw has 0 polygons
2026-03-25 23:00:53 +0100: Memory Usage (472980K) : fgetch_drw has 0 polygons
2026-03-25 23:00:53 +0100: Memory Usage (472980K) : ctrgat_drw has 0 polygons
2026-03-25 23:00:53 +0100: Memory Usage (472980K) : fgimp_drw has 0 polygons
2026-03-25 23:00:53 +0100: Memory Usage (472980K) : emwihv_drw has 0 polygons
2026-03-25 23:00:53 +0100: Memory Usage (472980K) : lbe_drw has 0 polygons
2026-03-25 23:00:53 +0100: Memory Usage (472980K) : alcustop_drw has 0 polygons
2026-03-25 23:00:53 +0100: Memory Usage (472980K) : nometfiller_drw has 0 polygons
2026-03-25 23:00:53 +0100: Memory Usage (472980K) : prboundary_drw has 0 polygons
2026-03-25 23:00:53 +0100: Memory Usage (472980K) : exchange0_drw has 0 polygons
2026-03-25 23:00:53 +0100: Memory Usage (472980K) : exchange0_pin has 0 polygons
2026-03-25 23:00:53 +0100: Memory Usage (472980K) : exchange0_text has 0 polygons
2026-03-25 23:00:53 +0100: Memory Usage (472980K) : exchange1_drw has 0 polygons
2026-03-25 23:00:53 +0100: Memory Usage (472980K) : exchange1_pin has 0 polygons
2026-03-25 23:00:53 +0100: Memory Usage (472980K) : exchange1_text has 0 polygons
2026-03-25 23:00:53 +0100: Memory Usage (472980K) : exchange2_drw has 0 polygons
2026-03-25 23:00:53 +0100: Memory Usage (472980K) : exchange2_pin has 0 polygons
2026-03-25 23:00:53 +0100: Memory Usage (472980K) : exchange2_text has 0 polygons
2026-03-25 23:00:53 +0100: Memory Usage (472980K) : exchange3_drw has 0 polygons
2026-03-25 23:00:53 +0100: Memory Usage (472980K) : exchange3_pin has 0 polygons
2026-03-25 23:00:53 +0100: Memory Usage (472980K) : exchange3_text has 0 polygons
2026-03-25 23:00:53 +0100: Memory Usage (472980K) : exchange4_drw has 0 polygons
2026-03-25 23:00:53 +0100: Memory Usage (472980K) : exchange4_pin has 0 polygons
2026-03-25 23:00:53 +0100: Memory Usage (472980K) : exchange4_text has 0 polygons
2026-03-25 23:00:53 +0100: Memory Usage (472980K) : isonwell_drw has 0 polygons
2026-03-25 23:00:53 +0100: Memory Usage (472980K) : Total no. of polygons in the design is 55451
2026-03-25 23:00:53 +0100: Memory Usage (472980K) : Loaded TECH DRC rules values from /foss/pdks/ihp-sg13g2/libs.tech/klayout/python/sg13g2_pycell_lib/sg13g2_tech_mod.json
2026-03-25 23:00:53 +0100: Memory Usage (472980K) : Loaded default DRC rules values from /foss/pdks/ihp-sg13g2/libs.tech/klayout/tech/drc/rule_decks/sg13g2_tech_default.json
2026-03-25 23:00:53 +0100: Memory Usage (472980K) : The following rules values were missing in tech json and default values were used:
2026-03-25 23:00:53 +0100: Memory Usage (472980K) :   - Cnt_c_digibnd
2026-03-25 23:00:53 +0100: Memory Usage (472980K) : Total area of the design is 54805.149724999996 um^2.
2026-03-25 23:00:53 +0100: Memory Usage (472980K) : The design dimensions are 309.90500000000003 µm * 176.845 µm.
2026-03-25 23:00:53 +0100: Memory Usage (472980K) : Starting general IHP-SG13G2 derivations.
2026-03-25 23:00:53 +0100: Memory Usage (472980K) : Starting Pwell derivations
2026-03-25 23:00:53 +0100: Memory Usage (472980K) : Starting IHP-SG13G2 DRC rules.
2026-03-25 23:00:53 +0100: Memory Usage (472980K) : Starting 5.27. Passiv table
2026-03-25 23:00:53 +0100: Memory Usage (472980K) : Executing rule Pas.a
2026-03-25 23:00:53 +0100: Memory Usage (472980K) : Executing rule Pas.b
2026-03-25 23:00:53 +0100: Memory Usage (472980K) : Executing rule Pas.c
2026-03-25 23:00:53 +0100: Memory Usage (472980K) : KLayout DRC run for tables 'passiv' completed in 1.71 seconds
