# Logfile created on 2026-03-25 23:00:47 +0100 by logger.rb/v1.5.3
2026-03-25 23:00:47 +0100: Memory Usage (437540K) : Starting running IHP-SG13G2 KLayout DRC runset on /foss/designs/Design/xschem/IHP__OPA2251/OPA2251-main/layout/klayout/HPA_project_wrapper.gds
2026-03-25 23:00:47 +0100: Memory Usage (437540K) : Ruby Version for klayout: 3.2.3
2026-03-25 23:00:48 +0100: Memory Usage (452144K) : Loading database to memory is complete.
2026-03-25 23:00:48 +0100: Memory Usage (452144K) : IHP-SG13G2 KLayout DRC runset output at: /foss/designs/Design/xschem/IHP__OPA2251/OPA2251-main/layout/klayout/drc_run_HPA/HPA_project_wrapper_HPA_topmetal1.lyrdb
2026-03-25 23:00:48 +0100: Memory Usage (452144K) : Evaluate switches.
2026-03-25 23:00:48 +0100: Memory Usage (452144K) : tables selected: topmetal1
2026-03-25 23:00:48 +0100: Memory Usage (452144K) : KLayout will use 4 thread(s) in tiled mode.
2026-03-25 23:00:48 +0100: Memory Usage (452144K) : flat mode is enabled.
2026-03-25 23:00:48 +0100: Memory Usage (452144K) : FEOL enabled: false
2026-03-25 23:00:48 +0100: Memory Usage (452144K) : BEOL enabled: false
2026-03-25 23:00:48 +0100: Memory Usage (452144K) : OFFGRID enabled: true
2026-03-25 23:00:48 +0100: Memory Usage (452144K) : PIN enabled: false
2026-03-25 23:00:48 +0100: Memory Usage (452144K) : FORBIDDEN enabled: false
2026-03-25 23:00:48 +0100: Memory Usage (452144K) : RECOMMENDED enabled: true
2026-03-25 23:00:48 +0100: Memory Usage (452144K) : PreCheck DRC enabled: false
2026-03-25 23:00:48 +0100: Memory Usage (452144K) : CONNECTIVITY_RULES enabled: false.
2026-03-25 23:00:48 +0100: Memory Usage (452144K) : Read in polygons from layers.
2026-03-25 23:00:48 +0100: Memory Usage (455108K) : activ_drw has 198 polygons
2026-03-25 23:00:48 +0100: Memory Usage (455108K) : activ_pin has 0 polygons
2026-03-25 23:00:48 +0100: Memory Usage (455108K) : activ_mask has 0 polygons
2026-03-25 23:00:48 +0100: Memory Usage (455108K) : activ_filler has 0 polygons
2026-03-25 23:00:48 +0100: Memory Usage (455108K) : activ_nofill has 0 polygons
2026-03-25 23:00:48 +0100: Memory Usage (455108K) : activ_opc has 0 polygons
2026-03-25 23:00:48 +0100: Memory Usage (455108K) : activ_iopc has 0 polygons
2026-03-25 23:00:48 +0100: Memory Usage (455108K) : activ_noqrc has 0 polygons
2026-03-25 23:00:48 +0100: Memory Usage (455108K) : biwind_drw has 0 polygons
2026-03-25 23:00:48 +0100: Memory Usage (455108K) : biwind_opc has 0 polygons
2026-03-25 23:00:48 +0100: Memory Usage (455108K) : pemwind_drw has 0 polygons
2026-03-25 23:00:48 +0100: Memory Usage (455752K) : gatpoly_drw has 108 polygons
2026-03-25 23:00:48 +0100: Memory Usage (455752K) : gatpoly_pin has 124 polygons
2026-03-25 23:00:48 +0100: Memory Usage (455752K) : gatpoly_filler has 0 polygons
2026-03-25 23:00:48 +0100: Memory Usage (455752K) : gatpoly_nofill has 0 polygons
2026-03-25 23:00:48 +0100: Memory Usage (455752K) : gatpoly_opc has 0 polygons
2026-03-25 23:00:48 +0100: Memory Usage (455752K) : gatpoly_iopc has 0 polygons
2026-03-25 23:00:48 +0100: Memory Usage (455752K) : gatpoly_noqrc has 0 polygons
2026-03-25 23:00:48 +0100: Memory Usage (460240K) : cont_drw has 16803 polygons
2026-03-25 23:00:48 +0100: Memory Usage (460240K) : cont_opc has 0 polygons
2026-03-25 23:00:48 +0100: Memory Usage (460240K) : nsd_drw has 0 polygons
2026-03-25 23:00:48 +0100: Memory Usage (460240K) : nsd_block has 0 polygons
2026-03-25 23:00:48 +0100: Memory Usage (460240K) : metal1_drw has 390 polygons
2026-03-25 23:00:48 +0100: Memory Usage (460240K) : metal1_pin has 515 polygons
2026-03-25 23:00:48 +0100: Memory Usage (460240K) : metal1_mask has 0 polygons
2026-03-25 23:00:48 +0100: Memory Usage (460240K) : metal1_filler has 0 polygons
2026-03-25 23:00:48 +0100: Memory Usage (460240K) : metal1_nofill has 0 polygons
2026-03-25 23:00:48 +0100: Memory Usage (460240K) : metal1_slit has 0 polygons
2026-03-25 23:00:48 +0100: Memory Usage (460240K) : metal1_text has 0 polygons
2026-03-25 23:00:48 +0100: Memory Usage (460240K) : metal1_opc has 0 polygons
2026-03-25 23:00:48 +0100: Memory Usage (460240K) : metal1_noqrc has 0 polygons
2026-03-25 23:00:48 +0100: Memory Usage (460240K) : metal1_res has 0 polygons
2026-03-25 23:00:48 +0100: Memory Usage (460240K) : metal1_iprobe has 0 polygons
2026-03-25 23:00:48 +0100: Memory Usage (460240K) : metal1_diffprb has 0 polygons
2026-03-25 23:00:48 +0100: Memory Usage (460240K) : passiv_drw has 0 polygons
2026-03-25 23:00:48 +0100: Memory Usage (460240K) : passiv_pin has 0 polygons
2026-03-25 23:00:48 +0100: Memory Usage (460240K) : passiv_sbump has 0 polygons
2026-03-25 23:00:48 +0100: Memory Usage (460240K) : passiv_pillar has 0 polygons
2026-03-25 23:00:48 +0100: Memory Usage (460240K) : passiv_pdl has 0 polygons
2026-03-25 23:00:48 +0100: Memory Usage (460240K) : metal2_drw has 95 polygons
2026-03-25 23:00:48 +0100: Memory Usage (460240K) : metal2_pin has 11 polygons
2026-03-25 23:00:48 +0100: Memory Usage (460240K) : metal2_mask has 0 polygons
2026-03-25 23:00:48 +0100: Memory Usage (460240K) : metal2_filler has 0 polygons
2026-03-25 23:00:48 +0100: Memory Usage (460240K) : metal2_nofill has 0 polygons
2026-03-25 23:00:48 +0100: Memory Usage (460240K) : metal2_slit has 0 polygons
2026-03-25 23:00:48 +0100: Memory Usage (460240K) : metal2_text has 0 polygons
2026-03-25 23:00:48 +0100: Memory Usage (460240K) : metal2_opc has 0 polygons
2026-03-25 23:00:48 +0100: Memory Usage (460240K) : metal2_noqrc has 0 polygons
2026-03-25 23:00:48 +0100: Memory Usage (460240K) : metal2_res has 0 polygons
2026-03-25 23:00:48 +0100: Memory Usage (460240K) : metal2_iprobe has 0 polygons
2026-03-25 23:00:48 +0100: Memory Usage (460240K) : metal2_diffprb has 0 polygons
2026-03-25 23:00:48 +0100: Memory Usage (460240K) : baspoly_drw has 0 polygons
2026-03-25 23:00:48 +0100: Memory Usage (460240K) : baspoly_pin has 0 polygons
2026-03-25 23:00:48 +0100: Memory Usage (460676K) : psd_drw has 24 polygons
2026-03-25 23:00:48 +0100: Memory Usage (460676K) : nldb_drw has 0 polygons
2026-03-25 23:00:48 +0100: Memory Usage (460676K) : digibnd_drw has 0 polygons
2026-03-25 23:00:48 +0100: Memory Usage (462260K) : via1_drw has 9590 polygons
2026-03-25 23:00:48 +0100: Memory Usage (462260K) : backmetal1_drw has 0 polygons
2026-03-25 23:00:48 +0100: Memory Usage (462260K) : backmetal1_pin has 0 polygons
2026-03-25 23:00:48 +0100: Memory Usage (462260K) : backmetal1_mask has 0 polygons
2026-03-25 23:00:48 +0100: Memory Usage (462260K) : backmetal1_filler has 0 polygons
2026-03-25 23:00:48 +0100: Memory Usage (462260K) : backmetal1_nofill has 0 polygons
2026-03-25 23:00:48 +0100: Memory Usage (462260K) : backmetal1_slit has 0 polygons
2026-03-25 23:00:48 +0100: Memory Usage (462260K) : backmetal1_text has 0 polygons
2026-03-25 23:00:48 +0100: Memory Usage (462260K) : backmetal1_opc has 0 polygons
2026-03-25 23:00:48 +0100: Memory Usage (462260K) : backmetal1_noqrc has 0 polygons
2026-03-25 23:00:48 +0100: Memory Usage (462260K) : backmetal1_res has 0 polygons
2026-03-25 23:00:48 +0100: Memory Usage (462260K) : backmetal1_iprobe has 0 polygons
2026-03-25 23:00:48 +0100: Memory Usage (462260K) : backmetal1_diffprb has 0 polygons
2026-03-25 23:00:48 +0100: Memory Usage (462260K) : backpassiv_drw has 0 polygons
2026-03-25 23:00:48 +0100: Memory Usage (462260K) : res_drw has 0 polygons
2026-03-25 23:00:48 +0100: Memory Usage (462260K) : sram_drw has 0 polygons
2026-03-25 23:00:48 +0100: Memory Usage (462260K) : trans_drw has 0 polygons
2026-03-25 23:00:48 +0100: Memory Usage (462524K) : ind_drw has 0 polygons
2026-03-25 23:00:48 +0100: Memory Usage (462524K) : ind_pin has 0 polygons
2026-03-25 23:00:48 +0100: Memory Usage (462524K) : ind_text has 0 polygons
2026-03-25 23:00:48 +0100: Memory Usage (462524K) : salblock_drw has 7 polygons
2026-03-25 23:00:48 +0100: Memory Usage (464108K) : via2_drw has 7995 polygons
2026-03-25 23:00:48 +0100: Memory Usage (464108K) : metal3_drw has 67 polygons
2026-03-25 23:00:48 +0100: Memory Usage (464108K) : metal3_pin has 8 polygons
2026-03-25 23:00:48 +0100: Memory Usage (464108K) : metal3_mask has 0 polygons
2026-03-25 23:00:48 +0100: Memory Usage (464108K) : metal3_filler has 0 polygons
2026-03-25 23:00:48 +0100: Memory Usage (464108K) : metal3_nofill has 0 polygons
2026-03-25 23:00:48 +0100: Memory Usage (464108K) : metal3_slit has 0 polygons
2026-03-25 23:00:48 +0100: Memory Usage (464108K) : metal3_text has 0 polygons
2026-03-25 23:00:48 +0100: Memory Usage (464108K) : metal3_opc has 0 polygons
2026-03-25 23:00:48 +0100: Memory Usage (464108K) : metal3_noqrc has 0 polygons
2026-03-25 23:00:48 +0100: Memory Usage (464108K) : metal3_res has 0 polygons
2026-03-25 23:00:48 +0100: Memory Usage (464372K) : metal3_iprobe has 0 polygons
2026-03-25 23:00:48 +0100: Memory Usage (464372K) : metal3_diffprb has 0 polygons
2026-03-25 23:00:48 +0100: Memory Usage (464900K) : nwell_drw has 5 polygons
2026-03-25 23:00:48 +0100: Memory Usage (464900K) : nwell_pin has 0 polygons
2026-03-25 23:00:48 +0100: Memory Usage (464900K) : nbulay_drw has 0 polygons
2026-03-25 23:00:48 +0100: Memory Usage (464900K) : nbulay_pin has 0 polygons
2026-03-25 23:00:48 +0100: Memory Usage (465164K) : nbulay_block has 0 polygons
2026-03-25 23:00:48 +0100: Memory Usage (465164K) : emwind_drw has 0 polygons
2026-03-25 23:00:48 +0100: Memory Usage (465164K) : emwind_opc has 0 polygons
2026-03-25 23:00:48 +0100: Memory Usage (465164K) : deepco_drw has 0 polygons
2026-03-25 23:00:48 +0100: Memory Usage (465164K) : deepco_drw has 0 polygons
2026-03-25 23:00:48 +0100: Memory Usage (465428K) : mim_drw has 2 polygons
2026-03-25 23:00:48 +0100: Memory Usage (465428K) : edgeseal_drw has 0 polygons
2026-03-25 23:00:48 +0100: Memory Usage (465692K) : edgeseal_bound has 0 polygons
2026-03-25 23:00:48 +0100: Memory Usage (465692K) : substrate_drw has 723 polygons
2026-03-25 23:00:48 +0100: Memory Usage (465956K) : substrate_text has 0 polygons
2026-03-25 23:00:48 +0100: Memory Usage (465956K) : dfpad_drw has 0 polygons
2026-03-25 23:00:48 +0100: Memory Usage (465956K) : dfpad_pillar has 0 polygons
2026-03-25 23:00:48 +0100: Memory Usage (466220K) : dfpad_sbump has 0 polygons
2026-03-25 23:00:48 +0100: Memory Usage (466220K) : thickgateox_drw has 0 polygons
2026-03-25 23:00:48 +0100: Memory Usage (466220K) : pldb_drw has 0 polygons
2026-03-25 23:00:48 +0100: Memory Usage (466484K) : pwell_drw has 0 polygons
2026-03-25 23:00:48 +0100: Memory Usage (466484K) : pwell_pin has 0 polygons
2026-03-25 23:00:48 +0100: Memory Usage (466748K) : pwell_block has 0 polygons
2026-03-25 23:00:48 +0100: Memory Usage (466748K) : ic_drw has 0 polygons
2026-03-25 23:00:48 +0100: Memory Usage (468596K) : via3_drw has 7005 polygons
2026-03-25 23:00:48 +0100: Memory Usage (468596K) : metal4_drw has 40 polygons
2026-03-25 23:00:48 +0100: Memory Usage (468596K) : metal4_pin has 3 polygons
2026-03-25 23:00:48 +0100: Memory Usage (468596K) : metal4_mask has 0 polygons
2026-03-25 23:00:48 +0100: Memory Usage (468596K) : metal4_filler has 0 polygons
2026-03-25 23:00:48 +0100: Memory Usage (468596K) : metal4_nofill has 0 polygons
2026-03-25 23:00:48 +0100: Memory Usage (468596K) : metal4_slit has 0 polygons
2026-03-25 23:00:48 +0100: Memory Usage (468596K) : metal4_text has 0 polygons
2026-03-25 23:00:48 +0100: Memory Usage (468596K) : metal4_opc has 0 polygons
2026-03-25 23:00:48 +0100: Memory Usage (468596K) : metal4_noqrc has 0 polygons
2026-03-25 23:00:48 +0100: Memory Usage (468860K) : metal4_res has 0 polygons
2026-03-25 23:00:48 +0100: Memory Usage (468860K) : metal4_iprobe has 0 polygons
2026-03-25 23:00:48 +0100: Memory Usage (468860K) : metal4_diffprb has 0 polygons
2026-03-25 23:00:48 +0100: Memory Usage (469124K) : heattrans_drw has 421 polygons
2026-03-25 23:00:48 +0100: Memory Usage (469388K) : heatres_drw has 7 polygons
2026-03-25 23:00:48 +0100: Memory Usage (469388K) : pempoly_drw has 0 polygons
2026-03-25 23:00:48 +0100: Memory Usage (469388K) : fbe_drw has 0 polygons
2026-03-25 23:00:48 +0100: Memory Usage (469388K) : empoly_drw has 0 polygons
2026-03-25 23:00:48 +0100: Memory Usage (469388K) : ldmos_drw has 0 polygons
2026-03-25 23:00:48 +0100: Memory Usage (469388K) : pbiwind_drw has 0 polygons
2026-03-25 23:00:48 +0100: Memory Usage (469388K) : digisub_drw has 0 polygons
2026-03-25 23:00:48 +0100: Memory Usage (469388K) : nodrc_drw has 0 polygons
2026-03-25 23:00:48 +0100: Memory Usage (469388K) : text_drw has 1107 polygons
2026-03-25 23:00:48 +0100: Memory Usage (469388K) : via4_drw has 6898 polygons
2026-03-25 23:00:48 +0100: Memory Usage (469388K) : metal5_drw has 32 polygons
2026-03-25 23:00:48 +0100: Memory Usage (469388K) : metal5_pin has 5 polygons
2026-03-25 23:00:48 +0100: Memory Usage (469388K) : metal5_mask has 0 polygons
2026-03-25 23:00:48 +0100: Memory Usage (469388K) : metal5_filler has 0 polygons
2026-03-25 23:00:48 +0100: Memory Usage (469388K) : metal5_nofill has 0 polygons
2026-03-25 23:00:48 +0100: Memory Usage (469388K) : metal5_slit has 0 polygons
2026-03-25 23:00:48 +0100: Memory Usage (469388K) : metal5_text has 1 polygons
2026-03-25 23:00:48 +0100: Memory Usage (469388K) : metal5_opc has 0 polygons
2026-03-25 23:00:48 +0100: Memory Usage (469388K) : metal5_noqrc has 0 polygons
2026-03-25 23:00:48 +0100: Memory Usage (469388K) : metal5_res has 0 polygons
2026-03-25 23:00:49 +0100: Memory Usage (469388K) : metal5_iprobe has 0 polygons
2026-03-25 23:00:49 +0100: Memory Usage (469388K) : metal5_diffprb has 0 polygons
2026-03-25 23:00:49 +0100: Memory Usage (469388K) : radhard_drw has 0 polygons
2026-03-25 23:00:49 +0100: Memory Usage (469388K) : memcap_drw has 0 polygons
2026-03-25 23:00:49 +0100: Memory Usage (469388K) : varicap_drw has 0 polygons
2026-03-25 23:00:49 +0100: Memory Usage (469388K) : flash_drw has 0 polygons
2026-03-25 23:00:49 +0100: Memory Usage (469388K) : intbondvia_drw has 0 polygons
2026-03-25 23:00:49 +0100: Memory Usage (469388K) : intbondmet_drw has 0 polygons
2026-03-25 23:00:49 +0100: Memory Usage (469388K) : devbondvia_drw has 0 polygons
2026-03-25 23:00:49 +0100: Memory Usage (469388K) : devbondmet_drw has 0 polygons
2026-03-25 23:00:49 +0100: Memory Usage (469388K) : devtrench_drw has 0 polygons
2026-03-25 23:00:49 +0100: Memory Usage (469388K) : redist_drw has 0 polygons
2026-03-25 23:00:49 +0100: Memory Usage (469388K) : graphbot_drw has 0 polygons
2026-03-25 23:00:49 +0100: Memory Usage (469388K) : graphtop_drw has 0 polygons
2026-03-25 23:00:49 +0100: Memory Usage (469388K) : antvia1_drw has 0 polygons
2026-03-25 23:00:49 +0100: Memory Usage (469388K) : antmetal2_drw has 0 polygons
2026-03-25 23:00:49 +0100: Memory Usage (469388K) : graphcont_drw has 0 polygons
2026-03-25 23:00:49 +0100: Memory Usage (469388K) : siwg_drw has 0 polygons
2026-03-25 23:00:49 +0100: Memory Usage (469388K) : siwg_filler has 0 polygons
2026-03-25 23:00:49 +0100: Memory Usage (469388K) : siwg_nofill has 0 polygons
2026-03-25 23:00:49 +0100: Memory Usage (469388K) : sigrating_drw has 0 polygons
2026-03-25 23:00:49 +0100: Memory Usage (469388K) : singrating_drw has 0 polygons
2026-03-25 23:00:49 +0100: Memory Usage (469388K) : graphpas_drw has 0 polygons
2026-03-25 23:00:49 +0100: Memory Usage (469388K) : emwind3_drw has 0 polygons
2026-03-25 23:00:49 +0100: Memory Usage (469388K) : emwihv3_drw has 0 polygons
2026-03-25 23:00:49 +0100: Memory Usage (469388K) : redbulay_drw has 0 polygons
2026-03-25 23:00:49 +0100: Memory Usage (469388K) : smos_drw has 0 polygons
2026-03-25 23:00:49 +0100: Memory Usage (469388K) : graphpad_drw has 0 polygons
2026-03-25 23:00:49 +0100: Memory Usage (469388K) : polimide_drw has 0 polygons
2026-03-25 23:00:49 +0100: Memory Usage (469388K) : polimide_pin has 0 polygons
2026-03-25 23:00:49 +0100: Memory Usage (469388K) : recog_drw has 0 polygons
2026-03-25 23:00:49 +0100: Memory Usage (469388K) : recog_pin has 0 polygons
2026-03-25 23:00:49 +0100: Memory Usage (469388K) : recog_esd has 0 polygons
2026-03-25 23:00:49 +0100: Memory Usage (469388K) : recog_diode has 0 polygons
2026-03-25 23:00:49 +0100: Memory Usage (469388K) : recog_tsv has 0 polygons
2026-03-25 23:00:49 +0100: Memory Usage (469388K) : recog_iprobe has 0 polygons
2026-03-25 23:00:49 +0100: Memory Usage (469388K) : recog_diffprb has 0 polygons
2026-03-25 23:00:49 +0100: Memory Usage (469388K) : recog_pillar has 0 polygons
2026-03-25 23:00:49 +0100: Memory Usage (469388K) : recog_sbump has 0 polygons
2026-03-25 23:00:49 +0100: Memory Usage (469388K) : recog_otp has 0 polygons
2026-03-25 23:00:49 +0100: Memory Usage (469388K) : recog_pdiode has 0 polygons
2026-03-25 23:00:49 +0100: Memory Usage (469388K) : recog_mom has 0 polygons
2026-03-25 23:00:49 +0100: Memory Usage (469388K) : recog_pcm has 0 polygons
2026-03-25 23:00:49 +0100: Memory Usage (469388K) : colopen_drw has 0 polygons
2026-03-25 23:00:49 +0100: Memory Usage (469388K) : graphmetal1_drw has 0 polygons
2026-03-25 23:00:49 +0100: Memory Usage (469388K) : graphmetal1_filler has 0 polygons
2026-03-25 23:00:49 +0100: Memory Usage (469388K) : graphmetal1_nofill has 0 polygons
2026-03-25 23:00:49 +0100: Memory Usage (469388K) : graphmetal1_slit has 0 polygons
2026-03-25 23:00:49 +0100: Memory Usage (469388K) : graphmetal1_opc has 0 polygons
2026-03-25 23:00:49 +0100: Memory Usage (469388K) : graphmet1l_drw has 0 polygons
2026-03-25 23:00:49 +0100: Memory Usage (469388K) : graphmet1l_filler has 0 polygons
2026-03-25 23:00:49 +0100: Memory Usage (469388K) : graphmet1l_nofill has 0 polygons
2026-03-25 23:00:49 +0100: Memory Usage (469388K) : graphmet1l_slit has 0 polygons
2026-03-25 23:00:49 +0100: Memory Usage (469388K) : graphmet1l_opc has 0 polygons
2026-03-25 23:00:49 +0100: Memory Usage (469388K) : extblock_drw has 5 polygons
2026-03-25 23:00:49 +0100: Memory Usage (469388K) : nldd_drw has 0 polygons
2026-03-25 23:00:49 +0100: Memory Usage (469388K) : pldd_drw has 0 polygons
2026-03-25 23:00:49 +0100: Memory Usage (469388K) : next_drw has 0 polygons
2026-03-25 23:00:49 +0100: Memory Usage (469388K) : pext_drw has 0 polygons
2026-03-25 23:00:49 +0100: Memory Usage (469388K) : nexthv_drw has 0 polygons
2026-03-25 23:00:49 +0100: Memory Usage (469388K) : pexthv_drw has 0 polygons
2026-03-25 23:00:49 +0100: Memory Usage (469388K) : graphgate_drw has 0 polygons
2026-03-25 23:00:49 +0100: Memory Usage (469388K) : sinwg_drw has 0 polygons
2026-03-25 23:00:49 +0100: Memory Usage (469388K) : sinwg_filler has 0 polygons
2026-03-25 23:00:49 +0100: Memory Usage (469388K) : sinwg_nofill has 0 polygons
2026-03-25 23:00:49 +0100: Memory Usage (469388K) : mempad_drw has 0 polygons
2026-03-25 23:00:49 +0100: Memory Usage (469388K) : topvia1_drw has 1720 polygons
2026-03-25 23:00:49 +0100: Memory Usage (469388K) : topmetal1_drw has 13 polygons
2026-03-25 23:00:49 +0100: Memory Usage (469388K) : topmetal1_pin has 15 polygons
2026-03-25 23:00:49 +0100: Memory Usage (469388K) : topmetal1_mask has 0 polygons
2026-03-25 23:00:49 +0100: Memory Usage (469388K) : topmetal1_filler has 0 polygons
2026-03-25 23:00:49 +0100: Memory Usage (469388K) : topmetal1_nofill has 0 polygons
2026-03-25 23:00:49 +0100: Memory Usage (469388K) : topmetal1_slit has 0 polygons
2026-03-25 23:00:49 +0100: Memory Usage (469388K) : topmetal1_text has 5 polygons
2026-03-25 23:00:49 +0100: Memory Usage (469388K) : topmetal1_noqrc has 0 polygons
2026-03-25 23:00:49 +0100: Memory Usage (469388K) : topmetal1_res has 0 polygons
2026-03-25 23:00:49 +0100: Memory Usage (469388K) : topmetal1_iprobe has 0 polygons
2026-03-25 23:00:49 +0100: Memory Usage (469388K) : topmetal1_diffprb has 0 polygons
2026-03-25 23:00:49 +0100: Memory Usage (469388K) : inldpwl_drw has 0 polygons
2026-03-25 23:00:49 +0100: Memory Usage (469388K) : polyres_drw has 7 polygons
2026-03-25 23:00:49 +0100: Memory Usage (469388K) : polyres_pin has 0 polygons
2026-03-25 23:00:49 +0100: Memory Usage (469388K) : vmim_drw has 578 polygons
2026-03-25 23:00:49 +0100: Memory Usage (469388K) : nbulaycut_drw has 0 polygons
2026-03-25 23:00:49 +0100: Memory Usage (469388K) : antmetal1_drw has 0 polygons
2026-03-25 23:00:49 +0100: Memory Usage (469388K) : topvia2_drw has 916 polygons
2026-03-25 23:00:49 +0100: Memory Usage (469388K) : topmetal2_drw has 4 polygons
2026-03-25 23:00:49 +0100: Memory Usage (469388K) : topmetal2_pin has 2 polygons
2026-03-25 23:00:49 +0100: Memory Usage (469388K) : topmetal2_mask has 0 polygons
2026-03-25 23:00:49 +0100: Memory Usage (469388K) : topmetal2_filler has 0 polygons
2026-03-25 23:00:49 +0100: Memory Usage (469388K) : topmetal2_nofill has 0 polygons
2026-03-25 23:00:49 +0100: Memory Usage (469388K) : topmetal2_slit has 0 polygons
2026-03-25 23:00:49 +0100: Memory Usage (469388K) : topmetal2_text has 2 polygons
2026-03-25 23:00:49 +0100: Memory Usage (469388K) : topmetal2_noqrc has 0 polygons
2026-03-25 23:00:49 +0100: Memory Usage (469388K) : topmetal2_res has 0 polygons
2026-03-25 23:00:49 +0100: Memory Usage (469388K) : topmetal2_iprobe has 0 polygons
2026-03-25 23:00:49 +0100: Memory Usage (469388K) : topmetal2_diffprb has 0 polygons
2026-03-25 23:00:49 +0100: Memory Usage (469388K) : snsring_drw has 0 polygons
2026-03-25 23:00:49 +0100: Memory Usage (469388K) : sensor_drw has 0 polygons
2026-03-25 23:00:49 +0100: Memory Usage (469388K) : snsarms_drw has 0 polygons
2026-03-25 23:00:49 +0100: Memory Usage (469388K) : snscmosvia_drw has 0 polygons
2026-03-25 23:00:49 +0100: Memory Usage (469388K) : colwind_drw has 0 polygons
2026-03-25 23:00:49 +0100: Memory Usage (469388K) : flm_drw has 0 polygons
2026-03-25 23:00:49 +0100: Memory Usage (469652K) : hafniumox_drw has 0 polygons
2026-03-25 23:00:49 +0100: Memory Usage (469652K) : memvia_drw has 0 polygons
2026-03-25 23:00:49 +0100: Memory Usage (469916K) : thinfilmres_drw has 0 polygons
2026-03-25 23:00:49 +0100: Memory Usage (469916K) : rfmem_drw has 0 polygons
2026-03-25 23:00:49 +0100: Memory Usage (469916K) : norcx_drw has 0 polygons
2026-03-25 23:00:49 +0100: Memory Usage (470180K) : norcx_m2m3 has 0 polygons
2026-03-25 23:00:49 +0100: Memory Usage (470180K) : norcx_m2m4 has 0 polygons
2026-03-25 23:00:49 +0100: Memory Usage (470444K) : norcx_m2m5 has 0 polygons
2026-03-25 23:00:49 +0100: Memory Usage (470444K) : norcx_m2tm1 has 0 polygons
2026-03-25 23:00:49 +0100: Memory Usage (470444K) : norcx_m2tm2 has 0 polygons
2026-03-25 23:00:49 +0100: Memory Usage (470708K) : norcx_m3m4 has 0 polygons
2026-03-25 23:00:49 +0100: Memory Usage (470708K) : norcx_m3m5 has 0 polygons
2026-03-25 23:00:49 +0100: Memory Usage (470972K) : norcx_m3tm1 has 0 polygons
2026-03-25 23:00:49 +0100: Memory Usage (470972K) : norcx_m3tm2 has 0 polygons
2026-03-25 23:00:49 +0100: Memory Usage (470972K) : norcx_m4m5 has 0 polygons
2026-03-25 23:00:49 +0100: Memory Usage (471236K) : norcx_m4tm1 has 0 polygons
2026-03-25 23:00:49 +0100: Memory Usage (471236K) : norcx_m4tm2 has 0 polygons
2026-03-25 23:00:49 +0100: Memory Usage (471500K) : norcx_m5tm1 has 0 polygons
2026-03-25 23:00:49 +0100: Memory Usage (471500K) : norcx_m5tm2 has 0 polygons
2026-03-25 23:00:49 +0100: Memory Usage (471624K) : norcx_tm1tm2 has 0 polygons
2026-03-25 23:00:49 +0100: Memory Usage (471884K) : norcx_m1sub has 0 polygons
2026-03-25 23:00:49 +0100: Memory Usage (471884K) : norcx_m2sub has 0 polygons
2026-03-25 23:00:49 +0100: Memory Usage (471884K) : norcx_m3sub has 0 polygons
2026-03-25 23:00:49 +0100: Memory Usage (472148K) : norcx_m4sub has 0 polygons
2026-03-25 23:00:49 +0100: Memory Usage (472148K) : norcx_m5sub has 0 polygons
2026-03-25 23:00:49 +0100: Memory Usage (472412K) : norcx_tm1sub has 0 polygons
2026-03-25 23:00:49 +0100: Memory Usage (472412K) : norcx_tm2sub has 0 polygons
2026-03-25 23:00:49 +0100: Memory Usage (472412K) : snsbotvia_drw has 0 polygons
2026-03-25 23:00:49 +0100: Memory Usage (472676K) : snstopvia_drw has 0 polygons
2026-03-25 23:00:49 +0100: Memory Usage (472676K) : deepvia_drw has 0 polygons
2026-03-25 23:00:49 +0100: Memory Usage (472856K) : fgetch_drw has 0 polygons
2026-03-25 23:00:49 +0100: Memory Usage (472856K) : ctrgat_drw has 0 polygons
2026-03-25 23:00:49 +0100: Memory Usage (473116K) : fgimp_drw has 0 polygons
2026-03-25 23:00:49 +0100: Memory Usage (473116K) : emwihv_drw has 0 polygons
2026-03-25 23:00:49 +0100: Memory Usage (473380K) : lbe_drw has 0 polygons
2026-03-25 23:00:49 +0100: Memory Usage (473380K) : alcustop_drw has 0 polygons
2026-03-25 23:00:49 +0100: Memory Usage (473644K) : nometfiller_drw has 0 polygons
2026-03-25 23:00:49 +0100: Memory Usage (473644K) : prboundary_drw has 0 polygons
2026-03-25 23:00:49 +0100: Memory Usage (473644K) : exchange0_drw has 0 polygons
2026-03-25 23:00:49 +0100: Memory Usage (473908K) : exchange0_pin has 0 polygons
2026-03-25 23:00:49 +0100: Memory Usage (473908K) : exchange0_text has 0 polygons
2026-03-25 23:00:49 +0100: Memory Usage (473908K) : exchange1_drw has 0 polygons
2026-03-25 23:00:49 +0100: Memory Usage (474172K) : exchange1_pin has 0 polygons
2026-03-25 23:00:49 +0100: Memory Usage (474172K) : exchange1_text has 0 polygons
2026-03-25 23:00:49 +0100: Memory Usage (474172K) : exchange2_drw has 0 polygons
2026-03-25 23:00:49 +0100: Memory Usage (474172K) : exchange2_pin has 0 polygons
2026-03-25 23:00:49 +0100: Memory Usage (474172K) : exchange2_text has 0 polygons
2026-03-25 23:00:49 +0100: Memory Usage (474172K) : exchange3_drw has 0 polygons
2026-03-25 23:00:49 +0100: Memory Usage (474172K) : exchange3_pin has 0 polygons
2026-03-25 23:00:49 +0100: Memory Usage (474172K) : exchange3_text has 0 polygons
2026-03-25 23:00:49 +0100: Memory Usage (474172K) : exchange4_drw has 0 polygons
2026-03-25 23:00:49 +0100: Memory Usage (474172K) : exchange4_pin has 0 polygons
2026-03-25 23:00:49 +0100: Memory Usage (474172K) : exchange4_text has 0 polygons
2026-03-25 23:00:49 +0100: Memory Usage (474172K) : isonwell_drw has 0 polygons
2026-03-25 23:00:49 +0100: Memory Usage (474172K) : Total no. of polygons in the design is 55451
2026-03-25 23:00:49 +0100: Memory Usage (474172K) : Loaded TECH DRC rules values from /foss/pdks/ihp-sg13g2/libs.tech/klayout/python/sg13g2_pycell_lib/sg13g2_tech_mod.json
2026-03-25 23:00:49 +0100: Memory Usage (474172K) : Loaded default DRC rules values from /foss/pdks/ihp-sg13g2/libs.tech/klayout/tech/drc/rule_decks/sg13g2_tech_default.json
2026-03-25 23:00:49 +0100: Memory Usage (474172K) : The following rules values were missing in tech json and default values were used:
2026-03-25 23:00:49 +0100: Memory Usage (474172K) :   - Cnt_c_digibnd
2026-03-25 23:00:49 +0100: Memory Usage (474172K) : Total area of the design is 54805.149724999996 um^2.
2026-03-25 23:00:49 +0100: Memory Usage (474172K) : The design dimensions are 309.90500000000003 µm * 176.845 µm.
2026-03-25 23:00:49 +0100: Memory Usage (474172K) : Starting general IHP-SG13G2 derivations.
2026-03-25 23:00:49 +0100: Memory Usage (474172K) : Starting Pwell derivations
2026-03-25 23:00:49 +0100: Memory Usage (474172K) : Starting IHP-SG13G2 DRC rules.
2026-03-25 23:00:49 +0100: Memory Usage (474172K) : Starting 5.22. TopMetal1 table
2026-03-25 23:00:49 +0100: Memory Usage (474172K) : Executing rule TM1.a
2026-03-25 23:00:49 +0100: Memory Usage (474172K) : Executing rule TM1.b
2026-03-25 23:00:49 +0100: Memory Usage (474172K) : KLayout DRC run for tables 'topmetal1' completed in 1.8 seconds
