# Logfile created on 2026-03-25 23:00:47 +0100 by logger.rb/v1.5.3
2026-03-25 23:00:47 +0100: Memory Usage (437300K) : Starting running IHP-SG13G2 KLayout DRC runset on /foss/designs/Design/xschem/IHP__OPA2251/OPA2251-main/layout/klayout/HPA_project_wrapper.gds
2026-03-25 23:00:47 +0100: Memory Usage (437300K) : Ruby Version for klayout: 3.2.3
2026-03-25 23:00:48 +0100: Memory Usage (452036K) : Loading database to memory is complete.
2026-03-25 23:00:48 +0100: Memory Usage (452948K) : IHP-SG13G2 KLayout DRC runset output at: /foss/designs/Design/xschem/IHP__OPA2251/OPA2251-main/layout/klayout/drc_run_HPA/HPA_project_wrapper_HPA_vian.lyrdb
2026-03-25 23:00:48 +0100: Memory Usage (452948K) : Evaluate switches.
2026-03-25 23:00:48 +0100: Memory Usage (452948K) : tables selected: vian
2026-03-25 23:00:48 +0100: Memory Usage (452948K) : KLayout will use 4 thread(s) in tiled mode.
2026-03-25 23:00:48 +0100: Memory Usage (452948K) : flat mode is enabled.
2026-03-25 23:00:48 +0100: Memory Usage (452948K) : FEOL enabled: false
2026-03-25 23:00:48 +0100: Memory Usage (452948K) : BEOL enabled: false
2026-03-25 23:00:48 +0100: Memory Usage (452948K) : OFFGRID enabled: true
2026-03-25 23:00:48 +0100: Memory Usage (452948K) : PIN enabled: false
2026-03-25 23:00:48 +0100: Memory Usage (452948K) : FORBIDDEN enabled: false
2026-03-25 23:00:48 +0100: Memory Usage (452948K) : RECOMMENDED enabled: true
2026-03-25 23:00:48 +0100: Memory Usage (452948K) : PreCheck DRC enabled: false
2026-03-25 23:00:48 +0100: Memory Usage (452948K) : CONNECTIVITY_RULES enabled: false.
2026-03-25 23:00:48 +0100: Memory Usage (452948K) : Read in polygons from layers.
2026-03-25 23:00:48 +0100: Memory Usage (454952K) : activ_drw has 198 polygons
2026-03-25 23:00:48 +0100: Memory Usage (454952K) : activ_pin has 0 polygons
2026-03-25 23:00:48 +0100: Memory Usage (454952K) : activ_mask has 0 polygons
2026-03-25 23:00:48 +0100: Memory Usage (454952K) : activ_filler has 0 polygons
2026-03-25 23:00:48 +0100: Memory Usage (454952K) : activ_nofill has 0 polygons
2026-03-25 23:00:48 +0100: Memory Usage (454952K) : activ_opc has 0 polygons
2026-03-25 23:00:48 +0100: Memory Usage (454952K) : activ_iopc has 0 polygons
2026-03-25 23:00:48 +0100: Memory Usage (454952K) : activ_noqrc has 0 polygons
2026-03-25 23:00:48 +0100: Memory Usage (454952K) : biwind_drw has 0 polygons
2026-03-25 23:00:48 +0100: Memory Usage (454952K) : biwind_opc has 0 polygons
2026-03-25 23:00:48 +0100: Memory Usage (454952K) : pemwind_drw has 0 polygons
2026-03-25 23:00:48 +0100: Memory Usage (455332K) : gatpoly_drw has 108 polygons
2026-03-25 23:00:48 +0100: Memory Usage (455332K) : gatpoly_pin has 124 polygons
2026-03-25 23:00:48 +0100: Memory Usage (455332K) : gatpoly_filler has 0 polygons
2026-03-25 23:00:48 +0100: Memory Usage (455332K) : gatpoly_nofill has 0 polygons
2026-03-25 23:00:48 +0100: Memory Usage (455332K) : gatpoly_opc has 0 polygons
2026-03-25 23:00:48 +0100: Memory Usage (455332K) : gatpoly_iopc has 0 polygons
2026-03-25 23:00:48 +0100: Memory Usage (455332K) : gatpoly_noqrc has 0 polygons
2026-03-25 23:00:48 +0100: Memory Usage (459820K) : cont_drw has 16803 polygons
2026-03-25 23:00:48 +0100: Memory Usage (459820K) : cont_opc has 0 polygons
2026-03-25 23:00:48 +0100: Memory Usage (459820K) : nsd_drw has 0 polygons
2026-03-25 23:00:48 +0100: Memory Usage (459820K) : nsd_block has 0 polygons
2026-03-25 23:00:48 +0100: Memory Usage (459820K) : metal1_drw has 390 polygons
2026-03-25 23:00:48 +0100: Memory Usage (459820K) : metal1_pin has 515 polygons
2026-03-25 23:00:48 +0100: Memory Usage (459820K) : metal1_mask has 0 polygons
2026-03-25 23:00:48 +0100: Memory Usage (459820K) : metal1_filler has 0 polygons
2026-03-25 23:00:48 +0100: Memory Usage (459820K) : metal1_nofill has 0 polygons
2026-03-25 23:00:48 +0100: Memory Usage (459820K) : metal1_slit has 0 polygons
2026-03-25 23:00:48 +0100: Memory Usage (459820K) : metal1_text has 0 polygons
2026-03-25 23:00:48 +0100: Memory Usage (459820K) : metal1_opc has 0 polygons
2026-03-25 23:00:48 +0100: Memory Usage (459820K) : metal1_noqrc has 0 polygons
2026-03-25 23:00:48 +0100: Memory Usage (459820K) : metal1_res has 0 polygons
2026-03-25 23:00:48 +0100: Memory Usage (459820K) : metal1_iprobe has 0 polygons
2026-03-25 23:00:48 +0100: Memory Usage (459820K) : metal1_diffprb has 0 polygons
2026-03-25 23:00:48 +0100: Memory Usage (459820K) : passiv_drw has 0 polygons
2026-03-25 23:00:48 +0100: Memory Usage (459820K) : passiv_pin has 0 polygons
2026-03-25 23:00:48 +0100: Memory Usage (459820K) : passiv_sbump has 0 polygons
2026-03-25 23:00:48 +0100: Memory Usage (459820K) : passiv_pillar has 0 polygons
2026-03-25 23:00:48 +0100: Memory Usage (459820K) : passiv_pdl has 0 polygons
2026-03-25 23:00:48 +0100: Memory Usage (460260K) : metal2_drw has 95 polygons
2026-03-25 23:00:48 +0100: Memory Usage (460260K) : metal2_pin has 11 polygons
2026-03-25 23:00:48 +0100: Memory Usage (460260K) : metal2_mask has 0 polygons
2026-03-25 23:00:48 +0100: Memory Usage (460260K) : metal2_filler has 0 polygons
2026-03-25 23:00:48 +0100: Memory Usage (460260K) : metal2_nofill has 0 polygons
2026-03-25 23:00:48 +0100: Memory Usage (460260K) : metal2_slit has 0 polygons
2026-03-25 23:00:48 +0100: Memory Usage (460260K) : metal2_text has 0 polygons
2026-03-25 23:00:48 +0100: Memory Usage (460260K) : metal2_opc has 0 polygons
2026-03-25 23:00:48 +0100: Memory Usage (460260K) : metal2_noqrc has 0 polygons
2026-03-25 23:00:48 +0100: Memory Usage (460260K) : metal2_res has 0 polygons
2026-03-25 23:00:48 +0100: Memory Usage (460260K) : metal2_iprobe has 0 polygons
2026-03-25 23:00:48 +0100: Memory Usage (460260K) : metal2_diffprb has 0 polygons
2026-03-25 23:00:48 +0100: Memory Usage (460260K) : baspoly_drw has 0 polygons
2026-03-25 23:00:48 +0100: Memory Usage (460260K) : baspoly_pin has 0 polygons
2026-03-25 23:00:48 +0100: Memory Usage (460260K) : psd_drw has 24 polygons
2026-03-25 23:00:48 +0100: Memory Usage (460260K) : nldb_drw has 0 polygons
2026-03-25 23:00:48 +0100: Memory Usage (460260K) : digibnd_drw has 0 polygons
2026-03-25 23:00:48 +0100: Memory Usage (462168K) : via1_drw has 9590 polygons
2026-03-25 23:00:48 +0100: Memory Usage (462168K) : backmetal1_drw has 0 polygons
2026-03-25 23:00:48 +0100: Memory Usage (462168K) : backmetal1_pin has 0 polygons
2026-03-25 23:00:48 +0100: Memory Usage (462168K) : backmetal1_mask has 0 polygons
2026-03-25 23:00:48 +0100: Memory Usage (462168K) : backmetal1_filler has 0 polygons
2026-03-25 23:00:48 +0100: Memory Usage (462168K) : backmetal1_nofill has 0 polygons
2026-03-25 23:00:48 +0100: Memory Usage (462168K) : backmetal1_slit has 0 polygons
2026-03-25 23:00:48 +0100: Memory Usage (462168K) : backmetal1_text has 0 polygons
2026-03-25 23:00:48 +0100: Memory Usage (462168K) : backmetal1_opc has 0 polygons
2026-03-25 23:00:48 +0100: Memory Usage (462168K) : backmetal1_noqrc has 0 polygons
2026-03-25 23:00:48 +0100: Memory Usage (462168K) : backmetal1_res has 0 polygons
2026-03-25 23:00:48 +0100: Memory Usage (462168K) : backmetal1_iprobe has 0 polygons
2026-03-25 23:00:48 +0100: Memory Usage (462168K) : backmetal1_diffprb has 0 polygons
2026-03-25 23:00:48 +0100: Memory Usage (462168K) : backpassiv_drw has 0 polygons
2026-03-25 23:00:48 +0100: Memory Usage (462168K) : res_drw has 0 polygons
2026-03-25 23:00:48 +0100: Memory Usage (462168K) : sram_drw has 0 polygons
2026-03-25 23:00:48 +0100: Memory Usage (462168K) : trans_drw has 0 polygons
2026-03-25 23:00:48 +0100: Memory Usage (462168K) : ind_drw has 0 polygons
2026-03-25 23:00:48 +0100: Memory Usage (462168K) : ind_pin has 0 polygons
2026-03-25 23:00:48 +0100: Memory Usage (462168K) : ind_text has 0 polygons
2026-03-25 23:00:48 +0100: Memory Usage (462432K) : salblock_drw has 7 polygons
2026-03-25 23:00:48 +0100: Memory Usage (464016K) : via2_drw has 7995 polygons
2026-03-25 23:00:48 +0100: Memory Usage (464016K) : metal3_drw has 67 polygons
2026-03-25 23:00:48 +0100: Memory Usage (464016K) : metal3_pin has 8 polygons
2026-03-25 23:00:48 +0100: Memory Usage (464016K) : metal3_mask has 0 polygons
2026-03-25 23:00:48 +0100: Memory Usage (464016K) : metal3_filler has 0 polygons
2026-03-25 23:00:48 +0100: Memory Usage (464016K) : metal3_nofill has 0 polygons
2026-03-25 23:00:48 +0100: Memory Usage (464016K) : metal3_slit has 0 polygons
2026-03-25 23:00:48 +0100: Memory Usage (464016K) : metal3_text has 0 polygons
2026-03-25 23:00:48 +0100: Memory Usage (464016K) : metal3_opc has 0 polygons
2026-03-25 23:00:48 +0100: Memory Usage (464016K) : metal3_noqrc has 0 polygons
2026-03-25 23:00:48 +0100: Memory Usage (464016K) : metal3_res has 0 polygons
2026-03-25 23:00:48 +0100: Memory Usage (464016K) : metal3_iprobe has 0 polygons
2026-03-25 23:00:48 +0100: Memory Usage (464016K) : metal3_diffprb has 0 polygons
2026-03-25 23:00:48 +0100: Memory Usage (464808K) : nwell_drw has 5 polygons
2026-03-25 23:00:48 +0100: Memory Usage (464808K) : nwell_pin has 0 polygons
2026-03-25 23:00:48 +0100: Memory Usage (464808K) : nbulay_drw has 0 polygons
2026-03-25 23:00:48 +0100: Memory Usage (464808K) : nbulay_pin has 0 polygons
2026-03-25 23:00:48 +0100: Memory Usage (464808K) : nbulay_block has 0 polygons
2026-03-25 23:00:48 +0100: Memory Usage (464808K) : emwind_drw has 0 polygons
2026-03-25 23:00:48 +0100: Memory Usage (464808K) : emwind_opc has 0 polygons
2026-03-25 23:00:48 +0100: Memory Usage (464808K) : deepco_drw has 0 polygons
2026-03-25 23:00:48 +0100: Memory Usage (465072K) : deepco_drw has 0 polygons
2026-03-25 23:00:48 +0100: Memory Usage (465072K) : mim_drw has 2 polygons
2026-03-25 23:00:48 +0100: Memory Usage (465336K) : edgeseal_drw has 0 polygons
2026-03-25 23:00:48 +0100: Memory Usage (465336K) : edgeseal_bound has 0 polygons
2026-03-25 23:00:48 +0100: Memory Usage (465600K) : substrate_drw has 723 polygons
2026-03-25 23:00:48 +0100: Memory Usage (465600K) : substrate_text has 0 polygons
2026-03-25 23:00:48 +0100: Memory Usage (465600K) : dfpad_drw has 0 polygons
2026-03-25 23:00:48 +0100: Memory Usage (465864K) : dfpad_pillar has 0 polygons
2026-03-25 23:00:48 +0100: Memory Usage (465864K) : dfpad_sbump has 0 polygons
2026-03-25 23:00:48 +0100: Memory Usage (466128K) : thickgateox_drw has 0 polygons
2026-03-25 23:00:48 +0100: Memory Usage (466128K) : pldb_drw has 0 polygons
2026-03-25 23:00:48 +0100: Memory Usage (466128K) : pwell_drw has 0 polygons
2026-03-25 23:00:48 +0100: Memory Usage (466392K) : pwell_pin has 0 polygons
2026-03-25 23:00:48 +0100: Memory Usage (466392K) : pwell_block has 0 polygons
2026-03-25 23:00:48 +0100: Memory Usage (466656K) : ic_drw has 0 polygons
2026-03-25 23:00:48 +0100: Memory Usage (468240K) : via3_drw has 7005 polygons
2026-03-25 23:00:48 +0100: Memory Usage (468240K) : metal4_drw has 40 polygons
2026-03-25 23:00:48 +0100: Memory Usage (468240K) : metal4_pin has 3 polygons
2026-03-25 23:00:48 +0100: Memory Usage (468240K) : metal4_mask has 0 polygons
2026-03-25 23:00:48 +0100: Memory Usage (468240K) : metal4_filler has 0 polygons
2026-03-25 23:00:48 +0100: Memory Usage (468240K) : metal4_nofill has 0 polygons
2026-03-25 23:00:48 +0100: Memory Usage (468240K) : metal4_slit has 0 polygons
2026-03-25 23:00:48 +0100: Memory Usage (468240K) : metal4_text has 0 polygons
2026-03-25 23:00:48 +0100: Memory Usage (468240K) : metal4_opc has 0 polygons
2026-03-25 23:00:48 +0100: Memory Usage (468240K) : metal4_noqrc has 0 polygons
2026-03-25 23:00:48 +0100: Memory Usage (468504K) : metal4_res has 0 polygons
2026-03-25 23:00:48 +0100: Memory Usage (468504K) : metal4_iprobe has 0 polygons
2026-03-25 23:00:48 +0100: Memory Usage (468504K) : metal4_diffprb has 0 polygons
2026-03-25 23:00:48 +0100: Memory Usage (469032K) : heattrans_drw has 421 polygons
2026-03-25 23:00:48 +0100: Memory Usage (469296K) : heatres_drw has 7 polygons
2026-03-25 23:00:48 +0100: Memory Usage (469296K) : pempoly_drw has 0 polygons
2026-03-25 23:00:48 +0100: Memory Usage (469296K) : fbe_drw has 0 polygons
2026-03-25 23:00:48 +0100: Memory Usage (469296K) : empoly_drw has 0 polygons
2026-03-25 23:00:48 +0100: Memory Usage (469296K) : ldmos_drw has 0 polygons
2026-03-25 23:00:48 +0100: Memory Usage (469296K) : pbiwind_drw has 0 polygons
2026-03-25 23:00:48 +0100: Memory Usage (469560K) : digisub_drw has 0 polygons
2026-03-25 23:00:48 +0100: Memory Usage (469560K) : nodrc_drw has 0 polygons
2026-03-25 23:00:48 +0100: Memory Usage (469560K) : text_drw has 1107 polygons
2026-03-25 23:00:48 +0100: Memory Usage (471408K) : via4_drw has 6898 polygons
2026-03-25 23:00:48 +0100: Memory Usage (471408K) : metal5_drw has 32 polygons
2026-03-25 23:00:48 +0100: Memory Usage (471408K) : metal5_pin has 5 polygons
2026-03-25 23:00:48 +0100: Memory Usage (471408K) : metal5_mask has 0 polygons
2026-03-25 23:00:48 +0100: Memory Usage (471408K) : metal5_filler has 0 polygons
2026-03-25 23:00:48 +0100: Memory Usage (471408K) : metal5_nofill has 0 polygons
2026-03-25 23:00:48 +0100: Memory Usage (471408K) : metal5_slit has 0 polygons
2026-03-25 23:00:48 +0100: Memory Usage (471408K) : metal5_text has 1 polygons
2026-03-25 23:00:48 +0100: Memory Usage (471408K) : metal5_opc has 0 polygons
2026-03-25 23:00:48 +0100: Memory Usage (471408K) : metal5_noqrc has 0 polygons
2026-03-25 23:00:48 +0100: Memory Usage (471408K) : metal5_res has 0 polygons
2026-03-25 23:00:48 +0100: Memory Usage (471408K) : metal5_iprobe has 0 polygons
2026-03-25 23:00:48 +0100: Memory Usage (471408K) : metal5_diffprb has 0 polygons
2026-03-25 23:00:48 +0100: Memory Usage (471408K) : radhard_drw has 0 polygons
2026-03-25 23:00:48 +0100: Memory Usage (471408K) : memcap_drw has 0 polygons
2026-03-25 23:00:48 +0100: Memory Usage (471408K) : varicap_drw has 0 polygons
2026-03-25 23:00:48 +0100: Memory Usage (471408K) : flash_drw has 0 polygons
2026-03-25 23:00:48 +0100: Memory Usage (471408K) : intbondvia_drw has 0 polygons
2026-03-25 23:00:48 +0100: Memory Usage (471408K) : intbondmet_drw has 0 polygons
2026-03-25 23:00:48 +0100: Memory Usage (471408K) : devbondvia_drw has 0 polygons
2026-03-25 23:00:48 +0100: Memory Usage (471408K) : devbondmet_drw has 0 polygons
2026-03-25 23:00:48 +0100: Memory Usage (471408K) : devtrench_drw has 0 polygons
2026-03-25 23:00:48 +0100: Memory Usage (471408K) : redist_drw has 0 polygons
2026-03-25 23:00:48 +0100: Memory Usage (471408K) : graphbot_drw has 0 polygons
2026-03-25 23:00:48 +0100: Memory Usage (471408K) : graphtop_drw has 0 polygons
2026-03-25 23:00:48 +0100: Memory Usage (471408K) : antvia1_drw has 0 polygons
2026-03-25 23:00:48 +0100: Memory Usage (471408K) : antmetal2_drw has 0 polygons
2026-03-25 23:00:48 +0100: Memory Usage (471408K) : graphcont_drw has 0 polygons
2026-03-25 23:00:48 +0100: Memory Usage (471408K) : siwg_drw has 0 polygons
2026-03-25 23:00:48 +0100: Memory Usage (471408K) : siwg_filler has 0 polygons
2026-03-25 23:00:48 +0100: Memory Usage (471408K) : siwg_nofill has 0 polygons
2026-03-25 23:00:48 +0100: Memory Usage (471408K) : sigrating_drw has 0 polygons
2026-03-25 23:00:48 +0100: Memory Usage (471408K) : singrating_drw has 0 polygons
2026-03-25 23:00:48 +0100: Memory Usage (471408K) : graphpas_drw has 0 polygons
2026-03-25 23:00:48 +0100: Memory Usage (471408K) : emwind3_drw has 0 polygons
2026-03-25 23:00:48 +0100: Memory Usage (471408K) : emwihv3_drw has 0 polygons
2026-03-25 23:00:48 +0100: Memory Usage (471408K) : redbulay_drw has 0 polygons
2026-03-25 23:00:48 +0100: Memory Usage (471408K) : smos_drw has 0 polygons
2026-03-25 23:00:48 +0100: Memory Usage (471408K) : graphpad_drw has 0 polygons
2026-03-25 23:00:48 +0100: Memory Usage (471408K) : polimide_drw has 0 polygons
2026-03-25 23:00:48 +0100: Memory Usage (471408K) : polimide_pin has 0 polygons
2026-03-25 23:00:48 +0100: Memory Usage (471408K) : recog_drw has 0 polygons
2026-03-25 23:00:48 +0100: Memory Usage (471408K) : recog_pin has 0 polygons
2026-03-25 23:00:48 +0100: Memory Usage (471408K) : recog_esd has 0 polygons
2026-03-25 23:00:48 +0100: Memory Usage (471408K) : recog_diode has 0 polygons
2026-03-25 23:00:48 +0100: Memory Usage (471408K) : recog_tsv has 0 polygons
2026-03-25 23:00:48 +0100: Memory Usage (471408K) : recog_iprobe has 0 polygons
2026-03-25 23:00:48 +0100: Memory Usage (471408K) : recog_diffprb has 0 polygons
2026-03-25 23:00:48 +0100: Memory Usage (471408K) : recog_pillar has 0 polygons
2026-03-25 23:00:48 +0100: Memory Usage (471408K) : recog_sbump has 0 polygons
2026-03-25 23:00:48 +0100: Memory Usage (471408K) : recog_otp has 0 polygons
2026-03-25 23:00:48 +0100: Memory Usage (471408K) : recog_pdiode has 0 polygons
2026-03-25 23:00:48 +0100: Memory Usage (471408K) : recog_mom has 0 polygons
2026-03-25 23:00:48 +0100: Memory Usage (471408K) : recog_pcm has 0 polygons
2026-03-25 23:00:48 +0100: Memory Usage (471408K) : colopen_drw has 0 polygons
2026-03-25 23:00:48 +0100: Memory Usage (471408K) : graphmetal1_drw has 0 polygons
2026-03-25 23:00:48 +0100: Memory Usage (471408K) : graphmetal1_filler has 0 polygons
2026-03-25 23:00:48 +0100: Memory Usage (471408K) : graphmetal1_nofill has 0 polygons
2026-03-25 23:00:48 +0100: Memory Usage (471408K) : graphmetal1_slit has 0 polygons
2026-03-25 23:00:48 +0100: Memory Usage (471408K) : graphmetal1_opc has 0 polygons
2026-03-25 23:00:48 +0100: Memory Usage (471408K) : graphmet1l_drw has 0 polygons
2026-03-25 23:00:48 +0100: Memory Usage (471408K) : graphmet1l_filler has 0 polygons
2026-03-25 23:00:48 +0100: Memory Usage (471408K) : graphmet1l_nofill has 0 polygons
2026-03-25 23:00:48 +0100: Memory Usage (471408K) : graphmet1l_slit has 0 polygons
2026-03-25 23:00:48 +0100: Memory Usage (471408K) : graphmet1l_opc has 0 polygons
2026-03-25 23:00:48 +0100: Memory Usage (471408K) : extblock_drw has 5 polygons
2026-03-25 23:00:48 +0100: Memory Usage (471408K) : nldd_drw has 0 polygons
2026-03-25 23:00:48 +0100: Memory Usage (471408K) : pldd_drw has 0 polygons
2026-03-25 23:00:48 +0100: Memory Usage (471408K) : next_drw has 0 polygons
2026-03-25 23:00:48 +0100: Memory Usage (471408K) : pext_drw has 0 polygons
2026-03-25 23:00:48 +0100: Memory Usage (471408K) : nexthv_drw has 0 polygons
2026-03-25 23:00:48 +0100: Memory Usage (471408K) : pexthv_drw has 0 polygons
2026-03-25 23:00:48 +0100: Memory Usage (471408K) : graphgate_drw has 0 polygons
2026-03-25 23:00:48 +0100: Memory Usage (471408K) : sinwg_drw has 0 polygons
2026-03-25 23:00:48 +0100: Memory Usage (471408K) : sinwg_filler has 0 polygons
2026-03-25 23:00:48 +0100: Memory Usage (471408K) : sinwg_nofill has 0 polygons
2026-03-25 23:00:48 +0100: Memory Usage (471408K) : mempad_drw has 0 polygons
2026-03-25 23:00:48 +0100: Memory Usage (471408K) : topvia1_drw has 1720 polygons
2026-03-25 23:00:48 +0100: Memory Usage (471408K) : topmetal1_drw has 13 polygons
2026-03-25 23:00:48 +0100: Memory Usage (471408K) : topmetal1_pin has 15 polygons
2026-03-25 23:00:48 +0100: Memory Usage (471408K) : topmetal1_mask has 0 polygons
2026-03-25 23:00:48 +0100: Memory Usage (471408K) : topmetal1_filler has 0 polygons
2026-03-25 23:00:48 +0100: Memory Usage (471408K) : topmetal1_nofill has 0 polygons
2026-03-25 23:00:48 +0100: Memory Usage (471408K) : topmetal1_slit has 0 polygons
2026-03-25 23:00:48 +0100: Memory Usage (471408K) : topmetal1_text has 5 polygons
2026-03-25 23:00:48 +0100: Memory Usage (471408K) : topmetal1_noqrc has 0 polygons
2026-03-25 23:00:48 +0100: Memory Usage (471408K) : topmetal1_res has 0 polygons
2026-03-25 23:00:48 +0100: Memory Usage (471408K) : topmetal1_iprobe has 0 polygons
2026-03-25 23:00:48 +0100: Memory Usage (471408K) : topmetal1_diffprb has 0 polygons
2026-03-25 23:00:48 +0100: Memory Usage (471408K) : inldpwl_drw has 0 polygons
2026-03-25 23:00:48 +0100: Memory Usage (471408K) : polyres_drw has 7 polygons
2026-03-25 23:00:48 +0100: Memory Usage (471408K) : polyres_pin has 0 polygons
2026-03-25 23:00:48 +0100: Memory Usage (471408K) : vmim_drw has 578 polygons
2026-03-25 23:00:48 +0100: Memory Usage (471408K) : nbulaycut_drw has 0 polygons
2026-03-25 23:00:48 +0100: Memory Usage (471408K) : antmetal1_drw has 0 polygons
2026-03-25 23:00:48 +0100: Memory Usage (471408K) : topvia2_drw has 916 polygons
2026-03-25 23:00:48 +0100: Memory Usage (471408K) : topmetal2_drw has 4 polygons
2026-03-25 23:00:48 +0100: Memory Usage (471408K) : topmetal2_pin has 2 polygons
2026-03-25 23:00:48 +0100: Memory Usage (471408K) : topmetal2_mask has 0 polygons
2026-03-25 23:00:48 +0100: Memory Usage (471408K) : topmetal2_filler has 0 polygons
2026-03-25 23:00:48 +0100: Memory Usage (471408K) : topmetal2_nofill has 0 polygons
2026-03-25 23:00:48 +0100: Memory Usage (471408K) : topmetal2_slit has 0 polygons
2026-03-25 23:00:48 +0100: Memory Usage (471408K) : topmetal2_text has 2 polygons
2026-03-25 23:00:48 +0100: Memory Usage (471408K) : topmetal2_noqrc has 0 polygons
2026-03-25 23:00:48 +0100: Memory Usage (471408K) : topmetal2_res has 0 polygons
2026-03-25 23:00:48 +0100: Memory Usage (471408K) : topmetal2_iprobe has 0 polygons
2026-03-25 23:00:48 +0100: Memory Usage (471408K) : topmetal2_diffprb has 0 polygons
2026-03-25 23:00:48 +0100: Memory Usage (471408K) : snsring_drw has 0 polygons
2026-03-25 23:00:48 +0100: Memory Usage (471408K) : sensor_drw has 0 polygons
2026-03-25 23:00:48 +0100: Memory Usage (471408K) : snsarms_drw has 0 polygons
2026-03-25 23:00:48 +0100: Memory Usage (471408K) : snscmosvia_drw has 0 polygons
2026-03-25 23:00:48 +0100: Memory Usage (471408K) : colwind_drw has 0 polygons
2026-03-25 23:00:48 +0100: Memory Usage (471408K) : flm_drw has 0 polygons
2026-03-25 23:00:48 +0100: Memory Usage (471408K) : hafniumox_drw has 0 polygons
2026-03-25 23:00:48 +0100: Memory Usage (471408K) : memvia_drw has 0 polygons
2026-03-25 23:00:48 +0100: Memory Usage (471408K) : thinfilmres_drw has 0 polygons
2026-03-25 23:00:48 +0100: Memory Usage (471408K) : rfmem_drw has 0 polygons
2026-03-25 23:00:48 +0100: Memory Usage (471408K) : norcx_drw has 0 polygons
2026-03-25 23:00:48 +0100: Memory Usage (471408K) : norcx_m2m3 has 0 polygons
2026-03-25 23:00:48 +0100: Memory Usage (471408K) : norcx_m2m4 has 0 polygons
2026-03-25 23:00:48 +0100: Memory Usage (471408K) : norcx_m2m5 has 0 polygons
2026-03-25 23:00:48 +0100: Memory Usage (471408K) : norcx_m2tm1 has 0 polygons
2026-03-25 23:00:48 +0100: Memory Usage (471408K) : norcx_m2tm2 has 0 polygons
2026-03-25 23:00:48 +0100: Memory Usage (471408K) : norcx_m3m4 has 0 polygons
2026-03-25 23:00:48 +0100: Memory Usage (471408K) : norcx_m3m5 has 0 polygons
2026-03-25 23:00:48 +0100: Memory Usage (471408K) : norcx_m3tm1 has 0 polygons
2026-03-25 23:00:48 +0100: Memory Usage (471408K) : norcx_m3tm2 has 0 polygons
2026-03-25 23:00:48 +0100: Memory Usage (471408K) : norcx_m4m5 has 0 polygons
2026-03-25 23:00:48 +0100: Memory Usage (471408K) : norcx_m4tm1 has 0 polygons
2026-03-25 23:00:48 +0100: Memory Usage (471408K) : norcx_m4tm2 has 0 polygons
2026-03-25 23:00:48 +0100: Memory Usage (471408K) : norcx_m5tm1 has 0 polygons
2026-03-25 23:00:48 +0100: Memory Usage (471408K) : norcx_m5tm2 has 0 polygons
2026-03-25 23:00:48 +0100: Memory Usage (471408K) : norcx_tm1tm2 has 0 polygons
2026-03-25 23:00:48 +0100: Memory Usage (471408K) : norcx_m1sub has 0 polygons
2026-03-25 23:00:48 +0100: Memory Usage (471408K) : norcx_m2sub has 0 polygons
2026-03-25 23:00:48 +0100: Memory Usage (471408K) : norcx_m3sub has 0 polygons
2026-03-25 23:00:48 +0100: Memory Usage (471408K) : norcx_m4sub has 0 polygons
2026-03-25 23:00:48 +0100: Memory Usage (471408K) : norcx_m5sub has 0 polygons
2026-03-25 23:00:48 +0100: Memory Usage (471408K) : norcx_tm1sub has 0 polygons
2026-03-25 23:00:48 +0100: Memory Usage (471408K) : norcx_tm2sub has 0 polygons
2026-03-25 23:00:48 +0100: Memory Usage (471408K) : snsbotvia_drw has 0 polygons
2026-03-25 23:00:48 +0100: Memory Usage (471592K) : snstopvia_drw has 0 polygons
2026-03-25 23:00:48 +0100: Memory Usage (471592K) : deepvia_drw has 0 polygons
2026-03-25 23:00:48 +0100: Memory Usage (471852K) : fgetch_drw has 0 polygons
2026-03-25 23:00:49 +0100: Memory Usage (471852K) : ctrgat_drw has 0 polygons
2026-03-25 23:00:49 +0100: Memory Usage (471852K) : fgimp_drw has 0 polygons
2026-03-25 23:00:49 +0100: Memory Usage (472116K) : emwihv_drw has 0 polygons
2026-03-25 23:00:49 +0100: Memory Usage (472116K) : lbe_drw has 0 polygons
2026-03-25 23:00:49 +0100: Memory Usage (472116K) : alcustop_drw has 0 polygons
2026-03-25 23:00:49 +0100: Memory Usage (472380K) : nometfiller_drw has 0 polygons
2026-03-25 23:00:49 +0100: Memory Usage (472380K) : prboundary_drw has 0 polygons
2026-03-25 23:00:49 +0100: Memory Usage (472380K) : exchange0_drw has 0 polygons
2026-03-25 23:00:49 +0100: Memory Usage (472644K) : exchange0_pin has 0 polygons
2026-03-25 23:00:49 +0100: Memory Usage (472644K) : exchange0_text has 0 polygons
2026-03-25 23:00:49 +0100: Memory Usage (472904K) : exchange1_drw has 0 polygons
2026-03-25 23:00:49 +0100: Memory Usage (472904K) : exchange1_pin has 0 polygons
2026-03-25 23:00:49 +0100: Memory Usage (472904K) : exchange1_text has 0 polygons
2026-03-25 23:00:49 +0100: Memory Usage (473168K) : exchange2_drw has 0 polygons
2026-03-25 23:00:49 +0100: Memory Usage (473168K) : exchange2_pin has 0 polygons
2026-03-25 23:00:49 +0100: Memory Usage (473168K) : exchange2_text has 0 polygons
2026-03-25 23:00:49 +0100: Memory Usage (473432K) : exchange3_drw has 0 polygons
2026-03-25 23:00:49 +0100: Memory Usage (473432K) : exchange3_pin has 0 polygons
2026-03-25 23:00:49 +0100: Memory Usage (473432K) : exchange3_text has 0 polygons
2026-03-25 23:00:49 +0100: Memory Usage (473696K) : exchange4_drw has 0 polygons
2026-03-25 23:00:49 +0100: Memory Usage (473788K) : exchange4_pin has 0 polygons
2026-03-25 23:00:49 +0100: Memory Usage (473788K) : exchange4_text has 0 polygons
2026-03-25 23:00:49 +0100: Memory Usage (473788K) : isonwell_drw has 0 polygons
2026-03-25 23:00:49 +0100: Memory Usage (473788K) : Total no. of polygons in the design is 55451
2026-03-25 23:00:49 +0100: Memory Usage (473788K) : Loaded TECH DRC rules values from /foss/pdks/ihp-sg13g2/libs.tech/klayout/python/sg13g2_pycell_lib/sg13g2_tech_mod.json
2026-03-25 23:00:49 +0100: Memory Usage (473788K) : Loaded default DRC rules values from /foss/pdks/ihp-sg13g2/libs.tech/klayout/tech/drc/rule_decks/sg13g2_tech_default.json
2026-03-25 23:00:49 +0100: Memory Usage (473788K) : The following rules values were missing in tech json and default values were used:
2026-03-25 23:00:49 +0100: Memory Usage (473788K) :   - Cnt_c_digibnd
2026-03-25 23:00:49 +0100: Memory Usage (473788K) : Total area of the design is 54805.149724999996 um^2.
2026-03-25 23:00:49 +0100: Memory Usage (473788K) : The design dimensions are 309.90500000000003 µm * 176.845 µm.
2026-03-25 23:00:49 +0100: Memory Usage (473788K) : Starting general IHP-SG13G2 derivations.
2026-03-25 23:00:49 +0100: Memory Usage (473788K) : Starting Pwell derivations
2026-03-25 23:00:49 +0100: Memory Usage (473788K) : Starting IHP-SG13G2 DRC rules.
2026-03-25 23:00:49 +0100: Memory Usage (473788K) : Starting 5.20. Vian table
2026-03-25 23:00:49 +0100: Memory Usage (473788K) : Executing rule V2.a
2026-03-25 23:00:49 +0100: Memory Usage (474108K) : Executing rule V2.b
2026-03-25 23:00:49 +0100: Memory Usage (475676K) : Executing rule V2.c
2026-03-25 23:00:49 +0100: Memory Usage (476472K) : Executing rule V3.a
2026-03-25 23:00:49 +0100: Memory Usage (476472K) : Executing rule V3.b
2026-03-25 23:00:49 +0100: Memory Usage (476472K) : Executing rule V3.c
2026-03-25 23:00:49 +0100: Memory Usage (476472K) : Executing rule V4.a
2026-03-25 23:00:49 +0100: Memory Usage (476736K) : Executing rule V4.b
2026-03-25 23:00:49 +0100: Memory Usage (476736K) : Executing rule V4.c
2026-03-25 23:00:49 +0100: Memory Usage (476736K) : KLayout DRC run for tables 'vian' completed in 2.15 seconds
