# Logfile created on 2026-03-25 23:00:38 +0100 by logger.rb/v1.5.3
2026-03-25 23:00:38 +0100: Memory Usage (437280K) : Starting running IHP-SG13G2 KLayout DRC runset on /foss/designs/Design/xschem/IHP__OPA2251/OPA2251-main/layout/klayout/HPA_project_wrapper.gds
2026-03-25 23:00:38 +0100: Memory Usage (437280K) : Ruby Version for klayout: 3.2.3
2026-03-25 23:00:40 +0100: Memory Usage (451940K) : Loading database to memory is complete.
2026-03-25 23:00:40 +0100: Memory Usage (451940K) : IHP-SG13G2 KLayout DRC runset output at: /foss/designs/Design/xschem/IHP__OPA2251/OPA2251-main/layout/klayout/drc_run_HPA/HPA_project_wrapper_HPA_nwell.lyrdb
2026-03-25 23:00:40 +0100: Memory Usage (451940K) : Evaluate switches.
2026-03-25 23:00:40 +0100: Memory Usage (451940K) : tables selected: nwell
2026-03-25 23:00:40 +0100: Memory Usage (451940K) : KLayout will use 4 thread(s) in tiled mode.
2026-03-25 23:00:40 +0100: Memory Usage (451940K) : flat mode is enabled.
2026-03-25 23:00:40 +0100: Memory Usage (451940K) : FEOL enabled: false
2026-03-25 23:00:40 +0100: Memory Usage (451940K) : BEOL enabled: false
2026-03-25 23:00:40 +0100: Memory Usage (451940K) : OFFGRID enabled: true
2026-03-25 23:00:40 +0100: Memory Usage (451940K) : PIN enabled: false
2026-03-25 23:00:40 +0100: Memory Usage (451940K) : FORBIDDEN enabled: false
2026-03-25 23:00:40 +0100: Memory Usage (451940K) : RECOMMENDED enabled: true
2026-03-25 23:00:40 +0100: Memory Usage (451940K) : PreCheck DRC enabled: false
2026-03-25 23:00:40 +0100: Memory Usage (451940K) : CONNECTIVITY_RULES enabled: true.
2026-03-25 23:00:40 +0100: Memory Usage (451940K) : Read in polygons from layers.
2026-03-25 23:00:40 +0100: Memory Usage (454792K) : activ_drw has 198 polygons
2026-03-25 23:00:40 +0100: Memory Usage (454792K) : activ_pin has 0 polygons
2026-03-25 23:00:40 +0100: Memory Usage (454792K) : activ_mask has 0 polygons
2026-03-25 23:00:40 +0100: Memory Usage (454792K) : activ_filler has 0 polygons
2026-03-25 23:00:40 +0100: Memory Usage (454792K) : activ_nofill has 0 polygons
2026-03-25 23:00:40 +0100: Memory Usage (454792K) : activ_opc has 0 polygons
2026-03-25 23:00:40 +0100: Memory Usage (454792K) : activ_iopc has 0 polygons
2026-03-25 23:00:40 +0100: Memory Usage (454792K) : activ_noqrc has 0 polygons
2026-03-25 23:00:40 +0100: Memory Usage (454792K) : biwind_drw has 0 polygons
2026-03-25 23:00:40 +0100: Memory Usage (454792K) : biwind_opc has 0 polygons
2026-03-25 23:00:40 +0100: Memory Usage (454792K) : pemwind_drw has 0 polygons
2026-03-25 23:00:40 +0100: Memory Usage (455376K) : gatpoly_drw has 108 polygons
2026-03-25 23:00:40 +0100: Memory Usage (455376K) : gatpoly_pin has 124 polygons
2026-03-25 23:00:40 +0100: Memory Usage (455376K) : gatpoly_filler has 0 polygons
2026-03-25 23:00:40 +0100: Memory Usage (455376K) : gatpoly_nofill has 0 polygons
2026-03-25 23:00:40 +0100: Memory Usage (455376K) : gatpoly_opc has 0 polygons
2026-03-25 23:00:40 +0100: Memory Usage (455376K) : gatpoly_iopc has 0 polygons
2026-03-25 23:00:40 +0100: Memory Usage (455376K) : gatpoly_noqrc has 0 polygons
2026-03-25 23:00:40 +0100: Memory Usage (459924K) : cont_drw has 16803 polygons
2026-03-25 23:00:40 +0100: Memory Usage (459924K) : cont_opc has 0 polygons
2026-03-25 23:00:40 +0100: Memory Usage (459924K) : nsd_drw has 0 polygons
2026-03-25 23:00:40 +0100: Memory Usage (459924K) : nsd_block has 0 polygons
2026-03-25 23:00:40 +0100: Memory Usage (459924K) : metal1_drw has 390 polygons
2026-03-25 23:00:40 +0100: Memory Usage (459924K) : metal1_pin has 515 polygons
2026-03-25 23:00:40 +0100: Memory Usage (459924K) : metal1_mask has 0 polygons
2026-03-25 23:00:40 +0100: Memory Usage (459924K) : metal1_filler has 0 polygons
2026-03-25 23:00:40 +0100: Memory Usage (459924K) : metal1_nofill has 0 polygons
2026-03-25 23:00:40 +0100: Memory Usage (459924K) : metal1_slit has 0 polygons
2026-03-25 23:00:40 +0100: Memory Usage (459924K) : metal1_text has 0 polygons
2026-03-25 23:00:40 +0100: Memory Usage (459924K) : metal1_opc has 0 polygons
2026-03-25 23:00:40 +0100: Memory Usage (459924K) : metal1_noqrc has 0 polygons
2026-03-25 23:00:40 +0100: Memory Usage (459924K) : metal1_res has 0 polygons
2026-03-25 23:00:40 +0100: Memory Usage (459924K) : metal1_iprobe has 0 polygons
2026-03-25 23:00:40 +0100: Memory Usage (459924K) : metal1_diffprb has 0 polygons
2026-03-25 23:00:40 +0100: Memory Usage (459924K) : passiv_drw has 0 polygons
2026-03-25 23:00:40 +0100: Memory Usage (459924K) : passiv_pin has 0 polygons
2026-03-25 23:00:40 +0100: Memory Usage (459924K) : passiv_sbump has 0 polygons
2026-03-25 23:00:40 +0100: Memory Usage (459924K) : passiv_pillar has 0 polygons
2026-03-25 23:00:40 +0100: Memory Usage (459924K) : passiv_pdl has 0 polygons
2026-03-25 23:00:40 +0100: Memory Usage (459924K) : metal2_drw has 95 polygons
2026-03-25 23:00:40 +0100: Memory Usage (459924K) : metal2_pin has 11 polygons
2026-03-25 23:00:40 +0100: Memory Usage (459924K) : metal2_mask has 0 polygons
2026-03-25 23:00:40 +0100: Memory Usage (459924K) : metal2_filler has 0 polygons
2026-03-25 23:00:40 +0100: Memory Usage (459924K) : metal2_nofill has 0 polygons
2026-03-25 23:00:40 +0100: Memory Usage (459924K) : metal2_slit has 0 polygons
2026-03-25 23:00:40 +0100: Memory Usage (459924K) : metal2_text has 0 polygons
2026-03-25 23:00:40 +0100: Memory Usage (459924K) : metal2_opc has 0 polygons
2026-03-25 23:00:40 +0100: Memory Usage (459924K) : metal2_noqrc has 0 polygons
2026-03-25 23:00:40 +0100: Memory Usage (459924K) : metal2_res has 0 polygons
2026-03-25 23:00:40 +0100: Memory Usage (459924K) : metal2_iprobe has 0 polygons
2026-03-25 23:00:40 +0100: Memory Usage (459924K) : metal2_diffprb has 0 polygons
2026-03-25 23:00:40 +0100: Memory Usage (459924K) : baspoly_drw has 0 polygons
2026-03-25 23:00:40 +0100: Memory Usage (459924K) : baspoly_pin has 0 polygons
2026-03-25 23:00:40 +0100: Memory Usage (460304K) : psd_drw has 24 polygons
2026-03-25 23:00:40 +0100: Memory Usage (460304K) : nldb_drw has 0 polygons
2026-03-25 23:00:40 +0100: Memory Usage (460304K) : digibnd_drw has 0 polygons
2026-03-25 23:00:40 +0100: Memory Usage (461888K) : via1_drw has 9590 polygons
2026-03-25 23:00:40 +0100: Memory Usage (461888K) : backmetal1_drw has 0 polygons
2026-03-25 23:00:40 +0100: Memory Usage (461888K) : backmetal1_pin has 0 polygons
2026-03-25 23:00:40 +0100: Memory Usage (461888K) : backmetal1_mask has 0 polygons
2026-03-25 23:00:40 +0100: Memory Usage (461888K) : backmetal1_filler has 0 polygons
2026-03-25 23:00:40 +0100: Memory Usage (461888K) : backmetal1_nofill has 0 polygons
2026-03-25 23:00:40 +0100: Memory Usage (461888K) : backmetal1_slit has 0 polygons
2026-03-25 23:00:40 +0100: Memory Usage (461888K) : backmetal1_text has 0 polygons
2026-03-25 23:00:40 +0100: Memory Usage (461888K) : backmetal1_opc has 0 polygons
2026-03-25 23:00:40 +0100: Memory Usage (461888K) : backmetal1_noqrc has 0 polygons
2026-03-25 23:00:40 +0100: Memory Usage (461888K) : backmetal1_res has 0 polygons
2026-03-25 23:00:40 +0100: Memory Usage (461888K) : backmetal1_iprobe has 0 polygons
2026-03-25 23:00:40 +0100: Memory Usage (461888K) : backmetal1_diffprb has 0 polygons
2026-03-25 23:00:40 +0100: Memory Usage (461888K) : backpassiv_drw has 0 polygons
2026-03-25 23:00:40 +0100: Memory Usage (461888K) : res_drw has 0 polygons
2026-03-25 23:00:40 +0100: Memory Usage (461888K) : sram_drw has 0 polygons
2026-03-25 23:00:40 +0100: Memory Usage (461888K) : trans_drw has 0 polygons
2026-03-25 23:00:40 +0100: Memory Usage (462152K) : ind_drw has 0 polygons
2026-03-25 23:00:40 +0100: Memory Usage (462152K) : ind_pin has 0 polygons
2026-03-25 23:00:40 +0100: Memory Usage (462152K) : ind_text has 0 polygons
2026-03-25 23:00:40 +0100: Memory Usage (462152K) : salblock_drw has 7 polygons
2026-03-25 23:00:40 +0100: Memory Usage (463736K) : via2_drw has 7995 polygons
2026-03-25 23:00:40 +0100: Memory Usage (463736K) : metal3_drw has 67 polygons
2026-03-25 23:00:40 +0100: Memory Usage (463736K) : metal3_pin has 8 polygons
2026-03-25 23:00:40 +0100: Memory Usage (463736K) : metal3_mask has 0 polygons
2026-03-25 23:00:40 +0100: Memory Usage (463736K) : metal3_filler has 0 polygons
2026-03-25 23:00:40 +0100: Memory Usage (463736K) : metal3_nofill has 0 polygons
2026-03-25 23:00:40 +0100: Memory Usage (463736K) : metal3_slit has 0 polygons
2026-03-25 23:00:40 +0100: Memory Usage (463736K) : metal3_text has 0 polygons
2026-03-25 23:00:40 +0100: Memory Usage (463736K) : metal3_opc has 0 polygons
2026-03-25 23:00:40 +0100: Memory Usage (463736K) : metal3_noqrc has 0 polygons
2026-03-25 23:00:40 +0100: Memory Usage (463736K) : metal3_res has 0 polygons
2026-03-25 23:00:40 +0100: Memory Usage (464000K) : metal3_iprobe has 0 polygons
2026-03-25 23:00:40 +0100: Memory Usage (464000K) : metal3_diffprb has 0 polygons
2026-03-25 23:00:40 +0100: Memory Usage (464528K) : nwell_drw has 5 polygons
2026-03-25 23:00:40 +0100: Memory Usage (464528K) : nwell_pin has 0 polygons
2026-03-25 23:00:40 +0100: Memory Usage (464528K) : nbulay_drw has 0 polygons
2026-03-25 23:00:40 +0100: Memory Usage (464528K) : nbulay_pin has 0 polygons
2026-03-25 23:00:40 +0100: Memory Usage (464792K) : nbulay_block has 0 polygons
2026-03-25 23:00:40 +0100: Memory Usage (464792K) : emwind_drw has 0 polygons
2026-03-25 23:00:40 +0100: Memory Usage (464792K) : emwind_opc has 0 polygons
2026-03-25 23:00:40 +0100: Memory Usage (464792K) : deepco_drw has 0 polygons
2026-03-25 23:00:40 +0100: Memory Usage (464792K) : deepco_drw has 0 polygons
2026-03-25 23:00:40 +0100: Memory Usage (465056K) : mim_drw has 2 polygons
2026-03-25 23:00:40 +0100: Memory Usage (465056K) : edgeseal_drw has 0 polygons
2026-03-25 23:00:40 +0100: Memory Usage (465320K) : edgeseal_bound has 0 polygons
2026-03-25 23:00:40 +0100: Memory Usage (465320K) : substrate_drw has 723 polygons
2026-03-25 23:00:40 +0100: Memory Usage (465584K) : substrate_text has 0 polygons
2026-03-25 23:00:40 +0100: Memory Usage (465584K) : dfpad_drw has 0 polygons
2026-03-25 23:00:40 +0100: Memory Usage (465584K) : dfpad_pillar has 0 polygons
2026-03-25 23:00:40 +0100: Memory Usage (465848K) : dfpad_sbump has 0 polygons
2026-03-25 23:00:40 +0100: Memory Usage (465848K) : thickgateox_drw has 0 polygons
2026-03-25 23:00:40 +0100: Memory Usage (465848K) : pldb_drw has 0 polygons
2026-03-25 23:00:40 +0100: Memory Usage (466112K) : pwell_drw has 0 polygons
2026-03-25 23:00:40 +0100: Memory Usage (466112K) : pwell_pin has 0 polygons
2026-03-25 23:00:40 +0100: Memory Usage (466376K) : pwell_block has 0 polygons
2026-03-25 23:00:40 +0100: Memory Usage (466376K) : ic_drw has 0 polygons
2026-03-25 23:00:40 +0100: Memory Usage (468224K) : via3_drw has 7005 polygons
2026-03-25 23:00:40 +0100: Memory Usage (468224K) : metal4_drw has 40 polygons
2026-03-25 23:00:40 +0100: Memory Usage (468224K) : metal4_pin has 3 polygons
2026-03-25 23:00:40 +0100: Memory Usage (468224K) : metal4_mask has 0 polygons
2026-03-25 23:00:40 +0100: Memory Usage (468224K) : metal4_filler has 0 polygons
2026-03-25 23:00:40 +0100: Memory Usage (468224K) : metal4_nofill has 0 polygons
2026-03-25 23:00:40 +0100: Memory Usage (468224K) : metal4_slit has 0 polygons
2026-03-25 23:00:40 +0100: Memory Usage (468224K) : metal4_text has 0 polygons
2026-03-25 23:00:40 +0100: Memory Usage (468224K) : metal4_opc has 0 polygons
2026-03-25 23:00:40 +0100: Memory Usage (468224K) : metal4_noqrc has 0 polygons
2026-03-25 23:00:40 +0100: Memory Usage (468488K) : metal4_res has 0 polygons
2026-03-25 23:00:40 +0100: Memory Usage (468488K) : metal4_iprobe has 0 polygons
2026-03-25 23:00:40 +0100: Memory Usage (468488K) : metal4_diffprb has 0 polygons
2026-03-25 23:00:40 +0100: Memory Usage (468752K) : heattrans_drw has 421 polygons
2026-03-25 23:00:40 +0100: Memory Usage (469016K) : heatres_drw has 7 polygons
2026-03-25 23:00:40 +0100: Memory Usage (469016K) : pempoly_drw has 0 polygons
2026-03-25 23:00:40 +0100: Memory Usage (469016K) : fbe_drw has 0 polygons
2026-03-25 23:00:40 +0100: Memory Usage (469016K) : empoly_drw has 0 polygons
2026-03-25 23:00:40 +0100: Memory Usage (469016K) : ldmos_drw has 0 polygons
2026-03-25 23:00:40 +0100: Memory Usage (469016K) : pbiwind_drw has 0 polygons
2026-03-25 23:00:40 +0100: Memory Usage (469016K) : digisub_drw has 0 polygons
2026-03-25 23:00:40 +0100: Memory Usage (469016K) : nodrc_drw has 0 polygons
2026-03-25 23:00:40 +0100: Memory Usage (469016K) : text_drw has 1107 polygons
2026-03-25 23:00:40 +0100: Memory Usage (469016K) : via4_drw has 6898 polygons
2026-03-25 23:00:40 +0100: Memory Usage (469016K) : metal5_drw has 32 polygons
2026-03-25 23:00:40 +0100: Memory Usage (469016K) : metal5_pin has 5 polygons
2026-03-25 23:00:40 +0100: Memory Usage (469016K) : metal5_mask has 0 polygons
2026-03-25 23:00:40 +0100: Memory Usage (469016K) : metal5_filler has 0 polygons
2026-03-25 23:00:40 +0100: Memory Usage (469016K) : metal5_nofill has 0 polygons
2026-03-25 23:00:40 +0100: Memory Usage (469016K) : metal5_slit has 0 polygons
2026-03-25 23:00:40 +0100: Memory Usage (469016K) : metal5_text has 1 polygons
2026-03-25 23:00:40 +0100: Memory Usage (469016K) : metal5_opc has 0 polygons
2026-03-25 23:00:40 +0100: Memory Usage (469016K) : metal5_noqrc has 0 polygons
2026-03-25 23:00:40 +0100: Memory Usage (469016K) : metal5_res has 0 polygons
2026-03-25 23:00:40 +0100: Memory Usage (469016K) : metal5_iprobe has 0 polygons
2026-03-25 23:00:40 +0100: Memory Usage (469016K) : metal5_diffprb has 0 polygons
2026-03-25 23:00:40 +0100: Memory Usage (469016K) : radhard_drw has 0 polygons
2026-03-25 23:00:40 +0100: Memory Usage (469016K) : memcap_drw has 0 polygons
2026-03-25 23:00:40 +0100: Memory Usage (469016K) : varicap_drw has 0 polygons
2026-03-25 23:00:40 +0100: Memory Usage (469016K) : flash_drw has 0 polygons
2026-03-25 23:00:40 +0100: Memory Usage (469016K) : intbondvia_drw has 0 polygons
2026-03-25 23:00:40 +0100: Memory Usage (469016K) : intbondmet_drw has 0 polygons
2026-03-25 23:00:40 +0100: Memory Usage (469016K) : devbondvia_drw has 0 polygons
2026-03-25 23:00:40 +0100: Memory Usage (469016K) : devbondmet_drw has 0 polygons
2026-03-25 23:00:40 +0100: Memory Usage (469016K) : devtrench_drw has 0 polygons
2026-03-25 23:00:40 +0100: Memory Usage (469016K) : redist_drw has 0 polygons
2026-03-25 23:00:40 +0100: Memory Usage (469016K) : graphbot_drw has 0 polygons
2026-03-25 23:00:40 +0100: Memory Usage (469016K) : graphtop_drw has 0 polygons
2026-03-25 23:00:40 +0100: Memory Usage (469016K) : antvia1_drw has 0 polygons
2026-03-25 23:00:40 +0100: Memory Usage (469016K) : antmetal2_drw has 0 polygons
2026-03-25 23:00:40 +0100: Memory Usage (469016K) : graphcont_drw has 0 polygons
2026-03-25 23:00:40 +0100: Memory Usage (469016K) : siwg_drw has 0 polygons
2026-03-25 23:00:40 +0100: Memory Usage (469016K) : siwg_filler has 0 polygons
2026-03-25 23:00:40 +0100: Memory Usage (469016K) : siwg_nofill has 0 polygons
2026-03-25 23:00:40 +0100: Memory Usage (469016K) : sigrating_drw has 0 polygons
2026-03-25 23:00:40 +0100: Memory Usage (469016K) : singrating_drw has 0 polygons
2026-03-25 23:00:40 +0100: Memory Usage (469016K) : graphpas_drw has 0 polygons
2026-03-25 23:00:40 +0100: Memory Usage (469016K) : emwind3_drw has 0 polygons
2026-03-25 23:00:40 +0100: Memory Usage (469016K) : emwihv3_drw has 0 polygons
2026-03-25 23:00:40 +0100: Memory Usage (469016K) : redbulay_drw has 0 polygons
2026-03-25 23:00:40 +0100: Memory Usage (469016K) : smos_drw has 0 polygons
2026-03-25 23:00:40 +0100: Memory Usage (469016K) : graphpad_drw has 0 polygons
2026-03-25 23:00:40 +0100: Memory Usage (469016K) : polimide_drw has 0 polygons
2026-03-25 23:00:40 +0100: Memory Usage (469016K) : polimide_pin has 0 polygons
2026-03-25 23:00:40 +0100: Memory Usage (469016K) : recog_drw has 0 polygons
2026-03-25 23:00:40 +0100: Memory Usage (469016K) : recog_pin has 0 polygons
2026-03-25 23:00:40 +0100: Memory Usage (469016K) : recog_esd has 0 polygons
2026-03-25 23:00:40 +0100: Memory Usage (469016K) : recog_diode has 0 polygons
2026-03-25 23:00:40 +0100: Memory Usage (469016K) : recog_tsv has 0 polygons
2026-03-25 23:00:40 +0100: Memory Usage (469016K) : recog_iprobe has 0 polygons
2026-03-25 23:00:40 +0100: Memory Usage (469016K) : recog_diffprb has 0 polygons
2026-03-25 23:00:40 +0100: Memory Usage (469016K) : recog_pillar has 0 polygons
2026-03-25 23:00:40 +0100: Memory Usage (469016K) : recog_sbump has 0 polygons
2026-03-25 23:00:40 +0100: Memory Usage (469016K) : recog_otp has 0 polygons
2026-03-25 23:00:40 +0100: Memory Usage (469016K) : recog_pdiode has 0 polygons
2026-03-25 23:00:40 +0100: Memory Usage (469016K) : recog_mom has 0 polygons
2026-03-25 23:00:40 +0100: Memory Usage (469016K) : recog_pcm has 0 polygons
2026-03-25 23:00:40 +0100: Memory Usage (469016K) : colopen_drw has 0 polygons
2026-03-25 23:00:40 +0100: Memory Usage (469016K) : graphmetal1_drw has 0 polygons
2026-03-25 23:00:40 +0100: Memory Usage (469016K) : graphmetal1_filler has 0 polygons
2026-03-25 23:00:40 +0100: Memory Usage (469016K) : graphmetal1_nofill has 0 polygons
2026-03-25 23:00:40 +0100: Memory Usage (469016K) : graphmetal1_slit has 0 polygons
2026-03-25 23:00:40 +0100: Memory Usage (469016K) : graphmetal1_opc has 0 polygons
2026-03-25 23:00:40 +0100: Memory Usage (469016K) : graphmet1l_drw has 0 polygons
2026-03-25 23:00:40 +0100: Memory Usage (469016K) : graphmet1l_filler has 0 polygons
2026-03-25 23:00:40 +0100: Memory Usage (469016K) : graphmet1l_nofill has 0 polygons
2026-03-25 23:00:40 +0100: Memory Usage (469016K) : graphmet1l_slit has 0 polygons
2026-03-25 23:00:40 +0100: Memory Usage (469016K) : graphmet1l_opc has 0 polygons
2026-03-25 23:00:40 +0100: Memory Usage (469016K) : extblock_drw has 5 polygons
2026-03-25 23:00:40 +0100: Memory Usage (469016K) : nldd_drw has 0 polygons
2026-03-25 23:00:40 +0100: Memory Usage (469016K) : pldd_drw has 0 polygons
2026-03-25 23:00:40 +0100: Memory Usage (469016K) : next_drw has 0 polygons
2026-03-25 23:00:40 +0100: Memory Usage (469016K) : pext_drw has 0 polygons
2026-03-25 23:00:40 +0100: Memory Usage (469016K) : nexthv_drw has 0 polygons
2026-03-25 23:00:40 +0100: Memory Usage (469016K) : pexthv_drw has 0 polygons
2026-03-25 23:00:40 +0100: Memory Usage (469016K) : graphgate_drw has 0 polygons
2026-03-25 23:00:40 +0100: Memory Usage (469016K) : sinwg_drw has 0 polygons
2026-03-25 23:00:40 +0100: Memory Usage (469016K) : sinwg_filler has 0 polygons
2026-03-25 23:00:40 +0100: Memory Usage (469016K) : sinwg_nofill has 0 polygons
2026-03-25 23:00:40 +0100: Memory Usage (469016K) : mempad_drw has 0 polygons
2026-03-25 23:00:40 +0100: Memory Usage (469016K) : topvia1_drw has 1720 polygons
2026-03-25 23:00:40 +0100: Memory Usage (469016K) : topmetal1_drw has 13 polygons
2026-03-25 23:00:40 +0100: Memory Usage (469016K) : topmetal1_pin has 15 polygons
2026-03-25 23:00:40 +0100: Memory Usage (469016K) : topmetal1_mask has 0 polygons
2026-03-25 23:00:40 +0100: Memory Usage (469016K) : topmetal1_filler has 0 polygons
2026-03-25 23:00:40 +0100: Memory Usage (469016K) : topmetal1_nofill has 0 polygons
2026-03-25 23:00:40 +0100: Memory Usage (469016K) : topmetal1_slit has 0 polygons
2026-03-25 23:00:40 +0100: Memory Usage (469016K) : topmetal1_text has 5 polygons
2026-03-25 23:00:40 +0100: Memory Usage (469016K) : topmetal1_noqrc has 0 polygons
2026-03-25 23:00:40 +0100: Memory Usage (469016K) : topmetal1_res has 0 polygons
2026-03-25 23:00:40 +0100: Memory Usage (469016K) : topmetal1_iprobe has 0 polygons
2026-03-25 23:00:40 +0100: Memory Usage (469016K) : topmetal1_diffprb has 0 polygons
2026-03-25 23:00:40 +0100: Memory Usage (469016K) : inldpwl_drw has 0 polygons
2026-03-25 23:00:40 +0100: Memory Usage (469016K) : polyres_drw has 7 polygons
2026-03-25 23:00:40 +0100: Memory Usage (469016K) : polyres_pin has 0 polygons
2026-03-25 23:00:40 +0100: Memory Usage (469016K) : vmim_drw has 578 polygons
2026-03-25 23:00:40 +0100: Memory Usage (469016K) : nbulaycut_drw has 0 polygons
2026-03-25 23:00:40 +0100: Memory Usage (469016K) : antmetal1_drw has 0 polygons
2026-03-25 23:00:40 +0100: Memory Usage (469016K) : topvia2_drw has 916 polygons
2026-03-25 23:00:40 +0100: Memory Usage (469016K) : topmetal2_drw has 4 polygons
2026-03-25 23:00:40 +0100: Memory Usage (469016K) : topmetal2_pin has 2 polygons
2026-03-25 23:00:40 +0100: Memory Usage (469016K) : topmetal2_mask has 0 polygons
2026-03-25 23:00:40 +0100: Memory Usage (469016K) : topmetal2_filler has 0 polygons
2026-03-25 23:00:40 +0100: Memory Usage (469016K) : topmetal2_nofill has 0 polygons
2026-03-25 23:00:40 +0100: Memory Usage (469016K) : topmetal2_slit has 0 polygons
2026-03-25 23:00:40 +0100: Memory Usage (469016K) : topmetal2_text has 2 polygons
2026-03-25 23:00:40 +0100: Memory Usage (469016K) : topmetal2_noqrc has 0 polygons
2026-03-25 23:00:40 +0100: Memory Usage (469016K) : topmetal2_res has 0 polygons
2026-03-25 23:00:40 +0100: Memory Usage (469016K) : topmetal2_iprobe has 0 polygons
2026-03-25 23:00:40 +0100: Memory Usage (469016K) : topmetal2_diffprb has 0 polygons
2026-03-25 23:00:40 +0100: Memory Usage (469016K) : snsring_drw has 0 polygons
2026-03-25 23:00:40 +0100: Memory Usage (469016K) : sensor_drw has 0 polygons
2026-03-25 23:00:40 +0100: Memory Usage (469016K) : snsarms_drw has 0 polygons
2026-03-25 23:00:40 +0100: Memory Usage (469016K) : snscmosvia_drw has 0 polygons
2026-03-25 23:00:40 +0100: Memory Usage (469016K) : colwind_drw has 0 polygons
2026-03-25 23:00:40 +0100: Memory Usage (469280K) : flm_drw has 0 polygons
2026-03-25 23:00:40 +0100: Memory Usage (469280K) : hafniumox_drw has 0 polygons
2026-03-25 23:00:40 +0100: Memory Usage (469280K) : memvia_drw has 0 polygons
2026-03-25 23:00:40 +0100: Memory Usage (469544K) : thinfilmres_drw has 0 polygons
2026-03-25 23:00:40 +0100: Memory Usage (469544K) : rfmem_drw has 0 polygons
2026-03-25 23:00:40 +0100: Memory Usage (469808K) : norcx_drw has 0 polygons
2026-03-25 23:00:40 +0100: Memory Usage (469808K) : norcx_m2m3 has 0 polygons
2026-03-25 23:00:40 +0100: Memory Usage (469808K) : norcx_m2m4 has 0 polygons
2026-03-25 23:00:40 +0100: Memory Usage (470072K) : norcx_m2m5 has 0 polygons
2026-03-25 23:00:40 +0100: Memory Usage (470072K) : norcx_m2tm1 has 0 polygons
2026-03-25 23:00:40 +0100: Memory Usage (470336K) : norcx_m2tm2 has 0 polygons
2026-03-25 23:00:40 +0100: Memory Usage (470336K) : norcx_m3m4 has 0 polygons
2026-03-25 23:00:40 +0100: Memory Usage (470336K) : norcx_m3m5 has 0 polygons
2026-03-25 23:00:40 +0100: Memory Usage (470600K) : norcx_m3tm1 has 0 polygons
2026-03-25 23:00:40 +0100: Memory Usage (470600K) : norcx_m3tm2 has 0 polygons
2026-03-25 23:00:40 +0100: Memory Usage (470864K) : norcx_m4m5 has 0 polygons
2026-03-25 23:00:40 +0100: Memory Usage (470864K) : norcx_m4tm1 has 0 polygons
2026-03-25 23:00:40 +0100: Memory Usage (470864K) : norcx_m4tm2 has 0 polygons
2026-03-25 23:00:40 +0100: Memory Usage (471128K) : norcx_m5tm1 has 0 polygons
2026-03-25 23:00:40 +0100: Memory Usage (471308K) : norcx_m5tm2 has 0 polygons
2026-03-25 23:00:40 +0100: Memory Usage (471308K) : norcx_tm1tm2 has 0 polygons
2026-03-25 23:00:40 +0100: Memory Usage (471568K) : norcx_m1sub has 0 polygons
2026-03-25 23:00:40 +0100: Memory Usage (471568K) : norcx_m2sub has 0 polygons
2026-03-25 23:00:41 +0100: Memory Usage (471568K) : norcx_m3sub has 0 polygons
2026-03-25 23:00:41 +0100: Memory Usage (471832K) : norcx_m4sub has 0 polygons
2026-03-25 23:00:41 +0100: Memory Usage (471832K) : norcx_m5sub has 0 polygons
2026-03-25 23:00:41 +0100: Memory Usage (472096K) : norcx_tm1sub has 0 polygons
2026-03-25 23:00:41 +0100: Memory Usage (472096K) : norcx_tm2sub has 0 polygons
2026-03-25 23:00:41 +0100: Memory Usage (472096K) : snsbotvia_drw has 0 polygons
2026-03-25 23:00:41 +0100: Memory Usage (472360K) : snstopvia_drw has 0 polygons
2026-03-25 23:00:41 +0100: Memory Usage (472528K) : deepvia_drw has 0 polygons
2026-03-25 23:00:41 +0100: Memory Usage (472528K) : fgetch_drw has 0 polygons
2026-03-25 23:00:41 +0100: Memory Usage (472788K) : ctrgat_drw has 0 polygons
2026-03-25 23:00:41 +0100: Memory Usage (472788K) : fgimp_drw has 0 polygons
2026-03-25 23:00:41 +0100: Memory Usage (472788K) : emwihv_drw has 0 polygons
2026-03-25 23:00:41 +0100: Memory Usage (473052K) : lbe_drw has 0 polygons
2026-03-25 23:00:41 +0100: Memory Usage (473052K) : alcustop_drw has 0 polygons
2026-03-25 23:00:41 +0100: Memory Usage (473316K) : nometfiller_drw has 0 polygons
2026-03-25 23:00:41 +0100: Memory Usage (473316K) : prboundary_drw has 0 polygons
2026-03-25 23:00:41 +0100: Memory Usage (473316K) : exchange0_drw has 0 polygons
2026-03-25 23:00:41 +0100: Memory Usage (473580K) : exchange0_pin has 0 polygons
2026-03-25 23:00:41 +0100: Memory Usage (473580K) : exchange0_text has 0 polygons
2026-03-25 23:00:41 +0100: Memory Usage (473700K) : exchange1_drw has 0 polygons
2026-03-25 23:00:41 +0100: Memory Usage (473700K) : exchange1_pin has 0 polygons
2026-03-25 23:00:41 +0100: Memory Usage (473700K) : exchange1_text has 0 polygons
2026-03-25 23:00:41 +0100: Memory Usage (473700K) : exchange2_drw has 0 polygons
2026-03-25 23:00:41 +0100: Memory Usage (473700K) : exchange2_pin has 0 polygons
2026-03-25 23:00:41 +0100: Memory Usage (473700K) : exchange2_text has 0 polygons
2026-03-25 23:00:41 +0100: Memory Usage (473700K) : exchange3_drw has 0 polygons
2026-03-25 23:00:41 +0100: Memory Usage (473700K) : exchange3_pin has 0 polygons
2026-03-25 23:00:41 +0100: Memory Usage (473700K) : exchange3_text has 0 polygons
2026-03-25 23:00:41 +0100: Memory Usage (473700K) : exchange4_drw has 0 polygons
2026-03-25 23:00:41 +0100: Memory Usage (473700K) : exchange4_pin has 0 polygons
2026-03-25 23:00:41 +0100: Memory Usage (473700K) : exchange4_text has 0 polygons
2026-03-25 23:00:41 +0100: Memory Usage (473700K) : isonwell_drw has 0 polygons
2026-03-25 23:00:41 +0100: Memory Usage (473700K) : Total no. of polygons in the design is 55451
2026-03-25 23:00:41 +0100: Memory Usage (473700K) : Loaded TECH DRC rules values from /foss/pdks/ihp-sg13g2/libs.tech/klayout/python/sg13g2_pycell_lib/sg13g2_tech_mod.json
2026-03-25 23:00:41 +0100: Memory Usage (473700K) : Loaded default DRC rules values from /foss/pdks/ihp-sg13g2/libs.tech/klayout/tech/drc/rule_decks/sg13g2_tech_default.json
2026-03-25 23:00:41 +0100: Memory Usage (473700K) : The following rules values were missing in tech json and default values were used:
2026-03-25 23:00:41 +0100: Memory Usage (473700K) :   - Cnt_c_digibnd
2026-03-25 23:00:41 +0100: Memory Usage (473700K) : Total area of the design is 54805.149724999996 um^2.
2026-03-25 23:00:41 +0100: Memory Usage (473700K) : The design dimensions are 309.90500000000003 µm * 176.845 µm.
2026-03-25 23:00:41 +0100: Memory Usage (473700K) : Starting general IHP-SG13G2 derivations.
2026-03-25 23:00:41 +0100: Memory Usage (473700K) : Starting Pwell derivations
2026-03-25 23:00:41 +0100: Memory Usage (473700K) : Starting n-Activ derivations
2026-03-25 23:00:41 +0100: Memory Usage (473700K) : Starting p-Activ derivations
2026-03-25 23:00:41 +0100: Memory Usage (473700K) : Starting ptap derivations
2026-03-25 23:00:41 +0100: Memory Usage (473700K) : Starting ntap derivations
2026-03-25 23:00:41 +0100: Memory Usage (473700K) : Starting pact FET derivations
2026-03-25 23:00:41 +0100: Memory Usage (473700K) : Starting nact FET derivations
2026-03-25 23:00:41 +0100: Memory Usage (473700K) : Starting Gate derivations
2026-03-25 23:00:41 +0100: Memory Usage (473700K) : Starting IHP-SG13G2 DRC connectivity related derivations.
2026-03-25 23:00:41 +0100: Memory Usage (474140K) : Starting IHP-SG13G2 DRC connectivity setup
2026-03-25 23:00:41 +0100: Memory Usage (479764K) : Starting IHP-SG13G2 DRC rules.
2026-03-25 23:00:41 +0100: Memory Usage (479764K) : Starting 5.1 NWell table
2026-03-25 23:00:41 +0100: Memory Usage (479764K) : Executing rule NW.b
2026-03-25 23:00:41 +0100: Memory Usage (480544K) : Executing rule NW.b1
2026-03-25 23:00:41 +0100: Memory Usage (480544K) : KLayout DRC run for tables 'nwell' completed in 3.07 seconds
