# Logfile created on 2026-03-25 23:00:51 +0100 by logger.rb/v1.5.3
2026-03-25 23:00:51 +0100: Memory Usage (437312K) : Starting running IHP-SG13G2 KLayout DRC runset on /foss/designs/Design/xschem/IHP__OPA2251/OPA2251-main/layout/klayout/HPA_project_wrapper.gds
2026-03-25 23:00:51 +0100: Memory Usage (437312K) : Ruby Version for klayout: 3.2.3
2026-03-25 23:00:52 +0100: Memory Usage (451976K) : Loading database to memory is complete.
2026-03-25 23:00:52 +0100: Memory Usage (451976K) : IHP-SG13G2 KLayout DRC runset output at: /foss/designs/Design/xschem/IHP__OPA2251/OPA2251-main/layout/klayout/drc_run_HPA/HPA_project_wrapper_HPA_forbidden.lyrdb
2026-03-25 23:00:52 +0100: Memory Usage (451976K) : Evaluate switches.
2026-03-25 23:00:52 +0100: Memory Usage (451976K) : tables selected: forbidden
2026-03-25 23:00:52 +0100: Memory Usage (451976K) : KLayout will use 4 thread(s) in tiled mode.
2026-03-25 23:00:52 +0100: Memory Usage (451976K) : flat mode is enabled.
2026-03-25 23:00:52 +0100: Memory Usage (451976K) : FEOL enabled: false
2026-03-25 23:00:52 +0100: Memory Usage (451976K) : BEOL enabled: false
2026-03-25 23:00:52 +0100: Memory Usage (451976K) : OFFGRID enabled: true
2026-03-25 23:00:52 +0100: Memory Usage (451976K) : PIN enabled: false
2026-03-25 23:00:52 +0100: Memory Usage (451976K) : FORBIDDEN enabled: false
2026-03-25 23:00:52 +0100: Memory Usage (451976K) : RECOMMENDED enabled: true
2026-03-25 23:00:52 +0100: Memory Usage (451976K) : PreCheck DRC enabled: false
2026-03-25 23:00:52 +0100: Memory Usage (451976K) : CONNECTIVITY_RULES enabled: false.
2026-03-25 23:00:52 +0100: Memory Usage (451976K) : Read in polygons from layers.
2026-03-25 23:00:52 +0100: Memory Usage (454868K) : activ_drw has 198 polygons
2026-03-25 23:00:52 +0100: Memory Usage (454868K) : activ_pin has 0 polygons
2026-03-25 23:00:52 +0100: Memory Usage (454868K) : activ_mask has 0 polygons
2026-03-25 23:00:52 +0100: Memory Usage (454868K) : activ_filler has 0 polygons
2026-03-25 23:00:52 +0100: Memory Usage (454868K) : activ_nofill has 0 polygons
2026-03-25 23:00:52 +0100: Memory Usage (454868K) : activ_opc has 0 polygons
2026-03-25 23:00:52 +0100: Memory Usage (454868K) : activ_iopc has 0 polygons
2026-03-25 23:00:52 +0100: Memory Usage (454868K) : activ_noqrc has 0 polygons
2026-03-25 23:00:52 +0100: Memory Usage (454868K) : biwind_drw has 0 polygons
2026-03-25 23:00:52 +0100: Memory Usage (454868K) : biwind_opc has 0 polygons
2026-03-25 23:00:52 +0100: Memory Usage (454868K) : pemwind_drw has 0 polygons
2026-03-25 23:00:52 +0100: Memory Usage (455624K) : gatpoly_drw has 108 polygons
2026-03-25 23:00:52 +0100: Memory Usage (455624K) : gatpoly_pin has 124 polygons
2026-03-25 23:00:52 +0100: Memory Usage (455624K) : gatpoly_filler has 0 polygons
2026-03-25 23:00:52 +0100: Memory Usage (455624K) : gatpoly_nofill has 0 polygons
2026-03-25 23:00:52 +0100: Memory Usage (455624K) : gatpoly_opc has 0 polygons
2026-03-25 23:00:52 +0100: Memory Usage (455624K) : gatpoly_iopc has 0 polygons
2026-03-25 23:00:52 +0100: Memory Usage (455624K) : gatpoly_noqrc has 0 polygons
2026-03-25 23:00:52 +0100: Memory Usage (460112K) : cont_drw has 16803 polygons
2026-03-25 23:00:52 +0100: Memory Usage (460112K) : cont_opc has 0 polygons
2026-03-25 23:00:52 +0100: Memory Usage (460112K) : nsd_drw has 0 polygons
2026-03-25 23:00:52 +0100: Memory Usage (460112K) : nsd_block has 0 polygons
2026-03-25 23:00:52 +0100: Memory Usage (460112K) : metal1_drw has 390 polygons
2026-03-25 23:00:52 +0100: Memory Usage (460112K) : metal1_pin has 515 polygons
2026-03-25 23:00:52 +0100: Memory Usage (460112K) : metal1_mask has 0 polygons
2026-03-25 23:00:52 +0100: Memory Usage (460112K) : metal1_filler has 0 polygons
2026-03-25 23:00:52 +0100: Memory Usage (460112K) : metal1_nofill has 0 polygons
2026-03-25 23:00:52 +0100: Memory Usage (460112K) : metal1_slit has 0 polygons
2026-03-25 23:00:52 +0100: Memory Usage (460112K) : metal1_text has 0 polygons
2026-03-25 23:00:52 +0100: Memory Usage (460112K) : metal1_opc has 0 polygons
2026-03-25 23:00:52 +0100: Memory Usage (460112K) : metal1_noqrc has 0 polygons
2026-03-25 23:00:52 +0100: Memory Usage (460112K) : metal1_res has 0 polygons
2026-03-25 23:00:52 +0100: Memory Usage (460112K) : metal1_iprobe has 0 polygons
2026-03-25 23:00:52 +0100: Memory Usage (460112K) : metal1_diffprb has 0 polygons
2026-03-25 23:00:52 +0100: Memory Usage (460112K) : passiv_drw has 0 polygons
2026-03-25 23:00:52 +0100: Memory Usage (460112K) : passiv_pin has 0 polygons
2026-03-25 23:00:52 +0100: Memory Usage (460112K) : passiv_sbump has 0 polygons
2026-03-25 23:00:52 +0100: Memory Usage (460112K) : passiv_pillar has 0 polygons
2026-03-25 23:00:52 +0100: Memory Usage (460112K) : passiv_pdl has 0 polygons
2026-03-25 23:00:52 +0100: Memory Usage (460112K) : metal2_drw has 95 polygons
2026-03-25 23:00:52 +0100: Memory Usage (460112K) : metal2_pin has 11 polygons
2026-03-25 23:00:52 +0100: Memory Usage (460112K) : metal2_mask has 0 polygons
2026-03-25 23:00:52 +0100: Memory Usage (460112K) : metal2_filler has 0 polygons
2026-03-25 23:00:52 +0100: Memory Usage (460112K) : metal2_nofill has 0 polygons
2026-03-25 23:00:52 +0100: Memory Usage (460112K) : metal2_slit has 0 polygons
2026-03-25 23:00:52 +0100: Memory Usage (460112K) : metal2_text has 0 polygons
2026-03-25 23:00:52 +0100: Memory Usage (460112K) : metal2_opc has 0 polygons
2026-03-25 23:00:52 +0100: Memory Usage (460112K) : metal2_noqrc has 0 polygons
2026-03-25 23:00:52 +0100: Memory Usage (460112K) : metal2_res has 0 polygons
2026-03-25 23:00:52 +0100: Memory Usage (460112K) : metal2_iprobe has 0 polygons
2026-03-25 23:00:52 +0100: Memory Usage (460112K) : metal2_diffprb has 0 polygons
2026-03-25 23:00:52 +0100: Memory Usage (460112K) : baspoly_drw has 0 polygons
2026-03-25 23:00:52 +0100: Memory Usage (460112K) : baspoly_pin has 0 polygons
2026-03-25 23:00:52 +0100: Memory Usage (460492K) : psd_drw has 24 polygons
2026-03-25 23:00:52 +0100: Memory Usage (460492K) : nldb_drw has 0 polygons
2026-03-25 23:00:52 +0100: Memory Usage (460492K) : digibnd_drw has 0 polygons
2026-03-25 23:00:52 +0100: Memory Usage (462076K) : via1_drw has 9590 polygons
2026-03-25 23:00:52 +0100: Memory Usage (462076K) : backmetal1_drw has 0 polygons
2026-03-25 23:00:52 +0100: Memory Usage (462076K) : backmetal1_pin has 0 polygons
2026-03-25 23:00:52 +0100: Memory Usage (462076K) : backmetal1_mask has 0 polygons
2026-03-25 23:00:52 +0100: Memory Usage (462076K) : backmetal1_filler has 0 polygons
2026-03-25 23:00:52 +0100: Memory Usage (462076K) : backmetal1_nofill has 0 polygons
2026-03-25 23:00:52 +0100: Memory Usage (462076K) : backmetal1_slit has 0 polygons
2026-03-25 23:00:52 +0100: Memory Usage (462076K) : backmetal1_text has 0 polygons
2026-03-25 23:00:52 +0100: Memory Usage (462076K) : backmetal1_opc has 0 polygons
2026-03-25 23:00:52 +0100: Memory Usage (462076K) : backmetal1_noqrc has 0 polygons
2026-03-25 23:00:52 +0100: Memory Usage (462076K) : backmetal1_res has 0 polygons
2026-03-25 23:00:52 +0100: Memory Usage (462076K) : backmetal1_iprobe has 0 polygons
2026-03-25 23:00:52 +0100: Memory Usage (462076K) : backmetal1_diffprb has 0 polygons
2026-03-25 23:00:52 +0100: Memory Usage (462076K) : backpassiv_drw has 0 polygons
2026-03-25 23:00:52 +0100: Memory Usage (462076K) : res_drw has 0 polygons
2026-03-25 23:00:52 +0100: Memory Usage (462076K) : sram_drw has 0 polygons
2026-03-25 23:00:52 +0100: Memory Usage (462076K) : trans_drw has 0 polygons
2026-03-25 23:00:52 +0100: Memory Usage (462340K) : ind_drw has 0 polygons
2026-03-25 23:00:52 +0100: Memory Usage (462340K) : ind_pin has 0 polygons
2026-03-25 23:00:52 +0100: Memory Usage (462340K) : ind_text has 0 polygons
2026-03-25 23:00:52 +0100: Memory Usage (462340K) : salblock_drw has 7 polygons
2026-03-25 23:00:52 +0100: Memory Usage (463924K) : via2_drw has 7995 polygons
2026-03-25 23:00:52 +0100: Memory Usage (463924K) : metal3_drw has 67 polygons
2026-03-25 23:00:52 +0100: Memory Usage (463924K) : metal3_pin has 8 polygons
2026-03-25 23:00:52 +0100: Memory Usage (463924K) : metal3_mask has 0 polygons
2026-03-25 23:00:52 +0100: Memory Usage (463924K) : metal3_filler has 0 polygons
2026-03-25 23:00:52 +0100: Memory Usage (463924K) : metal3_nofill has 0 polygons
2026-03-25 23:00:52 +0100: Memory Usage (463924K) : metal3_slit has 0 polygons
2026-03-25 23:00:52 +0100: Memory Usage (463924K) : metal3_text has 0 polygons
2026-03-25 23:00:52 +0100: Memory Usage (463924K) : metal3_opc has 0 polygons
2026-03-25 23:00:52 +0100: Memory Usage (463924K) : metal3_noqrc has 0 polygons
2026-03-25 23:00:52 +0100: Memory Usage (463924K) : metal3_res has 0 polygons
2026-03-25 23:00:52 +0100: Memory Usage (464188K) : metal3_iprobe has 0 polygons
2026-03-25 23:00:52 +0100: Memory Usage (464188K) : metal3_diffprb has 0 polygons
2026-03-25 23:00:52 +0100: Memory Usage (464716K) : nwell_drw has 5 polygons
2026-03-25 23:00:52 +0100: Memory Usage (464716K) : nwell_pin has 0 polygons
2026-03-25 23:00:52 +0100: Memory Usage (464716K) : nbulay_drw has 0 polygons
2026-03-25 23:00:52 +0100: Memory Usage (464716K) : nbulay_pin has 0 polygons
2026-03-25 23:00:52 +0100: Memory Usage (464980K) : nbulay_block has 0 polygons
2026-03-25 23:00:52 +0100: Memory Usage (464980K) : emwind_drw has 0 polygons
2026-03-25 23:00:52 +0100: Memory Usage (464980K) : emwind_opc has 0 polygons
2026-03-25 23:00:52 +0100: Memory Usage (464980K) : deepco_drw has 0 polygons
2026-03-25 23:00:52 +0100: Memory Usage (464980K) : deepco_drw has 0 polygons
2026-03-25 23:00:52 +0100: Memory Usage (465244K) : mim_drw has 2 polygons
2026-03-25 23:00:52 +0100: Memory Usage (465244K) : edgeseal_drw has 0 polygons
2026-03-25 23:00:52 +0100: Memory Usage (465244K) : edgeseal_bound has 0 polygons
2026-03-25 23:00:52 +0100: Memory Usage (465508K) : substrate_drw has 723 polygons
2026-03-25 23:00:52 +0100: Memory Usage (465772K) : substrate_text has 0 polygons
2026-03-25 23:00:52 +0100: Memory Usage (465772K) : dfpad_drw has 0 polygons
2026-03-25 23:00:52 +0100: Memory Usage (465772K) : dfpad_pillar has 0 polygons
2026-03-25 23:00:52 +0100: Memory Usage (466036K) : dfpad_sbump has 0 polygons
2026-03-25 23:00:52 +0100: Memory Usage (466036K) : thickgateox_drw has 0 polygons
2026-03-25 23:00:52 +0100: Memory Usage (466036K) : pldb_drw has 0 polygons
2026-03-25 23:00:52 +0100: Memory Usage (466300K) : pwell_drw has 0 polygons
2026-03-25 23:00:52 +0100: Memory Usage (466300K) : pwell_pin has 0 polygons
2026-03-25 23:00:52 +0100: Memory Usage (466564K) : pwell_block has 0 polygons
2026-03-25 23:00:52 +0100: Memory Usage (466564K) : ic_drw has 0 polygons
2026-03-25 23:00:52 +0100: Memory Usage (468412K) : via3_drw has 7005 polygons
2026-03-25 23:00:52 +0100: Memory Usage (468412K) : metal4_drw has 40 polygons
2026-03-25 23:00:52 +0100: Memory Usage (468412K) : metal4_pin has 3 polygons
2026-03-25 23:00:52 +0100: Memory Usage (468412K) : metal4_mask has 0 polygons
2026-03-25 23:00:52 +0100: Memory Usage (468412K) : metal4_filler has 0 polygons
2026-03-25 23:00:52 +0100: Memory Usage (468412K) : metal4_nofill has 0 polygons
2026-03-25 23:00:52 +0100: Memory Usage (468412K) : metal4_slit has 0 polygons
2026-03-25 23:00:52 +0100: Memory Usage (468412K) : metal4_text has 0 polygons
2026-03-25 23:00:52 +0100: Memory Usage (468412K) : metal4_opc has 0 polygons
2026-03-25 23:00:52 +0100: Memory Usage (468412K) : metal4_noqrc has 0 polygons
2026-03-25 23:00:52 +0100: Memory Usage (468676K) : metal4_res has 0 polygons
2026-03-25 23:00:52 +0100: Memory Usage (468676K) : metal4_iprobe has 0 polygons
2026-03-25 23:00:52 +0100: Memory Usage (468676K) : metal4_diffprb has 0 polygons
2026-03-25 23:00:52 +0100: Memory Usage (468940K) : heattrans_drw has 421 polygons
2026-03-25 23:00:52 +0100: Memory Usage (469204K) : heatres_drw has 7 polygons
2026-03-25 23:00:52 +0100: Memory Usage (469204K) : pempoly_drw has 0 polygons
2026-03-25 23:00:52 +0100: Memory Usage (469204K) : fbe_drw has 0 polygons
2026-03-25 23:00:52 +0100: Memory Usage (469204K) : empoly_drw has 0 polygons
2026-03-25 23:00:52 +0100: Memory Usage (469468K) : ldmos_drw has 0 polygons
2026-03-25 23:00:52 +0100: Memory Usage (469468K) : pbiwind_drw has 0 polygons
2026-03-25 23:00:52 +0100: Memory Usage (469468K) : digisub_drw has 0 polygons
2026-03-25 23:00:52 +0100: Memory Usage (469732K) : nodrc_drw has 0 polygons
2026-03-25 23:00:52 +0100: Memory Usage (469732K) : text_drw has 1107 polygons
2026-03-25 23:00:52 +0100: Memory Usage (471580K) : via4_drw has 6898 polygons
2026-03-25 23:00:52 +0100: Memory Usage (471580K) : metal5_drw has 32 polygons
2026-03-25 23:00:52 +0100: Memory Usage (471580K) : metal5_pin has 5 polygons
2026-03-25 23:00:52 +0100: Memory Usage (471580K) : metal5_mask has 0 polygons
2026-03-25 23:00:52 +0100: Memory Usage (471624K) : metal5_filler has 0 polygons
2026-03-25 23:00:52 +0100: Memory Usage (471624K) : metal5_nofill has 0 polygons
2026-03-25 23:00:52 +0100: Memory Usage (471624K) : metal5_slit has 0 polygons
2026-03-25 23:00:52 +0100: Memory Usage (471624K) : metal5_text has 1 polygons
2026-03-25 23:00:52 +0100: Memory Usage (471624K) : metal5_opc has 0 polygons
2026-03-25 23:00:52 +0100: Memory Usage (471624K) : metal5_noqrc has 0 polygons
2026-03-25 23:00:52 +0100: Memory Usage (471624K) : metal5_res has 0 polygons
2026-03-25 23:00:52 +0100: Memory Usage (471624K) : metal5_iprobe has 0 polygons
2026-03-25 23:00:52 +0100: Memory Usage (471884K) : metal5_diffprb has 0 polygons
2026-03-25 23:00:52 +0100: Memory Usage (471884K) : radhard_drw has 0 polygons
2026-03-25 23:00:52 +0100: Memory Usage (471884K) : memcap_drw has 0 polygons
2026-03-25 23:00:52 +0100: Memory Usage (472148K) : varicap_drw has 0 polygons
2026-03-25 23:00:52 +0100: Memory Usage (472204K) : flash_drw has 0 polygons
2026-03-25 23:00:52 +0100: Memory Usage (472464K) : intbondvia_drw has 0 polygons
2026-03-25 23:00:52 +0100: Memory Usage (472464K) : intbondmet_drw has 0 polygons
2026-03-25 23:00:52 +0100: Memory Usage (472464K) : devbondvia_drw has 0 polygons
2026-03-25 23:00:52 +0100: Memory Usage (472728K) : devbondmet_drw has 0 polygons
2026-03-25 23:00:52 +0100: Memory Usage (472728K) : devtrench_drw has 0 polygons
2026-03-25 23:00:52 +0100: Memory Usage (472992K) : redist_drw has 0 polygons
2026-03-25 23:00:52 +0100: Memory Usage (472992K) : graphbot_drw has 0 polygons
2026-03-25 23:00:52 +0100: Memory Usage (472992K) : graphtop_drw has 0 polygons
2026-03-25 23:00:52 +0100: Memory Usage (473256K) : antvia1_drw has 0 polygons
2026-03-25 23:00:52 +0100: Memory Usage (473256K) : antmetal2_drw has 0 polygons
2026-03-25 23:00:52 +0100: Memory Usage (473440K) : graphcont_drw has 0 polygons
2026-03-25 23:00:52 +0100: Memory Usage (473440K) : siwg_drw has 0 polygons
2026-03-25 23:00:52 +0100: Memory Usage (473440K) : siwg_filler has 0 polygons
2026-03-25 23:00:52 +0100: Memory Usage (473440K) : siwg_nofill has 0 polygons
2026-03-25 23:00:52 +0100: Memory Usage (473440K) : sigrating_drw has 0 polygons
2026-03-25 23:00:52 +0100: Memory Usage (473440K) : singrating_drw has 0 polygons
2026-03-25 23:00:52 +0100: Memory Usage (473440K) : graphpas_drw has 0 polygons
2026-03-25 23:00:52 +0100: Memory Usage (473440K) : emwind3_drw has 0 polygons
2026-03-25 23:00:52 +0100: Memory Usage (473440K) : emwihv3_drw has 0 polygons
2026-03-25 23:00:52 +0100: Memory Usage (473440K) : redbulay_drw has 0 polygons
2026-03-25 23:00:52 +0100: Memory Usage (473440K) : smos_drw has 0 polygons
2026-03-25 23:00:52 +0100: Memory Usage (473440K) : graphpad_drw has 0 polygons
2026-03-25 23:00:52 +0100: Memory Usage (473440K) : polimide_drw has 0 polygons
2026-03-25 23:00:52 +0100: Memory Usage (473440K) : polimide_pin has 0 polygons
2026-03-25 23:00:52 +0100: Memory Usage (473440K) : recog_drw has 0 polygons
2026-03-25 23:00:52 +0100: Memory Usage (473440K) : recog_pin has 0 polygons
2026-03-25 23:00:52 +0100: Memory Usage (473440K) : recog_esd has 0 polygons
2026-03-25 23:00:52 +0100: Memory Usage (473440K) : recog_diode has 0 polygons
2026-03-25 23:00:52 +0100: Memory Usage (473440K) : recog_tsv has 0 polygons
2026-03-25 23:00:52 +0100: Memory Usage (473440K) : recog_iprobe has 0 polygons
2026-03-25 23:00:52 +0100: Memory Usage (473440K) : recog_diffprb has 0 polygons
2026-03-25 23:00:52 +0100: Memory Usage (473440K) : recog_pillar has 0 polygons
2026-03-25 23:00:52 +0100: Memory Usage (473440K) : recog_sbump has 0 polygons
2026-03-25 23:00:52 +0100: Memory Usage (473440K) : recog_otp has 0 polygons
2026-03-25 23:00:52 +0100: Memory Usage (473440K) : recog_pdiode has 0 polygons
2026-03-25 23:00:52 +0100: Memory Usage (473440K) : recog_mom has 0 polygons
2026-03-25 23:00:52 +0100: Memory Usage (473440K) : recog_pcm has 0 polygons
2026-03-25 23:00:52 +0100: Memory Usage (473440K) : colopen_drw has 0 polygons
2026-03-25 23:00:52 +0100: Memory Usage (473440K) : graphmetal1_drw has 0 polygons
2026-03-25 23:00:52 +0100: Memory Usage (473440K) : graphmetal1_filler has 0 polygons
2026-03-25 23:00:52 +0100: Memory Usage (473440K) : graphmetal1_nofill has 0 polygons
2026-03-25 23:00:52 +0100: Memory Usage (473440K) : graphmetal1_slit has 0 polygons
2026-03-25 23:00:52 +0100: Memory Usage (473440K) : graphmetal1_opc has 0 polygons
2026-03-25 23:00:53 +0100: Memory Usage (473440K) : graphmet1l_drw has 0 polygons
2026-03-25 23:00:53 +0100: Memory Usage (473440K) : graphmet1l_filler has 0 polygons
2026-03-25 23:00:53 +0100: Memory Usage (473440K) : graphmet1l_nofill has 0 polygons
2026-03-25 23:00:53 +0100: Memory Usage (473440K) : graphmet1l_slit has 0 polygons
2026-03-25 23:00:53 +0100: Memory Usage (473440K) : graphmet1l_opc has 0 polygons
2026-03-25 23:00:53 +0100: Memory Usage (473440K) : extblock_drw has 5 polygons
2026-03-25 23:00:53 +0100: Memory Usage (473440K) : nldd_drw has 0 polygons
2026-03-25 23:00:53 +0100: Memory Usage (473440K) : pldd_drw has 0 polygons
2026-03-25 23:00:53 +0100: Memory Usage (473440K) : next_drw has 0 polygons
2026-03-25 23:00:53 +0100: Memory Usage (473440K) : pext_drw has 0 polygons
2026-03-25 23:00:53 +0100: Memory Usage (473440K) : nexthv_drw has 0 polygons
2026-03-25 23:00:53 +0100: Memory Usage (473440K) : pexthv_drw has 0 polygons
2026-03-25 23:00:53 +0100: Memory Usage (473440K) : graphgate_drw has 0 polygons
2026-03-25 23:00:53 +0100: Memory Usage (473440K) : sinwg_drw has 0 polygons
2026-03-25 23:00:53 +0100: Memory Usage (473440K) : sinwg_filler has 0 polygons
2026-03-25 23:00:53 +0100: Memory Usage (473440K) : sinwg_nofill has 0 polygons
2026-03-25 23:00:53 +0100: Memory Usage (473440K) : mempad_drw has 0 polygons
2026-03-25 23:00:53 +0100: Memory Usage (473440K) : topvia1_drw has 1720 polygons
2026-03-25 23:00:53 +0100: Memory Usage (473440K) : topmetal1_drw has 13 polygons
2026-03-25 23:00:53 +0100: Memory Usage (473440K) : topmetal1_pin has 15 polygons
2026-03-25 23:00:53 +0100: Memory Usage (473440K) : topmetal1_mask has 0 polygons
2026-03-25 23:00:53 +0100: Memory Usage (473440K) : topmetal1_filler has 0 polygons
2026-03-25 23:00:53 +0100: Memory Usage (473440K) : topmetal1_nofill has 0 polygons
2026-03-25 23:00:53 +0100: Memory Usage (473440K) : topmetal1_slit has 0 polygons
2026-03-25 23:00:53 +0100: Memory Usage (473440K) : topmetal1_text has 5 polygons
2026-03-25 23:00:53 +0100: Memory Usage (473440K) : topmetal1_noqrc has 0 polygons
2026-03-25 23:00:53 +0100: Memory Usage (473440K) : topmetal1_res has 0 polygons
2026-03-25 23:00:53 +0100: Memory Usage (473440K) : topmetal1_iprobe has 0 polygons
2026-03-25 23:00:53 +0100: Memory Usage (473440K) : topmetal1_diffprb has 0 polygons
2026-03-25 23:00:53 +0100: Memory Usage (473440K) : inldpwl_drw has 0 polygons
2026-03-25 23:00:53 +0100: Memory Usage (473440K) : polyres_drw has 7 polygons
2026-03-25 23:00:53 +0100: Memory Usage (473440K) : polyres_pin has 0 polygons
2026-03-25 23:00:53 +0100: Memory Usage (473440K) : vmim_drw has 578 polygons
2026-03-25 23:00:53 +0100: Memory Usage (473440K) : nbulaycut_drw has 0 polygons
2026-03-25 23:00:53 +0100: Memory Usage (473440K) : antmetal1_drw has 0 polygons
2026-03-25 23:00:53 +0100: Memory Usage (473440K) : topvia2_drw has 916 polygons
2026-03-25 23:00:53 +0100: Memory Usage (473440K) : topmetal2_drw has 4 polygons
2026-03-25 23:00:53 +0100: Memory Usage (473440K) : topmetal2_pin has 2 polygons
2026-03-25 23:00:53 +0100: Memory Usage (473440K) : topmetal2_mask has 0 polygons
2026-03-25 23:00:53 +0100: Memory Usage (473440K) : topmetal2_filler has 0 polygons
2026-03-25 23:00:53 +0100: Memory Usage (473440K) : topmetal2_nofill has 0 polygons
2026-03-25 23:00:53 +0100: Memory Usage (473440K) : topmetal2_slit has 0 polygons
2026-03-25 23:00:53 +0100: Memory Usage (473440K) : topmetal2_text has 2 polygons
2026-03-25 23:00:53 +0100: Memory Usage (473440K) : topmetal2_noqrc has 0 polygons
2026-03-25 23:00:53 +0100: Memory Usage (473440K) : topmetal2_res has 0 polygons
2026-03-25 23:00:53 +0100: Memory Usage (473440K) : topmetal2_iprobe has 0 polygons
2026-03-25 23:00:53 +0100: Memory Usage (473440K) : topmetal2_diffprb has 0 polygons
2026-03-25 23:00:53 +0100: Memory Usage (473440K) : snsring_drw has 0 polygons
2026-03-25 23:00:53 +0100: Memory Usage (473440K) : sensor_drw has 0 polygons
2026-03-25 23:00:53 +0100: Memory Usage (473440K) : snsarms_drw has 0 polygons
2026-03-25 23:00:53 +0100: Memory Usage (473440K) : snscmosvia_drw has 0 polygons
2026-03-25 23:00:53 +0100: Memory Usage (473440K) : colwind_drw has 0 polygons
2026-03-25 23:00:53 +0100: Memory Usage (473440K) : flm_drw has 0 polygons
2026-03-25 23:00:53 +0100: Memory Usage (473440K) : hafniumox_drw has 0 polygons
2026-03-25 23:00:53 +0100: Memory Usage (473440K) : memvia_drw has 0 polygons
2026-03-25 23:00:53 +0100: Memory Usage (473440K) : thinfilmres_drw has 0 polygons
2026-03-25 23:00:53 +0100: Memory Usage (473440K) : rfmem_drw has 0 polygons
2026-03-25 23:00:53 +0100: Memory Usage (473440K) : norcx_drw has 0 polygons
2026-03-25 23:00:53 +0100: Memory Usage (473440K) : norcx_m2m3 has 0 polygons
2026-03-25 23:00:53 +0100: Memory Usage (473440K) : norcx_m2m4 has 0 polygons
2026-03-25 23:00:53 +0100: Memory Usage (473440K) : norcx_m2m5 has 0 polygons
2026-03-25 23:00:53 +0100: Memory Usage (473440K) : norcx_m2tm1 has 0 polygons
2026-03-25 23:00:53 +0100: Memory Usage (473440K) : norcx_m2tm2 has 0 polygons
2026-03-25 23:00:53 +0100: Memory Usage (473440K) : norcx_m3m4 has 0 polygons
2026-03-25 23:00:53 +0100: Memory Usage (473440K) : norcx_m3m5 has 0 polygons
2026-03-25 23:00:53 +0100: Memory Usage (473440K) : norcx_m3tm1 has 0 polygons
2026-03-25 23:00:53 +0100: Memory Usage (473440K) : norcx_m3tm2 has 0 polygons
2026-03-25 23:00:53 +0100: Memory Usage (473440K) : norcx_m4m5 has 0 polygons
2026-03-25 23:00:53 +0100: Memory Usage (473440K) : norcx_m4tm1 has 0 polygons
2026-03-25 23:00:53 +0100: Memory Usage (473440K) : norcx_m4tm2 has 0 polygons
2026-03-25 23:00:53 +0100: Memory Usage (473440K) : norcx_m5tm1 has 0 polygons
2026-03-25 23:00:53 +0100: Memory Usage (473440K) : norcx_m5tm2 has 0 polygons
2026-03-25 23:00:53 +0100: Memory Usage (473440K) : norcx_tm1tm2 has 0 polygons
2026-03-25 23:00:53 +0100: Memory Usage (473440K) : norcx_m1sub has 0 polygons
2026-03-25 23:00:53 +0100: Memory Usage (473440K) : norcx_m2sub has 0 polygons
2026-03-25 23:00:53 +0100: Memory Usage (473440K) : norcx_m3sub has 0 polygons
2026-03-25 23:00:53 +0100: Memory Usage (473440K) : norcx_m4sub has 0 polygons
2026-03-25 23:00:53 +0100: Memory Usage (473440K) : norcx_m5sub has 0 polygons
2026-03-25 23:00:53 +0100: Memory Usage (473440K) : norcx_tm1sub has 0 polygons
2026-03-25 23:00:53 +0100: Memory Usage (473440K) : norcx_tm2sub has 0 polygons
2026-03-25 23:00:53 +0100: Memory Usage (473440K) : snsbotvia_drw has 0 polygons
2026-03-25 23:00:53 +0100: Memory Usage (473440K) : snstopvia_drw has 0 polygons
2026-03-25 23:00:53 +0100: Memory Usage (473440K) : deepvia_drw has 0 polygons
2026-03-25 23:00:53 +0100: Memory Usage (473440K) : fgetch_drw has 0 polygons
2026-03-25 23:00:53 +0100: Memory Usage (473440K) : ctrgat_drw has 0 polygons
2026-03-25 23:00:53 +0100: Memory Usage (473440K) : fgimp_drw has 0 polygons
2026-03-25 23:00:53 +0100: Memory Usage (473440K) : emwihv_drw has 0 polygons
2026-03-25 23:00:53 +0100: Memory Usage (473440K) : lbe_drw has 0 polygons
2026-03-25 23:00:53 +0100: Memory Usage (473440K) : alcustop_drw has 0 polygons
2026-03-25 23:00:53 +0100: Memory Usage (473440K) : nometfiller_drw has 0 polygons
2026-03-25 23:00:53 +0100: Memory Usage (473440K) : prboundary_drw has 0 polygons
2026-03-25 23:00:53 +0100: Memory Usage (473440K) : exchange0_drw has 0 polygons
2026-03-25 23:00:53 +0100: Memory Usage (473440K) : exchange0_pin has 0 polygons
2026-03-25 23:00:53 +0100: Memory Usage (473440K) : exchange0_text has 0 polygons
2026-03-25 23:00:53 +0100: Memory Usage (473440K) : exchange1_drw has 0 polygons
2026-03-25 23:00:53 +0100: Memory Usage (473440K) : exchange1_pin has 0 polygons
2026-03-25 23:00:53 +0100: Memory Usage (473440K) : exchange1_text has 0 polygons
2026-03-25 23:00:53 +0100: Memory Usage (473440K) : exchange2_drw has 0 polygons
2026-03-25 23:00:53 +0100: Memory Usage (473440K) : exchange2_pin has 0 polygons
2026-03-25 23:00:53 +0100: Memory Usage (473440K) : exchange2_text has 0 polygons
2026-03-25 23:00:53 +0100: Memory Usage (473440K) : exchange3_drw has 0 polygons
2026-03-25 23:00:53 +0100: Memory Usage (473440K) : exchange3_pin has 0 polygons
2026-03-25 23:00:53 +0100: Memory Usage (473440K) : exchange3_text has 0 polygons
2026-03-25 23:00:53 +0100: Memory Usage (473440K) : exchange4_drw has 0 polygons
2026-03-25 23:00:53 +0100: Memory Usage (473440K) : exchange4_pin has 0 polygons
2026-03-25 23:00:53 +0100: Memory Usage (473440K) : exchange4_text has 0 polygons
2026-03-25 23:00:53 +0100: Memory Usage (473440K) : isonwell_drw has 0 polygons
2026-03-25 23:00:53 +0100: Memory Usage (473440K) : Total no. of polygons in the design is 55451
2026-03-25 23:00:53 +0100: Memory Usage (473440K) : Loaded TECH DRC rules values from /foss/pdks/ihp-sg13g2/libs.tech/klayout/python/sg13g2_pycell_lib/sg13g2_tech_mod.json
2026-03-25 23:00:53 +0100: Memory Usage (473440K) : Loaded default DRC rules values from /foss/pdks/ihp-sg13g2/libs.tech/klayout/tech/drc/rule_decks/sg13g2_tech_default.json
2026-03-25 23:00:53 +0100: Memory Usage (473440K) : The following rules values were missing in tech json and default values were used:
2026-03-25 23:00:53 +0100: Memory Usage (473440K) :   - Cnt_c_digibnd
2026-03-25 23:00:53 +0100: Memory Usage (473440K) : Total area of the design is 54805.149724999996 um^2.
2026-03-25 23:00:53 +0100: Memory Usage (473440K) : The design dimensions are 309.90500000000003 µm * 176.845 µm.
2026-03-25 23:00:53 +0100: Memory Usage (473440K) : Starting general IHP-SG13G2 derivations.
2026-03-25 23:00:53 +0100: Memory Usage (473440K) : Starting Pwell derivations
2026-03-25 23:00:53 +0100: Memory Usage (473440K) : Starting IHP-SG13G2 DRC rules.
2026-03-25 23:00:53 +0100: Memory Usage (473440K) : Starting 3.2. FORBIDDEN table
2026-03-25 23:00:53 +0100: Memory Usage (473440K) : Executing rule forbidden.biwind
2026-03-25 23:00:53 +0100: Memory Usage (473440K) : Executing rule forbidden.pemwind
2026-03-25 23:00:53 +0100: Memory Usage (473440K) : Executing rule forbidden.baspoly
2026-03-25 23:00:53 +0100: Memory Usage (473440K) : Executing rule forbidden.deepco
2026-03-25 23:00:53 +0100: Memory Usage (473440K) : Executing rule forbidden.pempoly
2026-03-25 23:00:53 +0100: Memory Usage (473440K) : Executing rule forbidden.empoly
2026-03-25 23:00:53 +0100: Memory Usage (473440K) : Executing rule forbidden.ldmos
2026-03-25 23:00:53 +0100: Memory Usage (473440K) : Executing rule forbidden.pbiwind
2026-03-25 23:00:53 +0100: Memory Usage (473440K) : Executing rule forbidden.nodrc
2026-03-25 23:00:53 +0100: Memory Usage (473440K) : Executing rule forbidden.flash
2026-03-25 23:00:53 +0100: Memory Usage (473440K) : Executing rule forbidden.colwind
2026-03-25 23:00:53 +0100: Memory Usage (473440K) : KLayout DRC run for tables 'forbidden' completed in 1.75 seconds
