# Logfile created on 2026-03-25 23:00:46 +0100 by logger.rb/v1.5.3
2026-03-25 23:00:46 +0100: Memory Usage (437240K) : Starting running IHP-SG13G2 KLayout DRC runset on /foss/designs/Design/xschem/IHP__OPA2251/OPA2251-main/layout/klayout/HPA_project_wrapper.gds
2026-03-25 23:00:46 +0100: Memory Usage (437240K) : Ruby Version for klayout: 3.2.3
2026-03-25 23:00:47 +0100: Memory Usage (451872K) : Loading database to memory is complete.
2026-03-25 23:00:47 +0100: Memory Usage (452628K) : IHP-SG13G2 KLayout DRC runset output at: /foss/designs/Design/xschem/IHP__OPA2251/OPA2251-main/layout/klayout/drc_run_HPA/HPA_project_wrapper_HPA_topmetal2filler.lyrdb
2026-03-25 23:00:47 +0100: Memory Usage (452628K) : Evaluate switches.
2026-03-25 23:00:47 +0100: Memory Usage (452628K) : tables selected: topmetal2filler
2026-03-25 23:00:47 +0100: Memory Usage (452628K) : KLayout will use 4 thread(s) in tiled mode.
2026-03-25 23:00:47 +0100: Memory Usage (452628K) : flat mode is enabled.
2026-03-25 23:00:47 +0100: Memory Usage (452628K) : FEOL enabled: false
2026-03-25 23:00:47 +0100: Memory Usage (452628K) : BEOL enabled: false
2026-03-25 23:00:47 +0100: Memory Usage (452628K) : OFFGRID enabled: true
2026-03-25 23:00:47 +0100: Memory Usage (452628K) : PIN enabled: false
2026-03-25 23:00:47 +0100: Memory Usage (452628K) : FORBIDDEN enabled: false
2026-03-25 23:00:47 +0100: Memory Usage (452628K) : RECOMMENDED enabled: true
2026-03-25 23:00:47 +0100: Memory Usage (452628K) : PreCheck DRC enabled: false
2026-03-25 23:00:47 +0100: Memory Usage (452628K) : CONNECTIVITY_RULES enabled: false.
2026-03-25 23:00:47 +0100: Memory Usage (452628K) : Read in polygons from layers.
2026-03-25 23:00:47 +0100: Memory Usage (454816K) : activ_drw has 198 polygons
2026-03-25 23:00:47 +0100: Memory Usage (454816K) : activ_pin has 0 polygons
2026-03-25 23:00:47 +0100: Memory Usage (454816K) : activ_mask has 0 polygons
2026-03-25 23:00:47 +0100: Memory Usage (454816K) : activ_filler has 0 polygons
2026-03-25 23:00:47 +0100: Memory Usage (454816K) : activ_nofill has 0 polygons
2026-03-25 23:00:47 +0100: Memory Usage (454816K) : activ_opc has 0 polygons
2026-03-25 23:00:47 +0100: Memory Usage (454816K) : activ_iopc has 0 polygons
2026-03-25 23:00:47 +0100: Memory Usage (454816K) : activ_noqrc has 0 polygons
2026-03-25 23:00:47 +0100: Memory Usage (454816K) : biwind_drw has 0 polygons
2026-03-25 23:00:47 +0100: Memory Usage (454816K) : biwind_opc has 0 polygons
2026-03-25 23:00:47 +0100: Memory Usage (454816K) : pemwind_drw has 0 polygons
2026-03-25 23:00:47 +0100: Memory Usage (455308K) : gatpoly_drw has 108 polygons
2026-03-25 23:00:47 +0100: Memory Usage (455308K) : gatpoly_pin has 124 polygons
2026-03-25 23:00:47 +0100: Memory Usage (455308K) : gatpoly_filler has 0 polygons
2026-03-25 23:00:47 +0100: Memory Usage (455308K) : gatpoly_nofill has 0 polygons
2026-03-25 23:00:47 +0100: Memory Usage (455308K) : gatpoly_opc has 0 polygons
2026-03-25 23:00:47 +0100: Memory Usage (455308K) : gatpoly_iopc has 0 polygons
2026-03-25 23:00:47 +0100: Memory Usage (455308K) : gatpoly_noqrc has 0 polygons
2026-03-25 23:00:47 +0100: Memory Usage (459796K) : cont_drw has 16803 polygons
2026-03-25 23:00:47 +0100: Memory Usage (459796K) : cont_opc has 0 polygons
2026-03-25 23:00:47 +0100: Memory Usage (459796K) : nsd_drw has 0 polygons
2026-03-25 23:00:47 +0100: Memory Usage (459796K) : nsd_block has 0 polygons
2026-03-25 23:00:47 +0100: Memory Usage (459796K) : metal1_drw has 390 polygons
2026-03-25 23:00:47 +0100: Memory Usage (459796K) : metal1_pin has 515 polygons
2026-03-25 23:00:47 +0100: Memory Usage (459796K) : metal1_mask has 0 polygons
2026-03-25 23:00:47 +0100: Memory Usage (459796K) : metal1_filler has 0 polygons
2026-03-25 23:00:47 +0100: Memory Usage (459796K) : metal1_nofill has 0 polygons
2026-03-25 23:00:47 +0100: Memory Usage (459796K) : metal1_slit has 0 polygons
2026-03-25 23:00:47 +0100: Memory Usage (459796K) : metal1_text has 0 polygons
2026-03-25 23:00:47 +0100: Memory Usage (459796K) : metal1_opc has 0 polygons
2026-03-25 23:00:47 +0100: Memory Usage (459796K) : metal1_noqrc has 0 polygons
2026-03-25 23:00:47 +0100: Memory Usage (459796K) : metal1_res has 0 polygons
2026-03-25 23:00:47 +0100: Memory Usage (459796K) : metal1_iprobe has 0 polygons
2026-03-25 23:00:47 +0100: Memory Usage (459796K) : metal1_diffprb has 0 polygons
2026-03-25 23:00:47 +0100: Memory Usage (459796K) : passiv_drw has 0 polygons
2026-03-25 23:00:47 +0100: Memory Usage (459796K) : passiv_pin has 0 polygons
2026-03-25 23:00:47 +0100: Memory Usage (459796K) : passiv_sbump has 0 polygons
2026-03-25 23:00:47 +0100: Memory Usage (459796K) : passiv_pillar has 0 polygons
2026-03-25 23:00:47 +0100: Memory Usage (459796K) : passiv_pdl has 0 polygons
2026-03-25 23:00:47 +0100: Memory Usage (460116K) : metal2_drw has 95 polygons
2026-03-25 23:00:47 +0100: Memory Usage (460116K) : metal2_pin has 11 polygons
2026-03-25 23:00:47 +0100: Memory Usage (460116K) : metal2_mask has 0 polygons
2026-03-25 23:00:47 +0100: Memory Usage (460116K) : metal2_filler has 0 polygons
2026-03-25 23:00:47 +0100: Memory Usage (460116K) : metal2_nofill has 0 polygons
2026-03-25 23:00:47 +0100: Memory Usage (460116K) : metal2_slit has 0 polygons
2026-03-25 23:00:47 +0100: Memory Usage (460116K) : metal2_text has 0 polygons
2026-03-25 23:00:47 +0100: Memory Usage (460116K) : metal2_opc has 0 polygons
2026-03-25 23:00:47 +0100: Memory Usage (460116K) : metal2_noqrc has 0 polygons
2026-03-25 23:00:47 +0100: Memory Usage (460116K) : metal2_res has 0 polygons
2026-03-25 23:00:47 +0100: Memory Usage (460116K) : metal2_iprobe has 0 polygons
2026-03-25 23:00:47 +0100: Memory Usage (460116K) : metal2_diffprb has 0 polygons
2026-03-25 23:00:47 +0100: Memory Usage (460116K) : baspoly_drw has 0 polygons
2026-03-25 23:00:47 +0100: Memory Usage (460116K) : baspoly_pin has 0 polygons
2026-03-25 23:00:47 +0100: Memory Usage (460116K) : psd_drw has 24 polygons
2026-03-25 23:00:47 +0100: Memory Usage (460116K) : nldb_drw has 0 polygons
2026-03-25 23:00:47 +0100: Memory Usage (460116K) : digibnd_drw has 0 polygons
2026-03-25 23:00:47 +0100: Memory Usage (462024K) : via1_drw has 9590 polygons
2026-03-25 23:00:47 +0100: Memory Usage (462024K) : backmetal1_drw has 0 polygons
2026-03-25 23:00:47 +0100: Memory Usage (462024K) : backmetal1_pin has 0 polygons
2026-03-25 23:00:47 +0100: Memory Usage (462024K) : backmetal1_mask has 0 polygons
2026-03-25 23:00:47 +0100: Memory Usage (462024K) : backmetal1_filler has 0 polygons
2026-03-25 23:00:47 +0100: Memory Usage (462024K) : backmetal1_nofill has 0 polygons
2026-03-25 23:00:47 +0100: Memory Usage (462024K) : backmetal1_slit has 0 polygons
2026-03-25 23:00:47 +0100: Memory Usage (462024K) : backmetal1_text has 0 polygons
2026-03-25 23:00:47 +0100: Memory Usage (462024K) : backmetal1_opc has 0 polygons
2026-03-25 23:00:47 +0100: Memory Usage (462024K) : backmetal1_noqrc has 0 polygons
2026-03-25 23:00:47 +0100: Memory Usage (462024K) : backmetal1_res has 0 polygons
2026-03-25 23:00:47 +0100: Memory Usage (462024K) : backmetal1_iprobe has 0 polygons
2026-03-25 23:00:47 +0100: Memory Usage (462024K) : backmetal1_diffprb has 0 polygons
2026-03-25 23:00:47 +0100: Memory Usage (462024K) : backpassiv_drw has 0 polygons
2026-03-25 23:00:47 +0100: Memory Usage (462024K) : res_drw has 0 polygons
2026-03-25 23:00:47 +0100: Memory Usage (462024K) : sram_drw has 0 polygons
2026-03-25 23:00:47 +0100: Memory Usage (462024K) : trans_drw has 0 polygons
2026-03-25 23:00:47 +0100: Memory Usage (462024K) : ind_drw has 0 polygons
2026-03-25 23:00:47 +0100: Memory Usage (462024K) : ind_pin has 0 polygons
2026-03-25 23:00:47 +0100: Memory Usage (462024K) : ind_text has 0 polygons
2026-03-25 23:00:47 +0100: Memory Usage (462288K) : salblock_drw has 7 polygons
2026-03-25 23:00:47 +0100: Memory Usage (463872K) : via2_drw has 7995 polygons
2026-03-25 23:00:47 +0100: Memory Usage (463872K) : metal3_drw has 67 polygons
2026-03-25 23:00:47 +0100: Memory Usage (463872K) : metal3_pin has 8 polygons
2026-03-25 23:00:47 +0100: Memory Usage (463872K) : metal3_mask has 0 polygons
2026-03-25 23:00:47 +0100: Memory Usage (463872K) : metal3_filler has 0 polygons
2026-03-25 23:00:47 +0100: Memory Usage (463872K) : metal3_nofill has 0 polygons
2026-03-25 23:00:47 +0100: Memory Usage (463872K) : metal3_slit has 0 polygons
2026-03-25 23:00:47 +0100: Memory Usage (463872K) : metal3_text has 0 polygons
2026-03-25 23:00:47 +0100: Memory Usage (463872K) : metal3_opc has 0 polygons
2026-03-25 23:00:47 +0100: Memory Usage (463872K) : metal3_noqrc has 0 polygons
2026-03-25 23:00:47 +0100: Memory Usage (463872K) : metal3_res has 0 polygons
2026-03-25 23:00:47 +0100: Memory Usage (463872K) : metal3_iprobe has 0 polygons
2026-03-25 23:00:47 +0100: Memory Usage (463872K) : metal3_diffprb has 0 polygons
2026-03-25 23:00:47 +0100: Memory Usage (464664K) : nwell_drw has 5 polygons
2026-03-25 23:00:47 +0100: Memory Usage (464664K) : nwell_pin has 0 polygons
2026-03-25 23:00:47 +0100: Memory Usage (464664K) : nbulay_drw has 0 polygons
2026-03-25 23:00:47 +0100: Memory Usage (464664K) : nbulay_pin has 0 polygons
2026-03-25 23:00:47 +0100: Memory Usage (464664K) : nbulay_block has 0 polygons
2026-03-25 23:00:47 +0100: Memory Usage (464664K) : emwind_drw has 0 polygons
2026-03-25 23:00:47 +0100: Memory Usage (464664K) : emwind_opc has 0 polygons
2026-03-25 23:00:47 +0100: Memory Usage (464664K) : deepco_drw has 0 polygons
2026-03-25 23:00:47 +0100: Memory Usage (464928K) : deepco_drw has 0 polygons
2026-03-25 23:00:47 +0100: Memory Usage (464928K) : mim_drw has 2 polygons
2026-03-25 23:00:47 +0100: Memory Usage (465192K) : edgeseal_drw has 0 polygons
2026-03-25 23:00:47 +0100: Memory Usage (465192K) : edgeseal_bound has 0 polygons
2026-03-25 23:00:47 +0100: Memory Usage (465456K) : substrate_drw has 723 polygons
2026-03-25 23:00:47 +0100: Memory Usage (465456K) : substrate_text has 0 polygons
2026-03-25 23:00:47 +0100: Memory Usage (465456K) : dfpad_drw has 0 polygons
2026-03-25 23:00:47 +0100: Memory Usage (465720K) : dfpad_pillar has 0 polygons
2026-03-25 23:00:47 +0100: Memory Usage (465720K) : dfpad_sbump has 0 polygons
2026-03-25 23:00:47 +0100: Memory Usage (465984K) : thickgateox_drw has 0 polygons
2026-03-25 23:00:47 +0100: Memory Usage (465984K) : pldb_drw has 0 polygons
2026-03-25 23:00:47 +0100: Memory Usage (465984K) : pwell_drw has 0 polygons
2026-03-25 23:00:47 +0100: Memory Usage (466248K) : pwell_pin has 0 polygons
2026-03-25 23:00:47 +0100: Memory Usage (466248K) : pwell_block has 0 polygons
2026-03-25 23:00:47 +0100: Memory Usage (466512K) : ic_drw has 0 polygons
2026-03-25 23:00:47 +0100: Memory Usage (468096K) : via3_drw has 7005 polygons
2026-03-25 23:00:47 +0100: Memory Usage (468096K) : metal4_drw has 40 polygons
2026-03-25 23:00:47 +0100: Memory Usage (468096K) : metal4_pin has 3 polygons
2026-03-25 23:00:47 +0100: Memory Usage (468096K) : metal4_mask has 0 polygons
2026-03-25 23:00:47 +0100: Memory Usage (468096K) : metal4_filler has 0 polygons
2026-03-25 23:00:48 +0100: Memory Usage (468096K) : metal4_nofill has 0 polygons
2026-03-25 23:00:48 +0100: Memory Usage (468096K) : metal4_slit has 0 polygons
2026-03-25 23:00:48 +0100: Memory Usage (468096K) : metal4_text has 0 polygons
2026-03-25 23:00:48 +0100: Memory Usage (468096K) : metal4_opc has 0 polygons
2026-03-25 23:00:48 +0100: Memory Usage (468096K) : metal4_noqrc has 0 polygons
2026-03-25 23:00:48 +0100: Memory Usage (468360K) : metal4_res has 0 polygons
2026-03-25 23:00:48 +0100: Memory Usage (468360K) : metal4_iprobe has 0 polygons
2026-03-25 23:00:48 +0100: Memory Usage (468360K) : metal4_diffprb has 0 polygons
2026-03-25 23:00:48 +0100: Memory Usage (468888K) : heattrans_drw has 421 polygons
2026-03-25 23:00:48 +0100: Memory Usage (469152K) : heatres_drw has 7 polygons
2026-03-25 23:00:48 +0100: Memory Usage (469152K) : pempoly_drw has 0 polygons
2026-03-25 23:00:48 +0100: Memory Usage (469152K) : fbe_drw has 0 polygons
2026-03-25 23:00:48 +0100: Memory Usage (469152K) : empoly_drw has 0 polygons
2026-03-25 23:00:48 +0100: Memory Usage (469152K) : ldmos_drw has 0 polygons
2026-03-25 23:00:48 +0100: Memory Usage (469416K) : pbiwind_drw has 0 polygons
2026-03-25 23:00:48 +0100: Memory Usage (469416K) : digisub_drw has 0 polygons
2026-03-25 23:00:48 +0100: Memory Usage (469416K) : nodrc_drw has 0 polygons
2026-03-25 23:00:48 +0100: Memory Usage (469416K) : text_drw has 1107 polygons
2026-03-25 23:00:48 +0100: Memory Usage (471264K) : via4_drw has 6898 polygons
2026-03-25 23:00:48 +0100: Memory Usage (471264K) : metal5_drw has 32 polygons
2026-03-25 23:00:48 +0100: Memory Usage (471264K) : metal5_pin has 5 polygons
2026-03-25 23:00:48 +0100: Memory Usage (471264K) : metal5_mask has 0 polygons
2026-03-25 23:00:48 +0100: Memory Usage (471460K) : metal5_filler has 0 polygons
2026-03-25 23:00:48 +0100: Memory Usage (471460K) : metal5_nofill has 0 polygons
2026-03-25 23:00:48 +0100: Memory Usage (471460K) : metal5_slit has 0 polygons
2026-03-25 23:00:48 +0100: Memory Usage (471460K) : metal5_text has 1 polygons
2026-03-25 23:00:48 +0100: Memory Usage (471460K) : metal5_opc has 0 polygons
2026-03-25 23:00:48 +0100: Memory Usage (471460K) : metal5_noqrc has 0 polygons
2026-03-25 23:00:48 +0100: Memory Usage (471460K) : metal5_res has 0 polygons
2026-03-25 23:00:48 +0100: Memory Usage (471460K) : metal5_iprobe has 0 polygons
2026-03-25 23:00:48 +0100: Memory Usage (471720K) : metal5_diffprb has 0 polygons
2026-03-25 23:00:48 +0100: Memory Usage (471720K) : radhard_drw has 0 polygons
2026-03-25 23:00:48 +0100: Memory Usage (471720K) : memcap_drw has 0 polygons
2026-03-25 23:00:48 +0100: Memory Usage (471984K) : varicap_drw has 0 polygons
2026-03-25 23:00:48 +0100: Memory Usage (472052K) : flash_drw has 0 polygons
2026-03-25 23:00:48 +0100: Memory Usage (472312K) : intbondvia_drw has 0 polygons
2026-03-25 23:00:48 +0100: Memory Usage (472312K) : intbondmet_drw has 0 polygons
2026-03-25 23:00:48 +0100: Memory Usage (472312K) : devbondvia_drw has 0 polygons
2026-03-25 23:00:48 +0100: Memory Usage (472576K) : devbondmet_drw has 0 polygons
2026-03-25 23:00:48 +0100: Memory Usage (472576K) : devtrench_drw has 0 polygons
2026-03-25 23:00:48 +0100: Memory Usage (472840K) : redist_drw has 0 polygons
2026-03-25 23:00:48 +0100: Memory Usage (472840K) : graphbot_drw has 0 polygons
2026-03-25 23:00:48 +0100: Memory Usage (472840K) : graphtop_drw has 0 polygons
2026-03-25 23:00:48 +0100: Memory Usage (473104K) : antvia1_drw has 0 polygons
2026-03-25 23:00:48 +0100: Memory Usage (473104K) : antmetal2_drw has 0 polygons
2026-03-25 23:00:48 +0100: Memory Usage (473268K) : graphcont_drw has 0 polygons
2026-03-25 23:00:48 +0100: Memory Usage (473268K) : siwg_drw has 0 polygons
2026-03-25 23:00:48 +0100: Memory Usage (473268K) : siwg_filler has 0 polygons
2026-03-25 23:00:48 +0100: Memory Usage (473268K) : siwg_nofill has 0 polygons
2026-03-25 23:00:48 +0100: Memory Usage (473268K) : sigrating_drw has 0 polygons
2026-03-25 23:00:48 +0100: Memory Usage (473268K) : singrating_drw has 0 polygons
2026-03-25 23:00:48 +0100: Memory Usage (473268K) : graphpas_drw has 0 polygons
2026-03-25 23:00:48 +0100: Memory Usage (473268K) : emwind3_drw has 0 polygons
2026-03-25 23:00:48 +0100: Memory Usage (473268K) : emwihv3_drw has 0 polygons
2026-03-25 23:00:48 +0100: Memory Usage (473268K) : redbulay_drw has 0 polygons
2026-03-25 23:00:48 +0100: Memory Usage (473268K) : smos_drw has 0 polygons
2026-03-25 23:00:48 +0100: Memory Usage (473268K) : graphpad_drw has 0 polygons
2026-03-25 23:00:48 +0100: Memory Usage (473268K) : polimide_drw has 0 polygons
2026-03-25 23:00:48 +0100: Memory Usage (473268K) : polimide_pin has 0 polygons
2026-03-25 23:00:48 +0100: Memory Usage (473268K) : recog_drw has 0 polygons
2026-03-25 23:00:48 +0100: Memory Usage (473268K) : recog_pin has 0 polygons
2026-03-25 23:00:48 +0100: Memory Usage (473268K) : recog_esd has 0 polygons
2026-03-25 23:00:48 +0100: Memory Usage (473268K) : recog_diode has 0 polygons
2026-03-25 23:00:48 +0100: Memory Usage (473268K) : recog_tsv has 0 polygons
2026-03-25 23:00:48 +0100: Memory Usage (473268K) : recog_iprobe has 0 polygons
2026-03-25 23:00:48 +0100: Memory Usage (473268K) : recog_diffprb has 0 polygons
2026-03-25 23:00:48 +0100: Memory Usage (473268K) : recog_pillar has 0 polygons
2026-03-25 23:00:48 +0100: Memory Usage (473268K) : recog_sbump has 0 polygons
2026-03-25 23:00:48 +0100: Memory Usage (473268K) : recog_otp has 0 polygons
2026-03-25 23:00:48 +0100: Memory Usage (473268K) : recog_pdiode has 0 polygons
2026-03-25 23:00:48 +0100: Memory Usage (473268K) : recog_mom has 0 polygons
2026-03-25 23:00:48 +0100: Memory Usage (473268K) : recog_pcm has 0 polygons
2026-03-25 23:00:48 +0100: Memory Usage (473268K) : colopen_drw has 0 polygons
2026-03-25 23:00:48 +0100: Memory Usage (473528K) : graphmetal1_drw has 0 polygons
2026-03-25 23:00:48 +0100: Memory Usage (473528K) : graphmetal1_filler has 0 polygons
2026-03-25 23:00:48 +0100: Memory Usage (473528K) : graphmetal1_nofill has 0 polygons
2026-03-25 23:00:48 +0100: Memory Usage (473528K) : graphmetal1_slit has 0 polygons
2026-03-25 23:00:48 +0100: Memory Usage (473528K) : graphmetal1_opc has 0 polygons
2026-03-25 23:00:48 +0100: Memory Usage (473528K) : graphmet1l_drw has 0 polygons
2026-03-25 23:00:48 +0100: Memory Usage (473528K) : graphmet1l_filler has 0 polygons
2026-03-25 23:00:48 +0100: Memory Usage (473528K) : graphmet1l_nofill has 0 polygons
2026-03-25 23:00:48 +0100: Memory Usage (473528K) : graphmet1l_slit has 0 polygons
2026-03-25 23:00:48 +0100: Memory Usage (473528K) : graphmet1l_opc has 0 polygons
2026-03-25 23:00:48 +0100: Memory Usage (473528K) : extblock_drw has 5 polygons
2026-03-25 23:00:48 +0100: Memory Usage (473528K) : nldd_drw has 0 polygons
2026-03-25 23:00:48 +0100: Memory Usage (473528K) : pldd_drw has 0 polygons
2026-03-25 23:00:48 +0100: Memory Usage (473528K) : next_drw has 0 polygons
2026-03-25 23:00:48 +0100: Memory Usage (473528K) : pext_drw has 0 polygons
2026-03-25 23:00:48 +0100: Memory Usage (473528K) : nexthv_drw has 0 polygons
2026-03-25 23:00:48 +0100: Memory Usage (473528K) : pexthv_drw has 0 polygons
2026-03-25 23:00:48 +0100: Memory Usage (473528K) : graphgate_drw has 0 polygons
2026-03-25 23:00:48 +0100: Memory Usage (473528K) : sinwg_drw has 0 polygons
2026-03-25 23:00:48 +0100: Memory Usage (473528K) : sinwg_filler has 0 polygons
2026-03-25 23:00:48 +0100: Memory Usage (473528K) : sinwg_nofill has 0 polygons
2026-03-25 23:00:48 +0100: Memory Usage (473528K) : mempad_drw has 0 polygons
2026-03-25 23:00:48 +0100: Memory Usage (473528K) : topvia1_drw has 1720 polygons
2026-03-25 23:00:48 +0100: Memory Usage (473528K) : topmetal1_drw has 13 polygons
2026-03-25 23:00:48 +0100: Memory Usage (473528K) : topmetal1_pin has 15 polygons
2026-03-25 23:00:48 +0100: Memory Usage (473528K) : topmetal1_mask has 0 polygons
2026-03-25 23:00:48 +0100: Memory Usage (473528K) : topmetal1_filler has 0 polygons
2026-03-25 23:00:48 +0100: Memory Usage (473528K) : topmetal1_nofill has 0 polygons
2026-03-25 23:00:48 +0100: Memory Usage (473528K) : topmetal1_slit has 0 polygons
2026-03-25 23:00:48 +0100: Memory Usage (473528K) : topmetal1_text has 5 polygons
2026-03-25 23:00:48 +0100: Memory Usage (473528K) : topmetal1_noqrc has 0 polygons
2026-03-25 23:00:48 +0100: Memory Usage (473528K) : topmetal1_res has 0 polygons
2026-03-25 23:00:48 +0100: Memory Usage (473528K) : topmetal1_iprobe has 0 polygons
2026-03-25 23:00:48 +0100: Memory Usage (473528K) : topmetal1_diffprb has 0 polygons
2026-03-25 23:00:48 +0100: Memory Usage (473528K) : inldpwl_drw has 0 polygons
2026-03-25 23:00:48 +0100: Memory Usage (473528K) : polyres_drw has 7 polygons
2026-03-25 23:00:48 +0100: Memory Usage (473528K) : polyres_pin has 0 polygons
2026-03-25 23:00:48 +0100: Memory Usage (473528K) : vmim_drw has 578 polygons
2026-03-25 23:00:48 +0100: Memory Usage (473528K) : nbulaycut_drw has 0 polygons
2026-03-25 23:00:48 +0100: Memory Usage (473528K) : antmetal1_drw has 0 polygons
2026-03-25 23:00:48 +0100: Memory Usage (473528K) : topvia2_drw has 916 polygons
2026-03-25 23:00:48 +0100: Memory Usage (473528K) : topmetal2_drw has 4 polygons
2026-03-25 23:00:48 +0100: Memory Usage (473528K) : topmetal2_pin has 2 polygons
2026-03-25 23:00:48 +0100: Memory Usage (473528K) : topmetal2_mask has 0 polygons
2026-03-25 23:00:48 +0100: Memory Usage (473528K) : topmetal2_filler has 0 polygons
2026-03-25 23:00:48 +0100: Memory Usage (473528K) : topmetal2_nofill has 0 polygons
2026-03-25 23:00:48 +0100: Memory Usage (473528K) : topmetal2_slit has 0 polygons
2026-03-25 23:00:48 +0100: Memory Usage (473528K) : topmetal2_text has 2 polygons
2026-03-25 23:00:48 +0100: Memory Usage (473528K) : topmetal2_noqrc has 0 polygons
2026-03-25 23:00:48 +0100: Memory Usage (473528K) : topmetal2_res has 0 polygons
2026-03-25 23:00:48 +0100: Memory Usage (473528K) : topmetal2_iprobe has 0 polygons
2026-03-25 23:00:48 +0100: Memory Usage (473528K) : topmetal2_diffprb has 0 polygons
2026-03-25 23:00:48 +0100: Memory Usage (473528K) : snsring_drw has 0 polygons
2026-03-25 23:00:48 +0100: Memory Usage (473528K) : sensor_drw has 0 polygons
2026-03-25 23:00:48 +0100: Memory Usage (473528K) : snsarms_drw has 0 polygons
2026-03-25 23:00:48 +0100: Memory Usage (473528K) : snscmosvia_drw has 0 polygons
2026-03-25 23:00:48 +0100: Memory Usage (473528K) : colwind_drw has 0 polygons
2026-03-25 23:00:48 +0100: Memory Usage (473528K) : flm_drw has 0 polygons
2026-03-25 23:00:48 +0100: Memory Usage (473528K) : hafniumox_drw has 0 polygons
2026-03-25 23:00:48 +0100: Memory Usage (473528K) : memvia_drw has 0 polygons
2026-03-25 23:00:48 +0100: Memory Usage (473528K) : thinfilmres_drw has 0 polygons
2026-03-25 23:00:48 +0100: Memory Usage (473528K) : rfmem_drw has 0 polygons
2026-03-25 23:00:48 +0100: Memory Usage (473528K) : norcx_drw has 0 polygons
2026-03-25 23:00:48 +0100: Memory Usage (473528K) : norcx_m2m3 has 0 polygons
2026-03-25 23:00:48 +0100: Memory Usage (473528K) : norcx_m2m4 has 0 polygons
2026-03-25 23:00:48 +0100: Memory Usage (473528K) : norcx_m2m5 has 0 polygons
2026-03-25 23:00:48 +0100: Memory Usage (473528K) : norcx_m2tm1 has 0 polygons
2026-03-25 23:00:48 +0100: Memory Usage (473528K) : norcx_m2tm2 has 0 polygons
2026-03-25 23:00:48 +0100: Memory Usage (473528K) : norcx_m3m4 has 0 polygons
2026-03-25 23:00:48 +0100: Memory Usage (473528K) : norcx_m3m5 has 0 polygons
2026-03-25 23:00:48 +0100: Memory Usage (473528K) : norcx_m3tm1 has 0 polygons
2026-03-25 23:00:48 +0100: Memory Usage (473528K) : norcx_m3tm2 has 0 polygons
2026-03-25 23:00:48 +0100: Memory Usage (473528K) : norcx_m4m5 has 0 polygons
2026-03-25 23:00:48 +0100: Memory Usage (473528K) : norcx_m4tm1 has 0 polygons
2026-03-25 23:00:48 +0100: Memory Usage (473528K) : norcx_m4tm2 has 0 polygons
2026-03-25 23:00:48 +0100: Memory Usage (473528K) : norcx_m5tm1 has 0 polygons
2026-03-25 23:00:48 +0100: Memory Usage (473528K) : norcx_m5tm2 has 0 polygons
2026-03-25 23:00:48 +0100: Memory Usage (473528K) : norcx_tm1tm2 has 0 polygons
2026-03-25 23:00:48 +0100: Memory Usage (473528K) : norcx_m1sub has 0 polygons
2026-03-25 23:00:48 +0100: Memory Usage (473528K) : norcx_m2sub has 0 polygons
2026-03-25 23:00:48 +0100: Memory Usage (473528K) : norcx_m3sub has 0 polygons
2026-03-25 23:00:48 +0100: Memory Usage (473528K) : norcx_m4sub has 0 polygons
2026-03-25 23:00:48 +0100: Memory Usage (473528K) : norcx_m5sub has 0 polygons
2026-03-25 23:00:48 +0100: Memory Usage (473528K) : norcx_tm1sub has 0 polygons
2026-03-25 23:00:48 +0100: Memory Usage (473528K) : norcx_tm2sub has 0 polygons
2026-03-25 23:00:48 +0100: Memory Usage (473528K) : snsbotvia_drw has 0 polygons
2026-03-25 23:00:48 +0100: Memory Usage (473528K) : snstopvia_drw has 0 polygons
2026-03-25 23:00:48 +0100: Memory Usage (473528K) : deepvia_drw has 0 polygons
2026-03-25 23:00:48 +0100: Memory Usage (473528K) : fgetch_drw has 0 polygons
2026-03-25 23:00:48 +0100: Memory Usage (473528K) : ctrgat_drw has 0 polygons
2026-03-25 23:00:48 +0100: Memory Usage (473528K) : fgimp_drw has 0 polygons
2026-03-25 23:00:48 +0100: Memory Usage (473528K) : emwihv_drw has 0 polygons
2026-03-25 23:00:48 +0100: Memory Usage (473528K) : lbe_drw has 0 polygons
2026-03-25 23:00:48 +0100: Memory Usage (473528K) : alcustop_drw has 0 polygons
2026-03-25 23:00:48 +0100: Memory Usage (473528K) : nometfiller_drw has 0 polygons
2026-03-25 23:00:48 +0100: Memory Usage (473528K) : prboundary_drw has 0 polygons
2026-03-25 23:00:48 +0100: Memory Usage (473528K) : exchange0_drw has 0 polygons
2026-03-25 23:00:48 +0100: Memory Usage (473528K) : exchange0_pin has 0 polygons
2026-03-25 23:00:48 +0100: Memory Usage (473528K) : exchange0_text has 0 polygons
2026-03-25 23:00:48 +0100: Memory Usage (473528K) : exchange1_drw has 0 polygons
2026-03-25 23:00:48 +0100: Memory Usage (473528K) : exchange1_pin has 0 polygons
2026-03-25 23:00:48 +0100: Memory Usage (473528K) : exchange1_text has 0 polygons
2026-03-25 23:00:48 +0100: Memory Usage (473528K) : exchange2_drw has 0 polygons
2026-03-25 23:00:48 +0100: Memory Usage (473528K) : exchange2_pin has 0 polygons
2026-03-25 23:00:48 +0100: Memory Usage (473528K) : exchange2_text has 0 polygons
2026-03-25 23:00:48 +0100: Memory Usage (473528K) : exchange3_drw has 0 polygons
2026-03-25 23:00:48 +0100: Memory Usage (473528K) : exchange3_pin has 0 polygons
2026-03-25 23:00:48 +0100: Memory Usage (473528K) : exchange3_text has 0 polygons
2026-03-25 23:00:48 +0100: Memory Usage (473528K) : exchange4_drw has 0 polygons
2026-03-25 23:00:48 +0100: Memory Usage (473528K) : exchange4_pin has 0 polygons
2026-03-25 23:00:48 +0100: Memory Usage (473528K) : exchange4_text has 0 polygons
2026-03-25 23:00:48 +0100: Memory Usage (473528K) : isonwell_drw has 0 polygons
2026-03-25 23:00:48 +0100: Memory Usage (473528K) : Total no. of polygons in the design is 55451
2026-03-25 23:00:48 +0100: Memory Usage (473528K) : Loaded TECH DRC rules values from /foss/pdks/ihp-sg13g2/libs.tech/klayout/python/sg13g2_pycell_lib/sg13g2_tech_mod.json
2026-03-25 23:00:48 +0100: Memory Usage (473528K) : Loaded default DRC rules values from /foss/pdks/ihp-sg13g2/libs.tech/klayout/tech/drc/rule_decks/sg13g2_tech_default.json
2026-03-25 23:00:48 +0100: Memory Usage (473528K) : The following rules values were missing in tech json and default values were used:
2026-03-25 23:00:48 +0100: Memory Usage (473528K) :   - Cnt_c_digibnd
2026-03-25 23:00:48 +0100: Memory Usage (473528K) : Total area of the design is 54805.149724999996 um^2.
2026-03-25 23:00:48 +0100: Memory Usage (473528K) : The design dimensions are 309.90500000000003 µm * 176.845 µm.
2026-03-25 23:00:48 +0100: Memory Usage (473528K) : Starting general IHP-SG13G2 derivations.
2026-03-25 23:00:48 +0100: Memory Usage (473528K) : Starting Pwell derivations
2026-03-25 23:00:48 +0100: Memory Usage (473528K) : Starting IHP-SG13G2 DRC rules.
2026-03-25 23:00:48 +0100: Memory Usage (473528K) : Starting 5.26 TopMetal2:filler table
2026-03-25 23:00:48 +0100: Memory Usage (473528K) : Executing rule TM2Fil.c
2026-03-25 23:00:48 +0100: Memory Usage (473528K) : Executing rule TM2Fil.a1
2026-03-25 23:00:48 +0100: Memory Usage (473528K) : KLayout DRC run for tables 'topmetal2filler' completed in 1.52 seconds
