# Logfile created on 2026-03-25 23:00:47 +0100 by logger.rb/v1.5.3
2026-03-25 23:00:47 +0100: Memory Usage (437328K) : Starting running IHP-SG13G2 KLayout DRC runset on /foss/designs/Design/xschem/IHP__OPA2251/OPA2251-main/layout/klayout/HPA_project_wrapper.gds
2026-03-25 23:00:47 +0100: Memory Usage (437328K) : Ruby Version for klayout: 3.2.3
2026-03-25 23:00:48 +0100: Memory Usage (452100K) : Loading database to memory is complete.
2026-03-25 23:00:48 +0100: Memory Usage (452100K) : IHP-SG13G2 KLayout DRC runset output at: /foss/designs/Design/xschem/IHP__OPA2251/OPA2251-main/layout/klayout/drc_run_HPA/HPA_project_wrapper_HPA_metalnfiller.lyrdb
2026-03-25 23:00:48 +0100: Memory Usage (452100K) : Evaluate switches.
2026-03-25 23:00:48 +0100: Memory Usage (452100K) : tables selected: metalnfiller
2026-03-25 23:00:48 +0100: Memory Usage (452100K) : KLayout will use 4 thread(s) in tiled mode.
2026-03-25 23:00:48 +0100: Memory Usage (452100K) : flat mode is enabled.
2026-03-25 23:00:48 +0100: Memory Usage (452100K) : FEOL enabled: false
2026-03-25 23:00:48 +0100: Memory Usage (452100K) : BEOL enabled: false
2026-03-25 23:00:48 +0100: Memory Usage (452100K) : OFFGRID enabled: true
2026-03-25 23:00:48 +0100: Memory Usage (452100K) : PIN enabled: false
2026-03-25 23:00:48 +0100: Memory Usage (452100K) : FORBIDDEN enabled: false
2026-03-25 23:00:48 +0100: Memory Usage (452100K) : RECOMMENDED enabled: true
2026-03-25 23:00:48 +0100: Memory Usage (452100K) : PreCheck DRC enabled: false
2026-03-25 23:00:48 +0100: Memory Usage (452100K) : CONNECTIVITY_RULES enabled: false.
2026-03-25 23:00:48 +0100: Memory Usage (452100K) : Read in polygons from layers.
2026-03-25 23:00:48 +0100: Memory Usage (454840K) : activ_drw has 198 polygons
2026-03-25 23:00:48 +0100: Memory Usage (454840K) : activ_pin has 0 polygons
2026-03-25 23:00:48 +0100: Memory Usage (454840K) : activ_mask has 0 polygons
2026-03-25 23:00:48 +0100: Memory Usage (454840K) : activ_filler has 0 polygons
2026-03-25 23:00:48 +0100: Memory Usage (454840K) : activ_nofill has 0 polygons
2026-03-25 23:00:48 +0100: Memory Usage (454840K) : activ_opc has 0 polygons
2026-03-25 23:00:48 +0100: Memory Usage (454840K) : activ_iopc has 0 polygons
2026-03-25 23:00:48 +0100: Memory Usage (454840K) : activ_noqrc has 0 polygons
2026-03-25 23:00:48 +0100: Memory Usage (454840K) : biwind_drw has 0 polygons
2026-03-25 23:00:48 +0100: Memory Usage (454840K) : biwind_opc has 0 polygons
2026-03-25 23:00:48 +0100: Memory Usage (454840K) : pemwind_drw has 0 polygons
2026-03-25 23:00:48 +0100: Memory Usage (455220K) : gatpoly_drw has 108 polygons
2026-03-25 23:00:48 +0100: Memory Usage (455220K) : gatpoly_pin has 124 polygons
2026-03-25 23:00:48 +0100: Memory Usage (455220K) : gatpoly_filler has 0 polygons
2026-03-25 23:00:48 +0100: Memory Usage (455220K) : gatpoly_nofill has 0 polygons
2026-03-25 23:00:48 +0100: Memory Usage (455220K) : gatpoly_opc has 0 polygons
2026-03-25 23:00:48 +0100: Memory Usage (455220K) : gatpoly_iopc has 0 polygons
2026-03-25 23:00:48 +0100: Memory Usage (455220K) : gatpoly_noqrc has 0 polygons
2026-03-25 23:00:48 +0100: Memory Usage (459972K) : cont_drw has 16803 polygons
2026-03-25 23:00:48 +0100: Memory Usage (459972K) : cont_opc has 0 polygons
2026-03-25 23:00:48 +0100: Memory Usage (459972K) : nsd_drw has 0 polygons
2026-03-25 23:00:48 +0100: Memory Usage (459972K) : nsd_block has 0 polygons
2026-03-25 23:00:48 +0100: Memory Usage (459972K) : metal1_drw has 390 polygons
2026-03-25 23:00:48 +0100: Memory Usage (459972K) : metal1_pin has 515 polygons
2026-03-25 23:00:48 +0100: Memory Usage (459972K) : metal1_mask has 0 polygons
2026-03-25 23:00:48 +0100: Memory Usage (459972K) : metal1_filler has 0 polygons
2026-03-25 23:00:48 +0100: Memory Usage (459972K) : metal1_nofill has 0 polygons
2026-03-25 23:00:48 +0100: Memory Usage (459972K) : metal1_slit has 0 polygons
2026-03-25 23:00:48 +0100: Memory Usage (459972K) : metal1_text has 0 polygons
2026-03-25 23:00:48 +0100: Memory Usage (459972K) : metal1_opc has 0 polygons
2026-03-25 23:00:48 +0100: Memory Usage (459972K) : metal1_noqrc has 0 polygons
2026-03-25 23:00:48 +0100: Memory Usage (459972K) : metal1_res has 0 polygons
2026-03-25 23:00:48 +0100: Memory Usage (459972K) : metal1_iprobe has 0 polygons
2026-03-25 23:00:48 +0100: Memory Usage (459972K) : metal1_diffprb has 0 polygons
2026-03-25 23:00:48 +0100: Memory Usage (459972K) : passiv_drw has 0 polygons
2026-03-25 23:00:48 +0100: Memory Usage (459972K) : passiv_pin has 0 polygons
2026-03-25 23:00:48 +0100: Memory Usage (459972K) : passiv_sbump has 0 polygons
2026-03-25 23:00:48 +0100: Memory Usage (459972K) : passiv_pillar has 0 polygons
2026-03-25 23:00:48 +0100: Memory Usage (459972K) : passiv_pdl has 0 polygons
2026-03-25 23:00:48 +0100: Memory Usage (459972K) : metal2_drw has 95 polygons
2026-03-25 23:00:48 +0100: Memory Usage (459972K) : metal2_pin has 11 polygons
2026-03-25 23:00:48 +0100: Memory Usage (459972K) : metal2_mask has 0 polygons
2026-03-25 23:00:48 +0100: Memory Usage (459972K) : metal2_filler has 0 polygons
2026-03-25 23:00:48 +0100: Memory Usage (459972K) : metal2_nofill has 0 polygons
2026-03-25 23:00:48 +0100: Memory Usage (459972K) : metal2_slit has 0 polygons
2026-03-25 23:00:48 +0100: Memory Usage (459972K) : metal2_text has 0 polygons
2026-03-25 23:00:48 +0100: Memory Usage (459972K) : metal2_opc has 0 polygons
2026-03-25 23:00:48 +0100: Memory Usage (459972K) : metal2_noqrc has 0 polygons
2026-03-25 23:00:48 +0100: Memory Usage (459972K) : metal2_res has 0 polygons
2026-03-25 23:00:48 +0100: Memory Usage (459972K) : metal2_iprobe has 0 polygons
2026-03-25 23:00:48 +0100: Memory Usage (459972K) : metal2_diffprb has 0 polygons
2026-03-25 23:00:48 +0100: Memory Usage (459972K) : baspoly_drw has 0 polygons
2026-03-25 23:00:48 +0100: Memory Usage (459972K) : baspoly_pin has 0 polygons
2026-03-25 23:00:48 +0100: Memory Usage (460472K) : psd_drw has 24 polygons
2026-03-25 23:00:48 +0100: Memory Usage (460472K) : nldb_drw has 0 polygons
2026-03-25 23:00:48 +0100: Memory Usage (460472K) : digibnd_drw has 0 polygons
2026-03-25 23:00:48 +0100: Memory Usage (462056K) : via1_drw has 9590 polygons
2026-03-25 23:00:48 +0100: Memory Usage (462056K) : backmetal1_drw has 0 polygons
2026-03-25 23:00:48 +0100: Memory Usage (462056K) : backmetal1_pin has 0 polygons
2026-03-25 23:00:48 +0100: Memory Usage (462056K) : backmetal1_mask has 0 polygons
2026-03-25 23:00:48 +0100: Memory Usage (462056K) : backmetal1_filler has 0 polygons
2026-03-25 23:00:48 +0100: Memory Usage (462056K) : backmetal1_nofill has 0 polygons
2026-03-25 23:00:48 +0100: Memory Usage (462056K) : backmetal1_slit has 0 polygons
2026-03-25 23:00:48 +0100: Memory Usage (462056K) : backmetal1_text has 0 polygons
2026-03-25 23:00:48 +0100: Memory Usage (462056K) : backmetal1_opc has 0 polygons
2026-03-25 23:00:48 +0100: Memory Usage (462056K) : backmetal1_noqrc has 0 polygons
2026-03-25 23:00:48 +0100: Memory Usage (462056K) : backmetal1_res has 0 polygons
2026-03-25 23:00:48 +0100: Memory Usage (462056K) : backmetal1_iprobe has 0 polygons
2026-03-25 23:00:48 +0100: Memory Usage (462056K) : backmetal1_diffprb has 0 polygons
2026-03-25 23:00:48 +0100: Memory Usage (462056K) : backpassiv_drw has 0 polygons
2026-03-25 23:00:48 +0100: Memory Usage (462056K) : res_drw has 0 polygons
2026-03-25 23:00:48 +0100: Memory Usage (462056K) : sram_drw has 0 polygons
2026-03-25 23:00:48 +0100: Memory Usage (462056K) : trans_drw has 0 polygons
2026-03-25 23:00:48 +0100: Memory Usage (462320K) : ind_drw has 0 polygons
2026-03-25 23:00:48 +0100: Memory Usage (462320K) : ind_pin has 0 polygons
2026-03-25 23:00:48 +0100: Memory Usage (462320K) : ind_text has 0 polygons
2026-03-25 23:00:48 +0100: Memory Usage (462320K) : salblock_drw has 7 polygons
2026-03-25 23:00:48 +0100: Memory Usage (463904K) : via2_drw has 7995 polygons
2026-03-25 23:00:48 +0100: Memory Usage (463904K) : metal3_drw has 67 polygons
2026-03-25 23:00:48 +0100: Memory Usage (463904K) : metal3_pin has 8 polygons
2026-03-25 23:00:48 +0100: Memory Usage (463904K) : metal3_mask has 0 polygons
2026-03-25 23:00:48 +0100: Memory Usage (463904K) : metal3_filler has 0 polygons
2026-03-25 23:00:48 +0100: Memory Usage (463904K) : metal3_nofill has 0 polygons
2026-03-25 23:00:48 +0100: Memory Usage (463904K) : metal3_slit has 0 polygons
2026-03-25 23:00:48 +0100: Memory Usage (463904K) : metal3_text has 0 polygons
2026-03-25 23:00:48 +0100: Memory Usage (463904K) : metal3_opc has 0 polygons
2026-03-25 23:00:48 +0100: Memory Usage (463904K) : metal3_noqrc has 0 polygons
2026-03-25 23:00:48 +0100: Memory Usage (463904K) : metal3_res has 0 polygons
2026-03-25 23:00:48 +0100: Memory Usage (464168K) : metal3_iprobe has 0 polygons
2026-03-25 23:00:48 +0100: Memory Usage (464168K) : metal3_diffprb has 0 polygons
2026-03-25 23:00:48 +0100: Memory Usage (464696K) : nwell_drw has 5 polygons
2026-03-25 23:00:48 +0100: Memory Usage (464696K) : nwell_pin has 0 polygons
2026-03-25 23:00:48 +0100: Memory Usage (464696K) : nbulay_drw has 0 polygons
2026-03-25 23:00:48 +0100: Memory Usage (464696K) : nbulay_pin has 0 polygons
2026-03-25 23:00:48 +0100: Memory Usage (464960K) : nbulay_block has 0 polygons
2026-03-25 23:00:48 +0100: Memory Usage (464960K) : emwind_drw has 0 polygons
2026-03-25 23:00:48 +0100: Memory Usage (464960K) : emwind_opc has 0 polygons
2026-03-25 23:00:48 +0100: Memory Usage (464960K) : deepco_drw has 0 polygons
2026-03-25 23:00:48 +0100: Memory Usage (464960K) : deepco_drw has 0 polygons
2026-03-25 23:00:48 +0100: Memory Usage (465224K) : mim_drw has 2 polygons
2026-03-25 23:00:48 +0100: Memory Usage (465224K) : edgeseal_drw has 0 polygons
2026-03-25 23:00:48 +0100: Memory Usage (465488K) : edgeseal_bound has 0 polygons
2026-03-25 23:00:48 +0100: Memory Usage (465488K) : substrate_drw has 723 polygons
2026-03-25 23:00:48 +0100: Memory Usage (465752K) : substrate_text has 0 polygons
2026-03-25 23:00:48 +0100: Memory Usage (465752K) : dfpad_drw has 0 polygons
2026-03-25 23:00:48 +0100: Memory Usage (465752K) : dfpad_pillar has 0 polygons
2026-03-25 23:00:48 +0100: Memory Usage (466016K) : dfpad_sbump has 0 polygons
2026-03-25 23:00:48 +0100: Memory Usage (466016K) : thickgateox_drw has 0 polygons
2026-03-25 23:00:48 +0100: Memory Usage (466016K) : pldb_drw has 0 polygons
2026-03-25 23:00:48 +0100: Memory Usage (466280K) : pwell_drw has 0 polygons
2026-03-25 23:00:48 +0100: Memory Usage (466280K) : pwell_pin has 0 polygons
2026-03-25 23:00:48 +0100: Memory Usage (466544K) : pwell_block has 0 polygons
2026-03-25 23:00:48 +0100: Memory Usage (466544K) : ic_drw has 0 polygons
2026-03-25 23:00:48 +0100: Memory Usage (468392K) : via3_drw has 7005 polygons
2026-03-25 23:00:48 +0100: Memory Usage (468392K) : metal4_drw has 40 polygons
2026-03-25 23:00:48 +0100: Memory Usage (468392K) : metal4_pin has 3 polygons
2026-03-25 23:00:48 +0100: Memory Usage (468392K) : metal4_mask has 0 polygons
2026-03-25 23:00:48 +0100: Memory Usage (468392K) : metal4_filler has 0 polygons
2026-03-25 23:00:48 +0100: Memory Usage (468392K) : metal4_nofill has 0 polygons
2026-03-25 23:00:48 +0100: Memory Usage (468392K) : metal4_slit has 0 polygons
2026-03-25 23:00:48 +0100: Memory Usage (468392K) : metal4_text has 0 polygons
2026-03-25 23:00:48 +0100: Memory Usage (468392K) : metal4_opc has 0 polygons
2026-03-25 23:00:48 +0100: Memory Usage (468392K) : metal4_noqrc has 0 polygons
2026-03-25 23:00:48 +0100: Memory Usage (468656K) : metal4_res has 0 polygons
2026-03-25 23:00:48 +0100: Memory Usage (468656K) : metal4_iprobe has 0 polygons
2026-03-25 23:00:48 +0100: Memory Usage (468656K) : metal4_diffprb has 0 polygons
2026-03-25 23:00:48 +0100: Memory Usage (468920K) : heattrans_drw has 421 polygons
2026-03-25 23:00:48 +0100: Memory Usage (469184K) : heatres_drw has 7 polygons
2026-03-25 23:00:48 +0100: Memory Usage (469184K) : pempoly_drw has 0 polygons
2026-03-25 23:00:48 +0100: Memory Usage (469184K) : fbe_drw has 0 polygons
2026-03-25 23:00:48 +0100: Memory Usage (469184K) : empoly_drw has 0 polygons
2026-03-25 23:00:48 +0100: Memory Usage (469184K) : ldmos_drw has 0 polygons
2026-03-25 23:00:48 +0100: Memory Usage (469448K) : pbiwind_drw has 0 polygons
2026-03-25 23:00:48 +0100: Memory Usage (469448K) : digisub_drw has 0 polygons
2026-03-25 23:00:48 +0100: Memory Usage (469712K) : nodrc_drw has 0 polygons
2026-03-25 23:00:48 +0100: Memory Usage (469712K) : text_drw has 1107 polygons
2026-03-25 23:00:48 +0100: Memory Usage (471560K) : via4_drw has 6898 polygons
2026-03-25 23:00:48 +0100: Memory Usage (471560K) : metal5_drw has 32 polygons
2026-03-25 23:00:48 +0100: Memory Usage (471560K) : metal5_pin has 5 polygons
2026-03-25 23:00:48 +0100: Memory Usage (471560K) : metal5_mask has 0 polygons
2026-03-25 23:00:48 +0100: Memory Usage (471560K) : metal5_filler has 0 polygons
2026-03-25 23:00:48 +0100: Memory Usage (471560K) : metal5_nofill has 0 polygons
2026-03-25 23:00:48 +0100: Memory Usage (471560K) : metal5_slit has 0 polygons
2026-03-25 23:00:48 +0100: Memory Usage (471560K) : metal5_text has 1 polygons
2026-03-25 23:00:48 +0100: Memory Usage (471560K) : metal5_opc has 0 polygons
2026-03-25 23:00:48 +0100: Memory Usage (471560K) : metal5_noqrc has 0 polygons
2026-03-25 23:00:48 +0100: Memory Usage (471560K) : metal5_res has 0 polygons
2026-03-25 23:00:48 +0100: Memory Usage (471560K) : metal5_iprobe has 0 polygons
2026-03-25 23:00:48 +0100: Memory Usage (471560K) : metal5_diffprb has 0 polygons
2026-03-25 23:00:48 +0100: Memory Usage (471560K) : radhard_drw has 0 polygons
2026-03-25 23:00:48 +0100: Memory Usage (471560K) : memcap_drw has 0 polygons
2026-03-25 23:00:48 +0100: Memory Usage (471560K) : varicap_drw has 0 polygons
2026-03-25 23:00:48 +0100: Memory Usage (471560K) : flash_drw has 0 polygons
2026-03-25 23:00:48 +0100: Memory Usage (471560K) : intbondvia_drw has 0 polygons
2026-03-25 23:00:48 +0100: Memory Usage (471560K) : intbondmet_drw has 0 polygons
2026-03-25 23:00:48 +0100: Memory Usage (471560K) : devbondvia_drw has 0 polygons
2026-03-25 23:00:48 +0100: Memory Usage (471560K) : devbondmet_drw has 0 polygons
2026-03-25 23:00:48 +0100: Memory Usage (471560K) : devtrench_drw has 0 polygons
2026-03-25 23:00:48 +0100: Memory Usage (471560K) : redist_drw has 0 polygons
2026-03-25 23:00:48 +0100: Memory Usage (471560K) : graphbot_drw has 0 polygons
2026-03-25 23:00:48 +0100: Memory Usage (471560K) : graphtop_drw has 0 polygons
2026-03-25 23:00:48 +0100: Memory Usage (471560K) : antvia1_drw has 0 polygons
2026-03-25 23:00:48 +0100: Memory Usage (471560K) : antmetal2_drw has 0 polygons
2026-03-25 23:00:48 +0100: Memory Usage (471560K) : graphcont_drw has 0 polygons
2026-03-25 23:00:48 +0100: Memory Usage (471560K) : siwg_drw has 0 polygons
2026-03-25 23:00:48 +0100: Memory Usage (471560K) : siwg_filler has 0 polygons
2026-03-25 23:00:48 +0100: Memory Usage (471560K) : siwg_nofill has 0 polygons
2026-03-25 23:00:48 +0100: Memory Usage (471560K) : sigrating_drw has 0 polygons
2026-03-25 23:00:48 +0100: Memory Usage (471560K) : singrating_drw has 0 polygons
2026-03-25 23:00:48 +0100: Memory Usage (471560K) : graphpas_drw has 0 polygons
2026-03-25 23:00:48 +0100: Memory Usage (471560K) : emwind3_drw has 0 polygons
2026-03-25 23:00:48 +0100: Memory Usage (471560K) : emwihv3_drw has 0 polygons
2026-03-25 23:00:48 +0100: Memory Usage (471560K) : redbulay_drw has 0 polygons
2026-03-25 23:00:48 +0100: Memory Usage (471560K) : smos_drw has 0 polygons
2026-03-25 23:00:48 +0100: Memory Usage (471560K) : graphpad_drw has 0 polygons
2026-03-25 23:00:48 +0100: Memory Usage (471560K) : polimide_drw has 0 polygons
2026-03-25 23:00:48 +0100: Memory Usage (471560K) : polimide_pin has 0 polygons
2026-03-25 23:00:48 +0100: Memory Usage (471560K) : recog_drw has 0 polygons
2026-03-25 23:00:48 +0100: Memory Usage (471560K) : recog_pin has 0 polygons
2026-03-25 23:00:48 +0100: Memory Usage (471560K) : recog_esd has 0 polygons
2026-03-25 23:00:48 +0100: Memory Usage (471560K) : recog_diode has 0 polygons
2026-03-25 23:00:48 +0100: Memory Usage (471560K) : recog_tsv has 0 polygons
2026-03-25 23:00:48 +0100: Memory Usage (471560K) : recog_iprobe has 0 polygons
2026-03-25 23:00:48 +0100: Memory Usage (471560K) : recog_diffprb has 0 polygons
2026-03-25 23:00:48 +0100: Memory Usage (471560K) : recog_pillar has 0 polygons
2026-03-25 23:00:48 +0100: Memory Usage (471560K) : recog_sbump has 0 polygons
2026-03-25 23:00:48 +0100: Memory Usage (471560K) : recog_otp has 0 polygons
2026-03-25 23:00:48 +0100: Memory Usage (471560K) : recog_pdiode has 0 polygons
2026-03-25 23:00:48 +0100: Memory Usage (471560K) : recog_mom has 0 polygons
2026-03-25 23:00:48 +0100: Memory Usage (471560K) : recog_pcm has 0 polygons
2026-03-25 23:00:48 +0100: Memory Usage (471560K) : colopen_drw has 0 polygons
2026-03-25 23:00:48 +0100: Memory Usage (471560K) : graphmetal1_drw has 0 polygons
2026-03-25 23:00:48 +0100: Memory Usage (471560K) : graphmetal1_filler has 0 polygons
2026-03-25 23:00:48 +0100: Memory Usage (471560K) : graphmetal1_nofill has 0 polygons
2026-03-25 23:00:48 +0100: Memory Usage (471560K) : graphmetal1_slit has 0 polygons
2026-03-25 23:00:48 +0100: Memory Usage (471560K) : graphmetal1_opc has 0 polygons
2026-03-25 23:00:48 +0100: Memory Usage (471560K) : graphmet1l_drw has 0 polygons
2026-03-25 23:00:48 +0100: Memory Usage (471560K) : graphmet1l_filler has 0 polygons
2026-03-25 23:00:48 +0100: Memory Usage (471560K) : graphmet1l_nofill has 0 polygons
2026-03-25 23:00:48 +0100: Memory Usage (471560K) : graphmet1l_slit has 0 polygons
2026-03-25 23:00:48 +0100: Memory Usage (471560K) : graphmet1l_opc has 0 polygons
2026-03-25 23:00:48 +0100: Memory Usage (471560K) : extblock_drw has 5 polygons
2026-03-25 23:00:48 +0100: Memory Usage (471560K) : nldd_drw has 0 polygons
2026-03-25 23:00:48 +0100: Memory Usage (471560K) : pldd_drw has 0 polygons
2026-03-25 23:00:48 +0100: Memory Usage (471560K) : next_drw has 0 polygons
2026-03-25 23:00:48 +0100: Memory Usage (471560K) : pext_drw has 0 polygons
2026-03-25 23:00:48 +0100: Memory Usage (471560K) : nexthv_drw has 0 polygons
2026-03-25 23:00:49 +0100: Memory Usage (471560K) : pexthv_drw has 0 polygons
2026-03-25 23:00:49 +0100: Memory Usage (471560K) : graphgate_drw has 0 polygons
2026-03-25 23:00:49 +0100: Memory Usage (471560K) : sinwg_drw has 0 polygons
2026-03-25 23:00:49 +0100: Memory Usage (471560K) : sinwg_filler has 0 polygons
2026-03-25 23:00:49 +0100: Memory Usage (471560K) : sinwg_nofill has 0 polygons
2026-03-25 23:00:49 +0100: Memory Usage (471560K) : mempad_drw has 0 polygons
2026-03-25 23:00:49 +0100: Memory Usage (471560K) : topvia1_drw has 1720 polygons
2026-03-25 23:00:49 +0100: Memory Usage (471560K) : topmetal1_drw has 13 polygons
2026-03-25 23:00:49 +0100: Memory Usage (471560K) : topmetal1_pin has 15 polygons
2026-03-25 23:00:49 +0100: Memory Usage (471560K) : topmetal1_mask has 0 polygons
2026-03-25 23:00:49 +0100: Memory Usage (471560K) : topmetal1_filler has 0 polygons
2026-03-25 23:00:49 +0100: Memory Usage (471560K) : topmetal1_nofill has 0 polygons
2026-03-25 23:00:49 +0100: Memory Usage (471560K) : topmetal1_slit has 0 polygons
2026-03-25 23:00:49 +0100: Memory Usage (471560K) : topmetal1_text has 5 polygons
2026-03-25 23:00:49 +0100: Memory Usage (471560K) : topmetal1_noqrc has 0 polygons
2026-03-25 23:00:49 +0100: Memory Usage (471560K) : topmetal1_res has 0 polygons
2026-03-25 23:00:49 +0100: Memory Usage (471560K) : topmetal1_iprobe has 0 polygons
2026-03-25 23:00:49 +0100: Memory Usage (471560K) : topmetal1_diffprb has 0 polygons
2026-03-25 23:00:49 +0100: Memory Usage (471560K) : inldpwl_drw has 0 polygons
2026-03-25 23:00:49 +0100: Memory Usage (471560K) : polyres_drw has 7 polygons
2026-03-25 23:00:49 +0100: Memory Usage (471560K) : polyres_pin has 0 polygons
2026-03-25 23:00:49 +0100: Memory Usage (471560K) : vmim_drw has 578 polygons
2026-03-25 23:00:49 +0100: Memory Usage (471560K) : nbulaycut_drw has 0 polygons
2026-03-25 23:00:49 +0100: Memory Usage (471560K) : antmetal1_drw has 0 polygons
2026-03-25 23:00:49 +0100: Memory Usage (471560K) : topvia2_drw has 916 polygons
2026-03-25 23:00:49 +0100: Memory Usage (471560K) : topmetal2_drw has 4 polygons
2026-03-25 23:00:49 +0100: Memory Usage (471560K) : topmetal2_pin has 2 polygons
2026-03-25 23:00:49 +0100: Memory Usage (471560K) : topmetal2_mask has 0 polygons
2026-03-25 23:00:49 +0100: Memory Usage (471560K) : topmetal2_filler has 0 polygons
2026-03-25 23:00:49 +0100: Memory Usage (471560K) : topmetal2_nofill has 0 polygons
2026-03-25 23:00:49 +0100: Memory Usage (471560K) : topmetal2_slit has 0 polygons
2026-03-25 23:00:49 +0100: Memory Usage (471560K) : topmetal2_text has 2 polygons
2026-03-25 23:00:49 +0100: Memory Usage (471560K) : topmetal2_noqrc has 0 polygons
2026-03-25 23:00:49 +0100: Memory Usage (471560K) : topmetal2_res has 0 polygons
2026-03-25 23:00:49 +0100: Memory Usage (471560K) : topmetal2_iprobe has 0 polygons
2026-03-25 23:00:49 +0100: Memory Usage (471560K) : topmetal2_diffprb has 0 polygons
2026-03-25 23:00:49 +0100: Memory Usage (471560K) : snsring_drw has 0 polygons
2026-03-25 23:00:49 +0100: Memory Usage (471560K) : sensor_drw has 0 polygons
2026-03-25 23:00:49 +0100: Memory Usage (471560K) : snsarms_drw has 0 polygons
2026-03-25 23:00:49 +0100: Memory Usage (471560K) : snscmosvia_drw has 0 polygons
2026-03-25 23:00:49 +0100: Memory Usage (471560K) : colwind_drw has 0 polygons
2026-03-25 23:00:49 +0100: Memory Usage (471560K) : flm_drw has 0 polygons
2026-03-25 23:00:49 +0100: Memory Usage (471560K) : hafniumox_drw has 0 polygons
2026-03-25 23:00:49 +0100: Memory Usage (471560K) : memvia_drw has 0 polygons
2026-03-25 23:00:49 +0100: Memory Usage (471560K) : thinfilmres_drw has 0 polygons
2026-03-25 23:00:49 +0100: Memory Usage (471560K) : rfmem_drw has 0 polygons
2026-03-25 23:00:49 +0100: Memory Usage (471560K) : norcx_drw has 0 polygons
2026-03-25 23:00:49 +0100: Memory Usage (471560K) : norcx_m2m3 has 0 polygons
2026-03-25 23:00:49 +0100: Memory Usage (471560K) : norcx_m2m4 has 0 polygons
2026-03-25 23:00:49 +0100: Memory Usage (471560K) : norcx_m2m5 has 0 polygons
2026-03-25 23:00:49 +0100: Memory Usage (471560K) : norcx_m2tm1 has 0 polygons
2026-03-25 23:00:49 +0100: Memory Usage (471560K) : norcx_m2tm2 has 0 polygons
2026-03-25 23:00:49 +0100: Memory Usage (471560K) : norcx_m3m4 has 0 polygons
2026-03-25 23:00:49 +0100: Memory Usage (471560K) : norcx_m3m5 has 0 polygons
2026-03-25 23:00:49 +0100: Memory Usage (471560K) : norcx_m3tm1 has 0 polygons
2026-03-25 23:00:49 +0100: Memory Usage (471560K) : norcx_m3tm2 has 0 polygons
2026-03-25 23:00:49 +0100: Memory Usage (471560K) : norcx_m4m5 has 0 polygons
2026-03-25 23:00:49 +0100: Memory Usage (471560K) : norcx_m4tm1 has 0 polygons
2026-03-25 23:00:49 +0100: Memory Usage (471560K) : norcx_m4tm2 has 0 polygons
2026-03-25 23:00:49 +0100: Memory Usage (471560K) : norcx_m5tm1 has 0 polygons
2026-03-25 23:00:49 +0100: Memory Usage (471560K) : norcx_m5tm2 has 0 polygons
2026-03-25 23:00:49 +0100: Memory Usage (471560K) : norcx_tm1tm2 has 0 polygons
2026-03-25 23:00:49 +0100: Memory Usage (471560K) : norcx_m1sub has 0 polygons
2026-03-25 23:00:49 +0100: Memory Usage (471560K) : norcx_m2sub has 0 polygons
2026-03-25 23:00:49 +0100: Memory Usage (471560K) : norcx_m3sub has 0 polygons
2026-03-25 23:00:49 +0100: Memory Usage (471560K) : norcx_m4sub has 0 polygons
2026-03-25 23:00:49 +0100: Memory Usage (471560K) : norcx_m5sub has 0 polygons
2026-03-25 23:00:49 +0100: Memory Usage (471560K) : norcx_tm1sub has 0 polygons
2026-03-25 23:00:49 +0100: Memory Usage (471560K) : norcx_tm2sub has 0 polygons
2026-03-25 23:00:49 +0100: Memory Usage (471824K) : snsbotvia_drw has 0 polygons
2026-03-25 23:00:49 +0100: Memory Usage (471824K) : snstopvia_drw has 0 polygons
2026-03-25 23:00:49 +0100: Memory Usage (471824K) : deepvia_drw has 0 polygons
2026-03-25 23:00:49 +0100: Memory Usage (471824K) : fgetch_drw has 0 polygons
2026-03-25 23:00:49 +0100: Memory Usage (472088K) : ctrgat_drw has 0 polygons
2026-03-25 23:00:49 +0100: Memory Usage (472088K) : fgimp_drw has 0 polygons
2026-03-25 23:00:49 +0100: Memory Usage (472088K) : emwihv_drw has 0 polygons
2026-03-25 23:00:49 +0100: Memory Usage (472352K) : lbe_drw has 0 polygons
2026-03-25 23:00:49 +0100: Memory Usage (472352K) : alcustop_drw has 0 polygons
2026-03-25 23:00:49 +0100: Memory Usage (472616K) : nometfiller_drw has 0 polygons
2026-03-25 23:00:49 +0100: Memory Usage (472616K) : prboundary_drw has 0 polygons
2026-03-25 23:00:49 +0100: Memory Usage (472880K) : exchange0_drw has 0 polygons
2026-03-25 23:00:49 +0100: Memory Usage (472880K) : exchange0_pin has 0 polygons
2026-03-25 23:00:49 +0100: Memory Usage (472880K) : exchange0_text has 0 polygons
2026-03-25 23:00:49 +0100: Memory Usage (472880K) : exchange1_drw has 0 polygons
2026-03-25 23:00:49 +0100: Memory Usage (473144K) : exchange1_pin has 0 polygons
2026-03-25 23:00:49 +0100: Memory Usage (473144K) : exchange1_text has 0 polygons
2026-03-25 23:00:49 +0100: Memory Usage (473144K) : exchange2_drw has 0 polygons
2026-03-25 23:00:49 +0100: Memory Usage (473408K) : exchange2_pin has 0 polygons
2026-03-25 23:00:49 +0100: Memory Usage (473408K) : exchange2_text has 0 polygons
2026-03-25 23:00:49 +0100: Memory Usage (473408K) : exchange3_drw has 0 polygons
2026-03-25 23:00:49 +0100: Memory Usage (473672K) : exchange3_pin has 0 polygons
2026-03-25 23:00:49 +0100: Memory Usage (473672K) : exchange3_text has 0 polygons
2026-03-25 23:00:49 +0100: Memory Usage (473820K) : exchange4_drw has 0 polygons
2026-03-25 23:00:49 +0100: Memory Usage (473820K) : exchange4_pin has 0 polygons
2026-03-25 23:00:49 +0100: Memory Usage (473820K) : exchange4_text has 0 polygons
2026-03-25 23:00:49 +0100: Memory Usage (473820K) : isonwell_drw has 0 polygons
2026-03-25 23:00:49 +0100: Memory Usage (473820K) : Total no. of polygons in the design is 55451
2026-03-25 23:00:49 +0100: Memory Usage (473820K) : Loaded TECH DRC rules values from /foss/pdks/ihp-sg13g2/libs.tech/klayout/python/sg13g2_pycell_lib/sg13g2_tech_mod.json
2026-03-25 23:00:49 +0100: Memory Usage (473820K) : Loaded default DRC rules values from /foss/pdks/ihp-sg13g2/libs.tech/klayout/tech/drc/rule_decks/sg13g2_tech_default.json
2026-03-25 23:00:49 +0100: Memory Usage (473820K) : The following rules values were missing in tech json and default values were used:
2026-03-25 23:00:49 +0100: Memory Usage (473820K) :   - Cnt_c_digibnd
2026-03-25 23:00:49 +0100: Memory Usage (473820K) : Total area of the design is 54805.149724999996 um^2.
2026-03-25 23:00:49 +0100: Memory Usage (473820K) : The design dimensions are 309.90500000000003 µm * 176.845 µm.
2026-03-25 23:00:49 +0100: Memory Usage (473820K) : Starting general IHP-SG13G2 derivations.
2026-03-25 23:00:49 +0100: Memory Usage (473820K) : Starting Pwell derivations
2026-03-25 23:00:49 +0100: Memory Usage (473820K) : Starting IHP-SG13G2 DRC rules.
2026-03-25 23:00:49 +0100: Memory Usage (473820K) : Starting 5.18 Metaln:filler table
2026-03-25 23:00:49 +0100: Memory Usage (473820K) : Executing rule M1Fil.c
2026-03-25 23:00:49 +0100: Memory Usage (473820K) : Executing rule M1Fil.a2
2026-03-25 23:00:49 +0100: Memory Usage (473820K) : Executing rule M2Fil.c
2026-03-25 23:00:49 +0100: Memory Usage (473820K) : Executing rule M2Fil.a2
2026-03-25 23:00:49 +0100: Memory Usage (473820K) : Executing rule M3Fil.c
2026-03-25 23:00:49 +0100: Memory Usage (473820K) : Executing rule M3Fil.a2
2026-03-25 23:00:49 +0100: Memory Usage (473820K) : Executing rule M4Fil.c
2026-03-25 23:00:49 +0100: Memory Usage (473820K) : Executing rule M4Fil.a2
2026-03-25 23:00:49 +0100: Memory Usage (473820K) : Executing rule M5Fil.c
2026-03-25 23:00:49 +0100: Memory Usage (473820K) : Executing rule M5Fil.a2
2026-03-25 23:00:49 +0100: Memory Usage (473820K) : KLayout DRC run for tables 'metalnfiller' completed in 1.89 seconds
