# Logfile created on 2026-03-25 22:52:19 +0100 by logger.rb/v1.5.3
2026-03-25 22:52:19 +0100: Memory Usage (437316K) : Starting running IHP-SG13G2 KLayout DRC runset on /foss/designs/Design/xschem/IHP__OPA2251/OPA2251-main/layout/klayout/HPA.gds
2026-03-25 22:52:19 +0100: Memory Usage (437316K) : Ruby Version for klayout: 3.2.3
2026-03-25 22:52:19 +0100: Memory Usage (439360K) : Loading database to memory is complete.
2026-03-25 22:52:19 +0100: Memory Usage (439360K) : IHP-SG13G2 KLayout DRC runset output at: /foss/designs/Design/xschem/IHP__OPA2251/OPA2251-main/layout/klayout/drc_run_HPA/HPA_HPA_nwell.lyrdb
2026-03-25 22:52:19 +0100: Memory Usage (439360K) : Evaluate switches.
2026-03-25 22:52:19 +0100: Memory Usage (439360K) : tables selected: nwell
2026-03-25 22:52:19 +0100: Memory Usage (439360K) : KLayout will use 4 thread(s) in tiled mode.
2026-03-25 22:52:19 +0100: Memory Usage (439360K) : flat mode is enabled.
2026-03-25 22:52:19 +0100: Memory Usage (439360K) : FEOL enabled: false
2026-03-25 22:52:19 +0100: Memory Usage (439360K) : BEOL enabled: false
2026-03-25 22:52:19 +0100: Memory Usage (439360K) : OFFGRID enabled: true
2026-03-25 22:52:19 +0100: Memory Usage (439360K) : PIN enabled: false
2026-03-25 22:52:19 +0100: Memory Usage (439360K) : FORBIDDEN enabled: false
2026-03-25 22:52:19 +0100: Memory Usage (439360K) : RECOMMENDED enabled: true
2026-03-25 22:52:19 +0100: Memory Usage (439360K) : PreCheck DRC enabled: false
2026-03-25 22:52:19 +0100: Memory Usage (439360K) : CONNECTIVITY_RULES enabled: true.
2026-03-25 22:52:19 +0100: Memory Usage (439360K) : Read in polygons from layers.
2026-03-25 22:52:19 +0100: Memory Usage (441928K) : activ_drw has 198 polygons
2026-03-25 22:52:19 +0100: Memory Usage (441928K) : activ_pin has 0 polygons
2026-03-25 22:52:19 +0100: Memory Usage (441928K) : activ_mask has 0 polygons
2026-03-25 22:52:19 +0100: Memory Usage (441928K) : activ_filler has 0 polygons
2026-03-25 22:52:19 +0100: Memory Usage (441928K) : activ_nofill has 0 polygons
2026-03-25 22:52:19 +0100: Memory Usage (441928K) : activ_opc has 0 polygons
2026-03-25 22:52:19 +0100: Memory Usage (441928K) : activ_iopc has 0 polygons
2026-03-25 22:52:19 +0100: Memory Usage (441928K) : activ_noqrc has 0 polygons
2026-03-25 22:52:19 +0100: Memory Usage (441928K) : biwind_drw has 0 polygons
2026-03-25 22:52:19 +0100: Memory Usage (441928K) : biwind_opc has 0 polygons
2026-03-25 22:52:19 +0100: Memory Usage (441928K) : pemwind_drw has 0 polygons
2026-03-25 22:52:19 +0100: Memory Usage (443208K) : gatpoly_drw has 108 polygons
2026-03-25 22:52:19 +0100: Memory Usage (443208K) : gatpoly_pin has 124 polygons
2026-03-25 22:52:19 +0100: Memory Usage (443208K) : gatpoly_filler has 0 polygons
2026-03-25 22:52:19 +0100: Memory Usage (443208K) : gatpoly_nofill has 0 polygons
2026-03-25 22:52:19 +0100: Memory Usage (443208K) : gatpoly_opc has 0 polygons
2026-03-25 22:52:19 +0100: Memory Usage (443208K) : gatpoly_iopc has 0 polygons
2026-03-25 22:52:19 +0100: Memory Usage (443208K) : gatpoly_noqrc has 0 polygons
2026-03-25 22:52:19 +0100: Memory Usage (449544K) : cont_drw has 16803 polygons
2026-03-25 22:52:19 +0100: Memory Usage (449544K) : cont_opc has 0 polygons
2026-03-25 22:52:19 +0100: Memory Usage (449544K) : nsd_drw has 0 polygons
2026-03-25 22:52:19 +0100: Memory Usage (449544K) : nsd_block has 0 polygons
2026-03-25 22:52:19 +0100: Memory Usage (449544K) : metal1_drw has 390 polygons
2026-03-25 22:52:19 +0100: Memory Usage (449544K) : metal1_pin has 515 polygons
2026-03-25 22:52:19 +0100: Memory Usage (449544K) : metal1_mask has 0 polygons
2026-03-25 22:52:19 +0100: Memory Usage (449544K) : metal1_filler has 0 polygons
2026-03-25 22:52:19 +0100: Memory Usage (449632K) : metal1_nofill has 0 polygons
2026-03-25 22:52:19 +0100: Memory Usage (449632K) : metal1_slit has 0 polygons
2026-03-25 22:52:19 +0100: Memory Usage (449632K) : metal1_text has 0 polygons
2026-03-25 22:52:19 +0100: Memory Usage (449632K) : metal1_opc has 0 polygons
2026-03-25 22:52:19 +0100: Memory Usage (449632K) : metal1_noqrc has 0 polygons
2026-03-25 22:52:19 +0100: Memory Usage (449632K) : metal1_res has 0 polygons
2026-03-25 22:52:19 +0100: Memory Usage (449632K) : metal1_iprobe has 0 polygons
2026-03-25 22:52:19 +0100: Memory Usage (449632K) : metal1_diffprb has 0 polygons
2026-03-25 22:52:19 +0100: Memory Usage (449632K) : passiv_drw has 0 polygons
2026-03-25 22:52:19 +0100: Memory Usage (449632K) : passiv_pin has 0 polygons
2026-03-25 22:52:19 +0100: Memory Usage (449632K) : passiv_sbump has 0 polygons
2026-03-25 22:52:19 +0100: Memory Usage (449632K) : passiv_pillar has 0 polygons
2026-03-25 22:52:19 +0100: Memory Usage (449632K) : passiv_pdl has 0 polygons
2026-03-25 22:52:19 +0100: Memory Usage (449632K) : metal2_drw has 95 polygons
2026-03-25 22:52:19 +0100: Memory Usage (449632K) : metal2_pin has 11 polygons
2026-03-25 22:52:19 +0100: Memory Usage (449632K) : metal2_mask has 0 polygons
2026-03-25 22:52:19 +0100: Memory Usage (449820K) : metal2_filler has 0 polygons
2026-03-25 22:52:19 +0100: Memory Usage (449820K) : metal2_nofill has 0 polygons
2026-03-25 22:52:19 +0100: Memory Usage (449820K) : metal2_slit has 0 polygons
2026-03-25 22:52:19 +0100: Memory Usage (449820K) : metal2_text has 0 polygons
2026-03-25 22:52:19 +0100: Memory Usage (449820K) : metal2_opc has 0 polygons
2026-03-25 22:52:19 +0100: Memory Usage (449820K) : metal2_noqrc has 0 polygons
2026-03-25 22:52:19 +0100: Memory Usage (449884K) : metal2_res has 0 polygons
2026-03-25 22:52:19 +0100: Memory Usage (449884K) : metal2_iprobe has 0 polygons
2026-03-25 22:52:19 +0100: Memory Usage (449884K) : metal2_diffprb has 0 polygons
2026-03-25 22:52:19 +0100: Memory Usage (449948K) : baspoly_drw has 0 polygons
2026-03-25 22:52:19 +0100: Memory Usage (449948K) : baspoly_pin has 0 polygons
2026-03-25 22:52:19 +0100: Memory Usage (449948K) : psd_drw has 24 polygons
2026-03-25 22:52:19 +0100: Memory Usage (449948K) : nldb_drw has 0 polygons
2026-03-25 22:52:19 +0100: Memory Usage (449948K) : digibnd_drw has 0 polygons
2026-03-25 22:52:19 +0100: Memory Usage (452056K) : via1_drw has 9590 polygons
2026-03-25 22:52:19 +0100: Memory Usage (452056K) : backmetal1_drw has 0 polygons
2026-03-25 22:52:19 +0100: Memory Usage (452056K) : backmetal1_pin has 0 polygons
2026-03-25 22:52:19 +0100: Memory Usage (452056K) : backmetal1_mask has 0 polygons
2026-03-25 22:52:19 +0100: Memory Usage (452056K) : backmetal1_filler has 0 polygons
2026-03-25 22:52:19 +0100: Memory Usage (452056K) : backmetal1_nofill has 0 polygons
2026-03-25 22:52:19 +0100: Memory Usage (452056K) : backmetal1_slit has 0 polygons
2026-03-25 22:52:19 +0100: Memory Usage (452056K) : backmetal1_text has 0 polygons
2026-03-25 22:52:19 +0100: Memory Usage (452056K) : backmetal1_opc has 0 polygons
2026-03-25 22:52:19 +0100: Memory Usage (452056K) : backmetal1_noqrc has 0 polygons
2026-03-25 22:52:19 +0100: Memory Usage (452056K) : backmetal1_res has 0 polygons
2026-03-25 22:52:19 +0100: Memory Usage (452056K) : backmetal1_iprobe has 0 polygons
2026-03-25 22:52:19 +0100: Memory Usage (452056K) : backmetal1_diffprb has 0 polygons
2026-03-25 22:52:19 +0100: Memory Usage (452056K) : backpassiv_drw has 0 polygons
2026-03-25 22:52:19 +0100: Memory Usage (452056K) : res_drw has 0 polygons
2026-03-25 22:52:19 +0100: Memory Usage (452296K) : sram_drw has 0 polygons
2026-03-25 22:52:19 +0100: Memory Usage (452296K) : trans_drw has 0 polygons
2026-03-25 22:52:19 +0100: Memory Usage (452360K) : ind_drw has 0 polygons
2026-03-25 22:52:19 +0100: Memory Usage (452360K) : ind_pin has 0 polygons
2026-03-25 22:52:19 +0100: Memory Usage (452360K) : ind_text has 0 polygons
2026-03-25 22:52:19 +0100: Memory Usage (452620K) : salblock_drw has 7 polygons
2026-03-25 22:52:19 +0100: Memory Usage (453412K) : via2_drw has 7995 polygons
2026-03-25 22:52:19 +0100: Memory Usage (453412K) : metal3_drw has 67 polygons
2026-03-25 22:52:19 +0100: Memory Usage (453412K) : metal3_pin has 8 polygons
2026-03-25 22:52:19 +0100: Memory Usage (453412K) : metal3_mask has 0 polygons
2026-03-25 22:52:19 +0100: Memory Usage (453412K) : metal3_filler has 0 polygons
2026-03-25 22:52:19 +0100: Memory Usage (453412K) : metal3_nofill has 0 polygons
2026-03-25 22:52:19 +0100: Memory Usage (453412K) : metal3_slit has 0 polygons
2026-03-25 22:52:19 +0100: Memory Usage (453412K) : metal3_text has 0 polygons
2026-03-25 22:52:19 +0100: Memory Usage (453412K) : metal3_opc has 0 polygons
2026-03-25 22:52:19 +0100: Memory Usage (453412K) : metal3_noqrc has 0 polygons
2026-03-25 22:52:19 +0100: Memory Usage (453412K) : metal3_res has 0 polygons
2026-03-25 22:52:19 +0100: Memory Usage (453412K) : metal3_iprobe has 0 polygons
2026-03-25 22:52:19 +0100: Memory Usage (453412K) : metal3_diffprb has 0 polygons
2026-03-25 22:52:19 +0100: Memory Usage (453412K) : nwell_drw has 5 polygons
2026-03-25 22:52:19 +0100: Memory Usage (453412K) : nwell_pin has 0 polygons
2026-03-25 22:52:19 +0100: Memory Usage (453412K) : nbulay_drw has 0 polygons
2026-03-25 22:52:19 +0100: Memory Usage (453412K) : nbulay_pin has 0 polygons
2026-03-25 22:52:19 +0100: Memory Usage (453412K) : nbulay_block has 0 polygons
2026-03-25 22:52:19 +0100: Memory Usage (453412K) : emwind_drw has 0 polygons
2026-03-25 22:52:19 +0100: Memory Usage (453412K) : emwind_opc has 0 polygons
2026-03-25 22:52:19 +0100: Memory Usage (453412K) : deepco_drw has 0 polygons
2026-03-25 22:52:19 +0100: Memory Usage (453412K) : deepco_drw has 0 polygons
2026-03-25 22:52:19 +0100: Memory Usage (453412K) : mim_drw has 2 polygons
2026-03-25 22:52:19 +0100: Memory Usage (453412K) : edgeseal_drw has 0 polygons
2026-03-25 22:52:19 +0100: Memory Usage (453412K) : edgeseal_bound has 0 polygons
2026-03-25 22:52:19 +0100: Memory Usage (453412K) : substrate_drw has 723 polygons
2026-03-25 22:52:19 +0100: Memory Usage (453412K) : substrate_text has 0 polygons
2026-03-25 22:52:19 +0100: Memory Usage (453412K) : dfpad_drw has 0 polygons
2026-03-25 22:52:19 +0100: Memory Usage (453412K) : dfpad_pillar has 0 polygons
2026-03-25 22:52:19 +0100: Memory Usage (453412K) : dfpad_sbump has 0 polygons
2026-03-25 22:52:19 +0100: Memory Usage (453412K) : thickgateox_drw has 0 polygons
2026-03-25 22:52:19 +0100: Memory Usage (453412K) : pldb_drw has 0 polygons
2026-03-25 22:52:19 +0100: Memory Usage (453412K) : pwell_drw has 0 polygons
2026-03-25 22:52:19 +0100: Memory Usage (453412K) : pwell_pin has 0 polygons
2026-03-25 22:52:19 +0100: Memory Usage (453412K) : pwell_block has 0 polygons
2026-03-25 22:52:19 +0100: Memory Usage (453412K) : ic_drw has 0 polygons
2026-03-25 22:52:20 +0100: Memory Usage (453412K) : via3_drw has 7005 polygons
2026-03-25 22:52:20 +0100: Memory Usage (453412K) : metal4_drw has 40 polygons
2026-03-25 22:52:20 +0100: Memory Usage (453412K) : metal4_pin has 3 polygons
2026-03-25 22:52:20 +0100: Memory Usage (453412K) : metal4_mask has 0 polygons
2026-03-25 22:52:20 +0100: Memory Usage (453412K) : metal4_filler has 0 polygons
2026-03-25 22:52:20 +0100: Memory Usage (453412K) : metal4_nofill has 0 polygons
2026-03-25 22:52:20 +0100: Memory Usage (453412K) : metal4_slit has 0 polygons
2026-03-25 22:52:20 +0100: Memory Usage (453412K) : metal4_text has 0 polygons
2026-03-25 22:52:20 +0100: Memory Usage (453412K) : metal4_opc has 0 polygons
2026-03-25 22:52:20 +0100: Memory Usage (453412K) : metal4_noqrc has 0 polygons
2026-03-25 22:52:20 +0100: Memory Usage (453412K) : metal4_res has 0 polygons
2026-03-25 22:52:20 +0100: Memory Usage (453412K) : metal4_iprobe has 0 polygons
2026-03-25 22:52:20 +0100: Memory Usage (453412K) : metal4_diffprb has 0 polygons
2026-03-25 22:52:20 +0100: Memory Usage (453412K) : heattrans_drw has 421 polygons
2026-03-25 22:52:20 +0100: Memory Usage (453412K) : heatres_drw has 7 polygons
2026-03-25 22:52:20 +0100: Memory Usage (453412K) : pempoly_drw has 0 polygons
2026-03-25 22:52:20 +0100: Memory Usage (453412K) : fbe_drw has 0 polygons
2026-03-25 22:52:20 +0100: Memory Usage (453412K) : empoly_drw has 0 polygons
2026-03-25 22:52:20 +0100: Memory Usage (453412K) : ldmos_drw has 0 polygons
2026-03-25 22:52:20 +0100: Memory Usage (453412K) : pbiwind_drw has 0 polygons
2026-03-25 22:52:20 +0100: Memory Usage (453412K) : digisub_drw has 0 polygons
2026-03-25 22:52:20 +0100: Memory Usage (453412K) : nodrc_drw has 0 polygons
2026-03-25 22:52:20 +0100: Memory Usage (453412K) : text_drw has 1107 polygons
2026-03-25 22:52:20 +0100: Memory Usage (453676K) : via4_drw has 6898 polygons
2026-03-25 22:52:20 +0100: Memory Usage (453676K) : metal5_drw has 32 polygons
2026-03-25 22:52:20 +0100: Memory Usage (453676K) : metal5_pin has 5 polygons
2026-03-25 22:52:20 +0100: Memory Usage (453676K) : metal5_mask has 0 polygons
2026-03-25 22:52:20 +0100: Memory Usage (453676K) : metal5_filler has 0 polygons
2026-03-25 22:52:20 +0100: Memory Usage (453676K) : metal5_nofill has 0 polygons
2026-03-25 22:52:20 +0100: Memory Usage (453676K) : metal5_slit has 0 polygons
2026-03-25 22:52:20 +0100: Memory Usage (453676K) : metal5_text has 1 polygons
2026-03-25 22:52:20 +0100: Memory Usage (453676K) : metal5_opc has 0 polygons
2026-03-25 22:52:20 +0100: Memory Usage (453676K) : metal5_noqrc has 0 polygons
2026-03-25 22:52:20 +0100: Memory Usage (453676K) : metal5_res has 0 polygons
2026-03-25 22:52:20 +0100: Memory Usage (453676K) : metal5_iprobe has 0 polygons
2026-03-25 22:52:20 +0100: Memory Usage (453676K) : metal5_diffprb has 0 polygons
2026-03-25 22:52:20 +0100: Memory Usage (453676K) : radhard_drw has 0 polygons
2026-03-25 22:52:20 +0100: Memory Usage (453676K) : memcap_drw has 0 polygons
2026-03-25 22:52:20 +0100: Memory Usage (453676K) : varicap_drw has 0 polygons
2026-03-25 22:52:20 +0100: Memory Usage (453676K) : flash_drw has 0 polygons
2026-03-25 22:52:20 +0100: Memory Usage (453676K) : intbondvia_drw has 0 polygons
2026-03-25 22:52:20 +0100: Memory Usage (453676K) : intbondmet_drw has 0 polygons
2026-03-25 22:52:20 +0100: Memory Usage (453676K) : devbondvia_drw has 0 polygons
2026-03-25 22:52:20 +0100: Memory Usage (453676K) : devbondmet_drw has 0 polygons
2026-03-25 22:52:20 +0100: Memory Usage (453676K) : devtrench_drw has 0 polygons
2026-03-25 22:52:20 +0100: Memory Usage (453676K) : redist_drw has 0 polygons
2026-03-25 22:52:20 +0100: Memory Usage (453676K) : graphbot_drw has 0 polygons
2026-03-25 22:52:20 +0100: Memory Usage (453676K) : graphtop_drw has 0 polygons
2026-03-25 22:52:20 +0100: Memory Usage (453676K) : antvia1_drw has 0 polygons
2026-03-25 22:52:20 +0100: Memory Usage (453676K) : antmetal2_drw has 0 polygons
2026-03-25 22:52:20 +0100: Memory Usage (453676K) : graphcont_drw has 0 polygons
2026-03-25 22:52:20 +0100: Memory Usage (453676K) : siwg_drw has 0 polygons
2026-03-25 22:52:20 +0100: Memory Usage (453676K) : siwg_filler has 0 polygons
2026-03-25 22:52:20 +0100: Memory Usage (453676K) : siwg_nofill has 0 polygons
2026-03-25 22:52:20 +0100: Memory Usage (453676K) : sigrating_drw has 0 polygons
2026-03-25 22:52:20 +0100: Memory Usage (453940K) : singrating_drw has 0 polygons
2026-03-25 22:52:20 +0100: Memory Usage (453940K) : graphpas_drw has 0 polygons
2026-03-25 22:52:20 +0100: Memory Usage (453940K) : emwind3_drw has 0 polygons
2026-03-25 22:52:20 +0100: Memory Usage (453940K) : emwihv3_drw has 0 polygons
2026-03-25 22:52:20 +0100: Memory Usage (454204K) : redbulay_drw has 0 polygons
2026-03-25 22:52:20 +0100: Memory Usage (454204K) : smos_drw has 0 polygons
2026-03-25 22:52:20 +0100: Memory Usage (454468K) : graphpad_drw has 0 polygons
2026-03-25 22:52:20 +0100: Memory Usage (454468K) : polimide_drw has 0 polygons
2026-03-25 22:52:20 +0100: Memory Usage (454468K) : polimide_pin has 0 polygons
2026-03-25 22:52:20 +0100: Memory Usage (454732K) : recog_drw has 0 polygons
2026-03-25 22:52:20 +0100: Memory Usage (454732K) : recog_pin has 0 polygons
2026-03-25 22:52:20 +0100: Memory Usage (454996K) : recog_esd has 0 polygons
2026-03-25 22:52:20 +0100: Memory Usage (454996K) : recog_diode has 0 polygons
2026-03-25 22:52:20 +0100: Memory Usage (454996K) : recog_tsv has 0 polygons
2026-03-25 22:52:20 +0100: Memory Usage (455260K) : recog_iprobe has 0 polygons
2026-03-25 22:52:20 +0100: Memory Usage (455260K) : recog_diffprb has 0 polygons
2026-03-25 22:52:20 +0100: Memory Usage (455524K) : recog_pillar has 0 polygons
2026-03-25 22:52:20 +0100: Memory Usage (455524K) : recog_sbump has 0 polygons
2026-03-25 22:52:20 +0100: Memory Usage (455524K) : recog_otp has 0 polygons
2026-03-25 22:52:20 +0100: Memory Usage (455788K) : recog_pdiode has 0 polygons
2026-03-25 22:52:20 +0100: Memory Usage (455788K) : recog_mom has 0 polygons
2026-03-25 22:52:20 +0100: Memory Usage (455788K) : recog_pcm has 0 polygons
2026-03-25 22:52:20 +0100: Memory Usage (456052K) : colopen_drw has 0 polygons
2026-03-25 22:52:20 +0100: Memory Usage (456052K) : graphmetal1_drw has 0 polygons
2026-03-25 22:52:20 +0100: Memory Usage (456316K) : graphmetal1_filler has 0 polygons
2026-03-25 22:52:20 +0100: Memory Usage (456316K) : graphmetal1_nofill has 0 polygons
2026-03-25 22:52:20 +0100: Memory Usage (456316K) : graphmetal1_slit has 0 polygons
2026-03-25 22:52:20 +0100: Memory Usage (456580K) : graphmetal1_opc has 0 polygons
2026-03-25 22:52:20 +0100: Memory Usage (456580K) : graphmet1l_drw has 0 polygons
2026-03-25 22:52:20 +0100: Memory Usage (456844K) : graphmet1l_filler has 0 polygons
2026-03-25 22:52:20 +0100: Memory Usage (456844K) : graphmet1l_nofill has 0 polygons
2026-03-25 22:52:20 +0100: Memory Usage (456844K) : graphmet1l_slit has 0 polygons
2026-03-25 22:52:20 +0100: Memory Usage (457108K) : graphmet1l_opc has 0 polygons
2026-03-25 22:52:20 +0100: Memory Usage (457108K) : extblock_drw has 5 polygons
2026-03-25 22:52:20 +0100: Memory Usage (457372K) : nldd_drw has 0 polygons
2026-03-25 22:52:20 +0100: Memory Usage (457372K) : pldd_drw has 0 polygons
2026-03-25 22:52:20 +0100: Memory Usage (457372K) : next_drw has 0 polygons
2026-03-25 22:52:20 +0100: Memory Usage (457636K) : pext_drw has 0 polygons
2026-03-25 22:52:20 +0100: Memory Usage (457636K) : nexthv_drw has 0 polygons
2026-03-25 22:52:20 +0100: Memory Usage (457636K) : pexthv_drw has 0 polygons
2026-03-25 22:52:20 +0100: Memory Usage (457900K) : graphgate_drw has 0 polygons
2026-03-25 22:52:20 +0100: Memory Usage (457900K) : sinwg_drw has 0 polygons
2026-03-25 22:52:20 +0100: Memory Usage (458164K) : sinwg_filler has 0 polygons
2026-03-25 22:52:20 +0100: Memory Usage (458164K) : sinwg_nofill has 0 polygons
2026-03-25 22:52:20 +0100: Memory Usage (458164K) : mempad_drw has 0 polygons
2026-03-25 22:52:20 +0100: Memory Usage (458692K) : topvia1_drw has 1720 polygons
2026-03-25 22:52:20 +0100: Memory Usage (458692K) : topmetal1_drw has 13 polygons
2026-03-25 22:52:20 +0100: Memory Usage (458692K) : topmetal1_pin has 15 polygons
2026-03-25 22:52:20 +0100: Memory Usage (458692K) : topmetal1_mask has 0 polygons
2026-03-25 22:52:20 +0100: Memory Usage (458956K) : topmetal1_filler has 0 polygons
2026-03-25 22:52:20 +0100: Memory Usage (458956K) : topmetal1_nofill has 0 polygons
2026-03-25 22:52:20 +0100: Memory Usage (458956K) : topmetal1_slit has 0 polygons
2026-03-25 22:52:20 +0100: Memory Usage (459220K) : topmetal1_text has 5 polygons
2026-03-25 22:52:20 +0100: Memory Usage (459220K) : topmetal1_noqrc has 0 polygons
2026-03-25 22:52:20 +0100: Memory Usage (459220K) : topmetal1_res has 0 polygons
2026-03-25 22:52:20 +0100: Memory Usage (459484K) : topmetal1_iprobe has 0 polygons
2026-03-25 22:52:20 +0100: Memory Usage (459484K) : topmetal1_diffprb has 0 polygons
2026-03-25 22:52:20 +0100: Memory Usage (459748K) : inldpwl_drw has 0 polygons
2026-03-25 22:52:20 +0100: Memory Usage (459748K) : polyres_drw has 7 polygons
2026-03-25 22:52:20 +0100: Memory Usage (459748K) : polyres_pin has 0 polygons
2026-03-25 22:52:20 +0100: Memory Usage (460012K) : vmim_drw has 578 polygons
2026-03-25 22:52:20 +0100: Memory Usage (460012K) : nbulaycut_drw has 0 polygons
2026-03-25 22:52:20 +0100: Memory Usage (460276K) : antmetal1_drw has 0 polygons
2026-03-25 22:52:20 +0100: Memory Usage (460276K) : topvia2_drw has 916 polygons
2026-03-25 22:52:20 +0100: Memory Usage (460540K) : topmetal2_drw has 4 polygons
2026-03-25 22:52:20 +0100: Memory Usage (460540K) : topmetal2_pin has 2 polygons
2026-03-25 22:52:20 +0100: Memory Usage (460540K) : topmetal2_mask has 0 polygons
2026-03-25 22:52:20 +0100: Memory Usage (460804K) : topmetal2_filler has 0 polygons
2026-03-25 22:52:20 +0100: Memory Usage (460804K) : topmetal2_nofill has 0 polygons
2026-03-25 22:52:20 +0100: Memory Usage (461068K) : topmetal2_slit has 0 polygons
2026-03-25 22:52:20 +0100: Memory Usage (461068K) : topmetal2_text has 2 polygons
2026-03-25 22:52:20 +0100: Memory Usage (461068K) : topmetal2_noqrc has 0 polygons
2026-03-25 22:52:20 +0100: Memory Usage (461332K) : topmetal2_res has 0 polygons
2026-03-25 22:52:20 +0100: Memory Usage (461332K) : topmetal2_iprobe has 0 polygons
2026-03-25 22:52:20 +0100: Memory Usage (461332K) : topmetal2_diffprb has 0 polygons
2026-03-25 22:52:20 +0100: Memory Usage (461332K) : snsring_drw has 0 polygons
2026-03-25 22:52:20 +0100: Memory Usage (461596K) : sensor_drw has 0 polygons
2026-03-25 22:52:20 +0100: Memory Usage (461596K) : snsarms_drw has 0 polygons
2026-03-25 22:52:20 +0100: Memory Usage (461596K) : snscmosvia_drw has 0 polygons
2026-03-25 22:52:20 +0100: Memory Usage (461860K) : colwind_drw has 0 polygons
2026-03-25 22:52:20 +0100: Memory Usage (461860K) : flm_drw has 0 polygons
2026-03-25 22:52:20 +0100: Memory Usage (461860K) : hafniumox_drw has 0 polygons
2026-03-25 22:52:20 +0100: Memory Usage (461860K) : memvia_drw has 0 polygons
2026-03-25 22:52:20 +0100: Memory Usage (462124K) : thinfilmres_drw has 0 polygons
2026-03-25 22:52:20 +0100: Memory Usage (462124K) : rfmem_drw has 0 polygons
2026-03-25 22:52:20 +0100: Memory Usage (462124K) : norcx_drw has 0 polygons
2026-03-25 22:52:20 +0100: Memory Usage (462388K) : norcx_m2m3 has 0 polygons
2026-03-25 22:52:20 +0100: Memory Usage (462388K) : norcx_m2m4 has 0 polygons
2026-03-25 22:52:20 +0100: Memory Usage (462388K) : norcx_m2m5 has 0 polygons
2026-03-25 22:52:20 +0100: Memory Usage (462388K) : norcx_m2tm1 has 0 polygons
2026-03-25 22:52:20 +0100: Memory Usage (462652K) : norcx_m2tm2 has 0 polygons
2026-03-25 22:52:20 +0100: Memory Usage (462652K) : norcx_m3m4 has 0 polygons
2026-03-25 22:52:20 +0100: Memory Usage (462652K) : norcx_m3m5 has 0 polygons
2026-03-25 22:52:20 +0100: Memory Usage (462916K) : norcx_m3tm1 has 0 polygons
2026-03-25 22:52:20 +0100: Memory Usage (462916K) : norcx_m3tm2 has 0 polygons
2026-03-25 22:52:20 +0100: Memory Usage (463180K) : norcx_m4m5 has 0 polygons
2026-03-25 22:52:20 +0100: Memory Usage (463180K) : norcx_m4tm1 has 0 polygons
2026-03-25 22:52:20 +0100: Memory Usage (463180K) : norcx_m4tm2 has 0 polygons
2026-03-25 22:52:20 +0100: Memory Usage (463444K) : norcx_m5tm1 has 0 polygons
2026-03-25 22:52:20 +0100: Memory Usage (463444K) : norcx_m5tm2 has 0 polygons
2026-03-25 22:52:20 +0100: Memory Usage (463708K) : norcx_tm1tm2 has 0 polygons
2026-03-25 22:52:20 +0100: Memory Usage (463708K) : norcx_m1sub has 0 polygons
2026-03-25 22:52:20 +0100: Memory Usage (463708K) : norcx_m2sub has 0 polygons
2026-03-25 22:52:20 +0100: Memory Usage (463708K) : norcx_m3sub has 0 polygons
2026-03-25 22:52:20 +0100: Memory Usage (463972K) : norcx_m4sub has 0 polygons
2026-03-25 22:52:20 +0100: Memory Usage (463972K) : norcx_m5sub has 0 polygons
2026-03-25 22:52:20 +0100: Memory Usage (463972K) : norcx_tm1sub has 0 polygons
2026-03-25 22:52:20 +0100: Memory Usage (464236K) : norcx_tm2sub has 0 polygons
2026-03-25 22:52:20 +0100: Memory Usage (464236K) : snsbotvia_drw has 0 polygons
2026-03-25 22:52:20 +0100: Memory Usage (464236K) : snstopvia_drw has 0 polygons
2026-03-25 22:52:20 +0100: Memory Usage (464236K) : deepvia_drw has 0 polygons
2026-03-25 22:52:20 +0100: Memory Usage (464500K) : fgetch_drw has 0 polygons
2026-03-25 22:52:20 +0100: Memory Usage (464500K) : ctrgat_drw has 0 polygons
2026-03-25 22:52:20 +0100: Memory Usage (464500K) : fgimp_drw has 0 polygons
2026-03-25 22:52:20 +0100: Memory Usage (464764K) : emwihv_drw has 0 polygons
2026-03-25 22:52:20 +0100: Memory Usage (464764K) : lbe_drw has 0 polygons
2026-03-25 22:52:20 +0100: Memory Usage (464764K) : alcustop_drw has 0 polygons
2026-03-25 22:52:20 +0100: Memory Usage (465028K) : nometfiller_drw has 0 polygons
2026-03-25 22:52:20 +0100: Memory Usage (465028K) : prboundary_drw has 0 polygons
2026-03-25 22:52:20 +0100: Memory Usage (465028K) : exchange0_drw has 0 polygons
2026-03-25 22:52:20 +0100: Memory Usage (465028K) : exchange0_pin has 0 polygons
2026-03-25 22:52:20 +0100: Memory Usage (465028K) : exchange0_text has 0 polygons
2026-03-25 22:52:20 +0100: Memory Usage (465028K) : exchange1_drw has 0 polygons
2026-03-25 22:52:20 +0100: Memory Usage (465028K) : exchange1_pin has 0 polygons
2026-03-25 22:52:20 +0100: Memory Usage (465028K) : exchange1_text has 0 polygons
2026-03-25 22:52:20 +0100: Memory Usage (465028K) : exchange2_drw has 0 polygons
2026-03-25 22:52:20 +0100: Memory Usage (465028K) : exchange2_pin has 0 polygons
2026-03-25 22:52:20 +0100: Memory Usage (465028K) : exchange2_text has 0 polygons
2026-03-25 22:52:20 +0100: Memory Usage (465028K) : exchange3_drw has 0 polygons
2026-03-25 22:52:20 +0100: Memory Usage (465028K) : exchange3_pin has 0 polygons
2026-03-25 22:52:20 +0100: Memory Usage (465028K) : exchange3_text has 0 polygons
2026-03-25 22:52:20 +0100: Memory Usage (465028K) : exchange4_drw has 0 polygons
2026-03-25 22:52:20 +0100: Memory Usage (465028K) : exchange4_pin has 0 polygons
2026-03-25 22:52:20 +0100: Memory Usage (465028K) : exchange4_text has 0 polygons
2026-03-25 22:52:20 +0100: Memory Usage (465028K) : isonwell_drw has 0 polygons
2026-03-25 22:52:20 +0100: Memory Usage (465028K) : Total no. of polygons in the design is 55451
2026-03-25 22:52:20 +0100: Memory Usage (465028K) : Loaded TECH DRC rules values from /foss/pdks/ihp-sg13g2/libs.tech/klayout/python/sg13g2_pycell_lib/sg13g2_tech_mod.json
2026-03-25 22:52:20 +0100: Memory Usage (465028K) : Loaded default DRC rules values from /foss/pdks/ihp-sg13g2/libs.tech/klayout/tech/drc/rule_decks/sg13g2_tech_default.json
2026-03-25 22:52:20 +0100: Memory Usage (465028K) : The following rules values were missing in tech json and default values were used:
2026-03-25 22:52:20 +0100: Memory Usage (465028K) :   - Cnt_c_digibnd
2026-03-25 22:52:20 +0100: Memory Usage (465028K) : Total area of the design is 54805.149724999996 um^2.
2026-03-25 22:52:20 +0100: Memory Usage (465028K) : The design dimensions are 309.90500000000003 µm * 176.845 µm.
2026-03-25 22:52:20 +0100: Memory Usage (465028K) : Starting general IHP-SG13G2 derivations.
2026-03-25 22:52:20 +0100: Memory Usage (465028K) : Starting Pwell derivations
2026-03-25 22:52:20 +0100: Memory Usage (465028K) : Starting n-Activ derivations
2026-03-25 22:52:20 +0100: Memory Usage (465028K) : Starting p-Activ derivations
2026-03-25 22:52:20 +0100: Memory Usage (465028K) : Starting ptap derivations
2026-03-25 22:52:20 +0100: Memory Usage (465028K) : Starting ntap derivations
2026-03-25 22:52:20 +0100: Memory Usage (465028K) : Starting pact FET derivations
2026-03-25 22:52:20 +0100: Memory Usage (465028K) : Starting nact FET derivations
2026-03-25 22:52:20 +0100: Memory Usage (465028K) : Starting Gate derivations
2026-03-25 22:52:20 +0100: Memory Usage (465028K) : Starting IHP-SG13G2 DRC connectivity related derivations.
2026-03-25 22:52:20 +0100: Memory Usage (465028K) : Starting IHP-SG13G2 DRC connectivity setup
2026-03-25 22:52:21 +0100: Memory Usage (467744K) : Starting IHP-SG13G2 DRC rules.
2026-03-25 22:52:21 +0100: Memory Usage (467744K) : Starting 5.1 NWell table
2026-03-25 22:52:21 +0100: Memory Usage (467744K) : Executing rule NW.b
2026-03-25 22:52:21 +0100: Memory Usage (467744K) : Executing rule NW.b1
2026-03-25 22:52:21 +0100: Memory Usage (467744K) : KLayout DRC run for tables 'nwell' completed in 1.64 seconds
