# Logfile created on 2026-03-25 22:52:28 +0100 by logger.rb/v1.5.3
2026-03-25 22:52:28 +0100: Memory Usage (436860K) : Starting running IHP-SG13G2 KLayout DRC runset on /foss/designs/Design/xschem/IHP__OPA2251/OPA2251-main/layout/klayout/HPA.gds
2026-03-25 22:52:28 +0100: Memory Usage (436860K) : Ruby Version for klayout: 3.2.3
2026-03-25 22:52:28 +0100: Memory Usage (438668K) : Loading database to memory is complete.
2026-03-25 22:52:28 +0100: Memory Usage (438668K) : IHP-SG13G2 KLayout DRC runset output at: /foss/designs/Design/xschem/IHP__OPA2251/OPA2251-main/layout/klayout/drc_run_HPA/HPA_HPA_mim.lyrdb
2026-03-25 22:52:28 +0100: Memory Usage (438668K) : Evaluate switches.
2026-03-25 22:52:28 +0100: Memory Usage (438668K) : tables selected: mim
2026-03-25 22:52:28 +0100: Memory Usage (438668K) : KLayout will use 4 thread(s) in tiled mode.
2026-03-25 22:52:28 +0100: Memory Usage (438668K) : flat mode is enabled.
2026-03-25 22:52:28 +0100: Memory Usage (438668K) : FEOL enabled: false
2026-03-25 22:52:28 +0100: Memory Usage (438668K) : BEOL enabled: false
2026-03-25 22:52:28 +0100: Memory Usage (438668K) : OFFGRID enabled: true
2026-03-25 22:52:28 +0100: Memory Usage (438668K) : PIN enabled: false
2026-03-25 22:52:28 +0100: Memory Usage (438668K) : FORBIDDEN enabled: false
2026-03-25 22:52:28 +0100: Memory Usage (438668K) : RECOMMENDED enabled: true
2026-03-25 22:52:28 +0100: Memory Usage (438668K) : PreCheck DRC enabled: false
2026-03-25 22:52:28 +0100: Memory Usage (438668K) : CONNECTIVITY_RULES enabled: false.
2026-03-25 22:52:28 +0100: Memory Usage (438668K) : Read in polygons from layers.
2026-03-25 22:52:28 +0100: Memory Usage (441288K) : activ_drw has 198 polygons
2026-03-25 22:52:28 +0100: Memory Usage (441288K) : activ_pin has 0 polygons
2026-03-25 22:52:28 +0100: Memory Usage (441288K) : activ_mask has 0 polygons
2026-03-25 22:52:28 +0100: Memory Usage (441288K) : activ_filler has 0 polygons
2026-03-25 22:52:28 +0100: Memory Usage (441288K) : activ_nofill has 0 polygons
2026-03-25 22:52:28 +0100: Memory Usage (441288K) : activ_opc has 0 polygons
2026-03-25 22:52:28 +0100: Memory Usage (441288K) : activ_iopc has 0 polygons
2026-03-25 22:52:28 +0100: Memory Usage (441288K) : activ_noqrc has 0 polygons
2026-03-25 22:52:28 +0100: Memory Usage (441288K) : biwind_drw has 0 polygons
2026-03-25 22:52:28 +0100: Memory Usage (441288K) : biwind_opc has 0 polygons
2026-03-25 22:52:28 +0100: Memory Usage (441288K) : pemwind_drw has 0 polygons
2026-03-25 22:52:28 +0100: Memory Usage (442512K) : gatpoly_drw has 108 polygons
2026-03-25 22:52:28 +0100: Memory Usage (442512K) : gatpoly_pin has 124 polygons
2026-03-25 22:52:28 +0100: Memory Usage (442512K) : gatpoly_filler has 0 polygons
2026-03-25 22:52:28 +0100: Memory Usage (442512K) : gatpoly_nofill has 0 polygons
2026-03-25 22:52:28 +0100: Memory Usage (442512K) : gatpoly_opc has 0 polygons
2026-03-25 22:52:28 +0100: Memory Usage (442512K) : gatpoly_iopc has 0 polygons
2026-03-25 22:52:28 +0100: Memory Usage (442512K) : gatpoly_noqrc has 0 polygons
2026-03-25 22:52:28 +0100: Memory Usage (448848K) : cont_drw has 16803 polygons
2026-03-25 22:52:28 +0100: Memory Usage (448848K) : cont_opc has 0 polygons
2026-03-25 22:52:28 +0100: Memory Usage (448848K) : nsd_drw has 0 polygons
2026-03-25 22:52:28 +0100: Memory Usage (448848K) : nsd_block has 0 polygons
2026-03-25 22:52:28 +0100: Memory Usage (448848K) : metal1_drw has 390 polygons
2026-03-25 22:52:28 +0100: Memory Usage (448848K) : metal1_pin has 515 polygons
2026-03-25 22:52:28 +0100: Memory Usage (448848K) : metal1_mask has 0 polygons
2026-03-25 22:52:28 +0100: Memory Usage (448848K) : metal1_filler has 0 polygons
2026-03-25 22:52:28 +0100: Memory Usage (448848K) : metal1_nofill has 0 polygons
2026-03-25 22:52:28 +0100: Memory Usage (448848K) : metal1_slit has 0 polygons
2026-03-25 22:52:28 +0100: Memory Usage (448848K) : metal1_text has 0 polygons
2026-03-25 22:52:28 +0100: Memory Usage (448848K) : metal1_opc has 0 polygons
2026-03-25 22:52:28 +0100: Memory Usage (448848K) : metal1_noqrc has 0 polygons
2026-03-25 22:52:29 +0100: Memory Usage (448848K) : metal1_res has 0 polygons
2026-03-25 22:52:29 +0100: Memory Usage (448848K) : metal1_iprobe has 0 polygons
2026-03-25 22:52:29 +0100: Memory Usage (448848K) : metal1_diffprb has 0 polygons
2026-03-25 22:52:29 +0100: Memory Usage (448848K) : passiv_drw has 0 polygons
2026-03-25 22:52:29 +0100: Memory Usage (448848K) : passiv_pin has 0 polygons
2026-03-25 22:52:29 +0100: Memory Usage (448848K) : passiv_sbump has 0 polygons
2026-03-25 22:52:29 +0100: Memory Usage (448848K) : passiv_pillar has 0 polygons
2026-03-25 22:52:29 +0100: Memory Usage (448848K) : passiv_pdl has 0 polygons
2026-03-25 22:52:29 +0100: Memory Usage (448848K) : metal2_drw has 95 polygons
2026-03-25 22:52:29 +0100: Memory Usage (448848K) : metal2_pin has 11 polygons
2026-03-25 22:52:29 +0100: Memory Usage (448848K) : metal2_mask has 0 polygons
2026-03-25 22:52:29 +0100: Memory Usage (449164K) : metal2_filler has 0 polygons
2026-03-25 22:52:29 +0100: Memory Usage (449164K) : metal2_nofill has 0 polygons
2026-03-25 22:52:29 +0100: Memory Usage (449164K) : metal2_slit has 0 polygons
2026-03-25 22:52:29 +0100: Memory Usage (449164K) : metal2_text has 0 polygons
2026-03-25 22:52:29 +0100: Memory Usage (449164K) : metal2_opc has 0 polygons
2026-03-25 22:52:29 +0100: Memory Usage (449164K) : metal2_noqrc has 0 polygons
2026-03-25 22:52:29 +0100: Memory Usage (449164K) : metal2_res has 0 polygons
2026-03-25 22:52:29 +0100: Memory Usage (449228K) : metal2_iprobe has 0 polygons
2026-03-25 22:52:29 +0100: Memory Usage (449228K) : metal2_diffprb has 0 polygons
2026-03-25 22:52:29 +0100: Memory Usage (449228K) : baspoly_drw has 0 polygons
2026-03-25 22:52:29 +0100: Memory Usage (449292K) : baspoly_pin has 0 polygons
2026-03-25 22:52:29 +0100: Memory Usage (449292K) : psd_drw has 24 polygons
2026-03-25 22:52:29 +0100: Memory Usage (449292K) : nldb_drw has 0 polygons
2026-03-25 22:52:29 +0100: Memory Usage (449292K) : digibnd_drw has 0 polygons
2026-03-25 22:52:29 +0100: Memory Usage (451400K) : via1_drw has 9590 polygons
2026-03-25 22:52:29 +0100: Memory Usage (451508K) : backmetal1_drw has 0 polygons
2026-03-25 22:52:29 +0100: Memory Usage (451508K) : backmetal1_pin has 0 polygons
2026-03-25 22:52:29 +0100: Memory Usage (451508K) : backmetal1_mask has 0 polygons
2026-03-25 22:52:29 +0100: Memory Usage (451572K) : backmetal1_filler has 0 polygons
2026-03-25 22:52:29 +0100: Memory Usage (451572K) : backmetal1_nofill has 0 polygons
2026-03-25 22:52:29 +0100: Memory Usage (451572K) : backmetal1_slit has 0 polygons
2026-03-25 22:52:29 +0100: Memory Usage (451572K) : backmetal1_text has 0 polygons
2026-03-25 22:52:29 +0100: Memory Usage (451572K) : backmetal1_opc has 0 polygons
2026-03-25 22:52:29 +0100: Memory Usage (451572K) : backmetal1_noqrc has 0 polygons
2026-03-25 22:52:29 +0100: Memory Usage (451572K) : backmetal1_res has 0 polygons
2026-03-25 22:52:29 +0100: Memory Usage (451572K) : backmetal1_iprobe has 0 polygons
2026-03-25 22:52:29 +0100: Memory Usage (451572K) : backmetal1_diffprb has 0 polygons
2026-03-25 22:52:29 +0100: Memory Usage (451572K) : backpassiv_drw has 0 polygons
2026-03-25 22:52:29 +0100: Memory Usage (451572K) : res_drw has 0 polygons
2026-03-25 22:52:29 +0100: Memory Usage (451636K) : sram_drw has 0 polygons
2026-03-25 22:52:29 +0100: Memory Usage (451636K) : trans_drw has 0 polygons
2026-03-25 22:52:29 +0100: Memory Usage (451700K) : ind_drw has 0 polygons
2026-03-25 22:52:29 +0100: Memory Usage (451700K) : ind_pin has 0 polygons
2026-03-25 22:52:29 +0100: Memory Usage (451700K) : ind_text has 0 polygons
2026-03-25 22:52:29 +0100: Memory Usage (451960K) : salblock_drw has 7 polygons
2026-03-25 22:52:29 +0100: Memory Usage (453808K) : via2_drw has 7995 polygons
2026-03-25 22:52:29 +0100: Memory Usage (453808K) : metal3_drw has 67 polygons
2026-03-25 22:52:29 +0100: Memory Usage (453808K) : metal3_pin has 8 polygons
2026-03-25 22:52:29 +0100: Memory Usage (453808K) : metal3_mask has 0 polygons
2026-03-25 22:52:29 +0100: Memory Usage (453808K) : metal3_filler has 0 polygons
2026-03-25 22:52:29 +0100: Memory Usage (453808K) : metal3_nofill has 0 polygons
2026-03-25 22:52:29 +0100: Memory Usage (453808K) : metal3_slit has 0 polygons
2026-03-25 22:52:29 +0100: Memory Usage (453808K) : metal3_text has 0 polygons
2026-03-25 22:52:29 +0100: Memory Usage (453808K) : metal3_opc has 0 polygons
2026-03-25 22:52:29 +0100: Memory Usage (453808K) : metal3_noqrc has 0 polygons
2026-03-25 22:52:29 +0100: Memory Usage (453808K) : metal3_res has 0 polygons
2026-03-25 22:52:29 +0100: Memory Usage (453808K) : metal3_iprobe has 0 polygons
2026-03-25 22:52:29 +0100: Memory Usage (453808K) : metal3_diffprb has 0 polygons
2026-03-25 22:52:29 +0100: Memory Usage (453808K) : nwell_drw has 5 polygons
2026-03-25 22:52:29 +0100: Memory Usage (453808K) : nwell_pin has 0 polygons
2026-03-25 22:52:29 +0100: Memory Usage (453808K) : nbulay_drw has 0 polygons
2026-03-25 22:52:29 +0100: Memory Usage (453808K) : nbulay_pin has 0 polygons
2026-03-25 22:52:29 +0100: Memory Usage (453808K) : nbulay_block has 0 polygons
2026-03-25 22:52:29 +0100: Memory Usage (453808K) : emwind_drw has 0 polygons
2026-03-25 22:52:29 +0100: Memory Usage (453808K) : emwind_opc has 0 polygons
2026-03-25 22:52:29 +0100: Memory Usage (453808K) : deepco_drw has 0 polygons
2026-03-25 22:52:29 +0100: Memory Usage (453808K) : deepco_drw has 0 polygons
2026-03-25 22:52:29 +0100: Memory Usage (453808K) : mim_drw has 2 polygons
2026-03-25 22:52:29 +0100: Memory Usage (453808K) : edgeseal_drw has 0 polygons
2026-03-25 22:52:29 +0100: Memory Usage (453808K) : edgeseal_bound has 0 polygons
2026-03-25 22:52:29 +0100: Memory Usage (453808K) : substrate_drw has 723 polygons
2026-03-25 22:52:29 +0100: Memory Usage (453808K) : substrate_text has 0 polygons
2026-03-25 22:52:29 +0100: Memory Usage (453808K) : dfpad_drw has 0 polygons
2026-03-25 22:52:29 +0100: Memory Usage (453808K) : dfpad_pillar has 0 polygons
2026-03-25 22:52:29 +0100: Memory Usage (453808K) : dfpad_sbump has 0 polygons
2026-03-25 22:52:29 +0100: Memory Usage (453808K) : thickgateox_drw has 0 polygons
2026-03-25 22:52:29 +0100: Memory Usage (453808K) : pldb_drw has 0 polygons
2026-03-25 22:52:29 +0100: Memory Usage (453808K) : pwell_drw has 0 polygons
2026-03-25 22:52:29 +0100: Memory Usage (453808K) : pwell_pin has 0 polygons
2026-03-25 22:52:29 +0100: Memory Usage (453808K) : pwell_block has 0 polygons
2026-03-25 22:52:29 +0100: Memory Usage (453808K) : ic_drw has 0 polygons
2026-03-25 22:52:29 +0100: Memory Usage (454072K) : via3_drw has 7005 polygons
2026-03-25 22:52:29 +0100: Memory Usage (454072K) : metal4_drw has 40 polygons
2026-03-25 22:52:29 +0100: Memory Usage (454072K) : metal4_pin has 3 polygons
2026-03-25 22:52:29 +0100: Memory Usage (454072K) : metal4_mask has 0 polygons
2026-03-25 22:52:29 +0100: Memory Usage (454072K) : metal4_filler has 0 polygons
2026-03-25 22:52:29 +0100: Memory Usage (454072K) : metal4_nofill has 0 polygons
2026-03-25 22:52:29 +0100: Memory Usage (454072K) : metal4_slit has 0 polygons
2026-03-25 22:52:29 +0100: Memory Usage (454072K) : metal4_text has 0 polygons
2026-03-25 22:52:29 +0100: Memory Usage (454072K) : metal4_opc has 0 polygons
2026-03-25 22:52:29 +0100: Memory Usage (454072K) : metal4_noqrc has 0 polygons
2026-03-25 22:52:29 +0100: Memory Usage (454072K) : metal4_res has 0 polygons
2026-03-25 22:52:29 +0100: Memory Usage (454072K) : metal4_iprobe has 0 polygons
2026-03-25 22:52:29 +0100: Memory Usage (454072K) : metal4_diffprb has 0 polygons
2026-03-25 22:52:29 +0100: Memory Usage (454072K) : heattrans_drw has 421 polygons
2026-03-25 22:52:29 +0100: Memory Usage (454072K) : heatres_drw has 7 polygons
2026-03-25 22:52:29 +0100: Memory Usage (454072K) : pempoly_drw has 0 polygons
2026-03-25 22:52:29 +0100: Memory Usage (454072K) : fbe_drw has 0 polygons
2026-03-25 22:52:29 +0100: Memory Usage (454072K) : empoly_drw has 0 polygons
2026-03-25 22:52:29 +0100: Memory Usage (454072K) : ldmos_drw has 0 polygons
2026-03-25 22:52:29 +0100: Memory Usage (454072K) : pbiwind_drw has 0 polygons
2026-03-25 22:52:29 +0100: Memory Usage (454072K) : digisub_drw has 0 polygons
2026-03-25 22:52:29 +0100: Memory Usage (454072K) : nodrc_drw has 0 polygons
2026-03-25 22:52:29 +0100: Memory Usage (454072K) : text_drw has 1107 polygons
2026-03-25 22:52:29 +0100: Memory Usage (454392K) : via4_drw has 6898 polygons
2026-03-25 22:52:29 +0100: Memory Usage (454392K) : metal5_drw has 32 polygons
2026-03-25 22:52:29 +0100: Memory Usage (454392K) : metal5_pin has 5 polygons
2026-03-25 22:52:29 +0100: Memory Usage (454392K) : metal5_mask has 0 polygons
2026-03-25 22:52:29 +0100: Memory Usage (454392K) : metal5_filler has 0 polygons
2026-03-25 22:52:29 +0100: Memory Usage (454392K) : metal5_nofill has 0 polygons
2026-03-25 22:52:29 +0100: Memory Usage (454392K) : metal5_slit has 0 polygons
2026-03-25 22:52:29 +0100: Memory Usage (454392K) : metal5_text has 1 polygons
2026-03-25 22:52:29 +0100: Memory Usage (454392K) : metal5_opc has 0 polygons
2026-03-25 22:52:29 +0100: Memory Usage (454392K) : metal5_noqrc has 0 polygons
2026-03-25 22:52:29 +0100: Memory Usage (454392K) : metal5_res has 0 polygons
2026-03-25 22:52:29 +0100: Memory Usage (454392K) : metal5_iprobe has 0 polygons
2026-03-25 22:52:29 +0100: Memory Usage (454392K) : metal5_diffprb has 0 polygons
2026-03-25 22:52:29 +0100: Memory Usage (454392K) : radhard_drw has 0 polygons
2026-03-25 22:52:29 +0100: Memory Usage (454392K) : memcap_drw has 0 polygons
2026-03-25 22:52:29 +0100: Memory Usage (454392K) : varicap_drw has 0 polygons
2026-03-25 22:52:29 +0100: Memory Usage (454392K) : flash_drw has 0 polygons
2026-03-25 22:52:29 +0100: Memory Usage (454392K) : intbondvia_drw has 0 polygons
2026-03-25 22:52:29 +0100: Memory Usage (454392K) : intbondmet_drw has 0 polygons
2026-03-25 22:52:29 +0100: Memory Usage (454392K) : devbondvia_drw has 0 polygons
2026-03-25 22:52:29 +0100: Memory Usage (454392K) : devbondmet_drw has 0 polygons
2026-03-25 22:52:29 +0100: Memory Usage (454392K) : devtrench_drw has 0 polygons
2026-03-25 22:52:29 +0100: Memory Usage (454392K) : redist_drw has 0 polygons
2026-03-25 22:52:29 +0100: Memory Usage (454392K) : graphbot_drw has 0 polygons
2026-03-25 22:52:29 +0100: Memory Usage (454392K) : graphtop_drw has 0 polygons
2026-03-25 22:52:29 +0100: Memory Usage (454392K) : antvia1_drw has 0 polygons
2026-03-25 22:52:29 +0100: Memory Usage (454392K) : antmetal2_drw has 0 polygons
2026-03-25 22:52:29 +0100: Memory Usage (454392K) : graphcont_drw has 0 polygons
2026-03-25 22:52:29 +0100: Memory Usage (454392K) : siwg_drw has 0 polygons
2026-03-25 22:52:29 +0100: Memory Usage (454392K) : siwg_filler has 0 polygons
2026-03-25 22:52:29 +0100: Memory Usage (454392K) : siwg_nofill has 0 polygons
2026-03-25 22:52:29 +0100: Memory Usage (454392K) : sigrating_drw has 0 polygons
2026-03-25 22:52:29 +0100: Memory Usage (454392K) : singrating_drw has 0 polygons
2026-03-25 22:52:29 +0100: Memory Usage (454392K) : graphpas_drw has 0 polygons
2026-03-25 22:52:29 +0100: Memory Usage (454392K) : emwind3_drw has 0 polygons
2026-03-25 22:52:29 +0100: Memory Usage (454392K) : emwihv3_drw has 0 polygons
2026-03-25 22:52:29 +0100: Memory Usage (454392K) : redbulay_drw has 0 polygons
2026-03-25 22:52:29 +0100: Memory Usage (454392K) : smos_drw has 0 polygons
2026-03-25 22:52:29 +0100: Memory Usage (454392K) : graphpad_drw has 0 polygons
2026-03-25 22:52:29 +0100: Memory Usage (454392K) : polimide_drw has 0 polygons
2026-03-25 22:52:29 +0100: Memory Usage (454656K) : polimide_pin has 0 polygons
2026-03-25 22:52:29 +0100: Memory Usage (454656K) : recog_drw has 0 polygons
2026-03-25 22:52:29 +0100: Memory Usage (454656K) : recog_pin has 0 polygons
2026-03-25 22:52:29 +0100: Memory Usage (454656K) : recog_esd has 0 polygons
2026-03-25 22:52:29 +0100: Memory Usage (454656K) : recog_diode has 0 polygons
2026-03-25 22:52:29 +0100: Memory Usage (454920K) : recog_tsv has 0 polygons
2026-03-25 22:52:29 +0100: Memory Usage (454920K) : recog_iprobe has 0 polygons
2026-03-25 22:52:29 +0100: Memory Usage (455184K) : recog_diffprb has 0 polygons
2026-03-25 22:52:29 +0100: Memory Usage (455184K) : recog_pillar has 0 polygons
2026-03-25 22:52:29 +0100: Memory Usage (455184K) : recog_sbump has 0 polygons
2026-03-25 22:52:29 +0100: Memory Usage (455448K) : recog_otp has 0 polygons
2026-03-25 22:52:29 +0100: Memory Usage (455448K) : recog_pdiode has 0 polygons
2026-03-25 22:52:29 +0100: Memory Usage (455712K) : recog_mom has 0 polygons
2026-03-25 22:52:29 +0100: Memory Usage (455712K) : recog_pcm has 0 polygons
2026-03-25 22:52:29 +0100: Memory Usage (455712K) : colopen_drw has 0 polygons
2026-03-25 22:52:29 +0100: Memory Usage (455976K) : graphmetal1_drw has 0 polygons
2026-03-25 22:52:29 +0100: Memory Usage (455976K) : graphmetal1_filler has 0 polygons
2026-03-25 22:52:29 +0100: Memory Usage (455976K) : graphmetal1_nofill has 0 polygons
2026-03-25 22:52:29 +0100: Memory Usage (456240K) : graphmetal1_slit has 0 polygons
2026-03-25 22:52:29 +0100: Memory Usage (456240K) : graphmetal1_opc has 0 polygons
2026-03-25 22:52:29 +0100: Memory Usage (456504K) : graphmet1l_drw has 0 polygons
2026-03-25 22:52:29 +0100: Memory Usage (456504K) : graphmet1l_filler has 0 polygons
2026-03-25 22:52:29 +0100: Memory Usage (456504K) : graphmet1l_nofill has 0 polygons
2026-03-25 22:52:29 +0100: Memory Usage (456768K) : graphmet1l_slit has 0 polygons
2026-03-25 22:52:29 +0100: Memory Usage (456768K) : graphmet1l_opc has 0 polygons
2026-03-25 22:52:29 +0100: Memory Usage (457032K) : extblock_drw has 5 polygons
2026-03-25 22:52:29 +0100: Memory Usage (457032K) : nldd_drw has 0 polygons
2026-03-25 22:52:29 +0100: Memory Usage (457032K) : pldd_drw has 0 polygons
2026-03-25 22:52:29 +0100: Memory Usage (457296K) : next_drw has 0 polygons
2026-03-25 22:52:29 +0100: Memory Usage (457296K) : pext_drw has 0 polygons
2026-03-25 22:52:29 +0100: Memory Usage (457560K) : nexthv_drw has 0 polygons
2026-03-25 22:52:29 +0100: Memory Usage (457560K) : pexthv_drw has 0 polygons
2026-03-25 22:52:29 +0100: Memory Usage (457560K) : graphgate_drw has 0 polygons
2026-03-25 22:52:29 +0100: Memory Usage (457824K) : sinwg_drw has 0 polygons
2026-03-25 22:52:29 +0100: Memory Usage (457824K) : sinwg_filler has 0 polygons
2026-03-25 22:52:29 +0100: Memory Usage (457824K) : sinwg_nofill has 0 polygons
2026-03-25 22:52:29 +0100: Memory Usage (458088K) : mempad_drw has 0 polygons
2026-03-25 22:52:29 +0100: Memory Usage (458352K) : topvia1_drw has 1720 polygons
2026-03-25 22:52:29 +0100: Memory Usage (458616K) : topmetal1_drw has 13 polygons
2026-03-25 22:52:29 +0100: Memory Usage (458616K) : topmetal1_pin has 15 polygons
2026-03-25 22:52:29 +0100: Memory Usage (458616K) : topmetal1_mask has 0 polygons
2026-03-25 22:52:29 +0100: Memory Usage (458616K) : topmetal1_filler has 0 polygons
2026-03-25 22:52:29 +0100: Memory Usage (458616K) : topmetal1_nofill has 0 polygons
2026-03-25 22:52:29 +0100: Memory Usage (458880K) : topmetal1_slit has 0 polygons
2026-03-25 22:52:29 +0100: Memory Usage (458880K) : topmetal1_text has 5 polygons
2026-03-25 22:52:29 +0100: Memory Usage (458880K) : topmetal1_noqrc has 0 polygons
2026-03-25 22:52:29 +0100: Memory Usage (459144K) : topmetal1_res has 0 polygons
2026-03-25 22:52:29 +0100: Memory Usage (459144K) : topmetal1_iprobe has 0 polygons
2026-03-25 22:52:29 +0100: Memory Usage (459408K) : topmetal1_diffprb has 0 polygons
2026-03-25 22:52:29 +0100: Memory Usage (459408K) : inldpwl_drw has 0 polygons
2026-03-25 22:52:29 +0100: Memory Usage (459408K) : polyres_drw has 7 polygons
2026-03-25 22:52:29 +0100: Memory Usage (459672K) : polyres_pin has 0 polygons
2026-03-25 22:52:29 +0100: Memory Usage (459672K) : vmim_drw has 578 polygons
2026-03-25 22:52:29 +0100: Memory Usage (459936K) : nbulaycut_drw has 0 polygons
2026-03-25 22:52:29 +0100: Memory Usage (459936K) : antmetal1_drw has 0 polygons
2026-03-25 22:52:29 +0100: Memory Usage (460200K) : topvia2_drw has 916 polygons
2026-03-25 22:52:29 +0100: Memory Usage (460200K) : topmetal2_drw has 4 polygons
2026-03-25 22:52:29 +0100: Memory Usage (460200K) : topmetal2_pin has 2 polygons
2026-03-25 22:52:29 +0100: Memory Usage (460464K) : topmetal2_mask has 0 polygons
2026-03-25 22:52:29 +0100: Memory Usage (460464K) : topmetal2_filler has 0 polygons
2026-03-25 22:52:29 +0100: Memory Usage (460728K) : topmetal2_nofill has 0 polygons
2026-03-25 22:52:29 +0100: Memory Usage (460728K) : topmetal2_slit has 0 polygons
2026-03-25 22:52:29 +0100: Memory Usage (460728K) : topmetal2_text has 2 polygons
2026-03-25 22:52:29 +0100: Memory Usage (460992K) : topmetal2_noqrc has 0 polygons
2026-03-25 22:52:29 +0100: Memory Usage (460992K) : topmetal2_res has 0 polygons
2026-03-25 22:52:29 +0100: Memory Usage (460992K) : topmetal2_iprobe has 0 polygons
2026-03-25 22:52:29 +0100: Memory Usage (461256K) : topmetal2_diffprb has 0 polygons
2026-03-25 22:52:29 +0100: Memory Usage (461256K) : snsring_drw has 0 polygons
2026-03-25 22:52:29 +0100: Memory Usage (461256K) : sensor_drw has 0 polygons
2026-03-25 22:52:29 +0100: Memory Usage (461256K) : snsarms_drw has 0 polygons
2026-03-25 22:52:29 +0100: Memory Usage (461520K) : snscmosvia_drw has 0 polygons
2026-03-25 22:52:29 +0100: Memory Usage (461520K) : colwind_drw has 0 polygons
2026-03-25 22:52:29 +0100: Memory Usage (461520K) : flm_drw has 0 polygons
2026-03-25 22:52:29 +0100: Memory Usage (461784K) : hafniumox_drw has 0 polygons
2026-03-25 22:52:29 +0100: Memory Usage (461784K) : memvia_drw has 0 polygons
2026-03-25 22:52:29 +0100: Memory Usage (461784K) : thinfilmres_drw has 0 polygons
2026-03-25 22:52:29 +0100: Memory Usage (461784K) : rfmem_drw has 0 polygons
2026-03-25 22:52:29 +0100: Memory Usage (462048K) : norcx_drw has 0 polygons
2026-03-25 22:52:29 +0100: Memory Usage (462048K) : norcx_m2m3 has 0 polygons
2026-03-25 22:52:29 +0100: Memory Usage (462048K) : norcx_m2m4 has 0 polygons
2026-03-25 22:52:29 +0100: Memory Usage (462312K) : norcx_m2m5 has 0 polygons
2026-03-25 22:52:29 +0100: Memory Usage (462312K) : norcx_m2tm1 has 0 polygons
2026-03-25 22:52:29 +0100: Memory Usage (462312K) : norcx_m2tm2 has 0 polygons
2026-03-25 22:52:29 +0100: Memory Usage (462312K) : norcx_m3m4 has 0 polygons
2026-03-25 22:52:29 +0100: Memory Usage (462576K) : norcx_m3m5 has 0 polygons
2026-03-25 22:52:29 +0100: Memory Usage (462576K) : norcx_m3tm1 has 0 polygons
2026-03-25 22:52:29 +0100: Memory Usage (462576K) : norcx_m3tm2 has 0 polygons
2026-03-25 22:52:29 +0100: Memory Usage (462840K) : norcx_m4m5 has 0 polygons
2026-03-25 22:52:29 +0100: Memory Usage (462840K) : norcx_m4tm1 has 0 polygons
2026-03-25 22:52:29 +0100: Memory Usage (463104K) : norcx_m4tm2 has 0 polygons
2026-03-25 22:52:29 +0100: Memory Usage (463104K) : norcx_m5tm1 has 0 polygons
2026-03-25 22:52:29 +0100: Memory Usage (463104K) : norcx_m5tm2 has 0 polygons
2026-03-25 22:52:29 +0100: Memory Usage (463368K) : norcx_tm1tm2 has 0 polygons
2026-03-25 22:52:29 +0100: Memory Usage (463368K) : norcx_m1sub has 0 polygons
2026-03-25 22:52:29 +0100: Memory Usage (463368K) : norcx_m2sub has 0 polygons
2026-03-25 22:52:29 +0100: Memory Usage (463632K) : norcx_m3sub has 0 polygons
2026-03-25 22:52:29 +0100: Memory Usage (463632K) : norcx_m4sub has 0 polygons
2026-03-25 22:52:29 +0100: Memory Usage (463632K) : norcx_m5sub has 0 polygons
2026-03-25 22:52:29 +0100: Memory Usage (463896K) : norcx_tm1sub has 0 polygons
2026-03-25 22:52:29 +0100: Memory Usage (463896K) : norcx_tm2sub has 0 polygons
2026-03-25 22:52:29 +0100: Memory Usage (463896K) : snsbotvia_drw has 0 polygons
2026-03-25 22:52:29 +0100: Memory Usage (463896K) : snstopvia_drw has 0 polygons
2026-03-25 22:52:29 +0100: Memory Usage (464160K) : deepvia_drw has 0 polygons
2026-03-25 22:52:29 +0100: Memory Usage (464160K) : fgetch_drw has 0 polygons
2026-03-25 22:52:29 +0100: Memory Usage (464160K) : ctrgat_drw has 0 polygons
2026-03-25 22:52:29 +0100: Memory Usage (464424K) : fgimp_drw has 0 polygons
2026-03-25 22:52:29 +0100: Memory Usage (464424K) : emwihv_drw has 0 polygons
2026-03-25 22:52:29 +0100: Memory Usage (464424K) : lbe_drw has 0 polygons
2026-03-25 22:52:29 +0100: Memory Usage (464688K) : alcustop_drw has 0 polygons
2026-03-25 22:52:29 +0100: Memory Usage (464688K) : nometfiller_drw has 0 polygons
2026-03-25 22:52:29 +0100: Memory Usage (464688K) : prboundary_drw has 0 polygons
2026-03-25 22:52:29 +0100: Memory Usage (464688K) : exchange0_drw has 0 polygons
2026-03-25 22:52:29 +0100: Memory Usage (464952K) : exchange0_pin has 0 polygons
2026-03-25 22:52:29 +0100: Memory Usage (464952K) : exchange0_text has 0 polygons
2026-03-25 22:52:29 +0100: Memory Usage (464952K) : exchange1_drw has 0 polygons
2026-03-25 22:52:29 +0100: Memory Usage (464952K) : exchange1_pin has 0 polygons
2026-03-25 22:52:29 +0100: Memory Usage (465216K) : exchange1_text has 0 polygons
2026-03-25 22:52:29 +0100: Memory Usage (465216K) : exchange2_drw has 0 polygons
2026-03-25 22:52:29 +0100: Memory Usage (465216K) : exchange2_pin has 0 polygons
2026-03-25 22:52:29 +0100: Memory Usage (465216K) : exchange2_text has 0 polygons
2026-03-25 22:52:29 +0100: Memory Usage (465480K) : exchange3_drw has 0 polygons
2026-03-25 22:52:29 +0100: Memory Usage (465480K) : exchange3_pin has 0 polygons
2026-03-25 22:52:29 +0100: Memory Usage (465480K) : exchange3_text has 0 polygons
2026-03-25 22:52:29 +0100: Memory Usage (465480K) : exchange4_drw has 0 polygons
2026-03-25 22:52:29 +0100: Memory Usage (465480K) : exchange4_pin has 0 polygons
2026-03-25 22:52:29 +0100: Memory Usage (465480K) : exchange4_text has 0 polygons
2026-03-25 22:52:29 +0100: Memory Usage (465480K) : isonwell_drw has 0 polygons
2026-03-25 22:52:29 +0100: Memory Usage (465480K) : Total no. of polygons in the design is 55451
2026-03-25 22:52:29 +0100: Memory Usage (465480K) : Loaded TECH DRC rules values from /foss/pdks/ihp-sg13g2/libs.tech/klayout/python/sg13g2_pycell_lib/sg13g2_tech_mod.json
2026-03-25 22:52:29 +0100: Memory Usage (465480K) : Loaded default DRC rules values from /foss/pdks/ihp-sg13g2/libs.tech/klayout/tech/drc/rule_decks/sg13g2_tech_default.json
2026-03-25 22:52:29 +0100: Memory Usage (465480K) : The following rules values were missing in tech json and default values were used:
2026-03-25 22:52:29 +0100: Memory Usage (465480K) :   - Cnt_c_digibnd
2026-03-25 22:52:29 +0100: Memory Usage (465480K) : Total area of the design is 54805.149724999996 um^2.
2026-03-25 22:52:29 +0100: Memory Usage (465480K) : The design dimensions are 309.90500000000003 µm * 176.845 µm.
2026-03-25 22:52:29 +0100: Memory Usage (465480K) : Starting general IHP-SG13G2 derivations.
2026-03-25 22:52:29 +0100: Memory Usage (465480K) : Starting Pwell derivations
2026-03-25 22:52:29 +0100: Memory Usage (465480K) : Starting IHP-SG13G2 DRC rules.
2026-03-25 22:52:29 +0100: Memory Usage (465480K) : Starting 6.11 MIM table
2026-03-25 22:52:29 +0100: Memory Usage (465480K) : Executing rule MIM.c
2026-03-25 22:52:29 +0100: Memory Usage (465480K) : Executing rule MIM.d
2026-03-25 22:52:29 +0100: Memory Usage (465480K) : Executing rule MIM.gR
2026-03-25 22:52:29 +0100: Memory Usage (465480K) : KLayout DRC run for tables 'mim' completed in 0.98 seconds
