# Logfile created on 2026-03-25 22:52:25 +0100 by logger.rb/v1.5.3
2026-03-25 22:52:25 +0100: Memory Usage (436992K) : Starting running IHP-SG13G2 KLayout DRC runset on /foss/designs/Design/xschem/IHP__OPA2251/OPA2251-main/layout/klayout/HPA.gds
2026-03-25 22:52:25 +0100: Memory Usage (436992K) : Ruby Version for klayout: 3.2.3
2026-03-25 22:52:25 +0100: Memory Usage (438980K) : Loading database to memory is complete.
2026-03-25 22:52:25 +0100: Memory Usage (438980K) : IHP-SG13G2 KLayout DRC runset output at: /foss/designs/Design/xschem/IHP__OPA2251/OPA2251-main/layout/klayout/drc_run_HPA/HPA_HPA_topmetal1filler.lyrdb
2026-03-25 22:52:25 +0100: Memory Usage (438980K) : Evaluate switches.
2026-03-25 22:52:25 +0100: Memory Usage (438980K) : tables selected: topmetal1filler
2026-03-25 22:52:25 +0100: Memory Usage (438980K) : KLayout will use 4 thread(s) in tiled mode.
2026-03-25 22:52:25 +0100: Memory Usage (438980K) : flat mode is enabled.
2026-03-25 22:52:25 +0100: Memory Usage (438980K) : FEOL enabled: false
2026-03-25 22:52:25 +0100: Memory Usage (438980K) : BEOL enabled: false
2026-03-25 22:52:25 +0100: Memory Usage (438980K) : OFFGRID enabled: true
2026-03-25 22:52:25 +0100: Memory Usage (438980K) : PIN enabled: false
2026-03-25 22:52:25 +0100: Memory Usage (438980K) : FORBIDDEN enabled: false
2026-03-25 22:52:25 +0100: Memory Usage (438980K) : RECOMMENDED enabled: true
2026-03-25 22:52:25 +0100: Memory Usage (438980K) : PreCheck DRC enabled: false
2026-03-25 22:52:25 +0100: Memory Usage (438980K) : CONNECTIVITY_RULES enabled: false.
2026-03-25 22:52:25 +0100: Memory Usage (438980K) : Read in polygons from layers.
2026-03-25 22:52:25 +0100: Memory Usage (441552K) : activ_drw has 198 polygons
2026-03-25 22:52:25 +0100: Memory Usage (441552K) : activ_pin has 0 polygons
2026-03-25 22:52:25 +0100: Memory Usage (441552K) : activ_mask has 0 polygons
2026-03-25 22:52:25 +0100: Memory Usage (441552K) : activ_filler has 0 polygons
2026-03-25 22:52:25 +0100: Memory Usage (441552K) : activ_nofill has 0 polygons
2026-03-25 22:52:25 +0100: Memory Usage (441552K) : activ_opc has 0 polygons
2026-03-25 22:52:25 +0100: Memory Usage (441552K) : activ_iopc has 0 polygons
2026-03-25 22:52:25 +0100: Memory Usage (441552K) : activ_noqrc has 0 polygons
2026-03-25 22:52:25 +0100: Memory Usage (441552K) : biwind_drw has 0 polygons
2026-03-25 22:52:25 +0100: Memory Usage (441552K) : biwind_opc has 0 polygons
2026-03-25 22:52:25 +0100: Memory Usage (441552K) : pemwind_drw has 0 polygons
2026-03-25 22:52:25 +0100: Memory Usage (442836K) : gatpoly_drw has 108 polygons
2026-03-25 22:52:25 +0100: Memory Usage (442884K) : gatpoly_pin has 124 polygons
2026-03-25 22:52:25 +0100: Memory Usage (442884K) : gatpoly_filler has 0 polygons
2026-03-25 22:52:25 +0100: Memory Usage (442884K) : gatpoly_nofill has 0 polygons
2026-03-25 22:52:25 +0100: Memory Usage (442884K) : gatpoly_opc has 0 polygons
2026-03-25 22:52:25 +0100: Memory Usage (442884K) : gatpoly_iopc has 0 polygons
2026-03-25 22:52:25 +0100: Memory Usage (442884K) : gatpoly_noqrc has 0 polygons
2026-03-25 22:52:26 +0100: Memory Usage (449216K) : cont_drw has 16803 polygons
2026-03-25 22:52:26 +0100: Memory Usage (449216K) : cont_opc has 0 polygons
2026-03-25 22:52:26 +0100: Memory Usage (449216K) : nsd_drw has 0 polygons
2026-03-25 22:52:26 +0100: Memory Usage (449216K) : nsd_block has 0 polygons
2026-03-25 22:52:26 +0100: Memory Usage (449216K) : metal1_drw has 390 polygons
2026-03-25 22:52:26 +0100: Memory Usage (449216K) : metal1_pin has 515 polygons
2026-03-25 22:52:26 +0100: Memory Usage (449216K) : metal1_mask has 0 polygons
2026-03-25 22:52:26 +0100: Memory Usage (449216K) : metal1_filler has 0 polygons
2026-03-25 22:52:26 +0100: Memory Usage (449216K) : metal1_nofill has 0 polygons
2026-03-25 22:52:26 +0100: Memory Usage (449248K) : metal1_slit has 0 polygons
2026-03-25 22:52:26 +0100: Memory Usage (449248K) : metal1_text has 0 polygons
2026-03-25 22:52:26 +0100: Memory Usage (449248K) : metal1_opc has 0 polygons
2026-03-25 22:52:26 +0100: Memory Usage (449248K) : metal1_noqrc has 0 polygons
2026-03-25 22:52:26 +0100: Memory Usage (449248K) : metal1_res has 0 polygons
2026-03-25 22:52:26 +0100: Memory Usage (449248K) : metal1_iprobe has 0 polygons
2026-03-25 22:52:26 +0100: Memory Usage (449248K) : metal1_diffprb has 0 polygons
2026-03-25 22:52:26 +0100: Memory Usage (449248K) : passiv_drw has 0 polygons
2026-03-25 22:52:26 +0100: Memory Usage (449248K) : passiv_pin has 0 polygons
2026-03-25 22:52:26 +0100: Memory Usage (449248K) : passiv_sbump has 0 polygons
2026-03-25 22:52:26 +0100: Memory Usage (449248K) : passiv_pillar has 0 polygons
2026-03-25 22:52:26 +0100: Memory Usage (449248K) : passiv_pdl has 0 polygons
2026-03-25 22:52:26 +0100: Memory Usage (449248K) : metal2_drw has 95 polygons
2026-03-25 22:52:26 +0100: Memory Usage (449248K) : metal2_pin has 11 polygons
2026-03-25 22:52:26 +0100: Memory Usage (449248K) : metal2_mask has 0 polygons
2026-03-25 22:52:26 +0100: Memory Usage (449436K) : metal2_filler has 0 polygons
2026-03-25 22:52:26 +0100: Memory Usage (449436K) : metal2_nofill has 0 polygons
2026-03-25 22:52:26 +0100: Memory Usage (449436K) : metal2_slit has 0 polygons
2026-03-25 22:52:26 +0100: Memory Usage (449436K) : metal2_text has 0 polygons
2026-03-25 22:52:26 +0100: Memory Usage (449436K) : metal2_opc has 0 polygons
2026-03-25 22:52:26 +0100: Memory Usage (449436K) : metal2_noqrc has 0 polygons
2026-03-25 22:52:26 +0100: Memory Usage (449436K) : metal2_res has 0 polygons
2026-03-25 22:52:26 +0100: Memory Usage (449500K) : metal2_iprobe has 0 polygons
2026-03-25 22:52:26 +0100: Memory Usage (449500K) : metal2_diffprb has 0 polygons
2026-03-25 22:52:26 +0100: Memory Usage (449564K) : baspoly_drw has 0 polygons
2026-03-25 22:52:26 +0100: Memory Usage (449564K) : baspoly_pin has 0 polygons
2026-03-25 22:52:26 +0100: Memory Usage (449564K) : psd_drw has 24 polygons
2026-03-25 22:52:26 +0100: Memory Usage (449564K) : nldb_drw has 0 polygons
2026-03-25 22:52:26 +0100: Memory Usage (449564K) : digibnd_drw has 0 polygons
2026-03-25 22:52:26 +0100: Memory Usage (451672K) : via1_drw has 9590 polygons
2026-03-25 22:52:26 +0100: Memory Usage (451780K) : backmetal1_drw has 0 polygons
2026-03-25 22:52:26 +0100: Memory Usage (451780K) : backmetal1_pin has 0 polygons
2026-03-25 22:52:26 +0100: Memory Usage (451780K) : backmetal1_mask has 0 polygons
2026-03-25 22:52:26 +0100: Memory Usage (451844K) : backmetal1_filler has 0 polygons
2026-03-25 22:52:26 +0100: Memory Usage (451844K) : backmetal1_nofill has 0 polygons
2026-03-25 22:52:26 +0100: Memory Usage (451844K) : backmetal1_slit has 0 polygons
2026-03-25 22:52:26 +0100: Memory Usage (451844K) : backmetal1_text has 0 polygons
2026-03-25 22:52:26 +0100: Memory Usage (451844K) : backmetal1_opc has 0 polygons
2026-03-25 22:52:26 +0100: Memory Usage (451844K) : backmetal1_noqrc has 0 polygons
2026-03-25 22:52:26 +0100: Memory Usage (451844K) : backmetal1_res has 0 polygons
2026-03-25 22:52:26 +0100: Memory Usage (451844K) : backmetal1_iprobe has 0 polygons
2026-03-25 22:52:26 +0100: Memory Usage (451844K) : backmetal1_diffprb has 0 polygons
2026-03-25 22:52:26 +0100: Memory Usage (451844K) : backpassiv_drw has 0 polygons
2026-03-25 22:52:26 +0100: Memory Usage (451844K) : res_drw has 0 polygons
2026-03-25 22:52:26 +0100: Memory Usage (451908K) : sram_drw has 0 polygons
2026-03-25 22:52:26 +0100: Memory Usage (451908K) : trans_drw has 0 polygons
2026-03-25 22:52:26 +0100: Memory Usage (451972K) : ind_drw has 0 polygons
2026-03-25 22:52:26 +0100: Memory Usage (451972K) : ind_pin has 0 polygons
2026-03-25 22:52:26 +0100: Memory Usage (451972K) : ind_text has 0 polygons
2026-03-25 22:52:26 +0100: Memory Usage (452232K) : salblock_drw has 7 polygons
2026-03-25 22:52:26 +0100: Memory Usage (454080K) : via2_drw has 7995 polygons
2026-03-25 22:52:26 +0100: Memory Usage (454080K) : metal3_drw has 67 polygons
2026-03-25 22:52:26 +0100: Memory Usage (454080K) : metal3_pin has 8 polygons
2026-03-25 22:52:26 +0100: Memory Usage (454080K) : metal3_mask has 0 polygons
2026-03-25 22:52:26 +0100: Memory Usage (454080K) : metal3_filler has 0 polygons
2026-03-25 22:52:26 +0100: Memory Usage (454080K) : metal3_nofill has 0 polygons
2026-03-25 22:52:26 +0100: Memory Usage (454176K) : metal3_slit has 0 polygons
2026-03-25 22:52:26 +0100: Memory Usage (454176K) : metal3_text has 0 polygons
2026-03-25 22:52:26 +0100: Memory Usage (454176K) : metal3_opc has 0 polygons
2026-03-25 22:52:26 +0100: Memory Usage (454176K) : metal3_noqrc has 0 polygons
2026-03-25 22:52:26 +0100: Memory Usage (454176K) : metal3_res has 0 polygons
2026-03-25 22:52:26 +0100: Memory Usage (454176K) : metal3_iprobe has 0 polygons
2026-03-25 22:52:26 +0100: Memory Usage (454420K) : metal3_diffprb has 0 polygons
2026-03-25 22:52:26 +0100: Memory Usage (454944K) : nwell_drw has 5 polygons
2026-03-25 22:52:26 +0100: Memory Usage (454944K) : nwell_pin has 0 polygons
2026-03-25 22:52:26 +0100: Memory Usage (454944K) : nbulay_drw has 0 polygons
2026-03-25 22:52:26 +0100: Memory Usage (454944K) : nbulay_pin has 0 polygons
2026-03-25 22:52:26 +0100: Memory Usage (454944K) : nbulay_block has 0 polygons
2026-03-25 22:52:26 +0100: Memory Usage (454944K) : emwind_drw has 0 polygons
2026-03-25 22:52:26 +0100: Memory Usage (454944K) : emwind_opc has 0 polygons
2026-03-25 22:52:26 +0100: Memory Usage (454944K) : deepco_drw has 0 polygons
2026-03-25 22:52:26 +0100: Memory Usage (454944K) : deepco_drw has 0 polygons
2026-03-25 22:52:26 +0100: Memory Usage (454944K) : mim_drw has 2 polygons
2026-03-25 22:52:26 +0100: Memory Usage (454944K) : edgeseal_drw has 0 polygons
2026-03-25 22:52:26 +0100: Memory Usage (454944K) : edgeseal_bound has 0 polygons
2026-03-25 22:52:26 +0100: Memory Usage (454944K) : substrate_drw has 723 polygons
2026-03-25 22:52:26 +0100: Memory Usage (454944K) : substrate_text has 0 polygons
2026-03-25 22:52:26 +0100: Memory Usage (454944K) : dfpad_drw has 0 polygons
2026-03-25 22:52:26 +0100: Memory Usage (454944K) : dfpad_pillar has 0 polygons
2026-03-25 22:52:26 +0100: Memory Usage (454944K) : dfpad_sbump has 0 polygons
2026-03-25 22:52:26 +0100: Memory Usage (454944K) : thickgateox_drw has 0 polygons
2026-03-25 22:52:26 +0100: Memory Usage (454944K) : pldb_drw has 0 polygons
2026-03-25 22:52:26 +0100: Memory Usage (454944K) : pwell_drw has 0 polygons
2026-03-25 22:52:26 +0100: Memory Usage (454944K) : pwell_pin has 0 polygons
2026-03-25 22:52:26 +0100: Memory Usage (454944K) : pwell_block has 0 polygons
2026-03-25 22:52:26 +0100: Memory Usage (454944K) : ic_drw has 0 polygons
2026-03-25 22:52:26 +0100: Memory Usage (455736K) : via3_drw has 7005 polygons
2026-03-25 22:52:26 +0100: Memory Usage (455736K) : metal4_drw has 40 polygons
2026-03-25 22:52:26 +0100: Memory Usage (455736K) : metal4_pin has 3 polygons
2026-03-25 22:52:26 +0100: Memory Usage (455736K) : metal4_mask has 0 polygons
2026-03-25 22:52:26 +0100: Memory Usage (455736K) : metal4_filler has 0 polygons
2026-03-25 22:52:26 +0100: Memory Usage (455736K) : metal4_nofill has 0 polygons
2026-03-25 22:52:26 +0100: Memory Usage (455736K) : metal4_slit has 0 polygons
2026-03-25 22:52:26 +0100: Memory Usage (455736K) : metal4_text has 0 polygons
2026-03-25 22:52:26 +0100: Memory Usage (455736K) : metal4_opc has 0 polygons
2026-03-25 22:52:26 +0100: Memory Usage (455736K) : metal4_noqrc has 0 polygons
2026-03-25 22:52:26 +0100: Memory Usage (455736K) : metal4_res has 0 polygons
2026-03-25 22:52:26 +0100: Memory Usage (455736K) : metal4_iprobe has 0 polygons
2026-03-25 22:52:26 +0100: Memory Usage (455736K) : metal4_diffprb has 0 polygons
2026-03-25 22:52:26 +0100: Memory Usage (455736K) : heattrans_drw has 421 polygons
2026-03-25 22:52:26 +0100: Memory Usage (455736K) : heatres_drw has 7 polygons
2026-03-25 22:52:26 +0100: Memory Usage (455736K) : pempoly_drw has 0 polygons
2026-03-25 22:52:26 +0100: Memory Usage (455736K) : fbe_drw has 0 polygons
2026-03-25 22:52:26 +0100: Memory Usage (455736K) : empoly_drw has 0 polygons
2026-03-25 22:52:26 +0100: Memory Usage (455736K) : ldmos_drw has 0 polygons
2026-03-25 22:52:26 +0100: Memory Usage (455736K) : pbiwind_drw has 0 polygons
2026-03-25 22:52:26 +0100: Memory Usage (455736K) : digisub_drw has 0 polygons
2026-03-25 22:52:26 +0100: Memory Usage (455736K) : nodrc_drw has 0 polygons
2026-03-25 22:52:26 +0100: Memory Usage (455736K) : text_drw has 1107 polygons
2026-03-25 22:52:26 +0100: Memory Usage (456000K) : via4_drw has 6898 polygons
2026-03-25 22:52:26 +0100: Memory Usage (456000K) : metal5_drw has 32 polygons
2026-03-25 22:52:26 +0100: Memory Usage (456000K) : metal5_pin has 5 polygons
2026-03-25 22:52:26 +0100: Memory Usage (456000K) : metal5_mask has 0 polygons
2026-03-25 22:52:26 +0100: Memory Usage (456000K) : metal5_filler has 0 polygons
2026-03-25 22:52:26 +0100: Memory Usage (456000K) : metal5_nofill has 0 polygons
2026-03-25 22:52:26 +0100: Memory Usage (456000K) : metal5_slit has 0 polygons
2026-03-25 22:52:26 +0100: Memory Usage (456000K) : metal5_text has 1 polygons
2026-03-25 22:52:26 +0100: Memory Usage (456000K) : metal5_opc has 0 polygons
2026-03-25 22:52:26 +0100: Memory Usage (456000K) : metal5_noqrc has 0 polygons
2026-03-25 22:52:26 +0100: Memory Usage (456000K) : metal5_res has 0 polygons
2026-03-25 22:52:26 +0100: Memory Usage (456000K) : metal5_iprobe has 0 polygons
2026-03-25 22:52:26 +0100: Memory Usage (456000K) : metal5_diffprb has 0 polygons
2026-03-25 22:52:26 +0100: Memory Usage (456000K) : radhard_drw has 0 polygons
2026-03-25 22:52:26 +0100: Memory Usage (456000K) : memcap_drw has 0 polygons
2026-03-25 22:52:26 +0100: Memory Usage (456000K) : varicap_drw has 0 polygons
2026-03-25 22:52:26 +0100: Memory Usage (456000K) : flash_drw has 0 polygons
2026-03-25 22:52:26 +0100: Memory Usage (456000K) : intbondvia_drw has 0 polygons
2026-03-25 22:52:26 +0100: Memory Usage (456000K) : intbondmet_drw has 0 polygons
2026-03-25 22:52:26 +0100: Memory Usage (456000K) : devbondvia_drw has 0 polygons
2026-03-25 22:52:26 +0100: Memory Usage (456000K) : devbondmet_drw has 0 polygons
2026-03-25 22:52:26 +0100: Memory Usage (456000K) : devtrench_drw has 0 polygons
2026-03-25 22:52:26 +0100: Memory Usage (456000K) : redist_drw has 0 polygons
2026-03-25 22:52:26 +0100: Memory Usage (456000K) : graphbot_drw has 0 polygons
2026-03-25 22:52:26 +0100: Memory Usage (456000K) : graphtop_drw has 0 polygons
2026-03-25 22:52:26 +0100: Memory Usage (456000K) : antvia1_drw has 0 polygons
2026-03-25 22:52:26 +0100: Memory Usage (456000K) : antmetal2_drw has 0 polygons
2026-03-25 22:52:26 +0100: Memory Usage (456000K) : graphcont_drw has 0 polygons
2026-03-25 22:52:26 +0100: Memory Usage (456000K) : siwg_drw has 0 polygons
2026-03-25 22:52:26 +0100: Memory Usage (456000K) : siwg_filler has 0 polygons
2026-03-25 22:52:26 +0100: Memory Usage (456000K) : siwg_nofill has 0 polygons
2026-03-25 22:52:26 +0100: Memory Usage (456000K) : sigrating_drw has 0 polygons
2026-03-25 22:52:26 +0100: Memory Usage (456000K) : singrating_drw has 0 polygons
2026-03-25 22:52:26 +0100: Memory Usage (456000K) : graphpas_drw has 0 polygons
2026-03-25 22:52:26 +0100: Memory Usage (456000K) : emwind3_drw has 0 polygons
2026-03-25 22:52:26 +0100: Memory Usage (456000K) : emwihv3_drw has 0 polygons
2026-03-25 22:52:26 +0100: Memory Usage (456000K) : redbulay_drw has 0 polygons
2026-03-25 22:52:26 +0100: Memory Usage (456000K) : smos_drw has 0 polygons
2026-03-25 22:52:26 +0100: Memory Usage (456000K) : graphpad_drw has 0 polygons
2026-03-25 22:52:26 +0100: Memory Usage (456000K) : polimide_drw has 0 polygons
2026-03-25 22:52:26 +0100: Memory Usage (456000K) : polimide_pin has 0 polygons
2026-03-25 22:52:26 +0100: Memory Usage (456000K) : recog_drw has 0 polygons
2026-03-25 22:52:26 +0100: Memory Usage (456000K) : recog_pin has 0 polygons
2026-03-25 22:52:26 +0100: Memory Usage (456000K) : recog_esd has 0 polygons
2026-03-25 22:52:26 +0100: Memory Usage (456000K) : recog_diode has 0 polygons
2026-03-25 22:52:26 +0100: Memory Usage (456000K) : recog_tsv has 0 polygons
2026-03-25 22:52:26 +0100: Memory Usage (456000K) : recog_iprobe has 0 polygons
2026-03-25 22:52:26 +0100: Memory Usage (456000K) : recog_diffprb has 0 polygons
2026-03-25 22:52:26 +0100: Memory Usage (456000K) : recog_pillar has 0 polygons
2026-03-25 22:52:26 +0100: Memory Usage (456000K) : recog_sbump has 0 polygons
2026-03-25 22:52:26 +0100: Memory Usage (456000K) : recog_otp has 0 polygons
2026-03-25 22:52:26 +0100: Memory Usage (456000K) : recog_pdiode has 0 polygons
2026-03-25 22:52:26 +0100: Memory Usage (456000K) : recog_mom has 0 polygons
2026-03-25 22:52:26 +0100: Memory Usage (456000K) : recog_pcm has 0 polygons
2026-03-25 22:52:26 +0100: Memory Usage (456000K) : colopen_drw has 0 polygons
2026-03-25 22:52:26 +0100: Memory Usage (456000K) : graphmetal1_drw has 0 polygons
2026-03-25 22:52:26 +0100: Memory Usage (456000K) : graphmetal1_filler has 0 polygons
2026-03-25 22:52:26 +0100: Memory Usage (456000K) : graphmetal1_nofill has 0 polygons
2026-03-25 22:52:26 +0100: Memory Usage (456000K) : graphmetal1_slit has 0 polygons
2026-03-25 22:52:26 +0100: Memory Usage (456000K) : graphmetal1_opc has 0 polygons
2026-03-25 22:52:26 +0100: Memory Usage (456000K) : graphmet1l_drw has 0 polygons
2026-03-25 22:52:26 +0100: Memory Usage (456000K) : graphmet1l_filler has 0 polygons
2026-03-25 22:52:26 +0100: Memory Usage (456000K) : graphmet1l_nofill has 0 polygons
2026-03-25 22:52:26 +0100: Memory Usage (456000K) : graphmet1l_slit has 0 polygons
2026-03-25 22:52:26 +0100: Memory Usage (456000K) : graphmet1l_opc has 0 polygons
2026-03-25 22:52:26 +0100: Memory Usage (456264K) : extblock_drw has 5 polygons
2026-03-25 22:52:26 +0100: Memory Usage (456264K) : nldd_drw has 0 polygons
2026-03-25 22:52:26 +0100: Memory Usage (456264K) : pldd_drw has 0 polygons
2026-03-25 22:52:26 +0100: Memory Usage (456528K) : next_drw has 0 polygons
2026-03-25 22:52:26 +0100: Memory Usage (456528K) : pext_drw has 0 polygons
2026-03-25 22:52:26 +0100: Memory Usage (456528K) : nexthv_drw has 0 polygons
2026-03-25 22:52:26 +0100: Memory Usage (456792K) : pexthv_drw has 0 polygons
2026-03-25 22:52:26 +0100: Memory Usage (456792K) : graphgate_drw has 0 polygons
2026-03-25 22:52:26 +0100: Memory Usage (457056K) : sinwg_drw has 0 polygons
2026-03-25 22:52:26 +0100: Memory Usage (457056K) : sinwg_filler has 0 polygons
2026-03-25 22:52:26 +0100: Memory Usage (457056K) : sinwg_nofill has 0 polygons
2026-03-25 22:52:26 +0100: Memory Usage (457320K) : mempad_drw has 0 polygons
2026-03-25 22:52:26 +0100: Memory Usage (457584K) : topvia1_drw has 1720 polygons
2026-03-25 22:52:26 +0100: Memory Usage (457848K) : topmetal1_drw has 13 polygons
2026-03-25 22:52:26 +0100: Memory Usage (457848K) : topmetal1_pin has 15 polygons
2026-03-25 22:52:26 +0100: Memory Usage (457848K) : topmetal1_mask has 0 polygons
2026-03-25 22:52:26 +0100: Memory Usage (457848K) : topmetal1_filler has 0 polygons
2026-03-25 22:52:26 +0100: Memory Usage (457848K) : topmetal1_nofill has 0 polygons
2026-03-25 22:52:26 +0100: Memory Usage (458112K) : topmetal1_slit has 0 polygons
2026-03-25 22:52:26 +0100: Memory Usage (458112K) : topmetal1_text has 5 polygons
2026-03-25 22:52:26 +0100: Memory Usage (458112K) : topmetal1_noqrc has 0 polygons
2026-03-25 22:52:26 +0100: Memory Usage (458376K) : topmetal1_res has 0 polygons
2026-03-25 22:52:26 +0100: Memory Usage (458376K) : topmetal1_iprobe has 0 polygons
2026-03-25 22:52:26 +0100: Memory Usage (458376K) : topmetal1_diffprb has 0 polygons
2026-03-25 22:52:26 +0100: Memory Usage (458640K) : inldpwl_drw has 0 polygons
2026-03-25 22:52:26 +0100: Memory Usage (458640K) : polyres_drw has 7 polygons
2026-03-25 22:52:26 +0100: Memory Usage (458904K) : polyres_pin has 0 polygons
2026-03-25 22:52:26 +0100: Memory Usage (458904K) : vmim_drw has 578 polygons
2026-03-25 22:52:26 +0100: Memory Usage (459168K) : nbulaycut_drw has 0 polygons
2026-03-25 22:52:26 +0100: Memory Usage (459168K) : antmetal1_drw has 0 polygons
2026-03-25 22:52:26 +0100: Memory Usage (459432K) : topvia2_drw has 916 polygons
2026-03-25 22:52:26 +0100: Memory Usage (459432K) : topmetal2_drw has 4 polygons
2026-03-25 22:52:26 +0100: Memory Usage (459432K) : topmetal2_pin has 2 polygons
2026-03-25 22:52:26 +0100: Memory Usage (459696K) : topmetal2_mask has 0 polygons
2026-03-25 22:52:26 +0100: Memory Usage (459696K) : topmetal2_filler has 0 polygons
2026-03-25 22:52:26 +0100: Memory Usage (459696K) : topmetal2_nofill has 0 polygons
2026-03-25 22:52:26 +0100: Memory Usage (459960K) : topmetal2_slit has 0 polygons
2026-03-25 22:52:26 +0100: Memory Usage (459960K) : topmetal2_text has 2 polygons
2026-03-25 22:52:26 +0100: Memory Usage (459960K) : topmetal2_noqrc has 0 polygons
2026-03-25 22:52:26 +0100: Memory Usage (460224K) : topmetal2_res has 0 polygons
2026-03-25 22:52:26 +0100: Memory Usage (460224K) : topmetal2_iprobe has 0 polygons
2026-03-25 22:52:26 +0100: Memory Usage (460488K) : topmetal2_diffprb has 0 polygons
2026-03-25 22:52:26 +0100: Memory Usage (460488K) : snsring_drw has 0 polygons
2026-03-25 22:52:26 +0100: Memory Usage (460488K) : sensor_drw has 0 polygons
2026-03-25 22:52:26 +0100: Memory Usage (460752K) : snsarms_drw has 0 polygons
2026-03-25 22:52:26 +0100: Memory Usage (460752K) : snscmosvia_drw has 0 polygons
2026-03-25 22:52:26 +0100: Memory Usage (461016K) : colwind_drw has 0 polygons
2026-03-25 22:52:26 +0100: Memory Usage (461016K) : flm_drw has 0 polygons
2026-03-25 22:52:26 +0100: Memory Usage (461016K) : hafniumox_drw has 0 polygons
2026-03-25 22:52:26 +0100: Memory Usage (461280K) : memvia_drw has 0 polygons
2026-03-25 22:52:26 +0100: Memory Usage (461280K) : thinfilmres_drw has 0 polygons
2026-03-25 22:52:26 +0100: Memory Usage (461280K) : rfmem_drw has 0 polygons
2026-03-25 22:52:26 +0100: Memory Usage (461544K) : norcx_drw has 0 polygons
2026-03-25 22:52:26 +0100: Memory Usage (461544K) : norcx_m2m3 has 0 polygons
2026-03-25 22:52:26 +0100: Memory Usage (461544K) : norcx_m2m4 has 0 polygons
2026-03-25 22:52:26 +0100: Memory Usage (461808K) : norcx_m2m5 has 0 polygons
2026-03-25 22:52:26 +0100: Memory Usage (461808K) : norcx_m2tm1 has 0 polygons
2026-03-25 22:52:26 +0100: Memory Usage (461808K) : norcx_m2tm2 has 0 polygons
2026-03-25 22:52:26 +0100: Memory Usage (462072K) : norcx_m3m4 has 0 polygons
2026-03-25 22:52:26 +0100: Memory Usage (462072K) : norcx_m3m5 has 0 polygons
2026-03-25 22:52:26 +0100: Memory Usage (462072K) : norcx_m3tm1 has 0 polygons
2026-03-25 22:52:26 +0100: Memory Usage (462072K) : norcx_m3tm2 has 0 polygons
2026-03-25 22:52:26 +0100: Memory Usage (462336K) : norcx_m4m5 has 0 polygons
2026-03-25 22:52:26 +0100: Memory Usage (462336K) : norcx_m4tm1 has 0 polygons
2026-03-25 22:52:26 +0100: Memory Usage (462336K) : norcx_m4tm2 has 0 polygons
2026-03-25 22:52:26 +0100: Memory Usage (462600K) : norcx_m5tm1 has 0 polygons
2026-03-25 22:52:26 +0100: Memory Usage (462600K) : norcx_m5tm2 has 0 polygons
2026-03-25 22:52:26 +0100: Memory Usage (462600K) : norcx_tm1tm2 has 0 polygons
2026-03-25 22:52:26 +0100: Memory Usage (462600K) : norcx_m1sub has 0 polygons
2026-03-25 22:52:26 +0100: Memory Usage (462864K) : norcx_m2sub has 0 polygons
2026-03-25 22:52:26 +0100: Memory Usage (462864K) : norcx_m3sub has 0 polygons
2026-03-25 22:52:26 +0100: Memory Usage (462864K) : norcx_m4sub has 0 polygons
2026-03-25 22:52:26 +0100: Memory Usage (463128K) : norcx_m5sub has 0 polygons
2026-03-25 22:52:26 +0100: Memory Usage (463128K) : norcx_tm1sub has 0 polygons
2026-03-25 22:52:26 +0100: Memory Usage (463128K) : norcx_tm2sub has 0 polygons
2026-03-25 22:52:26 +0100: Memory Usage (463392K) : snsbotvia_drw has 0 polygons
2026-03-25 22:52:26 +0100: Memory Usage (463392K) : snstopvia_drw has 0 polygons
2026-03-25 22:52:26 +0100: Memory Usage (463656K) : deepvia_drw has 0 polygons
2026-03-25 22:52:26 +0100: Memory Usage (463656K) : fgetch_drw has 0 polygons
2026-03-25 22:52:26 +0100: Memory Usage (463656K) : ctrgat_drw has 0 polygons
2026-03-25 22:52:26 +0100: Memory Usage (463920K) : fgimp_drw has 0 polygons
2026-03-25 22:52:26 +0100: Memory Usage (463920K) : emwihv_drw has 0 polygons
2026-03-25 22:52:26 +0100: Memory Usage (463920K) : lbe_drw has 0 polygons
2026-03-25 22:52:26 +0100: Memory Usage (464184K) : alcustop_drw has 0 polygons
2026-03-25 22:52:26 +0100: Memory Usage (464184K) : nometfiller_drw has 0 polygons
2026-03-25 22:52:26 +0100: Memory Usage (464184K) : prboundary_drw has 0 polygons
2026-03-25 22:52:26 +0100: Memory Usage (464184K) : exchange0_drw has 0 polygons
2026-03-25 22:52:26 +0100: Memory Usage (464448K) : exchange0_pin has 0 polygons
2026-03-25 22:52:26 +0100: Memory Usage (464448K) : exchange0_text has 0 polygons
2026-03-25 22:52:26 +0100: Memory Usage (464448K) : exchange1_drw has 0 polygons
2026-03-25 22:52:26 +0100: Memory Usage (464448K) : exchange1_pin has 0 polygons
2026-03-25 22:52:26 +0100: Memory Usage (464712K) : exchange1_text has 0 polygons
2026-03-25 22:52:26 +0100: Memory Usage (464712K) : exchange2_drw has 0 polygons
2026-03-25 22:52:26 +0100: Memory Usage (464712K) : exchange2_pin has 0 polygons
2026-03-25 22:52:26 +0100: Memory Usage (464712K) : exchange2_text has 0 polygons
2026-03-25 22:52:26 +0100: Memory Usage (464976K) : exchange3_drw has 0 polygons
2026-03-25 22:52:26 +0100: Memory Usage (464976K) : exchange3_pin has 0 polygons
2026-03-25 22:52:26 +0100: Memory Usage (464976K) : exchange3_text has 0 polygons
2026-03-25 22:52:26 +0100: Memory Usage (464976K) : exchange4_drw has 0 polygons
2026-03-25 22:52:26 +0100: Memory Usage (465240K) : exchange4_pin has 0 polygons
2026-03-25 22:52:26 +0100: Memory Usage (465240K) : exchange4_text has 0 polygons
2026-03-25 22:52:26 +0100: Memory Usage (465240K) : isonwell_drw has 0 polygons
2026-03-25 22:52:26 +0100: Memory Usage (465240K) : Total no. of polygons in the design is 55451
2026-03-25 22:52:26 +0100: Memory Usage (465240K) : Loaded TECH DRC rules values from /foss/pdks/ihp-sg13g2/libs.tech/klayout/python/sg13g2_pycell_lib/sg13g2_tech_mod.json
2026-03-25 22:52:26 +0100: Memory Usage (465240K) : Loaded default DRC rules values from /foss/pdks/ihp-sg13g2/libs.tech/klayout/tech/drc/rule_decks/sg13g2_tech_default.json
2026-03-25 22:52:26 +0100: Memory Usage (465240K) : The following rules values were missing in tech json and default values were used:
2026-03-25 22:52:26 +0100: Memory Usage (465240K) :   - Cnt_c_digibnd
2026-03-25 22:52:26 +0100: Memory Usage (465240K) : Total area of the design is 54805.149724999996 um^2.
2026-03-25 22:52:26 +0100: Memory Usage (465240K) : The design dimensions are 309.90500000000003 µm * 176.845 µm.
2026-03-25 22:52:26 +0100: Memory Usage (465240K) : Starting general IHP-SG13G2 derivations.
2026-03-25 22:52:26 +0100: Memory Usage (465240K) : Starting Pwell derivations
2026-03-25 22:52:26 +0100: Memory Usage (465240K) : Starting IHP-SG13G2 DRC rules.
2026-03-25 22:52:26 +0100: Memory Usage (465240K) : Starting 5.23 TopMetal1:filler table
2026-03-25 22:52:26 +0100: Memory Usage (465240K) : Executing rule TM1Fil.c
2026-03-25 22:52:26 +0100: Memory Usage (465240K) : Executing rule TM1Fil.a1
2026-03-25 22:52:26 +0100: Memory Usage (465240K) : KLayout DRC run for tables 'topmetal1filler' completed in 0.98 seconds
