# Logfile created on 2026-03-25 22:52:22 +0100 by logger.rb/v1.5.3
2026-03-25 22:52:22 +0100: Memory Usage (437592K) : Starting running IHP-SG13G2 KLayout DRC runset on /foss/designs/Design/xschem/IHP__OPA2251/OPA2251-main/layout/klayout/HPA.gds
2026-03-25 22:52:22 +0100: Memory Usage (437592K) : Ruby Version for klayout: 3.2.3
2026-03-25 22:52:22 +0100: Memory Usage (439600K) : Loading database to memory is complete.
2026-03-25 22:52:22 +0100: Memory Usage (439876K) : IHP-SG13G2 KLayout DRC runset output at: /foss/designs/Design/xschem/IHP__OPA2251/OPA2251-main/layout/klayout/drc_run_HPA/HPA_HPA_gatpolyfiller.lyrdb
2026-03-25 22:52:22 +0100: Memory Usage (439876K) : Evaluate switches.
2026-03-25 22:52:22 +0100: Memory Usage (439876K) : tables selected: gatpolyfiller
2026-03-25 22:52:22 +0100: Memory Usage (439876K) : KLayout will use 4 thread(s) in tiled mode.
2026-03-25 22:52:22 +0100: Memory Usage (439876K) : flat mode is enabled.
2026-03-25 22:52:22 +0100: Memory Usage (439876K) : FEOL enabled: false
2026-03-25 22:52:22 +0100: Memory Usage (439876K) : BEOL enabled: false
2026-03-25 22:52:22 +0100: Memory Usage (439876K) : OFFGRID enabled: true
2026-03-25 22:52:22 +0100: Memory Usage (439876K) : PIN enabled: false
2026-03-25 22:52:22 +0100: Memory Usage (439876K) : FORBIDDEN enabled: false
2026-03-25 22:52:22 +0100: Memory Usage (439876K) : RECOMMENDED enabled: true
2026-03-25 22:52:22 +0100: Memory Usage (439876K) : PreCheck DRC enabled: false
2026-03-25 22:52:22 +0100: Memory Usage (439876K) : CONNECTIVITY_RULES enabled: false.
2026-03-25 22:52:22 +0100: Memory Usage (439876K) : Read in polygons from layers.
2026-03-25 22:52:22 +0100: Memory Usage (442352K) : activ_drw has 198 polygons
2026-03-25 22:52:22 +0100: Memory Usage (442352K) : activ_pin has 0 polygons
2026-03-25 22:52:22 +0100: Memory Usage (442352K) : activ_mask has 0 polygons
2026-03-25 22:52:22 +0100: Memory Usage (442352K) : activ_filler has 0 polygons
2026-03-25 22:52:22 +0100: Memory Usage (442352K) : activ_nofill has 0 polygons
2026-03-25 22:52:22 +0100: Memory Usage (442352K) : activ_opc has 0 polygons
2026-03-25 22:52:22 +0100: Memory Usage (442352K) : activ_iopc has 0 polygons
2026-03-25 22:52:22 +0100: Memory Usage (442352K) : activ_noqrc has 0 polygons
2026-03-25 22:52:22 +0100: Memory Usage (442352K) : biwind_drw has 0 polygons
2026-03-25 22:52:22 +0100: Memory Usage (442352K) : biwind_opc has 0 polygons
2026-03-25 22:52:22 +0100: Memory Usage (442352K) : pemwind_drw has 0 polygons
2026-03-25 22:52:22 +0100: Memory Usage (443260K) : gatpoly_drw has 108 polygons
2026-03-25 22:52:22 +0100: Memory Usage (443436K) : gatpoly_pin has 124 polygons
2026-03-25 22:52:22 +0100: Memory Usage (443436K) : gatpoly_filler has 0 polygons
2026-03-25 22:52:22 +0100: Memory Usage (443436K) : gatpoly_nofill has 0 polygons
2026-03-25 22:52:22 +0100: Memory Usage (443436K) : gatpoly_opc has 0 polygons
2026-03-25 22:52:22 +0100: Memory Usage (443436K) : gatpoly_iopc has 0 polygons
2026-03-25 22:52:22 +0100: Memory Usage (443436K) : gatpoly_noqrc has 0 polygons
2026-03-25 22:52:22 +0100: Memory Usage (449768K) : cont_drw has 16803 polygons
2026-03-25 22:52:22 +0100: Memory Usage (449768K) : cont_opc has 0 polygons
2026-03-25 22:52:22 +0100: Memory Usage (449768K) : nsd_drw has 0 polygons
2026-03-25 22:52:22 +0100: Memory Usage (449768K) : nsd_block has 0 polygons
2026-03-25 22:52:22 +0100: Memory Usage (449768K) : metal1_drw has 390 polygons
2026-03-25 22:52:22 +0100: Memory Usage (449768K) : metal1_pin has 515 polygons
2026-03-25 22:52:22 +0100: Memory Usage (449768K) : metal1_mask has 0 polygons
2026-03-25 22:52:22 +0100: Memory Usage (449768K) : metal1_filler has 0 polygons
2026-03-25 22:52:22 +0100: Memory Usage (449768K) : metal1_nofill has 0 polygons
2026-03-25 22:52:22 +0100: Memory Usage (449808K) : metal1_slit has 0 polygons
2026-03-25 22:52:22 +0100: Memory Usage (449808K) : metal1_text has 0 polygons
2026-03-25 22:52:22 +0100: Memory Usage (449808K) : metal1_opc has 0 polygons
2026-03-25 22:52:22 +0100: Memory Usage (449808K) : metal1_noqrc has 0 polygons
2026-03-25 22:52:22 +0100: Memory Usage (449808K) : metal1_res has 0 polygons
2026-03-25 22:52:22 +0100: Memory Usage (449808K) : metal1_iprobe has 0 polygons
2026-03-25 22:52:22 +0100: Memory Usage (449808K) : metal1_diffprb has 0 polygons
2026-03-25 22:52:22 +0100: Memory Usage (449808K) : passiv_drw has 0 polygons
2026-03-25 22:52:22 +0100: Memory Usage (449808K) : passiv_pin has 0 polygons
2026-03-25 22:52:22 +0100: Memory Usage (449808K) : passiv_sbump has 0 polygons
2026-03-25 22:52:22 +0100: Memory Usage (449808K) : passiv_pillar has 0 polygons
2026-03-25 22:52:22 +0100: Memory Usage (449808K) : passiv_pdl has 0 polygons
2026-03-25 22:52:22 +0100: Memory Usage (449808K) : metal2_drw has 95 polygons
2026-03-25 22:52:22 +0100: Memory Usage (449808K) : metal2_pin has 11 polygons
2026-03-25 22:52:22 +0100: Memory Usage (449808K) : metal2_mask has 0 polygons
2026-03-25 22:52:22 +0100: Memory Usage (449996K) : metal2_filler has 0 polygons
2026-03-25 22:52:22 +0100: Memory Usage (449996K) : metal2_nofill has 0 polygons
2026-03-25 22:52:22 +0100: Memory Usage (449996K) : metal2_slit has 0 polygons
2026-03-25 22:52:22 +0100: Memory Usage (449996K) : metal2_text has 0 polygons
2026-03-25 22:52:22 +0100: Memory Usage (449996K) : metal2_opc has 0 polygons
2026-03-25 22:52:22 +0100: Memory Usage (449996K) : metal2_noqrc has 0 polygons
2026-03-25 22:52:22 +0100: Memory Usage (449996K) : metal2_res has 0 polygons
2026-03-25 22:52:22 +0100: Memory Usage (450060K) : metal2_iprobe has 0 polygons
2026-03-25 22:52:22 +0100: Memory Usage (450060K) : metal2_diffprb has 0 polygons
2026-03-25 22:52:22 +0100: Memory Usage (450060K) : baspoly_drw has 0 polygons
2026-03-25 22:52:22 +0100: Memory Usage (450060K) : baspoly_pin has 0 polygons
2026-03-25 22:52:22 +0100: Memory Usage (450124K) : psd_drw has 24 polygons
2026-03-25 22:52:22 +0100: Memory Usage (450124K) : nldb_drw has 0 polygons
2026-03-25 22:52:22 +0100: Memory Usage (450124K) : digibnd_drw has 0 polygons
2026-03-25 22:52:23 +0100: Memory Usage (452232K) : via1_drw has 9590 polygons
2026-03-25 22:52:23 +0100: Memory Usage (452232K) : backmetal1_drw has 0 polygons
2026-03-25 22:52:23 +0100: Memory Usage (452340K) : backmetal1_pin has 0 polygons
2026-03-25 22:52:23 +0100: Memory Usage (452340K) : backmetal1_mask has 0 polygons
2026-03-25 22:52:23 +0100: Memory Usage (452404K) : backmetal1_filler has 0 polygons
2026-03-25 22:52:23 +0100: Memory Usage (452404K) : backmetal1_nofill has 0 polygons
2026-03-25 22:52:23 +0100: Memory Usage (452404K) : backmetal1_slit has 0 polygons
2026-03-25 22:52:23 +0100: Memory Usage (452404K) : backmetal1_text has 0 polygons
2026-03-25 22:52:23 +0100: Memory Usage (452404K) : backmetal1_opc has 0 polygons
2026-03-25 22:52:23 +0100: Memory Usage (452404K) : backmetal1_noqrc has 0 polygons
2026-03-25 22:52:23 +0100: Memory Usage (452404K) : backmetal1_res has 0 polygons
2026-03-25 22:52:23 +0100: Memory Usage (452404K) : backmetal1_iprobe has 0 polygons
2026-03-25 22:52:23 +0100: Memory Usage (452404K) : backmetal1_diffprb has 0 polygons
2026-03-25 22:52:23 +0100: Memory Usage (452404K) : backpassiv_drw has 0 polygons
2026-03-25 22:52:23 +0100: Memory Usage (452404K) : res_drw has 0 polygons
2026-03-25 22:52:23 +0100: Memory Usage (452468K) : sram_drw has 0 polygons
2026-03-25 22:52:23 +0100: Memory Usage (452468K) : trans_drw has 0 polygons
2026-03-25 22:52:23 +0100: Memory Usage (452532K) : ind_drw has 0 polygons
2026-03-25 22:52:23 +0100: Memory Usage (452532K) : ind_pin has 0 polygons
2026-03-25 22:52:23 +0100: Memory Usage (452532K) : ind_text has 0 polygons
2026-03-25 22:52:23 +0100: Memory Usage (452532K) : salblock_drw has 7 polygons
2026-03-25 22:52:23 +0100: Memory Usage (454640K) : via2_drw has 7995 polygons
2026-03-25 22:52:23 +0100: Memory Usage (454640K) : metal3_drw has 67 polygons
2026-03-25 22:52:23 +0100: Memory Usage (454640K) : metal3_pin has 8 polygons
2026-03-25 22:52:23 +0100: Memory Usage (454640K) : metal3_mask has 0 polygons
2026-03-25 22:52:23 +0100: Memory Usage (454640K) : metal3_filler has 0 polygons
2026-03-25 22:52:23 +0100: Memory Usage (454640K) : metal3_nofill has 0 polygons
2026-03-25 22:52:23 +0100: Memory Usage (454736K) : metal3_slit has 0 polygons
2026-03-25 22:52:23 +0100: Memory Usage (454736K) : metal3_text has 0 polygons
2026-03-25 22:52:23 +0100: Memory Usage (454736K) : metal3_opc has 0 polygons
2026-03-25 22:52:23 +0100: Memory Usage (454736K) : metal3_noqrc has 0 polygons
2026-03-25 22:52:23 +0100: Memory Usage (454736K) : metal3_res has 0 polygons
2026-03-25 22:52:23 +0100: Memory Usage (454736K) : metal3_iprobe has 0 polygons
2026-03-25 22:52:23 +0100: Memory Usage (455008K) : metal3_diffprb has 0 polygons
2026-03-25 22:52:23 +0100: Memory Usage (455532K) : nwell_drw has 5 polygons
2026-03-25 22:52:23 +0100: Memory Usage (455532K) : nwell_pin has 0 polygons
2026-03-25 22:52:23 +0100: Memory Usage (455532K) : nbulay_drw has 0 polygons
2026-03-25 22:52:23 +0100: Memory Usage (455532K) : nbulay_pin has 0 polygons
2026-03-25 22:52:23 +0100: Memory Usage (455724K) : nbulay_block has 0 polygons
2026-03-25 22:52:23 +0100: Memory Usage (455724K) : emwind_drw has 0 polygons
2026-03-25 22:52:23 +0100: Memory Usage (455724K) : emwind_opc has 0 polygons
2026-03-25 22:52:23 +0100: Memory Usage (455724K) : deepco_drw has 0 polygons
2026-03-25 22:52:23 +0100: Memory Usage (455984K) : deepco_drw has 0 polygons
2026-03-25 22:52:23 +0100: Memory Usage (455984K) : mim_drw has 2 polygons
2026-03-25 22:52:23 +0100: Memory Usage (455984K) : edgeseal_drw has 0 polygons
2026-03-25 22:52:23 +0100: Memory Usage (456248K) : edgeseal_bound has 0 polygons
2026-03-25 22:52:23 +0100: Memory Usage (456248K) : substrate_drw has 723 polygons
2026-03-25 22:52:23 +0100: Memory Usage (456512K) : substrate_text has 0 polygons
2026-03-25 22:52:23 +0100: Memory Usage (456512K) : dfpad_drw has 0 polygons
2026-03-25 22:52:23 +0100: Memory Usage (456700K) : dfpad_pillar has 0 polygons
2026-03-25 22:52:23 +0100: Memory Usage (456960K) : dfpad_sbump has 0 polygons
2026-03-25 22:52:23 +0100: Memory Usage (456960K) : thickgateox_drw has 0 polygons
2026-03-25 22:52:23 +0100: Memory Usage (457224K) : pldb_drw has 0 polygons
2026-03-25 22:52:23 +0100: Memory Usage (457224K) : pwell_drw has 0 polygons
2026-03-25 22:52:23 +0100: Memory Usage (457224K) : pwell_pin has 0 polygons
2026-03-25 22:52:23 +0100: Memory Usage (457224K) : pwell_block has 0 polygons
2026-03-25 22:52:23 +0100: Memory Usage (457224K) : ic_drw has 0 polygons
2026-03-25 22:52:23 +0100: Memory Usage (458016K) : via3_drw has 7005 polygons
2026-03-25 22:52:23 +0100: Memory Usage (458016K) : metal4_drw has 40 polygons
2026-03-25 22:52:23 +0100: Memory Usage (458016K) : metal4_pin has 3 polygons
2026-03-25 22:52:23 +0100: Memory Usage (458016K) : metal4_mask has 0 polygons
2026-03-25 22:52:23 +0100: Memory Usage (458016K) : metal4_filler has 0 polygons
2026-03-25 22:52:23 +0100: Memory Usage (458016K) : metal4_nofill has 0 polygons
2026-03-25 22:52:23 +0100: Memory Usage (458016K) : metal4_slit has 0 polygons
2026-03-25 22:52:23 +0100: Memory Usage (458016K) : metal4_text has 0 polygons
2026-03-25 22:52:23 +0100: Memory Usage (458016K) : metal4_opc has 0 polygons
2026-03-25 22:52:23 +0100: Memory Usage (458016K) : metal4_noqrc has 0 polygons
2026-03-25 22:52:23 +0100: Memory Usage (458016K) : metal4_res has 0 polygons
2026-03-25 22:52:23 +0100: Memory Usage (458016K) : metal4_iprobe has 0 polygons
2026-03-25 22:52:23 +0100: Memory Usage (458016K) : metal4_diffprb has 0 polygons
2026-03-25 22:52:23 +0100: Memory Usage (458016K) : heattrans_drw has 421 polygons
2026-03-25 22:52:23 +0100: Memory Usage (458016K) : heatres_drw has 7 polygons
2026-03-25 22:52:23 +0100: Memory Usage (458016K) : pempoly_drw has 0 polygons
2026-03-25 22:52:23 +0100: Memory Usage (458016K) : fbe_drw has 0 polygons
2026-03-25 22:52:23 +0100: Memory Usage (458016K) : empoly_drw has 0 polygons
2026-03-25 22:52:23 +0100: Memory Usage (458016K) : ldmos_drw has 0 polygons
2026-03-25 22:52:23 +0100: Memory Usage (458016K) : pbiwind_drw has 0 polygons
2026-03-25 22:52:23 +0100: Memory Usage (458016K) : digisub_drw has 0 polygons
2026-03-25 22:52:23 +0100: Memory Usage (458016K) : nodrc_drw has 0 polygons
2026-03-25 22:52:23 +0100: Memory Usage (458016K) : text_drw has 1107 polygons
2026-03-25 22:52:23 +0100: Memory Usage (458280K) : via4_drw has 6898 polygons
2026-03-25 22:52:23 +0100: Memory Usage (458280K) : metal5_drw has 32 polygons
2026-03-25 22:52:23 +0100: Memory Usage (458280K) : metal5_pin has 5 polygons
2026-03-25 22:52:23 +0100: Memory Usage (458280K) : metal5_mask has 0 polygons
2026-03-25 22:52:23 +0100: Memory Usage (458280K) : metal5_filler has 0 polygons
2026-03-25 22:52:23 +0100: Memory Usage (458280K) : metal5_nofill has 0 polygons
2026-03-25 22:52:23 +0100: Memory Usage (458280K) : metal5_slit has 0 polygons
2026-03-25 22:52:23 +0100: Memory Usage (458280K) : metal5_text has 1 polygons
2026-03-25 22:52:23 +0100: Memory Usage (458280K) : metal5_opc has 0 polygons
2026-03-25 22:52:23 +0100: Memory Usage (458280K) : metal5_noqrc has 0 polygons
2026-03-25 22:52:23 +0100: Memory Usage (458280K) : metal5_res has 0 polygons
2026-03-25 22:52:23 +0100: Memory Usage (458280K) : metal5_iprobe has 0 polygons
2026-03-25 22:52:23 +0100: Memory Usage (458280K) : metal5_diffprb has 0 polygons
2026-03-25 22:52:23 +0100: Memory Usage (458280K) : radhard_drw has 0 polygons
2026-03-25 22:52:23 +0100: Memory Usage (458280K) : memcap_drw has 0 polygons
2026-03-25 22:52:23 +0100: Memory Usage (458280K) : varicap_drw has 0 polygons
2026-03-25 22:52:23 +0100: Memory Usage (458280K) : flash_drw has 0 polygons
2026-03-25 22:52:23 +0100: Memory Usage (458280K) : intbondvia_drw has 0 polygons
2026-03-25 22:52:23 +0100: Memory Usage (458280K) : intbondmet_drw has 0 polygons
2026-03-25 22:52:23 +0100: Memory Usage (458280K) : devbondvia_drw has 0 polygons
2026-03-25 22:52:23 +0100: Memory Usage (458280K) : devbondmet_drw has 0 polygons
2026-03-25 22:52:23 +0100: Memory Usage (458280K) : devtrench_drw has 0 polygons
2026-03-25 22:52:23 +0100: Memory Usage (458280K) : redist_drw has 0 polygons
2026-03-25 22:52:23 +0100: Memory Usage (458280K) : graphbot_drw has 0 polygons
2026-03-25 22:52:23 +0100: Memory Usage (458280K) : graphtop_drw has 0 polygons
2026-03-25 22:52:23 +0100: Memory Usage (458280K) : antvia1_drw has 0 polygons
2026-03-25 22:52:23 +0100: Memory Usage (458280K) : antmetal2_drw has 0 polygons
2026-03-25 22:52:23 +0100: Memory Usage (458280K) : graphcont_drw has 0 polygons
2026-03-25 22:52:23 +0100: Memory Usage (458280K) : siwg_drw has 0 polygons
2026-03-25 22:52:23 +0100: Memory Usage (458280K) : siwg_filler has 0 polygons
2026-03-25 22:52:23 +0100: Memory Usage (458280K) : siwg_nofill has 0 polygons
2026-03-25 22:52:23 +0100: Memory Usage (458280K) : sigrating_drw has 0 polygons
2026-03-25 22:52:23 +0100: Memory Usage (458280K) : singrating_drw has 0 polygons
2026-03-25 22:52:23 +0100: Memory Usage (458280K) : graphpas_drw has 0 polygons
2026-03-25 22:52:23 +0100: Memory Usage (458280K) : emwind3_drw has 0 polygons
2026-03-25 22:52:23 +0100: Memory Usage (458280K) : emwihv3_drw has 0 polygons
2026-03-25 22:52:23 +0100: Memory Usage (458280K) : redbulay_drw has 0 polygons
2026-03-25 22:52:23 +0100: Memory Usage (458280K) : smos_drw has 0 polygons
2026-03-25 22:52:23 +0100: Memory Usage (458280K) : graphpad_drw has 0 polygons
2026-03-25 22:52:23 +0100: Memory Usage (458280K) : polimide_drw has 0 polygons
2026-03-25 22:52:23 +0100: Memory Usage (458280K) : polimide_pin has 0 polygons
2026-03-25 22:52:23 +0100: Memory Usage (458280K) : recog_drw has 0 polygons
2026-03-25 22:52:23 +0100: Memory Usage (458280K) : recog_pin has 0 polygons
2026-03-25 22:52:23 +0100: Memory Usage (458280K) : recog_esd has 0 polygons
2026-03-25 22:52:23 +0100: Memory Usage (458280K) : recog_diode has 0 polygons
2026-03-25 22:52:23 +0100: Memory Usage (458280K) : recog_tsv has 0 polygons
2026-03-25 22:52:23 +0100: Memory Usage (458280K) : recog_iprobe has 0 polygons
2026-03-25 22:52:23 +0100: Memory Usage (458280K) : recog_diffprb has 0 polygons
2026-03-25 22:52:23 +0100: Memory Usage (458280K) : recog_pillar has 0 polygons
2026-03-25 22:52:23 +0100: Memory Usage (458280K) : recog_sbump has 0 polygons
2026-03-25 22:52:23 +0100: Memory Usage (458280K) : recog_otp has 0 polygons
2026-03-25 22:52:23 +0100: Memory Usage (458280K) : recog_pdiode has 0 polygons
2026-03-25 22:52:23 +0100: Memory Usage (458280K) : recog_mom has 0 polygons
2026-03-25 22:52:23 +0100: Memory Usage (458280K) : recog_pcm has 0 polygons
2026-03-25 22:52:23 +0100: Memory Usage (458280K) : colopen_drw has 0 polygons
2026-03-25 22:52:23 +0100: Memory Usage (458280K) : graphmetal1_drw has 0 polygons
2026-03-25 22:52:23 +0100: Memory Usage (458280K) : graphmetal1_filler has 0 polygons
2026-03-25 22:52:23 +0100: Memory Usage (458280K) : graphmetal1_nofill has 0 polygons
2026-03-25 22:52:23 +0100: Memory Usage (458280K) : graphmetal1_slit has 0 polygons
2026-03-25 22:52:23 +0100: Memory Usage (458280K) : graphmetal1_opc has 0 polygons
2026-03-25 22:52:23 +0100: Memory Usage (458280K) : graphmet1l_drw has 0 polygons
2026-03-25 22:52:23 +0100: Memory Usage (458280K) : graphmet1l_filler has 0 polygons
2026-03-25 22:52:23 +0100: Memory Usage (458280K) : graphmet1l_nofill has 0 polygons
2026-03-25 22:52:23 +0100: Memory Usage (458280K) : graphmet1l_slit has 0 polygons
2026-03-25 22:52:23 +0100: Memory Usage (458280K) : graphmet1l_opc has 0 polygons
2026-03-25 22:52:23 +0100: Memory Usage (458280K) : extblock_drw has 5 polygons
2026-03-25 22:52:23 +0100: Memory Usage (458280K) : nldd_drw has 0 polygons
2026-03-25 22:52:23 +0100: Memory Usage (458280K) : pldd_drw has 0 polygons
2026-03-25 22:52:23 +0100: Memory Usage (458280K) : next_drw has 0 polygons
2026-03-25 22:52:23 +0100: Memory Usage (458280K) : pext_drw has 0 polygons
2026-03-25 22:52:23 +0100: Memory Usage (458280K) : nexthv_drw has 0 polygons
2026-03-25 22:52:23 +0100: Memory Usage (458280K) : pexthv_drw has 0 polygons
2026-03-25 22:52:23 +0100: Memory Usage (458280K) : graphgate_drw has 0 polygons
2026-03-25 22:52:23 +0100: Memory Usage (458280K) : sinwg_drw has 0 polygons
2026-03-25 22:52:23 +0100: Memory Usage (458280K) : sinwg_filler has 0 polygons
2026-03-25 22:52:23 +0100: Memory Usage (458280K) : sinwg_nofill has 0 polygons
2026-03-25 22:52:23 +0100: Memory Usage (458280K) : mempad_drw has 0 polygons
2026-03-25 22:52:23 +0100: Memory Usage (458280K) : topvia1_drw has 1720 polygons
2026-03-25 22:52:23 +0100: Memory Usage (458280K) : topmetal1_drw has 13 polygons
2026-03-25 22:52:23 +0100: Memory Usage (458280K) : topmetal1_pin has 15 polygons
2026-03-25 22:52:23 +0100: Memory Usage (458280K) : topmetal1_mask has 0 polygons
2026-03-25 22:52:23 +0100: Memory Usage (458280K) : topmetal1_filler has 0 polygons
2026-03-25 22:52:23 +0100: Memory Usage (458280K) : topmetal1_nofill has 0 polygons
2026-03-25 22:52:23 +0100: Memory Usage (458280K) : topmetal1_slit has 0 polygons
2026-03-25 22:52:23 +0100: Memory Usage (458280K) : topmetal1_text has 5 polygons
2026-03-25 22:52:23 +0100: Memory Usage (458280K) : topmetal1_noqrc has 0 polygons
2026-03-25 22:52:23 +0100: Memory Usage (458280K) : topmetal1_res has 0 polygons
2026-03-25 22:52:23 +0100: Memory Usage (458280K) : topmetal1_iprobe has 0 polygons
2026-03-25 22:52:23 +0100: Memory Usage (458280K) : topmetal1_diffprb has 0 polygons
2026-03-25 22:52:23 +0100: Memory Usage (458280K) : inldpwl_drw has 0 polygons
2026-03-25 22:52:23 +0100: Memory Usage (458280K) : polyres_drw has 7 polygons
2026-03-25 22:52:23 +0100: Memory Usage (458280K) : polyres_pin has 0 polygons
2026-03-25 22:52:23 +0100: Memory Usage (458280K) : vmim_drw has 578 polygons
2026-03-25 22:52:23 +0100: Memory Usage (458280K) : nbulaycut_drw has 0 polygons
2026-03-25 22:52:23 +0100: Memory Usage (458280K) : antmetal1_drw has 0 polygons
2026-03-25 22:52:23 +0100: Memory Usage (458280K) : topvia2_drw has 916 polygons
2026-03-25 22:52:23 +0100: Memory Usage (458544K) : topmetal2_drw has 4 polygons
2026-03-25 22:52:23 +0100: Memory Usage (458544K) : topmetal2_pin has 2 polygons
2026-03-25 22:52:23 +0100: Memory Usage (458808K) : topmetal2_mask has 0 polygons
2026-03-25 22:52:23 +0100: Memory Usage (458808K) : topmetal2_filler has 0 polygons
2026-03-25 22:52:23 +0100: Memory Usage (458808K) : topmetal2_nofill has 0 polygons
2026-03-25 22:52:23 +0100: Memory Usage (459072K) : topmetal2_slit has 0 polygons
2026-03-25 22:52:23 +0100: Memory Usage (459072K) : topmetal2_text has 2 polygons
2026-03-25 22:52:23 +0100: Memory Usage (459072K) : topmetal2_noqrc has 0 polygons
2026-03-25 22:52:23 +0100: Memory Usage (459336K) : topmetal2_res has 0 polygons
2026-03-25 22:52:23 +0100: Memory Usage (459336K) : topmetal2_iprobe has 0 polygons
2026-03-25 22:52:23 +0100: Memory Usage (459336K) : topmetal2_diffprb has 0 polygons
2026-03-25 22:52:23 +0100: Memory Usage (459600K) : snsring_drw has 0 polygons
2026-03-25 22:52:23 +0100: Memory Usage (459600K) : sensor_drw has 0 polygons
2026-03-25 22:52:23 +0100: Memory Usage (459864K) : snsarms_drw has 0 polygons
2026-03-25 22:52:23 +0100: Memory Usage (459864K) : snscmosvia_drw has 0 polygons
2026-03-25 22:52:23 +0100: Memory Usage (459864K) : colwind_drw has 0 polygons
2026-03-25 22:52:23 +0100: Memory Usage (460128K) : flm_drw has 0 polygons
2026-03-25 22:52:23 +0100: Memory Usage (460128K) : hafniumox_drw has 0 polygons
2026-03-25 22:52:23 +0100: Memory Usage (460392K) : memvia_drw has 0 polygons
2026-03-25 22:52:23 +0100: Memory Usage (460392K) : thinfilmres_drw has 0 polygons
2026-03-25 22:52:23 +0100: Memory Usage (460392K) : rfmem_drw has 0 polygons
2026-03-25 22:52:23 +0100: Memory Usage (460656K) : norcx_drw has 0 polygons
2026-03-25 22:52:23 +0100: Memory Usage (460656K) : norcx_m2m3 has 0 polygons
2026-03-25 22:52:23 +0100: Memory Usage (460656K) : norcx_m2m4 has 0 polygons
2026-03-25 22:52:23 +0100: Memory Usage (460920K) : norcx_m2m5 has 0 polygons
2026-03-25 22:52:23 +0100: Memory Usage (460920K) : norcx_m2tm1 has 0 polygons
2026-03-25 22:52:23 +0100: Memory Usage (461184K) : norcx_m2tm2 has 0 polygons
2026-03-25 22:52:23 +0100: Memory Usage (461184K) : norcx_m3m4 has 0 polygons
2026-03-25 22:52:23 +0100: Memory Usage (461184K) : norcx_m3m5 has 0 polygons
2026-03-25 22:52:23 +0100: Memory Usage (461448K) : norcx_m3tm1 has 0 polygons
2026-03-25 22:52:23 +0100: Memory Usage (461448K) : norcx_m3tm2 has 0 polygons
2026-03-25 22:52:23 +0100: Memory Usage (461712K) : norcx_m4m5 has 0 polygons
2026-03-25 22:52:23 +0100: Memory Usage (461712K) : norcx_m4tm1 has 0 polygons
2026-03-25 22:52:23 +0100: Memory Usage (461712K) : norcx_m4tm2 has 0 polygons
2026-03-25 22:52:23 +0100: Memory Usage (461976K) : norcx_m5tm1 has 0 polygons
2026-03-25 22:52:23 +0100: Memory Usage (461976K) : norcx_m5tm2 has 0 polygons
2026-03-25 22:52:23 +0100: Memory Usage (461976K) : norcx_tm1tm2 has 0 polygons
2026-03-25 22:52:23 +0100: Memory Usage (462240K) : norcx_m1sub has 0 polygons
2026-03-25 22:52:23 +0100: Memory Usage (462240K) : norcx_m2sub has 0 polygons
2026-03-25 22:52:23 +0100: Memory Usage (462504K) : norcx_m3sub has 0 polygons
2026-03-25 22:52:23 +0100: Memory Usage (462504K) : norcx_m4sub has 0 polygons
2026-03-25 22:52:23 +0100: Memory Usage (462504K) : norcx_m5sub has 0 polygons
2026-03-25 22:52:23 +0100: Memory Usage (462504K) : norcx_tm1sub has 0 polygons
2026-03-25 22:52:23 +0100: Memory Usage (462768K) : norcx_tm2sub has 0 polygons
2026-03-25 22:52:23 +0100: Memory Usage (462768K) : snsbotvia_drw has 0 polygons
2026-03-25 22:52:23 +0100: Memory Usage (462768K) : snstopvia_drw has 0 polygons
2026-03-25 22:52:23 +0100: Memory Usage (463032K) : deepvia_drw has 0 polygons
2026-03-25 22:52:23 +0100: Memory Usage (463032K) : fgetch_drw has 0 polygons
2026-03-25 22:52:23 +0100: Memory Usage (463032K) : ctrgat_drw has 0 polygons
2026-03-25 22:52:23 +0100: Memory Usage (463032K) : fgimp_drw has 0 polygons
2026-03-25 22:52:23 +0100: Memory Usage (463296K) : emwihv_drw has 0 polygons
2026-03-25 22:52:23 +0100: Memory Usage (463296K) : lbe_drw has 0 polygons
2026-03-25 22:52:23 +0100: Memory Usage (463296K) : alcustop_drw has 0 polygons
2026-03-25 22:52:23 +0100: Memory Usage (463560K) : nometfiller_drw has 0 polygons
2026-03-25 22:52:23 +0100: Memory Usage (463560K) : prboundary_drw has 0 polygons
2026-03-25 22:52:23 +0100: Memory Usage (463560K) : exchange0_drw has 0 polygons
2026-03-25 22:52:23 +0100: Memory Usage (463824K) : exchange0_pin has 0 polygons
2026-03-25 22:52:23 +0100: Memory Usage (463824K) : exchange0_text has 0 polygons
2026-03-25 22:52:23 +0100: Memory Usage (463824K) : exchange1_drw has 0 polygons
2026-03-25 22:52:23 +0100: Memory Usage (464088K) : exchange1_pin has 0 polygons
2026-03-25 22:52:23 +0100: Memory Usage (464088K) : exchange1_text has 0 polygons
2026-03-25 22:52:23 +0100: Memory Usage (464088K) : exchange2_drw has 0 polygons
2026-03-25 22:52:23 +0100: Memory Usage (464352K) : exchange2_pin has 0 polygons
2026-03-25 22:52:23 +0100: Memory Usage (464352K) : exchange2_text has 0 polygons
2026-03-25 22:52:23 +0100: Memory Usage (464352K) : exchange3_drw has 0 polygons
2026-03-25 22:52:23 +0100: Memory Usage (464616K) : exchange3_pin has 0 polygons
2026-03-25 22:52:23 +0100: Memory Usage (464616K) : exchange3_text has 0 polygons
2026-03-25 22:52:23 +0100: Memory Usage (464616K) : exchange4_drw has 0 polygons
2026-03-25 22:52:23 +0100: Memory Usage (464880K) : exchange4_pin has 0 polygons
2026-03-25 22:52:23 +0100: Memory Usage (464880K) : exchange4_text has 0 polygons
2026-03-25 22:52:23 +0100: Memory Usage (464880K) : isonwell_drw has 0 polygons
2026-03-25 22:52:23 +0100: Memory Usage (464880K) : Total no. of polygons in the design is 55451
2026-03-25 22:52:23 +0100: Memory Usage (464880K) : Loaded TECH DRC rules values from /foss/pdks/ihp-sg13g2/libs.tech/klayout/python/sg13g2_pycell_lib/sg13g2_tech_mod.json
2026-03-25 22:52:23 +0100: Memory Usage (464880K) : Loaded default DRC rules values from /foss/pdks/ihp-sg13g2/libs.tech/klayout/tech/drc/rule_decks/sg13g2_tech_default.json
2026-03-25 22:52:23 +0100: Memory Usage (464880K) : The following rules values were missing in tech json and default values were used:
2026-03-25 22:52:23 +0100: Memory Usage (464880K) :   - Cnt_c_digibnd
2026-03-25 22:52:23 +0100: Memory Usage (465144K) : Total area of the design is 54805.149724999996 um^2.
2026-03-25 22:52:23 +0100: Memory Usage (465144K) : The design dimensions are 309.90500000000003 µm * 176.845 µm.
2026-03-25 22:52:23 +0100: Memory Usage (465144K) : Starting general IHP-SG13G2 derivations.
2026-03-25 22:52:23 +0100: Memory Usage (465144K) : Starting Pwell derivations
2026-03-25 22:52:23 +0100: Memory Usage (465408K) : Starting IHP-SG13G2 DRC rules.
2026-03-25 22:52:23 +0100: Memory Usage (465408K) : Starting 5.9 GatPoly:filler
2026-03-25 22:52:23 +0100: Memory Usage (471592K) : Executing rule GFil.d
2026-03-25 22:52:23 +0100: Memory Usage (473704K) : Executing rule GFil.e
2026-03-25 22:52:23 +0100: Memory Usage (473704K) : Executing rule GFil.i
2026-03-25 22:52:23 +0100: Memory Usage (473704K) : KLayout DRC run for tables 'gatpolyfiller' completed in 1.02 seconds
