# Logfile created on 2026-03-25 22:52:22 +0100 by logger.rb/v1.5.3
2026-03-25 22:52:22 +0100: Memory Usage (437040K) : Starting running IHP-SG13G2 KLayout DRC runset on /foss/designs/Design/xschem/IHP__OPA2251/OPA2251-main/layout/klayout/HPA.gds
2026-03-25 22:52:22 +0100: Memory Usage (437040K) : Ruby Version for klayout: 3.2.3
2026-03-25 22:52:22 +0100: Memory Usage (438808K) : Loading database to memory is complete.
2026-03-25 22:52:22 +0100: Memory Usage (439016K) : IHP-SG13G2 KLayout DRC runset output at: /foss/designs/Design/xschem/IHP__OPA2251/OPA2251-main/layout/klayout/drc_run_HPA/HPA_HPA_gatpoly.lyrdb
2026-03-25 22:52:22 +0100: Memory Usage (439016K) : Evaluate switches.
2026-03-25 22:52:22 +0100: Memory Usage (439016K) : tables selected: gatpoly
2026-03-25 22:52:22 +0100: Memory Usage (439016K) : KLayout will use 4 thread(s) in tiled mode.
2026-03-25 22:52:22 +0100: Memory Usage (439016K) : flat mode is enabled.
2026-03-25 22:52:22 +0100: Memory Usage (439016K) : FEOL enabled: false
2026-03-25 22:52:22 +0100: Memory Usage (439016K) : BEOL enabled: false
2026-03-25 22:52:22 +0100: Memory Usage (439016K) : OFFGRID enabled: true
2026-03-25 22:52:22 +0100: Memory Usage (439016K) : PIN enabled: false
2026-03-25 22:52:22 +0100: Memory Usage (439016K) : FORBIDDEN enabled: false
2026-03-25 22:52:22 +0100: Memory Usage (439016K) : RECOMMENDED enabled: true
2026-03-25 22:52:22 +0100: Memory Usage (439016K) : PreCheck DRC enabled: false
2026-03-25 22:52:22 +0100: Memory Usage (439016K) : CONNECTIVITY_RULES enabled: false.
2026-03-25 22:52:22 +0100: Memory Usage (439016K) : Read in polygons from layers.
2026-03-25 22:52:22 +0100: Memory Usage (441572K) : activ_drw has 198 polygons
2026-03-25 22:52:22 +0100: Memory Usage (441572K) : activ_pin has 0 polygons
2026-03-25 22:52:22 +0100: Memory Usage (441572K) : activ_mask has 0 polygons
2026-03-25 22:52:22 +0100: Memory Usage (441572K) : activ_filler has 0 polygons
2026-03-25 22:52:22 +0100: Memory Usage (441572K) : activ_nofill has 0 polygons
2026-03-25 22:52:22 +0100: Memory Usage (441572K) : activ_opc has 0 polygons
2026-03-25 22:52:22 +0100: Memory Usage (441572K) : activ_iopc has 0 polygons
2026-03-25 22:52:22 +0100: Memory Usage (441572K) : activ_noqrc has 0 polygons
2026-03-25 22:52:22 +0100: Memory Usage (441572K) : biwind_drw has 0 polygons
2026-03-25 22:52:22 +0100: Memory Usage (441572K) : biwind_opc has 0 polygons
2026-03-25 22:52:22 +0100: Memory Usage (441572K) : pemwind_drw has 0 polygons
2026-03-25 22:52:22 +0100: Memory Usage (442532K) : gatpoly_drw has 108 polygons
2026-03-25 22:52:22 +0100: Memory Usage (442720K) : gatpoly_pin has 124 polygons
2026-03-25 22:52:22 +0100: Memory Usage (442720K) : gatpoly_filler has 0 polygons
2026-03-25 22:52:22 +0100: Memory Usage (442720K) : gatpoly_nofill has 0 polygons
2026-03-25 22:52:22 +0100: Memory Usage (442720K) : gatpoly_opc has 0 polygons
2026-03-25 22:52:22 +0100: Memory Usage (442720K) : gatpoly_iopc has 0 polygons
2026-03-25 22:52:22 +0100: Memory Usage (442720K) : gatpoly_noqrc has 0 polygons
2026-03-25 22:52:22 +0100: Memory Usage (449052K) : cont_drw has 16803 polygons
2026-03-25 22:52:22 +0100: Memory Usage (449052K) : cont_opc has 0 polygons
2026-03-25 22:52:22 +0100: Memory Usage (449052K) : nsd_drw has 0 polygons
2026-03-25 22:52:22 +0100: Memory Usage (449052K) : nsd_block has 0 polygons
2026-03-25 22:52:22 +0100: Memory Usage (449052K) : metal1_drw has 390 polygons
2026-03-25 22:52:22 +0100: Memory Usage (449052K) : metal1_pin has 515 polygons
2026-03-25 22:52:22 +0100: Memory Usage (449052K) : metal1_mask has 0 polygons
2026-03-25 22:52:22 +0100: Memory Usage (449052K) : metal1_filler has 0 polygons
2026-03-25 22:52:22 +0100: Memory Usage (449052K) : metal1_nofill has 0 polygons
2026-03-25 22:52:22 +0100: Memory Usage (449092K) : metal1_slit has 0 polygons
2026-03-25 22:52:22 +0100: Memory Usage (449092K) : metal1_text has 0 polygons
2026-03-25 22:52:23 +0100: Memory Usage (449092K) : metal1_opc has 0 polygons
2026-03-25 22:52:23 +0100: Memory Usage (449092K) : metal1_noqrc has 0 polygons
2026-03-25 22:52:23 +0100: Memory Usage (449092K) : metal1_res has 0 polygons
2026-03-25 22:52:23 +0100: Memory Usage (449092K) : metal1_iprobe has 0 polygons
2026-03-25 22:52:23 +0100: Memory Usage (449092K) : metal1_diffprb has 0 polygons
2026-03-25 22:52:23 +0100: Memory Usage (449092K) : passiv_drw has 0 polygons
2026-03-25 22:52:23 +0100: Memory Usage (449092K) : passiv_pin has 0 polygons
2026-03-25 22:52:23 +0100: Memory Usage (449092K) : passiv_sbump has 0 polygons
2026-03-25 22:52:23 +0100: Memory Usage (449092K) : passiv_pillar has 0 polygons
2026-03-25 22:52:23 +0100: Memory Usage (449092K) : passiv_pdl has 0 polygons
2026-03-25 22:52:23 +0100: Memory Usage (449092K) : metal2_drw has 95 polygons
2026-03-25 22:52:23 +0100: Memory Usage (449092K) : metal2_pin has 11 polygons
2026-03-25 22:52:23 +0100: Memory Usage (449092K) : metal2_mask has 0 polygons
2026-03-25 22:52:23 +0100: Memory Usage (449344K) : metal2_filler has 0 polygons
2026-03-25 22:52:23 +0100: Memory Usage (449344K) : metal2_nofill has 0 polygons
2026-03-25 22:52:23 +0100: Memory Usage (449344K) : metal2_slit has 0 polygons
2026-03-25 22:52:23 +0100: Memory Usage (449344K) : metal2_text has 0 polygons
2026-03-25 22:52:23 +0100: Memory Usage (449344K) : metal2_opc has 0 polygons
2026-03-25 22:52:23 +0100: Memory Usage (449344K) : metal2_noqrc has 0 polygons
2026-03-25 22:52:23 +0100: Memory Usage (449344K) : metal2_res has 0 polygons
2026-03-25 22:52:23 +0100: Memory Usage (449408K) : metal2_iprobe has 0 polygons
2026-03-25 22:52:23 +0100: Memory Usage (449408K) : metal2_diffprb has 0 polygons
2026-03-25 22:52:23 +0100: Memory Usage (449408K) : baspoly_drw has 0 polygons
2026-03-25 22:52:23 +0100: Memory Usage (449408K) : baspoly_pin has 0 polygons
2026-03-25 22:52:23 +0100: Memory Usage (449472K) : psd_drw has 24 polygons
2026-03-25 22:52:23 +0100: Memory Usage (449472K) : nldb_drw has 0 polygons
2026-03-25 22:52:23 +0100: Memory Usage (449472K) : digibnd_drw has 0 polygons
2026-03-25 22:52:23 +0100: Memory Usage (451580K) : via1_drw has 9590 polygons
2026-03-25 22:52:23 +0100: Memory Usage (451580K) : backmetal1_drw has 0 polygons
2026-03-25 22:52:23 +0100: Memory Usage (451688K) : backmetal1_pin has 0 polygons
2026-03-25 22:52:23 +0100: Memory Usage (451688K) : backmetal1_mask has 0 polygons
2026-03-25 22:52:23 +0100: Memory Usage (451752K) : backmetal1_filler has 0 polygons
2026-03-25 22:52:23 +0100: Memory Usage (451752K) : backmetal1_nofill has 0 polygons
2026-03-25 22:52:23 +0100: Memory Usage (451752K) : backmetal1_slit has 0 polygons
2026-03-25 22:52:23 +0100: Memory Usage (451752K) : backmetal1_text has 0 polygons
2026-03-25 22:52:23 +0100: Memory Usage (451752K) : backmetal1_opc has 0 polygons
2026-03-25 22:52:23 +0100: Memory Usage (451752K) : backmetal1_noqrc has 0 polygons
2026-03-25 22:52:23 +0100: Memory Usage (451752K) : backmetal1_res has 0 polygons
2026-03-25 22:52:23 +0100: Memory Usage (451752K) : backmetal1_iprobe has 0 polygons
2026-03-25 22:52:23 +0100: Memory Usage (451752K) : backmetal1_diffprb has 0 polygons
2026-03-25 22:52:23 +0100: Memory Usage (451752K) : backpassiv_drw has 0 polygons
2026-03-25 22:52:23 +0100: Memory Usage (451752K) : res_drw has 0 polygons
2026-03-25 22:52:23 +0100: Memory Usage (451816K) : sram_drw has 0 polygons
2026-03-25 22:52:23 +0100: Memory Usage (451816K) : trans_drw has 0 polygons
2026-03-25 22:52:23 +0100: Memory Usage (451880K) : ind_drw has 0 polygons
2026-03-25 22:52:23 +0100: Memory Usage (451880K) : ind_pin has 0 polygons
2026-03-25 22:52:23 +0100: Memory Usage (451880K) : ind_text has 0 polygons
2026-03-25 22:52:23 +0100: Memory Usage (452140K) : salblock_drw has 7 polygons
2026-03-25 22:52:23 +0100: Memory Usage (453988K) : via2_drw has 7995 polygons
2026-03-25 22:52:23 +0100: Memory Usage (453988K) : metal3_drw has 67 polygons
2026-03-25 22:52:23 +0100: Memory Usage (453988K) : metal3_pin has 8 polygons
2026-03-25 22:52:23 +0100: Memory Usage (453988K) : metal3_mask has 0 polygons
2026-03-25 22:52:23 +0100: Memory Usage (453988K) : metal3_filler has 0 polygons
2026-03-25 22:52:23 +0100: Memory Usage (453988K) : metal3_nofill has 0 polygons
2026-03-25 22:52:23 +0100: Memory Usage (454084K) : metal3_slit has 0 polygons
2026-03-25 22:52:23 +0100: Memory Usage (454084K) : metal3_text has 0 polygons
2026-03-25 22:52:23 +0100: Memory Usage (454084K) : metal3_opc has 0 polygons
2026-03-25 22:52:23 +0100: Memory Usage (454084K) : metal3_noqrc has 0 polygons
2026-03-25 22:52:23 +0100: Memory Usage (454084K) : metal3_res has 0 polygons
2026-03-25 22:52:23 +0100: Memory Usage (454084K) : metal3_iprobe has 0 polygons
2026-03-25 22:52:23 +0100: Memory Usage (454356K) : metal3_diffprb has 0 polygons
2026-03-25 22:52:23 +0100: Memory Usage (454880K) : nwell_drw has 5 polygons
2026-03-25 22:52:23 +0100: Memory Usage (454880K) : nwell_pin has 0 polygons
2026-03-25 22:52:23 +0100: Memory Usage (454880K) : nbulay_drw has 0 polygons
2026-03-25 22:52:23 +0100: Memory Usage (454880K) : nbulay_pin has 0 polygons
2026-03-25 22:52:23 +0100: Memory Usage (454880K) : nbulay_block has 0 polygons
2026-03-25 22:52:23 +0100: Memory Usage (454880K) : emwind_drw has 0 polygons
2026-03-25 22:52:23 +0100: Memory Usage (454880K) : emwind_opc has 0 polygons
2026-03-25 22:52:23 +0100: Memory Usage (454880K) : deepco_drw has 0 polygons
2026-03-25 22:52:23 +0100: Memory Usage (454880K) : deepco_drw has 0 polygons
2026-03-25 22:52:23 +0100: Memory Usage (454880K) : mim_drw has 2 polygons
2026-03-25 22:52:23 +0100: Memory Usage (454880K) : edgeseal_drw has 0 polygons
2026-03-25 22:52:23 +0100: Memory Usage (454880K) : edgeseal_bound has 0 polygons
2026-03-25 22:52:23 +0100: Memory Usage (454880K) : substrate_drw has 723 polygons
2026-03-25 22:52:23 +0100: Memory Usage (454880K) : substrate_text has 0 polygons
2026-03-25 22:52:23 +0100: Memory Usage (454880K) : dfpad_drw has 0 polygons
2026-03-25 22:52:23 +0100: Memory Usage (454880K) : dfpad_pillar has 0 polygons
2026-03-25 22:52:23 +0100: Memory Usage (454880K) : dfpad_sbump has 0 polygons
2026-03-25 22:52:23 +0100: Memory Usage (454880K) : thickgateox_drw has 0 polygons
2026-03-25 22:52:23 +0100: Memory Usage (454880K) : pldb_drw has 0 polygons
2026-03-25 22:52:23 +0100: Memory Usage (454880K) : pwell_drw has 0 polygons
2026-03-25 22:52:23 +0100: Memory Usage (454880K) : pwell_pin has 0 polygons
2026-03-25 22:52:23 +0100: Memory Usage (454880K) : pwell_block has 0 polygons
2026-03-25 22:52:23 +0100: Memory Usage (454880K) : ic_drw has 0 polygons
2026-03-25 22:52:23 +0100: Memory Usage (455672K) : via3_drw has 7005 polygons
2026-03-25 22:52:23 +0100: Memory Usage (455672K) : metal4_drw has 40 polygons
2026-03-25 22:52:23 +0100: Memory Usage (455672K) : metal4_pin has 3 polygons
2026-03-25 22:52:23 +0100: Memory Usage (455672K) : metal4_mask has 0 polygons
2026-03-25 22:52:23 +0100: Memory Usage (455672K) : metal4_filler has 0 polygons
2026-03-25 22:52:23 +0100: Memory Usage (455672K) : metal4_nofill has 0 polygons
2026-03-25 22:52:23 +0100: Memory Usage (455672K) : metal4_slit has 0 polygons
2026-03-25 22:52:23 +0100: Memory Usage (455672K) : metal4_text has 0 polygons
2026-03-25 22:52:23 +0100: Memory Usage (455672K) : metal4_opc has 0 polygons
2026-03-25 22:52:23 +0100: Memory Usage (455672K) : metal4_noqrc has 0 polygons
2026-03-25 22:52:23 +0100: Memory Usage (455672K) : metal4_res has 0 polygons
2026-03-25 22:52:23 +0100: Memory Usage (455672K) : metal4_iprobe has 0 polygons
2026-03-25 22:52:23 +0100: Memory Usage (455672K) : metal4_diffprb has 0 polygons
2026-03-25 22:52:23 +0100: Memory Usage (455672K) : heattrans_drw has 421 polygons
2026-03-25 22:52:23 +0100: Memory Usage (455672K) : heatres_drw has 7 polygons
2026-03-25 22:52:23 +0100: Memory Usage (455672K) : pempoly_drw has 0 polygons
2026-03-25 22:52:23 +0100: Memory Usage (455672K) : fbe_drw has 0 polygons
2026-03-25 22:52:23 +0100: Memory Usage (455672K) : empoly_drw has 0 polygons
2026-03-25 22:52:23 +0100: Memory Usage (455672K) : ldmos_drw has 0 polygons
2026-03-25 22:52:23 +0100: Memory Usage (455672K) : pbiwind_drw has 0 polygons
2026-03-25 22:52:23 +0100: Memory Usage (455672K) : digisub_drw has 0 polygons
2026-03-25 22:52:23 +0100: Memory Usage (455672K) : nodrc_drw has 0 polygons
2026-03-25 22:52:23 +0100: Memory Usage (455672K) : text_drw has 1107 polygons
2026-03-25 22:52:23 +0100: Memory Usage (455992K) : via4_drw has 6898 polygons
2026-03-25 22:52:23 +0100: Memory Usage (455992K) : metal5_drw has 32 polygons
2026-03-25 22:52:23 +0100: Memory Usage (455992K) : metal5_pin has 5 polygons
2026-03-25 22:52:23 +0100: Memory Usage (455992K) : metal5_mask has 0 polygons
2026-03-25 22:52:23 +0100: Memory Usage (455992K) : metal5_filler has 0 polygons
2026-03-25 22:52:23 +0100: Memory Usage (455992K) : metal5_nofill has 0 polygons
2026-03-25 22:52:23 +0100: Memory Usage (455992K) : metal5_slit has 0 polygons
2026-03-25 22:52:23 +0100: Memory Usage (455992K) : metal5_text has 1 polygons
2026-03-25 22:52:23 +0100: Memory Usage (455992K) : metal5_opc has 0 polygons
2026-03-25 22:52:23 +0100: Memory Usage (455992K) : metal5_noqrc has 0 polygons
2026-03-25 22:52:23 +0100: Memory Usage (455992K) : metal5_res has 0 polygons
2026-03-25 22:52:23 +0100: Memory Usage (455992K) : metal5_iprobe has 0 polygons
2026-03-25 22:52:23 +0100: Memory Usage (455992K) : metal5_diffprb has 0 polygons
2026-03-25 22:52:23 +0100: Memory Usage (455992K) : radhard_drw has 0 polygons
2026-03-25 22:52:23 +0100: Memory Usage (455992K) : memcap_drw has 0 polygons
2026-03-25 22:52:23 +0100: Memory Usage (455992K) : varicap_drw has 0 polygons
2026-03-25 22:52:23 +0100: Memory Usage (455992K) : flash_drw has 0 polygons
2026-03-25 22:52:23 +0100: Memory Usage (455992K) : intbondvia_drw has 0 polygons
2026-03-25 22:52:23 +0100: Memory Usage (455992K) : intbondmet_drw has 0 polygons
2026-03-25 22:52:23 +0100: Memory Usage (455992K) : devbondvia_drw has 0 polygons
2026-03-25 22:52:23 +0100: Memory Usage (455992K) : devbondmet_drw has 0 polygons
2026-03-25 22:52:23 +0100: Memory Usage (455992K) : devtrench_drw has 0 polygons
2026-03-25 22:52:23 +0100: Memory Usage (455992K) : redist_drw has 0 polygons
2026-03-25 22:52:23 +0100: Memory Usage (455992K) : graphbot_drw has 0 polygons
2026-03-25 22:52:23 +0100: Memory Usage (455992K) : graphtop_drw has 0 polygons
2026-03-25 22:52:23 +0100: Memory Usage (455992K) : antvia1_drw has 0 polygons
2026-03-25 22:52:23 +0100: Memory Usage (455992K) : antmetal2_drw has 0 polygons
2026-03-25 22:52:23 +0100: Memory Usage (455992K) : graphcont_drw has 0 polygons
2026-03-25 22:52:23 +0100: Memory Usage (455992K) : siwg_drw has 0 polygons
2026-03-25 22:52:23 +0100: Memory Usage (455992K) : siwg_filler has 0 polygons
2026-03-25 22:52:23 +0100: Memory Usage (455992K) : siwg_nofill has 0 polygons
2026-03-25 22:52:23 +0100: Memory Usage (455992K) : sigrating_drw has 0 polygons
2026-03-25 22:52:23 +0100: Memory Usage (455992K) : singrating_drw has 0 polygons
2026-03-25 22:52:23 +0100: Memory Usage (455992K) : graphpas_drw has 0 polygons
2026-03-25 22:52:23 +0100: Memory Usage (455992K) : emwind3_drw has 0 polygons
2026-03-25 22:52:23 +0100: Memory Usage (455992K) : emwihv3_drw has 0 polygons
2026-03-25 22:52:23 +0100: Memory Usage (455992K) : redbulay_drw has 0 polygons
2026-03-25 22:52:23 +0100: Memory Usage (455992K) : smos_drw has 0 polygons
2026-03-25 22:52:23 +0100: Memory Usage (455992K) : graphpad_drw has 0 polygons
2026-03-25 22:52:23 +0100: Memory Usage (455992K) : polimide_drw has 0 polygons
2026-03-25 22:52:23 +0100: Memory Usage (455992K) : polimide_pin has 0 polygons
2026-03-25 22:52:23 +0100: Memory Usage (455992K) : recog_drw has 0 polygons
2026-03-25 22:52:23 +0100: Memory Usage (455992K) : recog_pin has 0 polygons
2026-03-25 22:52:23 +0100: Memory Usage (455992K) : recog_esd has 0 polygons
2026-03-25 22:52:23 +0100: Memory Usage (455992K) : recog_diode has 0 polygons
2026-03-25 22:52:23 +0100: Memory Usage (455992K) : recog_tsv has 0 polygons
2026-03-25 22:52:23 +0100: Memory Usage (455992K) : recog_iprobe has 0 polygons
2026-03-25 22:52:23 +0100: Memory Usage (455992K) : recog_diffprb has 0 polygons
2026-03-25 22:52:23 +0100: Memory Usage (455992K) : recog_pillar has 0 polygons
2026-03-25 22:52:23 +0100: Memory Usage (455992K) : recog_sbump has 0 polygons
2026-03-25 22:52:23 +0100: Memory Usage (455992K) : recog_otp has 0 polygons
2026-03-25 22:52:23 +0100: Memory Usage (455992K) : recog_pdiode has 0 polygons
2026-03-25 22:52:23 +0100: Memory Usage (455992K) : recog_mom has 0 polygons
2026-03-25 22:52:23 +0100: Memory Usage (455992K) : recog_pcm has 0 polygons
2026-03-25 22:52:23 +0100: Memory Usage (455992K) : colopen_drw has 0 polygons
2026-03-25 22:52:23 +0100: Memory Usage (455992K) : graphmetal1_drw has 0 polygons
2026-03-25 22:52:23 +0100: Memory Usage (455992K) : graphmetal1_filler has 0 polygons
2026-03-25 22:52:23 +0100: Memory Usage (455992K) : graphmetal1_nofill has 0 polygons
2026-03-25 22:52:23 +0100: Memory Usage (455992K) : graphmetal1_slit has 0 polygons
2026-03-25 22:52:23 +0100: Memory Usage (455992K) : graphmetal1_opc has 0 polygons
2026-03-25 22:52:23 +0100: Memory Usage (455992K) : graphmet1l_drw has 0 polygons
2026-03-25 22:52:23 +0100: Memory Usage (455992K) : graphmet1l_filler has 0 polygons
2026-03-25 22:52:23 +0100: Memory Usage (455992K) : graphmet1l_nofill has 0 polygons
2026-03-25 22:52:23 +0100: Memory Usage (455992K) : graphmet1l_slit has 0 polygons
2026-03-25 22:52:23 +0100: Memory Usage (455992K) : graphmet1l_opc has 0 polygons
2026-03-25 22:52:23 +0100: Memory Usage (455992K) : extblock_drw has 5 polygons
2026-03-25 22:52:23 +0100: Memory Usage (455992K) : nldd_drw has 0 polygons
2026-03-25 22:52:23 +0100: Memory Usage (455992K) : pldd_drw has 0 polygons
2026-03-25 22:52:23 +0100: Memory Usage (456256K) : next_drw has 0 polygons
2026-03-25 22:52:23 +0100: Memory Usage (456256K) : pext_drw has 0 polygons
2026-03-25 22:52:23 +0100: Memory Usage (456256K) : nexthv_drw has 0 polygons
2026-03-25 22:52:23 +0100: Memory Usage (456256K) : pexthv_drw has 0 polygons
2026-03-25 22:52:23 +0100: Memory Usage (456520K) : graphgate_drw has 0 polygons
2026-03-25 22:52:23 +0100: Memory Usage (456520K) : sinwg_drw has 0 polygons
2026-03-25 22:52:23 +0100: Memory Usage (456784K) : sinwg_filler has 0 polygons
2026-03-25 22:52:23 +0100: Memory Usage (456784K) : sinwg_nofill has 0 polygons
2026-03-25 22:52:23 +0100: Memory Usage (456784K) : mempad_drw has 0 polygons
2026-03-25 22:52:23 +0100: Memory Usage (457312K) : topvia1_drw has 1720 polygons
2026-03-25 22:52:23 +0100: Memory Usage (457312K) : topmetal1_drw has 13 polygons
2026-03-25 22:52:23 +0100: Memory Usage (457312K) : topmetal1_pin has 15 polygons
2026-03-25 22:52:23 +0100: Memory Usage (457312K) : topmetal1_mask has 0 polygons
2026-03-25 22:52:23 +0100: Memory Usage (457576K) : topmetal1_filler has 0 polygons
2026-03-25 22:52:23 +0100: Memory Usage (457576K) : topmetal1_nofill has 0 polygons
2026-03-25 22:52:23 +0100: Memory Usage (457576K) : topmetal1_slit has 0 polygons
2026-03-25 22:52:23 +0100: Memory Usage (457840K) : topmetal1_text has 5 polygons
2026-03-25 22:52:23 +0100: Memory Usage (457840K) : topmetal1_noqrc has 0 polygons
2026-03-25 22:52:23 +0100: Memory Usage (457840K) : topmetal1_res has 0 polygons
2026-03-25 22:52:23 +0100: Memory Usage (458104K) : topmetal1_iprobe has 0 polygons
2026-03-25 22:52:23 +0100: Memory Usage (458104K) : topmetal1_diffprb has 0 polygons
2026-03-25 22:52:23 +0100: Memory Usage (458104K) : inldpwl_drw has 0 polygons
2026-03-25 22:52:23 +0100: Memory Usage (458368K) : polyres_drw has 7 polygons
2026-03-25 22:52:23 +0100: Memory Usage (458368K) : polyres_pin has 0 polygons
2026-03-25 22:52:23 +0100: Memory Usage (458632K) : vmim_drw has 578 polygons
2026-03-25 22:52:23 +0100: Memory Usage (458632K) : nbulaycut_drw has 0 polygons
2026-03-25 22:52:23 +0100: Memory Usage (458896K) : antmetal1_drw has 0 polygons
2026-03-25 22:52:23 +0100: Memory Usage (458896K) : topvia2_drw has 916 polygons
2026-03-25 22:52:23 +0100: Memory Usage (459160K) : topmetal2_drw has 4 polygons
2026-03-25 22:52:23 +0100: Memory Usage (459160K) : topmetal2_pin has 2 polygons
2026-03-25 22:52:23 +0100: Memory Usage (459160K) : topmetal2_mask has 0 polygons
2026-03-25 22:52:23 +0100: Memory Usage (459424K) : topmetal2_filler has 0 polygons
2026-03-25 22:52:23 +0100: Memory Usage (459424K) : topmetal2_nofill has 0 polygons
2026-03-25 22:52:23 +0100: Memory Usage (459424K) : topmetal2_slit has 0 polygons
2026-03-25 22:52:23 +0100: Memory Usage (459688K) : topmetal2_text has 2 polygons
2026-03-25 22:52:23 +0100: Memory Usage (459688K) : topmetal2_noqrc has 0 polygons
2026-03-25 22:52:23 +0100: Memory Usage (459688K) : topmetal2_res has 0 polygons
2026-03-25 22:52:23 +0100: Memory Usage (459952K) : topmetal2_iprobe has 0 polygons
2026-03-25 22:52:23 +0100: Memory Usage (459952K) : topmetal2_diffprb has 0 polygons
2026-03-25 22:52:23 +0100: Memory Usage (460216K) : snsring_drw has 0 polygons
2026-03-25 22:52:23 +0100: Memory Usage (460216K) : sensor_drw has 0 polygons
2026-03-25 22:52:23 +0100: Memory Usage (460216K) : snsarms_drw has 0 polygons
2026-03-25 22:52:23 +0100: Memory Usage (460480K) : snscmosvia_drw has 0 polygons
2026-03-25 22:52:23 +0100: Memory Usage (460480K) : colwind_drw has 0 polygons
2026-03-25 22:52:23 +0100: Memory Usage (460744K) : flm_drw has 0 polygons
2026-03-25 22:52:23 +0100: Memory Usage (460744K) : hafniumox_drw has 0 polygons
2026-03-25 22:52:23 +0100: Memory Usage (460744K) : memvia_drw has 0 polygons
2026-03-25 22:52:23 +0100: Memory Usage (461008K) : thinfilmres_drw has 0 polygons
2026-03-25 22:52:23 +0100: Memory Usage (461008K) : rfmem_drw has 0 polygons
2026-03-25 22:52:23 +0100: Memory Usage (461008K) : norcx_drw has 0 polygons
2026-03-25 22:52:23 +0100: Memory Usage (461272K) : norcx_m2m3 has 0 polygons
2026-03-25 22:52:23 +0100: Memory Usage (461272K) : norcx_m2m4 has 0 polygons
2026-03-25 22:52:23 +0100: Memory Usage (461536K) : norcx_m2m5 has 0 polygons
2026-03-25 22:52:23 +0100: Memory Usage (461536K) : norcx_m2tm1 has 0 polygons
2026-03-25 22:52:23 +0100: Memory Usage (461536K) : norcx_m2tm2 has 0 polygons
2026-03-25 22:52:23 +0100: Memory Usage (461800K) : norcx_m3m4 has 0 polygons
2026-03-25 22:52:23 +0100: Memory Usage (461800K) : norcx_m3m5 has 0 polygons
2026-03-25 22:52:23 +0100: Memory Usage (461800K) : norcx_m3tm1 has 0 polygons
2026-03-25 22:52:23 +0100: Memory Usage (461800K) : norcx_m3tm2 has 0 polygons
2026-03-25 22:52:23 +0100: Memory Usage (462064K) : norcx_m4m5 has 0 polygons
2026-03-25 22:52:23 +0100: Memory Usage (462064K) : norcx_m4tm1 has 0 polygons
2026-03-25 22:52:23 +0100: Memory Usage (462064K) : norcx_m4tm2 has 0 polygons
2026-03-25 22:52:23 +0100: Memory Usage (462328K) : norcx_m5tm1 has 0 polygons
2026-03-25 22:52:23 +0100: Memory Usage (462328K) : norcx_m5tm2 has 0 polygons
2026-03-25 22:52:23 +0100: Memory Usage (462328K) : norcx_tm1tm2 has 0 polygons
2026-03-25 22:52:23 +0100: Memory Usage (462328K) : norcx_m1sub has 0 polygons
2026-03-25 22:52:23 +0100: Memory Usage (462592K) : norcx_m2sub has 0 polygons
2026-03-25 22:52:23 +0100: Memory Usage (462592K) : norcx_m3sub has 0 polygons
2026-03-25 22:52:23 +0100: Memory Usage (462592K) : norcx_m4sub has 0 polygons
2026-03-25 22:52:23 +0100: Memory Usage (462856K) : norcx_m5sub has 0 polygons
2026-03-25 22:52:23 +0100: Memory Usage (462856K) : norcx_tm1sub has 0 polygons
2026-03-25 22:52:23 +0100: Memory Usage (462856K) : norcx_tm2sub has 0 polygons
2026-03-25 22:52:23 +0100: Memory Usage (462856K) : snsbotvia_drw has 0 polygons
2026-03-25 22:52:23 +0100: Memory Usage (463120K) : snstopvia_drw has 0 polygons
2026-03-25 22:52:23 +0100: Memory Usage (463120K) : deepvia_drw has 0 polygons
2026-03-25 22:52:23 +0100: Memory Usage (463384K) : fgetch_drw has 0 polygons
2026-03-25 22:52:23 +0100: Memory Usage (463384K) : ctrgat_drw has 0 polygons
2026-03-25 22:52:23 +0100: Memory Usage (463384K) : fgimp_drw has 0 polygons
2026-03-25 22:52:23 +0100: Memory Usage (463648K) : emwihv_drw has 0 polygons
2026-03-25 22:52:23 +0100: Memory Usage (463648K) : lbe_drw has 0 polygons
2026-03-25 22:52:23 +0100: Memory Usage (463648K) : alcustop_drw has 0 polygons
2026-03-25 22:52:23 +0100: Memory Usage (463912K) : nometfiller_drw has 0 polygons
2026-03-25 22:52:23 +0100: Memory Usage (463912K) : prboundary_drw has 0 polygons
2026-03-25 22:52:23 +0100: Memory Usage (463912K) : exchange0_drw has 0 polygons
2026-03-25 22:52:23 +0100: Memory Usage (464176K) : exchange0_pin has 0 polygons
2026-03-25 22:52:23 +0100: Memory Usage (464176K) : exchange0_text has 0 polygons
2026-03-25 22:52:23 +0100: Memory Usage (464176K) : exchange1_drw has 0 polygons
2026-03-25 22:52:23 +0100: Memory Usage (464176K) : exchange1_pin has 0 polygons
2026-03-25 22:52:23 +0100: Memory Usage (464440K) : exchange1_text has 0 polygons
2026-03-25 22:52:23 +0100: Memory Usage (464440K) : exchange2_drw has 0 polygons
2026-03-25 22:52:23 +0100: Memory Usage (464440K) : exchange2_pin has 0 polygons
2026-03-25 22:52:23 +0100: Memory Usage (464440K) : exchange2_text has 0 polygons
2026-03-25 22:52:23 +0100: Memory Usage (464704K) : exchange3_drw has 0 polygons
2026-03-25 22:52:23 +0100: Memory Usage (464704K) : exchange3_pin has 0 polygons
2026-03-25 22:52:23 +0100: Memory Usage (464704K) : exchange3_text has 0 polygons
2026-03-25 22:52:23 +0100: Memory Usage (464704K) : exchange4_drw has 0 polygons
2026-03-25 22:52:23 +0100: Memory Usage (464968K) : exchange4_pin has 0 polygons
2026-03-25 22:52:23 +0100: Memory Usage (464968K) : exchange4_text has 0 polygons
2026-03-25 22:52:23 +0100: Memory Usage (464968K) : isonwell_drw has 0 polygons
2026-03-25 22:52:23 +0100: Memory Usage (464968K) : Total no. of polygons in the design is 55451
2026-03-25 22:52:23 +0100: Memory Usage (464968K) : Loaded TECH DRC rules values from /foss/pdks/ihp-sg13g2/libs.tech/klayout/python/sg13g2_pycell_lib/sg13g2_tech_mod.json
2026-03-25 22:52:23 +0100: Memory Usage (464968K) : Loaded default DRC rules values from /foss/pdks/ihp-sg13g2/libs.tech/klayout/tech/drc/rule_decks/sg13g2_tech_default.json
2026-03-25 22:52:23 +0100: Memory Usage (464968K) : The following rules values were missing in tech json and default values were used:
2026-03-25 22:52:23 +0100: Memory Usage (464968K) :   - Cnt_c_digibnd
2026-03-25 22:52:23 +0100: Memory Usage (464968K) : Total area of the design is 54805.149724999996 um^2.
2026-03-25 22:52:23 +0100: Memory Usage (464968K) : The design dimensions are 309.90500000000003 µm * 176.845 µm.
2026-03-25 22:52:23 +0100: Memory Usage (464968K) : Starting general IHP-SG13G2 derivations.
2026-03-25 22:52:23 +0100: Memory Usage (464968K) : Starting Pwell derivations
2026-03-25 22:52:23 +0100: Memory Usage (464968K) : Starting n-Activ derivations
2026-03-25 22:52:23 +0100: Memory Usage (464968K) : Starting p-Activ derivations
2026-03-25 22:52:23 +0100: Memory Usage (464968K) : Starting pact FET derivations
2026-03-25 22:52:23 +0100: Memory Usage (464968K) : Starting nact FET derivations
2026-03-25 22:52:23 +0100: Memory Usage (464968K) : Starting Gate derivations
2026-03-25 22:52:23 +0100: Memory Usage (464968K) : Starting IHP-SG13G2 DRC rules.
2026-03-25 22:52:23 +0100: Memory Usage (464968K) : Starting 5.8. GatPoly table
2026-03-25 22:52:23 +0100: Memory Usage (464968K) : Executing rule Gat.a
2026-03-25 22:52:23 +0100: Memory Usage (464968K) : Executing rule Gat.b
2026-03-25 22:52:23 +0100: Memory Usage (464968K) : Executing rule Gat.d
2026-03-25 22:52:23 +0100: Memory Usage (464968K) : Executing rule Gat.a1
2026-03-25 22:52:23 +0100: Memory Usage (466992K) : Executing rule Gat.a2
2026-03-25 22:52:23 +0100: Memory Usage (466992K) : Executing rule Gat.g
2026-03-25 22:52:23 +0100: Memory Usage (466992K) : KLayout DRC run for tables 'gatpoly' completed in 1.05 seconds
