# Logfile created on 2026-03-25 22:52:19 +0100 by logger.rb/v1.5.3
2026-03-25 22:52:19 +0100: Memory Usage (437312K) : Starting running IHP-SG13G2 KLayout DRC runset on /foss/designs/Design/xschem/IHP__OPA2251/OPA2251-main/layout/klayout/HPA.gds
2026-03-25 22:52:19 +0100: Memory Usage (437312K) : Ruby Version for klayout: 3.2.3
2026-03-25 22:52:19 +0100: Memory Usage (439316K) : Loading database to memory is complete.
2026-03-25 22:52:19 +0100: Memory Usage (439596K) : IHP-SG13G2 KLayout DRC runset output at: /foss/designs/Design/xschem/IHP__OPA2251/OPA2251-main/layout/klayout/drc_run_HPA/HPA_HPA_cont.lyrdb
2026-03-25 22:52:19 +0100: Memory Usage (439596K) : Evaluate switches.
2026-03-25 22:52:19 +0100: Memory Usage (439596K) : tables selected: cont
2026-03-25 22:52:19 +0100: Memory Usage (439596K) : KLayout will use 4 thread(s) in tiled mode.
2026-03-25 22:52:19 +0100: Memory Usage (439596K) : flat mode is enabled.
2026-03-25 22:52:19 +0100: Memory Usage (439596K) : FEOL enabled: false
2026-03-25 22:52:19 +0100: Memory Usage (439596K) : BEOL enabled: false
2026-03-25 22:52:19 +0100: Memory Usage (439596K) : OFFGRID enabled: true
2026-03-25 22:52:19 +0100: Memory Usage (439596K) : PIN enabled: false
2026-03-25 22:52:19 +0100: Memory Usage (439596K) : FORBIDDEN enabled: false
2026-03-25 22:52:19 +0100: Memory Usage (439596K) : RECOMMENDED enabled: true
2026-03-25 22:52:19 +0100: Memory Usage (439596K) : PreCheck DRC enabled: false
2026-03-25 22:52:19 +0100: Memory Usage (439596K) : CONNECTIVITY_RULES enabled: false.
2026-03-25 22:52:19 +0100: Memory Usage (439596K) : Read in polygons from layers.
2026-03-25 22:52:19 +0100: Memory Usage (442016K) : activ_drw has 198 polygons
2026-03-25 22:52:19 +0100: Memory Usage (442016K) : activ_pin has 0 polygons
2026-03-25 22:52:19 +0100: Memory Usage (442016K) : activ_mask has 0 polygons
2026-03-25 22:52:19 +0100: Memory Usage (442016K) : activ_filler has 0 polygons
2026-03-25 22:52:19 +0100: Memory Usage (442016K) : activ_nofill has 0 polygons
2026-03-25 22:52:19 +0100: Memory Usage (442016K) : activ_opc has 0 polygons
2026-03-25 22:52:19 +0100: Memory Usage (442016K) : activ_iopc has 0 polygons
2026-03-25 22:52:19 +0100: Memory Usage (442016K) : activ_noqrc has 0 polygons
2026-03-25 22:52:19 +0100: Memory Usage (442016K) : biwind_drw has 0 polygons
2026-03-25 22:52:19 +0100: Memory Usage (442016K) : biwind_opc has 0 polygons
2026-03-25 22:52:19 +0100: Memory Usage (442016K) : pemwind_drw has 0 polygons
2026-03-25 22:52:19 +0100: Memory Usage (442864K) : gatpoly_drw has 108 polygons
2026-03-25 22:52:19 +0100: Memory Usage (443104K) : gatpoly_pin has 124 polygons
2026-03-25 22:52:19 +0100: Memory Usage (443104K) : gatpoly_filler has 0 polygons
2026-03-25 22:52:19 +0100: Memory Usage (443104K) : gatpoly_nofill has 0 polygons
2026-03-25 22:52:19 +0100: Memory Usage (443104K) : gatpoly_opc has 0 polygons
2026-03-25 22:52:19 +0100: Memory Usage (443104K) : gatpoly_iopc has 0 polygons
2026-03-25 22:52:19 +0100: Memory Usage (443104K) : gatpoly_noqrc has 0 polygons
2026-03-25 22:52:19 +0100: Memory Usage (449436K) : cont_drw has 16803 polygons
2026-03-25 22:52:19 +0100: Memory Usage (449436K) : cont_opc has 0 polygons
2026-03-25 22:52:19 +0100: Memory Usage (449436K) : nsd_drw has 0 polygons
2026-03-25 22:52:19 +0100: Memory Usage (449436K) : nsd_block has 0 polygons
2026-03-25 22:52:19 +0100: Memory Usage (449436K) : metal1_drw has 390 polygons
2026-03-25 22:52:19 +0100: Memory Usage (449436K) : metal1_pin has 515 polygons
2026-03-25 22:52:19 +0100: Memory Usage (449436K) : metal1_mask has 0 polygons
2026-03-25 22:52:19 +0100: Memory Usage (449436K) : metal1_filler has 0 polygons
2026-03-25 22:52:19 +0100: Memory Usage (449436K) : metal1_nofill has 0 polygons
2026-03-25 22:52:19 +0100: Memory Usage (449436K) : metal1_slit has 0 polygons
2026-03-25 22:52:19 +0100: Memory Usage (449436K) : metal1_text has 0 polygons
2026-03-25 22:52:19 +0100: Memory Usage (449436K) : metal1_opc has 0 polygons
2026-03-25 22:52:19 +0100: Memory Usage (449436K) : metal1_noqrc has 0 polygons
2026-03-25 22:52:19 +0100: Memory Usage (449436K) : metal1_res has 0 polygons
2026-03-25 22:52:19 +0100: Memory Usage (449436K) : metal1_iprobe has 0 polygons
2026-03-25 22:52:19 +0100: Memory Usage (449436K) : metal1_diffprb has 0 polygons
2026-03-25 22:52:19 +0100: Memory Usage (449436K) : passiv_drw has 0 polygons
2026-03-25 22:52:19 +0100: Memory Usage (449436K) : passiv_pin has 0 polygons
2026-03-25 22:52:19 +0100: Memory Usage (449436K) : passiv_sbump has 0 polygons
2026-03-25 22:52:19 +0100: Memory Usage (449436K) : passiv_pillar has 0 polygons
2026-03-25 22:52:19 +0100: Memory Usage (449436K) : passiv_pdl has 0 polygons
2026-03-25 22:52:19 +0100: Memory Usage (449436K) : metal2_drw has 95 polygons
2026-03-25 22:52:19 +0100: Memory Usage (449436K) : metal2_pin has 11 polygons
2026-03-25 22:52:19 +0100: Memory Usage (449436K) : metal2_mask has 0 polygons
2026-03-25 22:52:19 +0100: Memory Usage (449436K) : metal2_filler has 0 polygons
2026-03-25 22:52:19 +0100: Memory Usage (449436K) : metal2_nofill has 0 polygons
2026-03-25 22:52:19 +0100: Memory Usage (449436K) : metal2_slit has 0 polygons
2026-03-25 22:52:19 +0100: Memory Usage (449436K) : metal2_text has 0 polygons
2026-03-25 22:52:19 +0100: Memory Usage (449436K) : metal2_opc has 0 polygons
2026-03-25 22:52:19 +0100: Memory Usage (449436K) : metal2_noqrc has 0 polygons
2026-03-25 22:52:19 +0100: Memory Usage (449436K) : metal2_res has 0 polygons
2026-03-25 22:52:19 +0100: Memory Usage (449720K) : metal2_iprobe has 0 polygons
2026-03-25 22:52:19 +0100: Memory Usage (449720K) : metal2_diffprb has 0 polygons
2026-03-25 22:52:19 +0100: Memory Usage (449720K) : baspoly_drw has 0 polygons
2026-03-25 22:52:19 +0100: Memory Usage (449720K) : baspoly_pin has 0 polygons
2026-03-25 22:52:19 +0100: Memory Usage (449784K) : psd_drw has 24 polygons
2026-03-25 22:52:19 +0100: Memory Usage (449784K) : nldb_drw has 0 polygons
2026-03-25 22:52:19 +0100: Memory Usage (449784K) : digibnd_drw has 0 polygons
2026-03-25 22:52:19 +0100: Memory Usage (451892K) : via1_drw has 9590 polygons
2026-03-25 22:52:19 +0100: Memory Usage (451892K) : backmetal1_drw has 0 polygons
2026-03-25 22:52:19 +0100: Memory Usage (451996K) : backmetal1_pin has 0 polygons
2026-03-25 22:52:19 +0100: Memory Usage (451996K) : backmetal1_mask has 0 polygons
2026-03-25 22:52:19 +0100: Memory Usage (452060K) : backmetal1_filler has 0 polygons
2026-03-25 22:52:19 +0100: Memory Usage (452060K) : backmetal1_nofill has 0 polygons
2026-03-25 22:52:19 +0100: Memory Usage (452060K) : backmetal1_slit has 0 polygons
2026-03-25 22:52:19 +0100: Memory Usage (452060K) : backmetal1_text has 0 polygons
2026-03-25 22:52:19 +0100: Memory Usage (452060K) : backmetal1_opc has 0 polygons
2026-03-25 22:52:19 +0100: Memory Usage (452060K) : backmetal1_noqrc has 0 polygons
2026-03-25 22:52:19 +0100: Memory Usage (452060K) : backmetal1_res has 0 polygons
2026-03-25 22:52:19 +0100: Memory Usage (452060K) : backmetal1_iprobe has 0 polygons
2026-03-25 22:52:19 +0100: Memory Usage (452060K) : backmetal1_diffprb has 0 polygons
2026-03-25 22:52:19 +0100: Memory Usage (452060K) : backpassiv_drw has 0 polygons
2026-03-25 22:52:19 +0100: Memory Usage (452060K) : res_drw has 0 polygons
2026-03-25 22:52:19 +0100: Memory Usage (452124K) : sram_drw has 0 polygons
2026-03-25 22:52:19 +0100: Memory Usage (452124K) : trans_drw has 0 polygons
2026-03-25 22:52:19 +0100: Memory Usage (452188K) : ind_drw has 0 polygons
2026-03-25 22:52:19 +0100: Memory Usage (452188K) : ind_pin has 0 polygons
2026-03-25 22:52:19 +0100: Memory Usage (452188K) : ind_text has 0 polygons
2026-03-25 22:52:19 +0100: Memory Usage (452448K) : salblock_drw has 7 polygons
2026-03-25 22:52:19 +0100: Memory Usage (454296K) : via2_drw has 7995 polygons
2026-03-25 22:52:19 +0100: Memory Usage (454296K) : metal3_drw has 67 polygons
2026-03-25 22:52:19 +0100: Memory Usage (454296K) : metal3_pin has 8 polygons
2026-03-25 22:52:19 +0100: Memory Usage (454296K) : metal3_mask has 0 polygons
2026-03-25 22:52:19 +0100: Memory Usage (454296K) : metal3_filler has 0 polygons
2026-03-25 22:52:19 +0100: Memory Usage (454296K) : metal3_nofill has 0 polygons
2026-03-25 22:52:19 +0100: Memory Usage (454296K) : metal3_slit has 0 polygons
2026-03-25 22:52:19 +0100: Memory Usage (454296K) : metal3_text has 0 polygons
2026-03-25 22:52:19 +0100: Memory Usage (454296K) : metal3_opc has 0 polygons
2026-03-25 22:52:19 +0100: Memory Usage (454296K) : metal3_noqrc has 0 polygons
2026-03-25 22:52:19 +0100: Memory Usage (454296K) : metal3_res has 0 polygons
2026-03-25 22:52:19 +0100: Memory Usage (454296K) : metal3_iprobe has 0 polygons
2026-03-25 22:52:19 +0100: Memory Usage (454296K) : metal3_diffprb has 0 polygons
2026-03-25 22:52:19 +0100: Memory Usage (454296K) : nwell_drw has 5 polygons
2026-03-25 22:52:19 +0100: Memory Usage (454296K) : nwell_pin has 0 polygons
2026-03-25 22:52:19 +0100: Memory Usage (454296K) : nbulay_drw has 0 polygons
2026-03-25 22:52:19 +0100: Memory Usage (454296K) : nbulay_pin has 0 polygons
2026-03-25 22:52:19 +0100: Memory Usage (454296K) : nbulay_block has 0 polygons
2026-03-25 22:52:19 +0100: Memory Usage (454296K) : emwind_drw has 0 polygons
2026-03-25 22:52:19 +0100: Memory Usage (454296K) : emwind_opc has 0 polygons
2026-03-25 22:52:19 +0100: Memory Usage (454296K) : deepco_drw has 0 polygons
2026-03-25 22:52:19 +0100: Memory Usage (454296K) : deepco_drw has 0 polygons
2026-03-25 22:52:19 +0100: Memory Usage (454296K) : mim_drw has 2 polygons
2026-03-25 22:52:19 +0100: Memory Usage (454296K) : edgeseal_drw has 0 polygons
2026-03-25 22:52:19 +0100: Memory Usage (454296K) : edgeseal_bound has 0 polygons
2026-03-25 22:52:19 +0100: Memory Usage (454296K) : substrate_drw has 723 polygons
2026-03-25 22:52:19 +0100: Memory Usage (454296K) : substrate_text has 0 polygons
2026-03-25 22:52:19 +0100: Memory Usage (454296K) : dfpad_drw has 0 polygons
2026-03-25 22:52:19 +0100: Memory Usage (454296K) : dfpad_pillar has 0 polygons
2026-03-25 22:52:19 +0100: Memory Usage (454296K) : dfpad_sbump has 0 polygons
2026-03-25 22:52:19 +0100: Memory Usage (454296K) : thickgateox_drw has 0 polygons
2026-03-25 22:52:19 +0100: Memory Usage (454296K) : pldb_drw has 0 polygons
2026-03-25 22:52:19 +0100: Memory Usage (454296K) : pwell_drw has 0 polygons
2026-03-25 22:52:19 +0100: Memory Usage (454296K) : pwell_pin has 0 polygons
2026-03-25 22:52:19 +0100: Memory Usage (454296K) : pwell_block has 0 polygons
2026-03-25 22:52:19 +0100: Memory Usage (454296K) : ic_drw has 0 polygons
2026-03-25 22:52:19 +0100: Memory Usage (454560K) : via3_drw has 7005 polygons
2026-03-25 22:52:19 +0100: Memory Usage (454560K) : metal4_drw has 40 polygons
2026-03-25 22:52:19 +0100: Memory Usage (454560K) : metal4_pin has 3 polygons
2026-03-25 22:52:19 +0100: Memory Usage (454560K) : metal4_mask has 0 polygons
2026-03-25 22:52:19 +0100: Memory Usage (454560K) : metal4_filler has 0 polygons
2026-03-25 22:52:19 +0100: Memory Usage (454560K) : metal4_nofill has 0 polygons
2026-03-25 22:52:19 +0100: Memory Usage (454560K) : metal4_slit has 0 polygons
2026-03-25 22:52:19 +0100: Memory Usage (454560K) : metal4_text has 0 polygons
2026-03-25 22:52:19 +0100: Memory Usage (454560K) : metal4_opc has 0 polygons
2026-03-25 22:52:19 +0100: Memory Usage (454560K) : metal4_noqrc has 0 polygons
2026-03-25 22:52:19 +0100: Memory Usage (454560K) : metal4_res has 0 polygons
2026-03-25 22:52:19 +0100: Memory Usage (454560K) : metal4_iprobe has 0 polygons
2026-03-25 22:52:19 +0100: Memory Usage (454560K) : metal4_diffprb has 0 polygons
2026-03-25 22:52:19 +0100: Memory Usage (454560K) : heattrans_drw has 421 polygons
2026-03-25 22:52:19 +0100: Memory Usage (454560K) : heatres_drw has 7 polygons
2026-03-25 22:52:19 +0100: Memory Usage (454560K) : pempoly_drw has 0 polygons
2026-03-25 22:52:19 +0100: Memory Usage (454560K) : fbe_drw has 0 polygons
2026-03-25 22:52:19 +0100: Memory Usage (454560K) : empoly_drw has 0 polygons
2026-03-25 22:52:19 +0100: Memory Usage (454560K) : ldmos_drw has 0 polygons
2026-03-25 22:52:19 +0100: Memory Usage (454560K) : pbiwind_drw has 0 polygons
2026-03-25 22:52:19 +0100: Memory Usage (454560K) : digisub_drw has 0 polygons
2026-03-25 22:52:19 +0100: Memory Usage (454560K) : nodrc_drw has 0 polygons
2026-03-25 22:52:19 +0100: Memory Usage (454560K) : text_drw has 1107 polygons
2026-03-25 22:52:20 +0100: Memory Usage (454824K) : via4_drw has 6898 polygons
2026-03-25 22:52:20 +0100: Memory Usage (454824K) : metal5_drw has 32 polygons
2026-03-25 22:52:20 +0100: Memory Usage (454824K) : metal5_pin has 5 polygons
2026-03-25 22:52:20 +0100: Memory Usage (454824K) : metal5_mask has 0 polygons
2026-03-25 22:52:20 +0100: Memory Usage (454824K) : metal5_filler has 0 polygons
2026-03-25 22:52:20 +0100: Memory Usage (454824K) : metal5_nofill has 0 polygons
2026-03-25 22:52:20 +0100: Memory Usage (454824K) : metal5_slit has 0 polygons
2026-03-25 22:52:20 +0100: Memory Usage (454824K) : metal5_text has 1 polygons
2026-03-25 22:52:20 +0100: Memory Usage (454824K) : metal5_opc has 0 polygons
2026-03-25 22:52:20 +0100: Memory Usage (454824K) : metal5_noqrc has 0 polygons
2026-03-25 22:52:20 +0100: Memory Usage (454824K) : metal5_res has 0 polygons
2026-03-25 22:52:20 +0100: Memory Usage (454824K) : metal5_iprobe has 0 polygons
2026-03-25 22:52:20 +0100: Memory Usage (454824K) : metal5_diffprb has 0 polygons
2026-03-25 22:52:20 +0100: Memory Usage (454824K) : radhard_drw has 0 polygons
2026-03-25 22:52:20 +0100: Memory Usage (454824K) : memcap_drw has 0 polygons
2026-03-25 22:52:20 +0100: Memory Usage (454824K) : varicap_drw has 0 polygons
2026-03-25 22:52:20 +0100: Memory Usage (454824K) : flash_drw has 0 polygons
2026-03-25 22:52:20 +0100: Memory Usage (454824K) : intbondvia_drw has 0 polygons
2026-03-25 22:52:20 +0100: Memory Usage (454824K) : intbondmet_drw has 0 polygons
2026-03-25 22:52:20 +0100: Memory Usage (454824K) : devbondvia_drw has 0 polygons
2026-03-25 22:52:20 +0100: Memory Usage (454824K) : devbondmet_drw has 0 polygons
2026-03-25 22:52:20 +0100: Memory Usage (454824K) : devtrench_drw has 0 polygons
2026-03-25 22:52:20 +0100: Memory Usage (454824K) : redist_drw has 0 polygons
2026-03-25 22:52:20 +0100: Memory Usage (454824K) : graphbot_drw has 0 polygons
2026-03-25 22:52:20 +0100: Memory Usage (454824K) : graphtop_drw has 0 polygons
2026-03-25 22:52:20 +0100: Memory Usage (454824K) : antvia1_drw has 0 polygons
2026-03-25 22:52:20 +0100: Memory Usage (454824K) : antmetal2_drw has 0 polygons
2026-03-25 22:52:20 +0100: Memory Usage (454824K) : graphcont_drw has 0 polygons
2026-03-25 22:52:20 +0100: Memory Usage (454824K) : siwg_drw has 0 polygons
2026-03-25 22:52:20 +0100: Memory Usage (454824K) : siwg_filler has 0 polygons
2026-03-25 22:52:20 +0100: Memory Usage (454824K) : siwg_nofill has 0 polygons
2026-03-25 22:52:20 +0100: Memory Usage (454824K) : sigrating_drw has 0 polygons
2026-03-25 22:52:20 +0100: Memory Usage (454824K) : singrating_drw has 0 polygons
2026-03-25 22:52:20 +0100: Memory Usage (454824K) : graphpas_drw has 0 polygons
2026-03-25 22:52:20 +0100: Memory Usage (454824K) : emwind3_drw has 0 polygons
2026-03-25 22:52:20 +0100: Memory Usage (454824K) : emwihv3_drw has 0 polygons
2026-03-25 22:52:20 +0100: Memory Usage (454824K) : redbulay_drw has 0 polygons
2026-03-25 22:52:20 +0100: Memory Usage (454824K) : smos_drw has 0 polygons
2026-03-25 22:52:20 +0100: Memory Usage (454824K) : graphpad_drw has 0 polygons
2026-03-25 22:52:20 +0100: Memory Usage (455088K) : polimide_drw has 0 polygons
2026-03-25 22:52:20 +0100: Memory Usage (455088K) : polimide_pin has 0 polygons
2026-03-25 22:52:20 +0100: Memory Usage (455088K) : recog_drw has 0 polygons
2026-03-25 22:52:20 +0100: Memory Usage (455088K) : recog_pin has 0 polygons
2026-03-25 22:52:20 +0100: Memory Usage (455088K) : recog_esd has 0 polygons
2026-03-25 22:52:20 +0100: Memory Usage (455352K) : recog_diode has 0 polygons
2026-03-25 22:52:20 +0100: Memory Usage (455352K) : recog_tsv has 0 polygons
2026-03-25 22:52:20 +0100: Memory Usage (455352K) : recog_iprobe has 0 polygons
2026-03-25 22:52:20 +0100: Memory Usage (455616K) : recog_diffprb has 0 polygons
2026-03-25 22:52:20 +0100: Memory Usage (455616K) : recog_pillar has 0 polygons
2026-03-25 22:52:20 +0100: Memory Usage (455880K) : recog_sbump has 0 polygons
2026-03-25 22:52:20 +0100: Memory Usage (455880K) : recog_otp has 0 polygons
2026-03-25 22:52:20 +0100: Memory Usage (455880K) : recog_pdiode has 0 polygons
2026-03-25 22:52:20 +0100: Memory Usage (456144K) : recog_mom has 0 polygons
2026-03-25 22:52:20 +0100: Memory Usage (456144K) : recog_pcm has 0 polygons
2026-03-25 22:52:20 +0100: Memory Usage (456144K) : colopen_drw has 0 polygons
2026-03-25 22:52:20 +0100: Memory Usage (456408K) : graphmetal1_drw has 0 polygons
2026-03-25 22:52:20 +0100: Memory Usage (456408K) : graphmetal1_filler has 0 polygons
2026-03-25 22:52:20 +0100: Memory Usage (456672K) : graphmetal1_nofill has 0 polygons
2026-03-25 22:52:20 +0100: Memory Usage (456672K) : graphmetal1_slit has 0 polygons
2026-03-25 22:52:20 +0100: Memory Usage (456672K) : graphmetal1_opc has 0 polygons
2026-03-25 22:52:20 +0100: Memory Usage (456936K) : graphmet1l_drw has 0 polygons
2026-03-25 22:52:20 +0100: Memory Usage (456936K) : graphmet1l_filler has 0 polygons
2026-03-25 22:52:20 +0100: Memory Usage (457200K) : graphmet1l_nofill has 0 polygons
2026-03-25 22:52:20 +0100: Memory Usage (457200K) : graphmet1l_slit has 0 polygons
2026-03-25 22:52:20 +0100: Memory Usage (457200K) : graphmet1l_opc has 0 polygons
2026-03-25 22:52:20 +0100: Memory Usage (457464K) : extblock_drw has 5 polygons
2026-03-25 22:52:20 +0100: Memory Usage (457464K) : nldd_drw has 0 polygons
2026-03-25 22:52:20 +0100: Memory Usage (457728K) : pldd_drw has 0 polygons
2026-03-25 22:52:20 +0100: Memory Usage (457728K) : next_drw has 0 polygons
2026-03-25 22:52:20 +0100: Memory Usage (457728K) : pext_drw has 0 polygons
2026-03-25 22:52:20 +0100: Memory Usage (457992K) : nexthv_drw has 0 polygons
2026-03-25 22:52:20 +0100: Memory Usage (457992K) : pexthv_drw has 0 polygons
2026-03-25 22:52:20 +0100: Memory Usage (457992K) : graphgate_drw has 0 polygons
2026-03-25 22:52:20 +0100: Memory Usage (458256K) : sinwg_drw has 0 polygons
2026-03-25 22:52:20 +0100: Memory Usage (458256K) : sinwg_filler has 0 polygons
2026-03-25 22:52:20 +0100: Memory Usage (458520K) : sinwg_nofill has 0 polygons
2026-03-25 22:52:20 +0100: Memory Usage (458520K) : mempad_drw has 0 polygons
2026-03-25 22:52:20 +0100: Memory Usage (458784K) : topvia1_drw has 1720 polygons
2026-03-25 22:52:20 +0100: Memory Usage (459048K) : topmetal1_drw has 13 polygons
2026-03-25 22:52:20 +0100: Memory Usage (459048K) : topmetal1_pin has 15 polygons
2026-03-25 22:52:20 +0100: Memory Usage (459048K) : topmetal1_mask has 0 polygons
2026-03-25 22:52:20 +0100: Memory Usage (459048K) : topmetal1_filler has 0 polygons
2026-03-25 22:52:20 +0100: Memory Usage (459312K) : topmetal1_nofill has 0 polygons
2026-03-25 22:52:20 +0100: Memory Usage (459312K) : topmetal1_slit has 0 polygons
2026-03-25 22:52:20 +0100: Memory Usage (459312K) : topmetal1_text has 5 polygons
2026-03-25 22:52:20 +0100: Memory Usage (459576K) : topmetal1_noqrc has 0 polygons
2026-03-25 22:52:20 +0100: Memory Usage (459576K) : topmetal1_res has 0 polygons
2026-03-25 22:52:20 +0100: Memory Usage (459576K) : topmetal1_iprobe has 0 polygons
2026-03-25 22:52:20 +0100: Memory Usage (459840K) : topmetal1_diffprb has 0 polygons
2026-03-25 22:52:20 +0100: Memory Usage (459840K) : inldpwl_drw has 0 polygons
2026-03-25 22:52:20 +0100: Memory Usage (460104K) : polyres_drw has 7 polygons
2026-03-25 22:52:20 +0100: Memory Usage (460104K) : polyres_pin has 0 polygons
2026-03-25 22:52:20 +0100: Memory Usage (460104K) : vmim_drw has 578 polygons
2026-03-25 22:52:20 +0100: Memory Usage (460368K) : nbulaycut_drw has 0 polygons
2026-03-25 22:52:20 +0100: Memory Usage (460368K) : antmetal1_drw has 0 polygons
2026-03-25 22:52:20 +0100: Memory Usage (460632K) : topvia2_drw has 916 polygons
2026-03-25 22:52:20 +0100: Memory Usage (460632K) : topmetal2_drw has 4 polygons
2026-03-25 22:52:20 +0100: Memory Usage (460896K) : topmetal2_pin has 2 polygons
2026-03-25 22:52:20 +0100: Memory Usage (460896K) : topmetal2_mask has 0 polygons
2026-03-25 22:52:20 +0100: Memory Usage (460896K) : topmetal2_filler has 0 polygons
2026-03-25 22:52:20 +0100: Memory Usage (461160K) : topmetal2_nofill has 0 polygons
2026-03-25 22:52:20 +0100: Memory Usage (461160K) : topmetal2_slit has 0 polygons
2026-03-25 22:52:20 +0100: Memory Usage (461160K) : topmetal2_text has 2 polygons
2026-03-25 22:52:20 +0100: Memory Usage (461424K) : topmetal2_noqrc has 0 polygons
2026-03-25 22:52:20 +0100: Memory Usage (461424K) : topmetal2_res has 0 polygons
2026-03-25 22:52:20 +0100: Memory Usage (461424K) : topmetal2_iprobe has 0 polygons
2026-03-25 22:52:20 +0100: Memory Usage (461688K) : topmetal2_diffprb has 0 polygons
2026-03-25 22:52:20 +0100: Memory Usage (461688K) : snsring_drw has 0 polygons
2026-03-25 22:52:20 +0100: Memory Usage (461688K) : sensor_drw has 0 polygons
2026-03-25 22:52:20 +0100: Memory Usage (461952K) : snsarms_drw has 0 polygons
2026-03-25 22:52:20 +0100: Memory Usage (461952K) : snscmosvia_drw has 0 polygons
2026-03-25 22:52:20 +0100: Memory Usage (461952K) : colwind_drw has 0 polygons
2026-03-25 22:52:20 +0100: Memory Usage (461952K) : flm_drw has 0 polygons
2026-03-25 22:52:20 +0100: Memory Usage (462216K) : hafniumox_drw has 0 polygons
2026-03-25 22:52:20 +0100: Memory Usage (462216K) : memvia_drw has 0 polygons
2026-03-25 22:52:20 +0100: Memory Usage (462216K) : thinfilmres_drw has 0 polygons
2026-03-25 22:52:20 +0100: Memory Usage (462480K) : rfmem_drw has 0 polygons
2026-03-25 22:52:20 +0100: Memory Usage (462480K) : norcx_drw has 0 polygons
2026-03-25 22:52:20 +0100: Memory Usage (462480K) : norcx_m2m3 has 0 polygons
2026-03-25 22:52:20 +0100: Memory Usage (462480K) : norcx_m2m4 has 0 polygons
2026-03-25 22:52:20 +0100: Memory Usage (462744K) : norcx_m2m5 has 0 polygons
2026-03-25 22:52:20 +0100: Memory Usage (462744K) : norcx_m2tm1 has 0 polygons
2026-03-25 22:52:20 +0100: Memory Usage (462744K) : norcx_m2tm2 has 0 polygons
2026-03-25 22:52:20 +0100: Memory Usage (463008K) : norcx_m3m4 has 0 polygons
2026-03-25 22:52:20 +0100: Memory Usage (463008K) : norcx_m3m5 has 0 polygons
2026-03-25 22:52:20 +0100: Memory Usage (463008K) : norcx_m3tm1 has 0 polygons
2026-03-25 22:52:20 +0100: Memory Usage (463272K) : norcx_m3tm2 has 0 polygons
2026-03-25 22:52:20 +0100: Memory Usage (463272K) : norcx_m4m5 has 0 polygons
2026-03-25 22:52:20 +0100: Memory Usage (463272K) : norcx_m4tm1 has 0 polygons
2026-03-25 22:52:20 +0100: Memory Usage (463536K) : norcx_m4tm2 has 0 polygons
2026-03-25 22:52:20 +0100: Memory Usage (463536K) : norcx_m5tm1 has 0 polygons
2026-03-25 22:52:20 +0100: Memory Usage (463536K) : norcx_m5tm2 has 0 polygons
2026-03-25 22:52:20 +0100: Memory Usage (463800K) : norcx_tm1tm2 has 0 polygons
2026-03-25 22:52:20 +0100: Memory Usage (463800K) : norcx_m1sub has 0 polygons
2026-03-25 22:52:20 +0100: Memory Usage (463800K) : norcx_m2sub has 0 polygons
2026-03-25 22:52:20 +0100: Memory Usage (464064K) : norcx_m3sub has 0 polygons
2026-03-25 22:52:20 +0100: Memory Usage (464064K) : norcx_m4sub has 0 polygons
2026-03-25 22:52:20 +0100: Memory Usage (464064K) : norcx_m5sub has 0 polygons
2026-03-25 22:52:20 +0100: Memory Usage (464328K) : norcx_tm1sub has 0 polygons
2026-03-25 22:52:20 +0100: Memory Usage (464328K) : norcx_tm2sub has 0 polygons
2026-03-25 22:52:20 +0100: Memory Usage (464328K) : snsbotvia_drw has 0 polygons
2026-03-25 22:52:20 +0100: Memory Usage (464328K) : snstopvia_drw has 0 polygons
2026-03-25 22:52:20 +0100: Memory Usage (464592K) : deepvia_drw has 0 polygons
2026-03-25 22:52:20 +0100: Memory Usage (464592K) : fgetch_drw has 0 polygons
2026-03-25 22:52:20 +0100: Memory Usage (464592K) : ctrgat_drw has 0 polygons
2026-03-25 22:52:20 +0100: Memory Usage (464856K) : fgimp_drw has 0 polygons
2026-03-25 22:52:20 +0100: Memory Usage (464856K) : emwihv_drw has 0 polygons
2026-03-25 22:52:20 +0100: Memory Usage (464856K) : lbe_drw has 0 polygons
2026-03-25 22:52:20 +0100: Memory Usage (465120K) : alcustop_drw has 0 polygons
2026-03-25 22:52:20 +0100: Memory Usage (465120K) : nometfiller_drw has 0 polygons
2026-03-25 22:52:20 +0100: Memory Usage (465120K) : prboundary_drw has 0 polygons
2026-03-25 22:52:20 +0100: Memory Usage (465120K) : exchange0_drw has 0 polygons
2026-03-25 22:52:20 +0100: Memory Usage (465384K) : exchange0_pin has 0 polygons
2026-03-25 22:52:20 +0100: Memory Usage (465384K) : exchange0_text has 0 polygons
2026-03-25 22:52:20 +0100: Memory Usage (465384K) : exchange1_drw has 0 polygons
2026-03-25 22:52:20 +0100: Memory Usage (465384K) : exchange1_pin has 0 polygons
2026-03-25 22:52:20 +0100: Memory Usage (465648K) : exchange1_text has 0 polygons
2026-03-25 22:52:20 +0100: Memory Usage (465648K) : exchange2_drw has 0 polygons
2026-03-25 22:52:20 +0100: Memory Usage (465648K) : exchange2_pin has 0 polygons
2026-03-25 22:52:20 +0100: Memory Usage (465912K) : exchange2_text has 0 polygons
2026-03-25 22:52:20 +0100: Memory Usage (465912K) : exchange3_drw has 0 polygons
2026-03-25 22:52:20 +0100: Memory Usage (465912K) : exchange3_pin has 0 polygons
2026-03-25 22:52:20 +0100: Memory Usage (465912K) : exchange3_text has 0 polygons
2026-03-25 22:52:20 +0100: Memory Usage (465912K) : exchange4_drw has 0 polygons
2026-03-25 22:52:20 +0100: Memory Usage (465912K) : exchange4_pin has 0 polygons
2026-03-25 22:52:20 +0100: Memory Usage (465912K) : exchange4_text has 0 polygons
2026-03-25 22:52:20 +0100: Memory Usage (465912K) : isonwell_drw has 0 polygons
2026-03-25 22:52:20 +0100: Memory Usage (465912K) : Total no. of polygons in the design is 55451
2026-03-25 22:52:20 +0100: Memory Usage (465912K) : Loaded TECH DRC rules values from /foss/pdks/ihp-sg13g2/libs.tech/klayout/python/sg13g2_pycell_lib/sg13g2_tech_mod.json
2026-03-25 22:52:20 +0100: Memory Usage (465912K) : Loaded default DRC rules values from /foss/pdks/ihp-sg13g2/libs.tech/klayout/tech/drc/rule_decks/sg13g2_tech_default.json
2026-03-25 22:52:20 +0100: Memory Usage (465912K) : The following rules values were missing in tech json and default values were used:
2026-03-25 22:52:20 +0100: Memory Usage (465912K) :   - Cnt_c_digibnd
2026-03-25 22:52:20 +0100: Memory Usage (465912K) : Total area of the design is 54805.149724999996 um^2.
2026-03-25 22:52:20 +0100: Memory Usage (465912K) : The design dimensions are 309.90500000000003 µm * 176.845 µm.
2026-03-25 22:52:20 +0100: Memory Usage (465912K) : Starting general IHP-SG13G2 derivations.
2026-03-25 22:52:20 +0100: Memory Usage (465912K) : Starting Pwell derivations
2026-03-25 22:52:20 +0100: Memory Usage (465912K) : Starting n-Activ derivations
2026-03-25 22:52:20 +0100: Memory Usage (465912K) : Starting p-Activ derivations
2026-03-25 22:52:20 +0100: Memory Usage (465912K) : Starting cont/contbar general derivations
2026-03-25 22:52:20 +0100: Memory Usage (467884K) : Starting IHP-SG13G2 DRC rules.
2026-03-25 22:52:20 +0100: Memory Usage (467884K) : Starting 5.14. Cont table
2026-03-25 22:52:20 +0100: Memory Usage (467884K) : Executing rule Cnt.a
2026-03-25 22:52:20 +0100: Memory Usage (467884K) : Executing rule Cnt.b
2026-03-25 22:52:20 +0100: Memory Usage (467884K) : Executing rule Cnt.c
2026-03-25 22:52:20 +0100: Memory Usage (467884K) : Executing rule Cnt.c
2026-03-25 22:52:20 +0100: Memory Usage (467884K) : Executing rule Cnt.d
2026-03-25 22:52:20 +0100: Memory Usage (467884K) : Executing rule Cnt.e
2026-03-25 22:52:20 +0100: Memory Usage (467884K) : Executing rule Cnt.g1
2026-03-25 22:52:20 +0100: Memory Usage (467884K) : Executing rule Cnt.g2
2026-03-25 22:52:20 +0100: Memory Usage (467884K) : KLayout DRC run for tables 'cont' completed in 1.41 seconds
