# Logfile created on 2026-03-25 22:52:25 +0100 by logger.rb/v1.5.3
2026-03-25 22:52:25 +0100: Memory Usage (437012K) : Starting running IHP-SG13G2 KLayout DRC runset on /foss/designs/Design/xschem/IHP__OPA2251/OPA2251-main/layout/klayout/HPA.gds
2026-03-25 22:52:25 +0100: Memory Usage (437012K) : Ruby Version for klayout: 3.2.3
2026-03-25 22:52:25 +0100: Memory Usage (438988K) : Loading database to memory is complete.
2026-03-25 22:52:25 +0100: Memory Usage (438988K) : IHP-SG13G2 KLayout DRC runset output at: /foss/designs/Design/xschem/IHP__OPA2251/OPA2251-main/layout/klayout/drc_run_HPA/HPA_HPA_copperpillar.lyrdb
2026-03-25 22:52:25 +0100: Memory Usage (438988K) : Evaluate switches.
2026-03-25 22:52:25 +0100: Memory Usage (438988K) : tables selected: copperpillar
2026-03-25 22:52:25 +0100: Memory Usage (438988K) : KLayout will use 4 thread(s) in tiled mode.
2026-03-25 22:52:25 +0100: Memory Usage (438988K) : flat mode is enabled.
2026-03-25 22:52:25 +0100: Memory Usage (438988K) : FEOL enabled: false
2026-03-25 22:52:25 +0100: Memory Usage (438988K) : BEOL enabled: false
2026-03-25 22:52:25 +0100: Memory Usage (438988K) : OFFGRID enabled: true
2026-03-25 22:52:25 +0100: Memory Usage (438988K) : PIN enabled: false
2026-03-25 22:52:25 +0100: Memory Usage (438988K) : FORBIDDEN enabled: false
2026-03-25 22:52:25 +0100: Memory Usage (438988K) : RECOMMENDED enabled: true
2026-03-25 22:52:25 +0100: Memory Usage (438988K) : PreCheck DRC enabled: false
2026-03-25 22:52:25 +0100: Memory Usage (438988K) : CONNECTIVITY_RULES enabled: false.
2026-03-25 22:52:25 +0100: Memory Usage (438988K) : Read in polygons from layers.
2026-03-25 22:52:25 +0100: Memory Usage (441544K) : activ_drw has 198 polygons
2026-03-25 22:52:25 +0100: Memory Usage (441544K) : activ_pin has 0 polygons
2026-03-25 22:52:25 +0100: Memory Usage (441544K) : activ_mask has 0 polygons
2026-03-25 22:52:25 +0100: Memory Usage (441544K) : activ_filler has 0 polygons
2026-03-25 22:52:25 +0100: Memory Usage (441544K) : activ_nofill has 0 polygons
2026-03-25 22:52:25 +0100: Memory Usage (441544K) : activ_opc has 0 polygons
2026-03-25 22:52:25 +0100: Memory Usage (441544K) : activ_iopc has 0 polygons
2026-03-25 22:52:25 +0100: Memory Usage (441544K) : activ_noqrc has 0 polygons
2026-03-25 22:52:25 +0100: Memory Usage (441544K) : biwind_drw has 0 polygons
2026-03-25 22:52:25 +0100: Memory Usage (441544K) : biwind_opc has 0 polygons
2026-03-25 22:52:26 +0100: Memory Usage (441544K) : pemwind_drw has 0 polygons
2026-03-25 22:52:26 +0100: Memory Usage (442504K) : gatpoly_drw has 108 polygons
2026-03-25 22:52:26 +0100: Memory Usage (442692K) : gatpoly_pin has 124 polygons
2026-03-25 22:52:26 +0100: Memory Usage (442692K) : gatpoly_filler has 0 polygons
2026-03-25 22:52:26 +0100: Memory Usage (442692K) : gatpoly_nofill has 0 polygons
2026-03-25 22:52:26 +0100: Memory Usage (442692K) : gatpoly_opc has 0 polygons
2026-03-25 22:52:26 +0100: Memory Usage (442692K) : gatpoly_iopc has 0 polygons
2026-03-25 22:52:26 +0100: Memory Usage (442692K) : gatpoly_noqrc has 0 polygons
2026-03-25 22:52:26 +0100: Memory Usage (449024K) : cont_drw has 16803 polygons
2026-03-25 22:52:26 +0100: Memory Usage (449024K) : cont_opc has 0 polygons
2026-03-25 22:52:26 +0100: Memory Usage (449024K) : nsd_drw has 0 polygons
2026-03-25 22:52:26 +0100: Memory Usage (449024K) : nsd_block has 0 polygons
2026-03-25 22:52:26 +0100: Memory Usage (449024K) : metal1_drw has 390 polygons
2026-03-25 22:52:26 +0100: Memory Usage (449024K) : metal1_pin has 515 polygons
2026-03-25 22:52:26 +0100: Memory Usage (449024K) : metal1_mask has 0 polygons
2026-03-25 22:52:26 +0100: Memory Usage (449024K) : metal1_filler has 0 polygons
2026-03-25 22:52:26 +0100: Memory Usage (449024K) : metal1_nofill has 0 polygons
2026-03-25 22:52:26 +0100: Memory Usage (449064K) : metal1_slit has 0 polygons
2026-03-25 22:52:26 +0100: Memory Usage (449064K) : metal1_text has 0 polygons
2026-03-25 22:52:26 +0100: Memory Usage (449064K) : metal1_opc has 0 polygons
2026-03-25 22:52:26 +0100: Memory Usage (449064K) : metal1_noqrc has 0 polygons
2026-03-25 22:52:26 +0100: Memory Usage (449064K) : metal1_res has 0 polygons
2026-03-25 22:52:26 +0100: Memory Usage (449064K) : metal1_iprobe has 0 polygons
2026-03-25 22:52:26 +0100: Memory Usage (449064K) : metal1_diffprb has 0 polygons
2026-03-25 22:52:26 +0100: Memory Usage (449064K) : passiv_drw has 0 polygons
2026-03-25 22:52:26 +0100: Memory Usage (449064K) : passiv_pin has 0 polygons
2026-03-25 22:52:26 +0100: Memory Usage (449064K) : passiv_sbump has 0 polygons
2026-03-25 22:52:26 +0100: Memory Usage (449064K) : passiv_pillar has 0 polygons
2026-03-25 22:52:26 +0100: Memory Usage (449064K) : passiv_pdl has 0 polygons
2026-03-25 22:52:26 +0100: Memory Usage (449064K) : metal2_drw has 95 polygons
2026-03-25 22:52:26 +0100: Memory Usage (449064K) : metal2_pin has 11 polygons
2026-03-25 22:52:26 +0100: Memory Usage (449064K) : metal2_mask has 0 polygons
2026-03-25 22:52:26 +0100: Memory Usage (449316K) : metal2_filler has 0 polygons
2026-03-25 22:52:26 +0100: Memory Usage (449316K) : metal2_nofill has 0 polygons
2026-03-25 22:52:26 +0100: Memory Usage (449316K) : metal2_slit has 0 polygons
2026-03-25 22:52:26 +0100: Memory Usage (449316K) : metal2_text has 0 polygons
2026-03-25 22:52:26 +0100: Memory Usage (449316K) : metal2_opc has 0 polygons
2026-03-25 22:52:26 +0100: Memory Usage (449316K) : metal2_noqrc has 0 polygons
2026-03-25 22:52:26 +0100: Memory Usage (449316K) : metal2_res has 0 polygons
2026-03-25 22:52:26 +0100: Memory Usage (449380K) : metal2_iprobe has 0 polygons
2026-03-25 22:52:26 +0100: Memory Usage (449380K) : metal2_diffprb has 0 polygons
2026-03-25 22:52:26 +0100: Memory Usage (449380K) : baspoly_drw has 0 polygons
2026-03-25 22:52:26 +0100: Memory Usage (449380K) : baspoly_pin has 0 polygons
2026-03-25 22:52:26 +0100: Memory Usage (449444K) : psd_drw has 24 polygons
2026-03-25 22:52:26 +0100: Memory Usage (449444K) : nldb_drw has 0 polygons
2026-03-25 22:52:26 +0100: Memory Usage (449444K) : digibnd_drw has 0 polygons
2026-03-25 22:52:26 +0100: Memory Usage (451552K) : via1_drw has 9590 polygons
2026-03-25 22:52:26 +0100: Memory Usage (451552K) : backmetal1_drw has 0 polygons
2026-03-25 22:52:26 +0100: Memory Usage (451660K) : backmetal1_pin has 0 polygons
2026-03-25 22:52:26 +0100: Memory Usage (451660K) : backmetal1_mask has 0 polygons
2026-03-25 22:52:26 +0100: Memory Usage (451724K) : backmetal1_filler has 0 polygons
2026-03-25 22:52:26 +0100: Memory Usage (451724K) : backmetal1_nofill has 0 polygons
2026-03-25 22:52:26 +0100: Memory Usage (451724K) : backmetal1_slit has 0 polygons
2026-03-25 22:52:26 +0100: Memory Usage (451724K) : backmetal1_text has 0 polygons
2026-03-25 22:52:26 +0100: Memory Usage (451724K) : backmetal1_opc has 0 polygons
2026-03-25 22:52:26 +0100: Memory Usage (451724K) : backmetal1_noqrc has 0 polygons
2026-03-25 22:52:26 +0100: Memory Usage (451724K) : backmetal1_res has 0 polygons
2026-03-25 22:52:26 +0100: Memory Usage (451724K) : backmetal1_iprobe has 0 polygons
2026-03-25 22:52:26 +0100: Memory Usage (451724K) : backmetal1_diffprb has 0 polygons
2026-03-25 22:52:26 +0100: Memory Usage (451724K) : backpassiv_drw has 0 polygons
2026-03-25 22:52:26 +0100: Memory Usage (451724K) : res_drw has 0 polygons
2026-03-25 22:52:26 +0100: Memory Usage (451788K) : sram_drw has 0 polygons
2026-03-25 22:52:26 +0100: Memory Usage (451788K) : trans_drw has 0 polygons
2026-03-25 22:52:26 +0100: Memory Usage (451852K) : ind_drw has 0 polygons
2026-03-25 22:52:26 +0100: Memory Usage (451852K) : ind_pin has 0 polygons
2026-03-25 22:52:26 +0100: Memory Usage (451852K) : ind_text has 0 polygons
2026-03-25 22:52:26 +0100: Memory Usage (452112K) : salblock_drw has 7 polygons
2026-03-25 22:52:26 +0100: Memory Usage (453960K) : via2_drw has 7995 polygons
2026-03-25 22:52:26 +0100: Memory Usage (453960K) : metal3_drw has 67 polygons
2026-03-25 22:52:26 +0100: Memory Usage (453960K) : metal3_pin has 8 polygons
2026-03-25 22:52:26 +0100: Memory Usage (453960K) : metal3_mask has 0 polygons
2026-03-25 22:52:26 +0100: Memory Usage (453960K) : metal3_filler has 0 polygons
2026-03-25 22:52:26 +0100: Memory Usage (453960K) : metal3_nofill has 0 polygons
2026-03-25 22:52:26 +0100: Memory Usage (454056K) : metal3_slit has 0 polygons
2026-03-25 22:52:26 +0100: Memory Usage (454056K) : metal3_text has 0 polygons
2026-03-25 22:52:26 +0100: Memory Usage (454056K) : metal3_opc has 0 polygons
2026-03-25 22:52:26 +0100: Memory Usage (454056K) : metal3_noqrc has 0 polygons
2026-03-25 22:52:26 +0100: Memory Usage (454056K) : metal3_res has 0 polygons
2026-03-25 22:52:26 +0100: Memory Usage (454056K) : metal3_iprobe has 0 polygons
2026-03-25 22:52:26 +0100: Memory Usage (454300K) : metal3_diffprb has 0 polygons
2026-03-25 22:52:26 +0100: Memory Usage (454824K) : nwell_drw has 5 polygons
2026-03-25 22:52:26 +0100: Memory Usage (454824K) : nwell_pin has 0 polygons
2026-03-25 22:52:26 +0100: Memory Usage (454824K) : nbulay_drw has 0 polygons
2026-03-25 22:52:26 +0100: Memory Usage (454824K) : nbulay_pin has 0 polygons
2026-03-25 22:52:26 +0100: Memory Usage (455028K) : nbulay_block has 0 polygons
2026-03-25 22:52:26 +0100: Memory Usage (455028K) : emwind_drw has 0 polygons
2026-03-25 22:52:26 +0100: Memory Usage (455028K) : emwind_opc has 0 polygons
2026-03-25 22:52:26 +0100: Memory Usage (455028K) : deepco_drw has 0 polygons
2026-03-25 22:52:26 +0100: Memory Usage (455288K) : deepco_drw has 0 polygons
2026-03-25 22:52:26 +0100: Memory Usage (455288K) : mim_drw has 2 polygons
2026-03-25 22:52:26 +0100: Memory Usage (455288K) : edgeseal_drw has 0 polygons
2026-03-25 22:52:26 +0100: Memory Usage (455552K) : edgeseal_bound has 0 polygons
2026-03-25 22:52:26 +0100: Memory Usage (455552K) : substrate_drw has 723 polygons
2026-03-25 22:52:26 +0100: Memory Usage (455552K) : substrate_text has 0 polygons
2026-03-25 22:52:26 +0100: Memory Usage (455552K) : dfpad_drw has 0 polygons
2026-03-25 22:52:26 +0100: Memory Usage (455552K) : dfpad_pillar has 0 polygons
2026-03-25 22:52:26 +0100: Memory Usage (455552K) : dfpad_sbump has 0 polygons
2026-03-25 22:52:26 +0100: Memory Usage (455552K) : thickgateox_drw has 0 polygons
2026-03-25 22:52:26 +0100: Memory Usage (455552K) : pldb_drw has 0 polygons
2026-03-25 22:52:26 +0100: Memory Usage (455552K) : pwell_drw has 0 polygons
2026-03-25 22:52:26 +0100: Memory Usage (455552K) : pwell_pin has 0 polygons
2026-03-25 22:52:26 +0100: Memory Usage (455552K) : pwell_block has 0 polygons
2026-03-25 22:52:26 +0100: Memory Usage (455552K) : ic_drw has 0 polygons
2026-03-25 22:52:26 +0100: Memory Usage (456344K) : via3_drw has 7005 polygons
2026-03-25 22:52:26 +0100: Memory Usage (456344K) : metal4_drw has 40 polygons
2026-03-25 22:52:26 +0100: Memory Usage (456344K) : metal4_pin has 3 polygons
2026-03-25 22:52:26 +0100: Memory Usage (456344K) : metal4_mask has 0 polygons
2026-03-25 22:52:26 +0100: Memory Usage (456344K) : metal4_filler has 0 polygons
2026-03-25 22:52:26 +0100: Memory Usage (456344K) : metal4_nofill has 0 polygons
2026-03-25 22:52:26 +0100: Memory Usage (456344K) : metal4_slit has 0 polygons
2026-03-25 22:52:26 +0100: Memory Usage (456344K) : metal4_text has 0 polygons
2026-03-25 22:52:26 +0100: Memory Usage (456344K) : metal4_opc has 0 polygons
2026-03-25 22:52:26 +0100: Memory Usage (456344K) : metal4_noqrc has 0 polygons
2026-03-25 22:52:26 +0100: Memory Usage (456344K) : metal4_res has 0 polygons
2026-03-25 22:52:26 +0100: Memory Usage (456344K) : metal4_iprobe has 0 polygons
2026-03-25 22:52:26 +0100: Memory Usage (456344K) : metal4_diffprb has 0 polygons
2026-03-25 22:52:26 +0100: Memory Usage (456344K) : heattrans_drw has 421 polygons
2026-03-25 22:52:26 +0100: Memory Usage (456344K) : heatres_drw has 7 polygons
2026-03-25 22:52:26 +0100: Memory Usage (456344K) : pempoly_drw has 0 polygons
2026-03-25 22:52:26 +0100: Memory Usage (456344K) : fbe_drw has 0 polygons
2026-03-25 22:52:26 +0100: Memory Usage (456344K) : empoly_drw has 0 polygons
2026-03-25 22:52:26 +0100: Memory Usage (456344K) : ldmos_drw has 0 polygons
2026-03-25 22:52:26 +0100: Memory Usage (456344K) : pbiwind_drw has 0 polygons
2026-03-25 22:52:26 +0100: Memory Usage (456344K) : digisub_drw has 0 polygons
2026-03-25 22:52:26 +0100: Memory Usage (456344K) : nodrc_drw has 0 polygons
2026-03-25 22:52:26 +0100: Memory Usage (456344K) : text_drw has 1107 polygons
2026-03-25 22:52:26 +0100: Memory Usage (456664K) : via4_drw has 6898 polygons
2026-03-25 22:52:26 +0100: Memory Usage (456664K) : metal5_drw has 32 polygons
2026-03-25 22:52:26 +0100: Memory Usage (456664K) : metal5_pin has 5 polygons
2026-03-25 22:52:26 +0100: Memory Usage (456664K) : metal5_mask has 0 polygons
2026-03-25 22:52:26 +0100: Memory Usage (456664K) : metal5_filler has 0 polygons
2026-03-25 22:52:26 +0100: Memory Usage (456664K) : metal5_nofill has 0 polygons
2026-03-25 22:52:26 +0100: Memory Usage (456664K) : metal5_slit has 0 polygons
2026-03-25 22:52:26 +0100: Memory Usage (456664K) : metal5_text has 1 polygons
2026-03-25 22:52:26 +0100: Memory Usage (456664K) : metal5_opc has 0 polygons
2026-03-25 22:52:26 +0100: Memory Usage (456664K) : metal5_noqrc has 0 polygons
2026-03-25 22:52:26 +0100: Memory Usage (456664K) : metal5_res has 0 polygons
2026-03-25 22:52:26 +0100: Memory Usage (456664K) : metal5_iprobe has 0 polygons
2026-03-25 22:52:26 +0100: Memory Usage (456664K) : metal5_diffprb has 0 polygons
2026-03-25 22:52:26 +0100: Memory Usage (456664K) : radhard_drw has 0 polygons
2026-03-25 22:52:26 +0100: Memory Usage (456664K) : memcap_drw has 0 polygons
2026-03-25 22:52:26 +0100: Memory Usage (456664K) : varicap_drw has 0 polygons
2026-03-25 22:52:26 +0100: Memory Usage (456664K) : flash_drw has 0 polygons
2026-03-25 22:52:26 +0100: Memory Usage (456664K) : intbondvia_drw has 0 polygons
2026-03-25 22:52:26 +0100: Memory Usage (456664K) : intbondmet_drw has 0 polygons
2026-03-25 22:52:26 +0100: Memory Usage (456664K) : devbondvia_drw has 0 polygons
2026-03-25 22:52:26 +0100: Memory Usage (456664K) : devbondmet_drw has 0 polygons
2026-03-25 22:52:26 +0100: Memory Usage (456664K) : devtrench_drw has 0 polygons
2026-03-25 22:52:26 +0100: Memory Usage (456664K) : redist_drw has 0 polygons
2026-03-25 22:52:26 +0100: Memory Usage (456664K) : graphbot_drw has 0 polygons
2026-03-25 22:52:26 +0100: Memory Usage (456664K) : graphtop_drw has 0 polygons
2026-03-25 22:52:26 +0100: Memory Usage (456664K) : antvia1_drw has 0 polygons
2026-03-25 22:52:26 +0100: Memory Usage (456664K) : antmetal2_drw has 0 polygons
2026-03-25 22:52:26 +0100: Memory Usage (456664K) : graphcont_drw has 0 polygons
2026-03-25 22:52:26 +0100: Memory Usage (456664K) : siwg_drw has 0 polygons
2026-03-25 22:52:26 +0100: Memory Usage (456664K) : siwg_filler has 0 polygons
2026-03-25 22:52:26 +0100: Memory Usage (456664K) : siwg_nofill has 0 polygons
2026-03-25 22:52:26 +0100: Memory Usage (456664K) : sigrating_drw has 0 polygons
2026-03-25 22:52:26 +0100: Memory Usage (456664K) : singrating_drw has 0 polygons
2026-03-25 22:52:26 +0100: Memory Usage (456664K) : graphpas_drw has 0 polygons
2026-03-25 22:52:26 +0100: Memory Usage (456664K) : emwind3_drw has 0 polygons
2026-03-25 22:52:26 +0100: Memory Usage (456664K) : emwihv3_drw has 0 polygons
2026-03-25 22:52:26 +0100: Memory Usage (456664K) : redbulay_drw has 0 polygons
2026-03-25 22:52:26 +0100: Memory Usage (456664K) : smos_drw has 0 polygons
2026-03-25 22:52:26 +0100: Memory Usage (456664K) : graphpad_drw has 0 polygons
2026-03-25 22:52:26 +0100: Memory Usage (456664K) : polimide_drw has 0 polygons
2026-03-25 22:52:26 +0100: Memory Usage (456664K) : polimide_pin has 0 polygons
2026-03-25 22:52:26 +0100: Memory Usage (456664K) : recog_drw has 0 polygons
2026-03-25 22:52:26 +0100: Memory Usage (456664K) : recog_pin has 0 polygons
2026-03-25 22:52:26 +0100: Memory Usage (456664K) : recog_esd has 0 polygons
2026-03-25 22:52:26 +0100: Memory Usage (456664K) : recog_diode has 0 polygons
2026-03-25 22:52:26 +0100: Memory Usage (456664K) : recog_tsv has 0 polygons
2026-03-25 22:52:26 +0100: Memory Usage (456664K) : recog_iprobe has 0 polygons
2026-03-25 22:52:26 +0100: Memory Usage (456664K) : recog_diffprb has 0 polygons
2026-03-25 22:52:26 +0100: Memory Usage (456664K) : recog_pillar has 0 polygons
2026-03-25 22:52:26 +0100: Memory Usage (456664K) : recog_sbump has 0 polygons
2026-03-25 22:52:26 +0100: Memory Usage (456664K) : recog_otp has 0 polygons
2026-03-25 22:52:26 +0100: Memory Usage (456664K) : recog_pdiode has 0 polygons
2026-03-25 22:52:26 +0100: Memory Usage (456664K) : recog_mom has 0 polygons
2026-03-25 22:52:26 +0100: Memory Usage (456664K) : recog_pcm has 0 polygons
2026-03-25 22:52:26 +0100: Memory Usage (456664K) : colopen_drw has 0 polygons
2026-03-25 22:52:26 +0100: Memory Usage (456664K) : graphmetal1_drw has 0 polygons
2026-03-25 22:52:26 +0100: Memory Usage (456664K) : graphmetal1_filler has 0 polygons
2026-03-25 22:52:26 +0100: Memory Usage (456664K) : graphmetal1_nofill has 0 polygons
2026-03-25 22:52:26 +0100: Memory Usage (456664K) : graphmetal1_slit has 0 polygons
2026-03-25 22:52:26 +0100: Memory Usage (456664K) : graphmetal1_opc has 0 polygons
2026-03-25 22:52:26 +0100: Memory Usage (456664K) : graphmet1l_drw has 0 polygons
2026-03-25 22:52:26 +0100: Memory Usage (456664K) : graphmet1l_filler has 0 polygons
2026-03-25 22:52:26 +0100: Memory Usage (456664K) : graphmet1l_nofill has 0 polygons
2026-03-25 22:52:26 +0100: Memory Usage (456664K) : graphmet1l_slit has 0 polygons
2026-03-25 22:52:26 +0100: Memory Usage (456664K) : graphmet1l_opc has 0 polygons
2026-03-25 22:52:26 +0100: Memory Usage (456664K) : extblock_drw has 5 polygons
2026-03-25 22:52:26 +0100: Memory Usage (456664K) : nldd_drw has 0 polygons
2026-03-25 22:52:26 +0100: Memory Usage (456664K) : pldd_drw has 0 polygons
2026-03-25 22:52:26 +0100: Memory Usage (456664K) : next_drw has 0 polygons
2026-03-25 22:52:26 +0100: Memory Usage (456664K) : pext_drw has 0 polygons
2026-03-25 22:52:26 +0100: Memory Usage (456664K) : nexthv_drw has 0 polygons
2026-03-25 22:52:26 +0100: Memory Usage (456664K) : pexthv_drw has 0 polygons
2026-03-25 22:52:26 +0100: Memory Usage (456664K) : graphgate_drw has 0 polygons
2026-03-25 22:52:26 +0100: Memory Usage (456664K) : sinwg_drw has 0 polygons
2026-03-25 22:52:26 +0100: Memory Usage (456664K) : sinwg_filler has 0 polygons
2026-03-25 22:52:26 +0100: Memory Usage (456664K) : sinwg_nofill has 0 polygons
2026-03-25 22:52:26 +0100: Memory Usage (456664K) : mempad_drw has 0 polygons
2026-03-25 22:52:26 +0100: Memory Usage (456664K) : topvia1_drw has 1720 polygons
2026-03-25 22:52:26 +0100: Memory Usage (456664K) : topmetal1_drw has 13 polygons
2026-03-25 22:52:26 +0100: Memory Usage (456664K) : topmetal1_pin has 15 polygons
2026-03-25 22:52:26 +0100: Memory Usage (456664K) : topmetal1_mask has 0 polygons
2026-03-25 22:52:26 +0100: Memory Usage (456928K) : topmetal1_filler has 0 polygons
2026-03-25 22:52:26 +0100: Memory Usage (456928K) : topmetal1_nofill has 0 polygons
2026-03-25 22:52:26 +0100: Memory Usage (456928K) : topmetal1_slit has 0 polygons
2026-03-25 22:52:26 +0100: Memory Usage (457192K) : topmetal1_text has 5 polygons
2026-03-25 22:52:26 +0100: Memory Usage (457192K) : topmetal1_noqrc has 0 polygons
2026-03-25 22:52:26 +0100: Memory Usage (457192K) : topmetal1_res has 0 polygons
2026-03-25 22:52:26 +0100: Memory Usage (457456K) : topmetal1_iprobe has 0 polygons
2026-03-25 22:52:26 +0100: Memory Usage (457456K) : topmetal1_diffprb has 0 polygons
2026-03-25 22:52:26 +0100: Memory Usage (457456K) : inldpwl_drw has 0 polygons
2026-03-25 22:52:26 +0100: Memory Usage (457720K) : polyres_drw has 7 polygons
2026-03-25 22:52:26 +0100: Memory Usage (457720K) : polyres_pin has 0 polygons
2026-03-25 22:52:26 +0100: Memory Usage (457984K) : vmim_drw has 578 polygons
2026-03-25 22:52:26 +0100: Memory Usage (457984K) : nbulaycut_drw has 0 polygons
2026-03-25 22:52:26 +0100: Memory Usage (457984K) : antmetal1_drw has 0 polygons
2026-03-25 22:52:26 +0100: Memory Usage (458248K) : topvia2_drw has 916 polygons
2026-03-25 22:52:26 +0100: Memory Usage (458512K) : topmetal2_drw has 4 polygons
2026-03-25 22:52:26 +0100: Memory Usage (458512K) : topmetal2_pin has 2 polygons
2026-03-25 22:52:26 +0100: Memory Usage (458512K) : topmetal2_mask has 0 polygons
2026-03-25 22:52:26 +0100: Memory Usage (458776K) : topmetal2_filler has 0 polygons
2026-03-25 22:52:26 +0100: Memory Usage (458776K) : topmetal2_nofill has 0 polygons
2026-03-25 22:52:26 +0100: Memory Usage (458776K) : topmetal2_slit has 0 polygons
2026-03-25 22:52:26 +0100: Memory Usage (459040K) : topmetal2_text has 2 polygons
2026-03-25 22:52:26 +0100: Memory Usage (459040K) : topmetal2_noqrc has 0 polygons
2026-03-25 22:52:26 +0100: Memory Usage (459040K) : topmetal2_res has 0 polygons
2026-03-25 22:52:26 +0100: Memory Usage (459304K) : topmetal2_iprobe has 0 polygons
2026-03-25 22:52:26 +0100: Memory Usage (459304K) : topmetal2_diffprb has 0 polygons
2026-03-25 22:52:26 +0100: Memory Usage (459568K) : snsring_drw has 0 polygons
2026-03-25 22:52:26 +0100: Memory Usage (459568K) : sensor_drw has 0 polygons
2026-03-25 22:52:26 +0100: Memory Usage (459568K) : snsarms_drw has 0 polygons
2026-03-25 22:52:26 +0100: Memory Usage (459832K) : snscmosvia_drw has 0 polygons
2026-03-25 22:52:26 +0100: Memory Usage (459832K) : colwind_drw has 0 polygons
2026-03-25 22:52:26 +0100: Memory Usage (459832K) : flm_drw has 0 polygons
2026-03-25 22:52:26 +0100: Memory Usage (460096K) : hafniumox_drw has 0 polygons
2026-03-25 22:52:26 +0100: Memory Usage (460096K) : memvia_drw has 0 polygons
2026-03-25 22:52:26 +0100: Memory Usage (460360K) : thinfilmres_drw has 0 polygons
2026-03-25 22:52:26 +0100: Memory Usage (460360K) : rfmem_drw has 0 polygons
2026-03-25 22:52:26 +0100: Memory Usage (460360K) : norcx_drw has 0 polygons
2026-03-25 22:52:26 +0100: Memory Usage (460624K) : norcx_m2m3 has 0 polygons
2026-03-25 22:52:26 +0100: Memory Usage (460624K) : norcx_m2m4 has 0 polygons
2026-03-25 22:52:26 +0100: Memory Usage (460888K) : norcx_m2m5 has 0 polygons
2026-03-25 22:52:26 +0100: Memory Usage (460888K) : norcx_m2tm1 has 0 polygons
2026-03-25 22:52:26 +0100: Memory Usage (460888K) : norcx_m2tm2 has 0 polygons
2026-03-25 22:52:26 +0100: Memory Usage (461152K) : norcx_m3m4 has 0 polygons
2026-03-25 22:52:26 +0100: Memory Usage (461152K) : norcx_m3m5 has 0 polygons
2026-03-25 22:52:26 +0100: Memory Usage (461416K) : norcx_m3tm1 has 0 polygons
2026-03-25 22:52:26 +0100: Memory Usage (461416K) : norcx_m3tm2 has 0 polygons
2026-03-25 22:52:26 +0100: Memory Usage (461416K) : norcx_m4m5 has 0 polygons
2026-03-25 22:52:26 +0100: Memory Usage (461680K) : norcx_m4tm1 has 0 polygons
2026-03-25 22:52:26 +0100: Memory Usage (461680K) : norcx_m4tm2 has 0 polygons
2026-03-25 22:52:26 +0100: Memory Usage (461680K) : norcx_m5tm1 has 0 polygons
2026-03-25 22:52:26 +0100: Memory Usage (461680K) : norcx_m5tm2 has 0 polygons
2026-03-25 22:52:26 +0100: Memory Usage (461944K) : norcx_tm1tm2 has 0 polygons
2026-03-25 22:52:26 +0100: Memory Usage (461944K) : norcx_m1sub has 0 polygons
2026-03-25 22:52:26 +0100: Memory Usage (461944K) : norcx_m2sub has 0 polygons
2026-03-25 22:52:26 +0100: Memory Usage (462208K) : norcx_m3sub has 0 polygons
2026-03-25 22:52:26 +0100: Memory Usage (462208K) : norcx_m4sub has 0 polygons
2026-03-25 22:52:26 +0100: Memory Usage (462208K) : norcx_m5sub has 0 polygons
2026-03-25 22:52:26 +0100: Memory Usage (462208K) : norcx_tm1sub has 0 polygons
2026-03-25 22:52:26 +0100: Memory Usage (462472K) : norcx_tm2sub has 0 polygons
2026-03-25 22:52:26 +0100: Memory Usage (462472K) : snsbotvia_drw has 0 polygons
2026-03-25 22:52:26 +0100: Memory Usage (462472K) : snstopvia_drw has 0 polygons
2026-03-25 22:52:26 +0100: Memory Usage (462736K) : deepvia_drw has 0 polygons
2026-03-25 22:52:26 +0100: Memory Usage (462736K) : fgetch_drw has 0 polygons
2026-03-25 22:52:26 +0100: Memory Usage (462736K) : ctrgat_drw has 0 polygons
2026-03-25 22:52:26 +0100: Memory Usage (462736K) : fgimp_drw has 0 polygons
2026-03-25 22:52:26 +0100: Memory Usage (463000K) : emwihv_drw has 0 polygons
2026-03-25 22:52:26 +0100: Memory Usage (463000K) : lbe_drw has 0 polygons
2026-03-25 22:52:26 +0100: Memory Usage (463264K) : alcustop_drw has 0 polygons
2026-03-25 22:52:26 +0100: Memory Usage (463264K) : nometfiller_drw has 0 polygons
2026-03-25 22:52:26 +0100: Memory Usage (463264K) : prboundary_drw has 0 polygons
2026-03-25 22:52:26 +0100: Memory Usage (463528K) : exchange0_drw has 0 polygons
2026-03-25 22:52:26 +0100: Memory Usage (463528K) : exchange0_pin has 0 polygons
2026-03-25 22:52:26 +0100: Memory Usage (463528K) : exchange0_text has 0 polygons
2026-03-25 22:52:26 +0100: Memory Usage (463792K) : exchange1_drw has 0 polygons
2026-03-25 22:52:26 +0100: Memory Usage (463792K) : exchange1_pin has 0 polygons
2026-03-25 22:52:26 +0100: Memory Usage (463792K) : exchange1_text has 0 polygons
2026-03-25 22:52:26 +0100: Memory Usage (464056K) : exchange2_drw has 0 polygons
2026-03-25 22:52:26 +0100: Memory Usage (464056K) : exchange2_pin has 0 polygons
2026-03-25 22:52:26 +0100: Memory Usage (464056K) : exchange2_text has 0 polygons
2026-03-25 22:52:26 +0100: Memory Usage (464056K) : exchange3_drw has 0 polygons
2026-03-25 22:52:26 +0100: Memory Usage (464320K) : exchange3_pin has 0 polygons
2026-03-25 22:52:26 +0100: Memory Usage (464320K) : exchange3_text has 0 polygons
2026-03-25 22:52:26 +0100: Memory Usage (464320K) : exchange4_drw has 0 polygons
2026-03-25 22:52:26 +0100: Memory Usage (464320K) : exchange4_pin has 0 polygons
2026-03-25 22:52:26 +0100: Memory Usage (464584K) : exchange4_text has 0 polygons
2026-03-25 22:52:26 +0100: Memory Usage (464584K) : isonwell_drw has 0 polygons
2026-03-25 22:52:26 +0100: Memory Usage (464584K) : Total no. of polygons in the design is 55451
2026-03-25 22:52:26 +0100: Memory Usage (464584K) : Loaded TECH DRC rules values from /foss/pdks/ihp-sg13g2/libs.tech/klayout/python/sg13g2_pycell_lib/sg13g2_tech_mod.json
2026-03-25 22:52:26 +0100: Memory Usage (464584K) : Loaded default DRC rules values from /foss/pdks/ihp-sg13g2/libs.tech/klayout/tech/drc/rule_decks/sg13g2_tech_default.json
2026-03-25 22:52:26 +0100: Memory Usage (464584K) : The following rules values were missing in tech json and default values were used:
2026-03-25 22:52:26 +0100: Memory Usage (464584K) :   - Cnt_c_digibnd
2026-03-25 22:52:26 +0100: Memory Usage (464908K) : Total area of the design is 54805.149724999996 um^2.
2026-03-25 22:52:26 +0100: Memory Usage (464908K) : The design dimensions are 309.90500000000003 µm * 176.845 µm.
2026-03-25 22:52:26 +0100: Memory Usage (464908K) : Starting general IHP-SG13G2 derivations.
2026-03-25 22:52:26 +0100: Memory Usage (464908K) : Starting Pwell derivations
2026-03-25 22:52:26 +0100: Memory Usage (464908K) : Starting pad general derivations
2026-03-25 22:52:26 +0100: Memory Usage (464908K) : Starting IHP-SG13G2 DRC rules.
2026-03-25 22:52:26 +0100: Memory Usage (464908K) : Starting 6.9.2 Copper Pillar table
2026-03-25 22:52:26 +0100: Memory Usage (464908K) : Executing rule Padc.a
2026-03-25 22:52:26 +0100: Memory Usage (464908K) : Executing rule Padc.b
2026-03-25 22:52:26 +0100: Memory Usage (464908K) : Executing rule Padc.c
2026-03-25 22:52:26 +0100: Memory Usage (464908K) : Executing rule Padb.f
2026-03-25 22:52:26 +0100: Memory Usage (465416K) : KLayout DRC run for tables 'copperpillar' completed in 1.0 seconds
