# Logfile created on 2026-03-25 22:52:25 +0100 by logger.rb/v1.5.3
2026-03-25 22:52:25 +0100: Memory Usage (436740K) : Starting running IHP-SG13G2 KLayout DRC runset on /foss/designs/Design/xschem/IHP__OPA2251/OPA2251-main/layout/klayout/HPA.gds
2026-03-25 22:52:25 +0100: Memory Usage (436740K) : Ruby Version for klayout: 3.2.3
2026-03-25 22:52:25 +0100: Memory Usage (438732K) : Loading database to memory is complete.
2026-03-25 22:52:25 +0100: Memory Usage (439008K) : IHP-SG13G2 KLayout DRC runset output at: /foss/designs/Design/xschem/IHP__OPA2251/OPA2251-main/layout/klayout/drc_run_HPA/HPA_HPA_via1.lyrdb
2026-03-25 22:52:25 +0100: Memory Usage (439008K) : Evaluate switches.
2026-03-25 22:52:25 +0100: Memory Usage (439008K) : tables selected: via1
2026-03-25 22:52:25 +0100: Memory Usage (439008K) : KLayout will use 4 thread(s) in tiled mode.
2026-03-25 22:52:25 +0100: Memory Usage (439008K) : flat mode is enabled.
2026-03-25 22:52:25 +0100: Memory Usage (439008K) : FEOL enabled: false
2026-03-25 22:52:25 +0100: Memory Usage (439008K) : BEOL enabled: false
2026-03-25 22:52:25 +0100: Memory Usage (439008K) : OFFGRID enabled: true
2026-03-25 22:52:25 +0100: Memory Usage (439008K) : PIN enabled: false
2026-03-25 22:52:25 +0100: Memory Usage (439008K) : FORBIDDEN enabled: false
2026-03-25 22:52:25 +0100: Memory Usage (439008K) : RECOMMENDED enabled: true
2026-03-25 22:52:25 +0100: Memory Usage (439008K) : PreCheck DRC enabled: false
2026-03-25 22:52:25 +0100: Memory Usage (439008K) : CONNECTIVITY_RULES enabled: false.
2026-03-25 22:52:25 +0100: Memory Usage (439008K) : Read in polygons from layers.
2026-03-25 22:52:25 +0100: Memory Usage (441368K) : activ_drw has 198 polygons
2026-03-25 22:52:25 +0100: Memory Usage (441368K) : activ_pin has 0 polygons
2026-03-25 22:52:25 +0100: Memory Usage (441368K) : activ_mask has 0 polygons
2026-03-25 22:52:25 +0100: Memory Usage (441368K) : activ_filler has 0 polygons
2026-03-25 22:52:25 +0100: Memory Usage (441368K) : activ_nofill has 0 polygons
2026-03-25 22:52:25 +0100: Memory Usage (441368K) : activ_opc has 0 polygons
2026-03-25 22:52:25 +0100: Memory Usage (441368K) : activ_iopc has 0 polygons
2026-03-25 22:52:25 +0100: Memory Usage (441368K) : activ_noqrc has 0 polygons
2026-03-25 22:52:25 +0100: Memory Usage (441368K) : biwind_drw has 0 polygons
2026-03-25 22:52:25 +0100: Memory Usage (441368K) : biwind_opc has 0 polygons
2026-03-25 22:52:25 +0100: Memory Usage (441368K) : pemwind_drw has 0 polygons
2026-03-25 22:52:25 +0100: Memory Usage (442216K) : gatpoly_drw has 108 polygons
2026-03-25 22:52:25 +0100: Memory Usage (442216K) : gatpoly_pin has 124 polygons
2026-03-25 22:52:25 +0100: Memory Usage (442216K) : gatpoly_filler has 0 polygons
2026-03-25 22:52:25 +0100: Memory Usage (442216K) : gatpoly_nofill has 0 polygons
2026-03-25 22:52:25 +0100: Memory Usage (442216K) : gatpoly_opc has 0 polygons
2026-03-25 22:52:25 +0100: Memory Usage (442216K) : gatpoly_iopc has 0 polygons
2026-03-25 22:52:25 +0100: Memory Usage (442216K) : gatpoly_noqrc has 0 polygons
2026-03-25 22:52:26 +0100: Memory Usage (448612K) : cont_drw has 16803 polygons
2026-03-25 22:52:26 +0100: Memory Usage (448612K) : cont_opc has 0 polygons
2026-03-25 22:52:26 +0100: Memory Usage (448612K) : nsd_drw has 0 polygons
2026-03-25 22:52:26 +0100: Memory Usage (448612K) : nsd_block has 0 polygons
2026-03-25 22:52:26 +0100: Memory Usage (448612K) : metal1_drw has 390 polygons
2026-03-25 22:52:26 +0100: Memory Usage (448612K) : metal1_pin has 515 polygons
2026-03-25 22:52:26 +0100: Memory Usage (448612K) : metal1_mask has 0 polygons
2026-03-25 22:52:26 +0100: Memory Usage (448612K) : metal1_filler has 0 polygons
2026-03-25 22:52:26 +0100: Memory Usage (448612K) : metal1_nofill has 0 polygons
2026-03-25 22:52:26 +0100: Memory Usage (448820K) : metal1_slit has 0 polygons
2026-03-25 22:52:26 +0100: Memory Usage (448820K) : metal1_text has 0 polygons
2026-03-25 22:52:26 +0100: Memory Usage (448820K) : metal1_opc has 0 polygons
2026-03-25 22:52:26 +0100: Memory Usage (448820K) : metal1_noqrc has 0 polygons
2026-03-25 22:52:26 +0100: Memory Usage (448820K) : metal1_res has 0 polygons
2026-03-25 22:52:26 +0100: Memory Usage (448820K) : metal1_iprobe has 0 polygons
2026-03-25 22:52:26 +0100: Memory Usage (448820K) : metal1_diffprb has 0 polygons
2026-03-25 22:52:26 +0100: Memory Usage (448820K) : passiv_drw has 0 polygons
2026-03-25 22:52:26 +0100: Memory Usage (448820K) : passiv_pin has 0 polygons
2026-03-25 22:52:26 +0100: Memory Usage (448820K) : passiv_sbump has 0 polygons
2026-03-25 22:52:26 +0100: Memory Usage (448820K) : passiv_pillar has 0 polygons
2026-03-25 22:52:26 +0100: Memory Usage (448820K) : passiv_pdl has 0 polygons
2026-03-25 22:52:26 +0100: Memory Usage (448820K) : metal2_drw has 95 polygons
2026-03-25 22:52:26 +0100: Memory Usage (448820K) : metal2_pin has 11 polygons
2026-03-25 22:52:26 +0100: Memory Usage (448820K) : metal2_mask has 0 polygons
2026-03-25 22:52:26 +0100: Memory Usage (449012K) : metal2_filler has 0 polygons
2026-03-25 22:52:26 +0100: Memory Usage (449012K) : metal2_nofill has 0 polygons
2026-03-25 22:52:26 +0100: Memory Usage (449012K) : metal2_slit has 0 polygons
2026-03-25 22:52:26 +0100: Memory Usage (449012K) : metal2_text has 0 polygons
2026-03-25 22:52:26 +0100: Memory Usage (449012K) : metal2_opc has 0 polygons
2026-03-25 22:52:26 +0100: Memory Usage (449012K) : metal2_noqrc has 0 polygons
2026-03-25 22:52:26 +0100: Memory Usage (449012K) : metal2_res has 0 polygons
2026-03-25 22:52:26 +0100: Memory Usage (449076K) : metal2_iprobe has 0 polygons
2026-03-25 22:52:26 +0100: Memory Usage (449076K) : metal2_diffprb has 0 polygons
2026-03-25 22:52:26 +0100: Memory Usage (449076K) : baspoly_drw has 0 polygons
2026-03-25 22:52:26 +0100: Memory Usage (449076K) : baspoly_pin has 0 polygons
2026-03-25 22:52:26 +0100: Memory Usage (449140K) : psd_drw has 24 polygons
2026-03-25 22:52:26 +0100: Memory Usage (449140K) : nldb_drw has 0 polygons
2026-03-25 22:52:26 +0100: Memory Usage (449140K) : digibnd_drw has 0 polygons
2026-03-25 22:52:26 +0100: Memory Usage (451248K) : via1_drw has 9590 polygons
2026-03-25 22:52:26 +0100: Memory Usage (451248K) : backmetal1_drw has 0 polygons
2026-03-25 22:52:26 +0100: Memory Usage (451356K) : backmetal1_pin has 0 polygons
2026-03-25 22:52:26 +0100: Memory Usage (451356K) : backmetal1_mask has 0 polygons
2026-03-25 22:52:26 +0100: Memory Usage (451420K) : backmetal1_filler has 0 polygons
2026-03-25 22:52:26 +0100: Memory Usage (451420K) : backmetal1_nofill has 0 polygons
2026-03-25 22:52:26 +0100: Memory Usage (451420K) : backmetal1_slit has 0 polygons
2026-03-25 22:52:26 +0100: Memory Usage (451420K) : backmetal1_text has 0 polygons
2026-03-25 22:52:26 +0100: Memory Usage (451420K) : backmetal1_opc has 0 polygons
2026-03-25 22:52:26 +0100: Memory Usage (451420K) : backmetal1_noqrc has 0 polygons
2026-03-25 22:52:26 +0100: Memory Usage (451420K) : backmetal1_res has 0 polygons
2026-03-25 22:52:26 +0100: Memory Usage (451420K) : backmetal1_iprobe has 0 polygons
2026-03-25 22:52:26 +0100: Memory Usage (451420K) : backmetal1_diffprb has 0 polygons
2026-03-25 22:52:26 +0100: Memory Usage (451420K) : backpassiv_drw has 0 polygons
2026-03-25 22:52:26 +0100: Memory Usage (451420K) : res_drw has 0 polygons
2026-03-25 22:52:26 +0100: Memory Usage (451484K) : sram_drw has 0 polygons
2026-03-25 22:52:26 +0100: Memory Usage (451484K) : trans_drw has 0 polygons
2026-03-25 22:52:26 +0100: Memory Usage (451548K) : ind_drw has 0 polygons
2026-03-25 22:52:26 +0100: Memory Usage (451548K) : ind_pin has 0 polygons
2026-03-25 22:52:26 +0100: Memory Usage (451548K) : ind_text has 0 polygons
2026-03-25 22:52:26 +0100: Memory Usage (451808K) : salblock_drw has 7 polygons
2026-03-25 22:52:26 +0100: Memory Usage (453656K) : via2_drw has 7995 polygons
2026-03-25 22:52:26 +0100: Memory Usage (453656K) : metal3_drw has 67 polygons
2026-03-25 22:52:26 +0100: Memory Usage (453656K) : metal3_pin has 8 polygons
2026-03-25 22:52:26 +0100: Memory Usage (453656K) : metal3_mask has 0 polygons
2026-03-25 22:52:26 +0100: Memory Usage (453656K) : metal3_filler has 0 polygons
2026-03-25 22:52:26 +0100: Memory Usage (453656K) : metal3_nofill has 0 polygons
2026-03-25 22:52:26 +0100: Memory Usage (453752K) : metal3_slit has 0 polygons
2026-03-25 22:52:26 +0100: Memory Usage (453752K) : metal3_text has 0 polygons
2026-03-25 22:52:26 +0100: Memory Usage (453752K) : metal3_opc has 0 polygons
2026-03-25 22:52:26 +0100: Memory Usage (453752K) : metal3_noqrc has 0 polygons
2026-03-25 22:52:26 +0100: Memory Usage (453752K) : metal3_res has 0 polygons
2026-03-25 22:52:26 +0100: Memory Usage (453752K) : metal3_iprobe has 0 polygons
2026-03-25 22:52:26 +0100: Memory Usage (454020K) : metal3_diffprb has 0 polygons
2026-03-25 22:52:26 +0100: Memory Usage (454544K) : nwell_drw has 5 polygons
2026-03-25 22:52:26 +0100: Memory Usage (454544K) : nwell_pin has 0 polygons
2026-03-25 22:52:26 +0100: Memory Usage (454544K) : nbulay_drw has 0 polygons
2026-03-25 22:52:26 +0100: Memory Usage (454544K) : nbulay_pin has 0 polygons
2026-03-25 22:52:26 +0100: Memory Usage (454544K) : nbulay_block has 0 polygons
2026-03-25 22:52:26 +0100: Memory Usage (454544K) : emwind_drw has 0 polygons
2026-03-25 22:52:26 +0100: Memory Usage (454544K) : emwind_opc has 0 polygons
2026-03-25 22:52:26 +0100: Memory Usage (454544K) : deepco_drw has 0 polygons
2026-03-25 22:52:26 +0100: Memory Usage (454544K) : deepco_drw has 0 polygons
2026-03-25 22:52:26 +0100: Memory Usage (454544K) : mim_drw has 2 polygons
2026-03-25 22:52:26 +0100: Memory Usage (454544K) : edgeseal_drw has 0 polygons
2026-03-25 22:52:26 +0100: Memory Usage (454544K) : edgeseal_bound has 0 polygons
2026-03-25 22:52:26 +0100: Memory Usage (454544K) : substrate_drw has 723 polygons
2026-03-25 22:52:26 +0100: Memory Usage (454544K) : substrate_text has 0 polygons
2026-03-25 22:52:26 +0100: Memory Usage (454544K) : dfpad_drw has 0 polygons
2026-03-25 22:52:26 +0100: Memory Usage (454544K) : dfpad_pillar has 0 polygons
2026-03-25 22:52:26 +0100: Memory Usage (454544K) : dfpad_sbump has 0 polygons
2026-03-25 22:52:26 +0100: Memory Usage (454544K) : thickgateox_drw has 0 polygons
2026-03-25 22:52:26 +0100: Memory Usage (454544K) : pldb_drw has 0 polygons
2026-03-25 22:52:26 +0100: Memory Usage (454544K) : pwell_drw has 0 polygons
2026-03-25 22:52:26 +0100: Memory Usage (454544K) : pwell_pin has 0 polygons
2026-03-25 22:52:26 +0100: Memory Usage (454544K) : pwell_block has 0 polygons
2026-03-25 22:52:26 +0100: Memory Usage (454544K) : ic_drw has 0 polygons
2026-03-25 22:52:26 +0100: Memory Usage (455336K) : via3_drw has 7005 polygons
2026-03-25 22:52:26 +0100: Memory Usage (455336K) : metal4_drw has 40 polygons
2026-03-25 22:52:26 +0100: Memory Usage (455336K) : metal4_pin has 3 polygons
2026-03-25 22:52:26 +0100: Memory Usage (455336K) : metal4_mask has 0 polygons
2026-03-25 22:52:26 +0100: Memory Usage (455336K) : metal4_filler has 0 polygons
2026-03-25 22:52:26 +0100: Memory Usage (455336K) : metal4_nofill has 0 polygons
2026-03-25 22:52:26 +0100: Memory Usage (455336K) : metal4_slit has 0 polygons
2026-03-25 22:52:26 +0100: Memory Usage (455336K) : metal4_text has 0 polygons
2026-03-25 22:52:26 +0100: Memory Usage (455336K) : metal4_opc has 0 polygons
2026-03-25 22:52:26 +0100: Memory Usage (455336K) : metal4_noqrc has 0 polygons
2026-03-25 22:52:26 +0100: Memory Usage (455336K) : metal4_res has 0 polygons
2026-03-25 22:52:26 +0100: Memory Usage (455336K) : metal4_iprobe has 0 polygons
2026-03-25 22:52:26 +0100: Memory Usage (455336K) : metal4_diffprb has 0 polygons
2026-03-25 22:52:26 +0100: Memory Usage (455336K) : heattrans_drw has 421 polygons
2026-03-25 22:52:26 +0100: Memory Usage (455336K) : heatres_drw has 7 polygons
2026-03-25 22:52:26 +0100: Memory Usage (455336K) : pempoly_drw has 0 polygons
2026-03-25 22:52:26 +0100: Memory Usage (455336K) : fbe_drw has 0 polygons
2026-03-25 22:52:26 +0100: Memory Usage (455336K) : empoly_drw has 0 polygons
2026-03-25 22:52:26 +0100: Memory Usage (455336K) : ldmos_drw has 0 polygons
2026-03-25 22:52:26 +0100: Memory Usage (455336K) : pbiwind_drw has 0 polygons
2026-03-25 22:52:26 +0100: Memory Usage (455336K) : digisub_drw has 0 polygons
2026-03-25 22:52:26 +0100: Memory Usage (455336K) : nodrc_drw has 0 polygons
2026-03-25 22:52:26 +0100: Memory Usage (455336K) : text_drw has 1107 polygons
2026-03-25 22:52:26 +0100: Memory Usage (455656K) : via4_drw has 6898 polygons
2026-03-25 22:52:26 +0100: Memory Usage (455656K) : metal5_drw has 32 polygons
2026-03-25 22:52:26 +0100: Memory Usage (455656K) : metal5_pin has 5 polygons
2026-03-25 22:52:26 +0100: Memory Usage (455656K) : metal5_mask has 0 polygons
2026-03-25 22:52:26 +0100: Memory Usage (455656K) : metal5_filler has 0 polygons
2026-03-25 22:52:26 +0100: Memory Usage (455656K) : metal5_nofill has 0 polygons
2026-03-25 22:52:26 +0100: Memory Usage (455656K) : metal5_slit has 0 polygons
2026-03-25 22:52:26 +0100: Memory Usage (455656K) : metal5_text has 1 polygons
2026-03-25 22:52:26 +0100: Memory Usage (455656K) : metal5_opc has 0 polygons
2026-03-25 22:52:26 +0100: Memory Usage (455656K) : metal5_noqrc has 0 polygons
2026-03-25 22:52:26 +0100: Memory Usage (455656K) : metal5_res has 0 polygons
2026-03-25 22:52:26 +0100: Memory Usage (455656K) : metal5_iprobe has 0 polygons
2026-03-25 22:52:26 +0100: Memory Usage (455656K) : metal5_diffprb has 0 polygons
2026-03-25 22:52:26 +0100: Memory Usage (455656K) : radhard_drw has 0 polygons
2026-03-25 22:52:26 +0100: Memory Usage (455656K) : memcap_drw has 0 polygons
2026-03-25 22:52:26 +0100: Memory Usage (455656K) : varicap_drw has 0 polygons
2026-03-25 22:52:26 +0100: Memory Usage (455656K) : flash_drw has 0 polygons
2026-03-25 22:52:26 +0100: Memory Usage (455656K) : intbondvia_drw has 0 polygons
2026-03-25 22:52:26 +0100: Memory Usage (455656K) : intbondmet_drw has 0 polygons
2026-03-25 22:52:26 +0100: Memory Usage (455656K) : devbondvia_drw has 0 polygons
2026-03-25 22:52:26 +0100: Memory Usage (455656K) : devbondmet_drw has 0 polygons
2026-03-25 22:52:26 +0100: Memory Usage (455656K) : devtrench_drw has 0 polygons
2026-03-25 22:52:26 +0100: Memory Usage (455656K) : redist_drw has 0 polygons
2026-03-25 22:52:26 +0100: Memory Usage (455656K) : graphbot_drw has 0 polygons
2026-03-25 22:52:26 +0100: Memory Usage (455656K) : graphtop_drw has 0 polygons
2026-03-25 22:52:26 +0100: Memory Usage (455656K) : antvia1_drw has 0 polygons
2026-03-25 22:52:26 +0100: Memory Usage (455656K) : antmetal2_drw has 0 polygons
2026-03-25 22:52:26 +0100: Memory Usage (455656K) : graphcont_drw has 0 polygons
2026-03-25 22:52:26 +0100: Memory Usage (455656K) : siwg_drw has 0 polygons
2026-03-25 22:52:26 +0100: Memory Usage (455656K) : siwg_filler has 0 polygons
2026-03-25 22:52:26 +0100: Memory Usage (455656K) : siwg_nofill has 0 polygons
2026-03-25 22:52:26 +0100: Memory Usage (455656K) : sigrating_drw has 0 polygons
2026-03-25 22:52:26 +0100: Memory Usage (455656K) : singrating_drw has 0 polygons
2026-03-25 22:52:26 +0100: Memory Usage (455656K) : graphpas_drw has 0 polygons
2026-03-25 22:52:26 +0100: Memory Usage (455656K) : emwind3_drw has 0 polygons
2026-03-25 22:52:26 +0100: Memory Usage (455656K) : emwihv3_drw has 0 polygons
2026-03-25 22:52:26 +0100: Memory Usage (455656K) : redbulay_drw has 0 polygons
2026-03-25 22:52:26 +0100: Memory Usage (455656K) : smos_drw has 0 polygons
2026-03-25 22:52:26 +0100: Memory Usage (455656K) : graphpad_drw has 0 polygons
2026-03-25 22:52:26 +0100: Memory Usage (455656K) : polimide_drw has 0 polygons
2026-03-25 22:52:26 +0100: Memory Usage (455656K) : polimide_pin has 0 polygons
2026-03-25 22:52:26 +0100: Memory Usage (455656K) : recog_drw has 0 polygons
2026-03-25 22:52:26 +0100: Memory Usage (455656K) : recog_pin has 0 polygons
2026-03-25 22:52:26 +0100: Memory Usage (455656K) : recog_esd has 0 polygons
2026-03-25 22:52:26 +0100: Memory Usage (455656K) : recog_diode has 0 polygons
2026-03-25 22:52:26 +0100: Memory Usage (455656K) : recog_tsv has 0 polygons
2026-03-25 22:52:26 +0100: Memory Usage (455656K) : recog_iprobe has 0 polygons
2026-03-25 22:52:26 +0100: Memory Usage (455656K) : recog_diffprb has 0 polygons
2026-03-25 22:52:26 +0100: Memory Usage (455656K) : recog_pillar has 0 polygons
2026-03-25 22:52:26 +0100: Memory Usage (455656K) : recog_sbump has 0 polygons
2026-03-25 22:52:26 +0100: Memory Usage (455656K) : recog_otp has 0 polygons
2026-03-25 22:52:26 +0100: Memory Usage (455656K) : recog_pdiode has 0 polygons
2026-03-25 22:52:26 +0100: Memory Usage (455656K) : recog_mom has 0 polygons
2026-03-25 22:52:26 +0100: Memory Usage (455656K) : recog_pcm has 0 polygons
2026-03-25 22:52:26 +0100: Memory Usage (455656K) : colopen_drw has 0 polygons
2026-03-25 22:52:26 +0100: Memory Usage (455656K) : graphmetal1_drw has 0 polygons
2026-03-25 22:52:26 +0100: Memory Usage (455656K) : graphmetal1_filler has 0 polygons
2026-03-25 22:52:26 +0100: Memory Usage (455656K) : graphmetal1_nofill has 0 polygons
2026-03-25 22:52:26 +0100: Memory Usage (455656K) : graphmetal1_slit has 0 polygons
2026-03-25 22:52:26 +0100: Memory Usage (455656K) : graphmetal1_opc has 0 polygons
2026-03-25 22:52:26 +0100: Memory Usage (455656K) : graphmet1l_drw has 0 polygons
2026-03-25 22:52:26 +0100: Memory Usage (455656K) : graphmet1l_filler has 0 polygons
2026-03-25 22:52:26 +0100: Memory Usage (455656K) : graphmet1l_nofill has 0 polygons
2026-03-25 22:52:26 +0100: Memory Usage (455656K) : graphmet1l_slit has 0 polygons
2026-03-25 22:52:26 +0100: Memory Usage (455656K) : graphmet1l_opc has 0 polygons
2026-03-25 22:52:26 +0100: Memory Usage (455656K) : extblock_drw has 5 polygons
2026-03-25 22:52:26 +0100: Memory Usage (455656K) : nldd_drw has 0 polygons
2026-03-25 22:52:26 +0100: Memory Usage (455656K) : pldd_drw has 0 polygons
2026-03-25 22:52:26 +0100: Memory Usage (455920K) : next_drw has 0 polygons
2026-03-25 22:52:26 +0100: Memory Usage (455920K) : pext_drw has 0 polygons
2026-03-25 22:52:26 +0100: Memory Usage (455920K) : nexthv_drw has 0 polygons
2026-03-25 22:52:26 +0100: Memory Usage (455920K) : pexthv_drw has 0 polygons
2026-03-25 22:52:26 +0100: Memory Usage (456184K) : graphgate_drw has 0 polygons
2026-03-25 22:52:26 +0100: Memory Usage (456184K) : sinwg_drw has 0 polygons
2026-03-25 22:52:26 +0100: Memory Usage (456448K) : sinwg_filler has 0 polygons
2026-03-25 22:52:26 +0100: Memory Usage (456448K) : sinwg_nofill has 0 polygons
2026-03-25 22:52:26 +0100: Memory Usage (456448K) : mempad_drw has 0 polygons
2026-03-25 22:52:26 +0100: Memory Usage (456712K) : topvia1_drw has 1720 polygons
2026-03-25 22:52:26 +0100: Memory Usage (456976K) : topmetal1_drw has 13 polygons
2026-03-25 22:52:26 +0100: Memory Usage (456976K) : topmetal1_pin has 15 polygons
2026-03-25 22:52:26 +0100: Memory Usage (456976K) : topmetal1_mask has 0 polygons
2026-03-25 22:52:26 +0100: Memory Usage (457240K) : topmetal1_filler has 0 polygons
2026-03-25 22:52:26 +0100: Memory Usage (457240K) : topmetal1_nofill has 0 polygons
2026-03-25 22:52:26 +0100: Memory Usage (457240K) : topmetal1_slit has 0 polygons
2026-03-25 22:52:26 +0100: Memory Usage (457240K) : topmetal1_text has 5 polygons
2026-03-25 22:52:26 +0100: Memory Usage (457504K) : topmetal1_noqrc has 0 polygons
2026-03-25 22:52:26 +0100: Memory Usage (457504K) : topmetal1_res has 0 polygons
2026-03-25 22:52:26 +0100: Memory Usage (457768K) : topmetal1_iprobe has 0 polygons
2026-03-25 22:52:26 +0100: Memory Usage (457768K) : topmetal1_diffprb has 0 polygons
2026-03-25 22:52:26 +0100: Memory Usage (457768K) : inldpwl_drw has 0 polygons
2026-03-25 22:52:26 +0100: Memory Usage (458032K) : polyres_drw has 7 polygons
2026-03-25 22:52:26 +0100: Memory Usage (458032K) : polyres_pin has 0 polygons
2026-03-25 22:52:26 +0100: Memory Usage (458296K) : vmim_drw has 578 polygons
2026-03-25 22:52:26 +0100: Memory Usage (458296K) : nbulaycut_drw has 0 polygons
2026-03-25 22:52:26 +0100: Memory Usage (458560K) : antmetal1_drw has 0 polygons
2026-03-25 22:52:26 +0100: Memory Usage (458560K) : topvia2_drw has 916 polygons
2026-03-25 22:52:26 +0100: Memory Usage (458824K) : topmetal2_drw has 4 polygons
2026-03-25 22:52:26 +0100: Memory Usage (458824K) : topmetal2_pin has 2 polygons
2026-03-25 22:52:26 +0100: Memory Usage (458824K) : topmetal2_mask has 0 polygons
2026-03-25 22:52:26 +0100: Memory Usage (459088K) : topmetal2_filler has 0 polygons
2026-03-25 22:52:26 +0100: Memory Usage (459088K) : topmetal2_nofill has 0 polygons
2026-03-25 22:52:26 +0100: Memory Usage (459088K) : topmetal2_slit has 0 polygons
2026-03-25 22:52:26 +0100: Memory Usage (459352K) : topmetal2_text has 2 polygons
2026-03-25 22:52:26 +0100: Memory Usage (459352K) : topmetal2_noqrc has 0 polygons
2026-03-25 22:52:26 +0100: Memory Usage (459352K) : topmetal2_res has 0 polygons
2026-03-25 22:52:26 +0100: Memory Usage (459616K) : topmetal2_iprobe has 0 polygons
2026-03-25 22:52:26 +0100: Memory Usage (459616K) : topmetal2_diffprb has 0 polygons
2026-03-25 22:52:26 +0100: Memory Usage (459880K) : snsring_drw has 0 polygons
2026-03-25 22:52:26 +0100: Memory Usage (459880K) : sensor_drw has 0 polygons
2026-03-25 22:52:26 +0100: Memory Usage (459880K) : snsarms_drw has 0 polygons
2026-03-25 22:52:26 +0100: Memory Usage (460144K) : snscmosvia_drw has 0 polygons
2026-03-25 22:52:26 +0100: Memory Usage (460144K) : colwind_drw has 0 polygons
2026-03-25 22:52:26 +0100: Memory Usage (460408K) : flm_drw has 0 polygons
2026-03-25 22:52:26 +0100: Memory Usage (460408K) : hafniumox_drw has 0 polygons
2026-03-25 22:52:26 +0100: Memory Usage (460408K) : memvia_drw has 0 polygons
2026-03-25 22:52:26 +0100: Memory Usage (460672K) : thinfilmres_drw has 0 polygons
2026-03-25 22:52:26 +0100: Memory Usage (460672K) : rfmem_drw has 0 polygons
2026-03-25 22:52:26 +0100: Memory Usage (460672K) : norcx_drw has 0 polygons
2026-03-25 22:52:26 +0100: Memory Usage (460936K) : norcx_m2m3 has 0 polygons
2026-03-25 22:52:26 +0100: Memory Usage (460936K) : norcx_m2m4 has 0 polygons
2026-03-25 22:52:26 +0100: Memory Usage (461200K) : norcx_m2m5 has 0 polygons
2026-03-25 22:52:26 +0100: Memory Usage (461200K) : norcx_m2tm1 has 0 polygons
2026-03-25 22:52:26 +0100: Memory Usage (461200K) : norcx_m2tm2 has 0 polygons
2026-03-25 22:52:26 +0100: Memory Usage (461200K) : norcx_m3m4 has 0 polygons
2026-03-25 22:52:26 +0100: Memory Usage (461464K) : norcx_m3m5 has 0 polygons
2026-03-25 22:52:26 +0100: Memory Usage (461464K) : norcx_m3tm1 has 0 polygons
2026-03-25 22:52:26 +0100: Memory Usage (461464K) : norcx_m3tm2 has 0 polygons
2026-03-25 22:52:26 +0100: Memory Usage (461728K) : norcx_m4m5 has 0 polygons
2026-03-25 22:52:26 +0100: Memory Usage (461728K) : norcx_m4tm1 has 0 polygons
2026-03-25 22:52:26 +0100: Memory Usage (461728K) : norcx_m4tm2 has 0 polygons
2026-03-25 22:52:26 +0100: Memory Usage (461728K) : norcx_m5tm1 has 0 polygons
2026-03-25 22:52:26 +0100: Memory Usage (461992K) : norcx_m5tm2 has 0 polygons
2026-03-25 22:52:26 +0100: Memory Usage (461992K) : norcx_tm1tm2 has 0 polygons
2026-03-25 22:52:26 +0100: Memory Usage (461992K) : norcx_m1sub has 0 polygons
2026-03-25 22:52:26 +0100: Memory Usage (462256K) : norcx_m2sub has 0 polygons
2026-03-25 22:52:26 +0100: Memory Usage (462256K) : norcx_m3sub has 0 polygons
2026-03-25 22:52:26 +0100: Memory Usage (462256K) : norcx_m4sub has 0 polygons
2026-03-25 22:52:26 +0100: Memory Usage (462256K) : norcx_m5sub has 0 polygons
2026-03-25 22:52:26 +0100: Memory Usage (462520K) : norcx_tm1sub has 0 polygons
2026-03-25 22:52:26 +0100: Memory Usage (462520K) : norcx_tm2sub has 0 polygons
2026-03-25 22:52:26 +0100: Memory Usage (462520K) : snsbotvia_drw has 0 polygons
2026-03-25 22:52:26 +0100: Memory Usage (462784K) : snstopvia_drw has 0 polygons
2026-03-25 22:52:26 +0100: Memory Usage (462784K) : deepvia_drw has 0 polygons
2026-03-25 22:52:26 +0100: Memory Usage (462784K) : fgetch_drw has 0 polygons
2026-03-25 22:52:26 +0100: Memory Usage (463048K) : ctrgat_drw has 0 polygons
2026-03-25 22:52:26 +0100: Memory Usage (463048K) : fgimp_drw has 0 polygons
2026-03-25 22:52:26 +0100: Memory Usage (463312K) : emwihv_drw has 0 polygons
2026-03-25 22:52:26 +0100: Memory Usage (463312K) : lbe_drw has 0 polygons
2026-03-25 22:52:26 +0100: Memory Usage (463312K) : alcustop_drw has 0 polygons
2026-03-25 22:52:26 +0100: Memory Usage (463576K) : nometfiller_drw has 0 polygons
2026-03-25 22:52:26 +0100: Memory Usage (463576K) : prboundary_drw has 0 polygons
2026-03-25 22:52:26 +0100: Memory Usage (463576K) : exchange0_drw has 0 polygons
2026-03-25 22:52:26 +0100: Memory Usage (463840K) : exchange0_pin has 0 polygons
2026-03-25 22:52:26 +0100: Memory Usage (463840K) : exchange0_text has 0 polygons
2026-03-25 22:52:26 +0100: Memory Usage (463840K) : exchange1_drw has 0 polygons
2026-03-25 22:52:26 +0100: Memory Usage (463840K) : exchange1_pin has 0 polygons
2026-03-25 22:52:26 +0100: Memory Usage (463840K) : exchange1_text has 0 polygons
2026-03-25 22:52:26 +0100: Memory Usage (464104K) : exchange2_drw has 0 polygons
2026-03-25 22:52:26 +0100: Memory Usage (464104K) : exchange2_pin has 0 polygons
2026-03-25 22:52:26 +0100: Memory Usage (464104K) : exchange2_text has 0 polygons
2026-03-25 22:52:26 +0100: Memory Usage (464104K) : exchange3_drw has 0 polygons
2026-03-25 22:52:26 +0100: Memory Usage (464368K) : exchange3_pin has 0 polygons
2026-03-25 22:52:26 +0100: Memory Usage (464368K) : exchange3_text has 0 polygons
2026-03-25 22:52:26 +0100: Memory Usage (464368K) : exchange4_drw has 0 polygons
2026-03-25 22:52:26 +0100: Memory Usage (464368K) : exchange4_pin has 0 polygons
2026-03-25 22:52:26 +0100: Memory Usage (464632K) : exchange4_text has 0 polygons
2026-03-25 22:52:26 +0100: Memory Usage (464632K) : isonwell_drw has 0 polygons
2026-03-25 22:52:26 +0100: Memory Usage (464632K) : Total no. of polygons in the design is 55451
2026-03-25 22:52:26 +0100: Memory Usage (464632K) : Loaded TECH DRC rules values from /foss/pdks/ihp-sg13g2/libs.tech/klayout/python/sg13g2_pycell_lib/sg13g2_tech_mod.json
2026-03-25 22:52:26 +0100: Memory Usage (464632K) : Loaded default DRC rules values from /foss/pdks/ihp-sg13g2/libs.tech/klayout/tech/drc/rule_decks/sg13g2_tech_default.json
2026-03-25 22:52:26 +0100: Memory Usage (464632K) : The following rules values were missing in tech json and default values were used:
2026-03-25 22:52:26 +0100: Memory Usage (464632K) :   - Cnt_c_digibnd
2026-03-25 22:52:26 +0100: Memory Usage (464632K) : Total area of the design is 54805.149724999996 um^2.
2026-03-25 22:52:26 +0100: Memory Usage (464632K) : The design dimensions are 309.90500000000003 µm * 176.845 µm.
2026-03-25 22:52:26 +0100: Memory Usage (464632K) : Starting general IHP-SG13G2 derivations.
2026-03-25 22:52:26 +0100: Memory Usage (464632K) : Starting Pwell derivations
2026-03-25 22:52:26 +0100: Memory Usage (464632K) : Starting IHP-SG13G2 DRC rules.
2026-03-25 22:52:26 +0100: Memory Usage (464632K) : Starting 5.19. Via1 table
2026-03-25 22:52:26 +0100: Memory Usage (464632K) : Starting 5.19. Via1 table derivations
2026-03-25 22:52:26 +0100: Memory Usage (465024K) : Executing rule V1.a
2026-03-25 22:52:26 +0100: Memory Usage (465024K) : Executing rule V1.b
2026-03-25 22:52:26 +0100: Memory Usage (468040K) : Executing rule V1.c
2026-03-25 22:52:26 +0100: Memory Usage (468040K) : KLayout DRC run for tables 'via1' completed in 1.08 seconds
