# Logfile created on 2026-03-25 22:52:19 +0100 by logger.rb/v1.5.3
2026-03-25 22:52:19 +0100: Memory Usage (437144K) : Starting running IHP-SG13G2 KLayout DRC runset on /foss/designs/Design/xschem/IHP__OPA2251/OPA2251-main/layout/klayout/HPA.gds
2026-03-25 22:52:19 +0100: Memory Usage (437144K) : Ruby Version for klayout: 3.2.3
2026-03-25 22:52:19 +0100: Memory Usage (439456K) : Loading database to memory is complete.
2026-03-25 22:52:19 +0100: Memory Usage (439456K) : IHP-SG13G2 KLayout DRC runset output at: /foss/designs/Design/xschem/IHP__OPA2251/OPA2251-main/layout/klayout/drc_run_HPA/HPA_HPA_nbulay.lyrdb
2026-03-25 22:52:19 +0100: Memory Usage (439456K) : Evaluate switches.
2026-03-25 22:52:19 +0100: Memory Usage (439456K) : tables selected: nbulay
2026-03-25 22:52:19 +0100: Memory Usage (439456K) : KLayout will use 4 thread(s) in tiled mode.
2026-03-25 22:52:19 +0100: Memory Usage (439456K) : flat mode is enabled.
2026-03-25 22:52:19 +0100: Memory Usage (439456K) : FEOL enabled: false
2026-03-25 22:52:19 +0100: Memory Usage (439456K) : BEOL enabled: false
2026-03-25 22:52:19 +0100: Memory Usage (439456K) : OFFGRID enabled: true
2026-03-25 22:52:19 +0100: Memory Usage (439456K) : PIN enabled: false
2026-03-25 22:52:19 +0100: Memory Usage (439456K) : FORBIDDEN enabled: false
2026-03-25 22:52:19 +0100: Memory Usage (439456K) : RECOMMENDED enabled: true
2026-03-25 22:52:19 +0100: Memory Usage (439456K) : PreCheck DRC enabled: false
2026-03-25 22:52:19 +0100: Memory Usage (439456K) : CONNECTIVITY_RULES enabled: true.
2026-03-25 22:52:19 +0100: Memory Usage (439456K) : Read in polygons from layers.
2026-03-25 22:52:19 +0100: Memory Usage (441776K) : activ_drw has 198 polygons
2026-03-25 22:52:19 +0100: Memory Usage (441776K) : activ_pin has 0 polygons
2026-03-25 22:52:19 +0100: Memory Usage (441776K) : activ_mask has 0 polygons
2026-03-25 22:52:19 +0100: Memory Usage (441776K) : activ_filler has 0 polygons
2026-03-25 22:52:19 +0100: Memory Usage (441776K) : activ_nofill has 0 polygons
2026-03-25 22:52:19 +0100: Memory Usage (441776K) : activ_opc has 0 polygons
2026-03-25 22:52:19 +0100: Memory Usage (441776K) : activ_iopc has 0 polygons
2026-03-25 22:52:19 +0100: Memory Usage (441776K) : activ_noqrc has 0 polygons
2026-03-25 22:52:19 +0100: Memory Usage (441776K) : biwind_drw has 0 polygons
2026-03-25 22:52:19 +0100: Memory Usage (441776K) : biwind_opc has 0 polygons
2026-03-25 22:52:19 +0100: Memory Usage (441776K) : pemwind_drw has 0 polygons
2026-03-25 22:52:19 +0100: Memory Usage (442628K) : gatpoly_drw has 108 polygons
2026-03-25 22:52:19 +0100: Memory Usage (442788K) : gatpoly_pin has 124 polygons
2026-03-25 22:52:19 +0100: Memory Usage (442788K) : gatpoly_filler has 0 polygons
2026-03-25 22:52:19 +0100: Memory Usage (442788K) : gatpoly_nofill has 0 polygons
2026-03-25 22:52:19 +0100: Memory Usage (442788K) : gatpoly_opc has 0 polygons
2026-03-25 22:52:19 +0100: Memory Usage (442788K) : gatpoly_iopc has 0 polygons
2026-03-25 22:52:19 +0100: Memory Usage (442788K) : gatpoly_noqrc has 0 polygons
2026-03-25 22:52:19 +0100: Memory Usage (449120K) : cont_drw has 16803 polygons
2026-03-25 22:52:19 +0100: Memory Usage (449120K) : cont_opc has 0 polygons
2026-03-25 22:52:19 +0100: Memory Usage (449120K) : nsd_drw has 0 polygons
2026-03-25 22:52:19 +0100: Memory Usage (449120K) : nsd_block has 0 polygons
2026-03-25 22:52:19 +0100: Memory Usage (449120K) : metal1_drw has 390 polygons
2026-03-25 22:52:19 +0100: Memory Usage (449120K) : metal1_pin has 515 polygons
2026-03-25 22:52:19 +0100: Memory Usage (449120K) : metal1_mask has 0 polygons
2026-03-25 22:52:19 +0100: Memory Usage (449120K) : metal1_filler has 0 polygons
2026-03-25 22:52:19 +0100: Memory Usage (449120K) : metal1_nofill has 0 polygons
2026-03-25 22:52:19 +0100: Memory Usage (449164K) : metal1_slit has 0 polygons
2026-03-25 22:52:19 +0100: Memory Usage (449164K) : metal1_text has 0 polygons
2026-03-25 22:52:19 +0100: Memory Usage (449164K) : metal1_opc has 0 polygons
2026-03-25 22:52:19 +0100: Memory Usage (449164K) : metal1_noqrc has 0 polygons
2026-03-25 22:52:19 +0100: Memory Usage (449164K) : metal1_res has 0 polygons
2026-03-25 22:52:19 +0100: Memory Usage (449164K) : metal1_iprobe has 0 polygons
2026-03-25 22:52:19 +0100: Memory Usage (449164K) : metal1_diffprb has 0 polygons
2026-03-25 22:52:19 +0100: Memory Usage (449164K) : passiv_drw has 0 polygons
2026-03-25 22:52:19 +0100: Memory Usage (449164K) : passiv_pin has 0 polygons
2026-03-25 22:52:19 +0100: Memory Usage (449164K) : passiv_sbump has 0 polygons
2026-03-25 22:52:19 +0100: Memory Usage (449164K) : passiv_pillar has 0 polygons
2026-03-25 22:52:19 +0100: Memory Usage (449164K) : passiv_pdl has 0 polygons
2026-03-25 22:52:19 +0100: Memory Usage (449164K) : metal2_drw has 95 polygons
2026-03-25 22:52:19 +0100: Memory Usage (449164K) : metal2_pin has 11 polygons
2026-03-25 22:52:19 +0100: Memory Usage (449164K) : metal2_mask has 0 polygons
2026-03-25 22:52:19 +0100: Memory Usage (449356K) : metal2_filler has 0 polygons
2026-03-25 22:52:19 +0100: Memory Usage (449356K) : metal2_nofill has 0 polygons
2026-03-25 22:52:19 +0100: Memory Usage (449356K) : metal2_slit has 0 polygons
2026-03-25 22:52:19 +0100: Memory Usage (449356K) : metal2_text has 0 polygons
2026-03-25 22:52:19 +0100: Memory Usage (449356K) : metal2_opc has 0 polygons
2026-03-25 22:52:19 +0100: Memory Usage (449356K) : metal2_noqrc has 0 polygons
2026-03-25 22:52:19 +0100: Memory Usage (449356K) : metal2_res has 0 polygons
2026-03-25 22:52:19 +0100: Memory Usage (449420K) : metal2_iprobe has 0 polygons
2026-03-25 22:52:19 +0100: Memory Usage (449420K) : metal2_diffprb has 0 polygons
2026-03-25 22:52:19 +0100: Memory Usage (449420K) : baspoly_drw has 0 polygons
2026-03-25 22:52:19 +0100: Memory Usage (449420K) : baspoly_pin has 0 polygons
2026-03-25 22:52:19 +0100: Memory Usage (449484K) : psd_drw has 24 polygons
2026-03-25 22:52:19 +0100: Memory Usage (449484K) : nldb_drw has 0 polygons
2026-03-25 22:52:19 +0100: Memory Usage (449484K) : digibnd_drw has 0 polygons
2026-03-25 22:52:19 +0100: Memory Usage (451592K) : via1_drw has 9590 polygons
2026-03-25 22:52:19 +0100: Memory Usage (451592K) : backmetal1_drw has 0 polygons
2026-03-25 22:52:19 +0100: Memory Usage (451700K) : backmetal1_pin has 0 polygons
2026-03-25 22:52:19 +0100: Memory Usage (451700K) : backmetal1_mask has 0 polygons
2026-03-25 22:52:19 +0100: Memory Usage (451764K) : backmetal1_filler has 0 polygons
2026-03-25 22:52:19 +0100: Memory Usage (451764K) : backmetal1_nofill has 0 polygons
2026-03-25 22:52:19 +0100: Memory Usage (451764K) : backmetal1_slit has 0 polygons
2026-03-25 22:52:19 +0100: Memory Usage (451764K) : backmetal1_text has 0 polygons
2026-03-25 22:52:19 +0100: Memory Usage (451764K) : backmetal1_opc has 0 polygons
2026-03-25 22:52:19 +0100: Memory Usage (451764K) : backmetal1_noqrc has 0 polygons
2026-03-25 22:52:19 +0100: Memory Usage (451764K) : backmetal1_res has 0 polygons
2026-03-25 22:52:19 +0100: Memory Usage (451764K) : backmetal1_iprobe has 0 polygons
2026-03-25 22:52:19 +0100: Memory Usage (451764K) : backmetal1_diffprb has 0 polygons
2026-03-25 22:52:19 +0100: Memory Usage (451764K) : backpassiv_drw has 0 polygons
2026-03-25 22:52:19 +0100: Memory Usage (451764K) : res_drw has 0 polygons
2026-03-25 22:52:19 +0100: Memory Usage (451828K) : sram_drw has 0 polygons
2026-03-25 22:52:19 +0100: Memory Usage (451828K) : trans_drw has 0 polygons
2026-03-25 22:52:19 +0100: Memory Usage (451892K) : ind_drw has 0 polygons
2026-03-25 22:52:19 +0100: Memory Usage (451892K) : ind_pin has 0 polygons
2026-03-25 22:52:19 +0100: Memory Usage (451892K) : ind_text has 0 polygons
2026-03-25 22:52:19 +0100: Memory Usage (452152K) : salblock_drw has 7 polygons
2026-03-25 22:52:19 +0100: Memory Usage (454000K) : via2_drw has 7995 polygons
2026-03-25 22:52:19 +0100: Memory Usage (454000K) : metal3_drw has 67 polygons
2026-03-25 22:52:19 +0100: Memory Usage (454000K) : metal3_pin has 8 polygons
2026-03-25 22:52:19 +0100: Memory Usage (454000K) : metal3_mask has 0 polygons
2026-03-25 22:52:19 +0100: Memory Usage (454000K) : metal3_filler has 0 polygons
2026-03-25 22:52:19 +0100: Memory Usage (454000K) : metal3_nofill has 0 polygons
2026-03-25 22:52:19 +0100: Memory Usage (454000K) : metal3_slit has 0 polygons
2026-03-25 22:52:19 +0100: Memory Usage (454000K) : metal3_text has 0 polygons
2026-03-25 22:52:19 +0100: Memory Usage (454000K) : metal3_opc has 0 polygons
2026-03-25 22:52:19 +0100: Memory Usage (454000K) : metal3_noqrc has 0 polygons
2026-03-25 22:52:19 +0100: Memory Usage (454000K) : metal3_res has 0 polygons
2026-03-25 22:52:19 +0100: Memory Usage (454000K) : metal3_iprobe has 0 polygons
2026-03-25 22:52:19 +0100: Memory Usage (454000K) : metal3_diffprb has 0 polygons
2026-03-25 22:52:19 +0100: Memory Usage (454000K) : nwell_drw has 5 polygons
2026-03-25 22:52:19 +0100: Memory Usage (454000K) : nwell_pin has 0 polygons
2026-03-25 22:52:19 +0100: Memory Usage (454000K) : nbulay_drw has 0 polygons
2026-03-25 22:52:20 +0100: Memory Usage (454000K) : nbulay_pin has 0 polygons
2026-03-25 22:52:20 +0100: Memory Usage (454000K) : nbulay_block has 0 polygons
2026-03-25 22:52:20 +0100: Memory Usage (454000K) : emwind_drw has 0 polygons
2026-03-25 22:52:20 +0100: Memory Usage (454000K) : emwind_opc has 0 polygons
2026-03-25 22:52:20 +0100: Memory Usage (454000K) : deepco_drw has 0 polygons
2026-03-25 22:52:20 +0100: Memory Usage (454000K) : deepco_drw has 0 polygons
2026-03-25 22:52:20 +0100: Memory Usage (454000K) : mim_drw has 2 polygons
2026-03-25 22:52:20 +0100: Memory Usage (454000K) : edgeseal_drw has 0 polygons
2026-03-25 22:52:20 +0100: Memory Usage (454000K) : edgeseal_bound has 0 polygons
2026-03-25 22:52:20 +0100: Memory Usage (454000K) : substrate_drw has 723 polygons
2026-03-25 22:52:20 +0100: Memory Usage (454000K) : substrate_text has 0 polygons
2026-03-25 22:52:20 +0100: Memory Usage (454000K) : dfpad_drw has 0 polygons
2026-03-25 22:52:20 +0100: Memory Usage (454000K) : dfpad_pillar has 0 polygons
2026-03-25 22:52:20 +0100: Memory Usage (454000K) : dfpad_sbump has 0 polygons
2026-03-25 22:52:20 +0100: Memory Usage (454000K) : thickgateox_drw has 0 polygons
2026-03-25 22:52:20 +0100: Memory Usage (454000K) : pldb_drw has 0 polygons
2026-03-25 22:52:20 +0100: Memory Usage (454000K) : pwell_drw has 0 polygons
2026-03-25 22:52:20 +0100: Memory Usage (454000K) : pwell_pin has 0 polygons
2026-03-25 22:52:20 +0100: Memory Usage (454000K) : pwell_block has 0 polygons
2026-03-25 22:52:20 +0100: Memory Usage (454000K) : ic_drw has 0 polygons
2026-03-25 22:52:20 +0100: Memory Usage (454264K) : via3_drw has 7005 polygons
2026-03-25 22:52:20 +0100: Memory Usage (454264K) : metal4_drw has 40 polygons
2026-03-25 22:52:20 +0100: Memory Usage (454264K) : metal4_pin has 3 polygons
2026-03-25 22:52:20 +0100: Memory Usage (454264K) : metal4_mask has 0 polygons
2026-03-25 22:52:20 +0100: Memory Usage (454264K) : metal4_filler has 0 polygons
2026-03-25 22:52:20 +0100: Memory Usage (454264K) : metal4_nofill has 0 polygons
2026-03-25 22:52:20 +0100: Memory Usage (454264K) : metal4_slit has 0 polygons
2026-03-25 22:52:20 +0100: Memory Usage (454264K) : metal4_text has 0 polygons
2026-03-25 22:52:20 +0100: Memory Usage (454264K) : metal4_opc has 0 polygons
2026-03-25 22:52:20 +0100: Memory Usage (454264K) : metal4_noqrc has 0 polygons
2026-03-25 22:52:20 +0100: Memory Usage (454264K) : metal4_res has 0 polygons
2026-03-25 22:52:20 +0100: Memory Usage (454264K) : metal4_iprobe has 0 polygons
2026-03-25 22:52:20 +0100: Memory Usage (454264K) : metal4_diffprb has 0 polygons
2026-03-25 22:52:20 +0100: Memory Usage (454264K) : heattrans_drw has 421 polygons
2026-03-25 22:52:20 +0100: Memory Usage (454264K) : heatres_drw has 7 polygons
2026-03-25 22:52:20 +0100: Memory Usage (454264K) : pempoly_drw has 0 polygons
2026-03-25 22:52:20 +0100: Memory Usage (454264K) : fbe_drw has 0 polygons
2026-03-25 22:52:20 +0100: Memory Usage (454264K) : empoly_drw has 0 polygons
2026-03-25 22:52:20 +0100: Memory Usage (454264K) : ldmos_drw has 0 polygons
2026-03-25 22:52:20 +0100: Memory Usage (454264K) : pbiwind_drw has 0 polygons
2026-03-25 22:52:20 +0100: Memory Usage (454264K) : digisub_drw has 0 polygons
2026-03-25 22:52:20 +0100: Memory Usage (454264K) : nodrc_drw has 0 polygons
2026-03-25 22:52:20 +0100: Memory Usage (454264K) : text_drw has 1107 polygons
2026-03-25 22:52:20 +0100: Memory Usage (454588K) : via4_drw has 6898 polygons
2026-03-25 22:52:20 +0100: Memory Usage (454588K) : metal5_drw has 32 polygons
2026-03-25 22:52:20 +0100: Memory Usage (454588K) : metal5_pin has 5 polygons
2026-03-25 22:52:20 +0100: Memory Usage (454588K) : metal5_mask has 0 polygons
2026-03-25 22:52:20 +0100: Memory Usage (454588K) : metal5_filler has 0 polygons
2026-03-25 22:52:20 +0100: Memory Usage (454588K) : metal5_nofill has 0 polygons
2026-03-25 22:52:20 +0100: Memory Usage (454588K) : metal5_slit has 0 polygons
2026-03-25 22:52:20 +0100: Memory Usage (454588K) : metal5_text has 1 polygons
2026-03-25 22:52:20 +0100: Memory Usage (454588K) : metal5_opc has 0 polygons
2026-03-25 22:52:20 +0100: Memory Usage (454588K) : metal5_noqrc has 0 polygons
2026-03-25 22:52:20 +0100: Memory Usage (454588K) : metal5_res has 0 polygons
2026-03-25 22:52:20 +0100: Memory Usage (454588K) : metal5_iprobe has 0 polygons
2026-03-25 22:52:20 +0100: Memory Usage (454588K) : metal5_diffprb has 0 polygons
2026-03-25 22:52:20 +0100: Memory Usage (454588K) : radhard_drw has 0 polygons
2026-03-25 22:52:20 +0100: Memory Usage (454588K) : memcap_drw has 0 polygons
2026-03-25 22:52:20 +0100: Memory Usage (454588K) : varicap_drw has 0 polygons
2026-03-25 22:52:20 +0100: Memory Usage (454588K) : flash_drw has 0 polygons
2026-03-25 22:52:20 +0100: Memory Usage (454588K) : intbondvia_drw has 0 polygons
2026-03-25 22:52:20 +0100: Memory Usage (454588K) : intbondmet_drw has 0 polygons
2026-03-25 22:52:20 +0100: Memory Usage (454588K) : devbondvia_drw has 0 polygons
2026-03-25 22:52:20 +0100: Memory Usage (454588K) : devbondmet_drw has 0 polygons
2026-03-25 22:52:20 +0100: Memory Usage (454588K) : devtrench_drw has 0 polygons
2026-03-25 22:52:20 +0100: Memory Usage (454588K) : redist_drw has 0 polygons
2026-03-25 22:52:20 +0100: Memory Usage (454588K) : graphbot_drw has 0 polygons
2026-03-25 22:52:20 +0100: Memory Usage (454588K) : graphtop_drw has 0 polygons
2026-03-25 22:52:20 +0100: Memory Usage (454588K) : antvia1_drw has 0 polygons
2026-03-25 22:52:20 +0100: Memory Usage (454588K) : antmetal2_drw has 0 polygons
2026-03-25 22:52:20 +0100: Memory Usage (454588K) : graphcont_drw has 0 polygons
2026-03-25 22:52:20 +0100: Memory Usage (454588K) : siwg_drw has 0 polygons
2026-03-25 22:52:20 +0100: Memory Usage (454588K) : siwg_filler has 0 polygons
2026-03-25 22:52:20 +0100: Memory Usage (454588K) : siwg_nofill has 0 polygons
2026-03-25 22:52:20 +0100: Memory Usage (454588K) : sigrating_drw has 0 polygons
2026-03-25 22:52:20 +0100: Memory Usage (454588K) : singrating_drw has 0 polygons
2026-03-25 22:52:20 +0100: Memory Usage (454588K) : graphpas_drw has 0 polygons
2026-03-25 22:52:20 +0100: Memory Usage (454588K) : emwind3_drw has 0 polygons
2026-03-25 22:52:20 +0100: Memory Usage (454588K) : emwihv3_drw has 0 polygons
2026-03-25 22:52:20 +0100: Memory Usage (454588K) : redbulay_drw has 0 polygons
2026-03-25 22:52:20 +0100: Memory Usage (454588K) : smos_drw has 0 polygons
2026-03-25 22:52:20 +0100: Memory Usage (454588K) : graphpad_drw has 0 polygons
2026-03-25 22:52:20 +0100: Memory Usage (454588K) : polimide_drw has 0 polygons
2026-03-25 22:52:20 +0100: Memory Usage (454852K) : polimide_pin has 0 polygons
2026-03-25 22:52:20 +0100: Memory Usage (454852K) : recog_drw has 0 polygons
2026-03-25 22:52:20 +0100: Memory Usage (454852K) : recog_pin has 0 polygons
2026-03-25 22:52:20 +0100: Memory Usage (454852K) : recog_esd has 0 polygons
2026-03-25 22:52:20 +0100: Memory Usage (455116K) : recog_diode has 0 polygons
2026-03-25 22:52:20 +0100: Memory Usage (455116K) : recog_tsv has 0 polygons
2026-03-25 22:52:20 +0100: Memory Usage (455116K) : recog_iprobe has 0 polygons
2026-03-25 22:52:20 +0100: Memory Usage (455380K) : recog_diffprb has 0 polygons
2026-03-25 22:52:20 +0100: Memory Usage (455380K) : recog_pillar has 0 polygons
2026-03-25 22:52:20 +0100: Memory Usage (455644K) : recog_sbump has 0 polygons
2026-03-25 22:52:20 +0100: Memory Usage (455644K) : recog_otp has 0 polygons
2026-03-25 22:52:20 +0100: Memory Usage (455644K) : recog_pdiode has 0 polygons
2026-03-25 22:52:20 +0100: Memory Usage (455908K) : recog_mom has 0 polygons
2026-03-25 22:52:20 +0100: Memory Usage (455908K) : recog_pcm has 0 polygons
2026-03-25 22:52:20 +0100: Memory Usage (455908K) : colopen_drw has 0 polygons
2026-03-25 22:52:20 +0100: Memory Usage (456172K) : graphmetal1_drw has 0 polygons
2026-03-25 22:52:20 +0100: Memory Usage (456172K) : graphmetal1_filler has 0 polygons
2026-03-25 22:52:20 +0100: Memory Usage (456436K) : graphmetal1_nofill has 0 polygons
2026-03-25 22:52:20 +0100: Memory Usage (456436K) : graphmetal1_slit has 0 polygons
2026-03-25 22:52:20 +0100: Memory Usage (456436K) : graphmetal1_opc has 0 polygons
2026-03-25 22:52:20 +0100: Memory Usage (456700K) : graphmet1l_drw has 0 polygons
2026-03-25 22:52:20 +0100: Memory Usage (456700K) : graphmet1l_filler has 0 polygons
2026-03-25 22:52:20 +0100: Memory Usage (456964K) : graphmet1l_nofill has 0 polygons
2026-03-25 22:52:20 +0100: Memory Usage (456964K) : graphmet1l_slit has 0 polygons
2026-03-25 22:52:20 +0100: Memory Usage (456964K) : graphmet1l_opc has 0 polygons
2026-03-25 22:52:20 +0100: Memory Usage (457228K) : extblock_drw has 5 polygons
2026-03-25 22:52:20 +0100: Memory Usage (457228K) : nldd_drw has 0 polygons
2026-03-25 22:52:20 +0100: Memory Usage (457492K) : pldd_drw has 0 polygons
2026-03-25 22:52:20 +0100: Memory Usage (457492K) : next_drw has 0 polygons
2026-03-25 22:52:20 +0100: Memory Usage (457492K) : pext_drw has 0 polygons
2026-03-25 22:52:20 +0100: Memory Usage (457756K) : nexthv_drw has 0 polygons
2026-03-25 22:52:20 +0100: Memory Usage (457756K) : pexthv_drw has 0 polygons
2026-03-25 22:52:20 +0100: Memory Usage (457756K) : graphgate_drw has 0 polygons
2026-03-25 22:52:20 +0100: Memory Usage (458020K) : sinwg_drw has 0 polygons
2026-03-25 22:52:20 +0100: Memory Usage (458020K) : sinwg_filler has 0 polygons
2026-03-25 22:52:20 +0100: Memory Usage (458284K) : sinwg_nofill has 0 polygons
2026-03-25 22:52:20 +0100: Memory Usage (458284K) : mempad_drw has 0 polygons
2026-03-25 22:52:20 +0100: Memory Usage (458548K) : topvia1_drw has 1720 polygons
2026-03-25 22:52:20 +0100: Memory Usage (458812K) : topmetal1_drw has 13 polygons
2026-03-25 22:52:20 +0100: Memory Usage (458812K) : topmetal1_pin has 15 polygons
2026-03-25 22:52:20 +0100: Memory Usage (458812K) : topmetal1_mask has 0 polygons
2026-03-25 22:52:20 +0100: Memory Usage (458812K) : topmetal1_filler has 0 polygons
2026-03-25 22:52:20 +0100: Memory Usage (459076K) : topmetal1_nofill has 0 polygons
2026-03-25 22:52:20 +0100: Memory Usage (459076K) : topmetal1_slit has 0 polygons
2026-03-25 22:52:20 +0100: Memory Usage (459076K) : topmetal1_text has 5 polygons
2026-03-25 22:52:20 +0100: Memory Usage (459340K) : topmetal1_noqrc has 0 polygons
2026-03-25 22:52:20 +0100: Memory Usage (459340K) : topmetal1_res has 0 polygons
2026-03-25 22:52:20 +0100: Memory Usage (459340K) : topmetal1_iprobe has 0 polygons
2026-03-25 22:52:20 +0100: Memory Usage (459604K) : topmetal1_diffprb has 0 polygons
2026-03-25 22:52:20 +0100: Memory Usage (459604K) : inldpwl_drw has 0 polygons
2026-03-25 22:52:20 +0100: Memory Usage (459868K) : polyres_drw has 7 polygons
2026-03-25 22:52:20 +0100: Memory Usage (459868K) : polyres_pin has 0 polygons
2026-03-25 22:52:20 +0100: Memory Usage (459868K) : vmim_drw has 578 polygons
2026-03-25 22:52:20 +0100: Memory Usage (460132K) : nbulaycut_drw has 0 polygons
2026-03-25 22:52:20 +0100: Memory Usage (460132K) : antmetal1_drw has 0 polygons
2026-03-25 22:52:20 +0100: Memory Usage (460396K) : topvia2_drw has 916 polygons
2026-03-25 22:52:20 +0100: Memory Usage (460396K) : topmetal2_drw has 4 polygons
2026-03-25 22:52:20 +0100: Memory Usage (460660K) : topmetal2_pin has 2 polygons
2026-03-25 22:52:20 +0100: Memory Usage (460660K) : topmetal2_mask has 0 polygons
2026-03-25 22:52:20 +0100: Memory Usage (460660K) : topmetal2_filler has 0 polygons
2026-03-25 22:52:20 +0100: Memory Usage (460924K) : topmetal2_nofill has 0 polygons
2026-03-25 22:52:20 +0100: Memory Usage (460924K) : topmetal2_slit has 0 polygons
2026-03-25 22:52:20 +0100: Memory Usage (460924K) : topmetal2_text has 2 polygons
2026-03-25 22:52:20 +0100: Memory Usage (461188K) : topmetal2_noqrc has 0 polygons
2026-03-25 22:52:20 +0100: Memory Usage (461188K) : topmetal2_res has 0 polygons
2026-03-25 22:52:20 +0100: Memory Usage (461188K) : topmetal2_iprobe has 0 polygons
2026-03-25 22:52:20 +0100: Memory Usage (461452K) : topmetal2_diffprb has 0 polygons
2026-03-25 22:52:20 +0100: Memory Usage (461452K) : snsring_drw has 0 polygons
2026-03-25 22:52:20 +0100: Memory Usage (461452K) : sensor_drw has 0 polygons
2026-03-25 22:52:20 +0100: Memory Usage (461716K) : snsarms_drw has 0 polygons
2026-03-25 22:52:20 +0100: Memory Usage (461716K) : snscmosvia_drw has 0 polygons
2026-03-25 22:52:20 +0100: Memory Usage (461716K) : colwind_drw has 0 polygons
2026-03-25 22:52:20 +0100: Memory Usage (461716K) : flm_drw has 0 polygons
2026-03-25 22:52:20 +0100: Memory Usage (461980K) : hafniumox_drw has 0 polygons
2026-03-25 22:52:20 +0100: Memory Usage (461980K) : memvia_drw has 0 polygons
2026-03-25 22:52:20 +0100: Memory Usage (461980K) : thinfilmres_drw has 0 polygons
2026-03-25 22:52:20 +0100: Memory Usage (462244K) : rfmem_drw has 0 polygons
2026-03-25 22:52:20 +0100: Memory Usage (462244K) : norcx_drw has 0 polygons
2026-03-25 22:52:20 +0100: Memory Usage (462244K) : norcx_m2m3 has 0 polygons
2026-03-25 22:52:20 +0100: Memory Usage (462244K) : norcx_m2m4 has 0 polygons
2026-03-25 22:52:20 +0100: Memory Usage (462508K) : norcx_m2m5 has 0 polygons
2026-03-25 22:52:20 +0100: Memory Usage (462508K) : norcx_m2tm1 has 0 polygons
2026-03-25 22:52:20 +0100: Memory Usage (462508K) : norcx_m2tm2 has 0 polygons
2026-03-25 22:52:20 +0100: Memory Usage (462772K) : norcx_m3m4 has 0 polygons
2026-03-25 22:52:20 +0100: Memory Usage (462772K) : norcx_m3m5 has 0 polygons
2026-03-25 22:52:20 +0100: Memory Usage (462772K) : norcx_m3tm1 has 0 polygons
2026-03-25 22:52:20 +0100: Memory Usage (463036K) : norcx_m3tm2 has 0 polygons
2026-03-25 22:52:20 +0100: Memory Usage (463036K) : norcx_m4m5 has 0 polygons
2026-03-25 22:52:20 +0100: Memory Usage (463036K) : norcx_m4tm1 has 0 polygons
2026-03-25 22:52:20 +0100: Memory Usage (463300K) : norcx_m4tm2 has 0 polygons
2026-03-25 22:52:20 +0100: Memory Usage (463300K) : norcx_m5tm1 has 0 polygons
2026-03-25 22:52:20 +0100: Memory Usage (463564K) : norcx_m5tm2 has 0 polygons
2026-03-25 22:52:20 +0100: Memory Usage (463564K) : norcx_tm1tm2 has 0 polygons
2026-03-25 22:52:20 +0100: Memory Usage (463564K) : norcx_m1sub has 0 polygons
2026-03-25 22:52:20 +0100: Memory Usage (463828K) : norcx_m2sub has 0 polygons
2026-03-25 22:52:20 +0100: Memory Usage (463828K) : norcx_m3sub has 0 polygons
2026-03-25 22:52:20 +0100: Memory Usage (463828K) : norcx_m4sub has 0 polygons
2026-03-25 22:52:20 +0100: Memory Usage (463828K) : norcx_m5sub has 0 polygons
2026-03-25 22:52:20 +0100: Memory Usage (464092K) : norcx_tm1sub has 0 polygons
2026-03-25 22:52:20 +0100: Memory Usage (464092K) : norcx_tm2sub has 0 polygons
2026-03-25 22:52:20 +0100: Memory Usage (464092K) : snsbotvia_drw has 0 polygons
2026-03-25 22:52:20 +0100: Memory Usage (464356K) : snstopvia_drw has 0 polygons
2026-03-25 22:52:20 +0100: Memory Usage (464356K) : deepvia_drw has 0 polygons
2026-03-25 22:52:20 +0100: Memory Usage (464356K) : fgetch_drw has 0 polygons
2026-03-25 22:52:20 +0100: Memory Usage (464356K) : ctrgat_drw has 0 polygons
2026-03-25 22:52:20 +0100: Memory Usage (464620K) : fgimp_drw has 0 polygons
2026-03-25 22:52:20 +0100: Memory Usage (464620K) : emwihv_drw has 0 polygons
2026-03-25 22:52:20 +0100: Memory Usage (464620K) : lbe_drw has 0 polygons
2026-03-25 22:52:20 +0100: Memory Usage (464884K) : alcustop_drw has 0 polygons
2026-03-25 22:52:20 +0100: Memory Usage (464884K) : nometfiller_drw has 0 polygons
2026-03-25 22:52:20 +0100: Memory Usage (464884K) : prboundary_drw has 0 polygons
2026-03-25 22:52:20 +0100: Memory Usage (464884K) : exchange0_drw has 0 polygons
2026-03-25 22:52:20 +0100: Memory Usage (465148K) : exchange0_pin has 0 polygons
2026-03-25 22:52:20 +0100: Memory Usage (465148K) : exchange0_text has 0 polygons
2026-03-25 22:52:20 +0100: Memory Usage (465148K) : exchange1_drw has 0 polygons
2026-03-25 22:52:20 +0100: Memory Usage (465148K) : exchange1_pin has 0 polygons
2026-03-25 22:52:20 +0100: Memory Usage (465148K) : exchange1_text has 0 polygons
2026-03-25 22:52:20 +0100: Memory Usage (465148K) : exchange2_drw has 0 polygons
2026-03-25 22:52:20 +0100: Memory Usage (465148K) : exchange2_pin has 0 polygons
2026-03-25 22:52:20 +0100: Memory Usage (465148K) : exchange2_text has 0 polygons
2026-03-25 22:52:20 +0100: Memory Usage (465148K) : exchange3_drw has 0 polygons
2026-03-25 22:52:20 +0100: Memory Usage (465148K) : exchange3_pin has 0 polygons
2026-03-25 22:52:20 +0100: Memory Usage (465148K) : exchange3_text has 0 polygons
2026-03-25 22:52:20 +0100: Memory Usage (465148K) : exchange4_drw has 0 polygons
2026-03-25 22:52:20 +0100: Memory Usage (465148K) : exchange4_pin has 0 polygons
2026-03-25 22:52:20 +0100: Memory Usage (465148K) : exchange4_text has 0 polygons
2026-03-25 22:52:20 +0100: Memory Usage (465148K) : isonwell_drw has 0 polygons
2026-03-25 22:52:20 +0100: Memory Usage (465148K) : Total no. of polygons in the design is 55451
2026-03-25 22:52:20 +0100: Memory Usage (465148K) : Loaded TECH DRC rules values from /foss/pdks/ihp-sg13g2/libs.tech/klayout/python/sg13g2_pycell_lib/sg13g2_tech_mod.json
2026-03-25 22:52:20 +0100: Memory Usage (465148K) : Loaded default DRC rules values from /foss/pdks/ihp-sg13g2/libs.tech/klayout/tech/drc/rule_decks/sg13g2_tech_default.json
2026-03-25 22:52:20 +0100: Memory Usage (465148K) : The following rules values were missing in tech json and default values were used:
2026-03-25 22:52:20 +0100: Memory Usage (465148K) :   - Cnt_c_digibnd
2026-03-25 22:52:20 +0100: Memory Usage (465148K) : Total area of the design is 54805.149724999996 um^2.
2026-03-25 22:52:20 +0100: Memory Usage (465148K) : The design dimensions are 309.90500000000003 µm * 176.845 µm.
2026-03-25 22:52:20 +0100: Memory Usage (465148K) : Starting general IHP-SG13G2 derivations.
2026-03-25 22:52:20 +0100: Memory Usage (465148K) : Starting Pwell derivations
2026-03-25 22:52:20 +0100: Memory Usage (465148K) : Starting n-Activ derivations
2026-03-25 22:52:20 +0100: Memory Usage (465148K) : Starting p-Activ derivations
2026-03-25 22:52:20 +0100: Memory Usage (465148K) : Starting ptap derivations
2026-03-25 22:52:20 +0100: Memory Usage (465148K) : Starting ntap derivations
2026-03-25 22:52:20 +0100: Memory Usage (465148K) : Starting pact FET derivations
2026-03-25 22:52:20 +0100: Memory Usage (465148K) : Starting nact FET derivations
2026-03-25 22:52:20 +0100: Memory Usage (465148K) : Starting Gate derivations
2026-03-25 22:52:20 +0100: Memory Usage (465148K) : Starting IHP-SG13G2 DRC connectivity related derivations.
2026-03-25 22:52:20 +0100: Memory Usage (465148K) : Starting IHP-SG13G2 DRC connectivity setup
2026-03-25 22:52:21 +0100: Memory Usage (467064K) : Starting IHP-SG13G2 DRC rules.
2026-03-25 22:52:21 +0100: Memory Usage (467064K) : Starting 5.3 nBuLay table
2026-03-25 22:52:21 +0100: Memory Usage (467064K) : Executing rule NBL.b
2026-03-25 22:52:21 +0100: Memory Usage (467064K) : Executing rule NBL.c
2026-03-25 22:52:21 +0100: Memory Usage (467064K) : Executing rule NBL.d
2026-03-25 22:52:21 +0100: Memory Usage (467064K) : Executing rule NBL.e
2026-03-25 22:52:21 +0100: Memory Usage (467064K) : Executing rule NBL.f
2026-03-25 22:52:21 +0100: Memory Usage (467064K) : KLayout DRC run for tables 'nbulay' completed in 1.61 seconds
