# Logfile created on 2026-03-25 22:52:19 +0100 by logger.rb/v1.5.3
2026-03-25 22:52:19 +0100: Memory Usage (437260K) : Starting running IHP-SG13G2 KLayout DRC runset on /foss/designs/Design/xschem/IHP__OPA2251/OPA2251-main/layout/klayout/HPA.gds
2026-03-25 22:52:19 +0100: Memory Usage (437260K) : Ruby Version for klayout: 3.2.3
2026-03-25 22:52:19 +0100: Memory Usage (439284K) : Loading database to memory is complete.
2026-03-25 22:52:19 +0100: Memory Usage (439508K) : IHP-SG13G2 KLayout DRC runset output at: /foss/designs/Design/xschem/IHP__OPA2251/OPA2251-main/layout/klayout/drc_run_HPA/HPA_HPA_contbar.lyrdb
2026-03-25 22:52:19 +0100: Memory Usage (439508K) : Evaluate switches.
2026-03-25 22:52:19 +0100: Memory Usage (439508K) : tables selected: contbar
2026-03-25 22:52:19 +0100: Memory Usage (439508K) : KLayout will use 4 thread(s) in tiled mode.
2026-03-25 22:52:19 +0100: Memory Usage (439508K) : flat mode is enabled.
2026-03-25 22:52:19 +0100: Memory Usage (439508K) : FEOL enabled: false
2026-03-25 22:52:19 +0100: Memory Usage (439508K) : BEOL enabled: false
2026-03-25 22:52:19 +0100: Memory Usage (439508K) : OFFGRID enabled: true
2026-03-25 22:52:19 +0100: Memory Usage (439508K) : PIN enabled: false
2026-03-25 22:52:19 +0100: Memory Usage (439508K) : FORBIDDEN enabled: false
2026-03-25 22:52:19 +0100: Memory Usage (439508K) : RECOMMENDED enabled: true
2026-03-25 22:52:19 +0100: Memory Usage (439508K) : PreCheck DRC enabled: false
2026-03-25 22:52:19 +0100: Memory Usage (439508K) : CONNECTIVITY_RULES enabled: false.
2026-03-25 22:52:19 +0100: Memory Usage (439508K) : Read in polygons from layers.
2026-03-25 22:52:19 +0100: Memory Usage (441896K) : activ_drw has 198 polygons
2026-03-25 22:52:19 +0100: Memory Usage (441896K) : activ_pin has 0 polygons
2026-03-25 22:52:19 +0100: Memory Usage (441896K) : activ_mask has 0 polygons
2026-03-25 22:52:19 +0100: Memory Usage (441896K) : activ_filler has 0 polygons
2026-03-25 22:52:19 +0100: Memory Usage (441896K) : activ_nofill has 0 polygons
2026-03-25 22:52:19 +0100: Memory Usage (441896K) : activ_opc has 0 polygons
2026-03-25 22:52:19 +0100: Memory Usage (441896K) : activ_iopc has 0 polygons
2026-03-25 22:52:19 +0100: Memory Usage (441896K) : activ_noqrc has 0 polygons
2026-03-25 22:52:19 +0100: Memory Usage (441896K) : biwind_drw has 0 polygons
2026-03-25 22:52:19 +0100: Memory Usage (441896K) : biwind_opc has 0 polygons
2026-03-25 22:52:19 +0100: Memory Usage (441896K) : pemwind_drw has 0 polygons
2026-03-25 22:52:19 +0100: Memory Usage (442804K) : gatpoly_drw has 108 polygons
2026-03-25 22:52:19 +0100: Memory Usage (442976K) : gatpoly_pin has 124 polygons
2026-03-25 22:52:19 +0100: Memory Usage (442976K) : gatpoly_filler has 0 polygons
2026-03-25 22:52:19 +0100: Memory Usage (442976K) : gatpoly_nofill has 0 polygons
2026-03-25 22:52:19 +0100: Memory Usage (442976K) : gatpoly_opc has 0 polygons
2026-03-25 22:52:19 +0100: Memory Usage (442976K) : gatpoly_iopc has 0 polygons
2026-03-25 22:52:19 +0100: Memory Usage (442976K) : gatpoly_noqrc has 0 polygons
2026-03-25 22:52:19 +0100: Memory Usage (449308K) : cont_drw has 16803 polygons
2026-03-25 22:52:19 +0100: Memory Usage (449308K) : cont_opc has 0 polygons
2026-03-25 22:52:19 +0100: Memory Usage (449308K) : nsd_drw has 0 polygons
2026-03-25 22:52:19 +0100: Memory Usage (449308K) : nsd_block has 0 polygons
2026-03-25 22:52:19 +0100: Memory Usage (449308K) : metal1_drw has 390 polygons
2026-03-25 22:52:19 +0100: Memory Usage (449308K) : metal1_pin has 515 polygons
2026-03-25 22:52:19 +0100: Memory Usage (449308K) : metal1_mask has 0 polygons
2026-03-25 22:52:19 +0100: Memory Usage (449308K) : metal1_filler has 0 polygons
2026-03-25 22:52:19 +0100: Memory Usage (449308K) : metal1_nofill has 0 polygons
2026-03-25 22:52:19 +0100: Memory Usage (449348K) : metal1_slit has 0 polygons
2026-03-25 22:52:19 +0100: Memory Usage (449348K) : metal1_text has 0 polygons
2026-03-25 22:52:19 +0100: Memory Usage (449348K) : metal1_opc has 0 polygons
2026-03-25 22:52:19 +0100: Memory Usage (449348K) : metal1_noqrc has 0 polygons
2026-03-25 22:52:19 +0100: Memory Usage (449348K) : metal1_res has 0 polygons
2026-03-25 22:52:19 +0100: Memory Usage (449348K) : metal1_iprobe has 0 polygons
2026-03-25 22:52:19 +0100: Memory Usage (449348K) : metal1_diffprb has 0 polygons
2026-03-25 22:52:19 +0100: Memory Usage (449348K) : passiv_drw has 0 polygons
2026-03-25 22:52:19 +0100: Memory Usage (449348K) : passiv_pin has 0 polygons
2026-03-25 22:52:19 +0100: Memory Usage (449348K) : passiv_sbump has 0 polygons
2026-03-25 22:52:19 +0100: Memory Usage (449348K) : passiv_pillar has 0 polygons
2026-03-25 22:52:19 +0100: Memory Usage (449348K) : passiv_pdl has 0 polygons
2026-03-25 22:52:19 +0100: Memory Usage (449348K) : metal2_drw has 95 polygons
2026-03-25 22:52:19 +0100: Memory Usage (449348K) : metal2_pin has 11 polygons
2026-03-25 22:52:19 +0100: Memory Usage (449348K) : metal2_mask has 0 polygons
2026-03-25 22:52:19 +0100: Memory Usage (449600K) : metal2_filler has 0 polygons
2026-03-25 22:52:19 +0100: Memory Usage (449600K) : metal2_nofill has 0 polygons
2026-03-25 22:52:19 +0100: Memory Usage (449600K) : metal2_slit has 0 polygons
2026-03-25 22:52:19 +0100: Memory Usage (449600K) : metal2_text has 0 polygons
2026-03-25 22:52:19 +0100: Memory Usage (449600K) : metal2_opc has 0 polygons
2026-03-25 22:52:19 +0100: Memory Usage (449600K) : metal2_noqrc has 0 polygons
2026-03-25 22:52:19 +0100: Memory Usage (449600K) : metal2_res has 0 polygons
2026-03-25 22:52:19 +0100: Memory Usage (449664K) : metal2_iprobe has 0 polygons
2026-03-25 22:52:19 +0100: Memory Usage (449664K) : metal2_diffprb has 0 polygons
2026-03-25 22:52:19 +0100: Memory Usage (449664K) : baspoly_drw has 0 polygons
2026-03-25 22:52:19 +0100: Memory Usage (449664K) : baspoly_pin has 0 polygons
2026-03-25 22:52:19 +0100: Memory Usage (449728K) : psd_drw has 24 polygons
2026-03-25 22:52:19 +0100: Memory Usage (449728K) : nldb_drw has 0 polygons
2026-03-25 22:52:19 +0100: Memory Usage (449728K) : digibnd_drw has 0 polygons
2026-03-25 22:52:19 +0100: Memory Usage (451836K) : via1_drw has 9590 polygons
2026-03-25 22:52:19 +0100: Memory Usage (451836K) : backmetal1_drw has 0 polygons
2026-03-25 22:52:19 +0100: Memory Usage (451944K) : backmetal1_pin has 0 polygons
2026-03-25 22:52:19 +0100: Memory Usage (451944K) : backmetal1_mask has 0 polygons
2026-03-25 22:52:19 +0100: Memory Usage (452008K) : backmetal1_filler has 0 polygons
2026-03-25 22:52:19 +0100: Memory Usage (452008K) : backmetal1_nofill has 0 polygons
2026-03-25 22:52:19 +0100: Memory Usage (452008K) : backmetal1_slit has 0 polygons
2026-03-25 22:52:19 +0100: Memory Usage (452008K) : backmetal1_text has 0 polygons
2026-03-25 22:52:19 +0100: Memory Usage (452008K) : backmetal1_opc has 0 polygons
2026-03-25 22:52:19 +0100: Memory Usage (452008K) : backmetal1_noqrc has 0 polygons
2026-03-25 22:52:19 +0100: Memory Usage (452008K) : backmetal1_res has 0 polygons
2026-03-25 22:52:19 +0100: Memory Usage (452008K) : backmetal1_iprobe has 0 polygons
2026-03-25 22:52:19 +0100: Memory Usage (452008K) : backmetal1_diffprb has 0 polygons
2026-03-25 22:52:19 +0100: Memory Usage (452008K) : backpassiv_drw has 0 polygons
2026-03-25 22:52:19 +0100: Memory Usage (452008K) : res_drw has 0 polygons
2026-03-25 22:52:19 +0100: Memory Usage (452072K) : sram_drw has 0 polygons
2026-03-25 22:52:19 +0100: Memory Usage (452072K) : trans_drw has 0 polygons
2026-03-25 22:52:19 +0100: Memory Usage (452072K) : ind_drw has 0 polygons
2026-03-25 22:52:19 +0100: Memory Usage (452072K) : ind_pin has 0 polygons
2026-03-25 22:52:19 +0100: Memory Usage (452072K) : ind_text has 0 polygons
2026-03-25 22:52:19 +0100: Memory Usage (452072K) : salblock_drw has 7 polygons
2026-03-25 22:52:19 +0100: Memory Usage (452072K) : via2_drw has 7995 polygons
2026-03-25 22:52:19 +0100: Memory Usage (452072K) : metal3_drw has 67 polygons
2026-03-25 22:52:19 +0100: Memory Usage (452072K) : metal3_pin has 8 polygons
2026-03-25 22:52:19 +0100: Memory Usage (452072K) : metal3_mask has 0 polygons
2026-03-25 22:52:19 +0100: Memory Usage (452072K) : metal3_filler has 0 polygons
2026-03-25 22:52:19 +0100: Memory Usage (452072K) : metal3_nofill has 0 polygons
2026-03-25 22:52:19 +0100: Memory Usage (452072K) : metal3_slit has 0 polygons
2026-03-25 22:52:19 +0100: Memory Usage (452072K) : metal3_text has 0 polygons
2026-03-25 22:52:19 +0100: Memory Usage (452072K) : metal3_opc has 0 polygons
2026-03-25 22:52:19 +0100: Memory Usage (452072K) : metal3_noqrc has 0 polygons
2026-03-25 22:52:19 +0100: Memory Usage (452072K) : metal3_res has 0 polygons
2026-03-25 22:52:19 +0100: Memory Usage (452072K) : metal3_iprobe has 0 polygons
2026-03-25 22:52:19 +0100: Memory Usage (452072K) : metal3_diffprb has 0 polygons
2026-03-25 22:52:19 +0100: Memory Usage (452072K) : nwell_drw has 5 polygons
2026-03-25 22:52:19 +0100: Memory Usage (452072K) : nwell_pin has 0 polygons
2026-03-25 22:52:19 +0100: Memory Usage (452072K) : nbulay_drw has 0 polygons
2026-03-25 22:52:19 +0100: Memory Usage (452072K) : nbulay_pin has 0 polygons
2026-03-25 22:52:19 +0100: Memory Usage (452072K) : nbulay_block has 0 polygons
2026-03-25 22:52:19 +0100: Memory Usage (452072K) : emwind_drw has 0 polygons
2026-03-25 22:52:19 +0100: Memory Usage (452072K) : emwind_opc has 0 polygons
2026-03-25 22:52:19 +0100: Memory Usage (452072K) : deepco_drw has 0 polygons
2026-03-25 22:52:19 +0100: Memory Usage (452072K) : deepco_drw has 0 polygons
2026-03-25 22:52:19 +0100: Memory Usage (452072K) : mim_drw has 2 polygons
2026-03-25 22:52:19 +0100: Memory Usage (452072K) : edgeseal_drw has 0 polygons
2026-03-25 22:52:19 +0100: Memory Usage (452072K) : edgeseal_bound has 0 polygons
2026-03-25 22:52:19 +0100: Memory Usage (452072K) : substrate_drw has 723 polygons
2026-03-25 22:52:19 +0100: Memory Usage (452072K) : substrate_text has 0 polygons
2026-03-25 22:52:19 +0100: Memory Usage (452072K) : dfpad_drw has 0 polygons
2026-03-25 22:52:19 +0100: Memory Usage (452072K) : dfpad_pillar has 0 polygons
2026-03-25 22:52:19 +0100: Memory Usage (452072K) : dfpad_sbump has 0 polygons
2026-03-25 22:52:19 +0100: Memory Usage (452072K) : thickgateox_drw has 0 polygons
2026-03-25 22:52:19 +0100: Memory Usage (452072K) : pldb_drw has 0 polygons
2026-03-25 22:52:19 +0100: Memory Usage (452072K) : pwell_drw has 0 polygons
2026-03-25 22:52:20 +0100: Memory Usage (452072K) : pwell_pin has 0 polygons
2026-03-25 22:52:20 +0100: Memory Usage (452072K) : pwell_block has 0 polygons
2026-03-25 22:52:20 +0100: Memory Usage (452072K) : ic_drw has 0 polygons
2026-03-25 22:52:20 +0100: Memory Usage (452332K) : via3_drw has 7005 polygons
2026-03-25 22:52:20 +0100: Memory Usage (452332K) : metal4_drw has 40 polygons
2026-03-25 22:52:20 +0100: Memory Usage (452332K) : metal4_pin has 3 polygons
2026-03-25 22:52:20 +0100: Memory Usage (452332K) : metal4_mask has 0 polygons
2026-03-25 22:52:20 +0100: Memory Usage (452332K) : metal4_filler has 0 polygons
2026-03-25 22:52:20 +0100: Memory Usage (452332K) : metal4_nofill has 0 polygons
2026-03-25 22:52:20 +0100: Memory Usage (452332K) : metal4_slit has 0 polygons
2026-03-25 22:52:20 +0100: Memory Usage (452332K) : metal4_text has 0 polygons
2026-03-25 22:52:20 +0100: Memory Usage (452332K) : metal4_opc has 0 polygons
2026-03-25 22:52:20 +0100: Memory Usage (452332K) : metal4_noqrc has 0 polygons
2026-03-25 22:52:20 +0100: Memory Usage (452332K) : metal4_res has 0 polygons
2026-03-25 22:52:20 +0100: Memory Usage (452332K) : metal4_iprobe has 0 polygons
2026-03-25 22:52:20 +0100: Memory Usage (452332K) : metal4_diffprb has 0 polygons
2026-03-25 22:52:20 +0100: Memory Usage (452332K) : heattrans_drw has 421 polygons
2026-03-25 22:52:20 +0100: Memory Usage (452332K) : heatres_drw has 7 polygons
2026-03-25 22:52:20 +0100: Memory Usage (452332K) : pempoly_drw has 0 polygons
2026-03-25 22:52:20 +0100: Memory Usage (452332K) : fbe_drw has 0 polygons
2026-03-25 22:52:20 +0100: Memory Usage (452332K) : empoly_drw has 0 polygons
2026-03-25 22:52:20 +0100: Memory Usage (452332K) : ldmos_drw has 0 polygons
2026-03-25 22:52:20 +0100: Memory Usage (452332K) : pbiwind_drw has 0 polygons
2026-03-25 22:52:20 +0100: Memory Usage (452332K) : digisub_drw has 0 polygons
2026-03-25 22:52:20 +0100: Memory Usage (452332K) : nodrc_drw has 0 polygons
2026-03-25 22:52:20 +0100: Memory Usage (452332K) : text_drw has 1107 polygons
2026-03-25 22:52:20 +0100: Memory Usage (452656K) : via4_drw has 6898 polygons
2026-03-25 22:52:20 +0100: Memory Usage (452656K) : metal5_drw has 32 polygons
2026-03-25 22:52:20 +0100: Memory Usage (452656K) : metal5_pin has 5 polygons
2026-03-25 22:52:20 +0100: Memory Usage (452656K) : metal5_mask has 0 polygons
2026-03-25 22:52:20 +0100: Memory Usage (452656K) : metal5_filler has 0 polygons
2026-03-25 22:52:20 +0100: Memory Usage (452656K) : metal5_nofill has 0 polygons
2026-03-25 22:52:20 +0100: Memory Usage (452656K) : metal5_slit has 0 polygons
2026-03-25 22:52:20 +0100: Memory Usage (452656K) : metal5_text has 1 polygons
2026-03-25 22:52:20 +0100: Memory Usage (452656K) : metal5_opc has 0 polygons
2026-03-25 22:52:20 +0100: Memory Usage (452656K) : metal5_noqrc has 0 polygons
2026-03-25 22:52:20 +0100: Memory Usage (452656K) : metal5_res has 0 polygons
2026-03-25 22:52:20 +0100: Memory Usage (452656K) : metal5_iprobe has 0 polygons
2026-03-25 22:52:20 +0100: Memory Usage (452656K) : metal5_diffprb has 0 polygons
2026-03-25 22:52:20 +0100: Memory Usage (452656K) : radhard_drw has 0 polygons
2026-03-25 22:52:20 +0100: Memory Usage (452656K) : memcap_drw has 0 polygons
2026-03-25 22:52:20 +0100: Memory Usage (452656K) : varicap_drw has 0 polygons
2026-03-25 22:52:20 +0100: Memory Usage (452656K) : flash_drw has 0 polygons
2026-03-25 22:52:20 +0100: Memory Usage (452656K) : intbondvia_drw has 0 polygons
2026-03-25 22:52:20 +0100: Memory Usage (452920K) : intbondmet_drw has 0 polygons
2026-03-25 22:52:20 +0100: Memory Usage (452920K) : devbondvia_drw has 0 polygons
2026-03-25 22:52:20 +0100: Memory Usage (452920K) : devbondmet_drw has 0 polygons
2026-03-25 22:52:20 +0100: Memory Usage (452920K) : devtrench_drw has 0 polygons
2026-03-25 22:52:20 +0100: Memory Usage (452920K) : redist_drw has 0 polygons
2026-03-25 22:52:20 +0100: Memory Usage (453184K) : graphbot_drw has 0 polygons
2026-03-25 22:52:20 +0100: Memory Usage (453184K) : graphtop_drw has 0 polygons
2026-03-25 22:52:20 +0100: Memory Usage (453184K) : antvia1_drw has 0 polygons
2026-03-25 22:52:20 +0100: Memory Usage (453448K) : antmetal2_drw has 0 polygons
2026-03-25 22:52:20 +0100: Memory Usage (453448K) : graphcont_drw has 0 polygons
2026-03-25 22:52:20 +0100: Memory Usage (453712K) : siwg_drw has 0 polygons
2026-03-25 22:52:20 +0100: Memory Usage (453712K) : siwg_filler has 0 polygons
2026-03-25 22:52:20 +0100: Memory Usage (453712K) : siwg_nofill has 0 polygons
2026-03-25 22:52:20 +0100: Memory Usage (453976K) : sigrating_drw has 0 polygons
2026-03-25 22:52:20 +0100: Memory Usage (453976K) : singrating_drw has 0 polygons
2026-03-25 22:52:20 +0100: Memory Usage (453976K) : graphpas_drw has 0 polygons
2026-03-25 22:52:20 +0100: Memory Usage (454240K) : emwind3_drw has 0 polygons
2026-03-25 22:52:20 +0100: Memory Usage (454240K) : emwihv3_drw has 0 polygons
2026-03-25 22:52:20 +0100: Memory Usage (454504K) : redbulay_drw has 0 polygons
2026-03-25 22:52:20 +0100: Memory Usage (454504K) : smos_drw has 0 polygons
2026-03-25 22:52:20 +0100: Memory Usage (454504K) : graphpad_drw has 0 polygons
2026-03-25 22:52:20 +0100: Memory Usage (454768K) : polimide_drw has 0 polygons
2026-03-25 22:52:20 +0100: Memory Usage (454768K) : polimide_pin has 0 polygons
2026-03-25 22:52:20 +0100: Memory Usage (455032K) : recog_drw has 0 polygons
2026-03-25 22:52:20 +0100: Memory Usage (455032K) : recog_pin has 0 polygons
2026-03-25 22:52:20 +0100: Memory Usage (455032K) : recog_esd has 0 polygons
2026-03-25 22:52:20 +0100: Memory Usage (455296K) : recog_diode has 0 polygons
2026-03-25 22:52:20 +0100: Memory Usage (455296K) : recog_tsv has 0 polygons
2026-03-25 22:52:20 +0100: Memory Usage (455560K) : recog_iprobe has 0 polygons
2026-03-25 22:52:20 +0100: Memory Usage (455560K) : recog_diffprb has 0 polygons
2026-03-25 22:52:20 +0100: Memory Usage (455560K) : recog_pillar has 0 polygons
2026-03-25 22:52:20 +0100: Memory Usage (455824K) : recog_sbump has 0 polygons
2026-03-25 22:52:20 +0100: Memory Usage (455824K) : recog_otp has 0 polygons
2026-03-25 22:52:20 +0100: Memory Usage (455824K) : recog_pdiode has 0 polygons
2026-03-25 22:52:20 +0100: Memory Usage (456088K) : recog_mom has 0 polygons
2026-03-25 22:52:20 +0100: Memory Usage (456088K) : recog_pcm has 0 polygons
2026-03-25 22:52:20 +0100: Memory Usage (456352K) : colopen_drw has 0 polygons
2026-03-25 22:52:20 +0100: Memory Usage (456352K) : graphmetal1_drw has 0 polygons
2026-03-25 22:52:20 +0100: Memory Usage (456352K) : graphmetal1_filler has 0 polygons
2026-03-25 22:52:20 +0100: Memory Usage (456616K) : graphmetal1_nofill has 0 polygons
2026-03-25 22:52:20 +0100: Memory Usage (456616K) : graphmetal1_slit has 0 polygons
2026-03-25 22:52:20 +0100: Memory Usage (456616K) : graphmetal1_opc has 0 polygons
2026-03-25 22:52:20 +0100: Memory Usage (456880K) : graphmet1l_drw has 0 polygons
2026-03-25 22:52:20 +0100: Memory Usage (456880K) : graphmet1l_filler has 0 polygons
2026-03-25 22:52:20 +0100: Memory Usage (457144K) : graphmet1l_nofill has 0 polygons
2026-03-25 22:52:20 +0100: Memory Usage (457144K) : graphmet1l_slit has 0 polygons
2026-03-25 22:52:20 +0100: Memory Usage (457144K) : graphmet1l_opc has 0 polygons
2026-03-25 22:52:20 +0100: Memory Usage (457408K) : extblock_drw has 5 polygons
2026-03-25 22:52:20 +0100: Memory Usage (457408K) : nldd_drw has 0 polygons
2026-03-25 22:52:20 +0100: Memory Usage (457672K) : pldd_drw has 0 polygons
2026-03-25 22:52:20 +0100: Memory Usage (457672K) : next_drw has 0 polygons
2026-03-25 22:52:20 +0100: Memory Usage (457672K) : pext_drw has 0 polygons
2026-03-25 22:52:20 +0100: Memory Usage (457936K) : nexthv_drw has 0 polygons
2026-03-25 22:52:20 +0100: Memory Usage (457936K) : pexthv_drw has 0 polygons
2026-03-25 22:52:20 +0100: Memory Usage (458200K) : graphgate_drw has 0 polygons
2026-03-25 22:52:20 +0100: Memory Usage (458200K) : sinwg_drw has 0 polygons
2026-03-25 22:52:20 +0100: Memory Usage (458200K) : sinwg_filler has 0 polygons
2026-03-25 22:52:20 +0100: Memory Usage (458464K) : sinwg_nofill has 0 polygons
2026-03-25 22:52:20 +0100: Memory Usage (458464K) : mempad_drw has 0 polygons
2026-03-25 22:52:20 +0100: Memory Usage (458728K) : topvia1_drw has 1720 polygons
2026-03-25 22:52:20 +0100: Memory Usage (458992K) : topmetal1_drw has 13 polygons
2026-03-25 22:52:20 +0100: Memory Usage (458992K) : topmetal1_pin has 15 polygons
2026-03-25 22:52:20 +0100: Memory Usage (458992K) : topmetal1_mask has 0 polygons
2026-03-25 22:52:20 +0100: Memory Usage (458992K) : topmetal1_filler has 0 polygons
2026-03-25 22:52:20 +0100: Memory Usage (459256K) : topmetal1_nofill has 0 polygons
2026-03-25 22:52:20 +0100: Memory Usage (459256K) : topmetal1_slit has 0 polygons
2026-03-25 22:52:20 +0100: Memory Usage (459256K) : topmetal1_text has 5 polygons
2026-03-25 22:52:20 +0100: Memory Usage (459520K) : topmetal1_noqrc has 0 polygons
2026-03-25 22:52:20 +0100: Memory Usage (459520K) : topmetal1_res has 0 polygons
2026-03-25 22:52:20 +0100: Memory Usage (459520K) : topmetal1_iprobe has 0 polygons
2026-03-25 22:52:20 +0100: Memory Usage (459784K) : topmetal1_diffprb has 0 polygons
2026-03-25 22:52:20 +0100: Memory Usage (459784K) : inldpwl_drw has 0 polygons
2026-03-25 22:52:20 +0100: Memory Usage (460048K) : polyres_drw has 7 polygons
2026-03-25 22:52:20 +0100: Memory Usage (460048K) : polyres_pin has 0 polygons
2026-03-25 22:52:20 +0100: Memory Usage (460048K) : vmim_drw has 578 polygons
2026-03-25 22:52:20 +0100: Memory Usage (460312K) : nbulaycut_drw has 0 polygons
2026-03-25 22:52:20 +0100: Memory Usage (460312K) : antmetal1_drw has 0 polygons
2026-03-25 22:52:20 +0100: Memory Usage (460576K) : topvia2_drw has 916 polygons
2026-03-25 22:52:20 +0100: Memory Usage (460840K) : topmetal2_drw has 4 polygons
2026-03-25 22:52:20 +0100: Memory Usage (460840K) : topmetal2_pin has 2 polygons
2026-03-25 22:52:20 +0100: Memory Usage (460840K) : topmetal2_mask has 0 polygons
2026-03-25 22:52:20 +0100: Memory Usage (460840K) : topmetal2_filler has 0 polygons
2026-03-25 22:52:20 +0100: Memory Usage (461104K) : topmetal2_nofill has 0 polygons
2026-03-25 22:52:20 +0100: Memory Usage (461104K) : topmetal2_slit has 0 polygons
2026-03-25 22:52:20 +0100: Memory Usage (461104K) : topmetal2_text has 2 polygons
2026-03-25 22:52:20 +0100: Memory Usage (461104K) : topmetal2_noqrc has 0 polygons
2026-03-25 22:52:20 +0100: Memory Usage (461368K) : topmetal2_res has 0 polygons
2026-03-25 22:52:20 +0100: Memory Usage (461368K) : topmetal2_iprobe has 0 polygons
2026-03-25 22:52:20 +0100: Memory Usage (461368K) : topmetal2_diffprb has 0 polygons
2026-03-25 22:52:20 +0100: Memory Usage (461632K) : snsring_drw has 0 polygons
2026-03-25 22:52:20 +0100: Memory Usage (461632K) : sensor_drw has 0 polygons
2026-03-25 22:52:20 +0100: Memory Usage (461632K) : snsarms_drw has 0 polygons
2026-03-25 22:52:20 +0100: Memory Usage (461632K) : snscmosvia_drw has 0 polygons
2026-03-25 22:52:20 +0100: Memory Usage (461896K) : colwind_drw has 0 polygons
2026-03-25 22:52:20 +0100: Memory Usage (461896K) : flm_drw has 0 polygons
2026-03-25 22:52:20 +0100: Memory Usage (461896K) : hafniumox_drw has 0 polygons
2026-03-25 22:52:20 +0100: Memory Usage (462160K) : memvia_drw has 0 polygons
2026-03-25 22:52:20 +0100: Memory Usage (462160K) : thinfilmres_drw has 0 polygons
2026-03-25 22:52:20 +0100: Memory Usage (462160K) : rfmem_drw has 0 polygons
2026-03-25 22:52:20 +0100: Memory Usage (462160K) : norcx_drw has 0 polygons
2026-03-25 22:52:20 +0100: Memory Usage (462424K) : norcx_m2m3 has 0 polygons
2026-03-25 22:52:20 +0100: Memory Usage (462424K) : norcx_m2m4 has 0 polygons
2026-03-25 22:52:20 +0100: Memory Usage (462688K) : norcx_m2m5 has 0 polygons
2026-03-25 22:52:20 +0100: Memory Usage (462688K) : norcx_m2tm1 has 0 polygons
2026-03-25 22:52:20 +0100: Memory Usage (462688K) : norcx_m2tm2 has 0 polygons
2026-03-25 22:52:20 +0100: Memory Usage (462952K) : norcx_m3m4 has 0 polygons
2026-03-25 22:52:20 +0100: Memory Usage (462952K) : norcx_m3m5 has 0 polygons
2026-03-25 22:52:20 +0100: Memory Usage (463216K) : norcx_m3tm1 has 0 polygons
2026-03-25 22:52:20 +0100: Memory Usage (463216K) : norcx_m3tm2 has 0 polygons
2026-03-25 22:52:20 +0100: Memory Usage (463216K) : norcx_m4m5 has 0 polygons
2026-03-25 22:52:20 +0100: Memory Usage (463216K) : norcx_m4tm1 has 0 polygons
2026-03-25 22:52:20 +0100: Memory Usage (463216K) : norcx_m4tm2 has 0 polygons
2026-03-25 22:52:20 +0100: Memory Usage (463216K) : norcx_m5tm1 has 0 polygons
2026-03-25 22:52:20 +0100: Memory Usage (463216K) : norcx_m5tm2 has 0 polygons
2026-03-25 22:52:20 +0100: Memory Usage (463216K) : norcx_tm1tm2 has 0 polygons
2026-03-25 22:52:20 +0100: Memory Usage (463480K) : norcx_m1sub has 0 polygons
2026-03-25 22:52:20 +0100: Memory Usage (463480K) : norcx_m2sub has 0 polygons
2026-03-25 22:52:20 +0100: Memory Usage (463480K) : norcx_m3sub has 0 polygons
2026-03-25 22:52:20 +0100: Memory Usage (463480K) : norcx_m4sub has 0 polygons
2026-03-25 22:52:20 +0100: Memory Usage (463744K) : norcx_m5sub has 0 polygons
2026-03-25 22:52:20 +0100: Memory Usage (463744K) : norcx_tm1sub has 0 polygons
2026-03-25 22:52:20 +0100: Memory Usage (463744K) : norcx_tm2sub has 0 polygons
2026-03-25 22:52:20 +0100: Memory Usage (464008K) : snsbotvia_drw has 0 polygons
2026-03-25 22:52:20 +0100: Memory Usage (464008K) : snstopvia_drw has 0 polygons
2026-03-25 22:52:20 +0100: Memory Usage (464008K) : deepvia_drw has 0 polygons
2026-03-25 22:52:20 +0100: Memory Usage (464008K) : fgetch_drw has 0 polygons
2026-03-25 22:52:20 +0100: Memory Usage (464272K) : ctrgat_drw has 0 polygons
2026-03-25 22:52:20 +0100: Memory Usage (464272K) : fgimp_drw has 0 polygons
2026-03-25 22:52:20 +0100: Memory Usage (464272K) : emwihv_drw has 0 polygons
2026-03-25 22:52:20 +0100: Memory Usage (464536K) : lbe_drw has 0 polygons
2026-03-25 22:52:20 +0100: Memory Usage (464536K) : alcustop_drw has 0 polygons
2026-03-25 22:52:20 +0100: Memory Usage (464536K) : nometfiller_drw has 0 polygons
2026-03-25 22:52:20 +0100: Memory Usage (464536K) : prboundary_drw has 0 polygons
2026-03-25 22:52:20 +0100: Memory Usage (464800K) : exchange0_drw has 0 polygons
2026-03-25 22:52:20 +0100: Memory Usage (464800K) : exchange0_pin has 0 polygons
2026-03-25 22:52:20 +0100: Memory Usage (464800K) : exchange0_text has 0 polygons
2026-03-25 22:52:20 +0100: Memory Usage (464800K) : exchange1_drw has 0 polygons
2026-03-25 22:52:20 +0100: Memory Usage (464800K) : exchange1_pin has 0 polygons
2026-03-25 22:52:20 +0100: Memory Usage (464800K) : exchange1_text has 0 polygons
2026-03-25 22:52:20 +0100: Memory Usage (464800K) : exchange2_drw has 0 polygons
2026-03-25 22:52:20 +0100: Memory Usage (464800K) : exchange2_pin has 0 polygons
2026-03-25 22:52:20 +0100: Memory Usage (464800K) : exchange2_text has 0 polygons
2026-03-25 22:52:20 +0100: Memory Usage (464800K) : exchange3_drw has 0 polygons
2026-03-25 22:52:20 +0100: Memory Usage (464800K) : exchange3_pin has 0 polygons
2026-03-25 22:52:20 +0100: Memory Usage (464800K) : exchange3_text has 0 polygons
2026-03-25 22:52:20 +0100: Memory Usage (464800K) : exchange4_drw has 0 polygons
2026-03-25 22:52:20 +0100: Memory Usage (464800K) : exchange4_pin has 0 polygons
2026-03-25 22:52:20 +0100: Memory Usage (464800K) : exchange4_text has 0 polygons
2026-03-25 22:52:20 +0100: Memory Usage (464800K) : isonwell_drw has 0 polygons
2026-03-25 22:52:20 +0100: Memory Usage (464800K) : Total no. of polygons in the design is 55451
2026-03-25 22:52:20 +0100: Memory Usage (464800K) : Loaded TECH DRC rules values from /foss/pdks/ihp-sg13g2/libs.tech/klayout/python/sg13g2_pycell_lib/sg13g2_tech_mod.json
2026-03-25 22:52:20 +0100: Memory Usage (464800K) : Loaded default DRC rules values from /foss/pdks/ihp-sg13g2/libs.tech/klayout/tech/drc/rule_decks/sg13g2_tech_default.json
2026-03-25 22:52:20 +0100: Memory Usage (464800K) : The following rules values were missing in tech json and default values were used:
2026-03-25 22:52:20 +0100: Memory Usage (464800K) :   - Cnt_c_digibnd
2026-03-25 22:52:20 +0100: Memory Usage (464800K) : Total area of the design is 54805.149724999996 um^2.
2026-03-25 22:52:20 +0100: Memory Usage (464800K) : The design dimensions are 309.90500000000003 µm * 176.845 µm.
2026-03-25 22:52:20 +0100: Memory Usage (464800K) : Starting general IHP-SG13G2 derivations.
2026-03-25 22:52:20 +0100: Memory Usage (464800K) : Starting Pwell derivations
2026-03-25 22:52:20 +0100: Memory Usage (464800K) : Starting cont/contbar general derivations
2026-03-25 22:52:20 +0100: Memory Usage (466708K) : Starting IHP-SG13G2 DRC rules.
2026-03-25 22:52:20 +0100: Memory Usage (466708K) : Starting 5.15. ContBar table
2026-03-25 22:52:20 +0100: Memory Usage (466708K) : Executing rule CntB.b1
2026-03-25 22:52:20 +0100: Memory Usage (468372K) : Executing rule CntB.h1
2026-03-25 22:52:20 +0100: Memory Usage (468372K) : KLayout DRC run for tables 'contbar' completed in 1.11 seconds
