# Logfile created on 2026-03-25 22:52:19 +0100 by logger.rb/v1.5.3
2026-03-25 22:52:19 +0100: Memory Usage (437048K) : Starting running IHP-SG13G2 KLayout DRC runset on /foss/designs/Design/xschem/IHP__OPA2251/OPA2251-main/layout/klayout/HPA.gds
2026-03-25 22:52:19 +0100: Memory Usage (437048K) : Ruby Version for klayout: 3.2.3
2026-03-25 22:52:19 +0100: Memory Usage (438820K) : Loading database to memory is complete.
2026-03-25 22:52:19 +0100: Memory Usage (439024K) : IHP-SG13G2 KLayout DRC runset output at: /foss/designs/Design/xschem/IHP__OPA2251/OPA2251-main/layout/klayout/drc_run_HPA/HPA_HPA_schottkydiode.lyrdb
2026-03-25 22:52:19 +0100: Memory Usage (439024K) : Evaluate switches.
2026-03-25 22:52:19 +0100: Memory Usage (439024K) : tables selected: schottkydiode
2026-03-25 22:52:19 +0100: Memory Usage (439024K) : KLayout will use 4 thread(s) in tiled mode.
2026-03-25 22:52:19 +0100: Memory Usage (439024K) : flat mode is enabled.
2026-03-25 22:52:19 +0100: Memory Usage (439024K) : FEOL enabled: false
2026-03-25 22:52:19 +0100: Memory Usage (439024K) : BEOL enabled: false
2026-03-25 22:52:19 +0100: Memory Usage (439024K) : OFFGRID enabled: true
2026-03-25 22:52:19 +0100: Memory Usage (439024K) : PIN enabled: false
2026-03-25 22:52:19 +0100: Memory Usage (439024K) : FORBIDDEN enabled: false
2026-03-25 22:52:19 +0100: Memory Usage (439024K) : RECOMMENDED enabled: true
2026-03-25 22:52:19 +0100: Memory Usage (439024K) : PreCheck DRC enabled: false
2026-03-25 22:52:19 +0100: Memory Usage (439024K) : CONNECTIVITY_RULES enabled: false.
2026-03-25 22:52:19 +0100: Memory Usage (439024K) : Read in polygons from layers.
2026-03-25 22:52:19 +0100: Memory Usage (441572K) : activ_drw has 198 polygons
2026-03-25 22:52:19 +0100: Memory Usage (441572K) : activ_pin has 0 polygons
2026-03-25 22:52:19 +0100: Memory Usage (441572K) : activ_mask has 0 polygons
2026-03-25 22:52:19 +0100: Memory Usage (441572K) : activ_filler has 0 polygons
2026-03-25 22:52:19 +0100: Memory Usage (441572K) : activ_nofill has 0 polygons
2026-03-25 22:52:19 +0100: Memory Usage (441572K) : activ_opc has 0 polygons
2026-03-25 22:52:19 +0100: Memory Usage (441572K) : activ_iopc has 0 polygons
2026-03-25 22:52:19 +0100: Memory Usage (441572K) : activ_noqrc has 0 polygons
2026-03-25 22:52:19 +0100: Memory Usage (441572K) : biwind_drw has 0 polygons
2026-03-25 22:52:19 +0100: Memory Usage (441572K) : biwind_opc has 0 polygons
2026-03-25 22:52:19 +0100: Memory Usage (441572K) : pemwind_drw has 0 polygons
2026-03-25 22:52:19 +0100: Memory Usage (442532K) : gatpoly_drw has 108 polygons
2026-03-25 22:52:19 +0100: Memory Usage (442728K) : gatpoly_pin has 124 polygons
2026-03-25 22:52:19 +0100: Memory Usage (442728K) : gatpoly_filler has 0 polygons
2026-03-25 22:52:19 +0100: Memory Usage (442728K) : gatpoly_nofill has 0 polygons
2026-03-25 22:52:19 +0100: Memory Usage (442728K) : gatpoly_opc has 0 polygons
2026-03-25 22:52:19 +0100: Memory Usage (442728K) : gatpoly_iopc has 0 polygons
2026-03-25 22:52:19 +0100: Memory Usage (442728K) : gatpoly_noqrc has 0 polygons
2026-03-25 22:52:19 +0100: Memory Usage (449060K) : cont_drw has 16803 polygons
2026-03-25 22:52:19 +0100: Memory Usage (449060K) : cont_opc has 0 polygons
2026-03-25 22:52:19 +0100: Memory Usage (449060K) : nsd_drw has 0 polygons
2026-03-25 22:52:19 +0100: Memory Usage (449060K) : nsd_block has 0 polygons
2026-03-25 22:52:19 +0100: Memory Usage (449060K) : metal1_drw has 390 polygons
2026-03-25 22:52:19 +0100: Memory Usage (449060K) : metal1_pin has 515 polygons
2026-03-25 22:52:19 +0100: Memory Usage (449060K) : metal1_mask has 0 polygons
2026-03-25 22:52:19 +0100: Memory Usage (449060K) : metal1_filler has 0 polygons
2026-03-25 22:52:19 +0100: Memory Usage (449060K) : metal1_nofill has 0 polygons
2026-03-25 22:52:19 +0100: Memory Usage (449092K) : metal1_slit has 0 polygons
2026-03-25 22:52:19 +0100: Memory Usage (449092K) : metal1_text has 0 polygons
2026-03-25 22:52:19 +0100: Memory Usage (449092K) : metal1_opc has 0 polygons
2026-03-25 22:52:19 +0100: Memory Usage (449092K) : metal1_noqrc has 0 polygons
2026-03-25 22:52:19 +0100: Memory Usage (449092K) : metal1_res has 0 polygons
2026-03-25 22:52:19 +0100: Memory Usage (449092K) : metal1_iprobe has 0 polygons
2026-03-25 22:52:19 +0100: Memory Usage (449092K) : metal1_diffprb has 0 polygons
2026-03-25 22:52:19 +0100: Memory Usage (449092K) : passiv_drw has 0 polygons
2026-03-25 22:52:19 +0100: Memory Usage (449092K) : passiv_pin has 0 polygons
2026-03-25 22:52:19 +0100: Memory Usage (449092K) : passiv_sbump has 0 polygons
2026-03-25 22:52:19 +0100: Memory Usage (449092K) : passiv_pillar has 0 polygons
2026-03-25 22:52:19 +0100: Memory Usage (449092K) : passiv_pdl has 0 polygons
2026-03-25 22:52:19 +0100: Memory Usage (449092K) : metal2_drw has 95 polygons
2026-03-25 22:52:19 +0100: Memory Usage (449092K) : metal2_pin has 11 polygons
2026-03-25 22:52:19 +0100: Memory Usage (449092K) : metal2_mask has 0 polygons
2026-03-25 22:52:19 +0100: Memory Usage (449344K) : metal2_filler has 0 polygons
2026-03-25 22:52:19 +0100: Memory Usage (449344K) : metal2_nofill has 0 polygons
2026-03-25 22:52:19 +0100: Memory Usage (449344K) : metal2_slit has 0 polygons
2026-03-25 22:52:19 +0100: Memory Usage (449344K) : metal2_text has 0 polygons
2026-03-25 22:52:19 +0100: Memory Usage (449344K) : metal2_opc has 0 polygons
2026-03-25 22:52:19 +0100: Memory Usage (449344K) : metal2_noqrc has 0 polygons
2026-03-25 22:52:19 +0100: Memory Usage (449344K) : metal2_res has 0 polygons
2026-03-25 22:52:19 +0100: Memory Usage (449408K) : metal2_iprobe has 0 polygons
2026-03-25 22:52:19 +0100: Memory Usage (449408K) : metal2_diffprb has 0 polygons
2026-03-25 22:52:19 +0100: Memory Usage (449408K) : baspoly_drw has 0 polygons
2026-03-25 22:52:19 +0100: Memory Usage (449408K) : baspoly_pin has 0 polygons
2026-03-25 22:52:19 +0100: Memory Usage (449472K) : psd_drw has 24 polygons
2026-03-25 22:52:19 +0100: Memory Usage (449472K) : nldb_drw has 0 polygons
2026-03-25 22:52:19 +0100: Memory Usage (449472K) : digibnd_drw has 0 polygons
2026-03-25 22:52:19 +0100: Memory Usage (451580K) : via1_drw has 9590 polygons
2026-03-25 22:52:19 +0100: Memory Usage (451580K) : backmetal1_drw has 0 polygons
2026-03-25 22:52:19 +0100: Memory Usage (451692K) : backmetal1_pin has 0 polygons
2026-03-25 22:52:19 +0100: Memory Usage (451692K) : backmetal1_mask has 0 polygons
2026-03-25 22:52:19 +0100: Memory Usage (451756K) : backmetal1_filler has 0 polygons
2026-03-25 22:52:19 +0100: Memory Usage (451756K) : backmetal1_nofill has 0 polygons
2026-03-25 22:52:19 +0100: Memory Usage (451756K) : backmetal1_slit has 0 polygons
2026-03-25 22:52:19 +0100: Memory Usage (451756K) : backmetal1_text has 0 polygons
2026-03-25 22:52:19 +0100: Memory Usage (451756K) : backmetal1_opc has 0 polygons
2026-03-25 22:52:19 +0100: Memory Usage (451756K) : backmetal1_noqrc has 0 polygons
2026-03-25 22:52:19 +0100: Memory Usage (451756K) : backmetal1_res has 0 polygons
2026-03-25 22:52:19 +0100: Memory Usage (451756K) : backmetal1_iprobe has 0 polygons
2026-03-25 22:52:19 +0100: Memory Usage (451756K) : backmetal1_diffprb has 0 polygons
2026-03-25 22:52:19 +0100: Memory Usage (451756K) : backpassiv_drw has 0 polygons
2026-03-25 22:52:19 +0100: Memory Usage (451756K) : res_drw has 0 polygons
2026-03-25 22:52:19 +0100: Memory Usage (451820K) : sram_drw has 0 polygons
2026-03-25 22:52:19 +0100: Memory Usage (451820K) : trans_drw has 0 polygons
2026-03-25 22:52:19 +0100: Memory Usage (451884K) : ind_drw has 0 polygons
2026-03-25 22:52:19 +0100: Memory Usage (451884K) : ind_pin has 0 polygons
2026-03-25 22:52:19 +0100: Memory Usage (451884K) : ind_text has 0 polygons
2026-03-25 22:52:19 +0100: Memory Usage (452144K) : salblock_drw has 7 polygons
2026-03-25 22:52:19 +0100: Memory Usage (453992K) : via2_drw has 7995 polygons
2026-03-25 22:52:19 +0100: Memory Usage (453992K) : metal3_drw has 67 polygons
2026-03-25 22:52:19 +0100: Memory Usage (453992K) : metal3_pin has 8 polygons
2026-03-25 22:52:19 +0100: Memory Usage (453992K) : metal3_mask has 0 polygons
2026-03-25 22:52:19 +0100: Memory Usage (453992K) : metal3_filler has 0 polygons
2026-03-25 22:52:19 +0100: Memory Usage (453992K) : metal3_nofill has 0 polygons
2026-03-25 22:52:19 +0100: Memory Usage (453992K) : metal3_slit has 0 polygons
2026-03-25 22:52:19 +0100: Memory Usage (453992K) : metal3_text has 0 polygons
2026-03-25 22:52:19 +0100: Memory Usage (453992K) : metal3_opc has 0 polygons
2026-03-25 22:52:19 +0100: Memory Usage (453992K) : metal3_noqrc has 0 polygons
2026-03-25 22:52:19 +0100: Memory Usage (453992K) : metal3_res has 0 polygons
2026-03-25 22:52:19 +0100: Memory Usage (453992K) : metal3_iprobe has 0 polygons
2026-03-25 22:52:19 +0100: Memory Usage (453992K) : metal3_diffprb has 0 polygons
2026-03-25 22:52:20 +0100: Memory Usage (453992K) : nwell_drw has 5 polygons
2026-03-25 22:52:20 +0100: Memory Usage (453992K) : nwell_pin has 0 polygons
2026-03-25 22:52:20 +0100: Memory Usage (453992K) : nbulay_drw has 0 polygons
2026-03-25 22:52:20 +0100: Memory Usage (453992K) : nbulay_pin has 0 polygons
2026-03-25 22:52:20 +0100: Memory Usage (453992K) : nbulay_block has 0 polygons
2026-03-25 22:52:20 +0100: Memory Usage (453992K) : emwind_drw has 0 polygons
2026-03-25 22:52:20 +0100: Memory Usage (453992K) : emwind_opc has 0 polygons
2026-03-25 22:52:20 +0100: Memory Usage (453992K) : deepco_drw has 0 polygons
2026-03-25 22:52:20 +0100: Memory Usage (453992K) : deepco_drw has 0 polygons
2026-03-25 22:52:20 +0100: Memory Usage (453992K) : mim_drw has 2 polygons
2026-03-25 22:52:20 +0100: Memory Usage (453992K) : edgeseal_drw has 0 polygons
2026-03-25 22:52:20 +0100: Memory Usage (453992K) : edgeseal_bound has 0 polygons
2026-03-25 22:52:20 +0100: Memory Usage (453992K) : substrate_drw has 723 polygons
2026-03-25 22:52:20 +0100: Memory Usage (453992K) : substrate_text has 0 polygons
2026-03-25 22:52:20 +0100: Memory Usage (453992K) : dfpad_drw has 0 polygons
2026-03-25 22:52:20 +0100: Memory Usage (453992K) : dfpad_pillar has 0 polygons
2026-03-25 22:52:20 +0100: Memory Usage (453992K) : dfpad_sbump has 0 polygons
2026-03-25 22:52:20 +0100: Memory Usage (453992K) : thickgateox_drw has 0 polygons
2026-03-25 22:52:20 +0100: Memory Usage (453992K) : pldb_drw has 0 polygons
2026-03-25 22:52:20 +0100: Memory Usage (453992K) : pwell_drw has 0 polygons
2026-03-25 22:52:20 +0100: Memory Usage (453992K) : pwell_pin has 0 polygons
2026-03-25 22:52:20 +0100: Memory Usage (453992K) : pwell_block has 0 polygons
2026-03-25 22:52:20 +0100: Memory Usage (453992K) : ic_drw has 0 polygons
2026-03-25 22:52:20 +0100: Memory Usage (454256K) : via3_drw has 7005 polygons
2026-03-25 22:52:20 +0100: Memory Usage (454256K) : metal4_drw has 40 polygons
2026-03-25 22:52:20 +0100: Memory Usage (454256K) : metal4_pin has 3 polygons
2026-03-25 22:52:20 +0100: Memory Usage (454256K) : metal4_mask has 0 polygons
2026-03-25 22:52:20 +0100: Memory Usage (454256K) : metal4_filler has 0 polygons
2026-03-25 22:52:20 +0100: Memory Usage (454256K) : metal4_nofill has 0 polygons
2026-03-25 22:52:20 +0100: Memory Usage (454256K) : metal4_slit has 0 polygons
2026-03-25 22:52:20 +0100: Memory Usage (454256K) : metal4_text has 0 polygons
2026-03-25 22:52:20 +0100: Memory Usage (454256K) : metal4_opc has 0 polygons
2026-03-25 22:52:20 +0100: Memory Usage (454256K) : metal4_noqrc has 0 polygons
2026-03-25 22:52:20 +0100: Memory Usage (454256K) : metal4_res has 0 polygons
2026-03-25 22:52:20 +0100: Memory Usage (454256K) : metal4_iprobe has 0 polygons
2026-03-25 22:52:20 +0100: Memory Usage (454256K) : metal4_diffprb has 0 polygons
2026-03-25 22:52:20 +0100: Memory Usage (454256K) : heattrans_drw has 421 polygons
2026-03-25 22:52:20 +0100: Memory Usage (454256K) : heatres_drw has 7 polygons
2026-03-25 22:52:20 +0100: Memory Usage (454256K) : pempoly_drw has 0 polygons
2026-03-25 22:52:20 +0100: Memory Usage (454256K) : fbe_drw has 0 polygons
2026-03-25 22:52:20 +0100: Memory Usage (454256K) : empoly_drw has 0 polygons
2026-03-25 22:52:20 +0100: Memory Usage (454256K) : ldmos_drw has 0 polygons
2026-03-25 22:52:20 +0100: Memory Usage (454256K) : pbiwind_drw has 0 polygons
2026-03-25 22:52:20 +0100: Memory Usage (454256K) : digisub_drw has 0 polygons
2026-03-25 22:52:20 +0100: Memory Usage (454256K) : nodrc_drw has 0 polygons
2026-03-25 22:52:20 +0100: Memory Usage (454256K) : text_drw has 1107 polygons
2026-03-25 22:52:20 +0100: Memory Usage (454576K) : via4_drw has 6898 polygons
2026-03-25 22:52:20 +0100: Memory Usage (454576K) : metal5_drw has 32 polygons
2026-03-25 22:52:20 +0100: Memory Usage (454576K) : metal5_pin has 5 polygons
2026-03-25 22:52:20 +0100: Memory Usage (454576K) : metal5_mask has 0 polygons
2026-03-25 22:52:20 +0100: Memory Usage (454576K) : metal5_filler has 0 polygons
2026-03-25 22:52:20 +0100: Memory Usage (454576K) : metal5_nofill has 0 polygons
2026-03-25 22:52:20 +0100: Memory Usage (454576K) : metal5_slit has 0 polygons
2026-03-25 22:52:20 +0100: Memory Usage (454576K) : metal5_text has 1 polygons
2026-03-25 22:52:20 +0100: Memory Usage (454576K) : metal5_opc has 0 polygons
2026-03-25 22:52:20 +0100: Memory Usage (454576K) : metal5_noqrc has 0 polygons
2026-03-25 22:52:20 +0100: Memory Usage (454576K) : metal5_res has 0 polygons
2026-03-25 22:52:20 +0100: Memory Usage (454576K) : metal5_iprobe has 0 polygons
2026-03-25 22:52:20 +0100: Memory Usage (454576K) : metal5_diffprb has 0 polygons
2026-03-25 22:52:20 +0100: Memory Usage (454576K) : radhard_drw has 0 polygons
2026-03-25 22:52:20 +0100: Memory Usage (454576K) : memcap_drw has 0 polygons
2026-03-25 22:52:20 +0100: Memory Usage (454576K) : varicap_drw has 0 polygons
2026-03-25 22:52:20 +0100: Memory Usage (454576K) : flash_drw has 0 polygons
2026-03-25 22:52:20 +0100: Memory Usage (454576K) : intbondvia_drw has 0 polygons
2026-03-25 22:52:20 +0100: Memory Usage (454576K) : intbondmet_drw has 0 polygons
2026-03-25 22:52:20 +0100: Memory Usage (454576K) : devbondvia_drw has 0 polygons
2026-03-25 22:52:20 +0100: Memory Usage (454576K) : devbondmet_drw has 0 polygons
2026-03-25 22:52:20 +0100: Memory Usage (454576K) : devtrench_drw has 0 polygons
2026-03-25 22:52:20 +0100: Memory Usage (454576K) : redist_drw has 0 polygons
2026-03-25 22:52:20 +0100: Memory Usage (454576K) : graphbot_drw has 0 polygons
2026-03-25 22:52:20 +0100: Memory Usage (454576K) : graphtop_drw has 0 polygons
2026-03-25 22:52:20 +0100: Memory Usage (454576K) : antvia1_drw has 0 polygons
2026-03-25 22:52:20 +0100: Memory Usage (454576K) : antmetal2_drw has 0 polygons
2026-03-25 22:52:20 +0100: Memory Usage (454576K) : graphcont_drw has 0 polygons
2026-03-25 22:52:20 +0100: Memory Usage (454576K) : siwg_drw has 0 polygons
2026-03-25 22:52:20 +0100: Memory Usage (454576K) : siwg_filler has 0 polygons
2026-03-25 22:52:20 +0100: Memory Usage (454576K) : siwg_nofill has 0 polygons
2026-03-25 22:52:20 +0100: Memory Usage (454576K) : sigrating_drw has 0 polygons
2026-03-25 22:52:20 +0100: Memory Usage (454576K) : singrating_drw has 0 polygons
2026-03-25 22:52:20 +0100: Memory Usage (454576K) : graphpas_drw has 0 polygons
2026-03-25 22:52:20 +0100: Memory Usage (454576K) : emwind3_drw has 0 polygons
2026-03-25 22:52:20 +0100: Memory Usage (454576K) : emwihv3_drw has 0 polygons
2026-03-25 22:52:20 +0100: Memory Usage (454576K) : redbulay_drw has 0 polygons
2026-03-25 22:52:20 +0100: Memory Usage (454576K) : smos_drw has 0 polygons
2026-03-25 22:52:20 +0100: Memory Usage (454576K) : graphpad_drw has 0 polygons
2026-03-25 22:52:20 +0100: Memory Usage (454576K) : polimide_drw has 0 polygons
2026-03-25 22:52:20 +0100: Memory Usage (454840K) : polimide_pin has 0 polygons
2026-03-25 22:52:20 +0100: Memory Usage (454840K) : recog_drw has 0 polygons
2026-03-25 22:52:20 +0100: Memory Usage (454840K) : recog_pin has 0 polygons
2026-03-25 22:52:20 +0100: Memory Usage (454840K) : recog_esd has 0 polygons
2026-03-25 22:52:20 +0100: Memory Usage (455104K) : recog_diode has 0 polygons
2026-03-25 22:52:20 +0100: Memory Usage (455104K) : recog_tsv has 0 polygons
2026-03-25 22:52:20 +0100: Memory Usage (455104K) : recog_iprobe has 0 polygons
2026-03-25 22:52:20 +0100: Memory Usage (455368K) : recog_diffprb has 0 polygons
2026-03-25 22:52:20 +0100: Memory Usage (455368K) : recog_pillar has 0 polygons
2026-03-25 22:52:20 +0100: Memory Usage (455632K) : recog_sbump has 0 polygons
2026-03-25 22:52:20 +0100: Memory Usage (455632K) : recog_otp has 0 polygons
2026-03-25 22:52:20 +0100: Memory Usage (455632K) : recog_pdiode has 0 polygons
2026-03-25 22:52:20 +0100: Memory Usage (455896K) : recog_mom has 0 polygons
2026-03-25 22:52:20 +0100: Memory Usage (455896K) : recog_pcm has 0 polygons
2026-03-25 22:52:20 +0100: Memory Usage (456160K) : colopen_drw has 0 polygons
2026-03-25 22:52:20 +0100: Memory Usage (456160K) : graphmetal1_drw has 0 polygons
2026-03-25 22:52:20 +0100: Memory Usage (456160K) : graphmetal1_filler has 0 polygons
2026-03-25 22:52:20 +0100: Memory Usage (456424K) : graphmetal1_nofill has 0 polygons
2026-03-25 22:52:20 +0100: Memory Usage (456424K) : graphmetal1_slit has 0 polygons
2026-03-25 22:52:20 +0100: Memory Usage (456424K) : graphmetal1_opc has 0 polygons
2026-03-25 22:52:20 +0100: Memory Usage (456688K) : graphmet1l_drw has 0 polygons
2026-03-25 22:52:20 +0100: Memory Usage (456688K) : graphmet1l_filler has 0 polygons
2026-03-25 22:52:20 +0100: Memory Usage (456952K) : graphmet1l_nofill has 0 polygons
2026-03-25 22:52:20 +0100: Memory Usage (456952K) : graphmet1l_slit has 0 polygons
2026-03-25 22:52:20 +0100: Memory Usage (456952K) : graphmet1l_opc has 0 polygons
2026-03-25 22:52:20 +0100: Memory Usage (457216K) : extblock_drw has 5 polygons
2026-03-25 22:52:20 +0100: Memory Usage (457216K) : nldd_drw has 0 polygons
2026-03-25 22:52:20 +0100: Memory Usage (457480K) : pldd_drw has 0 polygons
2026-03-25 22:52:20 +0100: Memory Usage (457480K) : next_drw has 0 polygons
2026-03-25 22:52:20 +0100: Memory Usage (457480K) : pext_drw has 0 polygons
2026-03-25 22:52:20 +0100: Memory Usage (457744K) : nexthv_drw has 0 polygons
2026-03-25 22:52:20 +0100: Memory Usage (457744K) : pexthv_drw has 0 polygons
2026-03-25 22:52:20 +0100: Memory Usage (458008K) : graphgate_drw has 0 polygons
2026-03-25 22:52:20 +0100: Memory Usage (458008K) : sinwg_drw has 0 polygons
2026-03-25 22:52:20 +0100: Memory Usage (458008K) : sinwg_filler has 0 polygons
2026-03-25 22:52:20 +0100: Memory Usage (458272K) : sinwg_nofill has 0 polygons
2026-03-25 22:52:20 +0100: Memory Usage (458272K) : mempad_drw has 0 polygons
2026-03-25 22:52:20 +0100: Memory Usage (458536K) : topvia1_drw has 1720 polygons
2026-03-25 22:52:20 +0100: Memory Usage (458800K) : topmetal1_drw has 13 polygons
2026-03-25 22:52:20 +0100: Memory Usage (458800K) : topmetal1_pin has 15 polygons
2026-03-25 22:52:20 +0100: Memory Usage (458800K) : topmetal1_mask has 0 polygons
2026-03-25 22:52:20 +0100: Memory Usage (458800K) : topmetal1_filler has 0 polygons
2026-03-25 22:52:20 +0100: Memory Usage (459064K) : topmetal1_nofill has 0 polygons
2026-03-25 22:52:20 +0100: Memory Usage (459064K) : topmetal1_slit has 0 polygons
2026-03-25 22:52:20 +0100: Memory Usage (459064K) : topmetal1_text has 5 polygons
2026-03-25 22:52:20 +0100: Memory Usage (459328K) : topmetal1_noqrc has 0 polygons
2026-03-25 22:52:20 +0100: Memory Usage (459328K) : topmetal1_res has 0 polygons
2026-03-25 22:52:20 +0100: Memory Usage (459328K) : topmetal1_iprobe has 0 polygons
2026-03-25 22:52:20 +0100: Memory Usage (459592K) : topmetal1_diffprb has 0 polygons
2026-03-25 22:52:20 +0100: Memory Usage (459592K) : inldpwl_drw has 0 polygons
2026-03-25 22:52:20 +0100: Memory Usage (459856K) : polyres_drw has 7 polygons
2026-03-25 22:52:20 +0100: Memory Usage (459856K) : polyres_pin has 0 polygons
2026-03-25 22:52:20 +0100: Memory Usage (459856K) : vmim_drw has 578 polygons
2026-03-25 22:52:20 +0100: Memory Usage (460120K) : nbulaycut_drw has 0 polygons
2026-03-25 22:52:20 +0100: Memory Usage (460120K) : antmetal1_drw has 0 polygons
2026-03-25 22:52:20 +0100: Memory Usage (460384K) : topvia2_drw has 916 polygons
2026-03-25 22:52:20 +0100: Memory Usage (460648K) : topmetal2_drw has 4 polygons
2026-03-25 22:52:20 +0100: Memory Usage (460648K) : topmetal2_pin has 2 polygons
2026-03-25 22:52:20 +0100: Memory Usage (460648K) : topmetal2_mask has 0 polygons
2026-03-25 22:52:20 +0100: Memory Usage (460648K) : topmetal2_filler has 0 polygons
2026-03-25 22:52:20 +0100: Memory Usage (460912K) : topmetal2_nofill has 0 polygons
2026-03-25 22:52:20 +0100: Memory Usage (460912K) : topmetal2_slit has 0 polygons
2026-03-25 22:52:20 +0100: Memory Usage (460912K) : topmetal2_text has 2 polygons
2026-03-25 22:52:20 +0100: Memory Usage (461176K) : topmetal2_noqrc has 0 polygons
2026-03-25 22:52:20 +0100: Memory Usage (461176K) : topmetal2_res has 0 polygons
2026-03-25 22:52:20 +0100: Memory Usage (461176K) : topmetal2_iprobe has 0 polygons
2026-03-25 22:52:20 +0100: Memory Usage (461440K) : topmetal2_diffprb has 0 polygons
2026-03-25 22:52:20 +0100: Memory Usage (461440K) : snsring_drw has 0 polygons
2026-03-25 22:52:20 +0100: Memory Usage (461440K) : sensor_drw has 0 polygons
2026-03-25 22:52:20 +0100: Memory Usage (461704K) : snsarms_drw has 0 polygons
2026-03-25 22:52:20 +0100: Memory Usage (461704K) : snscmosvia_drw has 0 polygons
2026-03-25 22:52:20 +0100: Memory Usage (461704K) : colwind_drw has 0 polygons
2026-03-25 22:52:20 +0100: Memory Usage (461704K) : flm_drw has 0 polygons
2026-03-25 22:52:20 +0100: Memory Usage (461968K) : hafniumox_drw has 0 polygons
2026-03-25 22:52:20 +0100: Memory Usage (461968K) : memvia_drw has 0 polygons
2026-03-25 22:52:20 +0100: Memory Usage (461968K) : thinfilmres_drw has 0 polygons
2026-03-25 22:52:20 +0100: Memory Usage (462232K) : rfmem_drw has 0 polygons
2026-03-25 22:52:20 +0100: Memory Usage (462232K) : norcx_drw has 0 polygons
2026-03-25 22:52:20 +0100: Memory Usage (462232K) : norcx_m2m3 has 0 polygons
2026-03-25 22:52:20 +0100: Memory Usage (462232K) : norcx_m2m4 has 0 polygons
2026-03-25 22:52:20 +0100: Memory Usage (462496K) : norcx_m2m5 has 0 polygons
2026-03-25 22:52:20 +0100: Memory Usage (462496K) : norcx_m2tm1 has 0 polygons
2026-03-25 22:52:20 +0100: Memory Usage (462496K) : norcx_m2tm2 has 0 polygons
2026-03-25 22:52:20 +0100: Memory Usage (462760K) : norcx_m3m4 has 0 polygons
2026-03-25 22:52:20 +0100: Memory Usage (462760K) : norcx_m3m5 has 0 polygons
2026-03-25 22:52:20 +0100: Memory Usage (462760K) : norcx_m3tm1 has 0 polygons
2026-03-25 22:52:20 +0100: Memory Usage (463024K) : norcx_m3tm2 has 0 polygons
2026-03-25 22:52:20 +0100: Memory Usage (463024K) : norcx_m4m5 has 0 polygons
2026-03-25 22:52:20 +0100: Memory Usage (463024K) : norcx_m4tm1 has 0 polygons
2026-03-25 22:52:20 +0100: Memory Usage (463288K) : norcx_m4tm2 has 0 polygons
2026-03-25 22:52:20 +0100: Memory Usage (463288K) : norcx_m5tm1 has 0 polygons
2026-03-25 22:52:20 +0100: Memory Usage (463552K) : norcx_m5tm2 has 0 polygons
2026-03-25 22:52:20 +0100: Memory Usage (463552K) : norcx_tm1tm2 has 0 polygons
2026-03-25 22:52:20 +0100: Memory Usage (463552K) : norcx_m1sub has 0 polygons
2026-03-25 22:52:20 +0100: Memory Usage (463816K) : norcx_m2sub has 0 polygons
2026-03-25 22:52:20 +0100: Memory Usage (463816K) : norcx_m3sub has 0 polygons
2026-03-25 22:52:20 +0100: Memory Usage (463816K) : norcx_m4sub has 0 polygons
2026-03-25 22:52:20 +0100: Memory Usage (463816K) : norcx_m5sub has 0 polygons
2026-03-25 22:52:20 +0100: Memory Usage (464080K) : norcx_tm1sub has 0 polygons
2026-03-25 22:52:20 +0100: Memory Usage (464080K) : norcx_tm2sub has 0 polygons
2026-03-25 22:52:20 +0100: Memory Usage (464080K) : snsbotvia_drw has 0 polygons
2026-03-25 22:52:20 +0100: Memory Usage (464344K) : snstopvia_drw has 0 polygons
2026-03-25 22:52:20 +0100: Memory Usage (464344K) : deepvia_drw has 0 polygons
2026-03-25 22:52:20 +0100: Memory Usage (464344K) : fgetch_drw has 0 polygons
2026-03-25 22:52:20 +0100: Memory Usage (464344K) : ctrgat_drw has 0 polygons
2026-03-25 22:52:20 +0100: Memory Usage (464608K) : fgimp_drw has 0 polygons
2026-03-25 22:52:20 +0100: Memory Usage (464608K) : emwihv_drw has 0 polygons
2026-03-25 22:52:20 +0100: Memory Usage (464608K) : lbe_drw has 0 polygons
2026-03-25 22:52:20 +0100: Memory Usage (464872K) : alcustop_drw has 0 polygons
2026-03-25 22:52:20 +0100: Memory Usage (464872K) : nometfiller_drw has 0 polygons
2026-03-25 22:52:20 +0100: Memory Usage (464872K) : prboundary_drw has 0 polygons
2026-03-25 22:52:20 +0100: Memory Usage (464872K) : exchange0_drw has 0 polygons
2026-03-25 22:52:20 +0100: Memory Usage (465136K) : exchange0_pin has 0 polygons
2026-03-25 22:52:20 +0100: Memory Usage (465136K) : exchange0_text has 0 polygons
2026-03-25 22:52:20 +0100: Memory Usage (465136K) : exchange1_drw has 0 polygons
2026-03-25 22:52:20 +0100: Memory Usage (465136K) : exchange1_pin has 0 polygons
2026-03-25 22:52:20 +0100: Memory Usage (465400K) : exchange1_text has 0 polygons
2026-03-25 22:52:20 +0100: Memory Usage (465400K) : exchange2_drw has 0 polygons
2026-03-25 22:52:20 +0100: Memory Usage (465400K) : exchange2_pin has 0 polygons
2026-03-25 22:52:20 +0100: Memory Usage (465664K) : exchange2_text has 0 polygons
2026-03-25 22:52:20 +0100: Memory Usage (465664K) : exchange3_drw has 0 polygons
2026-03-25 22:52:20 +0100: Memory Usage (465664K) : exchange3_pin has 0 polygons
2026-03-25 22:52:20 +0100: Memory Usage (465664K) : exchange3_text has 0 polygons
2026-03-25 22:52:20 +0100: Memory Usage (465664K) : exchange4_drw has 0 polygons
2026-03-25 22:52:20 +0100: Memory Usage (465664K) : exchange4_pin has 0 polygons
2026-03-25 22:52:20 +0100: Memory Usage (465664K) : exchange4_text has 0 polygons
2026-03-25 22:52:20 +0100: Memory Usage (465664K) : isonwell_drw has 0 polygons
2026-03-25 22:52:20 +0100: Memory Usage (465664K) : Total no. of polygons in the design is 55451
2026-03-25 22:52:20 +0100: Memory Usage (465664K) : Loaded TECH DRC rules values from /foss/pdks/ihp-sg13g2/libs.tech/klayout/python/sg13g2_pycell_lib/sg13g2_tech_mod.json
2026-03-25 22:52:20 +0100: Memory Usage (465664K) : Loaded default DRC rules values from /foss/pdks/ihp-sg13g2/libs.tech/klayout/tech/drc/rule_decks/sg13g2_tech_default.json
2026-03-25 22:52:20 +0100: Memory Usage (465664K) : The following rules values were missing in tech json and default values were used:
2026-03-25 22:52:20 +0100: Memory Usage (465664K) :   - Cnt_c_digibnd
2026-03-25 22:52:20 +0100: Memory Usage (465664K) : Total area of the design is 54805.149724999996 um^2.
2026-03-25 22:52:20 +0100: Memory Usage (465664K) : The design dimensions are 309.90500000000003 µm * 176.845 µm.
2026-03-25 22:52:20 +0100: Memory Usage (465664K) : Starting general IHP-SG13G2 derivations.
2026-03-25 22:52:20 +0100: Memory Usage (465664K) : Starting Pwell derivations
2026-03-25 22:52:20 +0100: Memory Usage (465664K) : Starting cont/contbar general derivations
2026-03-25 22:52:20 +0100: Memory Usage (466312K) : Starting IHP-SG13G2 DRC rules.
2026-03-25 22:52:20 +0100: Memory Usage (466312K) : Starting 6.7 Schottky diode table
2026-03-25 22:52:20 +0100: Memory Usage (466312K) : Executing rule Sdiod.d
2026-03-25 22:52:20 +0100: Memory Usage (466312K) : Executing rule Sdiod.e
2026-03-25 22:52:20 +0100: Memory Usage (466312K) : KLayout DRC run for tables 'schottkydiode' completed in 1.12 seconds
