# Logfile created on 2026-03-25 22:52:23 +0100 by logger.rb/v1.5.3
2026-03-25 22:52:23 +0100: Memory Usage (437300K) : Starting running IHP-SG13G2 KLayout DRC runset on /foss/designs/Design/xschem/IHP__OPA2251/OPA2251-main/layout/klayout/HPA.gds
2026-03-25 22:52:23 +0100: Memory Usage (437300K) : Ruby Version for klayout: 3.2.3
2026-03-25 22:52:23 +0100: Memory Usage (439324K) : Loading database to memory is complete.
2026-03-25 22:52:23 +0100: Memory Usage (439540K) : IHP-SG13G2 KLayout DRC runset output at: /foss/designs/Design/xschem/IHP__OPA2251/OPA2251-main/layout/klayout/drc_run_HPA/HPA_HPA_metal1.lyrdb
2026-03-25 22:52:23 +0100: Memory Usage (439540K) : Evaluate switches.
2026-03-25 22:52:23 +0100: Memory Usage (439540K) : tables selected: metal1
2026-03-25 22:52:23 +0100: Memory Usage (439540K) : KLayout will use 4 thread(s) in tiled mode.
2026-03-25 22:52:23 +0100: Memory Usage (439540K) : flat mode is enabled.
2026-03-25 22:52:23 +0100: Memory Usage (439540K) : FEOL enabled: false
2026-03-25 22:52:23 +0100: Memory Usage (439540K) : BEOL enabled: false
2026-03-25 22:52:23 +0100: Memory Usage (439540K) : OFFGRID enabled: true
2026-03-25 22:52:23 +0100: Memory Usage (439540K) : PIN enabled: false
2026-03-25 22:52:23 +0100: Memory Usage (439540K) : FORBIDDEN enabled: false
2026-03-25 22:52:23 +0100: Memory Usage (439540K) : RECOMMENDED enabled: true
2026-03-25 22:52:23 +0100: Memory Usage (439540K) : PreCheck DRC enabled: false
2026-03-25 22:52:23 +0100: Memory Usage (439540K) : CONNECTIVITY_RULES enabled: false.
2026-03-25 22:52:23 +0100: Memory Usage (439540K) : Read in polygons from layers.
2026-03-25 22:52:23 +0100: Memory Usage (441928K) : activ_drw has 198 polygons
2026-03-25 22:52:23 +0100: Memory Usage (441928K) : activ_pin has 0 polygons
2026-03-25 22:52:23 +0100: Memory Usage (441928K) : activ_mask has 0 polygons
2026-03-25 22:52:23 +0100: Memory Usage (441928K) : activ_filler has 0 polygons
2026-03-25 22:52:23 +0100: Memory Usage (441928K) : activ_nofill has 0 polygons
2026-03-25 22:52:23 +0100: Memory Usage (441928K) : activ_opc has 0 polygons
2026-03-25 22:52:23 +0100: Memory Usage (441928K) : activ_iopc has 0 polygons
2026-03-25 22:52:23 +0100: Memory Usage (441928K) : activ_noqrc has 0 polygons
2026-03-25 22:52:23 +0100: Memory Usage (441928K) : biwind_drw has 0 polygons
2026-03-25 22:52:23 +0100: Memory Usage (441928K) : biwind_opc has 0 polygons
2026-03-25 22:52:23 +0100: Memory Usage (441928K) : pemwind_drw has 0 polygons
2026-03-25 22:52:23 +0100: Memory Usage (442836K) : gatpoly_drw has 108 polygons
2026-03-25 22:52:23 +0100: Memory Usage (443012K) : gatpoly_pin has 124 polygons
2026-03-25 22:52:23 +0100: Memory Usage (443012K) : gatpoly_filler has 0 polygons
2026-03-25 22:52:23 +0100: Memory Usage (443012K) : gatpoly_nofill has 0 polygons
2026-03-25 22:52:23 +0100: Memory Usage (443012K) : gatpoly_opc has 0 polygons
2026-03-25 22:52:23 +0100: Memory Usage (443012K) : gatpoly_iopc has 0 polygons
2026-03-25 22:52:23 +0100: Memory Usage (443012K) : gatpoly_noqrc has 0 polygons
2026-03-25 22:52:23 +0100: Memory Usage (449344K) : cont_drw has 16803 polygons
2026-03-25 22:52:23 +0100: Memory Usage (449344K) : cont_opc has 0 polygons
2026-03-25 22:52:23 +0100: Memory Usage (449344K) : nsd_drw has 0 polygons
2026-03-25 22:52:23 +0100: Memory Usage (449344K) : nsd_block has 0 polygons
2026-03-25 22:52:23 +0100: Memory Usage (449344K) : metal1_drw has 390 polygons
2026-03-25 22:52:23 +0100: Memory Usage (449344K) : metal1_pin has 515 polygons
2026-03-25 22:52:23 +0100: Memory Usage (449344K) : metal1_mask has 0 polygons
2026-03-25 22:52:23 +0100: Memory Usage (449344K) : metal1_filler has 0 polygons
2026-03-25 22:52:23 +0100: Memory Usage (449344K) : metal1_nofill has 0 polygons
2026-03-25 22:52:23 +0100: Memory Usage (449384K) : metal1_slit has 0 polygons
2026-03-25 22:52:23 +0100: Memory Usage (449384K) : metal1_text has 0 polygons
2026-03-25 22:52:23 +0100: Memory Usage (449384K) : metal1_opc has 0 polygons
2026-03-25 22:52:23 +0100: Memory Usage (449384K) : metal1_noqrc has 0 polygons
2026-03-25 22:52:23 +0100: Memory Usage (449384K) : metal1_res has 0 polygons
2026-03-25 22:52:23 +0100: Memory Usage (449384K) : metal1_iprobe has 0 polygons
2026-03-25 22:52:23 +0100: Memory Usage (449384K) : metal1_diffprb has 0 polygons
2026-03-25 22:52:23 +0100: Memory Usage (449384K) : passiv_drw has 0 polygons
2026-03-25 22:52:23 +0100: Memory Usage (449384K) : passiv_pin has 0 polygons
2026-03-25 22:52:23 +0100: Memory Usage (449384K) : passiv_sbump has 0 polygons
2026-03-25 22:52:23 +0100: Memory Usage (449384K) : passiv_pillar has 0 polygons
2026-03-25 22:52:23 +0100: Memory Usage (449384K) : passiv_pdl has 0 polygons
2026-03-25 22:52:23 +0100: Memory Usage (449384K) : metal2_drw has 95 polygons
2026-03-25 22:52:23 +0100: Memory Usage (449384K) : metal2_pin has 11 polygons
2026-03-25 22:52:23 +0100: Memory Usage (449384K) : metal2_mask has 0 polygons
2026-03-25 22:52:23 +0100: Memory Usage (449636K) : metal2_filler has 0 polygons
2026-03-25 22:52:23 +0100: Memory Usage (449636K) : metal2_nofill has 0 polygons
2026-03-25 22:52:23 +0100: Memory Usage (449636K) : metal2_slit has 0 polygons
2026-03-25 22:52:23 +0100: Memory Usage (449636K) : metal2_text has 0 polygons
2026-03-25 22:52:23 +0100: Memory Usage (449636K) : metal2_opc has 0 polygons
2026-03-25 22:52:23 +0100: Memory Usage (449636K) : metal2_noqrc has 0 polygons
2026-03-25 22:52:23 +0100: Memory Usage (449636K) : metal2_res has 0 polygons
2026-03-25 22:52:23 +0100: Memory Usage (449700K) : metal2_iprobe has 0 polygons
2026-03-25 22:52:23 +0100: Memory Usage (449700K) : metal2_diffprb has 0 polygons
2026-03-25 22:52:23 +0100: Memory Usage (449700K) : baspoly_drw has 0 polygons
2026-03-25 22:52:23 +0100: Memory Usage (449700K) : baspoly_pin has 0 polygons
2026-03-25 22:52:23 +0100: Memory Usage (449764K) : psd_drw has 24 polygons
2026-03-25 22:52:23 +0100: Memory Usage (449764K) : nldb_drw has 0 polygons
2026-03-25 22:52:23 +0100: Memory Usage (449764K) : digibnd_drw has 0 polygons
2026-03-25 22:52:23 +0100: Memory Usage (451872K) : via1_drw has 9590 polygons
2026-03-25 22:52:23 +0100: Memory Usage (451872K) : backmetal1_drw has 0 polygons
2026-03-25 22:52:23 +0100: Memory Usage (451980K) : backmetal1_pin has 0 polygons
2026-03-25 22:52:23 +0100: Memory Usage (451980K) : backmetal1_mask has 0 polygons
2026-03-25 22:52:23 +0100: Memory Usage (452044K) : backmetal1_filler has 0 polygons
2026-03-25 22:52:23 +0100: Memory Usage (452044K) : backmetal1_nofill has 0 polygons
2026-03-25 22:52:23 +0100: Memory Usage (452044K) : backmetal1_slit has 0 polygons
2026-03-25 22:52:23 +0100: Memory Usage (452044K) : backmetal1_text has 0 polygons
2026-03-25 22:52:23 +0100: Memory Usage (452044K) : backmetal1_opc has 0 polygons
2026-03-25 22:52:23 +0100: Memory Usage (452044K) : backmetal1_noqrc has 0 polygons
2026-03-25 22:52:23 +0100: Memory Usage (452044K) : backmetal1_res has 0 polygons
2026-03-25 22:52:23 +0100: Memory Usage (452044K) : backmetal1_iprobe has 0 polygons
2026-03-25 22:52:23 +0100: Memory Usage (452044K) : backmetal1_diffprb has 0 polygons
2026-03-25 22:52:23 +0100: Memory Usage (452044K) : backpassiv_drw has 0 polygons
2026-03-25 22:52:23 +0100: Memory Usage (452044K) : res_drw has 0 polygons
2026-03-25 22:52:23 +0100: Memory Usage (452108K) : sram_drw has 0 polygons
2026-03-25 22:52:23 +0100: Memory Usage (452108K) : trans_drw has 0 polygons
2026-03-25 22:52:23 +0100: Memory Usage (452172K) : ind_drw has 0 polygons
2026-03-25 22:52:23 +0100: Memory Usage (452172K) : ind_pin has 0 polygons
2026-03-25 22:52:23 +0100: Memory Usage (452172K) : ind_text has 0 polygons
2026-03-25 22:52:23 +0100: Memory Usage (452432K) : salblock_drw has 7 polygons
2026-03-25 22:52:23 +0100: Memory Usage (454280K) : via2_drw has 7995 polygons
2026-03-25 22:52:23 +0100: Memory Usage (454280K) : metal3_drw has 67 polygons
2026-03-25 22:52:23 +0100: Memory Usage (454280K) : metal3_pin has 8 polygons
2026-03-25 22:52:23 +0100: Memory Usage (454280K) : metal3_mask has 0 polygons
2026-03-25 22:52:23 +0100: Memory Usage (454280K) : metal3_filler has 0 polygons
2026-03-25 22:52:23 +0100: Memory Usage (454280K) : metal3_nofill has 0 polygons
2026-03-25 22:52:23 +0100: Memory Usage (454376K) : metal3_slit has 0 polygons
2026-03-25 22:52:23 +0100: Memory Usage (454376K) : metal3_text has 0 polygons
2026-03-25 22:52:23 +0100: Memory Usage (454376K) : metal3_opc has 0 polygons
2026-03-25 22:52:23 +0100: Memory Usage (454376K) : metal3_noqrc has 0 polygons
2026-03-25 22:52:23 +0100: Memory Usage (454376K) : metal3_res has 0 polygons
2026-03-25 22:52:23 +0100: Memory Usage (454376K) : metal3_iprobe has 0 polygons
2026-03-25 22:52:23 +0100: Memory Usage (454644K) : metal3_diffprb has 0 polygons
2026-03-25 22:52:23 +0100: Memory Usage (455168K) : nwell_drw has 5 polygons
2026-03-25 22:52:23 +0100: Memory Usage (455168K) : nwell_pin has 0 polygons
2026-03-25 22:52:23 +0100: Memory Usage (455168K) : nbulay_drw has 0 polygons
2026-03-25 22:52:23 +0100: Memory Usage (455168K) : nbulay_pin has 0 polygons
2026-03-25 22:52:23 +0100: Memory Usage (455356K) : nbulay_block has 0 polygons
2026-03-25 22:52:23 +0100: Memory Usage (455356K) : emwind_drw has 0 polygons
2026-03-25 22:52:23 +0100: Memory Usage (455356K) : emwind_opc has 0 polygons
2026-03-25 22:52:23 +0100: Memory Usage (455356K) : deepco_drw has 0 polygons
2026-03-25 22:52:23 +0100: Memory Usage (455356K) : deepco_drw has 0 polygons
2026-03-25 22:52:23 +0100: Memory Usage (455356K) : mim_drw has 2 polygons
2026-03-25 22:52:23 +0100: Memory Usage (455356K) : edgeseal_drw has 0 polygons
2026-03-25 22:52:23 +0100: Memory Usage (455356K) : edgeseal_bound has 0 polygons
2026-03-25 22:52:23 +0100: Memory Usage (455356K) : substrate_drw has 723 polygons
2026-03-25 22:52:23 +0100: Memory Usage (455356K) : substrate_text has 0 polygons
2026-03-25 22:52:23 +0100: Memory Usage (455356K) : dfpad_drw has 0 polygons
2026-03-25 22:52:23 +0100: Memory Usage (455356K) : dfpad_pillar has 0 polygons
2026-03-25 22:52:23 +0100: Memory Usage (455356K) : dfpad_sbump has 0 polygons
2026-03-25 22:52:23 +0100: Memory Usage (455356K) : thickgateox_drw has 0 polygons
2026-03-25 22:52:23 +0100: Memory Usage (455356K) : pldb_drw has 0 polygons
2026-03-25 22:52:23 +0100: Memory Usage (455356K) : pwell_drw has 0 polygons
2026-03-25 22:52:23 +0100: Memory Usage (455356K) : pwell_pin has 0 polygons
2026-03-25 22:52:23 +0100: Memory Usage (455356K) : pwell_block has 0 polygons
2026-03-25 22:52:23 +0100: Memory Usage (455356K) : ic_drw has 0 polygons
2026-03-25 22:52:23 +0100: Memory Usage (456408K) : via3_drw has 7005 polygons
2026-03-25 22:52:23 +0100: Memory Usage (456408K) : metal4_drw has 40 polygons
2026-03-25 22:52:23 +0100: Memory Usage (456408K) : metal4_pin has 3 polygons
2026-03-25 22:52:23 +0100: Memory Usage (456408K) : metal4_mask has 0 polygons
2026-03-25 22:52:23 +0100: Memory Usage (456408K) : metal4_filler has 0 polygons
2026-03-25 22:52:23 +0100: Memory Usage (456408K) : metal4_nofill has 0 polygons
2026-03-25 22:52:23 +0100: Memory Usage (456408K) : metal4_slit has 0 polygons
2026-03-25 22:52:23 +0100: Memory Usage (456408K) : metal4_text has 0 polygons
2026-03-25 22:52:23 +0100: Memory Usage (456408K) : metal4_opc has 0 polygons
2026-03-25 22:52:23 +0100: Memory Usage (456408K) : metal4_noqrc has 0 polygons
2026-03-25 22:52:23 +0100: Memory Usage (456408K) : metal4_res has 0 polygons
2026-03-25 22:52:23 +0100: Memory Usage (456408K) : metal4_iprobe has 0 polygons
2026-03-25 22:52:23 +0100: Memory Usage (456408K) : metal4_diffprb has 0 polygons
2026-03-25 22:52:23 +0100: Memory Usage (456408K) : heattrans_drw has 421 polygons
2026-03-25 22:52:23 +0100: Memory Usage (456408K) : heatres_drw has 7 polygons
2026-03-25 22:52:23 +0100: Memory Usage (456408K) : pempoly_drw has 0 polygons
2026-03-25 22:52:23 +0100: Memory Usage (456408K) : fbe_drw has 0 polygons
2026-03-25 22:52:23 +0100: Memory Usage (456408K) : empoly_drw has 0 polygons
2026-03-25 22:52:23 +0100: Memory Usage (456408K) : ldmos_drw has 0 polygons
2026-03-25 22:52:23 +0100: Memory Usage (456408K) : pbiwind_drw has 0 polygons
2026-03-25 22:52:23 +0100: Memory Usage (456408K) : digisub_drw has 0 polygons
2026-03-25 22:52:23 +0100: Memory Usage (456408K) : nodrc_drw has 0 polygons
2026-03-25 22:52:23 +0100: Memory Usage (456408K) : text_drw has 1107 polygons
2026-03-25 22:52:23 +0100: Memory Usage (456732K) : via4_drw has 6898 polygons
2026-03-25 22:52:23 +0100: Memory Usage (456732K) : metal5_drw has 32 polygons
2026-03-25 22:52:23 +0100: Memory Usage (456732K) : metal5_pin has 5 polygons
2026-03-25 22:52:23 +0100: Memory Usage (456732K) : metal5_mask has 0 polygons
2026-03-25 22:52:23 +0100: Memory Usage (456732K) : metal5_filler has 0 polygons
2026-03-25 22:52:23 +0100: Memory Usage (456732K) : metal5_nofill has 0 polygons
2026-03-25 22:52:23 +0100: Memory Usage (456732K) : metal5_slit has 0 polygons
2026-03-25 22:52:23 +0100: Memory Usage (456732K) : metal5_text has 1 polygons
2026-03-25 22:52:23 +0100: Memory Usage (456732K) : metal5_opc has 0 polygons
2026-03-25 22:52:23 +0100: Memory Usage (456732K) : metal5_noqrc has 0 polygons
2026-03-25 22:52:23 +0100: Memory Usage (456732K) : metal5_res has 0 polygons
2026-03-25 22:52:23 +0100: Memory Usage (456732K) : metal5_iprobe has 0 polygons
2026-03-25 22:52:23 +0100: Memory Usage (456732K) : metal5_diffprb has 0 polygons
2026-03-25 22:52:23 +0100: Memory Usage (456732K) : radhard_drw has 0 polygons
2026-03-25 22:52:23 +0100: Memory Usage (456732K) : memcap_drw has 0 polygons
2026-03-25 22:52:23 +0100: Memory Usage (456732K) : varicap_drw has 0 polygons
2026-03-25 22:52:23 +0100: Memory Usage (456732K) : flash_drw has 0 polygons
2026-03-25 22:52:23 +0100: Memory Usage (456732K) : intbondvia_drw has 0 polygons
2026-03-25 22:52:23 +0100: Memory Usage (456732K) : intbondmet_drw has 0 polygons
2026-03-25 22:52:23 +0100: Memory Usage (456732K) : devbondvia_drw has 0 polygons
2026-03-25 22:52:23 +0100: Memory Usage (456732K) : devbondmet_drw has 0 polygons
2026-03-25 22:52:23 +0100: Memory Usage (456732K) : devtrench_drw has 0 polygons
2026-03-25 22:52:23 +0100: Memory Usage (456732K) : redist_drw has 0 polygons
2026-03-25 22:52:23 +0100: Memory Usage (456732K) : graphbot_drw has 0 polygons
2026-03-25 22:52:23 +0100: Memory Usage (456732K) : graphtop_drw has 0 polygons
2026-03-25 22:52:23 +0100: Memory Usage (456732K) : antvia1_drw has 0 polygons
2026-03-25 22:52:23 +0100: Memory Usage (456732K) : antmetal2_drw has 0 polygons
2026-03-25 22:52:23 +0100: Memory Usage (456732K) : graphcont_drw has 0 polygons
2026-03-25 22:52:23 +0100: Memory Usage (456732K) : siwg_drw has 0 polygons
2026-03-25 22:52:23 +0100: Memory Usage (456732K) : siwg_filler has 0 polygons
2026-03-25 22:52:23 +0100: Memory Usage (456732K) : siwg_nofill has 0 polygons
2026-03-25 22:52:23 +0100: Memory Usage (456732K) : sigrating_drw has 0 polygons
2026-03-25 22:52:23 +0100: Memory Usage (456732K) : singrating_drw has 0 polygons
2026-03-25 22:52:23 +0100: Memory Usage (456732K) : graphpas_drw has 0 polygons
2026-03-25 22:52:23 +0100: Memory Usage (456732K) : emwind3_drw has 0 polygons
2026-03-25 22:52:23 +0100: Memory Usage (456732K) : emwihv3_drw has 0 polygons
2026-03-25 22:52:23 +0100: Memory Usage (456732K) : redbulay_drw has 0 polygons
2026-03-25 22:52:23 +0100: Memory Usage (456732K) : smos_drw has 0 polygons
2026-03-25 22:52:23 +0100: Memory Usage (456732K) : graphpad_drw has 0 polygons
2026-03-25 22:52:23 +0100: Memory Usage (456732K) : polimide_drw has 0 polygons
2026-03-25 22:52:23 +0100: Memory Usage (456732K) : polimide_pin has 0 polygons
2026-03-25 22:52:23 +0100: Memory Usage (456732K) : recog_drw has 0 polygons
2026-03-25 22:52:23 +0100: Memory Usage (456732K) : recog_pin has 0 polygons
2026-03-25 22:52:23 +0100: Memory Usage (456732K) : recog_esd has 0 polygons
2026-03-25 22:52:23 +0100: Memory Usage (456732K) : recog_diode has 0 polygons
2026-03-25 22:52:23 +0100: Memory Usage (456732K) : recog_tsv has 0 polygons
2026-03-25 22:52:23 +0100: Memory Usage (456732K) : recog_iprobe has 0 polygons
2026-03-25 22:52:23 +0100: Memory Usage (456732K) : recog_diffprb has 0 polygons
2026-03-25 22:52:23 +0100: Memory Usage (456732K) : recog_pillar has 0 polygons
2026-03-25 22:52:23 +0100: Memory Usage (456732K) : recog_sbump has 0 polygons
2026-03-25 22:52:23 +0100: Memory Usage (456732K) : recog_otp has 0 polygons
2026-03-25 22:52:23 +0100: Memory Usage (456732K) : recog_pdiode has 0 polygons
2026-03-25 22:52:23 +0100: Memory Usage (456732K) : recog_mom has 0 polygons
2026-03-25 22:52:23 +0100: Memory Usage (456732K) : recog_pcm has 0 polygons
2026-03-25 22:52:23 +0100: Memory Usage (456732K) : colopen_drw has 0 polygons
2026-03-25 22:52:23 +0100: Memory Usage (456732K) : graphmetal1_drw has 0 polygons
2026-03-25 22:52:23 +0100: Memory Usage (456732K) : graphmetal1_filler has 0 polygons
2026-03-25 22:52:23 +0100: Memory Usage (456732K) : graphmetal1_nofill has 0 polygons
2026-03-25 22:52:23 +0100: Memory Usage (456732K) : graphmetal1_slit has 0 polygons
2026-03-25 22:52:23 +0100: Memory Usage (456732K) : graphmetal1_opc has 0 polygons
2026-03-25 22:52:23 +0100: Memory Usage (456732K) : graphmet1l_drw has 0 polygons
2026-03-25 22:52:23 +0100: Memory Usage (456732K) : graphmet1l_filler has 0 polygons
2026-03-25 22:52:23 +0100: Memory Usage (456732K) : graphmet1l_nofill has 0 polygons
2026-03-25 22:52:23 +0100: Memory Usage (456732K) : graphmet1l_slit has 0 polygons
2026-03-25 22:52:23 +0100: Memory Usage (456732K) : graphmet1l_opc has 0 polygons
2026-03-25 22:52:23 +0100: Memory Usage (456732K) : extblock_drw has 5 polygons
2026-03-25 22:52:23 +0100: Memory Usage (456732K) : nldd_drw has 0 polygons
2026-03-25 22:52:23 +0100: Memory Usage (456732K) : pldd_drw has 0 polygons
2026-03-25 22:52:23 +0100: Memory Usage (456732K) : next_drw has 0 polygons
2026-03-25 22:52:23 +0100: Memory Usage (456732K) : pext_drw has 0 polygons
2026-03-25 22:52:23 +0100: Memory Usage (456732K) : nexthv_drw has 0 polygons
2026-03-25 22:52:23 +0100: Memory Usage (456732K) : pexthv_drw has 0 polygons
2026-03-25 22:52:23 +0100: Memory Usage (456732K) : graphgate_drw has 0 polygons
2026-03-25 22:52:23 +0100: Memory Usage (456732K) : sinwg_drw has 0 polygons
2026-03-25 22:52:23 +0100: Memory Usage (456732K) : sinwg_filler has 0 polygons
2026-03-25 22:52:23 +0100: Memory Usage (456732K) : sinwg_nofill has 0 polygons
2026-03-25 22:52:23 +0100: Memory Usage (456996K) : mempad_drw has 0 polygons
2026-03-25 22:52:23 +0100: Memory Usage (456996K) : topvia1_drw has 1720 polygons
2026-03-25 22:52:23 +0100: Memory Usage (457260K) : topmetal1_drw has 13 polygons
2026-03-25 22:52:23 +0100: Memory Usage (457260K) : topmetal1_pin has 15 polygons
2026-03-25 22:52:23 +0100: Memory Usage (457260K) : topmetal1_mask has 0 polygons
2026-03-25 22:52:23 +0100: Memory Usage (457524K) : topmetal1_filler has 0 polygons
2026-03-25 22:52:23 +0100: Memory Usage (457524K) : topmetal1_nofill has 0 polygons
2026-03-25 22:52:23 +0100: Memory Usage (457524K) : topmetal1_slit has 0 polygons
2026-03-25 22:52:23 +0100: Memory Usage (457524K) : topmetal1_text has 5 polygons
2026-03-25 22:52:23 +0100: Memory Usage (457788K) : topmetal1_noqrc has 0 polygons
2026-03-25 22:52:23 +0100: Memory Usage (457788K) : topmetal1_res has 0 polygons
2026-03-25 22:52:23 +0100: Memory Usage (458052K) : topmetal1_iprobe has 0 polygons
2026-03-25 22:52:23 +0100: Memory Usage (458052K) : topmetal1_diffprb has 0 polygons
2026-03-25 22:52:23 +0100: Memory Usage (458052K) : inldpwl_drw has 0 polygons
2026-03-25 22:52:23 +0100: Memory Usage (458316K) : polyres_drw has 7 polygons
2026-03-25 22:52:23 +0100: Memory Usage (458316K) : polyres_pin has 0 polygons
2026-03-25 22:52:23 +0100: Memory Usage (458580K) : vmim_drw has 578 polygons
2026-03-25 22:52:23 +0100: Memory Usage (458580K) : nbulaycut_drw has 0 polygons
2026-03-25 22:52:23 +0100: Memory Usage (458580K) : antmetal1_drw has 0 polygons
2026-03-25 22:52:23 +0100: Memory Usage (458844K) : topvia2_drw has 916 polygons
2026-03-25 22:52:23 +0100: Memory Usage (459108K) : topmetal2_drw has 4 polygons
2026-03-25 22:52:23 +0100: Memory Usage (459108K) : topmetal2_pin has 2 polygons
2026-03-25 22:52:23 +0100: Memory Usage (459108K) : topmetal2_mask has 0 polygons
2026-03-25 22:52:23 +0100: Memory Usage (459372K) : topmetal2_filler has 0 polygons
2026-03-25 22:52:23 +0100: Memory Usage (459372K) : topmetal2_nofill has 0 polygons
2026-03-25 22:52:23 +0100: Memory Usage (459372K) : topmetal2_slit has 0 polygons
2026-03-25 22:52:23 +0100: Memory Usage (459636K) : topmetal2_text has 2 polygons
2026-03-25 22:52:23 +0100: Memory Usage (459636K) : topmetal2_noqrc has 0 polygons
2026-03-25 22:52:23 +0100: Memory Usage (459636K) : topmetal2_res has 0 polygons
2026-03-25 22:52:23 +0100: Memory Usage (459900K) : topmetal2_iprobe has 0 polygons
2026-03-25 22:52:23 +0100: Memory Usage (459900K) : topmetal2_diffprb has 0 polygons
2026-03-25 22:52:23 +0100: Memory Usage (460164K) : snsring_drw has 0 polygons
2026-03-25 22:52:23 +0100: Memory Usage (460164K) : sensor_drw has 0 polygons
2026-03-25 22:52:23 +0100: Memory Usage (460164K) : snsarms_drw has 0 polygons
2026-03-25 22:52:23 +0100: Memory Usage (460428K) : snscmosvia_drw has 0 polygons
2026-03-25 22:52:23 +0100: Memory Usage (460428K) : colwind_drw has 0 polygons
2026-03-25 22:52:23 +0100: Memory Usage (460428K) : flm_drw has 0 polygons
2026-03-25 22:52:23 +0100: Memory Usage (460692K) : hafniumox_drw has 0 polygons
2026-03-25 22:52:23 +0100: Memory Usage (460692K) : memvia_drw has 0 polygons
2026-03-25 22:52:23 +0100: Memory Usage (460956K) : thinfilmres_drw has 0 polygons
2026-03-25 22:52:23 +0100: Memory Usage (460956K) : rfmem_drw has 0 polygons
2026-03-25 22:52:23 +0100: Memory Usage (460956K) : norcx_drw has 0 polygons
2026-03-25 22:52:23 +0100: Memory Usage (461220K) : norcx_m2m3 has 0 polygons
2026-03-25 22:52:23 +0100: Memory Usage (461220K) : norcx_m2m4 has 0 polygons
2026-03-25 22:52:23 +0100: Memory Usage (461484K) : norcx_m2m5 has 0 polygons
2026-03-25 22:52:23 +0100: Memory Usage (461484K) : norcx_m2tm1 has 0 polygons
2026-03-25 22:52:23 +0100: Memory Usage (461484K) : norcx_m2tm2 has 0 polygons
2026-03-25 22:52:23 +0100: Memory Usage (461748K) : norcx_m3m4 has 0 polygons
2026-03-25 22:52:23 +0100: Memory Usage (461748K) : norcx_m3m5 has 0 polygons
2026-03-25 22:52:23 +0100: Memory Usage (461748K) : norcx_m3tm1 has 0 polygons
2026-03-25 22:52:23 +0100: Memory Usage (462012K) : norcx_m3tm2 has 0 polygons
2026-03-25 22:52:23 +0100: Memory Usage (462012K) : norcx_m4m5 has 0 polygons
2026-03-25 22:52:23 +0100: Memory Usage (462012K) : norcx_m4tm1 has 0 polygons
2026-03-25 22:52:23 +0100: Memory Usage (462276K) : norcx_m4tm2 has 0 polygons
2026-03-25 22:52:23 +0100: Memory Usage (462276K) : norcx_m5tm1 has 0 polygons
2026-03-25 22:52:23 +0100: Memory Usage (462276K) : norcx_m5tm2 has 0 polygons
2026-03-25 22:52:23 +0100: Memory Usage (462276K) : norcx_tm1tm2 has 0 polygons
2026-03-25 22:52:24 +0100: Memory Usage (462540K) : norcx_m1sub has 0 polygons
2026-03-25 22:52:24 +0100: Memory Usage (462540K) : norcx_m2sub has 0 polygons
2026-03-25 22:52:24 +0100: Memory Usage (462540K) : norcx_m3sub has 0 polygons
2026-03-25 22:52:24 +0100: Memory Usage (462804K) : norcx_m4sub has 0 polygons
2026-03-25 22:52:24 +0100: Memory Usage (462804K) : norcx_m5sub has 0 polygons
2026-03-25 22:52:24 +0100: Memory Usage (462804K) : norcx_tm1sub has 0 polygons
2026-03-25 22:52:24 +0100: Memory Usage (462804K) : norcx_tm2sub has 0 polygons
2026-03-25 22:52:24 +0100: Memory Usage (463068K) : snsbotvia_drw has 0 polygons
2026-03-25 22:52:24 +0100: Memory Usage (463068K) : snstopvia_drw has 0 polygons
2026-03-25 22:52:24 +0100: Memory Usage (463068K) : deepvia_drw has 0 polygons
2026-03-25 22:52:24 +0100: Memory Usage (463332K) : fgetch_drw has 0 polygons
2026-03-25 22:52:24 +0100: Memory Usage (463332K) : ctrgat_drw has 0 polygons
2026-03-25 22:52:24 +0100: Memory Usage (463332K) : fgimp_drw has 0 polygons
2026-03-25 22:52:24 +0100: Memory Usage (463596K) : emwihv_drw has 0 polygons
2026-03-25 22:52:24 +0100: Memory Usage (463596K) : lbe_drw has 0 polygons
2026-03-25 22:52:24 +0100: Memory Usage (463860K) : alcustop_drw has 0 polygons
2026-03-25 22:52:24 +0100: Memory Usage (463860K) : nometfiller_drw has 0 polygons
2026-03-25 22:52:24 +0100: Memory Usage (463860K) : prboundary_drw has 0 polygons
2026-03-25 22:52:24 +0100: Memory Usage (464124K) : exchange0_drw has 0 polygons
2026-03-25 22:52:24 +0100: Memory Usage (464124K) : exchange0_pin has 0 polygons
2026-03-25 22:52:24 +0100: Memory Usage (464124K) : exchange0_text has 0 polygons
2026-03-25 22:52:24 +0100: Memory Usage (464388K) : exchange1_drw has 0 polygons
2026-03-25 22:52:24 +0100: Memory Usage (464388K) : exchange1_pin has 0 polygons
2026-03-25 22:52:24 +0100: Memory Usage (464388K) : exchange1_text has 0 polygons
2026-03-25 22:52:24 +0100: Memory Usage (464388K) : exchange2_drw has 0 polygons
2026-03-25 22:52:24 +0100: Memory Usage (464652K) : exchange2_pin has 0 polygons
2026-03-25 22:52:24 +0100: Memory Usage (464652K) : exchange2_text has 0 polygons
2026-03-25 22:52:24 +0100: Memory Usage (464652K) : exchange3_drw has 0 polygons
2026-03-25 22:52:24 +0100: Memory Usage (464652K) : exchange3_pin has 0 polygons
2026-03-25 22:52:24 +0100: Memory Usage (464916K) : exchange3_text has 0 polygons
2026-03-25 22:52:24 +0100: Memory Usage (464916K) : exchange4_drw has 0 polygons
2026-03-25 22:52:24 +0100: Memory Usage (464916K) : exchange4_pin has 0 polygons
2026-03-25 22:52:24 +0100: Memory Usage (464916K) : exchange4_text has 0 polygons
2026-03-25 22:52:24 +0100: Memory Usage (464916K) : isonwell_drw has 0 polygons
2026-03-25 22:52:24 +0100: Memory Usage (464916K) : Total no. of polygons in the design is 55451
2026-03-25 22:52:24 +0100: Memory Usage (464916K) : Loaded TECH DRC rules values from /foss/pdks/ihp-sg13g2/libs.tech/klayout/python/sg13g2_pycell_lib/sg13g2_tech_mod.json
2026-03-25 22:52:24 +0100: Memory Usage (464916K) : Loaded default DRC rules values from /foss/pdks/ihp-sg13g2/libs.tech/klayout/tech/drc/rule_decks/sg13g2_tech_default.json
2026-03-25 22:52:24 +0100: Memory Usage (464916K) : The following rules values were missing in tech json and default values were used:
2026-03-25 22:52:24 +0100: Memory Usage (464916K) :   - Cnt_c_digibnd
2026-03-25 22:52:24 +0100: Memory Usage (464916K) : Total area of the design is 54805.149724999996 um^2.
2026-03-25 22:52:24 +0100: Memory Usage (464916K) : The design dimensions are 309.90500000000003 µm * 176.845 µm.
2026-03-25 22:52:24 +0100: Memory Usage (464916K) : Starting general IHP-SG13G2 derivations.
2026-03-25 22:52:24 +0100: Memory Usage (464916K) : Starting Pwell derivations
2026-03-25 22:52:24 +0100: Memory Usage (465180K) : Starting IHP-SG13G2 DRC rules.
2026-03-25 22:52:24 +0100: Memory Usage (465180K) : Starting 5.16. Metal1 table
2026-03-25 22:52:24 +0100: Memory Usage (465180K) : Executing rule M1.a
2026-03-25 22:52:24 +0100: Memory Usage (465180K) : Executing rule M1.b
2026-03-25 22:52:24 +0100: Memory Usage (465180K) : Executing rule M1.e
2026-03-25 22:52:24 +0100: Memory Usage (465180K) : Executing rule M1.f
2026-03-25 22:52:24 +0100: Memory Usage (465180K) : Executing rule M1.g
2026-03-25 22:52:24 +0100: Memory Usage (465180K) : Executing rule M1.i
2026-03-25 22:52:24 +0100: Memory Usage (465180K) : KLayout DRC run for tables 'metal1' completed in 1.16 seconds
