# Logfile created on 2026-03-25 22:52:28 +0100 by logger.rb/v1.5.3
2026-03-25 22:52:28 +0100: Memory Usage (437128K) : Starting running IHP-SG13G2 KLayout DRC runset on /foss/designs/Design/xschem/IHP__OPA2251/OPA2251-main/layout/klayout/HPA.gds
2026-03-25 22:52:28 +0100: Memory Usage (437128K) : Ruby Version for klayout: 3.2.3
2026-03-25 22:52:29 +0100: Memory Usage (439188K) : Loading database to memory is complete.
2026-03-25 22:52:29 +0100: Memory Usage (439188K) : IHP-SG13G2 KLayout DRC runset output at: /foss/designs/Design/xschem/IHP__OPA2251/OPA2251-main/layout/klayout/drc_run_HPA/HPA_HPA_metaln.lyrdb
2026-03-25 22:52:29 +0100: Memory Usage (439188K) : Evaluate switches.
2026-03-25 22:52:29 +0100: Memory Usage (439188K) : tables selected: metaln
2026-03-25 22:52:29 +0100: Memory Usage (439188K) : KLayout will use 4 thread(s) in tiled mode.
2026-03-25 22:52:29 +0100: Memory Usage (439188K) : flat mode is enabled.
2026-03-25 22:52:29 +0100: Memory Usage (439188K) : FEOL enabled: false
2026-03-25 22:52:29 +0100: Memory Usage (439188K) : BEOL enabled: false
2026-03-25 22:52:29 +0100: Memory Usage (439188K) : OFFGRID enabled: true
2026-03-25 22:52:29 +0100: Memory Usage (439188K) : PIN enabled: false
2026-03-25 22:52:29 +0100: Memory Usage (439188K) : FORBIDDEN enabled: false
2026-03-25 22:52:29 +0100: Memory Usage (439188K) : RECOMMENDED enabled: true
2026-03-25 22:52:29 +0100: Memory Usage (439188K) : PreCheck DRC enabled: false
2026-03-25 22:52:29 +0100: Memory Usage (439188K) : CONNECTIVITY_RULES enabled: false.
2026-03-25 22:52:29 +0100: Memory Usage (439188K) : Read in polygons from layers.
2026-03-25 22:52:29 +0100: Memory Usage (441644K) : activ_drw has 198 polygons
2026-03-25 22:52:29 +0100: Memory Usage (441644K) : activ_pin has 0 polygons
2026-03-25 22:52:29 +0100: Memory Usage (441644K) : activ_mask has 0 polygons
2026-03-25 22:52:29 +0100: Memory Usage (441644K) : activ_filler has 0 polygons
2026-03-25 22:52:29 +0100: Memory Usage (441644K) : activ_nofill has 0 polygons
2026-03-25 22:52:29 +0100: Memory Usage (441644K) : activ_opc has 0 polygons
2026-03-25 22:52:29 +0100: Memory Usage (441644K) : activ_iopc has 0 polygons
2026-03-25 22:52:29 +0100: Memory Usage (441644K) : activ_noqrc has 0 polygons
2026-03-25 22:52:29 +0100: Memory Usage (441644K) : biwind_drw has 0 polygons
2026-03-25 22:52:29 +0100: Memory Usage (441644K) : biwind_opc has 0 polygons
2026-03-25 22:52:29 +0100: Memory Usage (441644K) : pemwind_drw has 0 polygons
2026-03-25 22:52:29 +0100: Memory Usage (442812K) : gatpoly_drw has 108 polygons
2026-03-25 22:52:29 +0100: Memory Usage (442856K) : gatpoly_pin has 124 polygons
2026-03-25 22:52:29 +0100: Memory Usage (442856K) : gatpoly_filler has 0 polygons
2026-03-25 22:52:29 +0100: Memory Usage (442856K) : gatpoly_nofill has 0 polygons
2026-03-25 22:52:29 +0100: Memory Usage (442856K) : gatpoly_opc has 0 polygons
2026-03-25 22:52:29 +0100: Memory Usage (442856K) : gatpoly_iopc has 0 polygons
2026-03-25 22:52:29 +0100: Memory Usage (442856K) : gatpoly_noqrc has 0 polygons
2026-03-25 22:52:29 +0100: Memory Usage (449188K) : cont_drw has 16803 polygons
2026-03-25 22:52:29 +0100: Memory Usage (449188K) : cont_opc has 0 polygons
2026-03-25 22:52:29 +0100: Memory Usage (449188K) : nsd_drw has 0 polygons
2026-03-25 22:52:29 +0100: Memory Usage (449188K) : nsd_block has 0 polygons
2026-03-25 22:52:29 +0100: Memory Usage (449188K) : metal1_drw has 390 polygons
2026-03-25 22:52:29 +0100: Memory Usage (449188K) : metal1_pin has 515 polygons
2026-03-25 22:52:29 +0100: Memory Usage (449188K) : metal1_mask has 0 polygons
2026-03-25 22:52:29 +0100: Memory Usage (449188K) : metal1_filler has 0 polygons
2026-03-25 22:52:29 +0100: Memory Usage (449188K) : metal1_nofill has 0 polygons
2026-03-25 22:52:29 +0100: Memory Usage (449228K) : metal1_slit has 0 polygons
2026-03-25 22:52:29 +0100: Memory Usage (449228K) : metal1_text has 0 polygons
2026-03-25 22:52:29 +0100: Memory Usage (449228K) : metal1_opc has 0 polygons
2026-03-25 22:52:29 +0100: Memory Usage (449228K) : metal1_noqrc has 0 polygons
2026-03-25 22:52:29 +0100: Memory Usage (449228K) : metal1_res has 0 polygons
2026-03-25 22:52:29 +0100: Memory Usage (449228K) : metal1_iprobe has 0 polygons
2026-03-25 22:52:29 +0100: Memory Usage (449228K) : metal1_diffprb has 0 polygons
2026-03-25 22:52:29 +0100: Memory Usage (449228K) : passiv_drw has 0 polygons
2026-03-25 22:52:29 +0100: Memory Usage (449228K) : passiv_pin has 0 polygons
2026-03-25 22:52:29 +0100: Memory Usage (449228K) : passiv_sbump has 0 polygons
2026-03-25 22:52:29 +0100: Memory Usage (449228K) : passiv_pillar has 0 polygons
2026-03-25 22:52:29 +0100: Memory Usage (449228K) : passiv_pdl has 0 polygons
2026-03-25 22:52:29 +0100: Memory Usage (449228K) : metal2_drw has 95 polygons
2026-03-25 22:52:29 +0100: Memory Usage (449228K) : metal2_pin has 11 polygons
2026-03-25 22:52:29 +0100: Memory Usage (449228K) : metal2_mask has 0 polygons
2026-03-25 22:52:29 +0100: Memory Usage (449480K) : metal2_filler has 0 polygons
2026-03-25 22:52:29 +0100: Memory Usage (449480K) : metal2_nofill has 0 polygons
2026-03-25 22:52:29 +0100: Memory Usage (449480K) : metal2_slit has 0 polygons
2026-03-25 22:52:29 +0100: Memory Usage (449480K) : metal2_text has 0 polygons
2026-03-25 22:52:29 +0100: Memory Usage (449480K) : metal2_opc has 0 polygons
2026-03-25 22:52:29 +0100: Memory Usage (449480K) : metal2_noqrc has 0 polygons
2026-03-25 22:52:29 +0100: Memory Usage (449480K) : metal2_res has 0 polygons
2026-03-25 22:52:29 +0100: Memory Usage (449544K) : metal2_iprobe has 0 polygons
2026-03-25 22:52:29 +0100: Memory Usage (449544K) : metal2_diffprb has 0 polygons
2026-03-25 22:52:29 +0100: Memory Usage (449544K) : baspoly_drw has 0 polygons
2026-03-25 22:52:29 +0100: Memory Usage (449608K) : baspoly_pin has 0 polygons
2026-03-25 22:52:29 +0100: Memory Usage (449608K) : psd_drw has 24 polygons
2026-03-25 22:52:29 +0100: Memory Usage (449608K) : nldb_drw has 0 polygons
2026-03-25 22:52:29 +0100: Memory Usage (449608K) : digibnd_drw has 0 polygons
2026-03-25 22:52:29 +0100: Memory Usage (451716K) : via1_drw has 9590 polygons
2026-03-25 22:52:29 +0100: Memory Usage (451824K) : backmetal1_drw has 0 polygons
2026-03-25 22:52:29 +0100: Memory Usage (451824K) : backmetal1_pin has 0 polygons
2026-03-25 22:52:29 +0100: Memory Usage (451824K) : backmetal1_mask has 0 polygons
2026-03-25 22:52:29 +0100: Memory Usage (451888K) : backmetal1_filler has 0 polygons
2026-03-25 22:52:29 +0100: Memory Usage (451888K) : backmetal1_nofill has 0 polygons
2026-03-25 22:52:29 +0100: Memory Usage (451888K) : backmetal1_slit has 0 polygons
2026-03-25 22:52:29 +0100: Memory Usage (451888K) : backmetal1_text has 0 polygons
2026-03-25 22:52:29 +0100: Memory Usage (451888K) : backmetal1_opc has 0 polygons
2026-03-25 22:52:29 +0100: Memory Usage (451888K) : backmetal1_noqrc has 0 polygons
2026-03-25 22:52:29 +0100: Memory Usage (451888K) : backmetal1_res has 0 polygons
2026-03-25 22:52:29 +0100: Memory Usage (451888K) : backmetal1_iprobe has 0 polygons
2026-03-25 22:52:29 +0100: Memory Usage (451888K) : backmetal1_diffprb has 0 polygons
2026-03-25 22:52:29 +0100: Memory Usage (451888K) : backpassiv_drw has 0 polygons
2026-03-25 22:52:29 +0100: Memory Usage (451888K) : res_drw has 0 polygons
2026-03-25 22:52:29 +0100: Memory Usage (451952K) : sram_drw has 0 polygons
2026-03-25 22:52:29 +0100: Memory Usage (451952K) : trans_drw has 0 polygons
2026-03-25 22:52:29 +0100: Memory Usage (452016K) : ind_drw has 0 polygons
2026-03-25 22:52:29 +0100: Memory Usage (452016K) : ind_pin has 0 polygons
2026-03-25 22:52:29 +0100: Memory Usage (452016K) : ind_text has 0 polygons
2026-03-25 22:52:29 +0100: Memory Usage (452276K) : salblock_drw has 7 polygons
2026-03-25 22:52:29 +0100: Memory Usage (454124K) : via2_drw has 7995 polygons
2026-03-25 22:52:29 +0100: Memory Usage (454124K) : metal3_drw has 67 polygons
2026-03-25 22:52:29 +0100: Memory Usage (454124K) : metal3_pin has 8 polygons
2026-03-25 22:52:29 +0100: Memory Usage (454124K) : metal3_mask has 0 polygons
2026-03-25 22:52:29 +0100: Memory Usage (454124K) : metal3_filler has 0 polygons
2026-03-25 22:52:29 +0100: Memory Usage (454124K) : metal3_nofill has 0 polygons
2026-03-25 22:52:29 +0100: Memory Usage (454220K) : metal3_slit has 0 polygons
2026-03-25 22:52:29 +0100: Memory Usage (454220K) : metal3_text has 0 polygons
2026-03-25 22:52:29 +0100: Memory Usage (454220K) : metal3_opc has 0 polygons
2026-03-25 22:52:29 +0100: Memory Usage (454220K) : metal3_noqrc has 0 polygons
2026-03-25 22:52:29 +0100: Memory Usage (454220K) : metal3_res has 0 polygons
2026-03-25 22:52:29 +0100: Memory Usage (454220K) : metal3_iprobe has 0 polygons
2026-03-25 22:52:29 +0100: Memory Usage (454468K) : metal3_diffprb has 0 polygons
2026-03-25 22:52:29 +0100: Memory Usage (454992K) : nwell_drw has 5 polygons
2026-03-25 22:52:29 +0100: Memory Usage (454992K) : nwell_pin has 0 polygons
2026-03-25 22:52:29 +0100: Memory Usage (454992K) : nbulay_drw has 0 polygons
2026-03-25 22:52:29 +0100: Memory Usage (454992K) : nbulay_pin has 0 polygons
2026-03-25 22:52:29 +0100: Memory Usage (455196K) : nbulay_block has 0 polygons
2026-03-25 22:52:29 +0100: Memory Usage (455196K) : emwind_drw has 0 polygons
2026-03-25 22:52:29 +0100: Memory Usage (455196K) : emwind_opc has 0 polygons
2026-03-25 22:52:29 +0100: Memory Usage (455196K) : deepco_drw has 0 polygons
2026-03-25 22:52:29 +0100: Memory Usage (455456K) : deepco_drw has 0 polygons
2026-03-25 22:52:29 +0100: Memory Usage (455456K) : mim_drw has 2 polygons
2026-03-25 22:52:29 +0100: Memory Usage (455456K) : edgeseal_drw has 0 polygons
2026-03-25 22:52:29 +0100: Memory Usage (455720K) : edgeseal_bound has 0 polygons
2026-03-25 22:52:29 +0100: Memory Usage (455720K) : substrate_drw has 723 polygons
2026-03-25 22:52:29 +0100: Memory Usage (455720K) : substrate_text has 0 polygons
2026-03-25 22:52:29 +0100: Memory Usage (455720K) : dfpad_drw has 0 polygons
2026-03-25 22:52:29 +0100: Memory Usage (455720K) : dfpad_pillar has 0 polygons
2026-03-25 22:52:29 +0100: Memory Usage (455720K) : dfpad_sbump has 0 polygons
2026-03-25 22:52:29 +0100: Memory Usage (455720K) : thickgateox_drw has 0 polygons
2026-03-25 22:52:29 +0100: Memory Usage (455720K) : pldb_drw has 0 polygons
2026-03-25 22:52:29 +0100: Memory Usage (455720K) : pwell_drw has 0 polygons
2026-03-25 22:52:29 +0100: Memory Usage (455720K) : pwell_pin has 0 polygons
2026-03-25 22:52:29 +0100: Memory Usage (455720K) : pwell_block has 0 polygons
2026-03-25 22:52:29 +0100: Memory Usage (455720K) : ic_drw has 0 polygons
2026-03-25 22:52:29 +0100: Memory Usage (456512K) : via3_drw has 7005 polygons
2026-03-25 22:52:29 +0100: Memory Usage (456512K) : metal4_drw has 40 polygons
2026-03-25 22:52:29 +0100: Memory Usage (456512K) : metal4_pin has 3 polygons
2026-03-25 22:52:29 +0100: Memory Usage (456512K) : metal4_mask has 0 polygons
2026-03-25 22:52:29 +0100: Memory Usage (456512K) : metal4_filler has 0 polygons
2026-03-25 22:52:29 +0100: Memory Usage (456512K) : metal4_nofill has 0 polygons
2026-03-25 22:52:29 +0100: Memory Usage (456512K) : metal4_slit has 0 polygons
2026-03-25 22:52:29 +0100: Memory Usage (456512K) : metal4_text has 0 polygons
2026-03-25 22:52:29 +0100: Memory Usage (456512K) : metal4_opc has 0 polygons
2026-03-25 22:52:29 +0100: Memory Usage (456512K) : metal4_noqrc has 0 polygons
2026-03-25 22:52:29 +0100: Memory Usage (456512K) : metal4_res has 0 polygons
2026-03-25 22:52:29 +0100: Memory Usage (456512K) : metal4_iprobe has 0 polygons
2026-03-25 22:52:29 +0100: Memory Usage (456512K) : metal4_diffprb has 0 polygons
2026-03-25 22:52:29 +0100: Memory Usage (456512K) : heattrans_drw has 421 polygons
2026-03-25 22:52:29 +0100: Memory Usage (456512K) : heatres_drw has 7 polygons
2026-03-25 22:52:29 +0100: Memory Usage (456512K) : pempoly_drw has 0 polygons
2026-03-25 22:52:29 +0100: Memory Usage (456512K) : fbe_drw has 0 polygons
2026-03-25 22:52:29 +0100: Memory Usage (456512K) : empoly_drw has 0 polygons
2026-03-25 22:52:29 +0100: Memory Usage (456512K) : ldmos_drw has 0 polygons
2026-03-25 22:52:29 +0100: Memory Usage (456512K) : pbiwind_drw has 0 polygons
2026-03-25 22:52:29 +0100: Memory Usage (456512K) : digisub_drw has 0 polygons
2026-03-25 22:52:29 +0100: Memory Usage (456512K) : nodrc_drw has 0 polygons
2026-03-25 22:52:29 +0100: Memory Usage (456512K) : text_drw has 1107 polygons
2026-03-25 22:52:29 +0100: Memory Usage (456836K) : via4_drw has 6898 polygons
2026-03-25 22:52:29 +0100: Memory Usage (456836K) : metal5_drw has 32 polygons
2026-03-25 22:52:29 +0100: Memory Usage (456836K) : metal5_pin has 5 polygons
2026-03-25 22:52:29 +0100: Memory Usage (456836K) : metal5_mask has 0 polygons
2026-03-25 22:52:29 +0100: Memory Usage (456836K) : metal5_filler has 0 polygons
2026-03-25 22:52:29 +0100: Memory Usage (456836K) : metal5_nofill has 0 polygons
2026-03-25 22:52:29 +0100: Memory Usage (456836K) : metal5_slit has 0 polygons
2026-03-25 22:52:29 +0100: Memory Usage (456836K) : metal5_text has 1 polygons
2026-03-25 22:52:29 +0100: Memory Usage (456836K) : metal5_opc has 0 polygons
2026-03-25 22:52:29 +0100: Memory Usage (456836K) : metal5_noqrc has 0 polygons
2026-03-25 22:52:29 +0100: Memory Usage (456836K) : metal5_res has 0 polygons
2026-03-25 22:52:29 +0100: Memory Usage (456836K) : metal5_iprobe has 0 polygons
2026-03-25 22:52:29 +0100: Memory Usage (456836K) : metal5_diffprb has 0 polygons
2026-03-25 22:52:29 +0100: Memory Usage (456836K) : radhard_drw has 0 polygons
2026-03-25 22:52:29 +0100: Memory Usage (456836K) : memcap_drw has 0 polygons
2026-03-25 22:52:29 +0100: Memory Usage (456836K) : varicap_drw has 0 polygons
2026-03-25 22:52:29 +0100: Memory Usage (456836K) : flash_drw has 0 polygons
2026-03-25 22:52:29 +0100: Memory Usage (456836K) : intbondvia_drw has 0 polygons
2026-03-25 22:52:29 +0100: Memory Usage (456836K) : intbondmet_drw has 0 polygons
2026-03-25 22:52:29 +0100: Memory Usage (456836K) : devbondvia_drw has 0 polygons
2026-03-25 22:52:29 +0100: Memory Usage (456836K) : devbondmet_drw has 0 polygons
2026-03-25 22:52:29 +0100: Memory Usage (456836K) : devtrench_drw has 0 polygons
2026-03-25 22:52:29 +0100: Memory Usage (456836K) : redist_drw has 0 polygons
2026-03-25 22:52:29 +0100: Memory Usage (456836K) : graphbot_drw has 0 polygons
2026-03-25 22:52:29 +0100: Memory Usage (456836K) : graphtop_drw has 0 polygons
2026-03-25 22:52:29 +0100: Memory Usage (456836K) : antvia1_drw has 0 polygons
2026-03-25 22:52:29 +0100: Memory Usage (456836K) : antmetal2_drw has 0 polygons
2026-03-25 22:52:29 +0100: Memory Usage (456836K) : graphcont_drw has 0 polygons
2026-03-25 22:52:29 +0100: Memory Usage (456836K) : siwg_drw has 0 polygons
2026-03-25 22:52:29 +0100: Memory Usage (456836K) : siwg_filler has 0 polygons
2026-03-25 22:52:29 +0100: Memory Usage (456836K) : siwg_nofill has 0 polygons
2026-03-25 22:52:29 +0100: Memory Usage (456836K) : sigrating_drw has 0 polygons
2026-03-25 22:52:29 +0100: Memory Usage (456836K) : singrating_drw has 0 polygons
2026-03-25 22:52:29 +0100: Memory Usage (456836K) : graphpas_drw has 0 polygons
2026-03-25 22:52:29 +0100: Memory Usage (456836K) : emwind3_drw has 0 polygons
2026-03-25 22:52:29 +0100: Memory Usage (456836K) : emwihv3_drw has 0 polygons
2026-03-25 22:52:29 +0100: Memory Usage (456836K) : redbulay_drw has 0 polygons
2026-03-25 22:52:29 +0100: Memory Usage (456836K) : smos_drw has 0 polygons
2026-03-25 22:52:29 +0100: Memory Usage (456836K) : graphpad_drw has 0 polygons
2026-03-25 22:52:29 +0100: Memory Usage (456836K) : polimide_drw has 0 polygons
2026-03-25 22:52:29 +0100: Memory Usage (456836K) : polimide_pin has 0 polygons
2026-03-25 22:52:29 +0100: Memory Usage (456836K) : recog_drw has 0 polygons
2026-03-25 22:52:29 +0100: Memory Usage (456836K) : recog_pin has 0 polygons
2026-03-25 22:52:29 +0100: Memory Usage (456836K) : recog_esd has 0 polygons
2026-03-25 22:52:29 +0100: Memory Usage (456836K) : recog_diode has 0 polygons
2026-03-25 22:52:29 +0100: Memory Usage (456836K) : recog_tsv has 0 polygons
2026-03-25 22:52:29 +0100: Memory Usage (456836K) : recog_iprobe has 0 polygons
2026-03-25 22:52:29 +0100: Memory Usage (456836K) : recog_diffprb has 0 polygons
2026-03-25 22:52:29 +0100: Memory Usage (456836K) : recog_pillar has 0 polygons
2026-03-25 22:52:29 +0100: Memory Usage (456836K) : recog_sbump has 0 polygons
2026-03-25 22:52:29 +0100: Memory Usage (456836K) : recog_otp has 0 polygons
2026-03-25 22:52:29 +0100: Memory Usage (456836K) : recog_pdiode has 0 polygons
2026-03-25 22:52:29 +0100: Memory Usage (456836K) : recog_mom has 0 polygons
2026-03-25 22:52:29 +0100: Memory Usage (456836K) : recog_pcm has 0 polygons
2026-03-25 22:52:29 +0100: Memory Usage (456836K) : colopen_drw has 0 polygons
2026-03-25 22:52:29 +0100: Memory Usage (456836K) : graphmetal1_drw has 0 polygons
2026-03-25 22:52:29 +0100: Memory Usage (456836K) : graphmetal1_filler has 0 polygons
2026-03-25 22:52:29 +0100: Memory Usage (456836K) : graphmetal1_nofill has 0 polygons
2026-03-25 22:52:29 +0100: Memory Usage (456836K) : graphmetal1_slit has 0 polygons
2026-03-25 22:52:29 +0100: Memory Usage (456836K) : graphmetal1_opc has 0 polygons
2026-03-25 22:52:29 +0100: Memory Usage (456836K) : graphmet1l_drw has 0 polygons
2026-03-25 22:52:29 +0100: Memory Usage (456836K) : graphmet1l_filler has 0 polygons
2026-03-25 22:52:29 +0100: Memory Usage (456836K) : graphmet1l_nofill has 0 polygons
2026-03-25 22:52:29 +0100: Memory Usage (456836K) : graphmet1l_slit has 0 polygons
2026-03-25 22:52:29 +0100: Memory Usage (456836K) : graphmet1l_opc has 0 polygons
2026-03-25 22:52:29 +0100: Memory Usage (456836K) : extblock_drw has 5 polygons
2026-03-25 22:52:29 +0100: Memory Usage (456836K) : nldd_drw has 0 polygons
2026-03-25 22:52:29 +0100: Memory Usage (456836K) : pldd_drw has 0 polygons
2026-03-25 22:52:29 +0100: Memory Usage (456836K) : next_drw has 0 polygons
2026-03-25 22:52:29 +0100: Memory Usage (456836K) : pext_drw has 0 polygons
2026-03-25 22:52:29 +0100: Memory Usage (456836K) : nexthv_drw has 0 polygons
2026-03-25 22:52:29 +0100: Memory Usage (456836K) : pexthv_drw has 0 polygons
2026-03-25 22:52:29 +0100: Memory Usage (456836K) : graphgate_drw has 0 polygons
2026-03-25 22:52:29 +0100: Memory Usage (456836K) : sinwg_drw has 0 polygons
2026-03-25 22:52:29 +0100: Memory Usage (456836K) : sinwg_filler has 0 polygons
2026-03-25 22:52:29 +0100: Memory Usage (456836K) : sinwg_nofill has 0 polygons
2026-03-25 22:52:29 +0100: Memory Usage (456836K) : mempad_drw has 0 polygons
2026-03-25 22:52:29 +0100: Memory Usage (456836K) : topvia1_drw has 1720 polygons
2026-03-25 22:52:29 +0100: Memory Usage (456836K) : topmetal1_drw has 13 polygons
2026-03-25 22:52:29 +0100: Memory Usage (456836K) : topmetal1_pin has 15 polygons
2026-03-25 22:52:29 +0100: Memory Usage (457100K) : topmetal1_mask has 0 polygons
2026-03-25 22:52:29 +0100: Memory Usage (457100K) : topmetal1_filler has 0 polygons
2026-03-25 22:52:29 +0100: Memory Usage (457100K) : topmetal1_nofill has 0 polygons
2026-03-25 22:52:29 +0100: Memory Usage (457100K) : topmetal1_slit has 0 polygons
2026-03-25 22:52:29 +0100: Memory Usage (457100K) : topmetal1_text has 5 polygons
2026-03-25 22:52:29 +0100: Memory Usage (457364K) : topmetal1_noqrc has 0 polygons
2026-03-25 22:52:29 +0100: Memory Usage (457364K) : topmetal1_res has 0 polygons
2026-03-25 22:52:29 +0100: Memory Usage (457364K) : topmetal1_iprobe has 0 polygons
2026-03-25 22:52:29 +0100: Memory Usage (457628K) : topmetal1_diffprb has 0 polygons
2026-03-25 22:52:29 +0100: Memory Usage (457628K) : inldpwl_drw has 0 polygons
2026-03-25 22:52:29 +0100: Memory Usage (457628K) : polyres_drw has 7 polygons
2026-03-25 22:52:29 +0100: Memory Usage (457892K) : polyres_pin has 0 polygons
2026-03-25 22:52:29 +0100: Memory Usage (457892K) : vmim_drw has 578 polygons
2026-03-25 22:52:29 +0100: Memory Usage (458156K) : nbulaycut_drw has 0 polygons
2026-03-25 22:52:29 +0100: Memory Usage (458156K) : antmetal1_drw has 0 polygons
2026-03-25 22:52:29 +0100: Memory Usage (458420K) : topvia2_drw has 916 polygons
2026-03-25 22:52:29 +0100: Memory Usage (458420K) : topmetal2_drw has 4 polygons
2026-03-25 22:52:29 +0100: Memory Usage (458684K) : topmetal2_pin has 2 polygons
2026-03-25 22:52:29 +0100: Memory Usage (458684K) : topmetal2_mask has 0 polygons
2026-03-25 22:52:29 +0100: Memory Usage (458684K) : topmetal2_filler has 0 polygons
2026-03-25 22:52:29 +0100: Memory Usage (458948K) : topmetal2_nofill has 0 polygons
2026-03-25 22:52:29 +0100: Memory Usage (458948K) : topmetal2_slit has 0 polygons
2026-03-25 22:52:29 +0100: Memory Usage (458948K) : topmetal2_text has 2 polygons
2026-03-25 22:52:29 +0100: Memory Usage (459212K) : topmetal2_noqrc has 0 polygons
2026-03-25 22:52:29 +0100: Memory Usage (459212K) : topmetal2_res has 0 polygons
2026-03-25 22:52:29 +0100: Memory Usage (459212K) : topmetal2_iprobe has 0 polygons
2026-03-25 22:52:29 +0100: Memory Usage (459476K) : topmetal2_diffprb has 0 polygons
2026-03-25 22:52:29 +0100: Memory Usage (459476K) : snsring_drw has 0 polygons
2026-03-25 22:52:29 +0100: Memory Usage (459740K) : sensor_drw has 0 polygons
2026-03-25 22:52:29 +0100: Memory Usage (459740K) : snsarms_drw has 0 polygons
2026-03-25 22:52:29 +0100: Memory Usage (459740K) : snscmosvia_drw has 0 polygons
2026-03-25 22:52:29 +0100: Memory Usage (460004K) : colwind_drw has 0 polygons
2026-03-25 22:52:29 +0100: Memory Usage (460004K) : flm_drw has 0 polygons
2026-03-25 22:52:29 +0100: Memory Usage (460268K) : hafniumox_drw has 0 polygons
2026-03-25 22:52:29 +0100: Memory Usage (460268K) : memvia_drw has 0 polygons
2026-03-25 22:52:29 +0100: Memory Usage (460268K) : thinfilmres_drw has 0 polygons
2026-03-25 22:52:29 +0100: Memory Usage (460532K) : rfmem_drw has 0 polygons
2026-03-25 22:52:29 +0100: Memory Usage (460532K) : norcx_drw has 0 polygons
2026-03-25 22:52:29 +0100: Memory Usage (460532K) : norcx_m2m3 has 0 polygons
2026-03-25 22:52:29 +0100: Memory Usage (460796K) : norcx_m2m4 has 0 polygons
2026-03-25 22:52:29 +0100: Memory Usage (460796K) : norcx_m2m5 has 0 polygons
2026-03-25 22:52:29 +0100: Memory Usage (461060K) : norcx_m2tm1 has 0 polygons
2026-03-25 22:52:29 +0100: Memory Usage (461060K) : norcx_m2tm2 has 0 polygons
2026-03-25 22:52:29 +0100: Memory Usage (461060K) : norcx_m3m4 has 0 polygons
2026-03-25 22:52:29 +0100: Memory Usage (461324K) : norcx_m3m5 has 0 polygons
2026-03-25 22:52:29 +0100: Memory Usage (461324K) : norcx_m3tm1 has 0 polygons
2026-03-25 22:52:29 +0100: Memory Usage (461588K) : norcx_m3tm2 has 0 polygons
2026-03-25 22:52:29 +0100: Memory Usage (461588K) : norcx_m4m5 has 0 polygons
2026-03-25 22:52:29 +0100: Memory Usage (461588K) : norcx_m4tm1 has 0 polygons
2026-03-25 22:52:29 +0100: Memory Usage (461852K) : norcx_m4tm2 has 0 polygons
2026-03-25 22:52:29 +0100: Memory Usage (461852K) : norcx_m5tm1 has 0 polygons
2026-03-25 22:52:29 +0100: Memory Usage (461852K) : norcx_m5tm2 has 0 polygons
2026-03-25 22:52:29 +0100: Memory Usage (462116K) : norcx_tm1tm2 has 0 polygons
2026-03-25 22:52:29 +0100: Memory Usage (462116K) : norcx_m1sub has 0 polygons
2026-03-25 22:52:29 +0100: Memory Usage (462116K) : norcx_m2sub has 0 polygons
2026-03-25 22:52:29 +0100: Memory Usage (462116K) : norcx_m3sub has 0 polygons
2026-03-25 22:52:29 +0100: Memory Usage (462380K) : norcx_m4sub has 0 polygons
2026-03-25 22:52:29 +0100: Memory Usage (462380K) : norcx_m5sub has 0 polygons
2026-03-25 22:52:29 +0100: Memory Usage (462380K) : norcx_tm1sub has 0 polygons
2026-03-25 22:52:29 +0100: Memory Usage (462644K) : norcx_tm2sub has 0 polygons
2026-03-25 22:52:29 +0100: Memory Usage (462644K) : snsbotvia_drw has 0 polygons
2026-03-25 22:52:29 +0100: Memory Usage (462644K) : snstopvia_drw has 0 polygons
2026-03-25 22:52:29 +0100: Memory Usage (462644K) : deepvia_drw has 0 polygons
2026-03-25 22:52:29 +0100: Memory Usage (462908K) : fgetch_drw has 0 polygons
2026-03-25 22:52:29 +0100: Memory Usage (462908K) : ctrgat_drw has 0 polygons
2026-03-25 22:52:29 +0100: Memory Usage (462908K) : fgimp_drw has 0 polygons
2026-03-25 22:52:29 +0100: Memory Usage (463172K) : emwihv_drw has 0 polygons
2026-03-25 22:52:29 +0100: Memory Usage (463172K) : lbe_drw has 0 polygons
2026-03-25 22:52:29 +0100: Memory Usage (463172K) : alcustop_drw has 0 polygons
2026-03-25 22:52:29 +0100: Memory Usage (463436K) : nometfiller_drw has 0 polygons
2026-03-25 22:52:29 +0100: Memory Usage (463436K) : prboundary_drw has 0 polygons
2026-03-25 22:52:29 +0100: Memory Usage (463436K) : exchange0_drw has 0 polygons
2026-03-25 22:52:29 +0100: Memory Usage (463700K) : exchange0_pin has 0 polygons
2026-03-25 22:52:29 +0100: Memory Usage (463700K) : exchange0_text has 0 polygons
2026-03-25 22:52:29 +0100: Memory Usage (463700K) : exchange1_drw has 0 polygons
2026-03-25 22:52:29 +0100: Memory Usage (463964K) : exchange1_pin has 0 polygons
2026-03-25 22:52:29 +0100: Memory Usage (463964K) : exchange1_text has 0 polygons
2026-03-25 22:52:29 +0100: Memory Usage (463964K) : exchange2_drw has 0 polygons
2026-03-25 22:52:29 +0100: Memory Usage (464228K) : exchange2_pin has 0 polygons
2026-03-25 22:52:29 +0100: Memory Usage (464228K) : exchange2_text has 0 polygons
2026-03-25 22:52:29 +0100: Memory Usage (464228K) : exchange3_drw has 0 polygons
2026-03-25 22:52:29 +0100: Memory Usage (464228K) : exchange3_pin has 0 polygons
2026-03-25 22:52:29 +0100: Memory Usage (464492K) : exchange3_text has 0 polygons
2026-03-25 22:52:29 +0100: Memory Usage (464492K) : exchange4_drw has 0 polygons
2026-03-25 22:52:29 +0100: Memory Usage (464492K) : exchange4_pin has 0 polygons
2026-03-25 22:52:29 +0100: Memory Usage (464492K) : exchange4_text has 0 polygons
2026-03-25 22:52:29 +0100: Memory Usage (464756K) : isonwell_drw has 0 polygons
2026-03-25 22:52:29 +0100: Memory Usage (464756K) : Total no. of polygons in the design is 55451
2026-03-25 22:52:29 +0100: Memory Usage (464756K) : Loaded TECH DRC rules values from /foss/pdks/ihp-sg13g2/libs.tech/klayout/python/sg13g2_pycell_lib/sg13g2_tech_mod.json
2026-03-25 22:52:29 +0100: Memory Usage (464756K) : Loaded default DRC rules values from /foss/pdks/ihp-sg13g2/libs.tech/klayout/tech/drc/rule_decks/sg13g2_tech_default.json
2026-03-25 22:52:29 +0100: Memory Usage (464756K) : The following rules values were missing in tech json and default values were used:
2026-03-25 22:52:29 +0100: Memory Usage (464756K) :   - Cnt_c_digibnd
2026-03-25 22:52:29 +0100: Memory Usage (464756K) : Total area of the design is 54805.149724999996 um^2.
2026-03-25 22:52:29 +0100: Memory Usage (464756K) : The design dimensions are 309.90500000000003 µm * 176.845 µm.
2026-03-25 22:52:29 +0100: Memory Usage (464756K) : Starting general IHP-SG13G2 derivations.
2026-03-25 22:52:29 +0100: Memory Usage (464756K) : Starting Pwell derivations
2026-03-25 22:52:29 +0100: Memory Usage (465020K) : Starting IHP-SG13G2 DRC rules.
2026-03-25 22:52:29 +0100: Memory Usage (465020K) : Starting 5.17 Metaln table
2026-03-25 22:52:29 +0100: Memory Usage (465020K) : Executing rule M2.a
2026-03-25 22:52:29 +0100: Memory Usage (465020K) : Executing rule M2.b
2026-03-25 22:52:29 +0100: Memory Usage (466052K) : Executing rule M2.e
2026-03-25 22:52:29 +0100: Memory Usage (466052K) : Executing rule M2.f
2026-03-25 22:52:29 +0100: Memory Usage (466052K) : Executing rule M2.g
2026-03-25 22:52:29 +0100: Memory Usage (466052K) : Executing rule M2.i
2026-03-25 22:52:29 +0100: Memory Usage (466052K) : Executing rule M3.a
2026-03-25 22:52:29 +0100: Memory Usage (466052K) : Executing rule M3.b
2026-03-25 22:52:29 +0100: Memory Usage (466052K) : Executing rule M3.e
2026-03-25 22:52:29 +0100: Memory Usage (466052K) : Executing rule M3.f
2026-03-25 22:52:29 +0100: Memory Usage (466052K) : Executing rule M3.g
2026-03-25 22:52:29 +0100: Memory Usage (466052K) : Executing rule M3.i
2026-03-25 22:52:29 +0100: Memory Usage (466052K) : Executing rule M4.a
2026-03-25 22:52:29 +0100: Memory Usage (466052K) : Executing rule M4.b
2026-03-25 22:52:29 +0100: Memory Usage (466052K) : Executing rule M4.e
2026-03-25 22:52:29 +0100: Memory Usage (466052K) : Executing rule M4.f
2026-03-25 22:52:29 +0100: Memory Usage (466052K) : Executing rule M4.g
2026-03-25 22:52:30 +0100: Memory Usage (466052K) : Executing rule M4.i
2026-03-25 22:52:30 +0100: Memory Usage (466052K) : Executing rule M5.a
2026-03-25 22:52:30 +0100: Memory Usage (466052K) : Executing rule M5.b
2026-03-25 22:52:30 +0100: Memory Usage (466052K) : Executing rule M5.e
2026-03-25 22:52:30 +0100: Memory Usage (466052K) : Executing rule M5.f
2026-03-25 22:52:30 +0100: Memory Usage (466052K) : Executing rule M5.g
2026-03-25 22:52:30 +0100: Memory Usage (466052K) : Executing rule M5.i
2026-03-25 22:52:30 +0100: Memory Usage (466052K) : KLayout DRC run for tables 'metaln' completed in 1.13 seconds
