# Logfile created on 2026-03-25 04:34:22 +0100 by logger.rb/v1.5.3
2026-03-25 04:34:22 +0100: Memory Usage (438796K) : Starting running IHP-SG13G2 KLayout DRC runset on /foss/designs/HPAmplifier/OTA_Telescopic/Layout_and_Related_files/HPA.gds
2026-03-25 04:34:22 +0100: Memory Usage (438796K) : Ruby Version for klayout: 3.2.3
2026-03-25 04:34:22 +0100: Memory Usage (440740K) : Loading database to memory is complete.
2026-03-25 04:34:22 +0100: Memory Usage (440740K) : IHP-SG13G2 KLayout DRC runset output at: /foss/designs/HPAmplifier/OTA_Telescopic/Layout_and_Related_files/drc_run_HPA/HPA_HPA_main.lyrdb
2026-03-25 04:34:22 +0100: Memory Usage (440884K) : Evaluate switches.
2026-03-25 04:34:22 +0100: Memory Usage (440884K) : tables selected: main
2026-03-25 04:34:22 +0100: Memory Usage (440884K) : KLayout will use 1 thread(s) in tiling mode.
2026-03-25 04:34:22 +0100: Memory Usage (440884K) : deep mode is enabled.
2026-03-25 04:34:22 +0100: Memory Usage (440884K) : FEOL enabled: true
2026-03-25 04:34:22 +0100: Memory Usage (441012K) : BEOL enabled: true
2026-03-25 04:34:22 +0100: Memory Usage (441012K) : OFFGRID enabled: true
2026-03-25 04:34:22 +0100: Memory Usage (441012K) : PIN enabled: true
2026-03-25 04:34:22 +0100: Memory Usage (441012K) : FORBIDDEN enabled: true
2026-03-25 04:34:22 +0100: Memory Usage (441012K) : RECOMMENDED enabled: true
2026-03-25 04:34:22 +0100: Memory Usage (441012K) : PreCheck DRC enabled: false
2026-03-25 04:34:22 +0100: Memory Usage (441012K) : CONNECTIVITY_RULES enabled: true.
2026-03-25 04:34:22 +0100: Memory Usage (441012K) : Read in polygons from layers.
2026-03-25 04:34:22 +0100: Memory Usage (442176K) : activ_drw has 5032 polygons
2026-03-25 04:34:22 +0100: Memory Usage (442304K) : activ_pin has 0 polygons
2026-03-25 04:34:22 +0100: Memory Usage (442304K) : activ_mask has 0 polygons
2026-03-25 04:34:22 +0100: Memory Usage (442304K) : activ_filler has 0 polygons
2026-03-25 04:34:22 +0100: Memory Usage (442432K) : activ_nofill has 0 polygons
2026-03-25 04:34:22 +0100: Memory Usage (442432K) : activ_opc has 0 polygons
2026-03-25 04:34:22 +0100: Memory Usage (442560K) : activ_iopc has 0 polygons
2026-03-25 04:34:22 +0100: Memory Usage (442560K) : activ_noqrc has 0 polygons
2026-03-25 04:34:22 +0100: Memory Usage (442560K) : biwind_drw has 0 polygons
2026-03-25 04:34:22 +0100: Memory Usage (442688K) : biwind_opc has 0 polygons
2026-03-25 04:34:22 +0100: Memory Usage (442688K) : pemwind_drw has 0 polygons
2026-03-25 04:34:22 +0100: Memory Usage (442816K) : gatpoly_drw has 2679 polygons
2026-03-25 04:34:22 +0100: Memory Usage (442944K) : gatpoly_pin has 377 polygons
2026-03-25 04:34:22 +0100: Memory Usage (442944K) : gatpoly_filler has 0 polygons
2026-03-25 04:34:22 +0100: Memory Usage (443072K) : gatpoly_nofill has 0 polygons
2026-03-25 04:34:22 +0100: Memory Usage (443072K) : gatpoly_opc has 0 polygons
2026-03-25 04:34:22 +0100: Memory Usage (443072K) : gatpoly_iopc has 0 polygons
2026-03-25 04:34:22 +0100: Memory Usage (443200K) : gatpoly_noqrc has 0 polygons
2026-03-25 04:34:22 +0100: Memory Usage (443968K) : cont_drw has 24680 polygons
2026-03-25 04:34:22 +0100: Memory Usage (443968K) : cont_opc has 0 polygons
2026-03-25 04:34:22 +0100: Memory Usage (443968K) : nsd_drw has 0 polygons
2026-03-25 04:34:22 +0100: Memory Usage (443968K) : nsd_block has 0 polygons
2026-03-25 04:34:22 +0100: Memory Usage (443968K) : metal1_drw has 7670 polygons
2026-03-25 04:34:22 +0100: Memory Usage (444224K) : metal1_pin has 2038 polygons
2026-03-25 04:34:22 +0100: Memory Usage (444224K) : metal1_mask has 0 polygons
2026-03-25 04:34:22 +0100: Memory Usage (444224K) : metal1_filler has 0 polygons
2026-03-25 04:34:22 +0100: Memory Usage (444352K) : metal1_nofill has 0 polygons
2026-03-25 04:34:22 +0100: Memory Usage (444352K) : metal1_slit has 0 polygons
2026-03-25 04:34:22 +0100: Memory Usage (444608K) : metal1_text has 1 polygons
2026-03-25 04:34:22 +0100: Memory Usage (444608K) : metal1_opc has 0 polygons
2026-03-25 04:34:22 +0100: Memory Usage (444736K) : metal1_noqrc has 0 polygons
2026-03-25 04:34:22 +0100: Memory Usage (444736K) : metal1_res has 0 polygons
2026-03-25 04:34:22 +0100: Memory Usage (444736K) : metal1_iprobe has 0 polygons
2026-03-25 04:34:22 +0100: Memory Usage (444864K) : metal1_diffprb has 0 polygons
2026-03-25 04:34:22 +0100: Memory Usage (444864K) : passiv_drw has 0 polygons
2026-03-25 04:34:22 +0100: Memory Usage (444992K) : passiv_pin has 0 polygons
2026-03-25 04:34:22 +0100: Memory Usage (444992K) : passiv_sbump has 0 polygons
2026-03-25 04:34:22 +0100: Memory Usage (445120K) : passiv_pillar has 0 polygons
2026-03-25 04:34:22 +0100: Memory Usage (445120K) : passiv_pdl has 0 polygons
2026-03-25 04:34:22 +0100: Memory Usage (445456K) : metal2_drw has 1316 polygons
2026-03-25 04:34:22 +0100: Memory Usage (445584K) : metal2_pin has 11 polygons
2026-03-25 04:34:22 +0100: Memory Usage (445712K) : metal2_mask has 0 polygons
2026-03-25 04:34:22 +0100: Memory Usage (445712K) : metal2_filler has 0 polygons
2026-03-25 04:34:22 +0100: Memory Usage (445840K) : metal2_nofill has 0 polygons
2026-03-25 04:34:22 +0100: Memory Usage (445840K) : metal2_slit has 0 polygons
2026-03-25 04:34:22 +0100: Memory Usage (445840K) : metal2_text has 7 polygons
2026-03-25 04:34:22 +0100: Memory Usage (445968K) : metal2_opc has 0 polygons
2026-03-25 04:34:22 +0100: Memory Usage (445968K) : metal2_noqrc has 0 polygons
2026-03-25 04:34:22 +0100: Memory Usage (446096K) : metal2_res has 0 polygons
2026-03-25 04:34:22 +0100: Memory Usage (446224K) : metal2_iprobe has 0 polygons
2026-03-25 04:34:22 +0100: Memory Usage (446224K) : metal2_diffprb has 0 polygons
2026-03-25 04:34:22 +0100: Memory Usage (446224K) : baspoly_drw has 0 polygons
2026-03-25 04:34:22 +0100: Memory Usage (446352K) : baspoly_pin has 0 polygons
2026-03-25 04:34:22 +0100: Memory Usage (446352K) : psd_drw has 1551 polygons
2026-03-25 04:34:22 +0100: Memory Usage (446480K) : nldb_drw has 0 polygons
2026-03-25 04:34:22 +0100: Memory Usage (446480K) : digibnd_drw has 0 polygons
2026-03-25 04:34:22 +0100: Memory Usage (446736K) : via1_drw has 8154 polygons
2026-03-25 04:34:22 +0100: Memory Usage (446864K) : backmetal1_drw has 0 polygons
2026-03-25 04:34:22 +0100: Memory Usage (446864K) : backmetal1_pin has 0 polygons
2026-03-25 04:34:22 +0100: Memory Usage (446864K) : backmetal1_mask has 0 polygons
2026-03-25 04:34:22 +0100: Memory Usage (446992K) : backmetal1_filler has 0 polygons
2026-03-25 04:34:22 +0100: Memory Usage (446992K) : backmetal1_nofill has 0 polygons
2026-03-25 04:34:22 +0100: Memory Usage (446992K) : backmetal1_slit has 0 polygons
2026-03-25 04:34:22 +0100: Memory Usage (447120K) : backmetal1_text has 0 polygons
2026-03-25 04:34:22 +0100: Memory Usage (447120K) : backmetal1_opc has 0 polygons
2026-03-25 04:34:22 +0100: Memory Usage (447248K) : backmetal1_noqrc has 0 polygons
2026-03-25 04:34:22 +0100: Memory Usage (447248K) : backmetal1_res has 0 polygons
2026-03-25 04:34:22 +0100: Memory Usage (447376K) : backmetal1_iprobe has 0 polygons
2026-03-25 04:34:22 +0100: Memory Usage (447376K) : backmetal1_diffprb has 0 polygons
2026-03-25 04:34:22 +0100: Memory Usage (447376K) : backpassiv_drw has 0 polygons
2026-03-25 04:34:22 +0100: Memory Usage (447504K) : res_drw has 0 polygons
2026-03-25 04:34:22 +0100: Memory Usage (447504K) : sram_drw has 0 polygons
2026-03-25 04:34:22 +0100: Memory Usage (447632K) : trans_drw has 0 polygons
2026-03-25 04:34:22 +0100: Memory Usage (447632K) : ind_drw has 0 polygons
2026-03-25 04:34:22 +0100: Memory Usage (447760K) : ind_pin has 0 polygons
2026-03-25 04:34:22 +0100: Memory Usage (447760K) : ind_text has 0 polygons
2026-03-25 04:34:22 +0100: Memory Usage (447888K) : salblock_drw has 7 polygons
2026-03-25 04:34:22 +0100: Memory Usage (447888K) : via2_drw has 3861 polygons
2026-03-25 04:34:22 +0100: Memory Usage (448144K) : metal3_drw has 232 polygons
2026-03-25 04:34:22 +0100: Memory Usage (448144K) : metal3_pin has 8 polygons
2026-03-25 04:34:22 +0100: Memory Usage (448272K) : metal3_mask has 0 polygons
2026-03-25 04:34:22 +0100: Memory Usage (448272K) : metal3_filler has 0 polygons
2026-03-25 04:34:22 +0100: Memory Usage (448272K) : metal3_nofill has 0 polygons
2026-03-25 04:34:22 +0100: Memory Usage (448400K) : metal3_slit has 0 polygons
2026-03-25 04:34:22 +0100: Memory Usage (448400K) : metal3_text has 2 polygons
2026-03-25 04:34:22 +0100: Memory Usage (448528K) : metal3_opc has 0 polygons
2026-03-25 04:34:22 +0100: Memory Usage (448528K) : metal3_noqrc has 0 polygons
2026-03-25 04:34:22 +0100: Memory Usage (448656K) : metal3_res has 0 polygons
2026-03-25 04:34:22 +0100: Memory Usage (448656K) : metal3_iprobe has 0 polygons
2026-03-25 04:34:22 +0100: Memory Usage (448784K) : metal3_diffprb has 0 polygons
2026-03-25 04:34:22 +0100: Memory Usage (448784K) : nwell_drw has 1216 polygons
2026-03-25 04:34:22 +0100: Memory Usage (448912K) : nwell_pin has 0 polygons
2026-03-25 04:34:22 +0100: Memory Usage (449040K) : nbulay_drw has 0 polygons
2026-03-25 04:34:22 +0100: Memory Usage (449040K) : nbulay_pin has 0 polygons
2026-03-25 04:34:22 +0100: Memory Usage (449168K) : nbulay_block has 0 polygons
2026-03-25 04:34:22 +0100: Memory Usage (449168K) : emwind_drw has 0 polygons
2026-03-25 04:34:22 +0100: Memory Usage (449296K) : emwind_opc has 0 polygons
2026-03-25 04:34:22 +0100: Memory Usage (449296K) : deepco_drw has 0 polygons
2026-03-25 04:34:22 +0100: Memory Usage (449424K) : deepco_drw has 0 polygons
2026-03-25 04:34:22 +0100: Memory Usage (449424K) : mim_drw has 2 polygons
2026-03-25 04:34:22 +0100: Memory Usage (449552K) : edgeseal_drw has 0 polygons
2026-03-25 04:34:22 +0100: Memory Usage (449680K) : edgeseal_bound has 0 polygons
2026-03-25 04:34:22 +0100: Memory Usage (449680K) : substrate_drw has 723 polygons
2026-03-25 04:34:22 +0100: Memory Usage (449680K) : substrate_text has 0 polygons
2026-03-25 04:34:22 +0100: Memory Usage (449808K) : dfpad_drw has 0 polygons
2026-03-25 04:34:22 +0100: Memory Usage (449808K) : dfpad_pillar has 0 polygons
2026-03-25 04:34:22 +0100: Memory Usage (449808K) : dfpad_sbump has 0 polygons
2026-03-25 04:34:22 +0100: Memory Usage (449808K) : thickgateox_drw has 0 polygons
2026-03-25 04:34:22 +0100: Memory Usage (449808K) : pldb_drw has 0 polygons
2026-03-25 04:34:22 +0100: Memory Usage (449808K) : pwell_drw has 0 polygons
2026-03-25 04:34:22 +0100: Memory Usage (449808K) : pwell_pin has 0 polygons
2026-03-25 04:34:22 +0100: Memory Usage (449808K) : pwell_block has 0 polygons
2026-03-25 04:34:22 +0100: Memory Usage (449808K) : ic_drw has 0 polygons
2026-03-25 04:34:22 +0100: Memory Usage (449808K) : via3_drw has 3469 polygons
2026-03-25 04:34:22 +0100: Memory Usage (449808K) : metal4_drw has 160 polygons
2026-03-25 04:34:22 +0100: Memory Usage (449808K) : metal4_pin has 3 polygons
2026-03-25 04:34:22 +0100: Memory Usage (449808K) : metal4_mask has 0 polygons
2026-03-25 04:34:22 +0100: Memory Usage (449808K) : metal4_filler has 0 polygons
2026-03-25 04:34:22 +0100: Memory Usage (449808K) : metal4_nofill has 0 polygons
2026-03-25 04:34:22 +0100: Memory Usage (449808K) : metal4_slit has 0 polygons
2026-03-25 04:34:22 +0100: Memory Usage (449808K) : metal4_text has 5 polygons
2026-03-25 04:34:22 +0100: Memory Usage (449808K) : metal4_opc has 0 polygons
2026-03-25 04:34:22 +0100: Memory Usage (449808K) : metal4_noqrc has 0 polygons
2026-03-25 04:34:22 +0100: Memory Usage (449808K) : metal4_res has 0 polygons
2026-03-25 04:34:22 +0100: Memory Usage (449808K) : metal4_iprobe has 0 polygons
2026-03-25 04:34:22 +0100: Memory Usage (449808K) : metal4_diffprb has 0 polygons
2026-03-25 04:34:22 +0100: Memory Usage (449808K) : heattrans_drw has 1555 polygons
2026-03-25 04:34:22 +0100: Memory Usage (449808K) : heatres_drw has 7 polygons
2026-03-25 04:34:22 +0100: Memory Usage (449808K) : pempoly_drw has 0 polygons
2026-03-25 04:34:22 +0100: Memory Usage (449808K) : fbe_drw has 0 polygons
2026-03-25 04:34:22 +0100: Memory Usage (449808K) : empoly_drw has 0 polygons
2026-03-25 04:34:22 +0100: Memory Usage (449808K) : ldmos_drw has 0 polygons
2026-03-25 04:34:22 +0100: Memory Usage (449808K) : pbiwind_drw has 0 polygons
2026-03-25 04:34:22 +0100: Memory Usage (449808K) : digisub_drw has 0 polygons
2026-03-25 04:34:22 +0100: Memory Usage (449808K) : nodrc_drw has 0 polygons
2026-03-25 04:34:22 +0100: Memory Usage (449808K) : text_drw has 1107 polygons
2026-03-25 04:34:22 +0100: Memory Usage (449808K) : via4_drw has 3362 polygons
2026-03-25 04:34:22 +0100: Memory Usage (449808K) : metal5_drw has 114 polygons
2026-03-25 04:34:22 +0100: Memory Usage (449808K) : metal5_pin has 12 polygons
2026-03-25 04:34:22 +0100: Memory Usage (449808K) : metal5_mask has 0 polygons
2026-03-25 04:34:22 +0100: Memory Usage (449808K) : metal5_filler has 0 polygons
2026-03-25 04:34:22 +0100: Memory Usage (449808K) : metal5_nofill has 0 polygons
2026-03-25 04:34:22 +0100: Memory Usage (449808K) : metal5_slit has 0 polygons
2026-03-25 04:34:22 +0100: Memory Usage (449808K) : metal5_text has 12 polygons
2026-03-25 04:34:22 +0100: Memory Usage (449808K) : metal5_opc has 0 polygons
2026-03-25 04:34:22 +0100: Memory Usage (449808K) : metal5_noqrc has 0 polygons
2026-03-25 04:34:22 +0100: Memory Usage (449808K) : metal5_res has 0 polygons
2026-03-25 04:34:22 +0100: Memory Usage (449808K) : metal5_iprobe has 0 polygons
2026-03-25 04:34:22 +0100: Memory Usage (449808K) : metal5_diffprb has 0 polygons
2026-03-25 04:34:22 +0100: Memory Usage (449808K) : radhard_drw has 0 polygons
2026-03-25 04:34:22 +0100: Memory Usage (449808K) : memcap_drw has 0 polygons
2026-03-25 04:34:22 +0100: Memory Usage (449808K) : varicap_drw has 0 polygons
2026-03-25 04:34:22 +0100: Memory Usage (449808K) : flash_drw has 0 polygons
2026-03-25 04:34:22 +0100: Memory Usage (449808K) : intbondvia_drw has 0 polygons
2026-03-25 04:34:22 +0100: Memory Usage (449808K) : intbondmet_drw has 0 polygons
2026-03-25 04:34:22 +0100: Memory Usage (449808K) : devbondvia_drw has 0 polygons
2026-03-25 04:34:22 +0100: Memory Usage (449808K) : devbondmet_drw has 0 polygons
2026-03-25 04:34:22 +0100: Memory Usage (449808K) : devtrench_drw has 0 polygons
2026-03-25 04:34:22 +0100: Memory Usage (449808K) : redist_drw has 0 polygons
2026-03-25 04:34:22 +0100: Memory Usage (449808K) : graphbot_drw has 0 polygons
2026-03-25 04:34:22 +0100: Memory Usage (449808K) : graphtop_drw has 0 polygons
2026-03-25 04:34:22 +0100: Memory Usage (449808K) : antvia1_drw has 0 polygons
2026-03-25 04:34:22 +0100: Memory Usage (449808K) : antmetal2_drw has 0 polygons
2026-03-25 04:34:22 +0100: Memory Usage (449808K) : graphcont_drw has 0 polygons
2026-03-25 04:34:22 +0100: Memory Usage (449808K) : siwg_drw has 0 polygons
2026-03-25 04:34:22 +0100: Memory Usage (449808K) : siwg_filler has 0 polygons
2026-03-25 04:34:22 +0100: Memory Usage (449808K) : siwg_nofill has 0 polygons
2026-03-25 04:34:22 +0100: Memory Usage (449808K) : sigrating_drw has 0 polygons
2026-03-25 04:34:22 +0100: Memory Usage (449808K) : singrating_drw has 0 polygons
2026-03-25 04:34:22 +0100: Memory Usage (449808K) : graphpas_drw has 0 polygons
2026-03-25 04:34:22 +0100: Memory Usage (449808K) : emwind3_drw has 0 polygons
2026-03-25 04:34:22 +0100: Memory Usage (449808K) : emwihv3_drw has 0 polygons
2026-03-25 04:34:22 +0100: Memory Usage (449808K) : redbulay_drw has 0 polygons
2026-03-25 04:34:22 +0100: Memory Usage (449808K) : smos_drw has 0 polygons
2026-03-25 04:34:22 +0100: Memory Usage (449808K) : graphpad_drw has 0 polygons
2026-03-25 04:34:22 +0100: Memory Usage (449808K) : polimide_drw has 0 polygons
2026-03-25 04:34:22 +0100: Memory Usage (449808K) : polimide_pin has 0 polygons
2026-03-25 04:34:22 +0100: Memory Usage (449808K) : recog_drw has 0 polygons
2026-03-25 04:34:22 +0100: Memory Usage (449808K) : recog_pin has 0 polygons
2026-03-25 04:34:22 +0100: Memory Usage (449808K) : recog_esd has 0 polygons
2026-03-25 04:34:22 +0100: Memory Usage (449808K) : recog_diode has 0 polygons
2026-03-25 04:34:22 +0100: Memory Usage (449808K) : recog_tsv has 0 polygons
2026-03-25 04:34:22 +0100: Memory Usage (449808K) : recog_iprobe has 0 polygons
2026-03-25 04:34:22 +0100: Memory Usage (449808K) : recog_diffprb has 0 polygons
2026-03-25 04:34:22 +0100: Memory Usage (449808K) : recog_pillar has 0 polygons
2026-03-25 04:34:22 +0100: Memory Usage (449808K) : recog_sbump has 0 polygons
2026-03-25 04:34:22 +0100: Memory Usage (449808K) : recog_otp has 0 polygons
2026-03-25 04:34:22 +0100: Memory Usage (449808K) : recog_pdiode has 0 polygons
2026-03-25 04:34:22 +0100: Memory Usage (449808K) : recog_mom has 0 polygons
2026-03-25 04:34:22 +0100: Memory Usage (449808K) : recog_pcm has 0 polygons
2026-03-25 04:34:22 +0100: Memory Usage (449808K) : colopen_drw has 0 polygons
2026-03-25 04:34:22 +0100: Memory Usage (449808K) : graphmetal1_drw has 0 polygons
2026-03-25 04:34:22 +0100: Memory Usage (449808K) : graphmetal1_filler has 0 polygons
2026-03-25 04:34:22 +0100: Memory Usage (449808K) : graphmetal1_nofill has 0 polygons
2026-03-25 04:34:22 +0100: Memory Usage (449808K) : graphmetal1_slit has 0 polygons
2026-03-25 04:34:22 +0100: Memory Usage (449808K) : graphmetal1_opc has 0 polygons
2026-03-25 04:34:22 +0100: Memory Usage (449808K) : graphmet1l_drw has 0 polygons
2026-03-25 04:34:22 +0100: Memory Usage (449808K) : graphmet1l_filler has 0 polygons
2026-03-25 04:34:22 +0100: Memory Usage (449808K) : graphmet1l_nofill has 0 polygons
2026-03-25 04:34:22 +0100: Memory Usage (449808K) : graphmet1l_slit has 0 polygons
2026-03-25 04:34:22 +0100: Memory Usage (449808K) : graphmet1l_opc has 0 polygons
2026-03-25 04:34:22 +0100: Memory Usage (449808K) : extblock_drw has 21 polygons
2026-03-25 04:34:22 +0100: Memory Usage (449808K) : nldd_drw has 0 polygons
2026-03-25 04:34:22 +0100: Memory Usage (449808K) : pldd_drw has 0 polygons
2026-03-25 04:34:22 +0100: Memory Usage (449808K) : next_drw has 0 polygons
2026-03-25 04:34:22 +0100: Memory Usage (449808K) : pext_drw has 0 polygons
2026-03-25 04:34:22 +0100: Memory Usage (449808K) : nexthv_drw has 0 polygons
2026-03-25 04:34:22 +0100: Memory Usage (449808K) : pexthv_drw has 0 polygons
2026-03-25 04:34:22 +0100: Memory Usage (449808K) : graphgate_drw has 0 polygons
2026-03-25 04:34:22 +0100: Memory Usage (449808K) : sinwg_drw has 0 polygons
2026-03-25 04:34:22 +0100: Memory Usage (449808K) : sinwg_filler has 0 polygons
2026-03-25 04:34:22 +0100: Memory Usage (449808K) : sinwg_nofill has 0 polygons
2026-03-25 04:34:22 +0100: Memory Usage (449808K) : mempad_drw has 0 polygons
2026-03-25 04:34:22 +0100: Memory Usage (449808K) : topvia1_drw has 689 polygons
2026-03-25 04:34:22 +0100: Memory Usage (449808K) : topmetal1_drw has 125 polygons
2026-03-25 04:34:22 +0100: Memory Usage (449808K) : topmetal1_pin has 20 polygons
2026-03-25 04:34:22 +0100: Memory Usage (449808K) : topmetal1_mask has 0 polygons
2026-03-25 04:34:22 +0100: Memory Usage (449808K) : topmetal1_filler has 0 polygons
2026-03-25 04:34:22 +0100: Memory Usage (449808K) : topmetal1_nofill has 0 polygons
2026-03-25 04:34:22 +0100: Memory Usage (449936K) : topmetal1_slit has 0 polygons
2026-03-25 04:34:22 +0100: Memory Usage (449936K) : topmetal1_text has 20 polygons
2026-03-25 04:34:22 +0100: Memory Usage (449936K) : topmetal1_noqrc has 0 polygons
2026-03-25 04:34:22 +0100: Memory Usage (449936K) : topmetal1_res has 0 polygons
2026-03-25 04:34:22 +0100: Memory Usage (450064K) : topmetal1_iprobe has 0 polygons
2026-03-25 04:34:22 +0100: Memory Usage (450064K) : topmetal1_diffprb has 0 polygons
2026-03-25 04:34:22 +0100: Memory Usage (450064K) : inldpwl_drw has 0 polygons
2026-03-25 04:34:22 +0100: Memory Usage (450192K) : polyres_drw has 7 polygons
2026-03-25 04:34:22 +0100: Memory Usage (450192K) : polyres_pin has 0 polygons
2026-03-25 04:34:22 +0100: Memory Usage (450192K) : vmim_drw has 578 polygons
2026-03-25 04:34:22 +0100: Memory Usage (450192K) : nbulaycut_drw has 0 polygons
2026-03-25 04:34:22 +0100: Memory Usage (450320K) : antmetal1_drw has 0 polygons
2026-03-25 04:34:22 +0100: Memory Usage (450320K) : topvia2_drw has 0 polygons
2026-03-25 04:34:22 +0100: Memory Usage (450320K) : topmetal2_drw has 0 polygons
2026-03-25 04:34:22 +0100: Memory Usage (450448K) : topmetal2_pin has 0 polygons
2026-03-25 04:34:22 +0100: Memory Usage (450448K) : topmetal2_mask has 0 polygons
2026-03-25 04:34:22 +0100: Memory Usage (450448K) : topmetal2_filler has 0 polygons
2026-03-25 04:34:22 +0100: Memory Usage (450576K) : topmetal2_nofill has 0 polygons
2026-03-25 04:34:22 +0100: Memory Usage (450576K) : topmetal2_slit has 0 polygons
2026-03-25 04:34:22 +0100: Memory Usage (450576K) : topmetal2_text has 0 polygons
2026-03-25 04:34:22 +0100: Memory Usage (450576K) : topmetal2_noqrc has 0 polygons
2026-03-25 04:34:22 +0100: Memory Usage (450704K) : topmetal2_res has 0 polygons
2026-03-25 04:34:22 +0100: Memory Usage (450704K) : topmetal2_iprobe has 0 polygons
2026-03-25 04:34:22 +0100: Memory Usage (450704K) : topmetal2_diffprb has 0 polygons
2026-03-25 04:34:22 +0100: Memory Usage (450832K) : snsring_drw has 0 polygons
2026-03-25 04:34:22 +0100: Memory Usage (450832K) : sensor_drw has 0 polygons
2026-03-25 04:34:22 +0100: Memory Usage (450832K) : snsarms_drw has 0 polygons
2026-03-25 04:34:22 +0100: Memory Usage (450960K) : snscmosvia_drw has 0 polygons
2026-03-25 04:34:22 +0100: Memory Usage (450960K) : colwind_drw has 0 polygons
2026-03-25 04:34:22 +0100: Memory Usage (450960K) : flm_drw has 0 polygons
2026-03-25 04:34:22 +0100: Memory Usage (450960K) : hafniumox_drw has 0 polygons
2026-03-25 04:34:22 +0100: Memory Usage (451088K) : memvia_drw has 0 polygons
2026-03-25 04:34:22 +0100: Memory Usage (451088K) : thinfilmres_drw has 0 polygons
2026-03-25 04:34:22 +0100: Memory Usage (451088K) : rfmem_drw has 0 polygons
2026-03-25 04:34:22 +0100: Memory Usage (451216K) : norcx_drw has 0 polygons
2026-03-25 04:34:22 +0100: Memory Usage (451216K) : norcx_m2m3 has 0 polygons
2026-03-25 04:34:22 +0100: Memory Usage (451344K) : norcx_m2m4 has 0 polygons
2026-03-25 04:34:22 +0100: Memory Usage (451344K) : norcx_m2m5 has 0 polygons
2026-03-25 04:34:22 +0100: Memory Usage (451344K) : norcx_m2tm1 has 0 polygons
2026-03-25 04:34:22 +0100: Memory Usage (451472K) : norcx_m2tm2 has 0 polygons
2026-03-25 04:34:22 +0100: Memory Usage (451472K) : norcx_m3m4 has 0 polygons
2026-03-25 04:34:22 +0100: Memory Usage (451600K) : norcx_m3m5 has 0 polygons
2026-03-25 04:34:22 +0100: Memory Usage (451600K) : norcx_m3tm1 has 0 polygons
2026-03-25 04:34:22 +0100: Memory Usage (451728K) : norcx_m3tm2 has 0 polygons
2026-03-25 04:34:22 +0100: Memory Usage (451728K) : norcx_m4m5 has 0 polygons
2026-03-25 04:34:22 +0100: Memory Usage (451728K) : norcx_m4tm1 has 0 polygons
2026-03-25 04:34:22 +0100: Memory Usage (451856K) : norcx_m4tm2 has 0 polygons
2026-03-25 04:34:22 +0100: Memory Usage (451856K) : norcx_m5tm1 has 0 polygons
2026-03-25 04:34:22 +0100: Memory Usage (451984K) : norcx_m5tm2 has 0 polygons
2026-03-25 04:34:22 +0100: Memory Usage (451984K) : norcx_tm1tm2 has 0 polygons
2026-03-25 04:34:22 +0100: Memory Usage (451984K) : norcx_m1sub has 0 polygons
2026-03-25 04:34:22 +0100: Memory Usage (452112K) : norcx_m2sub has 0 polygons
2026-03-25 04:34:22 +0100: Memory Usage (452112K) : norcx_m3sub has 0 polygons
2026-03-25 04:34:22 +0100: Memory Usage (452112K) : norcx_m4sub has 0 polygons
2026-03-25 04:34:22 +0100: Memory Usage (452240K) : norcx_m5sub has 0 polygons
2026-03-25 04:34:22 +0100: Memory Usage (452240K) : norcx_tm1sub has 0 polygons
2026-03-25 04:34:22 +0100: Memory Usage (452368K) : norcx_tm2sub has 0 polygons
2026-03-25 04:34:22 +0100: Memory Usage (452368K) : snsbotvia_drw has 0 polygons
2026-03-25 04:34:22 +0100: Memory Usage (452496K) : snstopvia_drw has 0 polygons
2026-03-25 04:34:22 +0100: Memory Usage (452496K) : deepvia_drw has 0 polygons
2026-03-25 04:34:22 +0100: Memory Usage (452496K) : fgetch_drw has 0 polygons
2026-03-25 04:34:22 +0100: Memory Usage (452624K) : ctrgat_drw has 0 polygons
2026-03-25 04:34:22 +0100: Memory Usage (452624K) : fgimp_drw has 0 polygons
2026-03-25 04:34:22 +0100: Memory Usage (452752K) : emwihv_drw has 0 polygons
2026-03-25 04:34:22 +0100: Memory Usage (452752K) : lbe_drw has 0 polygons
2026-03-25 04:34:22 +0100: Memory Usage (452752K) : alcustop_drw has 0 polygons
2026-03-25 04:34:22 +0100: Memory Usage (452880K) : nometfiller_drw has 0 polygons
2026-03-25 04:34:22 +0100: Memory Usage (452880K) : prboundary_drw has 0 polygons
2026-03-25 04:34:22 +0100: Memory Usage (453008K) : exchange0_drw has 0 polygons
2026-03-25 04:34:22 +0100: Memory Usage (453008K) : exchange0_pin has 0 polygons
2026-03-25 04:34:22 +0100: Memory Usage (453008K) : exchange0_text has 0 polygons
2026-03-25 04:34:22 +0100: Memory Usage (453136K) : exchange1_drw has 0 polygons
2026-03-25 04:34:22 +0100: Memory Usage (453136K) : exchange1_pin has 0 polygons
2026-03-25 04:34:22 +0100: Memory Usage (453264K) : exchange1_text has 0 polygons
2026-03-25 04:34:22 +0100: Memory Usage (453264K) : exchange2_drw has 0 polygons
2026-03-25 04:34:22 +0100: Memory Usage (453264K) : exchange2_pin has 0 polygons
2026-03-25 04:34:22 +0100: Memory Usage (453392K) : exchange2_text has 0 polygons
2026-03-25 04:34:22 +0100: Memory Usage (453392K) : exchange3_drw has 0 polygons
2026-03-25 04:34:22 +0100: Memory Usage (453392K) : exchange3_pin has 0 polygons
2026-03-25 04:34:22 +0100: Memory Usage (453520K) : exchange3_text has 0 polygons
2026-03-25 04:34:22 +0100: Memory Usage (453520K) : exchange4_drw has 0 polygons
2026-03-25 04:34:22 +0100: Memory Usage (453648K) : exchange4_pin has 0 polygons
2026-03-25 04:34:22 +0100: Memory Usage (453648K) : exchange4_text has 0 polygons
2026-03-25 04:34:22 +0100: Memory Usage (453648K) : isonwell_drw has 0 polygons
2026-03-25 04:34:22 +0100: Memory Usage (453648K) : Total no. of polygons in the design is 70833
2026-03-25 04:34:22 +0100: Memory Usage (453776K) : Loaded TECH DRC rules values from /foss/pdks/ihp-sg13g2/libs.tech/klayout/python/sg13g2_pycell_lib/sg13g2_tech_mod.json
2026-03-25 04:34:22 +0100: Memory Usage (453776K) : Loaded default DRC rules values from /foss/pdks/ihp-sg13g2/libs.tech/klayout/tech/drc/rule_decks/sg13g2_tech_default.json
2026-03-25 04:34:22 +0100: Memory Usage (453776K) : The following rules values were missing in tech json and default values were used:
2026-03-25 04:34:22 +0100: Memory Usage (453776K) :   - Cnt_c_digibnd
2026-03-25 04:34:22 +0100: Memory Usage (454864K) : Total area of the design is 28136.451999999997 um^2.
2026-03-25 04:34:22 +0100: Memory Usage (454864K) : The design dimensions are 211.6 µm * 132.97 µm.
2026-03-25 04:34:22 +0100: Memory Usage (454864K) : Starting general IHP-SG13G2 derivations.
2026-03-25 04:34:22 +0100: Memory Usage (454864K) : Starting Pwell derivations
2026-03-25 04:34:22 +0100: Memory Usage (458384K) : Starting n-Activ derivations
2026-03-25 04:34:22 +0100: Memory Usage (460944K) : Starting p-Activ derivations
2026-03-25 04:34:22 +0100: Memory Usage (460944K) : Starting ptap derivations
2026-03-25 04:34:22 +0100: Memory Usage (460944K) : Starting ntap derivations
2026-03-25 04:34:22 +0100: Memory Usage (461072K) : Starting pact FET derivations
2026-03-25 04:34:22 +0100: Memory Usage (461200K) : Starting nact FET derivations
2026-03-25 04:34:22 +0100: Memory Usage (461200K) : Starting Gate derivations
2026-03-25 04:34:22 +0100: Memory Usage (461328K) : Starting cont/contbar general derivations
2026-03-25 04:34:22 +0100: Memory Usage (474256K) : Starting pad general derivations
2026-03-25 04:34:22 +0100: Memory Usage (474256K) : Starting IHP-SG13G2 DRC connectivity related derivations.
2026-03-25 04:34:22 +0100: Memory Usage (474256K) : Starting IHP-SG13G2 DRC connectivity setup
2026-03-25 04:34:23 +0100: Memory Usage (474384K) : Starting IHP-SG13G2 DRC rules.
2026-03-25 04:34:23 +0100: Memory Usage (474384K) : Running all FEOL rules
2026-03-25 04:34:23 +0100: Memory Usage (474384K) : Running all BEOL rules
2026-03-25 04:34:23 +0100: Memory Usage (474384K) : Running all PIN rules
2026-03-25 04:34:23 +0100: Memory Usage (474384K) : Running all FORBIDDEN rules
2026-03-25 04:34:23 +0100: Memory Usage (474384K) : Starting 5.1 NWell table
2026-03-25 04:34:23 +0100: Memory Usage (474384K) : Executing rule NW.b
2026-03-25 04:34:23 +0100: Memory Usage (474896K) : Executing rule NW.b1
2026-03-25 04:34:23 +0100: Memory Usage (475068K) : Starting 5.2 PWell:block
2026-03-25 04:34:23 +0100: Memory Usage (475068K) : Executing rule PWB.e
2026-03-25 04:34:23 +0100: Memory Usage (475068K) : Executing rule PWB.e1
2026-03-25 04:34:23 +0100: Memory Usage (475068K) : Executing rule PWB.f
2026-03-25 04:34:23 +0100: Memory Usage (475068K) : Executing rule PWB.f1
2026-03-25 04:34:23 +0100: Memory Usage (475068K) : Starting 5.3 nBuLay table
2026-03-25 04:34:23 +0100: Memory Usage (475068K) : Executing rule NBL.b
2026-03-25 04:34:23 +0100: Memory Usage (475068K) : Executing rule NBL.c
2026-03-25 04:34:23 +0100: Memory Usage (475068K) : Executing rule NBL.d
2026-03-25 04:34:23 +0100: Memory Usage (475068K) : Executing rule NBL.e
2026-03-25 04:34:23 +0100: Memory Usage (475068K) : Executing rule NBL.f
2026-03-25 04:34:23 +0100: Memory Usage (475068K) : Starting 5.5. Activ table
2026-03-25 04:34:23 +0100: Memory Usage (475068K) : Executing rule Act.a
2026-03-25 04:34:23 +0100: Memory Usage (475068K) : Executing rule Act.b
2026-03-25 04:34:23 +0100: Memory Usage (475196K) : Starting 5.6 Activ:filler table
2026-03-25 04:34:23 +0100: Memory Usage (475196K) : Executing rule AFil.c1
2026-03-25 04:34:23 +0100: Memory Usage (475196K) : Executing rule AFil.c
2026-03-25 04:34:23 +0100: Memory Usage (475196K) : Executing rule AFil.d
2026-03-25 04:34:23 +0100: Memory Usage (475196K) : Executing rule AFil.e
2026-03-25 04:34:23 +0100: Memory Usage (475196K) : Executing rule AFil.j
2026-03-25 04:34:23 +0100: Memory Usage (475196K) : Starting 5.7. ThickGateOx table
2026-03-25 04:34:23 +0100: Memory Usage (475196K) : Executing rule TGO.f
2026-03-25 04:34:23 +0100: Memory Usage (475196K) : Starting 5.8. GatPoly table
2026-03-25 04:34:23 +0100: Memory Usage (475196K) : Executing rule Gat.a
2026-03-25 04:34:23 +0100: Memory Usage (475196K) : Executing rule Gat.b
2026-03-25 04:34:24 +0100: Memory Usage (475324K) : Executing rule Gat.d
2026-03-25 04:34:24 +0100: Memory Usage (476092K) : Executing rule Gat.a1
2026-03-25 04:34:24 +0100: Memory Usage (476492K) : Executing rule Gat.a2
2026-03-25 04:34:24 +0100: Memory Usage (476492K) : Executing rule Gat.g
2026-03-25 04:34:24 +0100: Memory Usage (476492K) : Starting 5.9 GatPoly:filler
2026-03-25 04:34:24 +0100: Memory Usage (476620K) : Executing rule GFil.d
2026-03-25 04:34:24 +0100: Memory Usage (476620K) : Executing rule GFil.e
2026-03-25 04:34:24 +0100: Memory Usage (476620K) : Executing rule GFil.i
2026-03-25 04:34:24 +0100: Memory Usage (476620K) : Starting 5.10 pSD table
2026-03-25 04:34:24 +0100: Memory Usage (476620K) : Executing rule pSD.c1
2026-03-25 04:34:24 +0100: Memory Usage (476620K) : Starting 5.14. Cont table
2026-03-25 04:34:24 +0100: Memory Usage (476620K) : Executing rule Cnt.a
2026-03-25 04:34:24 +0100: Memory Usage (476620K) : Executing rule Cnt.b
2026-03-25 04:34:24 +0100: Memory Usage (476620K) : Executing rule Cnt.c
2026-03-25 04:34:24 +0100: Memory Usage (476620K) : Executing rule Cnt.c
2026-03-25 04:34:24 +0100: Memory Usage (476620K) : Executing rule Cnt.d
2026-03-25 04:34:24 +0100: Memory Usage (476620K) : Executing rule Cnt.e
2026-03-25 04:34:24 +0100: Memory Usage (476620K) : Executing rule Cnt.g1
2026-03-25 04:34:24 +0100: Memory Usage (477900K) : Executing rule Cnt.g2
2026-03-25 04:34:24 +0100: Memory Usage (477900K) : Starting 5.15. ContBar table
2026-03-25 04:34:24 +0100: Memory Usage (477900K) : Executing rule CntB.b1
2026-03-25 04:34:24 +0100: Memory Usage (477900K) : Executing rule CntB.h1
2026-03-25 04:34:24 +0100: Memory Usage (477900K) : Starting 6.1.3 NPN Substrate-Tie table
2026-03-25 04:34:24 +0100: Memory Usage (477900K) : Executing rule npn13G2.bR 
2026-03-25 04:34:24 +0100: Memory Usage (477900K) : Executing rule npn13G2L.cR 
2026-03-25 04:34:24 +0100: Memory Usage (477900K) : Executing rule npn13G2V.cR 
2026-03-25 04:34:24 +0100: Memory Usage (477900K) : Starting 6.7 Schottky diode table
2026-03-25 04:34:25 +0100: Memory Usage (477900K) : Executing rule Sdiod.d
2026-03-25 04:34:25 +0100: Memory Usage (477900K) : Executing rule Sdiod.e
2026-03-25 04:34:25 +0100: Memory Usage (477900K) : Starting 7.2 Latch-up table
2026-03-25 04:34:25 +0100: Memory Usage (477900K) : Executing rule LU.b
2026-03-25 04:34:25 +0100: Memory Usage (477900K) : Starting 5.16. Metal1 table
2026-03-25 04:34:25 +0100: Memory Usage (477900K) : Executing rule M1.a
2026-03-25 04:34:25 +0100: Memory Usage (477900K) : Executing rule M1.b
2026-03-25 04:34:25 +0100: Memory Usage (477900K) : Executing rule M1.e
2026-03-25 04:34:25 +0100: Memory Usage (477900K) : Executing rule M1.f
2026-03-25 04:34:25 +0100: Memory Usage (477900K) : Executing rule M1.g
2026-03-25 04:34:25 +0100: Memory Usage (477900K) : Executing rule M1.i
2026-03-25 04:34:25 +0100: Memory Usage (477900K) : Starting 5.17 Metaln table
2026-03-25 04:34:25 +0100: Memory Usage (477900K) : Executing rule M2.a
2026-03-25 04:34:25 +0100: Memory Usage (477900K) : Executing rule M2.b
2026-03-25 04:34:25 +0100: Memory Usage (477900K) : Executing rule M2.e
2026-03-25 04:34:25 +0100: Memory Usage (477900K) : Executing rule M2.f
2026-03-25 04:34:25 +0100: Memory Usage (477900K) : Executing rule M2.g
2026-03-25 04:34:25 +0100: Memory Usage (477900K) : Executing rule M2.i
2026-03-25 04:34:25 +0100: Memory Usage (477900K) : Executing rule M3.a
2026-03-25 04:34:25 +0100: Memory Usage (477900K) : Executing rule M3.b
2026-03-25 04:34:25 +0100: Memory Usage (477900K) : Executing rule M3.e
2026-03-25 04:34:25 +0100: Memory Usage (477900K) : Executing rule M3.f
2026-03-25 04:34:25 +0100: Memory Usage (477900K) : Executing rule M3.g
2026-03-25 04:34:25 +0100: Memory Usage (477900K) : Executing rule M3.i
2026-03-25 04:34:25 +0100: Memory Usage (477900K) : Executing rule M4.a
2026-03-25 04:34:25 +0100: Memory Usage (477900K) : Executing rule M4.b
2026-03-25 04:34:25 +0100: Memory Usage (477900K) : Executing rule M4.e
2026-03-25 04:34:25 +0100: Memory Usage (477900K) : Executing rule M4.f
2026-03-25 04:34:25 +0100: Memory Usage (477900K) : Executing rule M4.g
2026-03-25 04:34:25 +0100: Memory Usage (477900K) : Executing rule M4.i
2026-03-25 04:34:25 +0100: Memory Usage (477900K) : Executing rule M5.a
2026-03-25 04:34:25 +0100: Memory Usage (477900K) : Executing rule M5.b
2026-03-25 04:34:25 +0100: Memory Usage (477900K) : Executing rule M5.e
2026-03-25 04:34:25 +0100: Memory Usage (477900K) : Executing rule M5.f
2026-03-25 04:34:25 +0100: Memory Usage (477900K) : Executing rule M5.g
2026-03-25 04:34:25 +0100: Memory Usage (477900K) : Executing rule M5.i
2026-03-25 04:34:25 +0100: Memory Usage (477900K) : Starting 5.18 Metaln:filler table
2026-03-25 04:34:25 +0100: Memory Usage (477900K) : Executing rule M1Fil.c
2026-03-25 04:34:25 +0100: Memory Usage (477900K) : Executing rule M1Fil.a2
2026-03-25 04:34:25 +0100: Memory Usage (477900K) : Executing rule M2Fil.c
2026-03-25 04:34:25 +0100: Memory Usage (477900K) : Executing rule M2Fil.a2
2026-03-25 04:34:25 +0100: Memory Usage (477900K) : Executing rule M3Fil.c
2026-03-25 04:34:25 +0100: Memory Usage (477900K) : Executing rule M3Fil.a2
2026-03-25 04:34:25 +0100: Memory Usage (477900K) : Executing rule M4Fil.c
2026-03-25 04:34:25 +0100: Memory Usage (477900K) : Executing rule M4Fil.a2
2026-03-25 04:34:25 +0100: Memory Usage (477900K) : Executing rule M5Fil.c
2026-03-25 04:34:25 +0100: Memory Usage (477900K) : Executing rule M5Fil.a2
2026-03-25 04:34:25 +0100: Memory Usage (477900K) : Starting 5.19. Via1 table
2026-03-25 04:34:25 +0100: Memory Usage (477900K) : Starting 5.19. Via1 table derivations
2026-03-25 04:34:25 +0100: Memory Usage (477900K) : Executing rule V1.a
2026-03-25 04:34:25 +0100: Memory Usage (477900K) : Executing rule V1.b
2026-03-25 04:34:25 +0100: Memory Usage (477900K) : Executing rule V1.c
2026-03-25 04:34:25 +0100: Memory Usage (477900K) : Starting 5.20. Vian table
2026-03-25 04:34:25 +0100: Memory Usage (477900K) : Executing rule V2.a
2026-03-25 04:34:25 +0100: Memory Usage (477900K) : Executing rule V2.b
2026-03-25 04:34:25 +0100: Memory Usage (477900K) : Executing rule V2.c
2026-03-25 04:34:26 +0100: Memory Usage (477900K) : Executing rule V3.a
2026-03-25 04:34:26 +0100: Memory Usage (477900K) : Executing rule V3.b
2026-03-25 04:34:26 +0100: Memory Usage (477900K) : Executing rule V3.c
2026-03-25 04:34:26 +0100: Memory Usage (477900K) : Executing rule V4.a
2026-03-25 04:34:26 +0100: Memory Usage (477900K) : Executing rule V4.b
2026-03-25 04:34:26 +0100: Memory Usage (477900K) : Executing rule V4.c
2026-03-25 04:34:26 +0100: Memory Usage (477900K) : Starting 5.21. TopVia1 table
2026-03-25 04:34:26 +0100: Memory Usage (477900K) : Executing rule TV1.a
2026-03-25 04:34:26 +0100: Memory Usage (477900K) : Executing rule TV1.b
2026-03-25 04:34:26 +0100: Memory Usage (477900K) : Executing rule TV1.c
2026-03-25 04:34:26 +0100: Memory Usage (477900K) : Executing rule TV1.d
2026-03-25 04:34:26 +0100: Memory Usage (477900K) : Starting 5.22. TopMetal1 table
2026-03-25 04:34:26 +0100: Memory Usage (477900K) : Executing rule TM1.a
2026-03-25 04:34:26 +0100: Memory Usage (477900K) : Executing rule TM1.b
2026-03-25 04:34:26 +0100: Memory Usage (477900K) : Starting 5.23 TopMetal1:filler table
2026-03-25 04:34:26 +0100: Memory Usage (477900K) : Executing rule TM1Fil.c
2026-03-25 04:34:26 +0100: Memory Usage (477900K) : Executing rule TM1Fil.a1
2026-03-25 04:34:26 +0100: Memory Usage (477900K) : Starting 5.24. TopVia2 table
2026-03-25 04:34:26 +0100: Memory Usage (477900K) : Executing rule TV2.a
2026-03-25 04:34:26 +0100: Memory Usage (477900K) : Executing rule TV2.b
2026-03-25 04:34:26 +0100: Memory Usage (477900K) : Executing rule TV2.c
2026-03-25 04:34:26 +0100: Memory Usage (477900K) : Executing rule TV2.d
2026-03-25 04:34:26 +0100: Memory Usage (477900K) : Starting 5.25. TopMetal2 table
2026-03-25 04:34:26 +0100: Memory Usage (477900K) : Executing rule TM2.a
2026-03-25 04:34:26 +0100: Memory Usage (477900K) : Executing rule TM2.b
2026-03-25 04:34:26 +0100: Memory Usage (477900K) : Executing rule TM2.bR
2026-03-25 04:34:26 +0100: Memory Usage (477900K) : Starting 5.26 TopMetal2:filler table
2026-03-25 04:34:26 +0100: Memory Usage (477900K) : Executing rule TM2Fil.c
2026-03-25 04:34:26 +0100: Memory Usage (477900K) : Executing rule TM2Fil.a1
2026-03-25 04:34:26 +0100: Memory Usage (477900K) : Starting 5.27. Passiv table
2026-03-25 04:34:26 +0100: Memory Usage (477900K) : Executing rule Pas.a
2026-03-25 04:34:26 +0100: Memory Usage (477900K) : Executing rule Pas.b
2026-03-25 04:34:26 +0100: Memory Usage (477900K) : Executing rule Pas.c
2026-03-25 04:34:26 +0100: Memory Usage (477900K) : Starting 6.9.2 Copper Pillar table
2026-03-25 04:34:26 +0100: Memory Usage (477900K) : Executing rule Padc.a
2026-03-25 04:34:26 +0100: Memory Usage (477900K) : Executing rule Padc.b
2026-03-25 04:34:26 +0100: Memory Usage (477900K) : Executing rule Padc.c
2026-03-25 04:34:26 +0100: Memory Usage (477900K) : Executing rule Padb.f
2026-03-25 04:34:26 +0100: Memory Usage (477900K) : Starting 6.9 Pad table
2026-03-25 04:34:26 +0100: Memory Usage (477900K) : Executing rule Pad.m
2026-03-25 04:34:26 +0100: Memory Usage (477900K) : Executing rule Pad.fR_M1
2026-03-25 04:34:26 +0100: Memory Usage (477900K) : Executing rule Pad.fR_M2
2026-03-25 04:34:26 +0100: Memory Usage (477900K) : Executing rule Pad.fR_M3
2026-03-25 04:34:26 +0100: Memory Usage (477900K) : Executing rule Pad.fR_M4
2026-03-25 04:34:26 +0100: Memory Usage (477900K) : Executing rule Pad.fR_M5
2026-03-25 04:34:26 +0100: Memory Usage (477900K) : Executing rule Pad.fR_TM1
2026-03-25 04:34:26 +0100: Memory Usage (477900K) : Executing rule Pad.fR_TM2
2026-03-25 04:34:26 +0100: Memory Usage (477900K) : Executing rule Pad.i
2026-03-25 04:34:26 +0100: Memory Usage (477900K) : Starting 6.9.1 Solder Bump
2026-03-25 04:34:26 +0100: Memory Usage (477900K) : Executing rule Padb.a
2026-03-25 04:34:26 +0100: Memory Usage (477900K) : Executing rule Padb.b
2026-03-25 04:34:26 +0100: Memory Usage (477900K) : Executing rule Padb.c
2026-03-25 04:34:26 +0100: Memory Usage (477900K) : Executing rule Padb.f
2026-03-25 04:34:26 +0100: Memory Usage (477900K) : Executing rule Padb.d
2026-03-25 04:34:26 +0100: Memory Usage (477900K) : Starting 6.10 Sealring table
2026-03-25 04:34:26 +0100: Memory Usage (477900K) : Executing rule Seal.l
2026-03-25 04:34:26 +0100: Memory Usage (477900K) : Executing rule Seal.n
2026-03-25 04:34:26 +0100: Memory Usage (477900K) : Executing rule seal.b_metal1
2026-03-25 04:34:26 +0100: Memory Usage (477900K) : Executing rule seal.b_metal2
2026-03-25 04:34:26 +0100: Memory Usage (477900K) : Executing rule seal.b_metal3
2026-03-25 04:34:26 +0100: Memory Usage (477900K) : Executing rule seal.b_metal4
2026-03-25 04:34:26 +0100: Memory Usage (477900K) : Executing rule seal.b_metal5
2026-03-25 04:34:26 +0100: Memory Usage (477900K) : Executing rule seal.b_topmetal1
2026-03-25 04:34:26 +0100: Memory Usage (477900K) : Executing rule seal.b_topmetal2
2026-03-25 04:34:26 +0100: Memory Usage (477900K) : Executing rule seal.b_activ
2026-03-25 04:34:26 +0100: Memory Usage (477900K) : Executing rule seal.b_psd
2026-03-25 04:34:26 +0100: Memory Usage (477900K) : Executing rule Seal.k
2026-03-25 04:34:26 +0100: Memory Usage (477900K) : Executing rule Seal.m
2026-03-25 04:34:26 +0100: Memory Usage (477900K) : Starting 6.11 MIM table
2026-03-25 04:34:26 +0100: Memory Usage (477900K) : Executing rule MIM.c
2026-03-25 04:34:26 +0100: Memory Usage (477900K) : Executing rule MIM.d
2026-03-25 04:34:26 +0100: Memory Usage (477900K) : Executing rule MIM.gR
2026-03-25 04:34:26 +0100: Memory Usage (477900K) : Starting 7.3 Metal Slits table
2026-03-25 04:34:26 +0100: Memory Usage (477900K) : Executing rule Slt.e1_M1
2026-03-25 04:34:26 +0100: Memory Usage (477900K) : Executing rule Slt.e1_M2
2026-03-25 04:34:26 +0100: Memory Usage (477900K) : Executing rule Slt.e1_M3
2026-03-25 04:34:26 +0100: Memory Usage (477900K) : Executing rule Slt.e1_M4
2026-03-25 04:34:26 +0100: Memory Usage (477900K) : Executing rule Slt.e1_M5
2026-03-25 04:34:26 +0100: Memory Usage (477900K) : Executing rule Slt.e1_TM1
2026-03-25 04:34:26 +0100: Memory Usage (477900K) : Executing rule Slt.e1_TM2
2026-03-25 04:34:26 +0100: Memory Usage (477900K) : Starting 9.1. LBE table
2026-03-25 04:34:26 +0100: Memory Usage (477900K) : Executing rule LBE.a
2026-03-25 04:34:26 +0100: Memory Usage (477900K) : Executing rule LBE.b
2026-03-25 04:34:26 +0100: Memory Usage (477900K) : Executing rule LBE.b1
2026-03-25 04:34:26 +0100: Memory Usage (477900K) : Executing rule LBE.c
2026-03-25 04:34:26 +0100: Memory Usage (477900K) : Executing rule LBE.d
2026-03-25 04:34:26 +0100: Memory Usage (477900K) : Executing rule LBE.h
2026-03-25 04:34:26 +0100: Memory Usage (477900K) : Starting 7.4. PIN table
2026-03-25 04:34:26 +0100: Memory Usage (477900K) : Executing rule Pin.a
2026-03-25 04:34:26 +0100: Memory Usage (477900K) : Executing rule Pin.b
2026-03-25 04:34:26 +0100: Memory Usage (477900K) : Executing rule Pin.e
2026-03-25 04:34:26 +0100: Memory Usage (477900K) : Executing rule Pin.f_M2
2026-03-25 04:34:26 +0100: Memory Usage (477900K) : Executing rule Pin.f_M3
2026-03-25 04:34:26 +0100: Memory Usage (477900K) : Executing rule Pin.f_M4
2026-03-25 04:34:26 +0100: Memory Usage (477900K) : Executing rule Pin.f_M5
2026-03-25 04:34:26 +0100: Memory Usage (477900K) : Executing rule Pin.g
2026-03-25 04:34:26 +0100: Memory Usage (477900K) : Executing rule Pin.h
2026-03-25 04:34:26 +0100: Memory Usage (477900K) : Starting 3.2. FORBIDDEN table
2026-03-25 04:34:26 +0100: Memory Usage (477900K) : Executing rule forbidden.biwind
2026-03-25 04:34:26 +0100: Memory Usage (477900K) : Executing rule forbidden.pemwind
2026-03-25 04:34:26 +0100: Memory Usage (477900K) : Executing rule forbidden.baspoly
2026-03-25 04:34:26 +0100: Memory Usage (477900K) : Executing rule forbidden.deepco
2026-03-25 04:34:26 +0100: Memory Usage (477900K) : Executing rule forbidden.pempoly
2026-03-25 04:34:26 +0100: Memory Usage (477900K) : Executing rule forbidden.empoly
2026-03-25 04:34:26 +0100: Memory Usage (477900K) : Executing rule forbidden.ldmos
2026-03-25 04:34:26 +0100: Memory Usage (477900K) : Executing rule forbidden.pbiwind
2026-03-25 04:34:26 +0100: Memory Usage (477900K) : Executing rule forbidden.nodrc
2026-03-25 04:34:26 +0100: Memory Usage (477900K) : Executing rule forbidden.flash
2026-03-25 04:34:26 +0100: Memory Usage (477900K) : Executing rule forbidden.colwind
2026-03-25 04:34:26 +0100: Memory Usage (477900K) : KLayout DRC run for tables 'main' completed in 4.59 seconds
