# Logfile created on 2026-03-25 22:52:28 +0100 by logger.rb/v1.5.3
2026-03-25 22:52:28 +0100: Memory Usage (436792K) : Starting running IHP-SG13G2 KLayout DRC runset on /foss/designs/Design/xschem/IHP__OPA2251/OPA2251-main/layout/klayout/HPA.gds
2026-03-25 22:52:28 +0100: Memory Usage (436792K) : Ruby Version for klayout: 3.2.3
2026-03-25 22:52:29 +0100: Memory Usage (438628K) : Loading database to memory is complete.
2026-03-25 22:52:29 +0100: Memory Usage (438840K) : IHP-SG13G2 KLayout DRC runset output at: /foss/designs/Design/xschem/IHP__OPA2251/OPA2251-main/layout/klayout/drc_run_HPA/HPA_HPA_sealring.lyrdb
2026-03-25 22:52:29 +0100: Memory Usage (438840K) : Evaluate switches.
2026-03-25 22:52:29 +0100: Memory Usage (438840K) : tables selected: sealring
2026-03-25 22:52:29 +0100: Memory Usage (438840K) : KLayout will use 4 thread(s) in tiled mode.
2026-03-25 22:52:29 +0100: Memory Usage (438840K) : flat mode is enabled.
2026-03-25 22:52:29 +0100: Memory Usage (438840K) : FEOL enabled: false
2026-03-25 22:52:29 +0100: Memory Usage (438840K) : BEOL enabled: false
2026-03-25 22:52:29 +0100: Memory Usage (438840K) : OFFGRID enabled: true
2026-03-25 22:52:29 +0100: Memory Usage (438840K) : PIN enabled: false
2026-03-25 22:52:29 +0100: Memory Usage (438840K) : FORBIDDEN enabled: false
2026-03-25 22:52:29 +0100: Memory Usage (438840K) : RECOMMENDED enabled: true
2026-03-25 22:52:29 +0100: Memory Usage (438840K) : PreCheck DRC enabled: false
2026-03-25 22:52:29 +0100: Memory Usage (438840K) : CONNECTIVITY_RULES enabled: false.
2026-03-25 22:52:29 +0100: Memory Usage (438840K) : Read in polygons from layers.
2026-03-25 22:52:29 +0100: Memory Usage (441448K) : activ_drw has 198 polygons
2026-03-25 22:52:29 +0100: Memory Usage (441448K) : activ_pin has 0 polygons
2026-03-25 22:52:29 +0100: Memory Usage (441448K) : activ_mask has 0 polygons
2026-03-25 22:52:29 +0100: Memory Usage (441448K) : activ_filler has 0 polygons
2026-03-25 22:52:29 +0100: Memory Usage (441448K) : activ_nofill has 0 polygons
2026-03-25 22:52:29 +0100: Memory Usage (441448K) : activ_opc has 0 polygons
2026-03-25 22:52:29 +0100: Memory Usage (441448K) : activ_iopc has 0 polygons
2026-03-25 22:52:29 +0100: Memory Usage (441448K) : activ_noqrc has 0 polygons
2026-03-25 22:52:29 +0100: Memory Usage (441448K) : biwind_drw has 0 polygons
2026-03-25 22:52:29 +0100: Memory Usage (441448K) : biwind_opc has 0 polygons
2026-03-25 22:52:29 +0100: Memory Usage (441448K) : pemwind_drw has 0 polygons
2026-03-25 22:52:29 +0100: Memory Usage (442408K) : gatpoly_drw has 108 polygons
2026-03-25 22:52:29 +0100: Memory Usage (442600K) : gatpoly_pin has 124 polygons
2026-03-25 22:52:29 +0100: Memory Usage (442600K) : gatpoly_filler has 0 polygons
2026-03-25 22:52:29 +0100: Memory Usage (442600K) : gatpoly_nofill has 0 polygons
2026-03-25 22:52:29 +0100: Memory Usage (442600K) : gatpoly_opc has 0 polygons
2026-03-25 22:52:29 +0100: Memory Usage (442600K) : gatpoly_iopc has 0 polygons
2026-03-25 22:52:29 +0100: Memory Usage (442600K) : gatpoly_noqrc has 0 polygons
2026-03-25 22:52:29 +0100: Memory Usage (448932K) : cont_drw has 16803 polygons
2026-03-25 22:52:29 +0100: Memory Usage (448932K) : cont_opc has 0 polygons
2026-03-25 22:52:29 +0100: Memory Usage (448932K) : nsd_drw has 0 polygons
2026-03-25 22:52:29 +0100: Memory Usage (448932K) : nsd_block has 0 polygons
2026-03-25 22:52:29 +0100: Memory Usage (448932K) : metal1_drw has 390 polygons
2026-03-25 22:52:29 +0100: Memory Usage (448932K) : metal1_pin has 515 polygons
2026-03-25 22:52:29 +0100: Memory Usage (448932K) : metal1_mask has 0 polygons
2026-03-25 22:52:29 +0100: Memory Usage (448932K) : metal1_filler has 0 polygons
2026-03-25 22:52:29 +0100: Memory Usage (448932K) : metal1_nofill has 0 polygons
2026-03-25 22:52:29 +0100: Memory Usage (448972K) : metal1_slit has 0 polygons
2026-03-25 22:52:29 +0100: Memory Usage (448972K) : metal1_text has 0 polygons
2026-03-25 22:52:29 +0100: Memory Usage (448972K) : metal1_opc has 0 polygons
2026-03-25 22:52:29 +0100: Memory Usage (448972K) : metal1_noqrc has 0 polygons
2026-03-25 22:52:29 +0100: Memory Usage (448972K) : metal1_res has 0 polygons
2026-03-25 22:52:29 +0100: Memory Usage (448972K) : metal1_iprobe has 0 polygons
2026-03-25 22:52:29 +0100: Memory Usage (448972K) : metal1_diffprb has 0 polygons
2026-03-25 22:52:29 +0100: Memory Usage (448972K) : passiv_drw has 0 polygons
2026-03-25 22:52:29 +0100: Memory Usage (448972K) : passiv_pin has 0 polygons
2026-03-25 22:52:29 +0100: Memory Usage (448972K) : passiv_sbump has 0 polygons
2026-03-25 22:52:29 +0100: Memory Usage (448972K) : passiv_pillar has 0 polygons
2026-03-25 22:52:29 +0100: Memory Usage (448972K) : passiv_pdl has 0 polygons
2026-03-25 22:52:29 +0100: Memory Usage (448972K) : metal2_drw has 95 polygons
2026-03-25 22:52:29 +0100: Memory Usage (448972K) : metal2_pin has 11 polygons
2026-03-25 22:52:29 +0100: Memory Usage (448972K) : metal2_mask has 0 polygons
2026-03-25 22:52:29 +0100: Memory Usage (449160K) : metal2_filler has 0 polygons
2026-03-25 22:52:29 +0100: Memory Usage (449160K) : metal2_nofill has 0 polygons
2026-03-25 22:52:29 +0100: Memory Usage (449160K) : metal2_slit has 0 polygons
2026-03-25 22:52:29 +0100: Memory Usage (449160K) : metal2_text has 0 polygons
2026-03-25 22:52:29 +0100: Memory Usage (449160K) : metal2_opc has 0 polygons
2026-03-25 22:52:29 +0100: Memory Usage (449160K) : metal2_noqrc has 0 polygons
2026-03-25 22:52:29 +0100: Memory Usage (449160K) : metal2_res has 0 polygons
2026-03-25 22:52:29 +0100: Memory Usage (449224K) : metal2_iprobe has 0 polygons
2026-03-25 22:52:29 +0100: Memory Usage (449224K) : metal2_diffprb has 0 polygons
2026-03-25 22:52:29 +0100: Memory Usage (449224K) : baspoly_drw has 0 polygons
2026-03-25 22:52:29 +0100: Memory Usage (449224K) : baspoly_pin has 0 polygons
2026-03-25 22:52:29 +0100: Memory Usage (449288K) : psd_drw has 24 polygons
2026-03-25 22:52:29 +0100: Memory Usage (449288K) : nldb_drw has 0 polygons
2026-03-25 22:52:29 +0100: Memory Usage (449288K) : digibnd_drw has 0 polygons
2026-03-25 22:52:29 +0100: Memory Usage (451396K) : via1_drw has 9590 polygons
2026-03-25 22:52:29 +0100: Memory Usage (451396K) : backmetal1_drw has 0 polygons
2026-03-25 22:52:29 +0100: Memory Usage (451504K) : backmetal1_pin has 0 polygons
2026-03-25 22:52:29 +0100: Memory Usage (451504K) : backmetal1_mask has 0 polygons
2026-03-25 22:52:29 +0100: Memory Usage (451568K) : backmetal1_filler has 0 polygons
2026-03-25 22:52:29 +0100: Memory Usage (451568K) : backmetal1_nofill has 0 polygons
2026-03-25 22:52:29 +0100: Memory Usage (451568K) : backmetal1_slit has 0 polygons
2026-03-25 22:52:29 +0100: Memory Usage (451568K) : backmetal1_text has 0 polygons
2026-03-25 22:52:29 +0100: Memory Usage (451568K) : backmetal1_opc has 0 polygons
2026-03-25 22:52:29 +0100: Memory Usage (451568K) : backmetal1_noqrc has 0 polygons
2026-03-25 22:52:29 +0100: Memory Usage (451568K) : backmetal1_res has 0 polygons
2026-03-25 22:52:29 +0100: Memory Usage (451568K) : backmetal1_iprobe has 0 polygons
2026-03-25 22:52:29 +0100: Memory Usage (451568K) : backmetal1_diffprb has 0 polygons
2026-03-25 22:52:29 +0100: Memory Usage (451568K) : backpassiv_drw has 0 polygons
2026-03-25 22:52:29 +0100: Memory Usage (451568K) : res_drw has 0 polygons
2026-03-25 22:52:29 +0100: Memory Usage (451632K) : sram_drw has 0 polygons
2026-03-25 22:52:29 +0100: Memory Usage (451632K) : trans_drw has 0 polygons
2026-03-25 22:52:29 +0100: Memory Usage (451696K) : ind_drw has 0 polygons
2026-03-25 22:52:29 +0100: Memory Usage (451696K) : ind_pin has 0 polygons
2026-03-25 22:52:29 +0100: Memory Usage (451696K) : ind_text has 0 polygons
2026-03-25 22:52:29 +0100: Memory Usage (451956K) : salblock_drw has 7 polygons
2026-03-25 22:52:29 +0100: Memory Usage (453804K) : via2_drw has 7995 polygons
2026-03-25 22:52:29 +0100: Memory Usage (453804K) : metal3_drw has 67 polygons
2026-03-25 22:52:29 +0100: Memory Usage (453804K) : metal3_pin has 8 polygons
2026-03-25 22:52:29 +0100: Memory Usage (453804K) : metal3_mask has 0 polygons
2026-03-25 22:52:29 +0100: Memory Usage (453804K) : metal3_filler has 0 polygons
2026-03-25 22:52:29 +0100: Memory Usage (453804K) : metal3_nofill has 0 polygons
2026-03-25 22:52:29 +0100: Memory Usage (453900K) : metal3_slit has 0 polygons
2026-03-25 22:52:29 +0100: Memory Usage (453900K) : metal3_text has 0 polygons
2026-03-25 22:52:29 +0100: Memory Usage (453900K) : metal3_opc has 0 polygons
2026-03-25 22:52:29 +0100: Memory Usage (453900K) : metal3_noqrc has 0 polygons
2026-03-25 22:52:29 +0100: Memory Usage (453900K) : metal3_res has 0 polygons
2026-03-25 22:52:29 +0100: Memory Usage (453900K) : metal3_iprobe has 0 polygons
2026-03-25 22:52:29 +0100: Memory Usage (453900K) : metal3_diffprb has 0 polygons
2026-03-25 22:52:29 +0100: Memory Usage (454160K) : nwell_drw has 5 polygons
2026-03-25 22:52:29 +0100: Memory Usage (454160K) : nwell_pin has 0 polygons
2026-03-25 22:52:29 +0100: Memory Usage (454160K) : nbulay_drw has 0 polygons
2026-03-25 22:52:29 +0100: Memory Usage (454160K) : nbulay_pin has 0 polygons
2026-03-25 22:52:29 +0100: Memory Usage (454160K) : nbulay_block has 0 polygons
2026-03-25 22:52:29 +0100: Memory Usage (454160K) : emwind_drw has 0 polygons
2026-03-25 22:52:29 +0100: Memory Usage (454160K) : emwind_opc has 0 polygons
2026-03-25 22:52:29 +0100: Memory Usage (454160K) : deepco_drw has 0 polygons
2026-03-25 22:52:29 +0100: Memory Usage (454160K) : deepco_drw has 0 polygons
2026-03-25 22:52:29 +0100: Memory Usage (454160K) : mim_drw has 2 polygons
2026-03-25 22:52:29 +0100: Memory Usage (454160K) : edgeseal_drw has 0 polygons
2026-03-25 22:52:29 +0100: Memory Usage (454160K) : edgeseal_bound has 0 polygons
2026-03-25 22:52:29 +0100: Memory Usage (454160K) : substrate_drw has 723 polygons
2026-03-25 22:52:29 +0100: Memory Usage (454160K) : substrate_text has 0 polygons
2026-03-25 22:52:29 +0100: Memory Usage (454160K) : dfpad_drw has 0 polygons
2026-03-25 22:52:29 +0100: Memory Usage (454160K) : dfpad_pillar has 0 polygons
2026-03-25 22:52:29 +0100: Memory Usage (454160K) : dfpad_sbump has 0 polygons
2026-03-25 22:52:29 +0100: Memory Usage (454160K) : thickgateox_drw has 0 polygons
2026-03-25 22:52:29 +0100: Memory Usage (454160K) : pldb_drw has 0 polygons
2026-03-25 22:52:29 +0100: Memory Usage (454160K) : pwell_drw has 0 polygons
2026-03-25 22:52:29 +0100: Memory Usage (454160K) : pwell_pin has 0 polygons
2026-03-25 22:52:29 +0100: Memory Usage (454160K) : pwell_block has 0 polygons
2026-03-25 22:52:29 +0100: Memory Usage (454160K) : ic_drw has 0 polygons
2026-03-25 22:52:29 +0100: Memory Usage (454952K) : via3_drw has 7005 polygons
2026-03-25 22:52:29 +0100: Memory Usage (454952K) : metal4_drw has 40 polygons
2026-03-25 22:52:29 +0100: Memory Usage (454952K) : metal4_pin has 3 polygons
2026-03-25 22:52:29 +0100: Memory Usage (454952K) : metal4_mask has 0 polygons
2026-03-25 22:52:29 +0100: Memory Usage (454952K) : metal4_filler has 0 polygons
2026-03-25 22:52:29 +0100: Memory Usage (454952K) : metal4_nofill has 0 polygons
2026-03-25 22:52:29 +0100: Memory Usage (454952K) : metal4_slit has 0 polygons
2026-03-25 22:52:29 +0100: Memory Usage (454952K) : metal4_text has 0 polygons
2026-03-25 22:52:29 +0100: Memory Usage (454952K) : metal4_opc has 0 polygons
2026-03-25 22:52:29 +0100: Memory Usage (454952K) : metal4_noqrc has 0 polygons
2026-03-25 22:52:29 +0100: Memory Usage (454952K) : metal4_res has 0 polygons
2026-03-25 22:52:29 +0100: Memory Usage (454952K) : metal4_iprobe has 0 polygons
2026-03-25 22:52:29 +0100: Memory Usage (454952K) : metal4_diffprb has 0 polygons
2026-03-25 22:52:29 +0100: Memory Usage (454952K) : heattrans_drw has 421 polygons
2026-03-25 22:52:29 +0100: Memory Usage (454952K) : heatres_drw has 7 polygons
2026-03-25 22:52:29 +0100: Memory Usage (454952K) : pempoly_drw has 0 polygons
2026-03-25 22:52:29 +0100: Memory Usage (454952K) : fbe_drw has 0 polygons
2026-03-25 22:52:29 +0100: Memory Usage (454952K) : empoly_drw has 0 polygons
2026-03-25 22:52:29 +0100: Memory Usage (454952K) : ldmos_drw has 0 polygons
2026-03-25 22:52:29 +0100: Memory Usage (454952K) : pbiwind_drw has 0 polygons
2026-03-25 22:52:29 +0100: Memory Usage (454952K) : digisub_drw has 0 polygons
2026-03-25 22:52:29 +0100: Memory Usage (454952K) : nodrc_drw has 0 polygons
2026-03-25 22:52:29 +0100: Memory Usage (454952K) : text_drw has 1107 polygons
2026-03-25 22:52:29 +0100: Memory Usage (455272K) : via4_drw has 6898 polygons
2026-03-25 22:52:29 +0100: Memory Usage (455272K) : metal5_drw has 32 polygons
2026-03-25 22:52:29 +0100: Memory Usage (455272K) : metal5_pin has 5 polygons
2026-03-25 22:52:29 +0100: Memory Usage (455272K) : metal5_mask has 0 polygons
2026-03-25 22:52:29 +0100: Memory Usage (455272K) : metal5_filler has 0 polygons
2026-03-25 22:52:29 +0100: Memory Usage (455272K) : metal5_nofill has 0 polygons
2026-03-25 22:52:29 +0100: Memory Usage (455272K) : metal5_slit has 0 polygons
2026-03-25 22:52:29 +0100: Memory Usage (455272K) : metal5_text has 1 polygons
2026-03-25 22:52:29 +0100: Memory Usage (455272K) : metal5_opc has 0 polygons
2026-03-25 22:52:29 +0100: Memory Usage (455272K) : metal5_noqrc has 0 polygons
2026-03-25 22:52:29 +0100: Memory Usage (455272K) : metal5_res has 0 polygons
2026-03-25 22:52:29 +0100: Memory Usage (455272K) : metal5_iprobe has 0 polygons
2026-03-25 22:52:29 +0100: Memory Usage (455272K) : metal5_diffprb has 0 polygons
2026-03-25 22:52:29 +0100: Memory Usage (455272K) : radhard_drw has 0 polygons
2026-03-25 22:52:29 +0100: Memory Usage (455272K) : memcap_drw has 0 polygons
2026-03-25 22:52:29 +0100: Memory Usage (455272K) : varicap_drw has 0 polygons
2026-03-25 22:52:29 +0100: Memory Usage (455272K) : flash_drw has 0 polygons
2026-03-25 22:52:29 +0100: Memory Usage (455272K) : intbondvia_drw has 0 polygons
2026-03-25 22:52:29 +0100: Memory Usage (455272K) : intbondmet_drw has 0 polygons
2026-03-25 22:52:29 +0100: Memory Usage (455272K) : devbondvia_drw has 0 polygons
2026-03-25 22:52:29 +0100: Memory Usage (455272K) : devbondmet_drw has 0 polygons
2026-03-25 22:52:29 +0100: Memory Usage (455272K) : devtrench_drw has 0 polygons
2026-03-25 22:52:29 +0100: Memory Usage (455272K) : redist_drw has 0 polygons
2026-03-25 22:52:29 +0100: Memory Usage (455272K) : graphbot_drw has 0 polygons
2026-03-25 22:52:29 +0100: Memory Usage (455272K) : graphtop_drw has 0 polygons
2026-03-25 22:52:29 +0100: Memory Usage (455272K) : antvia1_drw has 0 polygons
2026-03-25 22:52:29 +0100: Memory Usage (455272K) : antmetal2_drw has 0 polygons
2026-03-25 22:52:29 +0100: Memory Usage (455272K) : graphcont_drw has 0 polygons
2026-03-25 22:52:29 +0100: Memory Usage (455272K) : siwg_drw has 0 polygons
2026-03-25 22:52:29 +0100: Memory Usage (455272K) : siwg_filler has 0 polygons
2026-03-25 22:52:29 +0100: Memory Usage (455272K) : siwg_nofill has 0 polygons
2026-03-25 22:52:29 +0100: Memory Usage (455272K) : sigrating_drw has 0 polygons
2026-03-25 22:52:29 +0100: Memory Usage (455272K) : singrating_drw has 0 polygons
2026-03-25 22:52:29 +0100: Memory Usage (455272K) : graphpas_drw has 0 polygons
2026-03-25 22:52:29 +0100: Memory Usage (455272K) : emwind3_drw has 0 polygons
2026-03-25 22:52:29 +0100: Memory Usage (455272K) : emwihv3_drw has 0 polygons
2026-03-25 22:52:29 +0100: Memory Usage (455272K) : redbulay_drw has 0 polygons
2026-03-25 22:52:29 +0100: Memory Usage (455272K) : smos_drw has 0 polygons
2026-03-25 22:52:29 +0100: Memory Usage (455272K) : graphpad_drw has 0 polygons
2026-03-25 22:52:29 +0100: Memory Usage (455272K) : polimide_drw has 0 polygons
2026-03-25 22:52:29 +0100: Memory Usage (455272K) : polimide_pin has 0 polygons
2026-03-25 22:52:29 +0100: Memory Usage (455272K) : recog_drw has 0 polygons
2026-03-25 22:52:29 +0100: Memory Usage (455272K) : recog_pin has 0 polygons
2026-03-25 22:52:29 +0100: Memory Usage (455272K) : recog_esd has 0 polygons
2026-03-25 22:52:29 +0100: Memory Usage (455272K) : recog_diode has 0 polygons
2026-03-25 22:52:29 +0100: Memory Usage (455272K) : recog_tsv has 0 polygons
2026-03-25 22:52:29 +0100: Memory Usage (455272K) : recog_iprobe has 0 polygons
2026-03-25 22:52:29 +0100: Memory Usage (455272K) : recog_diffprb has 0 polygons
2026-03-25 22:52:29 +0100: Memory Usage (455272K) : recog_pillar has 0 polygons
2026-03-25 22:52:29 +0100: Memory Usage (455272K) : recog_sbump has 0 polygons
2026-03-25 22:52:29 +0100: Memory Usage (455272K) : recog_otp has 0 polygons
2026-03-25 22:52:29 +0100: Memory Usage (455272K) : recog_pdiode has 0 polygons
2026-03-25 22:52:29 +0100: Memory Usage (455272K) : recog_mom has 0 polygons
2026-03-25 22:52:29 +0100: Memory Usage (455272K) : recog_pcm has 0 polygons
2026-03-25 22:52:29 +0100: Memory Usage (455272K) : colopen_drw has 0 polygons
2026-03-25 22:52:29 +0100: Memory Usage (455272K) : graphmetal1_drw has 0 polygons
2026-03-25 22:52:29 +0100: Memory Usage (455272K) : graphmetal1_filler has 0 polygons
2026-03-25 22:52:29 +0100: Memory Usage (455272K) : graphmetal1_nofill has 0 polygons
2026-03-25 22:52:29 +0100: Memory Usage (455536K) : graphmetal1_slit has 0 polygons
2026-03-25 22:52:29 +0100: Memory Usage (455536K) : graphmetal1_opc has 0 polygons
2026-03-25 22:52:29 +0100: Memory Usage (455536K) : graphmet1l_drw has 0 polygons
2026-03-25 22:52:29 +0100: Memory Usage (455536K) : graphmet1l_filler has 0 polygons
2026-03-25 22:52:29 +0100: Memory Usage (455800K) : graphmet1l_nofill has 0 polygons
2026-03-25 22:52:29 +0100: Memory Usage (455800K) : graphmet1l_slit has 0 polygons
2026-03-25 22:52:29 +0100: Memory Usage (456064K) : graphmet1l_opc has 0 polygons
2026-03-25 22:52:29 +0100: Memory Usage (456064K) : extblock_drw has 5 polygons
2026-03-25 22:52:29 +0100: Memory Usage (456064K) : nldd_drw has 0 polygons
2026-03-25 22:52:29 +0100: Memory Usage (456328K) : pldd_drw has 0 polygons
2026-03-25 22:52:29 +0100: Memory Usage (456328K) : next_drw has 0 polygons
2026-03-25 22:52:29 +0100: Memory Usage (456328K) : pext_drw has 0 polygons
2026-03-25 22:52:29 +0100: Memory Usage (456592K) : nexthv_drw has 0 polygons
2026-03-25 22:52:29 +0100: Memory Usage (456592K) : pexthv_drw has 0 polygons
2026-03-25 22:52:29 +0100: Memory Usage (456856K) : graphgate_drw has 0 polygons
2026-03-25 22:52:29 +0100: Memory Usage (456856K) : sinwg_drw has 0 polygons
2026-03-25 22:52:29 +0100: Memory Usage (456856K) : sinwg_filler has 0 polygons
2026-03-25 22:52:29 +0100: Memory Usage (457120K) : sinwg_nofill has 0 polygons
2026-03-25 22:52:29 +0100: Memory Usage (457120K) : mempad_drw has 0 polygons
2026-03-25 22:52:29 +0100: Memory Usage (457384K) : topvia1_drw has 1720 polygons
2026-03-25 22:52:29 +0100: Memory Usage (457648K) : topmetal1_drw has 13 polygons
2026-03-25 22:52:29 +0100: Memory Usage (457648K) : topmetal1_pin has 15 polygons
2026-03-25 22:52:29 +0100: Memory Usage (457648K) : topmetal1_mask has 0 polygons
2026-03-25 22:52:29 +0100: Memory Usage (457648K) : topmetal1_filler has 0 polygons
2026-03-25 22:52:29 +0100: Memory Usage (457912K) : topmetal1_nofill has 0 polygons
2026-03-25 22:52:29 +0100: Memory Usage (457912K) : topmetal1_slit has 0 polygons
2026-03-25 22:52:29 +0100: Memory Usage (457912K) : topmetal1_text has 5 polygons
2026-03-25 22:52:29 +0100: Memory Usage (458176K) : topmetal1_noqrc has 0 polygons
2026-03-25 22:52:29 +0100: Memory Usage (458176K) : topmetal1_res has 0 polygons
2026-03-25 22:52:29 +0100: Memory Usage (458440K) : topmetal1_iprobe has 0 polygons
2026-03-25 22:52:29 +0100: Memory Usage (458440K) : topmetal1_diffprb has 0 polygons
2026-03-25 22:52:29 +0100: Memory Usage (458440K) : inldpwl_drw has 0 polygons
2026-03-25 22:52:29 +0100: Memory Usage (458704K) : polyres_drw has 7 polygons
2026-03-25 22:52:29 +0100: Memory Usage (458704K) : polyres_pin has 0 polygons
2026-03-25 22:52:29 +0100: Memory Usage (458704K) : vmim_drw has 578 polygons
2026-03-25 22:52:29 +0100: Memory Usage (458968K) : nbulaycut_drw has 0 polygons
2026-03-25 22:52:29 +0100: Memory Usage (458968K) : antmetal1_drw has 0 polygons
2026-03-25 22:52:29 +0100: Memory Usage (459232K) : topvia2_drw has 916 polygons
2026-03-25 22:52:29 +0100: Memory Usage (459496K) : topmetal2_drw has 4 polygons
2026-03-25 22:52:29 +0100: Memory Usage (459496K) : topmetal2_pin has 2 polygons
2026-03-25 22:52:29 +0100: Memory Usage (459496K) : topmetal2_mask has 0 polygons
2026-03-25 22:52:29 +0100: Memory Usage (459496K) : topmetal2_filler has 0 polygons
2026-03-25 22:52:29 +0100: Memory Usage (459760K) : topmetal2_nofill has 0 polygons
2026-03-25 22:52:29 +0100: Memory Usage (459760K) : topmetal2_slit has 0 polygons
2026-03-25 22:52:29 +0100: Memory Usage (459760K) : topmetal2_text has 2 polygons
2026-03-25 22:52:29 +0100: Memory Usage (460024K) : topmetal2_noqrc has 0 polygons
2026-03-25 22:52:29 +0100: Memory Usage (460024K) : topmetal2_res has 0 polygons
2026-03-25 22:52:29 +0100: Memory Usage (460288K) : topmetal2_iprobe has 0 polygons
2026-03-25 22:52:29 +0100: Memory Usage (460288K) : topmetal2_diffprb has 0 polygons
2026-03-25 22:52:29 +0100: Memory Usage (460288K) : snsring_drw has 0 polygons
2026-03-25 22:52:29 +0100: Memory Usage (460552K) : sensor_drw has 0 polygons
2026-03-25 22:52:29 +0100: Memory Usage (460552K) : snsarms_drw has 0 polygons
2026-03-25 22:52:29 +0100: Memory Usage (460816K) : snscmosvia_drw has 0 polygons
2026-03-25 22:52:29 +0100: Memory Usage (460816K) : colwind_drw has 0 polygons
2026-03-25 22:52:29 +0100: Memory Usage (460816K) : flm_drw has 0 polygons
2026-03-25 22:52:29 +0100: Memory Usage (461080K) : hafniumox_drw has 0 polygons
2026-03-25 22:52:29 +0100: Memory Usage (461080K) : memvia_drw has 0 polygons
2026-03-25 22:52:29 +0100: Memory Usage (461080K) : thinfilmres_drw has 0 polygons
2026-03-25 22:52:29 +0100: Memory Usage (461344K) : rfmem_drw has 0 polygons
2026-03-25 22:52:29 +0100: Memory Usage (461344K) : norcx_drw has 0 polygons
2026-03-25 22:52:29 +0100: Memory Usage (461344K) : norcx_m2m3 has 0 polygons
2026-03-25 22:52:29 +0100: Memory Usage (461608K) : norcx_m2m4 has 0 polygons
2026-03-25 22:52:29 +0100: Memory Usage (461608K) : norcx_m2m5 has 0 polygons
2026-03-25 22:52:29 +0100: Memory Usage (461608K) : norcx_m2tm1 has 0 polygons
2026-03-25 22:52:29 +0100: Memory Usage (461608K) : norcx_m2tm2 has 0 polygons
2026-03-25 22:52:29 +0100: Memory Usage (461872K) : norcx_m3m4 has 0 polygons
2026-03-25 22:52:29 +0100: Memory Usage (461872K) : norcx_m3m5 has 0 polygons
2026-03-25 22:52:29 +0100: Memory Usage (461872K) : norcx_m3tm1 has 0 polygons
2026-03-25 22:52:29 +0100: Memory Usage (462136K) : norcx_m3tm2 has 0 polygons
2026-03-25 22:52:29 +0100: Memory Usage (462136K) : norcx_m4m5 has 0 polygons
2026-03-25 22:52:29 +0100: Memory Usage (462136K) : norcx_m4tm1 has 0 polygons
2026-03-25 22:52:29 +0100: Memory Usage (462136K) : norcx_m4tm2 has 0 polygons
2026-03-25 22:52:29 +0100: Memory Usage (462400K) : norcx_m5tm1 has 0 polygons
2026-03-25 22:52:29 +0100: Memory Usage (462400K) : norcx_m5tm2 has 0 polygons
2026-03-25 22:52:29 +0100: Memory Usage (462400K) : norcx_tm1tm2 has 0 polygons
2026-03-25 22:52:29 +0100: Memory Usage (462664K) : norcx_m1sub has 0 polygons
2026-03-25 22:52:29 +0100: Memory Usage (462664K) : norcx_m2sub has 0 polygons
2026-03-25 22:52:29 +0100: Memory Usage (462664K) : norcx_m3sub has 0 polygons
2026-03-25 22:52:29 +0100: Memory Usage (462928K) : norcx_m4sub has 0 polygons
2026-03-25 22:52:29 +0100: Memory Usage (462928K) : norcx_m5sub has 0 polygons
2026-03-25 22:52:29 +0100: Memory Usage (462928K) : norcx_tm1sub has 0 polygons
2026-03-25 22:52:29 +0100: Memory Usage (463192K) : norcx_tm2sub has 0 polygons
2026-03-25 22:52:29 +0100: Memory Usage (463192K) : snsbotvia_drw has 0 polygons
2026-03-25 22:52:29 +0100: Memory Usage (463456K) : snstopvia_drw has 0 polygons
2026-03-25 22:52:29 +0100: Memory Usage (463456K) : deepvia_drw has 0 polygons
2026-03-25 22:52:29 +0100: Memory Usage (463456K) : fgetch_drw has 0 polygons
2026-03-25 22:52:29 +0100: Memory Usage (463720K) : ctrgat_drw has 0 polygons
2026-03-25 22:52:29 +0100: Memory Usage (463720K) : fgimp_drw has 0 polygons
2026-03-25 22:52:29 +0100: Memory Usage (463720K) : emwihv_drw has 0 polygons
2026-03-25 22:52:29 +0100: Memory Usage (463984K) : lbe_drw has 0 polygons
2026-03-25 22:52:29 +0100: Memory Usage (463984K) : alcustop_drw has 0 polygons
2026-03-25 22:52:29 +0100: Memory Usage (463984K) : nometfiller_drw has 0 polygons
2026-03-25 22:52:29 +0100: Memory Usage (463984K) : prboundary_drw has 0 polygons
2026-03-25 22:52:29 +0100: Memory Usage (464248K) : exchange0_drw has 0 polygons
2026-03-25 22:52:29 +0100: Memory Usage (464248K) : exchange0_pin has 0 polygons
2026-03-25 22:52:29 +0100: Memory Usage (464248K) : exchange0_text has 0 polygons
2026-03-25 22:52:29 +0100: Memory Usage (464248K) : exchange1_drw has 0 polygons
2026-03-25 22:52:29 +0100: Memory Usage (464512K) : exchange1_pin has 0 polygons
2026-03-25 22:52:29 +0100: Memory Usage (464512K) : exchange1_text has 0 polygons
2026-03-25 22:52:29 +0100: Memory Usage (464512K) : exchange2_drw has 0 polygons
2026-03-25 22:52:29 +0100: Memory Usage (464512K) : exchange2_pin has 0 polygons
2026-03-25 22:52:29 +0100: Memory Usage (464776K) : exchange2_text has 0 polygons
2026-03-25 22:52:29 +0100: Memory Usage (464776K) : exchange3_drw has 0 polygons
2026-03-25 22:52:29 +0100: Memory Usage (464776K) : exchange3_pin has 0 polygons
2026-03-25 22:52:29 +0100: Memory Usage (464776K) : exchange3_text has 0 polygons
2026-03-25 22:52:29 +0100: Memory Usage (465040K) : exchange4_drw has 0 polygons
2026-03-25 22:52:29 +0100: Memory Usage (465040K) : exchange4_pin has 0 polygons
2026-03-25 22:52:29 +0100: Memory Usage (465040K) : exchange4_text has 0 polygons
2026-03-25 22:52:29 +0100: Memory Usage (465040K) : isonwell_drw has 0 polygons
2026-03-25 22:52:29 +0100: Memory Usage (465040K) : Total no. of polygons in the design is 55451
2026-03-25 22:52:29 +0100: Memory Usage (465040K) : Loaded TECH DRC rules values from /foss/pdks/ihp-sg13g2/libs.tech/klayout/python/sg13g2_pycell_lib/sg13g2_tech_mod.json
2026-03-25 22:52:29 +0100: Memory Usage (465040K) : Loaded default DRC rules values from /foss/pdks/ihp-sg13g2/libs.tech/klayout/tech/drc/rule_decks/sg13g2_tech_default.json
2026-03-25 22:52:29 +0100: Memory Usage (465040K) : The following rules values were missing in tech json and default values were used:
2026-03-25 22:52:29 +0100: Memory Usage (465040K) :   - Cnt_c_digibnd
2026-03-25 22:52:29 +0100: Memory Usage (465040K) : Total area of the design is 54805.149724999996 um^2.
2026-03-25 22:52:29 +0100: Memory Usage (465040K) : The design dimensions are 309.90500000000003 µm * 176.845 µm.
2026-03-25 22:52:29 +0100: Memory Usage (465040K) : Starting general IHP-SG13G2 derivations.
2026-03-25 22:52:29 +0100: Memory Usage (465040K) : Starting Pwell derivations
2026-03-25 22:52:29 +0100: Memory Usage (465040K) : Starting IHP-SG13G2 DRC rules.
2026-03-25 22:52:29 +0100: Memory Usage (465040K) : Starting 6.10 Sealring table
2026-03-25 22:52:29 +0100: Memory Usage (465040K) : Executing rule Seal.l
2026-03-25 22:52:29 +0100: Memory Usage (465040K) : Executing rule Seal.n
2026-03-25 22:52:29 +0100: Memory Usage (465040K) : Executing rule seal.b_metal1
2026-03-25 22:52:29 +0100: Memory Usage (465788K) : Executing rule seal.b_metal2
2026-03-25 22:52:29 +0100: Memory Usage (465788K) : Executing rule seal.b_metal3
2026-03-25 22:52:29 +0100: Memory Usage (465788K) : Executing rule seal.b_metal4
2026-03-25 22:52:29 +0100: Memory Usage (465788K) : Executing rule seal.b_metal5
2026-03-25 22:52:29 +0100: Memory Usage (465788K) : Executing rule seal.b_topmetal1
2026-03-25 22:52:29 +0100: Memory Usage (465788K) : Executing rule seal.b_topmetal2
2026-03-25 22:52:29 +0100: Memory Usage (465788K) : Executing rule seal.b_activ
2026-03-25 22:52:29 +0100: Memory Usage (465788K) : Executing rule seal.b_psd
2026-03-25 22:52:29 +0100: Memory Usage (465788K) : Executing rule Seal.k
2026-03-25 22:52:29 +0100: Memory Usage (465788K) : Executing rule Seal.m
2026-03-25 22:52:29 +0100: Memory Usage (465788K) : KLayout DRC run for tables 'sealring' completed in 1.06 seconds
