# Logfile created on 2026-03-25 22:52:22 +0100 by logger.rb/v1.5.3
2026-03-25 22:52:22 +0100: Memory Usage (437348K) : Starting running IHP-SG13G2 KLayout DRC runset on /foss/designs/Design/xschem/IHP__OPA2251/OPA2251-main/layout/klayout/HPA.gds
2026-03-25 22:52:22 +0100: Memory Usage (437348K) : Ruby Version for klayout: 3.2.3
2026-03-25 22:52:22 +0100: Memory Usage (439392K) : Loading database to memory is complete.
2026-03-25 22:52:22 +0100: Memory Usage (439392K) : IHP-SG13G2 KLayout DRC runset output at: /foss/designs/Design/xschem/IHP__OPA2251/OPA2251-main/layout/klayout/drc_run_HPA/HPA_HPA_thickgateox.lyrdb
2026-03-25 22:52:22 +0100: Memory Usage (439392K) : Evaluate switches.
2026-03-25 22:52:22 +0100: Memory Usage (439392K) : tables selected: thickgateox
2026-03-25 22:52:22 +0100: Memory Usage (439392K) : KLayout will use 4 thread(s) in tiled mode.
2026-03-25 22:52:22 +0100: Memory Usage (439392K) : flat mode is enabled.
2026-03-25 22:52:22 +0100: Memory Usage (439392K) : FEOL enabled: false
2026-03-25 22:52:22 +0100: Memory Usage (439392K) : BEOL enabled: false
2026-03-25 22:52:22 +0100: Memory Usage (439392K) : OFFGRID enabled: true
2026-03-25 22:52:22 +0100: Memory Usage (439392K) : PIN enabled: false
2026-03-25 22:52:22 +0100: Memory Usage (439392K) : FORBIDDEN enabled: false
2026-03-25 22:52:22 +0100: Memory Usage (439392K) : RECOMMENDED enabled: true
2026-03-25 22:52:22 +0100: Memory Usage (439392K) : PreCheck DRC enabled: false
2026-03-25 22:52:22 +0100: Memory Usage (439392K) : CONNECTIVITY_RULES enabled: false.
2026-03-25 22:52:22 +0100: Memory Usage (439392K) : Read in polygons from layers.
2026-03-25 22:52:22 +0100: Memory Usage (442340K) : activ_drw has 198 polygons
2026-03-25 22:52:22 +0100: Memory Usage (442340K) : activ_pin has 0 polygons
2026-03-25 22:52:22 +0100: Memory Usage (442340K) : activ_mask has 0 polygons
2026-03-25 22:52:22 +0100: Memory Usage (442340K) : activ_filler has 0 polygons
2026-03-25 22:52:22 +0100: Memory Usage (442340K) : activ_nofill has 0 polygons
2026-03-25 22:52:22 +0100: Memory Usage (442340K) : activ_opc has 0 polygons
2026-03-25 22:52:22 +0100: Memory Usage (442340K) : activ_iopc has 0 polygons
2026-03-25 22:52:22 +0100: Memory Usage (442340K) : activ_noqrc has 0 polygons
2026-03-25 22:52:22 +0100: Memory Usage (442340K) : biwind_drw has 0 polygons
2026-03-25 22:52:22 +0100: Memory Usage (442340K) : biwind_opc has 0 polygons
2026-03-25 22:52:22 +0100: Memory Usage (442340K) : pemwind_drw has 0 polygons
2026-03-25 22:52:22 +0100: Memory Usage (443248K) : gatpoly_drw has 108 polygons
2026-03-25 22:52:22 +0100: Memory Usage (443248K) : gatpoly_pin has 124 polygons
2026-03-25 22:52:22 +0100: Memory Usage (443248K) : gatpoly_filler has 0 polygons
2026-03-25 22:52:22 +0100: Memory Usage (443248K) : gatpoly_nofill has 0 polygons
2026-03-25 22:52:22 +0100: Memory Usage (443248K) : gatpoly_opc has 0 polygons
2026-03-25 22:52:22 +0100: Memory Usage (443248K) : gatpoly_iopc has 0 polygons
2026-03-25 22:52:22 +0100: Memory Usage (443248K) : gatpoly_noqrc has 0 polygons
2026-03-25 22:52:22 +0100: Memory Usage (449584K) : cont_drw has 16803 polygons
2026-03-25 22:52:22 +0100: Memory Usage (449584K) : cont_opc has 0 polygons
2026-03-25 22:52:22 +0100: Memory Usage (449584K) : nsd_drw has 0 polygons
2026-03-25 22:52:22 +0100: Memory Usage (449584K) : nsd_block has 0 polygons
2026-03-25 22:52:22 +0100: Memory Usage (449584K) : metal1_drw has 390 polygons
2026-03-25 22:52:22 +0100: Memory Usage (449584K) : metal1_pin has 515 polygons
2026-03-25 22:52:22 +0100: Memory Usage (449584K) : metal1_mask has 0 polygons
2026-03-25 22:52:22 +0100: Memory Usage (449584K) : metal1_filler has 0 polygons
2026-03-25 22:52:22 +0100: Memory Usage (449672K) : metal1_nofill has 0 polygons
2026-03-25 22:52:22 +0100: Memory Usage (449672K) : metal1_slit has 0 polygons
2026-03-25 22:52:22 +0100: Memory Usage (449672K) : metal1_text has 0 polygons
2026-03-25 22:52:22 +0100: Memory Usage (449672K) : metal1_opc has 0 polygons
2026-03-25 22:52:22 +0100: Memory Usage (449672K) : metal1_noqrc has 0 polygons
2026-03-25 22:52:22 +0100: Memory Usage (449672K) : metal1_res has 0 polygons
2026-03-25 22:52:22 +0100: Memory Usage (449672K) : metal1_iprobe has 0 polygons
2026-03-25 22:52:22 +0100: Memory Usage (449672K) : metal1_diffprb has 0 polygons
2026-03-25 22:52:22 +0100: Memory Usage (449672K) : passiv_drw has 0 polygons
2026-03-25 22:52:22 +0100: Memory Usage (449672K) : passiv_pin has 0 polygons
2026-03-25 22:52:22 +0100: Memory Usage (449672K) : passiv_sbump has 0 polygons
2026-03-25 22:52:22 +0100: Memory Usage (449672K) : passiv_pillar has 0 polygons
2026-03-25 22:52:22 +0100: Memory Usage (449672K) : passiv_pdl has 0 polygons
2026-03-25 22:52:22 +0100: Memory Usage (449672K) : metal2_drw has 95 polygons
2026-03-25 22:52:22 +0100: Memory Usage (449672K) : metal2_pin has 11 polygons
2026-03-25 22:52:22 +0100: Memory Usage (449672K) : metal2_mask has 0 polygons
2026-03-25 22:52:22 +0100: Memory Usage (449860K) : metal2_filler has 0 polygons
2026-03-25 22:52:22 +0100: Memory Usage (449860K) : metal2_nofill has 0 polygons
2026-03-25 22:52:22 +0100: Memory Usage (449860K) : metal2_slit has 0 polygons
2026-03-25 22:52:22 +0100: Memory Usage (449860K) : metal2_text has 0 polygons
2026-03-25 22:52:22 +0100: Memory Usage (449860K) : metal2_opc has 0 polygons
2026-03-25 22:52:22 +0100: Memory Usage (449860K) : metal2_noqrc has 0 polygons
2026-03-25 22:52:22 +0100: Memory Usage (449924K) : metal2_res has 0 polygons
2026-03-25 22:52:22 +0100: Memory Usage (449924K) : metal2_iprobe has 0 polygons
2026-03-25 22:52:22 +0100: Memory Usage (449924K) : metal2_diffprb has 0 polygons
2026-03-25 22:52:22 +0100: Memory Usage (449988K) : baspoly_drw has 0 polygons
2026-03-25 22:52:22 +0100: Memory Usage (449988K) : baspoly_pin has 0 polygons
2026-03-25 22:52:23 +0100: Memory Usage (449988K) : psd_drw has 24 polygons
2026-03-25 22:52:23 +0100: Memory Usage (449988K) : nldb_drw has 0 polygons
2026-03-25 22:52:23 +0100: Memory Usage (449988K) : digibnd_drw has 0 polygons
2026-03-25 22:52:23 +0100: Memory Usage (452096K) : via1_drw has 9590 polygons
2026-03-25 22:52:23 +0100: Memory Usage (452200K) : backmetal1_drw has 0 polygons
2026-03-25 22:52:23 +0100: Memory Usage (452200K) : backmetal1_pin has 0 polygons
2026-03-25 22:52:23 +0100: Memory Usage (452264K) : backmetal1_mask has 0 polygons
2026-03-25 22:52:23 +0100: Memory Usage (452264K) : backmetal1_filler has 0 polygons
2026-03-25 22:52:23 +0100: Memory Usage (452264K) : backmetal1_nofill has 0 polygons
2026-03-25 22:52:23 +0100: Memory Usage (452264K) : backmetal1_slit has 0 polygons
2026-03-25 22:52:23 +0100: Memory Usage (452264K) : backmetal1_text has 0 polygons
2026-03-25 22:52:23 +0100: Memory Usage (452264K) : backmetal1_opc has 0 polygons
2026-03-25 22:52:23 +0100: Memory Usage (452264K) : backmetal1_noqrc has 0 polygons
2026-03-25 22:52:23 +0100: Memory Usage (452264K) : backmetal1_res has 0 polygons
2026-03-25 22:52:23 +0100: Memory Usage (452264K) : backmetal1_iprobe has 0 polygons
2026-03-25 22:52:23 +0100: Memory Usage (452264K) : backmetal1_diffprb has 0 polygons
2026-03-25 22:52:23 +0100: Memory Usage (452264K) : backpassiv_drw has 0 polygons
2026-03-25 22:52:23 +0100: Memory Usage (452264K) : res_drw has 0 polygons
2026-03-25 22:52:23 +0100: Memory Usage (452328K) : sram_drw has 0 polygons
2026-03-25 22:52:23 +0100: Memory Usage (452328K) : trans_drw has 0 polygons
2026-03-25 22:52:23 +0100: Memory Usage (452392K) : ind_drw has 0 polygons
2026-03-25 22:52:23 +0100: Memory Usage (452392K) : ind_pin has 0 polygons
2026-03-25 22:52:23 +0100: Memory Usage (452392K) : ind_text has 0 polygons
2026-03-25 22:52:23 +0100: Memory Usage (452392K) : salblock_drw has 7 polygons
2026-03-25 22:52:23 +0100: Memory Usage (454500K) : via2_drw has 7995 polygons
2026-03-25 22:52:23 +0100: Memory Usage (454500K) : metal3_drw has 67 polygons
2026-03-25 22:52:23 +0100: Memory Usage (454500K) : metal3_pin has 8 polygons
2026-03-25 22:52:23 +0100: Memory Usage (454500K) : metal3_mask has 0 polygons
2026-03-25 22:52:23 +0100: Memory Usage (454500K) : metal3_filler has 0 polygons
2026-03-25 22:52:23 +0100: Memory Usage (454596K) : metal3_nofill has 0 polygons
2026-03-25 22:52:23 +0100: Memory Usage (454596K) : metal3_slit has 0 polygons
2026-03-25 22:52:23 +0100: Memory Usage (454596K) : metal3_text has 0 polygons
2026-03-25 22:52:23 +0100: Memory Usage (454596K) : metal3_opc has 0 polygons
2026-03-25 22:52:23 +0100: Memory Usage (454596K) : metal3_noqrc has 0 polygons
2026-03-25 22:52:23 +0100: Memory Usage (454596K) : metal3_res has 0 polygons
2026-03-25 22:52:23 +0100: Memory Usage (454596K) : metal3_iprobe has 0 polygons
2026-03-25 22:52:23 +0100: Memory Usage (454840K) : metal3_diffprb has 0 polygons
2026-03-25 22:52:23 +0100: Memory Usage (455364K) : nwell_drw has 5 polygons
2026-03-25 22:52:23 +0100: Memory Usage (455364K) : nwell_pin has 0 polygons
2026-03-25 22:52:23 +0100: Memory Usage (455364K) : nbulay_drw has 0 polygons
2026-03-25 22:52:23 +0100: Memory Usage (455364K) : nbulay_pin has 0 polygons
2026-03-25 22:52:23 +0100: Memory Usage (455552K) : nbulay_block has 0 polygons
2026-03-25 22:52:23 +0100: Memory Usage (455552K) : emwind_drw has 0 polygons
2026-03-25 22:52:23 +0100: Memory Usage (455552K) : emwind_opc has 0 polygons
2026-03-25 22:52:23 +0100: Memory Usage (455552K) : deepco_drw has 0 polygons
2026-03-25 22:52:23 +0100: Memory Usage (455812K) : deepco_drw has 0 polygons
2026-03-25 22:52:23 +0100: Memory Usage (455812K) : mim_drw has 2 polygons
2026-03-25 22:52:23 +0100: Memory Usage (455812K) : edgeseal_drw has 0 polygons
2026-03-25 22:52:23 +0100: Memory Usage (455812K) : edgeseal_bound has 0 polygons
2026-03-25 22:52:23 +0100: Memory Usage (455812K) : substrate_drw has 723 polygons
2026-03-25 22:52:23 +0100: Memory Usage (455812K) : substrate_text has 0 polygons
2026-03-25 22:52:23 +0100: Memory Usage (455812K) : dfpad_drw has 0 polygons
2026-03-25 22:52:23 +0100: Memory Usage (455812K) : dfpad_pillar has 0 polygons
2026-03-25 22:52:23 +0100: Memory Usage (455812K) : dfpad_sbump has 0 polygons
2026-03-25 22:52:23 +0100: Memory Usage (455812K) : thickgateox_drw has 0 polygons
2026-03-25 22:52:23 +0100: Memory Usage (455812K) : pldb_drw has 0 polygons
2026-03-25 22:52:23 +0100: Memory Usage (455812K) : pwell_drw has 0 polygons
2026-03-25 22:52:23 +0100: Memory Usage (455812K) : pwell_pin has 0 polygons
2026-03-25 22:52:23 +0100: Memory Usage (455812K) : pwell_block has 0 polygons
2026-03-25 22:52:23 +0100: Memory Usage (455812K) : ic_drw has 0 polygons
2026-03-25 22:52:23 +0100: Memory Usage (456868K) : via3_drw has 7005 polygons
2026-03-25 22:52:23 +0100: Memory Usage (456868K) : metal4_drw has 40 polygons
2026-03-25 22:52:23 +0100: Memory Usage (456868K) : metal4_pin has 3 polygons
2026-03-25 22:52:23 +0100: Memory Usage (456868K) : metal4_mask has 0 polygons
2026-03-25 22:52:23 +0100: Memory Usage (456868K) : metal4_filler has 0 polygons
2026-03-25 22:52:23 +0100: Memory Usage (456868K) : metal4_nofill has 0 polygons
2026-03-25 22:52:23 +0100: Memory Usage (456868K) : metal4_slit has 0 polygons
2026-03-25 22:52:23 +0100: Memory Usage (456868K) : metal4_text has 0 polygons
2026-03-25 22:52:23 +0100: Memory Usage (456868K) : metal4_opc has 0 polygons
2026-03-25 22:52:23 +0100: Memory Usage (456868K) : metal4_noqrc has 0 polygons
2026-03-25 22:52:23 +0100: Memory Usage (456868K) : metal4_res has 0 polygons
2026-03-25 22:52:23 +0100: Memory Usage (456868K) : metal4_iprobe has 0 polygons
2026-03-25 22:52:23 +0100: Memory Usage (456868K) : metal4_diffprb has 0 polygons
2026-03-25 22:52:23 +0100: Memory Usage (456868K) : heattrans_drw has 421 polygons
2026-03-25 22:52:23 +0100: Memory Usage (456868K) : heatres_drw has 7 polygons
2026-03-25 22:52:23 +0100: Memory Usage (456868K) : pempoly_drw has 0 polygons
2026-03-25 22:52:23 +0100: Memory Usage (456868K) : fbe_drw has 0 polygons
2026-03-25 22:52:23 +0100: Memory Usage (456868K) : empoly_drw has 0 polygons
2026-03-25 22:52:23 +0100: Memory Usage (456868K) : ldmos_drw has 0 polygons
2026-03-25 22:52:23 +0100: Memory Usage (456868K) : pbiwind_drw has 0 polygons
2026-03-25 22:52:23 +0100: Memory Usage (456868K) : digisub_drw has 0 polygons
2026-03-25 22:52:23 +0100: Memory Usage (456868K) : nodrc_drw has 0 polygons
2026-03-25 22:52:23 +0100: Memory Usage (456868K) : text_drw has 1107 polygons
2026-03-25 22:52:23 +0100: Memory Usage (457132K) : via4_drw has 6898 polygons
2026-03-25 22:52:23 +0100: Memory Usage (457132K) : metal5_drw has 32 polygons
2026-03-25 22:52:23 +0100: Memory Usage (457132K) : metal5_pin has 5 polygons
2026-03-25 22:52:23 +0100: Memory Usage (457132K) : metal5_mask has 0 polygons
2026-03-25 22:52:23 +0100: Memory Usage (457132K) : metal5_filler has 0 polygons
2026-03-25 22:52:23 +0100: Memory Usage (457132K) : metal5_nofill has 0 polygons
2026-03-25 22:52:23 +0100: Memory Usage (457132K) : metal5_slit has 0 polygons
2026-03-25 22:52:23 +0100: Memory Usage (457132K) : metal5_text has 1 polygons
2026-03-25 22:52:23 +0100: Memory Usage (457132K) : metal5_opc has 0 polygons
2026-03-25 22:52:23 +0100: Memory Usage (457132K) : metal5_noqrc has 0 polygons
2026-03-25 22:52:23 +0100: Memory Usage (457132K) : metal5_res has 0 polygons
2026-03-25 22:52:23 +0100: Memory Usage (457132K) : metal5_iprobe has 0 polygons
2026-03-25 22:52:23 +0100: Memory Usage (457132K) : metal5_diffprb has 0 polygons
2026-03-25 22:52:23 +0100: Memory Usage (457132K) : radhard_drw has 0 polygons
2026-03-25 22:52:23 +0100: Memory Usage (457132K) : memcap_drw has 0 polygons
2026-03-25 22:52:23 +0100: Memory Usage (457132K) : varicap_drw has 0 polygons
2026-03-25 22:52:23 +0100: Memory Usage (457132K) : flash_drw has 0 polygons
2026-03-25 22:52:23 +0100: Memory Usage (457132K) : intbondvia_drw has 0 polygons
2026-03-25 22:52:23 +0100: Memory Usage (457132K) : intbondmet_drw has 0 polygons
2026-03-25 22:52:23 +0100: Memory Usage (457132K) : devbondvia_drw has 0 polygons
2026-03-25 22:52:23 +0100: Memory Usage (457132K) : devbondmet_drw has 0 polygons
2026-03-25 22:52:23 +0100: Memory Usage (457132K) : devtrench_drw has 0 polygons
2026-03-25 22:52:23 +0100: Memory Usage (457132K) : redist_drw has 0 polygons
2026-03-25 22:52:23 +0100: Memory Usage (457132K) : graphbot_drw has 0 polygons
2026-03-25 22:52:23 +0100: Memory Usage (457132K) : graphtop_drw has 0 polygons
2026-03-25 22:52:23 +0100: Memory Usage (457132K) : antvia1_drw has 0 polygons
2026-03-25 22:52:23 +0100: Memory Usage (457132K) : antmetal2_drw has 0 polygons
2026-03-25 22:52:23 +0100: Memory Usage (457132K) : graphcont_drw has 0 polygons
2026-03-25 22:52:23 +0100: Memory Usage (457132K) : siwg_drw has 0 polygons
2026-03-25 22:52:23 +0100: Memory Usage (457132K) : siwg_filler has 0 polygons
2026-03-25 22:52:23 +0100: Memory Usage (457132K) : siwg_nofill has 0 polygons
2026-03-25 22:52:23 +0100: Memory Usage (457132K) : sigrating_drw has 0 polygons
2026-03-25 22:52:23 +0100: Memory Usage (457132K) : singrating_drw has 0 polygons
2026-03-25 22:52:23 +0100: Memory Usage (457132K) : graphpas_drw has 0 polygons
2026-03-25 22:52:23 +0100: Memory Usage (457132K) : emwind3_drw has 0 polygons
2026-03-25 22:52:23 +0100: Memory Usage (457132K) : emwihv3_drw has 0 polygons
2026-03-25 22:52:23 +0100: Memory Usage (457132K) : redbulay_drw has 0 polygons
2026-03-25 22:52:23 +0100: Memory Usage (457132K) : smos_drw has 0 polygons
2026-03-25 22:52:23 +0100: Memory Usage (457132K) : graphpad_drw has 0 polygons
2026-03-25 22:52:23 +0100: Memory Usage (457132K) : polimide_drw has 0 polygons
2026-03-25 22:52:23 +0100: Memory Usage (457132K) : polimide_pin has 0 polygons
2026-03-25 22:52:23 +0100: Memory Usage (457132K) : recog_drw has 0 polygons
2026-03-25 22:52:23 +0100: Memory Usage (457132K) : recog_pin has 0 polygons
2026-03-25 22:52:23 +0100: Memory Usage (457132K) : recog_esd has 0 polygons
2026-03-25 22:52:23 +0100: Memory Usage (457132K) : recog_diode has 0 polygons
2026-03-25 22:52:23 +0100: Memory Usage (457132K) : recog_tsv has 0 polygons
2026-03-25 22:52:23 +0100: Memory Usage (457132K) : recog_iprobe has 0 polygons
2026-03-25 22:52:23 +0100: Memory Usage (457132K) : recog_diffprb has 0 polygons
2026-03-25 22:52:23 +0100: Memory Usage (457132K) : recog_pillar has 0 polygons
2026-03-25 22:52:23 +0100: Memory Usage (457132K) : recog_sbump has 0 polygons
2026-03-25 22:52:23 +0100: Memory Usage (457132K) : recog_otp has 0 polygons
2026-03-25 22:52:23 +0100: Memory Usage (457132K) : recog_pdiode has 0 polygons
2026-03-25 22:52:23 +0100: Memory Usage (457132K) : recog_mom has 0 polygons
2026-03-25 22:52:23 +0100: Memory Usage (457132K) : recog_pcm has 0 polygons
2026-03-25 22:52:23 +0100: Memory Usage (457132K) : colopen_drw has 0 polygons
2026-03-25 22:52:23 +0100: Memory Usage (457132K) : graphmetal1_drw has 0 polygons
2026-03-25 22:52:23 +0100: Memory Usage (457132K) : graphmetal1_filler has 0 polygons
2026-03-25 22:52:23 +0100: Memory Usage (457132K) : graphmetal1_nofill has 0 polygons
2026-03-25 22:52:23 +0100: Memory Usage (457132K) : graphmetal1_slit has 0 polygons
2026-03-25 22:52:23 +0100: Memory Usage (457132K) : graphmetal1_opc has 0 polygons
2026-03-25 22:52:23 +0100: Memory Usage (457132K) : graphmet1l_drw has 0 polygons
2026-03-25 22:52:23 +0100: Memory Usage (457132K) : graphmet1l_filler has 0 polygons
2026-03-25 22:52:23 +0100: Memory Usage (457132K) : graphmet1l_nofill has 0 polygons
2026-03-25 22:52:23 +0100: Memory Usage (457132K) : graphmet1l_slit has 0 polygons
2026-03-25 22:52:23 +0100: Memory Usage (457132K) : graphmet1l_opc has 0 polygons
2026-03-25 22:52:23 +0100: Memory Usage (457132K) : extblock_drw has 5 polygons
2026-03-25 22:52:23 +0100: Memory Usage (457132K) : nldd_drw has 0 polygons
2026-03-25 22:52:23 +0100: Memory Usage (457132K) : pldd_drw has 0 polygons
2026-03-25 22:52:23 +0100: Memory Usage (457132K) : next_drw has 0 polygons
2026-03-25 22:52:23 +0100: Memory Usage (457132K) : pext_drw has 0 polygons
2026-03-25 22:52:23 +0100: Memory Usage (457132K) : nexthv_drw has 0 polygons
2026-03-25 22:52:23 +0100: Memory Usage (457132K) : pexthv_drw has 0 polygons
2026-03-25 22:52:23 +0100: Memory Usage (457132K) : graphgate_drw has 0 polygons
2026-03-25 22:52:23 +0100: Memory Usage (457132K) : sinwg_drw has 0 polygons
2026-03-25 22:52:23 +0100: Memory Usage (457132K) : sinwg_filler has 0 polygons
2026-03-25 22:52:23 +0100: Memory Usage (457132K) : sinwg_nofill has 0 polygons
2026-03-25 22:52:23 +0100: Memory Usage (457132K) : mempad_drw has 0 polygons
2026-03-25 22:52:23 +0100: Memory Usage (457132K) : topvia1_drw has 1720 polygons
2026-03-25 22:52:23 +0100: Memory Usage (457132K) : topmetal1_drw has 13 polygons
2026-03-25 22:52:23 +0100: Memory Usage (457396K) : topmetal1_pin has 15 polygons
2026-03-25 22:52:23 +0100: Memory Usage (457396K) : topmetal1_mask has 0 polygons
2026-03-25 22:52:23 +0100: Memory Usage (457396K) : topmetal1_filler has 0 polygons
2026-03-25 22:52:23 +0100: Memory Usage (457660K) : topmetal1_nofill has 0 polygons
2026-03-25 22:52:23 +0100: Memory Usage (457660K) : topmetal1_slit has 0 polygons
2026-03-25 22:52:23 +0100: Memory Usage (457660K) : topmetal1_text has 5 polygons
2026-03-25 22:52:23 +0100: Memory Usage (457924K) : topmetal1_noqrc has 0 polygons
2026-03-25 22:52:23 +0100: Memory Usage (457924K) : topmetal1_res has 0 polygons
2026-03-25 22:52:23 +0100: Memory Usage (458188K) : topmetal1_iprobe has 0 polygons
2026-03-25 22:52:23 +0100: Memory Usage (458188K) : topmetal1_diffprb has 0 polygons
2026-03-25 22:52:23 +0100: Memory Usage (458188K) : inldpwl_drw has 0 polygons
2026-03-25 22:52:23 +0100: Memory Usage (458452K) : polyres_drw has 7 polygons
2026-03-25 22:52:23 +0100: Memory Usage (458452K) : polyres_pin has 0 polygons
2026-03-25 22:52:23 +0100: Memory Usage (458716K) : vmim_drw has 578 polygons
2026-03-25 22:52:23 +0100: Memory Usage (458716K) : nbulaycut_drw has 0 polygons
2026-03-25 22:52:23 +0100: Memory Usage (458716K) : antmetal1_drw has 0 polygons
2026-03-25 22:52:23 +0100: Memory Usage (458980K) : topvia2_drw has 916 polygons
2026-03-25 22:52:23 +0100: Memory Usage (459244K) : topmetal2_drw has 4 polygons
2026-03-25 22:52:23 +0100: Memory Usage (459244K) : topmetal2_pin has 2 polygons
2026-03-25 22:52:23 +0100: Memory Usage (459244K) : topmetal2_mask has 0 polygons
2026-03-25 22:52:23 +0100: Memory Usage (459508K) : topmetal2_filler has 0 polygons
2026-03-25 22:52:23 +0100: Memory Usage (459508K) : topmetal2_nofill has 0 polygons
2026-03-25 22:52:23 +0100: Memory Usage (459508K) : topmetal2_slit has 0 polygons
2026-03-25 22:52:23 +0100: Memory Usage (459772K) : topmetal2_text has 2 polygons
2026-03-25 22:52:23 +0100: Memory Usage (459772K) : topmetal2_noqrc has 0 polygons
2026-03-25 22:52:23 +0100: Memory Usage (459772K) : topmetal2_res has 0 polygons
2026-03-25 22:52:23 +0100: Memory Usage (460036K) : topmetal2_iprobe has 0 polygons
2026-03-25 22:52:23 +0100: Memory Usage (460036K) : topmetal2_diffprb has 0 polygons
2026-03-25 22:52:23 +0100: Memory Usage (460300K) : snsring_drw has 0 polygons
2026-03-25 22:52:23 +0100: Memory Usage (460300K) : sensor_drw has 0 polygons
2026-03-25 22:52:23 +0100: Memory Usage (460300K) : snsarms_drw has 0 polygons
2026-03-25 22:52:23 +0100: Memory Usage (460564K) : snscmosvia_drw has 0 polygons
2026-03-25 22:52:23 +0100: Memory Usage (460564K) : colwind_drw has 0 polygons
2026-03-25 22:52:23 +0100: Memory Usage (460564K) : flm_drw has 0 polygons
2026-03-25 22:52:23 +0100: Memory Usage (460828K) : hafniumox_drw has 0 polygons
2026-03-25 22:52:23 +0100: Memory Usage (460828K) : memvia_drw has 0 polygons
2026-03-25 22:52:23 +0100: Memory Usage (461092K) : thinfilmres_drw has 0 polygons
2026-03-25 22:52:23 +0100: Memory Usage (461092K) : rfmem_drw has 0 polygons
2026-03-25 22:52:23 +0100: Memory Usage (461092K) : norcx_drw has 0 polygons
2026-03-25 22:52:23 +0100: Memory Usage (461356K) : norcx_m2m3 has 0 polygons
2026-03-25 22:52:23 +0100: Memory Usage (461356K) : norcx_m2m4 has 0 polygons
2026-03-25 22:52:23 +0100: Memory Usage (461620K) : norcx_m2m5 has 0 polygons
2026-03-25 22:52:23 +0100: Memory Usage (461620K) : norcx_m2tm1 has 0 polygons
2026-03-25 22:52:23 +0100: Memory Usage (461620K) : norcx_m2tm2 has 0 polygons
2026-03-25 22:52:23 +0100: Memory Usage (461884K) : norcx_m3m4 has 0 polygons
2026-03-25 22:52:23 +0100: Memory Usage (461884K) : norcx_m3m5 has 0 polygons
2026-03-25 22:52:23 +0100: Memory Usage (461884K) : norcx_m3tm1 has 0 polygons
2026-03-25 22:52:23 +0100: Memory Usage (462148K) : norcx_m3tm2 has 0 polygons
2026-03-25 22:52:23 +0100: Memory Usage (462148K) : norcx_m4m5 has 0 polygons
2026-03-25 22:52:23 +0100: Memory Usage (462148K) : norcx_m4tm1 has 0 polygons
2026-03-25 22:52:23 +0100: Memory Usage (462412K) : norcx_m4tm2 has 0 polygons
2026-03-25 22:52:23 +0100: Memory Usage (462412K) : norcx_m5tm1 has 0 polygons
2026-03-25 22:52:23 +0100: Memory Usage (462412K) : norcx_m5tm2 has 0 polygons
2026-03-25 22:52:23 +0100: Memory Usage (462412K) : norcx_tm1tm2 has 0 polygons
2026-03-25 22:52:23 +0100: Memory Usage (462676K) : norcx_m1sub has 0 polygons
2026-03-25 22:52:23 +0100: Memory Usage (462676K) : norcx_m2sub has 0 polygons
2026-03-25 22:52:23 +0100: Memory Usage (462676K) : norcx_m3sub has 0 polygons
2026-03-25 22:52:23 +0100: Memory Usage (462940K) : norcx_m4sub has 0 polygons
2026-03-25 22:52:23 +0100: Memory Usage (462940K) : norcx_m5sub has 0 polygons
2026-03-25 22:52:23 +0100: Memory Usage (462940K) : norcx_tm1sub has 0 polygons
2026-03-25 22:52:23 +0100: Memory Usage (462940K) : norcx_tm2sub has 0 polygons
2026-03-25 22:52:23 +0100: Memory Usage (463204K) : snsbotvia_drw has 0 polygons
2026-03-25 22:52:23 +0100: Memory Usage (463204K) : snstopvia_drw has 0 polygons
2026-03-25 22:52:23 +0100: Memory Usage (463204K) : deepvia_drw has 0 polygons
2026-03-25 22:52:23 +0100: Memory Usage (463468K) : fgetch_drw has 0 polygons
2026-03-25 22:52:23 +0100: Memory Usage (463468K) : ctrgat_drw has 0 polygons
2026-03-25 22:52:23 +0100: Memory Usage (463468K) : fgimp_drw has 0 polygons
2026-03-25 22:52:23 +0100: Memory Usage (463732K) : emwihv_drw has 0 polygons
2026-03-25 22:52:23 +0100: Memory Usage (463732K) : lbe_drw has 0 polygons
2026-03-25 22:52:23 +0100: Memory Usage (463996K) : alcustop_drw has 0 polygons
2026-03-25 22:52:23 +0100: Memory Usage (463996K) : nometfiller_drw has 0 polygons
2026-03-25 22:52:23 +0100: Memory Usage (463996K) : prboundary_drw has 0 polygons
2026-03-25 22:52:23 +0100: Memory Usage (464260K) : exchange0_drw has 0 polygons
2026-03-25 22:52:23 +0100: Memory Usage (464260K) : exchange0_pin has 0 polygons
2026-03-25 22:52:23 +0100: Memory Usage (464260K) : exchange0_text has 0 polygons
2026-03-25 22:52:23 +0100: Memory Usage (464524K) : exchange1_drw has 0 polygons
2026-03-25 22:52:23 +0100: Memory Usage (464524K) : exchange1_pin has 0 polygons
2026-03-25 22:52:23 +0100: Memory Usage (464524K) : exchange1_text has 0 polygons
2026-03-25 22:52:23 +0100: Memory Usage (464524K) : exchange2_drw has 0 polygons
2026-03-25 22:52:23 +0100: Memory Usage (464788K) : exchange2_pin has 0 polygons
2026-03-25 22:52:23 +0100: Memory Usage (464788K) : exchange2_text has 0 polygons
2026-03-25 22:52:23 +0100: Memory Usage (464788K) : exchange3_drw has 0 polygons
2026-03-25 22:52:23 +0100: Memory Usage (464788K) : exchange3_pin has 0 polygons
2026-03-25 22:52:23 +0100: Memory Usage (464788K) : exchange3_text has 0 polygons
2026-03-25 22:52:23 +0100: Memory Usage (465052K) : exchange4_drw has 0 polygons
2026-03-25 22:52:23 +0100: Memory Usage (465052K) : exchange4_pin has 0 polygons
2026-03-25 22:52:23 +0100: Memory Usage (465052K) : exchange4_text has 0 polygons
2026-03-25 22:52:23 +0100: Memory Usage (465316K) : isonwell_drw has 0 polygons
2026-03-25 22:52:23 +0100: Memory Usage (465316K) : Total no. of polygons in the design is 55451
2026-03-25 22:52:23 +0100: Memory Usage (465316K) : Loaded TECH DRC rules values from /foss/pdks/ihp-sg13g2/libs.tech/klayout/python/sg13g2_pycell_lib/sg13g2_tech_mod.json
2026-03-25 22:52:23 +0100: Memory Usage (465316K) : Loaded default DRC rules values from /foss/pdks/ihp-sg13g2/libs.tech/klayout/tech/drc/rule_decks/sg13g2_tech_default.json
2026-03-25 22:52:23 +0100: Memory Usage (465316K) : The following rules values were missing in tech json and default values were used:
2026-03-25 22:52:23 +0100: Memory Usage (465316K) :   - Cnt_c_digibnd
2026-03-25 22:52:23 +0100: Memory Usage (465316K) : Total area of the design is 54805.149724999996 um^2.
2026-03-25 22:52:23 +0100: Memory Usage (465316K) : The design dimensions are 309.90500000000003 µm * 176.845 µm.
2026-03-25 22:52:23 +0100: Memory Usage (465316K) : Starting general IHP-SG13G2 derivations.
2026-03-25 22:52:23 +0100: Memory Usage (465316K) : Starting Pwell derivations
2026-03-25 22:52:23 +0100: Memory Usage (465316K) : Starting IHP-SG13G2 DRC rules.
2026-03-25 22:52:23 +0100: Memory Usage (465316K) : Starting 5.7. ThickGateOx table
2026-03-25 22:52:23 +0100: Memory Usage (465316K) : Executing rule TGO.f
2026-03-25 22:52:23 +0100: Memory Usage (465316K) : KLayout DRC run for tables 'thickgateox' completed in 0.96 seconds
