# Logfile created on 2026-03-25 22:52:25 +0100 by logger.rb/v1.5.3
2026-03-25 22:52:25 +0100: Memory Usage (437088K) : Starting running IHP-SG13G2 KLayout DRC runset on /foss/designs/Design/xschem/IHP__OPA2251/OPA2251-main/layout/klayout/HPA.gds
2026-03-25 22:52:25 +0100: Memory Usage (437088K) : Ruby Version for klayout: 3.2.3
2026-03-25 22:52:25 +0100: Memory Usage (439064K) : Loading database to memory is complete.
2026-03-25 22:52:25 +0100: Memory Usage (439064K) : IHP-SG13G2 KLayout DRC runset output at: /foss/designs/Design/xschem/IHP__OPA2251/OPA2251-main/layout/klayout/drc_run_HPA/HPA_HPA_solderbump.lyrdb
2026-03-25 22:52:25 +0100: Memory Usage (439064K) : Evaluate switches.
2026-03-25 22:52:25 +0100: Memory Usage (439064K) : tables selected: solderbump
2026-03-25 22:52:25 +0100: Memory Usage (439064K) : KLayout will use 4 thread(s) in tiled mode.
2026-03-25 22:52:25 +0100: Memory Usage (439064K) : flat mode is enabled.
2026-03-25 22:52:25 +0100: Memory Usage (439064K) : FEOL enabled: false
2026-03-25 22:52:25 +0100: Memory Usage (439064K) : BEOL enabled: false
2026-03-25 22:52:25 +0100: Memory Usage (439064K) : OFFGRID enabled: true
2026-03-25 22:52:25 +0100: Memory Usage (439064K) : PIN enabled: false
2026-03-25 22:52:25 +0100: Memory Usage (439064K) : FORBIDDEN enabled: false
2026-03-25 22:52:25 +0100: Memory Usage (439064K) : RECOMMENDED enabled: true
2026-03-25 22:52:25 +0100: Memory Usage (439064K) : PreCheck DRC enabled: false
2026-03-25 22:52:25 +0100: Memory Usage (439064K) : CONNECTIVITY_RULES enabled: false.
2026-03-25 22:52:25 +0100: Memory Usage (439064K) : Read in polygons from layers.
2026-03-25 22:52:25 +0100: Memory Usage (441636K) : activ_drw has 198 polygons
2026-03-25 22:52:25 +0100: Memory Usage (441636K) : activ_pin has 0 polygons
2026-03-25 22:52:25 +0100: Memory Usage (441636K) : activ_mask has 0 polygons
2026-03-25 22:52:25 +0100: Memory Usage (441636K) : activ_filler has 0 polygons
2026-03-25 22:52:25 +0100: Memory Usage (441636K) : activ_nofill has 0 polygons
2026-03-25 22:52:25 +0100: Memory Usage (441636K) : activ_opc has 0 polygons
2026-03-25 22:52:25 +0100: Memory Usage (441636K) : activ_iopc has 0 polygons
2026-03-25 22:52:25 +0100: Memory Usage (441636K) : activ_noqrc has 0 polygons
2026-03-25 22:52:25 +0100: Memory Usage (441636K) : biwind_drw has 0 polygons
2026-03-25 22:52:25 +0100: Memory Usage (441636K) : biwind_opc has 0 polygons
2026-03-25 22:52:25 +0100: Memory Usage (441636K) : pemwind_drw has 0 polygons
2026-03-25 22:52:25 +0100: Memory Usage (442920K) : gatpoly_drw has 108 polygons
2026-03-25 22:52:25 +0100: Memory Usage (442976K) : gatpoly_pin has 124 polygons
2026-03-25 22:52:25 +0100: Memory Usage (442976K) : gatpoly_filler has 0 polygons
2026-03-25 22:52:25 +0100: Memory Usage (442976K) : gatpoly_nofill has 0 polygons
2026-03-25 22:52:25 +0100: Memory Usage (442976K) : gatpoly_opc has 0 polygons
2026-03-25 22:52:25 +0100: Memory Usage (442976K) : gatpoly_iopc has 0 polygons
2026-03-25 22:52:25 +0100: Memory Usage (442976K) : gatpoly_noqrc has 0 polygons
2026-03-25 22:52:25 +0100: Memory Usage (449308K) : cont_drw has 16803 polygons
2026-03-25 22:52:25 +0100: Memory Usage (449308K) : cont_opc has 0 polygons
2026-03-25 22:52:25 +0100: Memory Usage (449308K) : nsd_drw has 0 polygons
2026-03-25 22:52:25 +0100: Memory Usage (449308K) : nsd_block has 0 polygons
2026-03-25 22:52:25 +0100: Memory Usage (449308K) : metal1_drw has 390 polygons
2026-03-25 22:52:25 +0100: Memory Usage (449308K) : metal1_pin has 515 polygons
2026-03-25 22:52:25 +0100: Memory Usage (449308K) : metal1_mask has 0 polygons
2026-03-25 22:52:25 +0100: Memory Usage (449308K) : metal1_filler has 0 polygons
2026-03-25 22:52:25 +0100: Memory Usage (449308K) : metal1_nofill has 0 polygons
2026-03-25 22:52:25 +0100: Memory Usage (449344K) : metal1_slit has 0 polygons
2026-03-25 22:52:25 +0100: Memory Usage (449344K) : metal1_text has 0 polygons
2026-03-25 22:52:25 +0100: Memory Usage (449344K) : metal1_opc has 0 polygons
2026-03-25 22:52:25 +0100: Memory Usage (449344K) : metal1_noqrc has 0 polygons
2026-03-25 22:52:25 +0100: Memory Usage (449344K) : metal1_res has 0 polygons
2026-03-25 22:52:25 +0100: Memory Usage (449344K) : metal1_iprobe has 0 polygons
2026-03-25 22:52:25 +0100: Memory Usage (449344K) : metal1_diffprb has 0 polygons
2026-03-25 22:52:25 +0100: Memory Usage (449344K) : passiv_drw has 0 polygons
2026-03-25 22:52:25 +0100: Memory Usage (449344K) : passiv_pin has 0 polygons
2026-03-25 22:52:25 +0100: Memory Usage (449344K) : passiv_sbump has 0 polygons
2026-03-25 22:52:25 +0100: Memory Usage (449344K) : passiv_pillar has 0 polygons
2026-03-25 22:52:25 +0100: Memory Usage (449344K) : passiv_pdl has 0 polygons
2026-03-25 22:52:25 +0100: Memory Usage (449344K) : metal2_drw has 95 polygons
2026-03-25 22:52:25 +0100: Memory Usage (449344K) : metal2_pin has 11 polygons
2026-03-25 22:52:25 +0100: Memory Usage (449344K) : metal2_mask has 0 polygons
2026-03-25 22:52:25 +0100: Memory Usage (449532K) : metal2_filler has 0 polygons
2026-03-25 22:52:25 +0100: Memory Usage (449532K) : metal2_nofill has 0 polygons
2026-03-25 22:52:25 +0100: Memory Usage (449532K) : metal2_slit has 0 polygons
2026-03-25 22:52:25 +0100: Memory Usage (449532K) : metal2_text has 0 polygons
2026-03-25 22:52:25 +0100: Memory Usage (449532K) : metal2_opc has 0 polygons
2026-03-25 22:52:25 +0100: Memory Usage (449532K) : metal2_noqrc has 0 polygons
2026-03-25 22:52:25 +0100: Memory Usage (449532K) : metal2_res has 0 polygons
2026-03-25 22:52:25 +0100: Memory Usage (449596K) : metal2_iprobe has 0 polygons
2026-03-25 22:52:25 +0100: Memory Usage (449596K) : metal2_diffprb has 0 polygons
2026-03-25 22:52:25 +0100: Memory Usage (449596K) : baspoly_drw has 0 polygons
2026-03-25 22:52:25 +0100: Memory Usage (449660K) : baspoly_pin has 0 polygons
2026-03-25 22:52:25 +0100: Memory Usage (449660K) : psd_drw has 24 polygons
2026-03-25 22:52:25 +0100: Memory Usage (449660K) : nldb_drw has 0 polygons
2026-03-25 22:52:25 +0100: Memory Usage (449660K) : digibnd_drw has 0 polygons
2026-03-25 22:52:25 +0100: Memory Usage (451768K) : via1_drw has 9590 polygons
2026-03-25 22:52:25 +0100: Memory Usage (451876K) : backmetal1_drw has 0 polygons
2026-03-25 22:52:25 +0100: Memory Usage (451876K) : backmetal1_pin has 0 polygons
2026-03-25 22:52:25 +0100: Memory Usage (451876K) : backmetal1_mask has 0 polygons
2026-03-25 22:52:25 +0100: Memory Usage (451940K) : backmetal1_filler has 0 polygons
2026-03-25 22:52:25 +0100: Memory Usage (451940K) : backmetal1_nofill has 0 polygons
2026-03-25 22:52:25 +0100: Memory Usage (451940K) : backmetal1_slit has 0 polygons
2026-03-25 22:52:25 +0100: Memory Usage (451940K) : backmetal1_text has 0 polygons
2026-03-25 22:52:25 +0100: Memory Usage (451940K) : backmetal1_opc has 0 polygons
2026-03-25 22:52:25 +0100: Memory Usage (451940K) : backmetal1_noqrc has 0 polygons
2026-03-25 22:52:25 +0100: Memory Usage (451940K) : backmetal1_res has 0 polygons
2026-03-25 22:52:25 +0100: Memory Usage (451940K) : backmetal1_iprobe has 0 polygons
2026-03-25 22:52:25 +0100: Memory Usage (451940K) : backmetal1_diffprb has 0 polygons
2026-03-25 22:52:25 +0100: Memory Usage (451940K) : backpassiv_drw has 0 polygons
2026-03-25 22:52:25 +0100: Memory Usage (451940K) : res_drw has 0 polygons
2026-03-25 22:52:25 +0100: Memory Usage (452004K) : sram_drw has 0 polygons
2026-03-25 22:52:25 +0100: Memory Usage (452004K) : trans_drw has 0 polygons
2026-03-25 22:52:25 +0100: Memory Usage (452068K) : ind_drw has 0 polygons
2026-03-25 22:52:25 +0100: Memory Usage (452068K) : ind_pin has 0 polygons
2026-03-25 22:52:25 +0100: Memory Usage (452068K) : ind_text has 0 polygons
2026-03-25 22:52:25 +0100: Memory Usage (452328K) : salblock_drw has 7 polygons
2026-03-25 22:52:25 +0100: Memory Usage (454176K) : via2_drw has 7995 polygons
2026-03-25 22:52:25 +0100: Memory Usage (454176K) : metal3_drw has 67 polygons
2026-03-25 22:52:25 +0100: Memory Usage (454176K) : metal3_pin has 8 polygons
2026-03-25 22:52:25 +0100: Memory Usage (454176K) : metal3_mask has 0 polygons
2026-03-25 22:52:25 +0100: Memory Usage (454176K) : metal3_filler has 0 polygons
2026-03-25 22:52:25 +0100: Memory Usage (454176K) : metal3_nofill has 0 polygons
2026-03-25 22:52:25 +0100: Memory Usage (454272K) : metal3_slit has 0 polygons
2026-03-25 22:52:25 +0100: Memory Usage (454272K) : metal3_text has 0 polygons
2026-03-25 22:52:25 +0100: Memory Usage (454272K) : metal3_opc has 0 polygons
2026-03-25 22:52:25 +0100: Memory Usage (454272K) : metal3_noqrc has 0 polygons
2026-03-25 22:52:25 +0100: Memory Usage (454272K) : metal3_res has 0 polygons
2026-03-25 22:52:25 +0100: Memory Usage (454272K) : metal3_iprobe has 0 polygons
2026-03-25 22:52:25 +0100: Memory Usage (454520K) : metal3_diffprb has 0 polygons
2026-03-25 22:52:25 +0100: Memory Usage (455044K) : nwell_drw has 5 polygons
2026-03-25 22:52:26 +0100: Memory Usage (455044K) : nwell_pin has 0 polygons
2026-03-25 22:52:26 +0100: Memory Usage (455044K) : nbulay_drw has 0 polygons
2026-03-25 22:52:26 +0100: Memory Usage (455044K) : nbulay_pin has 0 polygons
2026-03-25 22:52:26 +0100: Memory Usage (455044K) : nbulay_block has 0 polygons
2026-03-25 22:52:26 +0100: Memory Usage (455044K) : emwind_drw has 0 polygons
2026-03-25 22:52:26 +0100: Memory Usage (455044K) : emwind_opc has 0 polygons
2026-03-25 22:52:26 +0100: Memory Usage (455044K) : deepco_drw has 0 polygons
2026-03-25 22:52:26 +0100: Memory Usage (455044K) : deepco_drw has 0 polygons
2026-03-25 22:52:26 +0100: Memory Usage (455044K) : mim_drw has 2 polygons
2026-03-25 22:52:26 +0100: Memory Usage (455044K) : edgeseal_drw has 0 polygons
2026-03-25 22:52:26 +0100: Memory Usage (455044K) : edgeseal_bound has 0 polygons
2026-03-25 22:52:26 +0100: Memory Usage (455044K) : substrate_drw has 723 polygons
2026-03-25 22:52:26 +0100: Memory Usage (455044K) : substrate_text has 0 polygons
2026-03-25 22:52:26 +0100: Memory Usage (455044K) : dfpad_drw has 0 polygons
2026-03-25 22:52:26 +0100: Memory Usage (455044K) : dfpad_pillar has 0 polygons
2026-03-25 22:52:26 +0100: Memory Usage (455044K) : dfpad_sbump has 0 polygons
2026-03-25 22:52:26 +0100: Memory Usage (455044K) : thickgateox_drw has 0 polygons
2026-03-25 22:52:26 +0100: Memory Usage (455044K) : pldb_drw has 0 polygons
2026-03-25 22:52:26 +0100: Memory Usage (455044K) : pwell_drw has 0 polygons
2026-03-25 22:52:26 +0100: Memory Usage (455044K) : pwell_pin has 0 polygons
2026-03-25 22:52:26 +0100: Memory Usage (455044K) : pwell_block has 0 polygons
2026-03-25 22:52:26 +0100: Memory Usage (455044K) : ic_drw has 0 polygons
2026-03-25 22:52:26 +0100: Memory Usage (455836K) : via3_drw has 7005 polygons
2026-03-25 22:52:26 +0100: Memory Usage (455836K) : metal4_drw has 40 polygons
2026-03-25 22:52:26 +0100: Memory Usage (455836K) : metal4_pin has 3 polygons
2026-03-25 22:52:26 +0100: Memory Usage (455836K) : metal4_mask has 0 polygons
2026-03-25 22:52:26 +0100: Memory Usage (455836K) : metal4_filler has 0 polygons
2026-03-25 22:52:26 +0100: Memory Usage (455836K) : metal4_nofill has 0 polygons
2026-03-25 22:52:26 +0100: Memory Usage (455836K) : metal4_slit has 0 polygons
2026-03-25 22:52:26 +0100: Memory Usage (455836K) : metal4_text has 0 polygons
2026-03-25 22:52:26 +0100: Memory Usage (455836K) : metal4_opc has 0 polygons
2026-03-25 22:52:26 +0100: Memory Usage (455836K) : metal4_noqrc has 0 polygons
2026-03-25 22:52:26 +0100: Memory Usage (455836K) : metal4_res has 0 polygons
2026-03-25 22:52:26 +0100: Memory Usage (455836K) : metal4_iprobe has 0 polygons
2026-03-25 22:52:26 +0100: Memory Usage (455836K) : metal4_diffprb has 0 polygons
2026-03-25 22:52:26 +0100: Memory Usage (455836K) : heattrans_drw has 421 polygons
2026-03-25 22:52:26 +0100: Memory Usage (455836K) : heatres_drw has 7 polygons
2026-03-25 22:52:26 +0100: Memory Usage (455836K) : pempoly_drw has 0 polygons
2026-03-25 22:52:26 +0100: Memory Usage (455836K) : fbe_drw has 0 polygons
2026-03-25 22:52:26 +0100: Memory Usage (455836K) : empoly_drw has 0 polygons
2026-03-25 22:52:26 +0100: Memory Usage (455836K) : ldmos_drw has 0 polygons
2026-03-25 22:52:26 +0100: Memory Usage (455836K) : pbiwind_drw has 0 polygons
2026-03-25 22:52:26 +0100: Memory Usage (455836K) : digisub_drw has 0 polygons
2026-03-25 22:52:26 +0100: Memory Usage (455836K) : nodrc_drw has 0 polygons
2026-03-25 22:52:26 +0100: Memory Usage (455836K) : text_drw has 1107 polygons
2026-03-25 22:52:26 +0100: Memory Usage (456100K) : via4_drw has 6898 polygons
2026-03-25 22:52:26 +0100: Memory Usage (456100K) : metal5_drw has 32 polygons
2026-03-25 22:52:26 +0100: Memory Usage (456100K) : metal5_pin has 5 polygons
2026-03-25 22:52:26 +0100: Memory Usage (456100K) : metal5_mask has 0 polygons
2026-03-25 22:52:26 +0100: Memory Usage (456100K) : metal5_filler has 0 polygons
2026-03-25 22:52:26 +0100: Memory Usage (456100K) : metal5_nofill has 0 polygons
2026-03-25 22:52:26 +0100: Memory Usage (456100K) : metal5_slit has 0 polygons
2026-03-25 22:52:26 +0100: Memory Usage (456100K) : metal5_text has 1 polygons
2026-03-25 22:52:26 +0100: Memory Usage (456100K) : metal5_opc has 0 polygons
2026-03-25 22:52:26 +0100: Memory Usage (456100K) : metal5_noqrc has 0 polygons
2026-03-25 22:52:26 +0100: Memory Usage (456100K) : metal5_res has 0 polygons
2026-03-25 22:52:26 +0100: Memory Usage (456100K) : metal5_iprobe has 0 polygons
2026-03-25 22:52:26 +0100: Memory Usage (456100K) : metal5_diffprb has 0 polygons
2026-03-25 22:52:26 +0100: Memory Usage (456100K) : radhard_drw has 0 polygons
2026-03-25 22:52:26 +0100: Memory Usage (456100K) : memcap_drw has 0 polygons
2026-03-25 22:52:26 +0100: Memory Usage (456100K) : varicap_drw has 0 polygons
2026-03-25 22:52:26 +0100: Memory Usage (456100K) : flash_drw has 0 polygons
2026-03-25 22:52:26 +0100: Memory Usage (456100K) : intbondvia_drw has 0 polygons
2026-03-25 22:52:26 +0100: Memory Usage (456100K) : intbondmet_drw has 0 polygons
2026-03-25 22:52:26 +0100: Memory Usage (456100K) : devbondvia_drw has 0 polygons
2026-03-25 22:52:26 +0100: Memory Usage (456100K) : devbondmet_drw has 0 polygons
2026-03-25 22:52:26 +0100: Memory Usage (456100K) : devtrench_drw has 0 polygons
2026-03-25 22:52:26 +0100: Memory Usage (456100K) : redist_drw has 0 polygons
2026-03-25 22:52:26 +0100: Memory Usage (456100K) : graphbot_drw has 0 polygons
2026-03-25 22:52:26 +0100: Memory Usage (456100K) : graphtop_drw has 0 polygons
2026-03-25 22:52:26 +0100: Memory Usage (456100K) : antvia1_drw has 0 polygons
2026-03-25 22:52:26 +0100: Memory Usage (456100K) : antmetal2_drw has 0 polygons
2026-03-25 22:52:26 +0100: Memory Usage (456100K) : graphcont_drw has 0 polygons
2026-03-25 22:52:26 +0100: Memory Usage (456100K) : siwg_drw has 0 polygons
2026-03-25 22:52:26 +0100: Memory Usage (456100K) : siwg_filler has 0 polygons
2026-03-25 22:52:26 +0100: Memory Usage (456100K) : siwg_nofill has 0 polygons
2026-03-25 22:52:26 +0100: Memory Usage (456100K) : sigrating_drw has 0 polygons
2026-03-25 22:52:26 +0100: Memory Usage (456100K) : singrating_drw has 0 polygons
2026-03-25 22:52:26 +0100: Memory Usage (456100K) : graphpas_drw has 0 polygons
2026-03-25 22:52:26 +0100: Memory Usage (456100K) : emwind3_drw has 0 polygons
2026-03-25 22:52:26 +0100: Memory Usage (456100K) : emwihv3_drw has 0 polygons
2026-03-25 22:52:26 +0100: Memory Usage (456100K) : redbulay_drw has 0 polygons
2026-03-25 22:52:26 +0100: Memory Usage (456100K) : smos_drw has 0 polygons
2026-03-25 22:52:26 +0100: Memory Usage (456100K) : graphpad_drw has 0 polygons
2026-03-25 22:52:26 +0100: Memory Usage (456100K) : polimide_drw has 0 polygons
2026-03-25 22:52:26 +0100: Memory Usage (456100K) : polimide_pin has 0 polygons
2026-03-25 22:52:26 +0100: Memory Usage (456100K) : recog_drw has 0 polygons
2026-03-25 22:52:26 +0100: Memory Usage (456100K) : recog_pin has 0 polygons
2026-03-25 22:52:26 +0100: Memory Usage (456100K) : recog_esd has 0 polygons
2026-03-25 22:52:26 +0100: Memory Usage (456100K) : recog_diode has 0 polygons
2026-03-25 22:52:26 +0100: Memory Usage (456100K) : recog_tsv has 0 polygons
2026-03-25 22:52:26 +0100: Memory Usage (456100K) : recog_iprobe has 0 polygons
2026-03-25 22:52:26 +0100: Memory Usage (456100K) : recog_diffprb has 0 polygons
2026-03-25 22:52:26 +0100: Memory Usage (456100K) : recog_pillar has 0 polygons
2026-03-25 22:52:26 +0100: Memory Usage (456100K) : recog_sbump has 0 polygons
2026-03-25 22:52:26 +0100: Memory Usage (456100K) : recog_otp has 0 polygons
2026-03-25 22:52:26 +0100: Memory Usage (456100K) : recog_pdiode has 0 polygons
2026-03-25 22:52:26 +0100: Memory Usage (456100K) : recog_mom has 0 polygons
2026-03-25 22:52:26 +0100: Memory Usage (456100K) : recog_pcm has 0 polygons
2026-03-25 22:52:26 +0100: Memory Usage (456100K) : colopen_drw has 0 polygons
2026-03-25 22:52:26 +0100: Memory Usage (456100K) : graphmetal1_drw has 0 polygons
2026-03-25 22:52:26 +0100: Memory Usage (456100K) : graphmetal1_filler has 0 polygons
2026-03-25 22:52:26 +0100: Memory Usage (456100K) : graphmetal1_nofill has 0 polygons
2026-03-25 22:52:26 +0100: Memory Usage (456100K) : graphmetal1_slit has 0 polygons
2026-03-25 22:52:26 +0100: Memory Usage (456100K) : graphmetal1_opc has 0 polygons
2026-03-25 22:52:26 +0100: Memory Usage (456100K) : graphmet1l_drw has 0 polygons
2026-03-25 22:52:26 +0100: Memory Usage (456100K) : graphmet1l_filler has 0 polygons
2026-03-25 22:52:26 +0100: Memory Usage (456100K) : graphmet1l_nofill has 0 polygons
2026-03-25 22:52:26 +0100: Memory Usage (456100K) : graphmet1l_slit has 0 polygons
2026-03-25 22:52:26 +0100: Memory Usage (456100K) : graphmet1l_opc has 0 polygons
2026-03-25 22:52:26 +0100: Memory Usage (456100K) : extblock_drw has 5 polygons
2026-03-25 22:52:26 +0100: Memory Usage (456364K) : nldd_drw has 0 polygons
2026-03-25 22:52:26 +0100: Memory Usage (456364K) : pldd_drw has 0 polygons
2026-03-25 22:52:26 +0100: Memory Usage (456364K) : next_drw has 0 polygons
2026-03-25 22:52:26 +0100: Memory Usage (456628K) : pext_drw has 0 polygons
2026-03-25 22:52:26 +0100: Memory Usage (456628K) : nexthv_drw has 0 polygons
2026-03-25 22:52:26 +0100: Memory Usage (456892K) : pexthv_drw has 0 polygons
2026-03-25 22:52:26 +0100: Memory Usage (456892K) : graphgate_drw has 0 polygons
2026-03-25 22:52:26 +0100: Memory Usage (456892K) : sinwg_drw has 0 polygons
2026-03-25 22:52:26 +0100: Memory Usage (457156K) : sinwg_filler has 0 polygons
2026-03-25 22:52:26 +0100: Memory Usage (457156K) : sinwg_nofill has 0 polygons
2026-03-25 22:52:26 +0100: Memory Usage (457420K) : mempad_drw has 0 polygons
2026-03-25 22:52:26 +0100: Memory Usage (457684K) : topvia1_drw has 1720 polygons
2026-03-25 22:52:26 +0100: Memory Usage (457684K) : topmetal1_drw has 13 polygons
2026-03-25 22:52:26 +0100: Memory Usage (457684K) : topmetal1_pin has 15 polygons
2026-03-25 22:52:26 +0100: Memory Usage (457948K) : topmetal1_mask has 0 polygons
2026-03-25 22:52:26 +0100: Memory Usage (457948K) : topmetal1_filler has 0 polygons
2026-03-25 22:52:26 +0100: Memory Usage (457948K) : topmetal1_nofill has 0 polygons
2026-03-25 22:52:26 +0100: Memory Usage (458212K) : topmetal1_slit has 0 polygons
2026-03-25 22:52:26 +0100: Memory Usage (458212K) : topmetal1_text has 5 polygons
2026-03-25 22:52:26 +0100: Memory Usage (458212K) : topmetal1_noqrc has 0 polygons
2026-03-25 22:52:26 +0100: Memory Usage (458212K) : topmetal1_res has 0 polygons
2026-03-25 22:52:26 +0100: Memory Usage (458476K) : topmetal1_iprobe has 0 polygons
2026-03-25 22:52:26 +0100: Memory Usage (458476K) : topmetal1_diffprb has 0 polygons
2026-03-25 22:52:26 +0100: Memory Usage (458740K) : inldpwl_drw has 0 polygons
2026-03-25 22:52:26 +0100: Memory Usage (458740K) : polyres_drw has 7 polygons
2026-03-25 22:52:26 +0100: Memory Usage (458740K) : polyres_pin has 0 polygons
2026-03-25 22:52:26 +0100: Memory Usage (459004K) : vmim_drw has 578 polygons
2026-03-25 22:52:26 +0100: Memory Usage (459004K) : nbulaycut_drw has 0 polygons
2026-03-25 22:52:26 +0100: Memory Usage (459268K) : antmetal1_drw has 0 polygons
2026-03-25 22:52:26 +0100: Memory Usage (459268K) : topvia2_drw has 916 polygons
2026-03-25 22:52:26 +0100: Memory Usage (459532K) : topmetal2_drw has 4 polygons
2026-03-25 22:52:26 +0100: Memory Usage (459532K) : topmetal2_pin has 2 polygons
2026-03-25 22:52:26 +0100: Memory Usage (459532K) : topmetal2_mask has 0 polygons
2026-03-25 22:52:26 +0100: Memory Usage (459796K) : topmetal2_filler has 0 polygons
2026-03-25 22:52:26 +0100: Memory Usage (459796K) : topmetal2_nofill has 0 polygons
2026-03-25 22:52:26 +0100: Memory Usage (460060K) : topmetal2_slit has 0 polygons
2026-03-25 22:52:26 +0100: Memory Usage (460060K) : topmetal2_text has 2 polygons
2026-03-25 22:52:26 +0100: Memory Usage (460060K) : topmetal2_noqrc has 0 polygons
2026-03-25 22:52:26 +0100: Memory Usage (460324K) : topmetal2_res has 0 polygons
2026-03-25 22:52:26 +0100: Memory Usage (460324K) : topmetal2_iprobe has 0 polygons
2026-03-25 22:52:26 +0100: Memory Usage (460324K) : topmetal2_diffprb has 0 polygons
2026-03-25 22:52:26 +0100: Memory Usage (460588K) : snsring_drw has 0 polygons
2026-03-25 22:52:26 +0100: Memory Usage (460588K) : sensor_drw has 0 polygons
2026-03-25 22:52:26 +0100: Memory Usage (460852K) : snsarms_drw has 0 polygons
2026-03-25 22:52:26 +0100: Memory Usage (460852K) : snscmosvia_drw has 0 polygons
2026-03-25 22:52:26 +0100: Memory Usage (460852K) : colwind_drw has 0 polygons
2026-03-25 22:52:26 +0100: Memory Usage (461116K) : flm_drw has 0 polygons
2026-03-25 22:52:26 +0100: Memory Usage (461116K) : hafniumox_drw has 0 polygons
2026-03-25 22:52:26 +0100: Memory Usage (461116K) : memvia_drw has 0 polygons
2026-03-25 22:52:26 +0100: Memory Usage (461380K) : thinfilmres_drw has 0 polygons
2026-03-25 22:52:26 +0100: Memory Usage (461380K) : rfmem_drw has 0 polygons
2026-03-25 22:52:26 +0100: Memory Usage (461644K) : norcx_drw has 0 polygons
2026-03-25 22:52:26 +0100: Memory Usage (461644K) : norcx_m2m3 has 0 polygons
2026-03-25 22:52:26 +0100: Memory Usage (461644K) : norcx_m2m4 has 0 polygons
2026-03-25 22:52:26 +0100: Memory Usage (461644K) : norcx_m2m5 has 0 polygons
2026-03-25 22:52:26 +0100: Memory Usage (461908K) : norcx_m2tm1 has 0 polygons
2026-03-25 22:52:26 +0100: Memory Usage (461908K) : norcx_m2tm2 has 0 polygons
2026-03-25 22:52:26 +0100: Memory Usage (461908K) : norcx_m3m4 has 0 polygons
2026-03-25 22:52:26 +0100: Memory Usage (462172K) : norcx_m3m5 has 0 polygons
2026-03-25 22:52:26 +0100: Memory Usage (462172K) : norcx_m3tm1 has 0 polygons
2026-03-25 22:52:26 +0100: Memory Usage (462172K) : norcx_m3tm2 has 0 polygons
2026-03-25 22:52:26 +0100: Memory Usage (462172K) : norcx_m4m5 has 0 polygons
2026-03-25 22:52:26 +0100: Memory Usage (462436K) : norcx_m4tm1 has 0 polygons
2026-03-25 22:52:26 +0100: Memory Usage (462436K) : norcx_m4tm2 has 0 polygons
2026-03-25 22:52:26 +0100: Memory Usage (462436K) : norcx_m5tm1 has 0 polygons
2026-03-25 22:52:26 +0100: Memory Usage (462700K) : norcx_m5tm2 has 0 polygons
2026-03-25 22:52:26 +0100: Memory Usage (462700K) : norcx_tm1tm2 has 0 polygons
2026-03-25 22:52:26 +0100: Memory Usage (462700K) : norcx_m1sub has 0 polygons
2026-03-25 22:52:26 +0100: Memory Usage (462964K) : norcx_m2sub has 0 polygons
2026-03-25 22:52:26 +0100: Memory Usage (462964K) : norcx_m3sub has 0 polygons
2026-03-25 22:52:26 +0100: Memory Usage (462964K) : norcx_m4sub has 0 polygons
2026-03-25 22:52:26 +0100: Memory Usage (462964K) : norcx_m5sub has 0 polygons
2026-03-25 22:52:26 +0100: Memory Usage (463228K) : norcx_tm1sub has 0 polygons
2026-03-25 22:52:26 +0100: Memory Usage (463228K) : norcx_tm2sub has 0 polygons
2026-03-25 22:52:26 +0100: Memory Usage (463492K) : snsbotvia_drw has 0 polygons
2026-03-25 22:52:26 +0100: Memory Usage (463492K) : snstopvia_drw has 0 polygons
2026-03-25 22:52:26 +0100: Memory Usage (463492K) : deepvia_drw has 0 polygons
2026-03-25 22:52:26 +0100: Memory Usage (463756K) : fgetch_drw has 0 polygons
2026-03-25 22:52:26 +0100: Memory Usage (463756K) : ctrgat_drw has 0 polygons
2026-03-25 22:52:26 +0100: Memory Usage (463756K) : fgimp_drw has 0 polygons
2026-03-25 22:52:26 +0100: Memory Usage (464020K) : emwihv_drw has 0 polygons
2026-03-25 22:52:26 +0100: Memory Usage (464020K) : lbe_drw has 0 polygons
2026-03-25 22:52:26 +0100: Memory Usage (464020K) : alcustop_drw has 0 polygons
2026-03-25 22:52:26 +0100: Memory Usage (464284K) : nometfiller_drw has 0 polygons
2026-03-25 22:52:26 +0100: Memory Usage (464284K) : prboundary_drw has 0 polygons
2026-03-25 22:52:26 +0100: Memory Usage (464284K) : exchange0_drw has 0 polygons
2026-03-25 22:52:26 +0100: Memory Usage (464548K) : exchange0_pin has 0 polygons
2026-03-25 22:52:26 +0100: Memory Usage (464548K) : exchange0_text has 0 polygons
2026-03-25 22:52:26 +0100: Memory Usage (464548K) : exchange1_drw has 0 polygons
2026-03-25 22:52:26 +0100: Memory Usage (464548K) : exchange1_pin has 0 polygons
2026-03-25 22:52:26 +0100: Memory Usage (464548K) : exchange1_text has 0 polygons
2026-03-25 22:52:26 +0100: Memory Usage (464812K) : exchange2_drw has 0 polygons
2026-03-25 22:52:26 +0100: Memory Usage (464812K) : exchange2_pin has 0 polygons
2026-03-25 22:52:26 +0100: Memory Usage (464812K) : exchange2_text has 0 polygons
2026-03-25 22:52:26 +0100: Memory Usage (464812K) : exchange3_drw has 0 polygons
2026-03-25 22:52:26 +0100: Memory Usage (465076K) : exchange3_pin has 0 polygons
2026-03-25 22:52:26 +0100: Memory Usage (465076K) : exchange3_text has 0 polygons
2026-03-25 22:52:26 +0100: Memory Usage (465076K) : exchange4_drw has 0 polygons
2026-03-25 22:52:26 +0100: Memory Usage (465076K) : exchange4_pin has 0 polygons
2026-03-25 22:52:26 +0100: Memory Usage (465340K) : exchange4_text has 0 polygons
2026-03-25 22:52:26 +0100: Memory Usage (465340K) : isonwell_drw has 0 polygons
2026-03-25 22:52:26 +0100: Memory Usage (465340K) : Total no. of polygons in the design is 55451
2026-03-25 22:52:26 +0100: Memory Usage (465340K) : Loaded TECH DRC rules values from /foss/pdks/ihp-sg13g2/libs.tech/klayout/python/sg13g2_pycell_lib/sg13g2_tech_mod.json
2026-03-25 22:52:26 +0100: Memory Usage (465340K) : Loaded default DRC rules values from /foss/pdks/ihp-sg13g2/libs.tech/klayout/tech/drc/rule_decks/sg13g2_tech_default.json
2026-03-25 22:52:26 +0100: Memory Usage (465340K) : The following rules values were missing in tech json and default values were used:
2026-03-25 22:52:26 +0100: Memory Usage (465340K) :   - Cnt_c_digibnd
2026-03-25 22:52:26 +0100: Memory Usage (465340K) : Total area of the design is 54805.149724999996 um^2.
2026-03-25 22:52:26 +0100: Memory Usage (465340K) : The design dimensions are 309.90500000000003 µm * 176.845 µm.
2026-03-25 22:52:26 +0100: Memory Usage (465340K) : Starting general IHP-SG13G2 derivations.
2026-03-25 22:52:26 +0100: Memory Usage (465340K) : Starting Pwell derivations
2026-03-25 22:52:26 +0100: Memory Usage (465340K) : Starting pad general derivations
2026-03-25 22:52:26 +0100: Memory Usage (465340K) : Starting IHP-SG13G2 DRC rules.
2026-03-25 22:52:26 +0100: Memory Usage (465340K) : Starting 6.9.1 Solder Bump
2026-03-25 22:52:26 +0100: Memory Usage (465340K) : Executing rule Padb.a
2026-03-25 22:52:26 +0100: Memory Usage (465340K) : Executing rule Padb.b
2026-03-25 22:52:26 +0100: Memory Usage (465340K) : Executing rule Padb.c
2026-03-25 22:52:26 +0100: Memory Usage (465340K) : Executing rule Padb.f
2026-03-25 22:52:26 +0100: Memory Usage (465340K) : Executing rule Padb.d
2026-03-25 22:52:26 +0100: Memory Usage (465340K) : KLayout DRC run for tables 'solderbump' completed in 1.0 seconds
