# Logfile created on 2026-03-25 22:52:22 +0100 by logger.rb/v1.5.3
2026-03-25 22:52:22 +0100: Memory Usage (437048K) : Starting running IHP-SG13G2 KLayout DRC runset on /foss/designs/Design/xschem/IHP__OPA2251/OPA2251-main/layout/klayout/HPA.gds
2026-03-25 22:52:22 +0100: Memory Usage (437048K) : Ruby Version for klayout: 3.2.3
2026-03-25 22:52:22 +0100: Memory Usage (438944K) : Loading database to memory is complete.
2026-03-25 22:52:22 +0100: Memory Usage (439216K) : IHP-SG13G2 KLayout DRC runset output at: /foss/designs/Design/xschem/IHP__OPA2251/OPA2251-main/layout/klayout/drc_run_HPA/HPA_HPA_activ.lyrdb
2026-03-25 22:52:22 +0100: Memory Usage (439216K) : Evaluate switches.
2026-03-25 22:52:22 +0100: Memory Usage (439216K) : tables selected: activ
2026-03-25 22:52:22 +0100: Memory Usage (439216K) : KLayout will use 4 thread(s) in tiled mode.
2026-03-25 22:52:22 +0100: Memory Usage (439216K) : flat mode is enabled.
2026-03-25 22:52:22 +0100: Memory Usage (439216K) : FEOL enabled: false
2026-03-25 22:52:22 +0100: Memory Usage (439216K) : BEOL enabled: false
2026-03-25 22:52:22 +0100: Memory Usage (439216K) : OFFGRID enabled: true
2026-03-25 22:52:22 +0100: Memory Usage (439216K) : PIN enabled: false
2026-03-25 22:52:22 +0100: Memory Usage (439216K) : FORBIDDEN enabled: false
2026-03-25 22:52:22 +0100: Memory Usage (439216K) : RECOMMENDED enabled: true
2026-03-25 22:52:22 +0100: Memory Usage (439216K) : PreCheck DRC enabled: false
2026-03-25 22:52:22 +0100: Memory Usage (439216K) : CONNECTIVITY_RULES enabled: false.
2026-03-25 22:52:22 +0100: Memory Usage (439216K) : Read in polygons from layers.
2026-03-25 22:52:22 +0100: Memory Usage (441668K) : activ_drw has 198 polygons
2026-03-25 22:52:22 +0100: Memory Usage (441668K) : activ_pin has 0 polygons
2026-03-25 22:52:22 +0100: Memory Usage (441668K) : activ_mask has 0 polygons
2026-03-25 22:52:22 +0100: Memory Usage (441668K) : activ_filler has 0 polygons
2026-03-25 22:52:22 +0100: Memory Usage (441668K) : activ_nofill has 0 polygons
2026-03-25 22:52:22 +0100: Memory Usage (441668K) : activ_opc has 0 polygons
2026-03-25 22:52:22 +0100: Memory Usage (441668K) : activ_iopc has 0 polygons
2026-03-25 22:52:22 +0100: Memory Usage (441668K) : activ_noqrc has 0 polygons
2026-03-25 22:52:22 +0100: Memory Usage (441668K) : biwind_drw has 0 polygons
2026-03-25 22:52:22 +0100: Memory Usage (441668K) : biwind_opc has 0 polygons
2026-03-25 22:52:22 +0100: Memory Usage (441668K) : pemwind_drw has 0 polygons
2026-03-25 22:52:22 +0100: Memory Usage (442700K) : gatpoly_drw has 108 polygons
2026-03-25 22:52:22 +0100: Memory Usage (442892K) : gatpoly_pin has 124 polygons
2026-03-25 22:52:22 +0100: Memory Usage (442892K) : gatpoly_filler has 0 polygons
2026-03-25 22:52:22 +0100: Memory Usage (442892K) : gatpoly_nofill has 0 polygons
2026-03-25 22:52:22 +0100: Memory Usage (442892K) : gatpoly_opc has 0 polygons
2026-03-25 22:52:22 +0100: Memory Usage (442892K) : gatpoly_iopc has 0 polygons
2026-03-25 22:52:22 +0100: Memory Usage (442892K) : gatpoly_noqrc has 0 polygons
2026-03-25 22:52:22 +0100: Memory Usage (449224K) : cont_drw has 16803 polygons
2026-03-25 22:52:22 +0100: Memory Usage (449224K) : cont_opc has 0 polygons
2026-03-25 22:52:22 +0100: Memory Usage (449224K) : nsd_drw has 0 polygons
2026-03-25 22:52:22 +0100: Memory Usage (449224K) : nsd_block has 0 polygons
2026-03-25 22:52:22 +0100: Memory Usage (449224K) : metal1_drw has 390 polygons
2026-03-25 22:52:22 +0100: Memory Usage (449224K) : metal1_pin has 515 polygons
2026-03-25 22:52:22 +0100: Memory Usage (449224K) : metal1_mask has 0 polygons
2026-03-25 22:52:22 +0100: Memory Usage (449224K) : metal1_filler has 0 polygons
2026-03-25 22:52:22 +0100: Memory Usage (449224K) : metal1_nofill has 0 polygons
2026-03-25 22:52:22 +0100: Memory Usage (449264K) : metal1_slit has 0 polygons
2026-03-25 22:52:22 +0100: Memory Usage (449264K) : metal1_text has 0 polygons
2026-03-25 22:52:22 +0100: Memory Usage (449264K) : metal1_opc has 0 polygons
2026-03-25 22:52:22 +0100: Memory Usage (449264K) : metal1_noqrc has 0 polygons
2026-03-25 22:52:22 +0100: Memory Usage (449264K) : metal1_res has 0 polygons
2026-03-25 22:52:22 +0100: Memory Usage (449264K) : metal1_iprobe has 0 polygons
2026-03-25 22:52:22 +0100: Memory Usage (449264K) : metal1_diffprb has 0 polygons
2026-03-25 22:52:22 +0100: Memory Usage (449264K) : passiv_drw has 0 polygons
2026-03-25 22:52:22 +0100: Memory Usage (449264K) : passiv_pin has 0 polygons
2026-03-25 22:52:22 +0100: Memory Usage (449264K) : passiv_sbump has 0 polygons
2026-03-25 22:52:22 +0100: Memory Usage (449264K) : passiv_pillar has 0 polygons
2026-03-25 22:52:22 +0100: Memory Usage (449264K) : passiv_pdl has 0 polygons
2026-03-25 22:52:22 +0100: Memory Usage (449264K) : metal2_drw has 95 polygons
2026-03-25 22:52:22 +0100: Memory Usage (449264K) : metal2_pin has 11 polygons
2026-03-25 22:52:22 +0100: Memory Usage (449264K) : metal2_mask has 0 polygons
2026-03-25 22:52:22 +0100: Memory Usage (449452K) : metal2_filler has 0 polygons
2026-03-25 22:52:22 +0100: Memory Usage (449452K) : metal2_nofill has 0 polygons
2026-03-25 22:52:22 +0100: Memory Usage (449452K) : metal2_slit has 0 polygons
2026-03-25 22:52:22 +0100: Memory Usage (449452K) : metal2_text has 0 polygons
2026-03-25 22:52:22 +0100: Memory Usage (449452K) : metal2_opc has 0 polygons
2026-03-25 22:52:22 +0100: Memory Usage (449452K) : metal2_noqrc has 0 polygons
2026-03-25 22:52:22 +0100: Memory Usage (449452K) : metal2_res has 0 polygons
2026-03-25 22:52:22 +0100: Memory Usage (449516K) : metal2_iprobe has 0 polygons
2026-03-25 22:52:22 +0100: Memory Usage (449516K) : metal2_diffprb has 0 polygons
2026-03-25 22:52:22 +0100: Memory Usage (449516K) : baspoly_drw has 0 polygons
2026-03-25 22:52:22 +0100: Memory Usage (449516K) : baspoly_pin has 0 polygons
2026-03-25 22:52:22 +0100: Memory Usage (449516K) : psd_drw has 24 polygons
2026-03-25 22:52:22 +0100: Memory Usage (449516K) : nldb_drw has 0 polygons
2026-03-25 22:52:22 +0100: Memory Usage (449516K) : digibnd_drw has 0 polygons
2026-03-25 22:52:22 +0100: Memory Usage (451624K) : via1_drw has 9590 polygons
2026-03-25 22:52:22 +0100: Memory Usage (451624K) : backmetal1_drw has 0 polygons
2026-03-25 22:52:22 +0100: Memory Usage (451624K) : backmetal1_pin has 0 polygons
2026-03-25 22:52:22 +0100: Memory Usage (451624K) : backmetal1_mask has 0 polygons
2026-03-25 22:52:22 +0100: Memory Usage (451860K) : backmetal1_filler has 0 polygons
2026-03-25 22:52:22 +0100: Memory Usage (451860K) : backmetal1_nofill has 0 polygons
2026-03-25 22:52:22 +0100: Memory Usage (451860K) : backmetal1_slit has 0 polygons
2026-03-25 22:52:22 +0100: Memory Usage (451860K) : backmetal1_text has 0 polygons
2026-03-25 22:52:22 +0100: Memory Usage (451860K) : backmetal1_opc has 0 polygons
2026-03-25 22:52:22 +0100: Memory Usage (451860K) : backmetal1_noqrc has 0 polygons
2026-03-25 22:52:22 +0100: Memory Usage (451860K) : backmetal1_res has 0 polygons
2026-03-25 22:52:22 +0100: Memory Usage (451860K) : backmetal1_iprobe has 0 polygons
2026-03-25 22:52:22 +0100: Memory Usage (451860K) : backmetal1_diffprb has 0 polygons
2026-03-25 22:52:22 +0100: Memory Usage (451860K) : backpassiv_drw has 0 polygons
2026-03-25 22:52:22 +0100: Memory Usage (451860K) : res_drw has 0 polygons
2026-03-25 22:52:22 +0100: Memory Usage (451924K) : sram_drw has 0 polygons
2026-03-25 22:52:22 +0100: Memory Usage (451924K) : trans_drw has 0 polygons
2026-03-25 22:52:22 +0100: Memory Usage (451988K) : ind_drw has 0 polygons
2026-03-25 22:52:22 +0100: Memory Usage (451988K) : ind_pin has 0 polygons
2026-03-25 22:52:23 +0100: Memory Usage (451988K) : ind_text has 0 polygons
2026-03-25 22:52:23 +0100: Memory Usage (452248K) : salblock_drw has 7 polygons
2026-03-25 22:52:23 +0100: Memory Usage (454096K) : via2_drw has 7995 polygons
2026-03-25 22:52:23 +0100: Memory Usage (454096K) : metal3_drw has 67 polygons
2026-03-25 22:52:23 +0100: Memory Usage (454096K) : metal3_pin has 8 polygons
2026-03-25 22:52:23 +0100: Memory Usage (454096K) : metal3_mask has 0 polygons
2026-03-25 22:52:23 +0100: Memory Usage (454096K) : metal3_filler has 0 polygons
2026-03-25 22:52:23 +0100: Memory Usage (454096K) : metal3_nofill has 0 polygons
2026-03-25 22:52:23 +0100: Memory Usage (454192K) : metal3_slit has 0 polygons
2026-03-25 22:52:23 +0100: Memory Usage (454192K) : metal3_text has 0 polygons
2026-03-25 22:52:23 +0100: Memory Usage (454192K) : metal3_opc has 0 polygons
2026-03-25 22:52:23 +0100: Memory Usage (454192K) : metal3_noqrc has 0 polygons
2026-03-25 22:52:23 +0100: Memory Usage (454192K) : metal3_res has 0 polygons
2026-03-25 22:52:23 +0100: Memory Usage (454192K) : metal3_iprobe has 0 polygons
2026-03-25 22:52:23 +0100: Memory Usage (454460K) : metal3_diffprb has 0 polygons
2026-03-25 22:52:23 +0100: Memory Usage (454984K) : nwell_drw has 5 polygons
2026-03-25 22:52:23 +0100: Memory Usage (454984K) : nwell_pin has 0 polygons
2026-03-25 22:52:23 +0100: Memory Usage (454984K) : nbulay_drw has 0 polygons
2026-03-25 22:52:23 +0100: Memory Usage (454984K) : nbulay_pin has 0 polygons
2026-03-25 22:52:23 +0100: Memory Usage (454984K) : nbulay_block has 0 polygons
2026-03-25 22:52:23 +0100: Memory Usage (454984K) : emwind_drw has 0 polygons
2026-03-25 22:52:23 +0100: Memory Usage (454984K) : emwind_opc has 0 polygons
2026-03-25 22:52:23 +0100: Memory Usage (454984K) : deepco_drw has 0 polygons
2026-03-25 22:52:23 +0100: Memory Usage (454984K) : deepco_drw has 0 polygons
2026-03-25 22:52:23 +0100: Memory Usage (454984K) : mim_drw has 2 polygons
2026-03-25 22:52:23 +0100: Memory Usage (454984K) : edgeseal_drw has 0 polygons
2026-03-25 22:52:23 +0100: Memory Usage (454984K) : edgeseal_bound has 0 polygons
2026-03-25 22:52:23 +0100: Memory Usage (454984K) : substrate_drw has 723 polygons
2026-03-25 22:52:23 +0100: Memory Usage (454984K) : substrate_text has 0 polygons
2026-03-25 22:52:23 +0100: Memory Usage (454984K) : dfpad_drw has 0 polygons
2026-03-25 22:52:23 +0100: Memory Usage (454984K) : dfpad_pillar has 0 polygons
2026-03-25 22:52:23 +0100: Memory Usage (454984K) : dfpad_sbump has 0 polygons
2026-03-25 22:52:23 +0100: Memory Usage (454984K) : thickgateox_drw has 0 polygons
2026-03-25 22:52:23 +0100: Memory Usage (454984K) : pldb_drw has 0 polygons
2026-03-25 22:52:23 +0100: Memory Usage (454984K) : pwell_drw has 0 polygons
2026-03-25 22:52:23 +0100: Memory Usage (454984K) : pwell_pin has 0 polygons
2026-03-25 22:52:23 +0100: Memory Usage (454984K) : pwell_block has 0 polygons
2026-03-25 22:52:23 +0100: Memory Usage (454984K) : ic_drw has 0 polygons
2026-03-25 22:52:23 +0100: Memory Usage (455776K) : via3_drw has 7005 polygons
2026-03-25 22:52:23 +0100: Memory Usage (455776K) : metal4_drw has 40 polygons
2026-03-25 22:52:23 +0100: Memory Usage (455776K) : metal4_pin has 3 polygons
2026-03-25 22:52:23 +0100: Memory Usage (455776K) : metal4_mask has 0 polygons
2026-03-25 22:52:23 +0100: Memory Usage (455776K) : metal4_filler has 0 polygons
2026-03-25 22:52:23 +0100: Memory Usage (455776K) : metal4_nofill has 0 polygons
2026-03-25 22:52:23 +0100: Memory Usage (455776K) : metal4_slit has 0 polygons
2026-03-25 22:52:23 +0100: Memory Usage (455776K) : metal4_text has 0 polygons
2026-03-25 22:52:23 +0100: Memory Usage (455776K) : metal4_opc has 0 polygons
2026-03-25 22:52:23 +0100: Memory Usage (455776K) : metal4_noqrc has 0 polygons
2026-03-25 22:52:23 +0100: Memory Usage (455776K) : metal4_res has 0 polygons
2026-03-25 22:52:23 +0100: Memory Usage (455776K) : metal4_iprobe has 0 polygons
2026-03-25 22:52:23 +0100: Memory Usage (455776K) : metal4_diffprb has 0 polygons
2026-03-25 22:52:23 +0100: Memory Usage (455776K) : heattrans_drw has 421 polygons
2026-03-25 22:52:23 +0100: Memory Usage (455776K) : heatres_drw has 7 polygons
2026-03-25 22:52:23 +0100: Memory Usage (455776K) : pempoly_drw has 0 polygons
2026-03-25 22:52:23 +0100: Memory Usage (455776K) : fbe_drw has 0 polygons
2026-03-25 22:52:23 +0100: Memory Usage (455776K) : empoly_drw has 0 polygons
2026-03-25 22:52:23 +0100: Memory Usage (455776K) : ldmos_drw has 0 polygons
2026-03-25 22:52:23 +0100: Memory Usage (455776K) : pbiwind_drw has 0 polygons
2026-03-25 22:52:23 +0100: Memory Usage (455776K) : digisub_drw has 0 polygons
2026-03-25 22:52:23 +0100: Memory Usage (455776K) : nodrc_drw has 0 polygons
2026-03-25 22:52:23 +0100: Memory Usage (455776K) : text_drw has 1107 polygons
2026-03-25 22:52:23 +0100: Memory Usage (456040K) : via4_drw has 6898 polygons
2026-03-25 22:52:23 +0100: Memory Usage (456040K) : metal5_drw has 32 polygons
2026-03-25 22:52:23 +0100: Memory Usage (456040K) : metal5_pin has 5 polygons
2026-03-25 22:52:23 +0100: Memory Usage (456040K) : metal5_mask has 0 polygons
2026-03-25 22:52:23 +0100: Memory Usage (456040K) : metal5_filler has 0 polygons
2026-03-25 22:52:23 +0100: Memory Usage (456040K) : metal5_nofill has 0 polygons
2026-03-25 22:52:23 +0100: Memory Usage (456040K) : metal5_slit has 0 polygons
2026-03-25 22:52:23 +0100: Memory Usage (456040K) : metal5_text has 1 polygons
2026-03-25 22:52:23 +0100: Memory Usage (456040K) : metal5_opc has 0 polygons
2026-03-25 22:52:23 +0100: Memory Usage (456040K) : metal5_noqrc has 0 polygons
2026-03-25 22:52:23 +0100: Memory Usage (456040K) : metal5_res has 0 polygons
2026-03-25 22:52:23 +0100: Memory Usage (456040K) : metal5_iprobe has 0 polygons
2026-03-25 22:52:23 +0100: Memory Usage (456040K) : metal5_diffprb has 0 polygons
2026-03-25 22:52:23 +0100: Memory Usage (456040K) : radhard_drw has 0 polygons
2026-03-25 22:52:23 +0100: Memory Usage (456040K) : memcap_drw has 0 polygons
2026-03-25 22:52:23 +0100: Memory Usage (456040K) : varicap_drw has 0 polygons
2026-03-25 22:52:23 +0100: Memory Usage (456040K) : flash_drw has 0 polygons
2026-03-25 22:52:23 +0100: Memory Usage (456040K) : intbondvia_drw has 0 polygons
2026-03-25 22:52:23 +0100: Memory Usage (456040K) : intbondmet_drw has 0 polygons
2026-03-25 22:52:23 +0100: Memory Usage (456040K) : devbondvia_drw has 0 polygons
2026-03-25 22:52:23 +0100: Memory Usage (456040K) : devbondmet_drw has 0 polygons
2026-03-25 22:52:23 +0100: Memory Usage (456040K) : devtrench_drw has 0 polygons
2026-03-25 22:52:23 +0100: Memory Usage (456040K) : redist_drw has 0 polygons
2026-03-25 22:52:23 +0100: Memory Usage (456040K) : graphbot_drw has 0 polygons
2026-03-25 22:52:23 +0100: Memory Usage (456040K) : graphtop_drw has 0 polygons
2026-03-25 22:52:23 +0100: Memory Usage (456040K) : antvia1_drw has 0 polygons
2026-03-25 22:52:23 +0100: Memory Usage (456040K) : antmetal2_drw has 0 polygons
2026-03-25 22:52:23 +0100: Memory Usage (456040K) : graphcont_drw has 0 polygons
2026-03-25 22:52:23 +0100: Memory Usage (456040K) : siwg_drw has 0 polygons
2026-03-25 22:52:23 +0100: Memory Usage (456040K) : siwg_filler has 0 polygons
2026-03-25 22:52:23 +0100: Memory Usage (456040K) : siwg_nofill has 0 polygons
2026-03-25 22:52:23 +0100: Memory Usage (456040K) : sigrating_drw has 0 polygons
2026-03-25 22:52:23 +0100: Memory Usage (456040K) : singrating_drw has 0 polygons
2026-03-25 22:52:23 +0100: Memory Usage (456040K) : graphpas_drw has 0 polygons
2026-03-25 22:52:23 +0100: Memory Usage (456040K) : emwind3_drw has 0 polygons
2026-03-25 22:52:23 +0100: Memory Usage (456040K) : emwihv3_drw has 0 polygons
2026-03-25 22:52:23 +0100: Memory Usage (456040K) : redbulay_drw has 0 polygons
2026-03-25 22:52:23 +0100: Memory Usage (456040K) : smos_drw has 0 polygons
2026-03-25 22:52:23 +0100: Memory Usage (456040K) : graphpad_drw has 0 polygons
2026-03-25 22:52:23 +0100: Memory Usage (456040K) : polimide_drw has 0 polygons
2026-03-25 22:52:23 +0100: Memory Usage (456040K) : polimide_pin has 0 polygons
2026-03-25 22:52:23 +0100: Memory Usage (456040K) : recog_drw has 0 polygons
2026-03-25 22:52:23 +0100: Memory Usage (456040K) : recog_pin has 0 polygons
2026-03-25 22:52:23 +0100: Memory Usage (456040K) : recog_esd has 0 polygons
2026-03-25 22:52:23 +0100: Memory Usage (456040K) : recog_diode has 0 polygons
2026-03-25 22:52:23 +0100: Memory Usage (456040K) : recog_tsv has 0 polygons
2026-03-25 22:52:23 +0100: Memory Usage (456040K) : recog_iprobe has 0 polygons
2026-03-25 22:52:23 +0100: Memory Usage (456040K) : recog_diffprb has 0 polygons
2026-03-25 22:52:23 +0100: Memory Usage (456040K) : recog_pillar has 0 polygons
2026-03-25 22:52:23 +0100: Memory Usage (456040K) : recog_sbump has 0 polygons
2026-03-25 22:52:23 +0100: Memory Usage (456040K) : recog_otp has 0 polygons
2026-03-25 22:52:23 +0100: Memory Usage (456040K) : recog_pdiode has 0 polygons
2026-03-25 22:52:23 +0100: Memory Usage (456040K) : recog_mom has 0 polygons
2026-03-25 22:52:23 +0100: Memory Usage (456040K) : recog_pcm has 0 polygons
2026-03-25 22:52:23 +0100: Memory Usage (456040K) : colopen_drw has 0 polygons
2026-03-25 22:52:23 +0100: Memory Usage (456040K) : graphmetal1_drw has 0 polygons
2026-03-25 22:52:23 +0100: Memory Usage (456040K) : graphmetal1_filler has 0 polygons
2026-03-25 22:52:23 +0100: Memory Usage (456040K) : graphmetal1_nofill has 0 polygons
2026-03-25 22:52:23 +0100: Memory Usage (456040K) : graphmetal1_slit has 0 polygons
2026-03-25 22:52:23 +0100: Memory Usage (456040K) : graphmetal1_opc has 0 polygons
2026-03-25 22:52:23 +0100: Memory Usage (456040K) : graphmet1l_drw has 0 polygons
2026-03-25 22:52:23 +0100: Memory Usage (456040K) : graphmet1l_filler has 0 polygons
2026-03-25 22:52:23 +0100: Memory Usage (456040K) : graphmet1l_nofill has 0 polygons
2026-03-25 22:52:23 +0100: Memory Usage (456040K) : graphmet1l_slit has 0 polygons
2026-03-25 22:52:23 +0100: Memory Usage (456040K) : graphmet1l_opc has 0 polygons
2026-03-25 22:52:23 +0100: Memory Usage (456040K) : extblock_drw has 5 polygons
2026-03-25 22:52:23 +0100: Memory Usage (456304K) : nldd_drw has 0 polygons
2026-03-25 22:52:23 +0100: Memory Usage (456304K) : pldd_drw has 0 polygons
2026-03-25 22:52:23 +0100: Memory Usage (456304K) : next_drw has 0 polygons
2026-03-25 22:52:23 +0100: Memory Usage (456568K) : pext_drw has 0 polygons
2026-03-25 22:52:23 +0100: Memory Usage (456568K) : nexthv_drw has 0 polygons
2026-03-25 22:52:23 +0100: Memory Usage (456832K) : pexthv_drw has 0 polygons
2026-03-25 22:52:23 +0100: Memory Usage (456832K) : graphgate_drw has 0 polygons
2026-03-25 22:52:23 +0100: Memory Usage (456832K) : sinwg_drw has 0 polygons
2026-03-25 22:52:23 +0100: Memory Usage (457096K) : sinwg_filler has 0 polygons
2026-03-25 22:52:23 +0100: Memory Usage (457096K) : sinwg_nofill has 0 polygons
2026-03-25 22:52:23 +0100: Memory Usage (457096K) : mempad_drw has 0 polygons
2026-03-25 22:52:23 +0100: Memory Usage (457624K) : topvia1_drw has 1720 polygons
2026-03-25 22:52:23 +0100: Memory Usage (457624K) : topmetal1_drw has 13 polygons
2026-03-25 22:52:23 +0100: Memory Usage (457624K) : topmetal1_pin has 15 polygons
2026-03-25 22:52:23 +0100: Memory Usage (457624K) : topmetal1_mask has 0 polygons
2026-03-25 22:52:23 +0100: Memory Usage (457888K) : topmetal1_filler has 0 polygons
2026-03-25 22:52:23 +0100: Memory Usage (457888K) : topmetal1_nofill has 0 polygons
2026-03-25 22:52:23 +0100: Memory Usage (457888K) : topmetal1_slit has 0 polygons
2026-03-25 22:52:23 +0100: Memory Usage (458152K) : topmetal1_text has 5 polygons
2026-03-25 22:52:23 +0100: Memory Usage (458152K) : topmetal1_noqrc has 0 polygons
2026-03-25 22:52:23 +0100: Memory Usage (458152K) : topmetal1_res has 0 polygons
2026-03-25 22:52:23 +0100: Memory Usage (458416K) : topmetal1_iprobe has 0 polygons
2026-03-25 22:52:23 +0100: Memory Usage (458416K) : topmetal1_diffprb has 0 polygons
2026-03-25 22:52:23 +0100: Memory Usage (458680K) : inldpwl_drw has 0 polygons
2026-03-25 22:52:23 +0100: Memory Usage (458680K) : polyres_drw has 7 polygons
2026-03-25 22:52:23 +0100: Memory Usage (458680K) : polyres_pin has 0 polygons
2026-03-25 22:52:23 +0100: Memory Usage (458944K) : vmim_drw has 578 polygons
2026-03-25 22:52:23 +0100: Memory Usage (458944K) : nbulaycut_drw has 0 polygons
2026-03-25 22:52:23 +0100: Memory Usage (459208K) : antmetal1_drw has 0 polygons
2026-03-25 22:52:23 +0100: Memory Usage (459208K) : topvia2_drw has 916 polygons
2026-03-25 22:52:23 +0100: Memory Usage (459472K) : topmetal2_drw has 4 polygons
2026-03-25 22:52:23 +0100: Memory Usage (459472K) : topmetal2_pin has 2 polygons
2026-03-25 22:52:23 +0100: Memory Usage (459472K) : topmetal2_mask has 0 polygons
2026-03-25 22:52:23 +0100: Memory Usage (459736K) : topmetal2_filler has 0 polygons
2026-03-25 22:52:23 +0100: Memory Usage (459736K) : topmetal2_nofill has 0 polygons
2026-03-25 22:52:23 +0100: Memory Usage (460000K) : topmetal2_slit has 0 polygons
2026-03-25 22:52:23 +0100: Memory Usage (460000K) : topmetal2_text has 2 polygons
2026-03-25 22:52:23 +0100: Memory Usage (460000K) : topmetal2_noqrc has 0 polygons
2026-03-25 22:52:23 +0100: Memory Usage (460000K) : topmetal2_res has 0 polygons
2026-03-25 22:52:23 +0100: Memory Usage (460264K) : topmetal2_iprobe has 0 polygons
2026-03-25 22:52:23 +0100: Memory Usage (460264K) : topmetal2_diffprb has 0 polygons
2026-03-25 22:52:23 +0100: Memory Usage (460528K) : snsring_drw has 0 polygons
2026-03-25 22:52:23 +0100: Memory Usage (460528K) : sensor_drw has 0 polygons
2026-03-25 22:52:23 +0100: Memory Usage (460528K) : snsarms_drw has 0 polygons
2026-03-25 22:52:23 +0100: Memory Usage (460792K) : snscmosvia_drw has 0 polygons
2026-03-25 22:52:23 +0100: Memory Usage (460792K) : colwind_drw has 0 polygons
2026-03-25 22:52:23 +0100: Memory Usage (461056K) : flm_drw has 0 polygons
2026-03-25 22:52:23 +0100: Memory Usage (461056K) : hafniumox_drw has 0 polygons
2026-03-25 22:52:23 +0100: Memory Usage (461056K) : memvia_drw has 0 polygons
2026-03-25 22:52:23 +0100: Memory Usage (461320K) : thinfilmres_drw has 0 polygons
2026-03-25 22:52:23 +0100: Memory Usage (461320K) : rfmem_drw has 0 polygons
2026-03-25 22:52:23 +0100: Memory Usage (461584K) : norcx_drw has 0 polygons
2026-03-25 22:52:23 +0100: Memory Usage (461584K) : norcx_m2m3 has 0 polygons
2026-03-25 22:52:23 +0100: Memory Usage (461584K) : norcx_m2m4 has 0 polygons
2026-03-25 22:52:23 +0100: Memory Usage (461584K) : norcx_m2m5 has 0 polygons
2026-03-25 22:52:23 +0100: Memory Usage (461848K) : norcx_m2tm1 has 0 polygons
2026-03-25 22:52:23 +0100: Memory Usage (461848K) : norcx_m2tm2 has 0 polygons
2026-03-25 22:52:23 +0100: Memory Usage (461848K) : norcx_m3m4 has 0 polygons
2026-03-25 22:52:23 +0100: Memory Usage (462112K) : norcx_m3m5 has 0 polygons
2026-03-25 22:52:23 +0100: Memory Usage (462112K) : norcx_m3tm1 has 0 polygons
2026-03-25 22:52:23 +0100: Memory Usage (462112K) : norcx_m3tm2 has 0 polygons
2026-03-25 22:52:23 +0100: Memory Usage (462112K) : norcx_m4m5 has 0 polygons
2026-03-25 22:52:23 +0100: Memory Usage (462376K) : norcx_m4tm1 has 0 polygons
2026-03-25 22:52:23 +0100: Memory Usage (462376K) : norcx_m4tm2 has 0 polygons
2026-03-25 22:52:23 +0100: Memory Usage (462376K) : norcx_m5tm1 has 0 polygons
2026-03-25 22:52:23 +0100: Memory Usage (462640K) : norcx_m5tm2 has 0 polygons
2026-03-25 22:52:23 +0100: Memory Usage (462640K) : norcx_tm1tm2 has 0 polygons
2026-03-25 22:52:23 +0100: Memory Usage (462640K) : norcx_m1sub has 0 polygons
2026-03-25 22:52:23 +0100: Memory Usage (462640K) : norcx_m2sub has 0 polygons
2026-03-25 22:52:23 +0100: Memory Usage (462904K) : norcx_m3sub has 0 polygons
2026-03-25 22:52:23 +0100: Memory Usage (462904K) : norcx_m4sub has 0 polygons
2026-03-25 22:52:23 +0100: Memory Usage (462904K) : norcx_m5sub has 0 polygons
2026-03-25 22:52:23 +0100: Memory Usage (463168K) : norcx_tm1sub has 0 polygons
2026-03-25 22:52:23 +0100: Memory Usage (463168K) : norcx_tm2sub has 0 polygons
2026-03-25 22:52:23 +0100: Memory Usage (463168K) : snsbotvia_drw has 0 polygons
2026-03-25 22:52:23 +0100: Memory Usage (463432K) : snstopvia_drw has 0 polygons
2026-03-25 22:52:23 +0100: Memory Usage (463432K) : deepvia_drw has 0 polygons
2026-03-25 22:52:23 +0100: Memory Usage (463696K) : fgetch_drw has 0 polygons
2026-03-25 22:52:23 +0100: Memory Usage (463696K) : ctrgat_drw has 0 polygons
2026-03-25 22:52:23 +0100: Memory Usage (463696K) : fgimp_drw has 0 polygons
2026-03-25 22:52:23 +0100: Memory Usage (463960K) : emwihv_drw has 0 polygons
2026-03-25 22:52:23 +0100: Memory Usage (463960K) : lbe_drw has 0 polygons
2026-03-25 22:52:23 +0100: Memory Usage (463960K) : alcustop_drw has 0 polygons
2026-03-25 22:52:23 +0100: Memory Usage (464224K) : nometfiller_drw has 0 polygons
2026-03-25 22:52:23 +0100: Memory Usage (464224K) : prboundary_drw has 0 polygons
2026-03-25 22:52:23 +0100: Memory Usage (464224K) : exchange0_drw has 0 polygons
2026-03-25 22:52:23 +0100: Memory Usage (464224K) : exchange0_pin has 0 polygons
2026-03-25 22:52:23 +0100: Memory Usage (464488K) : exchange0_text has 0 polygons
2026-03-25 22:52:23 +0100: Memory Usage (464488K) : exchange1_drw has 0 polygons
2026-03-25 22:52:23 +0100: Memory Usage (464488K) : exchange1_pin has 0 polygons
2026-03-25 22:52:23 +0100: Memory Usage (464488K) : exchange1_text has 0 polygons
2026-03-25 22:52:23 +0100: Memory Usage (464752K) : exchange2_drw has 0 polygons
2026-03-25 22:52:23 +0100: Memory Usage (464752K) : exchange2_pin has 0 polygons
2026-03-25 22:52:23 +0100: Memory Usage (464752K) : exchange2_text has 0 polygons
2026-03-25 22:52:23 +0100: Memory Usage (464752K) : exchange3_drw has 0 polygons
2026-03-25 22:52:23 +0100: Memory Usage (465016K) : exchange3_pin has 0 polygons
2026-03-25 22:52:23 +0100: Memory Usage (465016K) : exchange3_text has 0 polygons
2026-03-25 22:52:23 +0100: Memory Usage (465016K) : exchange4_drw has 0 polygons
2026-03-25 22:52:23 +0100: Memory Usage (465016K) : exchange4_pin has 0 polygons
2026-03-25 22:52:23 +0100: Memory Usage (465016K) : exchange4_text has 0 polygons
2026-03-25 22:52:23 +0100: Memory Usage (465280K) : isonwell_drw has 0 polygons
2026-03-25 22:52:23 +0100: Memory Usage (465280K) : Total no. of polygons in the design is 55451
2026-03-25 22:52:23 +0100: Memory Usage (465280K) : Loaded TECH DRC rules values from /foss/pdks/ihp-sg13g2/libs.tech/klayout/python/sg13g2_pycell_lib/sg13g2_tech_mod.json
2026-03-25 22:52:23 +0100: Memory Usage (465280K) : Loaded default DRC rules values from /foss/pdks/ihp-sg13g2/libs.tech/klayout/tech/drc/rule_decks/sg13g2_tech_default.json
2026-03-25 22:52:23 +0100: Memory Usage (465280K) : The following rules values were missing in tech json and default values were used:
2026-03-25 22:52:23 +0100: Memory Usage (465280K) :   - Cnt_c_digibnd
2026-03-25 22:52:23 +0100: Memory Usage (465280K) : Total area of the design is 54805.149724999996 um^2.
2026-03-25 22:52:23 +0100: Memory Usage (465280K) : The design dimensions are 309.90500000000003 µm * 176.845 µm.
2026-03-25 22:52:23 +0100: Memory Usage (465280K) : Starting general IHP-SG13G2 derivations.
2026-03-25 22:52:23 +0100: Memory Usage (465280K) : Starting Pwell derivations
2026-03-25 22:52:23 +0100: Memory Usage (465280K) : Starting IHP-SG13G2 DRC rules.
2026-03-25 22:52:23 +0100: Memory Usage (465280K) : Starting 5.5. Activ table
2026-03-25 22:52:23 +0100: Memory Usage (465280K) : Executing rule Act.a
2026-03-25 22:52:23 +0100: Memory Usage (465280K) : Executing rule Act.b
2026-03-25 22:52:23 +0100: Memory Usage (465280K) : KLayout DRC run for tables 'activ' completed in 0.96 seconds
