# Logfile created on 2026-03-25 22:52:31 +0100 by logger.rb/v1.5.3
2026-03-25 22:52:31 +0100: Memory Usage (436972K) : Starting running IHP-SG13G2 KLayout DRC runset on /foss/designs/Design/xschem/IHP__OPA2251/OPA2251-main/layout/klayout/HPA.gds
2026-03-25 22:52:31 +0100: Memory Usage (436972K) : Ruby Version for klayout: 3.2.3
2026-03-25 22:52:31 +0100: Memory Usage (438776K) : Loading database to memory is complete.
2026-03-25 22:52:31 +0100: Memory Usage (438776K) : IHP-SG13G2 KLayout DRC runset output at: /foss/designs/Design/xschem/IHP__OPA2251/OPA2251-main/layout/klayout/drc_run_HPA/HPA_HPA_pin.lyrdb
2026-03-25 22:52:31 +0100: Memory Usage (438776K) : Evaluate switches.
2026-03-25 22:52:31 +0100: Memory Usage (438776K) : tables selected: pin
2026-03-25 22:52:31 +0100: Memory Usage (438776K) : KLayout will use 4 thread(s) in tiled mode.
2026-03-25 22:52:31 +0100: Memory Usage (438776K) : flat mode is enabled.
2026-03-25 22:52:31 +0100: Memory Usage (438776K) : FEOL enabled: false
2026-03-25 22:52:31 +0100: Memory Usage (438776K) : BEOL enabled: false
2026-03-25 22:52:31 +0100: Memory Usage (438776K) : OFFGRID enabled: true
2026-03-25 22:52:31 +0100: Memory Usage (438776K) : PIN enabled: false
2026-03-25 22:52:31 +0100: Memory Usage (438776K) : FORBIDDEN enabled: false
2026-03-25 22:52:31 +0100: Memory Usage (438776K) : RECOMMENDED enabled: true
2026-03-25 22:52:31 +0100: Memory Usage (438776K) : PreCheck DRC enabled: false
2026-03-25 22:52:31 +0100: Memory Usage (438776K) : CONNECTIVITY_RULES enabled: false.
2026-03-25 22:52:31 +0100: Memory Usage (438776K) : Read in polygons from layers.
2026-03-25 22:52:31 +0100: Memory Usage (441396K) : activ_drw has 198 polygons
2026-03-25 22:52:31 +0100: Memory Usage (441396K) : activ_pin has 0 polygons
2026-03-25 22:52:31 +0100: Memory Usage (441396K) : activ_mask has 0 polygons
2026-03-25 22:52:31 +0100: Memory Usage (441396K) : activ_filler has 0 polygons
2026-03-25 22:52:31 +0100: Memory Usage (441396K) : activ_nofill has 0 polygons
2026-03-25 22:52:31 +0100: Memory Usage (441396K) : activ_opc has 0 polygons
2026-03-25 22:52:31 +0100: Memory Usage (441396K) : activ_iopc has 0 polygons
2026-03-25 22:52:31 +0100: Memory Usage (441396K) : activ_noqrc has 0 polygons
2026-03-25 22:52:31 +0100: Memory Usage (441396K) : biwind_drw has 0 polygons
2026-03-25 22:52:31 +0100: Memory Usage (441396K) : biwind_opc has 0 polygons
2026-03-25 22:52:31 +0100: Memory Usage (441396K) : pemwind_drw has 0 polygons
2026-03-25 22:52:31 +0100: Memory Usage (442604K) : gatpoly_drw has 108 polygons
2026-03-25 22:52:31 +0100: Memory Usage (442604K) : gatpoly_pin has 124 polygons
2026-03-25 22:52:31 +0100: Memory Usage (442604K) : gatpoly_filler has 0 polygons
2026-03-25 22:52:31 +0100: Memory Usage (442604K) : gatpoly_nofill has 0 polygons
2026-03-25 22:52:31 +0100: Memory Usage (442604K) : gatpoly_opc has 0 polygons
2026-03-25 22:52:31 +0100: Memory Usage (442604K) : gatpoly_iopc has 0 polygons
2026-03-25 22:52:31 +0100: Memory Usage (442604K) : gatpoly_noqrc has 0 polygons
2026-03-25 22:52:31 +0100: Memory Usage (448940K) : cont_drw has 16803 polygons
2026-03-25 22:52:31 +0100: Memory Usage (448940K) : cont_opc has 0 polygons
2026-03-25 22:52:31 +0100: Memory Usage (448940K) : nsd_drw has 0 polygons
2026-03-25 22:52:31 +0100: Memory Usage (448940K) : nsd_block has 0 polygons
2026-03-25 22:52:31 +0100: Memory Usage (448940K) : metal1_drw has 390 polygons
2026-03-25 22:52:31 +0100: Memory Usage (448940K) : metal1_pin has 515 polygons
2026-03-25 22:52:31 +0100: Memory Usage (448940K) : metal1_mask has 0 polygons
2026-03-25 22:52:31 +0100: Memory Usage (448940K) : metal1_filler has 0 polygons
2026-03-25 22:52:31 +0100: Memory Usage (449028K) : metal1_nofill has 0 polygons
2026-03-25 22:52:31 +0100: Memory Usage (449028K) : metal1_slit has 0 polygons
2026-03-25 22:52:31 +0100: Memory Usage (449028K) : metal1_text has 0 polygons
2026-03-25 22:52:31 +0100: Memory Usage (449028K) : metal1_opc has 0 polygons
2026-03-25 22:52:31 +0100: Memory Usage (449028K) : metal1_noqrc has 0 polygons
2026-03-25 22:52:31 +0100: Memory Usage (449028K) : metal1_res has 0 polygons
2026-03-25 22:52:31 +0100: Memory Usage (449028K) : metal1_iprobe has 0 polygons
2026-03-25 22:52:31 +0100: Memory Usage (449028K) : metal1_diffprb has 0 polygons
2026-03-25 22:52:31 +0100: Memory Usage (449028K) : passiv_drw has 0 polygons
2026-03-25 22:52:31 +0100: Memory Usage (449028K) : passiv_pin has 0 polygons
2026-03-25 22:52:31 +0100: Memory Usage (449028K) : passiv_sbump has 0 polygons
2026-03-25 22:52:31 +0100: Memory Usage (449028K) : passiv_pillar has 0 polygons
2026-03-25 22:52:31 +0100: Memory Usage (449028K) : passiv_pdl has 0 polygons
2026-03-25 22:52:31 +0100: Memory Usage (449028K) : metal2_drw has 95 polygons
2026-03-25 22:52:31 +0100: Memory Usage (449028K) : metal2_pin has 11 polygons
2026-03-25 22:52:31 +0100: Memory Usage (449028K) : metal2_mask has 0 polygons
2026-03-25 22:52:31 +0100: Memory Usage (449280K) : metal2_filler has 0 polygons
2026-03-25 22:52:31 +0100: Memory Usage (449280K) : metal2_nofill has 0 polygons
2026-03-25 22:52:31 +0100: Memory Usage (449280K) : metal2_slit has 0 polygons
2026-03-25 22:52:31 +0100: Memory Usage (449280K) : metal2_text has 0 polygons
2026-03-25 22:52:31 +0100: Memory Usage (449280K) : metal2_opc has 0 polygons
2026-03-25 22:52:31 +0100: Memory Usage (449280K) : metal2_noqrc has 0 polygons
2026-03-25 22:52:31 +0100: Memory Usage (449280K) : metal2_res has 0 polygons
2026-03-25 22:52:31 +0100: Memory Usage (449280K) : metal2_iprobe has 0 polygons
2026-03-25 22:52:31 +0100: Memory Usage (449280K) : metal2_diffprb has 0 polygons
2026-03-25 22:52:31 +0100: Memory Usage (449280K) : baspoly_drw has 0 polygons
2026-03-25 22:52:31 +0100: Memory Usage (449280K) : baspoly_pin has 0 polygons
2026-03-25 22:52:31 +0100: Memory Usage (449280K) : psd_drw has 24 polygons
2026-03-25 22:52:31 +0100: Memory Usage (449280K) : nldb_drw has 0 polygons
2026-03-25 22:52:31 +0100: Memory Usage (449280K) : digibnd_drw has 0 polygons
2026-03-25 22:52:31 +0100: Memory Usage (449540K) : via1_drw has 9590 polygons
2026-03-25 22:52:31 +0100: Memory Usage (449540K) : backmetal1_drw has 0 polygons
2026-03-25 22:52:31 +0100: Memory Usage (449540K) : backmetal1_pin has 0 polygons
2026-03-25 22:52:31 +0100: Memory Usage (449540K) : backmetal1_mask has 0 polygons
2026-03-25 22:52:31 +0100: Memory Usage (449540K) : backmetal1_filler has 0 polygons
2026-03-25 22:52:31 +0100: Memory Usage (449540K) : backmetal1_nofill has 0 polygons
2026-03-25 22:52:31 +0100: Memory Usage (449540K) : backmetal1_slit has 0 polygons
2026-03-25 22:52:31 +0100: Memory Usage (449540K) : backmetal1_text has 0 polygons
2026-03-25 22:52:31 +0100: Memory Usage (449540K) : backmetal1_opc has 0 polygons
2026-03-25 22:52:31 +0100: Memory Usage (449540K) : backmetal1_noqrc has 0 polygons
2026-03-25 22:52:31 +0100: Memory Usage (449540K) : backmetal1_res has 0 polygons
2026-03-25 22:52:31 +0100: Memory Usage (449540K) : backmetal1_iprobe has 0 polygons
2026-03-25 22:52:31 +0100: Memory Usage (449540K) : backmetal1_diffprb has 0 polygons
2026-03-25 22:52:31 +0100: Memory Usage (449540K) : backpassiv_drw has 0 polygons
2026-03-25 22:52:31 +0100: Memory Usage (449540K) : res_drw has 0 polygons
2026-03-25 22:52:31 +0100: Memory Usage (449540K) : sram_drw has 0 polygons
2026-03-25 22:52:31 +0100: Memory Usage (449540K) : trans_drw has 0 polygons
2026-03-25 22:52:31 +0100: Memory Usage (449540K) : ind_drw has 0 polygons
2026-03-25 22:52:31 +0100: Memory Usage (449540K) : ind_pin has 0 polygons
2026-03-25 22:52:31 +0100: Memory Usage (449540K) : ind_text has 0 polygons
2026-03-25 22:52:31 +0100: Memory Usage (449540K) : salblock_drw has 7 polygons
2026-03-25 22:52:31 +0100: Memory Usage (449540K) : via2_drw has 7995 polygons
2026-03-25 22:52:31 +0100: Memory Usage (449540K) : metal3_drw has 67 polygons
2026-03-25 22:52:31 +0100: Memory Usage (449540K) : metal3_pin has 8 polygons
2026-03-25 22:52:31 +0100: Memory Usage (449540K) : metal3_mask has 0 polygons
2026-03-25 22:52:31 +0100: Memory Usage (449540K) : metal3_filler has 0 polygons
2026-03-25 22:52:31 +0100: Memory Usage (449540K) : metal3_nofill has 0 polygons
2026-03-25 22:52:31 +0100: Memory Usage (449540K) : metal3_slit has 0 polygons
2026-03-25 22:52:31 +0100: Memory Usage (449540K) : metal3_text has 0 polygons
2026-03-25 22:52:31 +0100: Memory Usage (449540K) : metal3_opc has 0 polygons
2026-03-25 22:52:31 +0100: Memory Usage (449540K) : metal3_noqrc has 0 polygons
2026-03-25 22:52:31 +0100: Memory Usage (449540K) : metal3_res has 0 polygons
2026-03-25 22:52:31 +0100: Memory Usage (449540K) : metal3_iprobe has 0 polygons
2026-03-25 22:52:31 +0100: Memory Usage (449540K) : metal3_diffprb has 0 polygons
2026-03-25 22:52:31 +0100: Memory Usage (449540K) : nwell_drw has 5 polygons
2026-03-25 22:52:31 +0100: Memory Usage (449540K) : nwell_pin has 0 polygons
2026-03-25 22:52:31 +0100: Memory Usage (449540K) : nbulay_drw has 0 polygons
2026-03-25 22:52:31 +0100: Memory Usage (449540K) : nbulay_pin has 0 polygons
2026-03-25 22:52:31 +0100: Memory Usage (449540K) : nbulay_block has 0 polygons
2026-03-25 22:52:31 +0100: Memory Usage (449540K) : emwind_drw has 0 polygons
2026-03-25 22:52:31 +0100: Memory Usage (449540K) : emwind_opc has 0 polygons
2026-03-25 22:52:31 +0100: Memory Usage (449540K) : deepco_drw has 0 polygons
2026-03-25 22:52:31 +0100: Memory Usage (449540K) : deepco_drw has 0 polygons
2026-03-25 22:52:31 +0100: Memory Usage (449540K) : mim_drw has 2 polygons
2026-03-25 22:52:31 +0100: Memory Usage (449540K) : edgeseal_drw has 0 polygons
2026-03-25 22:52:31 +0100: Memory Usage (449540K) : edgeseal_bound has 0 polygons
2026-03-25 22:52:31 +0100: Memory Usage (449540K) : substrate_drw has 723 polygons
2026-03-25 22:52:31 +0100: Memory Usage (449540K) : substrate_text has 0 polygons
2026-03-25 22:52:31 +0100: Memory Usage (449540K) : dfpad_drw has 0 polygons
2026-03-25 22:52:31 +0100: Memory Usage (449540K) : dfpad_pillar has 0 polygons
2026-03-25 22:52:31 +0100: Memory Usage (449540K) : dfpad_sbump has 0 polygons
2026-03-25 22:52:31 +0100: Memory Usage (449540K) : thickgateox_drw has 0 polygons
2026-03-25 22:52:31 +0100: Memory Usage (449540K) : pldb_drw has 0 polygons
2026-03-25 22:52:31 +0100: Memory Usage (449540K) : pwell_drw has 0 polygons
2026-03-25 22:52:31 +0100: Memory Usage (449540K) : pwell_pin has 0 polygons
2026-03-25 22:52:31 +0100: Memory Usage (449540K) : pwell_block has 0 polygons
2026-03-25 22:52:31 +0100: Memory Usage (449540K) : ic_drw has 0 polygons
2026-03-25 22:52:32 +0100: Memory Usage (450596K) : via3_drw has 7005 polygons
2026-03-25 22:52:32 +0100: Memory Usage (450596K) : metal4_drw has 40 polygons
2026-03-25 22:52:32 +0100: Memory Usage (450596K) : metal4_pin has 3 polygons
2026-03-25 22:52:32 +0100: Memory Usage (450596K) : metal4_mask has 0 polygons
2026-03-25 22:52:32 +0100: Memory Usage (450596K) : metal4_filler has 0 polygons
2026-03-25 22:52:32 +0100: Memory Usage (450596K) : metal4_nofill has 0 polygons
2026-03-25 22:52:32 +0100: Memory Usage (450596K) : metal4_slit has 0 polygons
2026-03-25 22:52:32 +0100: Memory Usage (450596K) : metal4_text has 0 polygons
2026-03-25 22:52:32 +0100: Memory Usage (450596K) : metal4_opc has 0 polygons
2026-03-25 22:52:32 +0100: Memory Usage (450596K) : metal4_noqrc has 0 polygons
2026-03-25 22:52:32 +0100: Memory Usage (450596K) : metal4_res has 0 polygons
2026-03-25 22:52:32 +0100: Memory Usage (450596K) : metal4_iprobe has 0 polygons
2026-03-25 22:52:32 +0100: Memory Usage (450596K) : metal4_diffprb has 0 polygons
2026-03-25 22:52:32 +0100: Memory Usage (450860K) : heattrans_drw has 421 polygons
2026-03-25 22:52:32 +0100: Memory Usage (450860K) : heatres_drw has 7 polygons
2026-03-25 22:52:32 +0100: Memory Usage (450860K) : pempoly_drw has 0 polygons
2026-03-25 22:52:32 +0100: Memory Usage (450860K) : fbe_drw has 0 polygons
2026-03-25 22:52:32 +0100: Memory Usage (451124K) : empoly_drw has 0 polygons
2026-03-25 22:52:32 +0100: Memory Usage (451124K) : ldmos_drw has 0 polygons
2026-03-25 22:52:32 +0100: Memory Usage (451388K) : pbiwind_drw has 0 polygons
2026-03-25 22:52:32 +0100: Memory Usage (451388K) : digisub_drw has 0 polygons
2026-03-25 22:52:32 +0100: Memory Usage (451388K) : nodrc_drw has 0 polygons
2026-03-25 22:52:32 +0100: Memory Usage (451652K) : text_drw has 1107 polygons
2026-03-25 22:52:32 +0100: Memory Usage (453028K) : via4_drw has 6898 polygons
2026-03-25 22:52:32 +0100: Memory Usage (453028K) : metal5_drw has 32 polygons
2026-03-25 22:52:32 +0100: Memory Usage (453028K) : metal5_pin has 5 polygons
2026-03-25 22:52:32 +0100: Memory Usage (453028K) : metal5_mask has 0 polygons
2026-03-25 22:52:32 +0100: Memory Usage (453028K) : metal5_filler has 0 polygons
2026-03-25 22:52:32 +0100: Memory Usage (453028K) : metal5_nofill has 0 polygons
2026-03-25 22:52:32 +0100: Memory Usage (453028K) : metal5_slit has 0 polygons
2026-03-25 22:52:32 +0100: Memory Usage (453028K) : metal5_text has 1 polygons
2026-03-25 22:52:32 +0100: Memory Usage (453028K) : metal5_opc has 0 polygons
2026-03-25 22:52:32 +0100: Memory Usage (453028K) : metal5_noqrc has 0 polygons
2026-03-25 22:52:32 +0100: Memory Usage (453292K) : metal5_res has 0 polygons
2026-03-25 22:52:32 +0100: Memory Usage (453292K) : metal5_iprobe has 0 polygons
2026-03-25 22:52:32 +0100: Memory Usage (453292K) : metal5_diffprb has 0 polygons
2026-03-25 22:52:32 +0100: Memory Usage (453556K) : radhard_drw has 0 polygons
2026-03-25 22:52:32 +0100: Memory Usage (453556K) : memcap_drw has 0 polygons
2026-03-25 22:52:32 +0100: Memory Usage (453820K) : varicap_drw has 0 polygons
2026-03-25 22:52:32 +0100: Memory Usage (453820K) : flash_drw has 0 polygons
2026-03-25 22:52:32 +0100: Memory Usage (453820K) : intbondvia_drw has 0 polygons
2026-03-25 22:52:32 +0100: Memory Usage (454084K) : intbondmet_drw has 0 polygons
2026-03-25 22:52:32 +0100: Memory Usage (454084K) : devbondvia_drw has 0 polygons
2026-03-25 22:52:32 +0100: Memory Usage (454084K) : devbondmet_drw has 0 polygons
2026-03-25 22:52:32 +0100: Memory Usage (454348K) : devtrench_drw has 0 polygons
2026-03-25 22:52:32 +0100: Memory Usage (454348K) : redist_drw has 0 polygons
2026-03-25 22:52:32 +0100: Memory Usage (454612K) : graphbot_drw has 0 polygons
2026-03-25 22:52:32 +0100: Memory Usage (454612K) : graphtop_drw has 0 polygons
2026-03-25 22:52:32 +0100: Memory Usage (454612K) : antvia1_drw has 0 polygons
2026-03-25 22:52:32 +0100: Memory Usage (454876K) : antmetal2_drw has 0 polygons
2026-03-25 22:52:32 +0100: Memory Usage (454876K) : graphcont_drw has 0 polygons
2026-03-25 22:52:32 +0100: Memory Usage (455140K) : siwg_drw has 0 polygons
2026-03-25 22:52:32 +0100: Memory Usage (455140K) : siwg_filler has 0 polygons
2026-03-25 22:52:32 +0100: Memory Usage (455140K) : siwg_nofill has 0 polygons
2026-03-25 22:52:32 +0100: Memory Usage (455404K) : sigrating_drw has 0 polygons
2026-03-25 22:52:32 +0100: Memory Usage (455404K) : singrating_drw has 0 polygons
2026-03-25 22:52:32 +0100: Memory Usage (455404K) : graphpas_drw has 0 polygons
2026-03-25 22:52:32 +0100: Memory Usage (455668K) : emwind3_drw has 0 polygons
2026-03-25 22:52:32 +0100: Memory Usage (455668K) : emwihv3_drw has 0 polygons
2026-03-25 22:52:32 +0100: Memory Usage (455932K) : redbulay_drw has 0 polygons
2026-03-25 22:52:32 +0100: Memory Usage (455932K) : smos_drw has 0 polygons
2026-03-25 22:52:32 +0100: Memory Usage (455932K) : graphpad_drw has 0 polygons
2026-03-25 22:52:32 +0100: Memory Usage (456196K) : polimide_drw has 0 polygons
2026-03-25 22:52:32 +0100: Memory Usage (456196K) : polimide_pin has 0 polygons
2026-03-25 22:52:32 +0100: Memory Usage (456460K) : recog_drw has 0 polygons
2026-03-25 22:52:32 +0100: Memory Usage (456460K) : recog_pin has 0 polygons
2026-03-25 22:52:32 +0100: Memory Usage (456460K) : recog_esd has 0 polygons
2026-03-25 22:52:32 +0100: Memory Usage (456724K) : recog_diode has 0 polygons
2026-03-25 22:52:32 +0100: Memory Usage (456724K) : recog_tsv has 0 polygons
2026-03-25 22:52:32 +0100: Memory Usage (456988K) : recog_iprobe has 0 polygons
2026-03-25 22:52:32 +0100: Memory Usage (456988K) : recog_diffprb has 0 polygons
2026-03-25 22:52:32 +0100: Memory Usage (456988K) : recog_pillar has 0 polygons
2026-03-25 22:52:32 +0100: Memory Usage (457252K) : recog_sbump has 0 polygons
2026-03-25 22:52:32 +0100: Memory Usage (457252K) : recog_otp has 0 polygons
2026-03-25 22:52:32 +0100: Memory Usage (457516K) : recog_pdiode has 0 polygons
2026-03-25 22:52:32 +0100: Memory Usage (457560K) : recog_mom has 0 polygons
2026-03-25 22:52:32 +0100: Memory Usage (457820K) : recog_pcm has 0 polygons
2026-03-25 22:52:32 +0100: Memory Usage (457820K) : colopen_drw has 0 polygons
2026-03-25 22:52:32 +0100: Memory Usage (457820K) : graphmetal1_drw has 0 polygons
2026-03-25 22:52:32 +0100: Memory Usage (458084K) : graphmetal1_filler has 0 polygons
2026-03-25 22:52:32 +0100: Memory Usage (458084K) : graphmetal1_nofill has 0 polygons
2026-03-25 22:52:32 +0100: Memory Usage (458348K) : graphmetal1_slit has 0 polygons
2026-03-25 22:52:32 +0100: Memory Usage (458348K) : graphmetal1_opc has 0 polygons
2026-03-25 22:52:32 +0100: Memory Usage (458348K) : graphmet1l_drw has 0 polygons
2026-03-25 22:52:32 +0100: Memory Usage (458612K) : graphmet1l_filler has 0 polygons
2026-03-25 22:52:32 +0100: Memory Usage (458612K) : graphmet1l_nofill has 0 polygons
2026-03-25 22:52:32 +0100: Memory Usage (458784K) : graphmet1l_slit has 0 polygons
2026-03-25 22:52:32 +0100: Memory Usage (459044K) : graphmet1l_opc has 0 polygons
2026-03-25 22:52:32 +0100: Memory Usage (459044K) : extblock_drw has 5 polygons
2026-03-25 22:52:32 +0100: Memory Usage (459044K) : nldd_drw has 0 polygons
2026-03-25 22:52:32 +0100: Memory Usage (459308K) : pldd_drw has 0 polygons
2026-03-25 22:52:32 +0100: Memory Usage (459308K) : next_drw has 0 polygons
2026-03-25 22:52:32 +0100: Memory Usage (459572K) : pext_drw has 0 polygons
2026-03-25 22:52:32 +0100: Memory Usage (459572K) : nexthv_drw has 0 polygons
2026-03-25 22:52:32 +0100: Memory Usage (459572K) : pexthv_drw has 0 polygons
2026-03-25 22:52:32 +0100: Memory Usage (459836K) : graphgate_drw has 0 polygons
2026-03-25 22:52:32 +0100: Memory Usage (459836K) : sinwg_drw has 0 polygons
2026-03-25 22:52:32 +0100: Memory Usage (460008K) : sinwg_filler has 0 polygons
2026-03-25 22:52:32 +0100: Memory Usage (460008K) : sinwg_nofill has 0 polygons
2026-03-25 22:52:32 +0100: Memory Usage (460268K) : mempad_drw has 0 polygons
2026-03-25 22:52:32 +0100: Memory Usage (460532K) : topvia1_drw has 1720 polygons
2026-03-25 22:52:32 +0100: Memory Usage (460532K) : topmetal1_drw has 13 polygons
2026-03-25 22:52:32 +0100: Memory Usage (460532K) : topmetal1_pin has 15 polygons
2026-03-25 22:52:32 +0100: Memory Usage (460532K) : topmetal1_mask has 0 polygons
2026-03-25 22:52:32 +0100: Memory Usage (460796K) : topmetal1_filler has 0 polygons
2026-03-25 22:52:32 +0100: Memory Usage (460796K) : topmetal1_nofill has 0 polygons
2026-03-25 22:52:32 +0100: Memory Usage (460796K) : topmetal1_slit has 0 polygons
2026-03-25 22:52:32 +0100: Memory Usage (461060K) : topmetal1_text has 5 polygons
2026-03-25 22:52:32 +0100: Memory Usage (461060K) : topmetal1_noqrc has 0 polygons
2026-03-25 22:52:32 +0100: Memory Usage (461060K) : topmetal1_res has 0 polygons
2026-03-25 22:52:32 +0100: Memory Usage (461060K) : topmetal1_iprobe has 0 polygons
2026-03-25 22:52:32 +0100: Memory Usage (461324K) : topmetal1_diffprb has 0 polygons
2026-03-25 22:52:32 +0100: Memory Usage (461324K) : inldpwl_drw has 0 polygons
2026-03-25 22:52:32 +0100: Memory Usage (461324K) : polyres_drw has 7 polygons
2026-03-25 22:52:32 +0100: Memory Usage (461324K) : polyres_pin has 0 polygons
2026-03-25 22:52:32 +0100: Memory Usage (461588K) : vmim_drw has 578 polygons
2026-03-25 22:52:32 +0100: Memory Usage (461852K) : nbulaycut_drw has 0 polygons
2026-03-25 22:52:32 +0100: Memory Usage (461852K) : antmetal1_drw has 0 polygons
2026-03-25 22:52:32 +0100: Memory Usage (462116K) : topvia2_drw has 916 polygons
2026-03-25 22:52:32 +0100: Memory Usage (462116K) : topmetal2_drw has 4 polygons
2026-03-25 22:52:32 +0100: Memory Usage (462116K) : topmetal2_pin has 2 polygons
2026-03-25 22:52:32 +0100: Memory Usage (462380K) : topmetal2_mask has 0 polygons
2026-03-25 22:52:32 +0100: Memory Usage (462380K) : topmetal2_filler has 0 polygons
2026-03-25 22:52:32 +0100: Memory Usage (462644K) : topmetal2_nofill has 0 polygons
2026-03-25 22:52:32 +0100: Memory Usage (462644K) : topmetal2_slit has 0 polygons
2026-03-25 22:52:32 +0100: Memory Usage (462644K) : topmetal2_text has 2 polygons
2026-03-25 22:52:32 +0100: Memory Usage (462908K) : topmetal2_noqrc has 0 polygons
2026-03-25 22:52:32 +0100: Memory Usage (462908K) : topmetal2_res has 0 polygons
2026-03-25 22:52:32 +0100: Memory Usage (462908K) : topmetal2_iprobe has 0 polygons
2026-03-25 22:52:32 +0100: Memory Usage (462908K) : topmetal2_diffprb has 0 polygons
2026-03-25 22:52:32 +0100: Memory Usage (462908K) : snsring_drw has 0 polygons
2026-03-25 22:52:32 +0100: Memory Usage (462908K) : sensor_drw has 0 polygons
2026-03-25 22:52:32 +0100: Memory Usage (462908K) : snsarms_drw has 0 polygons
2026-03-25 22:52:32 +0100: Memory Usage (462908K) : snscmosvia_drw has 0 polygons
2026-03-25 22:52:32 +0100: Memory Usage (462908K) : colwind_drw has 0 polygons
2026-03-25 22:52:32 +0100: Memory Usage (462908K) : flm_drw has 0 polygons
2026-03-25 22:52:32 +0100: Memory Usage (462908K) : hafniumox_drw has 0 polygons
2026-03-25 22:52:32 +0100: Memory Usage (462908K) : memvia_drw has 0 polygons
2026-03-25 22:52:32 +0100: Memory Usage (462908K) : thinfilmres_drw has 0 polygons
2026-03-25 22:52:32 +0100: Memory Usage (462908K) : rfmem_drw has 0 polygons
2026-03-25 22:52:32 +0100: Memory Usage (462908K) : norcx_drw has 0 polygons
2026-03-25 22:52:32 +0100: Memory Usage (462908K) : norcx_m2m3 has 0 polygons
2026-03-25 22:52:32 +0100: Memory Usage (462908K) : norcx_m2m4 has 0 polygons
2026-03-25 22:52:32 +0100: Memory Usage (462908K) : norcx_m2m5 has 0 polygons
2026-03-25 22:52:32 +0100: Memory Usage (462908K) : norcx_m2tm1 has 0 polygons
2026-03-25 22:52:32 +0100: Memory Usage (462908K) : norcx_m2tm2 has 0 polygons
2026-03-25 22:52:32 +0100: Memory Usage (462908K) : norcx_m3m4 has 0 polygons
2026-03-25 22:52:32 +0100: Memory Usage (462908K) : norcx_m3m5 has 0 polygons
2026-03-25 22:52:32 +0100: Memory Usage (462908K) : norcx_m3tm1 has 0 polygons
2026-03-25 22:52:32 +0100: Memory Usage (462908K) : norcx_m3tm2 has 0 polygons
2026-03-25 22:52:32 +0100: Memory Usage (462908K) : norcx_m4m5 has 0 polygons
2026-03-25 22:52:32 +0100: Memory Usage (462908K) : norcx_m4tm1 has 0 polygons
2026-03-25 22:52:32 +0100: Memory Usage (462908K) : norcx_m4tm2 has 0 polygons
2026-03-25 22:52:32 +0100: Memory Usage (462908K) : norcx_m5tm1 has 0 polygons
2026-03-25 22:52:32 +0100: Memory Usage (462908K) : norcx_m5tm2 has 0 polygons
2026-03-25 22:52:32 +0100: Memory Usage (462908K) : norcx_tm1tm2 has 0 polygons
2026-03-25 22:52:32 +0100: Memory Usage (462908K) : norcx_m1sub has 0 polygons
2026-03-25 22:52:32 +0100: Memory Usage (462908K) : norcx_m2sub has 0 polygons
2026-03-25 22:52:32 +0100: Memory Usage (462908K) : norcx_m3sub has 0 polygons
2026-03-25 22:52:32 +0100: Memory Usage (462908K) : norcx_m4sub has 0 polygons
2026-03-25 22:52:32 +0100: Memory Usage (462908K) : norcx_m5sub has 0 polygons
2026-03-25 22:52:32 +0100: Memory Usage (462908K) : norcx_tm1sub has 0 polygons
2026-03-25 22:52:32 +0100: Memory Usage (462908K) : norcx_tm2sub has 0 polygons
2026-03-25 22:52:32 +0100: Memory Usage (462908K) : snsbotvia_drw has 0 polygons
2026-03-25 22:52:32 +0100: Memory Usage (462908K) : snstopvia_drw has 0 polygons
2026-03-25 22:52:32 +0100: Memory Usage (462908K) : deepvia_drw has 0 polygons
2026-03-25 22:52:32 +0100: Memory Usage (462908K) : fgetch_drw has 0 polygons
2026-03-25 22:52:32 +0100: Memory Usage (462908K) : ctrgat_drw has 0 polygons
2026-03-25 22:52:32 +0100: Memory Usage (462908K) : fgimp_drw has 0 polygons
2026-03-25 22:52:32 +0100: Memory Usage (462908K) : emwihv_drw has 0 polygons
2026-03-25 22:52:32 +0100: Memory Usage (462908K) : lbe_drw has 0 polygons
2026-03-25 22:52:32 +0100: Memory Usage (462908K) : alcustop_drw has 0 polygons
2026-03-25 22:52:32 +0100: Memory Usage (462908K) : nometfiller_drw has 0 polygons
2026-03-25 22:52:32 +0100: Memory Usage (462908K) : prboundary_drw has 0 polygons
2026-03-25 22:52:32 +0100: Memory Usage (462908K) : exchange0_drw has 0 polygons
2026-03-25 22:52:32 +0100: Memory Usage (462908K) : exchange0_pin has 0 polygons
2026-03-25 22:52:32 +0100: Memory Usage (462908K) : exchange0_text has 0 polygons
2026-03-25 22:52:32 +0100: Memory Usage (462908K) : exchange1_drw has 0 polygons
2026-03-25 22:52:32 +0100: Memory Usage (462908K) : exchange1_pin has 0 polygons
2026-03-25 22:52:32 +0100: Memory Usage (462908K) : exchange1_text has 0 polygons
2026-03-25 22:52:32 +0100: Memory Usage (462908K) : exchange2_drw has 0 polygons
2026-03-25 22:52:32 +0100: Memory Usage (462908K) : exchange2_pin has 0 polygons
2026-03-25 22:52:32 +0100: Memory Usage (462908K) : exchange2_text has 0 polygons
2026-03-25 22:52:32 +0100: Memory Usage (462908K) : exchange3_drw has 0 polygons
2026-03-25 22:52:32 +0100: Memory Usage (462908K) : exchange3_pin has 0 polygons
2026-03-25 22:52:32 +0100: Memory Usage (462908K) : exchange3_text has 0 polygons
2026-03-25 22:52:32 +0100: Memory Usage (462908K) : exchange4_drw has 0 polygons
2026-03-25 22:52:32 +0100: Memory Usage (462908K) : exchange4_pin has 0 polygons
2026-03-25 22:52:32 +0100: Memory Usage (462908K) : exchange4_text has 0 polygons
2026-03-25 22:52:32 +0100: Memory Usage (462908K) : isonwell_drw has 0 polygons
2026-03-25 22:52:32 +0100: Memory Usage (462908K) : Total no. of polygons in the design is 55451
2026-03-25 22:52:32 +0100: Memory Usage (462908K) : Loaded TECH DRC rules values from /foss/pdks/ihp-sg13g2/libs.tech/klayout/python/sg13g2_pycell_lib/sg13g2_tech_mod.json
2026-03-25 22:52:32 +0100: Memory Usage (462908K) : Loaded default DRC rules values from /foss/pdks/ihp-sg13g2/libs.tech/klayout/tech/drc/rule_decks/sg13g2_tech_default.json
2026-03-25 22:52:32 +0100: Memory Usage (462908K) : The following rules values were missing in tech json and default values were used:
2026-03-25 22:52:32 +0100: Memory Usage (462908K) :   - Cnt_c_digibnd
2026-03-25 22:52:32 +0100: Memory Usage (462908K) : Total area of the design is 54805.149724999996 um^2.
2026-03-25 22:52:32 +0100: Memory Usage (462908K) : The design dimensions are 309.90500000000003 µm * 176.845 µm.
2026-03-25 22:52:32 +0100: Memory Usage (462908K) : Starting general IHP-SG13G2 derivations.
2026-03-25 22:52:32 +0100: Memory Usage (462908K) : Starting Pwell derivations
2026-03-25 22:52:32 +0100: Memory Usage (462908K) : Starting IHP-SG13G2 DRC rules.
2026-03-25 22:52:32 +0100: Memory Usage (462908K) : Starting 7.4. PIN table
2026-03-25 22:52:32 +0100: Memory Usage (462908K) : Executing rule Pin.a
2026-03-25 22:52:32 +0100: Memory Usage (462908K) : Executing rule Pin.b
2026-03-25 22:52:32 +0100: Memory Usage (462908K) : Executing rule Pin.e
2026-03-25 22:52:32 +0100: Memory Usage (462908K) : Executing rule Pin.f_M2
2026-03-25 22:52:32 +0100: Memory Usage (462908K) : Executing rule Pin.f_M3
2026-03-25 22:52:32 +0100: Memory Usage (462908K) : Executing rule Pin.f_M4
2026-03-25 22:52:32 +0100: Memory Usage (462908K) : Executing rule Pin.f_M5
2026-03-25 22:52:32 +0100: Memory Usage (462908K) : Executing rule Pin.g
2026-03-25 22:52:32 +0100: Memory Usage (462908K) : Executing rule Pin.h
2026-03-25 22:52:32 +0100: Memory Usage (462908K) : KLayout DRC run for tables 'pin' completed in 1.06 seconds
