# Logfile created on 2026-03-25 23:02:35 +0100 by logger.rb/v1.5.3
2026-03-25 23:02:35 +0100: Memory Usage (436500K) : Starting running IHP-SG13G2 KLayout DRC runset on /foss/designs/Design/xschem/IHP__OPA2251/OPA2251-main/layout/klayout/HPA_project_wrapper.gds
2026-03-25 23:02:35 +0100: Memory Usage (436500K) : Ruby Version for klayout: 3.2.3
2026-03-25 23:02:36 +0100: Memory Usage (450996K) : Loading database to memory is complete.
2026-03-25 23:02:36 +0100: Memory Usage (450996K) : IHP-SG13G2 KLayout DRC runset output at: /foss/designs/Design/xschem/IHP__OPA2251/OPA2251-main/layout/klayout/drc_run_user_project_wrapper/HPA_project_wrapper_user_project_wrapper_topmetal2filler.lyrdb
2026-03-25 23:02:36 +0100: Memory Usage (450996K) : Evaluate switches.
2026-03-25 23:02:36 +0100: Memory Usage (450996K) : tables selected: topmetal2filler
2026-03-25 23:02:36 +0100: Memory Usage (450996K) : KLayout will use 4 thread(s) in tiled mode.
2026-03-25 23:02:36 +0100: Memory Usage (450996K) : flat mode is enabled.
2026-03-25 23:02:36 +0100: Memory Usage (450996K) : FEOL enabled: false
2026-03-25 23:02:36 +0100: Memory Usage (450996K) : BEOL enabled: false
2026-03-25 23:02:36 +0100: Memory Usage (450996K) : OFFGRID enabled: true
2026-03-25 23:02:36 +0100: Memory Usage (450996K) : PIN enabled: false
2026-03-25 23:02:36 +0100: Memory Usage (450996K) : FORBIDDEN enabled: false
2026-03-25 23:02:36 +0100: Memory Usage (450996K) : RECOMMENDED enabled: true
2026-03-25 23:02:36 +0100: Memory Usage (450996K) : PreCheck DRC enabled: false
2026-03-25 23:02:36 +0100: Memory Usage (450996K) : CONNECTIVITY_RULES enabled: false.
2026-03-25 23:02:36 +0100: Memory Usage (450996K) : Read in polygons from layers.
2026-03-25 23:02:36 +0100: Memory Usage (454464K) : activ_drw has 1594 polygons
2026-03-25 23:02:36 +0100: Memory Usage (454464K) : activ_pin has 0 polygons
2026-03-25 23:02:36 +0100: Memory Usage (454464K) : activ_mask has 0 polygons
2026-03-25 23:02:36 +0100: Memory Usage (454464K) : activ_filler has 0 polygons
2026-03-25 23:02:36 +0100: Memory Usage (454464K) : activ_nofill has 0 polygons
2026-03-25 23:02:36 +0100: Memory Usage (454464K) : activ_opc has 0 polygons
2026-03-25 23:02:36 +0100: Memory Usage (454464K) : activ_iopc has 0 polygons
2026-03-25 23:02:36 +0100: Memory Usage (454464K) : activ_noqrc has 0 polygons
2026-03-25 23:02:36 +0100: Memory Usage (454464K) : biwind_drw has 0 polygons
2026-03-25 23:02:36 +0100: Memory Usage (454464K) : biwind_opc has 0 polygons
2026-03-25 23:02:36 +0100: Memory Usage (454464K) : pemwind_drw has 0 polygons
2026-03-25 23:02:36 +0100: Memory Usage (454784K) : gatpoly_drw has 2540 polygons
2026-03-25 23:02:36 +0100: Memory Usage (454784K) : gatpoly_pin has 124 polygons
2026-03-25 23:02:36 +0100: Memory Usage (454784K) : gatpoly_filler has 0 polygons
2026-03-25 23:02:36 +0100: Memory Usage (454784K) : gatpoly_nofill has 0 polygons
2026-03-25 23:02:36 +0100: Memory Usage (454784K) : gatpoly_opc has 0 polygons
2026-03-25 23:02:36 +0100: Memory Usage (454784K) : gatpoly_iopc has 0 polygons
2026-03-25 23:02:36 +0100: Memory Usage (454784K) : gatpoly_noqrc has 0 polygons
2026-03-25 23:02:59 +0100: Memory Usage (975172K) : cont_drw has 4315823 polygons
2026-03-25 23:02:59 +0100: Memory Usage (982592K) : cont_opc has 0 polygons
2026-03-25 23:02:59 +0100: Memory Usage (982592K) : nsd_drw has 0 polygons
2026-03-25 23:02:59 +0100: Memory Usage (982592K) : nsd_block has 0 polygons
2026-03-25 23:02:59 +0100: Memory Usage (982592K) : metal1_drw has 5199 polygons
2026-03-25 23:02:59 +0100: Memory Usage (982592K) : metal1_pin has 2227 polygons
2026-03-25 23:02:59 +0100: Memory Usage (982592K) : metal1_mask has 0 polygons
2026-03-25 23:02:59 +0100: Memory Usage (982592K) : metal1_filler has 0 polygons
2026-03-25 23:02:59 +0100: Memory Usage (982592K) : metal1_nofill has 0 polygons
2026-03-25 23:02:59 +0100: Memory Usage (982592K) : metal1_slit has 0 polygons
2026-03-25 23:02:59 +0100: Memory Usage (986396K) : metal1_text has 1568 polygons
2026-03-25 23:02:59 +0100: Memory Usage (986396K) : metal1_opc has 0 polygons
2026-03-25 23:02:59 +0100: Memory Usage (986396K) : metal1_noqrc has 0 polygons
2026-03-25 23:02:59 +0100: Memory Usage (986396K) : metal1_res has 0 polygons
2026-03-25 23:02:59 +0100: Memory Usage (986396K) : metal1_iprobe has 0 polygons
2026-03-25 23:02:59 +0100: Memory Usage (986396K) : metal1_diffprb has 0 polygons
2026-03-25 23:02:59 +0100: Memory Usage (986396K) : passiv_drw has 52 polygons
2026-03-25 23:02:59 +0100: Memory Usage (986396K) : passiv_pin has 0 polygons
2026-03-25 23:02:59 +0100: Memory Usage (986396K) : passiv_sbump has 0 polygons
2026-03-25 23:02:59 +0100: Memory Usage (986396K) : passiv_pillar has 0 polygons
2026-03-25 23:02:59 +0100: Memory Usage (986396K) : passiv_pdl has 0 polygons
2026-03-25 23:02:59 +0100: Memory Usage (986396K) : metal2_drw has 1643 polygons
2026-03-25 23:02:59 +0100: Memory Usage (986396K) : metal2_pin has 1127 polygons
2026-03-25 23:02:59 +0100: Memory Usage (986396K) : metal2_mask has 0 polygons
2026-03-25 23:02:59 +0100: Memory Usage (986396K) : metal2_filler has 0 polygons
2026-03-25 23:02:59 +0100: Memory Usage (986396K) : metal2_nofill has 0 polygons
2026-03-25 23:02:59 +0100: Memory Usage (986396K) : metal2_slit has 0 polygons
2026-03-25 23:02:59 +0100: Memory Usage (986396K) : metal2_text has 1152 polygons
2026-03-25 23:02:59 +0100: Memory Usage (986396K) : metal2_opc has 0 polygons
2026-03-25 23:02:59 +0100: Memory Usage (986396K) : metal2_noqrc has 0 polygons
2026-03-25 23:02:59 +0100: Memory Usage (986396K) : metal2_res has 0 polygons
2026-03-25 23:02:59 +0100: Memory Usage (986396K) : metal2_iprobe has 0 polygons
2026-03-25 23:02:59 +0100: Memory Usage (986396K) : metal2_diffprb has 0 polygons
2026-03-25 23:02:59 +0100: Memory Usage (986396K) : baspoly_drw has 0 polygons
2026-03-25 23:02:59 +0100: Memory Usage (986396K) : baspoly_pin has 0 polygons
2026-03-25 23:02:59 +0100: Memory Usage (986396K) : psd_drw has 326 polygons
2026-03-25 23:02:59 +0100: Memory Usage (986396K) : nldb_drw has 0 polygons
2026-03-25 23:02:59 +0100: Memory Usage (986396K) : digibnd_drw has 0 polygons
2026-03-25 23:02:59 +0100: Memory Usage (986396K) : via1_drw has 129998 polygons
2026-03-25 23:02:59 +0100: Memory Usage (986396K) : backmetal1_drw has 0 polygons
2026-03-25 23:02:59 +0100: Memory Usage (986396K) : backmetal1_pin has 0 polygons
2026-03-25 23:02:59 +0100: Memory Usage (986396K) : backmetal1_mask has 0 polygons
2026-03-25 23:02:59 +0100: Memory Usage (986396K) : backmetal1_filler has 0 polygons
2026-03-25 23:02:59 +0100: Memory Usage (986396K) : backmetal1_nofill has 0 polygons
2026-03-25 23:02:59 +0100: Memory Usage (986396K) : backmetal1_slit has 0 polygons
2026-03-25 23:02:59 +0100: Memory Usage (986396K) : backmetal1_text has 0 polygons
2026-03-25 23:02:59 +0100: Memory Usage (986396K) : backmetal1_opc has 0 polygons
2026-03-25 23:02:59 +0100: Memory Usage (986396K) : backmetal1_noqrc has 0 polygons
2026-03-25 23:02:59 +0100: Memory Usage (986396K) : backmetal1_res has 0 polygons
2026-03-25 23:02:59 +0100: Memory Usage (986396K) : backmetal1_iprobe has 0 polygons
2026-03-25 23:02:59 +0100: Memory Usage (986396K) : backmetal1_diffprb has 0 polygons
2026-03-25 23:02:59 +0100: Memory Usage (986396K) : backpassiv_drw has 0 polygons
2026-03-25 23:02:59 +0100: Memory Usage (986396K) : res_drw has 0 polygons
2026-03-25 23:02:59 +0100: Memory Usage (986396K) : sram_drw has 0 polygons
2026-03-25 23:02:59 +0100: Memory Usage (986396K) : trans_drw has 0 polygons
2026-03-25 23:02:59 +0100: Memory Usage (986396K) : ind_drw has 0 polygons
2026-03-25 23:02:59 +0100: Memory Usage (986396K) : ind_pin has 0 polygons
2026-03-25 23:02:59 +0100: Memory Usage (986396K) : ind_text has 0 polygons
2026-03-25 23:02:59 +0100: Memory Usage (986396K) : salblock_drw has 123 polygons
2026-03-25 23:03:00 +0100: Memory Usage (986396K) : via2_drw has 222339 polygons
2026-03-25 23:03:00 +0100: Memory Usage (986396K) : metal3_drw has 192 polygons
2026-03-25 23:03:00 +0100: Memory Usage (986396K) : metal3_pin has 160 polygons
2026-03-25 23:03:00 +0100: Memory Usage (986396K) : metal3_mask has 0 polygons
2026-03-25 23:03:00 +0100: Memory Usage (986396K) : metal3_filler has 0 polygons
2026-03-25 23:03:00 +0100: Memory Usage (986396K) : metal3_nofill has 0 polygons
2026-03-25 23:03:00 +0100: Memory Usage (986396K) : metal3_slit has 0 polygons
2026-03-25 23:03:00 +0100: Memory Usage (986396K) : metal3_text has 1440 polygons
2026-03-25 23:03:00 +0100: Memory Usage (986396K) : metal3_opc has 0 polygons
2026-03-25 23:03:00 +0100: Memory Usage (986396K) : metal3_noqrc has 0 polygons
2026-03-25 23:03:00 +0100: Memory Usage (986396K) : metal3_res has 0 polygons
2026-03-25 23:03:00 +0100: Memory Usage (986396K) : metal3_iprobe has 0 polygons
2026-03-25 23:03:00 +0100: Memory Usage (986396K) : metal3_diffprb has 0 polygons
2026-03-25 23:03:00 +0100: Memory Usage (986396K) : nwell_drw has 96 polygons
2026-03-25 23:03:00 +0100: Memory Usage (986396K) : nwell_pin has 0 polygons
2026-03-25 23:03:00 +0100: Memory Usage (986396K) : nbulay_drw has 0 polygons
2026-03-25 23:03:00 +0100: Memory Usage (986396K) : nbulay_pin has 0 polygons
2026-03-25 23:03:00 +0100: Memory Usage (986396K) : nbulay_block has 0 polygons
2026-03-25 23:03:00 +0100: Memory Usage (986396K) : emwind_drw has 0 polygons
2026-03-25 23:03:00 +0100: Memory Usage (986396K) : emwind_opc has 0 polygons
2026-03-25 23:03:00 +0100: Memory Usage (986396K) : deepco_drw has 0 polygons
2026-03-25 23:03:00 +0100: Memory Usage (986396K) : deepco_drw has 0 polygons
2026-03-25 23:03:00 +0100: Memory Usage (986396K) : mim_drw has 2 polygons
2026-03-25 23:03:00 +0100: Memory Usage (986396K) : edgeseal_drw has 0 polygons
2026-03-25 23:03:00 +0100: Memory Usage (986396K) : edgeseal_bound has 0 polygons
2026-03-25 23:03:00 +0100: Memory Usage (986396K) : substrate_drw has 1551 polygons
2026-03-25 23:03:00 +0100: Memory Usage (986396K) : substrate_text has 0 polygons
2026-03-25 23:03:00 +0100: Memory Usage (986396K) : dfpad_drw has 52 polygons
2026-03-25 23:03:00 +0100: Memory Usage (986396K) : dfpad_pillar has 0 polygons
2026-03-25 23:03:00 +0100: Memory Usage (986396K) : dfpad_sbump has 0 polygons
2026-03-25 23:03:00 +0100: Memory Usage (986396K) : thickgateox_drw has 96 polygons
2026-03-25 23:03:00 +0100: Memory Usage (986396K) : pldb_drw has 0 polygons
2026-03-25 23:03:00 +0100: Memory Usage (986396K) : pwell_drw has 0 polygons
2026-03-25 23:03:00 +0100: Memory Usage (986396K) : pwell_pin has 0 polygons
2026-03-25 23:03:00 +0100: Memory Usage (986396K) : pwell_block has 0 polygons
2026-03-25 23:03:00 +0100: Memory Usage (986396K) : ic_drw has 0 polygons
2026-03-25 23:03:01 +0100: Memory Usage (986396K) : via3_drw has 148809 polygons
2026-03-25 23:03:01 +0100: Memory Usage (986396K) : metal4_drw has 99 polygons
2026-03-25 23:03:01 +0100: Memory Usage (986396K) : metal4_pin has 83 polygons
2026-03-25 23:03:01 +0100: Memory Usage (986396K) : metal4_mask has 0 polygons
2026-03-25 23:03:01 +0100: Memory Usage (986396K) : metal4_filler has 0 polygons
2026-03-25 23:03:01 +0100: Memory Usage (986396K) : metal4_nofill has 0 polygons
2026-03-25 23:03:01 +0100: Memory Usage (986396K) : metal4_slit has 0 polygons
2026-03-25 23:03:01 +0100: Memory Usage (986396K) : metal4_text has 1368 polygons
2026-03-25 23:03:01 +0100: Memory Usage (986396K) : metal4_opc has 0 polygons
2026-03-25 23:03:01 +0100: Memory Usage (986396K) : metal4_noqrc has 0 polygons
2026-03-25 23:03:01 +0100: Memory Usage (986396K) : metal4_res has 0 polygons
2026-03-25 23:03:01 +0100: Memory Usage (986396K) : metal4_iprobe has 0 polygons
2026-03-25 23:03:01 +0100: Memory Usage (986396K) : metal4_diffprb has 0 polygons
2026-03-25 23:03:01 +0100: Memory Usage (986396K) : heattrans_drw has 421 polygons
2026-03-25 23:03:01 +0100: Memory Usage (986396K) : heatres_drw has 123 polygons
2026-03-25 23:03:01 +0100: Memory Usage (986396K) : pempoly_drw has 0 polygons
2026-03-25 23:03:01 +0100: Memory Usage (986396K) : fbe_drw has 0 polygons
2026-03-25 23:03:01 +0100: Memory Usage (986396K) : empoly_drw has 0 polygons
2026-03-25 23:03:01 +0100: Memory Usage (986396K) : ldmos_drw has 0 polygons
2026-03-25 23:03:01 +0100: Memory Usage (986396K) : pbiwind_drw has 0 polygons
2026-03-25 23:03:01 +0100: Memory Usage (986396K) : digisub_drw has 0 polygons
2026-03-25 23:03:01 +0100: Memory Usage (986396K) : nodrc_drw has 0 polygons
2026-03-25 23:03:01 +0100: Memory Usage (986396K) : text_drw has 2543 polygons
2026-03-25 23:03:01 +0100: Memory Usage (986396K) : via4_drw has 163470 polygons
2026-03-25 23:03:01 +0100: Memory Usage (986396K) : metal5_drw has 91 polygons
2026-03-25 23:03:01 +0100: Memory Usage (986396K) : metal5_pin has 85 polygons
2026-03-25 23:03:01 +0100: Memory Usage (986396K) : metal5_mask has 0 polygons
2026-03-25 23:03:01 +0100: Memory Usage (986396K) : metal5_filler has 0 polygons
2026-03-25 23:03:01 +0100: Memory Usage (986396K) : metal5_nofill has 0 polygons
2026-03-25 23:03:01 +0100: Memory Usage (986396K) : metal5_slit has 0 polygons
2026-03-25 23:03:01 +0100: Memory Usage (986396K) : metal5_text has 1369 polygons
2026-03-25 23:03:01 +0100: Memory Usage (986396K) : metal5_opc has 0 polygons
2026-03-25 23:03:01 +0100: Memory Usage (986396K) : metal5_noqrc has 0 polygons
2026-03-25 23:03:01 +0100: Memory Usage (986396K) : metal5_res has 0 polygons
2026-03-25 23:03:01 +0100: Memory Usage (986396K) : metal5_iprobe has 0 polygons
2026-03-25 23:03:01 +0100: Memory Usage (986396K) : metal5_diffprb has 0 polygons
2026-03-25 23:03:01 +0100: Memory Usage (986396K) : radhard_drw has 0 polygons
2026-03-25 23:03:01 +0100: Memory Usage (986396K) : memcap_drw has 0 polygons
2026-03-25 23:03:01 +0100: Memory Usage (986396K) : varicap_drw has 0 polygons
2026-03-25 23:03:01 +0100: Memory Usage (986396K) : flash_drw has 0 polygons
2026-03-25 23:03:01 +0100: Memory Usage (986396K) : intbondvia_drw has 0 polygons
2026-03-25 23:03:01 +0100: Memory Usage (986396K) : intbondmet_drw has 0 polygons
2026-03-25 23:03:01 +0100: Memory Usage (986396K) : devbondvia_drw has 0 polygons
2026-03-25 23:03:01 +0100: Memory Usage (986396K) : devbondmet_drw has 0 polygons
2026-03-25 23:03:01 +0100: Memory Usage (986396K) : devtrench_drw has 0 polygons
2026-03-25 23:03:01 +0100: Memory Usage (986396K) : redist_drw has 0 polygons
2026-03-25 23:03:01 +0100: Memory Usage (986396K) : graphbot_drw has 0 polygons
2026-03-25 23:03:01 +0100: Memory Usage (986396K) : graphtop_drw has 0 polygons
2026-03-25 23:03:01 +0100: Memory Usage (986396K) : antvia1_drw has 0 polygons
2026-03-25 23:03:01 +0100: Memory Usage (986396K) : antmetal2_drw has 0 polygons
2026-03-25 23:03:01 +0100: Memory Usage (986396K) : graphcont_drw has 0 polygons
2026-03-25 23:03:01 +0100: Memory Usage (986396K) : siwg_drw has 0 polygons
2026-03-25 23:03:01 +0100: Memory Usage (986396K) : siwg_filler has 0 polygons
2026-03-25 23:03:01 +0100: Memory Usage (986396K) : siwg_nofill has 0 polygons
2026-03-25 23:03:01 +0100: Memory Usage (986396K) : sigrating_drw has 0 polygons
2026-03-25 23:03:01 +0100: Memory Usage (986396K) : singrating_drw has 0 polygons
2026-03-25 23:03:01 +0100: Memory Usage (986396K) : graphpas_drw has 0 polygons
2026-03-25 23:03:01 +0100: Memory Usage (986396K) : emwind3_drw has 0 polygons
2026-03-25 23:03:01 +0100: Memory Usage (986396K) : emwihv3_drw has 0 polygons
2026-03-25 23:03:01 +0100: Memory Usage (986396K) : redbulay_drw has 0 polygons
2026-03-25 23:03:01 +0100: Memory Usage (986396K) : smos_drw has 0 polygons
2026-03-25 23:03:01 +0100: Memory Usage (986396K) : graphpad_drw has 0 polygons
2026-03-25 23:03:01 +0100: Memory Usage (986396K) : polimide_drw has 0 polygons
2026-03-25 23:03:01 +0100: Memory Usage (986396K) : polimide_pin has 0 polygons
2026-03-25 23:03:01 +0100: Memory Usage (986396K) : recog_drw has 0 polygons
2026-03-25 23:03:01 +0100: Memory Usage (986396K) : recog_pin has 0 polygons
2026-03-25 23:03:01 +0100: Memory Usage (986396K) : recog_esd has 0 polygons
2026-03-25 23:03:01 +0100: Memory Usage (986396K) : recog_diode has 256 polygons
2026-03-25 23:03:01 +0100: Memory Usage (986396K) : recog_tsv has 0 polygons
2026-03-25 23:03:01 +0100: Memory Usage (986396K) : recog_iprobe has 0 polygons
2026-03-25 23:03:01 +0100: Memory Usage (986396K) : recog_diffprb has 0 polygons
2026-03-25 23:03:01 +0100: Memory Usage (986396K) : recog_pillar has 0 polygons
2026-03-25 23:03:01 +0100: Memory Usage (986396K) : recog_sbump has 0 polygons
2026-03-25 23:03:01 +0100: Memory Usage (986396K) : recog_otp has 0 polygons
2026-03-25 23:03:01 +0100: Memory Usage (986396K) : recog_pdiode has 0 polygons
2026-03-25 23:03:01 +0100: Memory Usage (986396K) : recog_mom has 0 polygons
2026-03-25 23:03:01 +0100: Memory Usage (986396K) : recog_pcm has 0 polygons
2026-03-25 23:03:01 +0100: Memory Usage (986396K) : colopen_drw has 0 polygons
2026-03-25 23:03:01 +0100: Memory Usage (986396K) : graphmetal1_drw has 0 polygons
2026-03-25 23:03:01 +0100: Memory Usage (986396K) : graphmetal1_filler has 0 polygons
2026-03-25 23:03:01 +0100: Memory Usage (986396K) : graphmetal1_nofill has 0 polygons
2026-03-25 23:03:01 +0100: Memory Usage (986396K) : graphmetal1_slit has 0 polygons
2026-03-25 23:03:01 +0100: Memory Usage (986396K) : graphmetal1_opc has 0 polygons
2026-03-25 23:03:01 +0100: Memory Usage (986396K) : graphmet1l_drw has 0 polygons
2026-03-25 23:03:01 +0100: Memory Usage (986396K) : graphmet1l_filler has 0 polygons
2026-03-25 23:03:01 +0100: Memory Usage (986396K) : graphmet1l_nofill has 0 polygons
2026-03-25 23:03:01 +0100: Memory Usage (986396K) : graphmet1l_slit has 0 polygons
2026-03-25 23:03:01 +0100: Memory Usage (986396K) : graphmet1l_opc has 0 polygons
2026-03-25 23:03:01 +0100: Memory Usage (986396K) : extblock_drw has 121 polygons
2026-03-25 23:03:01 +0100: Memory Usage (986396K) : nldd_drw has 0 polygons
2026-03-25 23:03:01 +0100: Memory Usage (986396K) : pldd_drw has 0 polygons
2026-03-25 23:03:01 +0100: Memory Usage (986396K) : next_drw has 0 polygons
2026-03-25 23:03:01 +0100: Memory Usage (986396K) : pext_drw has 0 polygons
2026-03-25 23:03:01 +0100: Memory Usage (986396K) : nexthv_drw has 0 polygons
2026-03-25 23:03:01 +0100: Memory Usage (986396K) : pexthv_drw has 0 polygons
2026-03-25 23:03:01 +0100: Memory Usage (986396K) : graphgate_drw has 0 polygons
2026-03-25 23:03:01 +0100: Memory Usage (986396K) : sinwg_drw has 0 polygons
2026-03-25 23:03:01 +0100: Memory Usage (986396K) : sinwg_filler has 0 polygons
2026-03-25 23:03:01 +0100: Memory Usage (986396K) : sinwg_nofill has 0 polygons
2026-03-25 23:03:01 +0100: Memory Usage (986396K) : mempad_drw has 0 polygons
2026-03-25 23:03:02 +0100: Memory Usage (986396K) : topvia1_drw has 138324 polygons
2026-03-25 23:03:02 +0100: Memory Usage (986396K) : topmetal1_drw has 72 polygons
2026-03-25 23:03:02 +0100: Memory Usage (986396K) : topmetal1_pin has 95 polygons
2026-03-25 23:03:02 +0100: Memory Usage (986396K) : topmetal1_mask has 0 polygons
2026-03-25 23:03:02 +0100: Memory Usage (986396K) : topmetal1_filler has 0 polygons
2026-03-25 23:03:02 +0100: Memory Usage (986396K) : topmetal1_nofill has 0 polygons
2026-03-25 23:03:02 +0100: Memory Usage (986396K) : topmetal1_slit has 0 polygons
2026-03-25 23:03:02 +0100: Memory Usage (986396K) : topmetal1_text has 1373 polygons
2026-03-25 23:03:02 +0100: Memory Usage (986396K) : topmetal1_noqrc has 0 polygons
2026-03-25 23:03:02 +0100: Memory Usage (986396K) : topmetal1_res has 0 polygons
2026-03-25 23:03:02 +0100: Memory Usage (986396K) : topmetal1_iprobe has 0 polygons
2026-03-25 23:03:02 +0100: Memory Usage (986396K) : topmetal1_diffprb has 0 polygons
2026-03-25 23:03:02 +0100: Memory Usage (986396K) : inldpwl_drw has 0 polygons
2026-03-25 23:03:02 +0100: Memory Usage (986396K) : polyres_drw has 323 polygons
2026-03-25 23:03:02 +0100: Memory Usage (986396K) : polyres_pin has 0 polygons
2026-03-25 23:03:02 +0100: Memory Usage (986396K) : vmim_drw has 578 polygons
2026-03-25 23:03:02 +0100: Memory Usage (986396K) : nbulaycut_drw has 0 polygons
2026-03-25 23:03:02 +0100: Memory Usage (986396K) : antmetal1_drw has 0 polygons
2026-03-25 23:03:02 +0100: Memory Usage (986396K) : topvia2_drw has 83328 polygons
2026-03-25 23:03:02 +0100: Memory Usage (986396K) : topmetal2_drw has 76 polygons
2026-03-25 23:03:02 +0100: Memory Usage (986396K) : topmetal2_pin has 106 polygons
2026-03-25 23:03:02 +0100: Memory Usage (986396K) : topmetal2_mask has 0 polygons
2026-03-25 23:03:02 +0100: Memory Usage (986396K) : topmetal2_filler has 0 polygons
2026-03-25 23:03:02 +0100: Memory Usage (986396K) : topmetal2_nofill has 0 polygons
2026-03-25 23:03:02 +0100: Memory Usage (986396K) : topmetal2_slit has 0 polygons
2026-03-25 23:03:02 +0100: Memory Usage (986396K) : topmetal2_text has 1078 polygons
2026-03-25 23:03:02 +0100: Memory Usage (986396K) : topmetal2_noqrc has 0 polygons
2026-03-25 23:03:02 +0100: Memory Usage (986396K) : topmetal2_res has 0 polygons
2026-03-25 23:03:02 +0100: Memory Usage (986396K) : topmetal2_iprobe has 0 polygons
2026-03-25 23:03:02 +0100: Memory Usage (986396K) : topmetal2_diffprb has 0 polygons
2026-03-25 23:03:02 +0100: Memory Usage (986396K) : snsring_drw has 0 polygons
2026-03-25 23:03:02 +0100: Memory Usage (986396K) : sensor_drw has 0 polygons
2026-03-25 23:03:02 +0100: Memory Usage (986396K) : snsarms_drw has 0 polygons
2026-03-25 23:03:02 +0100: Memory Usage (986396K) : snscmosvia_drw has 0 polygons
2026-03-25 23:03:02 +0100: Memory Usage (986396K) : colwind_drw has 0 polygons
2026-03-25 23:03:02 +0100: Memory Usage (986396K) : flm_drw has 0 polygons
2026-03-25 23:03:02 +0100: Memory Usage (986396K) : hafniumox_drw has 0 polygons
2026-03-25 23:03:02 +0100: Memory Usage (986396K) : memvia_drw has 0 polygons
2026-03-25 23:03:02 +0100: Memory Usage (986396K) : thinfilmres_drw has 0 polygons
2026-03-25 23:03:02 +0100: Memory Usage (986396K) : rfmem_drw has 0 polygons
2026-03-25 23:03:02 +0100: Memory Usage (986396K) : norcx_drw has 0 polygons
2026-03-25 23:03:02 +0100: Memory Usage (986396K) : norcx_m2m3 has 0 polygons
2026-03-25 23:03:02 +0100: Memory Usage (986396K) : norcx_m2m4 has 0 polygons
2026-03-25 23:03:02 +0100: Memory Usage (986396K) : norcx_m2m5 has 0 polygons
2026-03-25 23:03:02 +0100: Memory Usage (986396K) : norcx_m2tm1 has 0 polygons
2026-03-25 23:03:02 +0100: Memory Usage (986396K) : norcx_m2tm2 has 0 polygons
2026-03-25 23:03:02 +0100: Memory Usage (986396K) : norcx_m3m4 has 0 polygons
2026-03-25 23:03:02 +0100: Memory Usage (986396K) : norcx_m3m5 has 0 polygons
2026-03-25 23:03:02 +0100: Memory Usage (986396K) : norcx_m3tm1 has 0 polygons
2026-03-25 23:03:02 +0100: Memory Usage (986396K) : norcx_m3tm2 has 0 polygons
2026-03-25 23:03:02 +0100: Memory Usage (986396K) : norcx_m4m5 has 0 polygons
2026-03-25 23:03:02 +0100: Memory Usage (986396K) : norcx_m4tm1 has 0 polygons
2026-03-25 23:03:02 +0100: Memory Usage (986396K) : norcx_m4tm2 has 0 polygons
2026-03-25 23:03:02 +0100: Memory Usage (986396K) : norcx_m5tm1 has 0 polygons
2026-03-25 23:03:02 +0100: Memory Usage (986396K) : norcx_m5tm2 has 0 polygons
2026-03-25 23:03:02 +0100: Memory Usage (986396K) : norcx_tm1tm2 has 0 polygons
2026-03-25 23:03:02 +0100: Memory Usage (986396K) : norcx_m1sub has 0 polygons
2026-03-25 23:03:02 +0100: Memory Usage (986396K) : norcx_m2sub has 0 polygons
2026-03-25 23:03:02 +0100: Memory Usage (986396K) : norcx_m3sub has 0 polygons
2026-03-25 23:03:02 +0100: Memory Usage (986396K) : norcx_m4sub has 0 polygons
2026-03-25 23:03:02 +0100: Memory Usage (986396K) : norcx_m5sub has 0 polygons
2026-03-25 23:03:02 +0100: Memory Usage (986396K) : norcx_tm1sub has 0 polygons
2026-03-25 23:03:02 +0100: Memory Usage (986396K) : norcx_tm2sub has 0 polygons
2026-03-25 23:03:02 +0100: Memory Usage (986396K) : snsbotvia_drw has 0 polygons
2026-03-25 23:03:02 +0100: Memory Usage (986396K) : snstopvia_drw has 0 polygons
2026-03-25 23:03:02 +0100: Memory Usage (986396K) : deepvia_drw has 0 polygons
2026-03-25 23:03:02 +0100: Memory Usage (986396K) : fgetch_drw has 0 polygons
2026-03-25 23:03:02 +0100: Memory Usage (986396K) : ctrgat_drw has 0 polygons
2026-03-25 23:03:02 +0100: Memory Usage (986396K) : fgimp_drw has 0 polygons
2026-03-25 23:03:02 +0100: Memory Usage (986396K) : emwihv_drw has 0 polygons
2026-03-25 23:03:02 +0100: Memory Usage (986396K) : lbe_drw has 0 polygons
2026-03-25 23:03:02 +0100: Memory Usage (986396K) : alcustop_drw has 0 polygons
2026-03-25 23:03:02 +0100: Memory Usage (986396K) : nometfiller_drw has 0 polygons
2026-03-25 23:03:02 +0100: Memory Usage (986396K) : prboundary_drw has 0 polygons
2026-03-25 23:03:02 +0100: Memory Usage (986396K) : exchange0_drw has 0 polygons
2026-03-25 23:03:02 +0100: Memory Usage (986396K) : exchange0_pin has 0 polygons
2026-03-25 23:03:02 +0100: Memory Usage (986396K) : exchange0_text has 0 polygons
2026-03-25 23:03:02 +0100: Memory Usage (986396K) : exchange1_drw has 0 polygons
2026-03-25 23:03:02 +0100: Memory Usage (986396K) : exchange1_pin has 0 polygons
2026-03-25 23:03:02 +0100: Memory Usage (986396K) : exchange1_text has 0 polygons
2026-03-25 23:03:02 +0100: Memory Usage (986396K) : exchange2_drw has 0 polygons
2026-03-25 23:03:02 +0100: Memory Usage (986396K) : exchange2_pin has 0 polygons
2026-03-25 23:03:02 +0100: Memory Usage (986396K) : exchange2_text has 0 polygons
2026-03-25 23:03:02 +0100: Memory Usage (986396K) : exchange3_drw has 0 polygons
2026-03-25 23:03:02 +0100: Memory Usage (986396K) : exchange3_pin has 0 polygons
2026-03-25 23:03:02 +0100: Memory Usage (986396K) : exchange3_text has 0 polygons
2026-03-25 23:03:02 +0100: Memory Usage (986396K) : exchange4_drw has 0 polygons
2026-03-25 23:03:02 +0100: Memory Usage (986396K) : exchange4_pin has 0 polygons
2026-03-25 23:03:02 +0100: Memory Usage (986396K) : exchange4_text has 0 polygons
2026-03-25 23:03:02 +0100: Memory Usage (986396K) : isonwell_drw has 0 polygons
2026-03-25 23:03:02 +0100: Memory Usage (986396K) : Total no. of polygons in the design is 5233615
2026-03-25 23:03:02 +0100: Memory Usage (986396K) : Loaded TECH DRC rules values from /foss/pdks/ihp-sg13g2/libs.tech/klayout/python/sg13g2_pycell_lib/sg13g2_tech_mod.json
2026-03-25 23:03:02 +0100: Memory Usage (986396K) : Loaded default DRC rules values from /foss/pdks/ihp-sg13g2/libs.tech/klayout/tech/drc/rule_decks/sg13g2_tech_default.json
2026-03-25 23:03:02 +0100: Memory Usage (986396K) : The following rules values were missing in tech json and default values were used:
2026-03-25 23:03:02 +0100: Memory Usage (986396K) :   - Cnt_c_digibnd
2026-03-25 23:03:02 +0100: Memory Usage (986396K) : Total area of the design is 4000000.0 um^2.
2026-03-25 23:03:02 +0100: Memory Usage (986396K) : The design dimensions are 2000.0 µm * 2000.0 µm.
2026-03-25 23:03:02 +0100: Memory Usage (986396K) : Starting general IHP-SG13G2 derivations.
2026-03-25 23:03:02 +0100: Memory Usage (986396K) : Starting Pwell derivations
2026-03-25 23:03:02 +0100: Memory Usage (986396K) : Starting IHP-SG13G2 DRC rules.
2026-03-25 23:03:02 +0100: Memory Usage (986396K) : Starting 5.26 TopMetal2:filler table
2026-03-25 23:03:02 +0100: Memory Usage (986396K) : Tiling mode is enabled for TopMetal2:filler table.
2026-03-25 23:03:02 +0100: Memory Usage (986396K) : Executing rule TM2Fil.c
2026-03-25 23:03:03 +0100: Memory Usage (1034136K) : Executing rule TM2Fil.a1
2026-03-25 23:03:03 +0100: Memory Usage (1034136K) : flat mode is enabled after TopMetal2:filler table.
2026-03-25 23:03:03 +0100: Memory Usage (1034136K) : KLayout DRC run for tables 'topmetal2filler' completed in 27.35 seconds
